[ 2015-12-16T19:17:43+08:00 ] 127.0.0.1 /Mob/index.php/Index/register
INFO: [ route_check ] --START--
INFO: CheckRoute Behavior ::run [ RunTime:0.002000s ]
INFO: [ route_check ] --END-- [ RunTime:0.008001s ]
INFO: [ app_begin ] --START--
INFO: ReadHtmlCache Behavior ::run [ RunTime:0.002000s ]
INFO: [ app_begin ] --END-- [ RunTime:0.004000s ]
INFO: [ view_parse ] --START--
INFO: ParseTemplate Behavior ::run [ RunTime:0.017001s ]
INFO: [ view_parse ] --END-- [ RunTime:0.018001s ]
INFO: [ view_filter ] --START--
INFO: ContentReplace Behavior ::run [ RunTime:0.001000s ]
INFO: TokenBuild Behavior ::run [ RunTime:0.001000s ]
INFO: WriteHtmlCache Behavior ::run [ RunTime:0.001000s ]
INFO: ShowRuntime Behavior ::run [ RunTime:0.003000s ]
INFO: [ view_filter ] --END-- [ RunTime:0.006000s ]
INFO: [ view_end ] --START--
INFO: ShowPageTrace Behavior ::run [ RunTime:0.002000s ]
INFO: [ view_end ] --END-- [ RunTime:0.002000s ]

[ 2015-12-16T19:17:58+08:00 ] 127.0.0.1 /Mob/index.php?s=/Index/check_reg_mobile.html
INFO: [ route_check ] --START--
INFO: CheckRoute Behavior ::run [ RunTime:0.001000s ]
INFO: [ route_check ] --END-- [ RunTime:0.002001s ]
NOTIC: [2] htmlspecialchars() expects parameter 2 to be long, string given D:\wamp\www\ddkd\ThinkPHP\Lib\Core\App.class.php 第 56 行.
INFO: [ app_begin ] --START--
INFO: ReadHtmlCache Behavior ::run [ RunTime:0.001000s ]
INFO: [ app_begin ] --END-- [ RunTime:0.001000s ]
NOTIC: 建议使用I方法替代_post
SQL: SHOW COLUMNS FROM `dd_user` [ RunTime:0.064003s ]
SQL: SELECT `id` FROM `dd_user` WHERE ( `phone` = '18618162410' ) LIMIT 1   [ RunTime:0.035002s ]

[ 2015-12-16T19:17:58+08:00 ] 127.0.0.1 /Mob/index.php?s=/Index/check_reg_code.html
INFO: [ route_check ] --START--
INFO: CheckRoute Behavior ::run [ RunTime:0.001000s ]
INFO: [ route_check ] --END-- [ RunTime:0.002000s ]
NOTIC: [2] htmlspecialchars() expects parameter 2 to be long, string given D:\wamp\www\ddkd\ThinkPHP\Lib\Core\App.class.php 第 56 行.
NOTIC: [2] htmlspecialchars() expects parameter 2 to be long, string given D:\wamp\www\ddkd\ThinkPHP\Lib\Core\App.class.php 第 56 行.
INFO: [ app_begin ] --START--
INFO: ReadHtmlCache Behavior ::run [ RunTime:0.001001s ]
INFO: [ app_begin ] --END-- [ RunTime:0.002001s ]
NOTIC: 建议使用I方法替代_post
NOTIC: 建议使用I方法替代_post

[ 2015-12-16T19:18:00+08:00 ] 127.0.0.1 /Mob/index.php?s=/Index/check_reg_code.html
INFO: [ route_check ] --START--
INFO: CheckRoute Behavior ::run [ RunTime:0.002000s ]
INFO: [ route_check ] --END-- [ RunTime:0.002000s ]
NOTIC: [2] htmlspecialchars() expects parameter 2 to be long, string given D:\wamp\www\ddkd\ThinkPHP\Lib\Core\App.class.php 第 56 行.
NOTIC: [2] htmlspecialchars() expects parameter 2 to be long, string given D:\wamp\www\ddkd\ThinkPHP\Lib\Core\App.class.php 第 56 行.
INFO: [ app_begin ] --START--
INFO: ReadHtmlCache Behavior ::run [ RunTime:0.002000s ]
INFO: [ app_begin ] --END-- [ RunTime:0.002000s ]
NOTIC: 建议使用I方法替代_post
NOTIC: 建议使用I方法替代_post

[ 2015-12-16T19:18:00+08:00 ] 127.0.0.1 /Mob/index.php?s=/Index/send_message.html
INFO: [ route_check ] --START--
INFO: CheckRoute Behavior ::run [ RunTime:0.002000s ]
INFO: [ route_check ] --END-- [ RunTime:0.002000s ]
NOTIC: [2] htmlspecialchars() expects parameter 2 to be long, string given D:\wamp\www\ddkd\ThinkPHP\Lib\Core\App.class.php 第 56 行.
NOTIC: [2] htmlspecialchars() expects parameter 2 to be long, string given D:\wamp\www\ddkd\ThinkPHP\Lib\Core\App.class.php 第 56 行.
INFO: [ app_begin ] --START--
INFO: ReadHtmlCache Behavior ::run [ RunTime:0.002000s ]
INFO: [ app_begin ] --END-- [ RunTime:0.002000s ]
NOTIC: 建议使用I方法替代_post
NOTIC: 建议使用I方法替代_post

[ 2015-12-16T19:18:15+08:00 ] 127.0.0.1 /Mob/index.php/Index/register
INFO: [ route_check ] --START--
INFO: CheckRoute Behavior ::run [ RunTime:0.002000s ]
INFO: [ route_check ] --END-- [ RunTime:0.003001s ]
INFO: [ app_begin ] --START--
INFO: ReadHtmlCache Behavior ::run [ RunTime:0.002000s ]
INFO: [ app_begin ] --END-- [ RunTime:0.002000s ]
INFO: [ view_parse ] --START--
INFO: ParseTemplate Behavior ::run [ RunTime:0.025002s ]
INFO: [ view_parse ] --END-- [ RunTime:0.027002s ]
INFO: [ view_filter ] --START--
INFO: ContentReplace Behavior ::run [ RunTime:0.002000s ]
INFO: TokenBuild Behavior ::run [ RunTime:0.001000s ]
INFO: WriteHtmlCache Behavior ::run [ RunTime:0.001000s ]
INFO: ShowRuntime Behavior ::run [ RunTime:0.001000s ]
INFO: [ view_filter ] --END-- [ RunTime:0.006000s ]
INFO: [ view_end ] --START--
INFO: ShowPageTrace Behavior ::run [ RunTime:0.002000s ]
INFO: [ view_end ] --END-- [ RunTime:0.002000s ]

[ 2015-12-16T19:18:21+08:00 ] 127.0.0.1 /Mob/index.php?s=/Index/check_reg_mobile.html
INFO: [ route_check ] --START--
INFO: CheckRoute Behavior ::run [ RunTime:0.002000s ]
INFO: [ route_check ] --END-- [ RunTime:0.002000s ]
NOTIC: [2] htmlspecialchars() expects parameter 2 to be long, string given D:\wamp\www\ddkd\ThinkPHP\Lib\Core\App.class.php 第 56 行.
INFO: [ app_begin ] --START--
INFO: ReadHtmlCache Behavior ::run [ RunTime:0.002000s ]
INFO: [ app_begin ] --END-- [ RunTime:0.002000s ]
NOTIC: 建议使用I方法替代_post
SQL: SHOW COLUMNS FROM `dd_user` [ RunTime:0.037002s ]
SQL: SELECT `id` FROM `dd_user` WHERE ( `phone` = '18618162410' ) LIMIT 1   [ RunTime:0.036002s ]

[ 2015-12-16T19:18:21+08:00 ] 127.0.0.1 /Mob/index.php?s=/Index/send_message.html
INFO: [ route_check ] --START--
INFO: CheckRoute Behavior ::run [ RunTime:0.006000s ]
INFO: [ route_check ] --END-- [ RunTime:0.006000s ]
NOTIC: [2] htmlspecialchars() expects parameter 2 to be long, string given D:\wamp\www\ddkd\ThinkPHP\Lib\Core\App.class.php 第 56 行.
NOTIC: [2] htmlspecialchars() expects parameter 2 to be long, string given D:\wamp\www\ddkd\ThinkPHP\Lib\Core\App.class.php 第 56 行.
INFO: [ app_begin ] --START--
INFO: ReadHtmlCache Behavior ::run [ RunTime:0.001000s ]
INFO: [ app_begin ] --END-- [ RunTime:0.001000s ]
NOTIC: 建议使用I方法替代_post
NOTIC: 建议使用I方法替代_post

[ 2015-12-16T19:18:43+08:00 ] 127.0.0.1 /Mob/index.php/Index/register
INFO: [ route_check ] --START--
INFO: CheckRoute Behavior ::run [ RunTime:0.002000s ]
INFO: [ route_check ] --END-- [ RunTime:0.002000s ]
INFO: [ app_begin ] --START--
INFO: ReadHtmlCache Behavior ::run [ RunTime:0.002000s ]
INFO: [ app_begin ] --END-- [ RunTime:0.002000s ]
INFO: [ view_parse ] --START--
INFO: ParseTemplate Behavior ::run [ RunTime:0.016001s ]
INFO: [ view_parse ] --END-- [ RunTime:0.017001s ]
INFO: [ view_filter ] --START--
INFO: ContentReplace Behavior ::run [ RunTime:0.002000s ]
INFO: TokenBuild Behavior ::run [ RunTime:0.003000s ]
INFO: WriteHtmlCache Behavior ::run [ RunTime:0.001000s ]
INFO: ShowRuntime Behavior ::run [ RunTime:0.002000s ]
INFO: [ view_filter ] --END-- [ RunTime:0.009000s ]
INFO: [ view_end ] --START--
INFO: ShowPageTrace Behavior ::run [ RunTime:0.001000s ]
INFO: [ view_end ] --END-- [ RunTime:0.002000s ]

[ 2015-12-16T19:18:49+08:00 ] 127.0.0.1 /Mob/index.php?s=/Index/check_reg_mobile.html
INFO: [ route_check ] --START--
INFO: CheckRoute Behavior ::run [ RunTime:0.001000s ]
INFO: [ route_check ] --END-- [ RunTime:0.002000s ]
NOTIC: [2] htmlspecialchars() expects parameter 2 to be long, string given D:\wamp\www\ddkd\ThinkPHP\Lib\Core\App.class.php 第 56 行.
INFO: [ app_begin ] --START--
INFO: ReadHtmlCache Behavior ::run [ RunTime:0.002000s ]
INFO: [ app_begin ] --END-- [ RunTime:0.002000s ]
NOTIC: 建议使用I方法替代_post
SQL: SHOW COLUMNS FROM `dd_user` [ RunTime:0.050003s ]
SQL: SELECT `id` FROM `dd_user` WHERE ( `phone` = '18618162410' ) LIMIT 1   [ RunTime:0.048003s ]

[ 2015-12-16T19:18:50+08:00 ] 127.0.0.1 /Mob/index.php?s=/Index/send_message.html
INFO: [ route_check ] --START--
INFO: CheckRoute Behavior ::run [ RunTime:0.002000s ]
INFO: [ route_check ] --END-- [ RunTime:0.002000s ]
NOTIC: [2] htmlspecialchars() expects parameter 2 to be long, string given D:\wamp\www\ddkd\ThinkPHP\Lib\Core\App.class.php 第 56 行.
NOTIC: [2] htmlspecialchars() expects parameter 2 to be long, string given D:\wamp\www\ddkd\ThinkPHP\Lib\Core\App.class.php 第 56 行.
INFO: [ app_begin ] --START--
INFO: ReadHtmlCache Behavior ::run [ RunTime:0.001000s ]
INFO: [ app_begin ] --END-- [ RunTime:0.002001s ]
NOTIC: 建议使用I方法替代_post
NOTIC: 建议使用I方法替代_post

[ 2015-12-16T19:20:23+08:00 ] 127.0.0.1 /Mob/index.php/Index/register
INFO: [ route_check ] --START--
INFO: CheckRoute Behavior ::run [ RunTime:0.002000s ]
INFO: [ route_check ] --END-- [ RunTime:0.002000s ]
INFO: [ app_begin ] --START--
INFO: ReadHtmlCache Behavior ::run [ RunTime:0.001001s ]
INFO: [ app_begin ] --END-- [ RunTime:0.002001s ]
INFO: [ view_parse ] --START--
INFO: ParseTemplate Behavior ::run [ RunTime:0.029001s ]
INFO: [ view_parse ] --END-- [ RunTime:0.030001s ]
INFO: [ view_filter ] --START--
INFO: ContentReplace Behavior ::run [ RunTime:0.001000s ]
INFO: TokenBuild Behavior ::run [ RunTime:0.002000s ]
INFO: WriteHtmlCache Behavior ::run [ RunTime:0.001000s ]
INFO: ShowRuntime Behavior ::run [ RunTime:0.002000s ]
INFO: [ view_filter ] --END-- [ RunTime:0.009000s ]
INFO: [ view_end ] --START--
INFO: ShowPageTrace Behavior ::run [ RunTime:0.002000s ]
INFO: [ view_end ] --END-- [ RunTime:0.002000s ]

[ 2015-12-16T19:20:29+08:00 ] 127.0.0.1 /Mob/index.php?s=/Index/check_reg_mobile.html
INFO: [ route_check ] --START--
INFO: CheckRoute Behavior ::run [ RunTime:0.002000s ]
INFO: [ route_check ] --END-- [ RunTime:0.002000s ]
NOTIC: [2] htmlspecialchars() expects parameter 2 to be long, string given D:\wamp\www\ddkd\ThinkPHP\Lib\Core\App.class.php 第 56 行.
INFO: [ app_begin ] --START--
INFO: ReadHtmlCache Behavior ::run [ RunTime:0.001000s ]
INFO: [ app_begin ] --END-- [ RunTime:0.001000s ]
NOTIC: 建议使用I方法替代_post
SQL: SHOW COLUMNS FROM `dd_user` [ RunTime:0.066003s ]
SQL: SELECT `id` FROM `dd_user` WHERE ( `phone` = '18618162410' ) LIMIT 1   [ RunTime:0.063003s ]

[ 2015-12-16T19:20:29+08:00 ] 127.0.0.1 /Mob/index.php?s=/Index/send_message.html
INFO: [ route_check ] --START--
INFO: CheckRoute Behavior ::run [ RunTime:0.003000s ]
INFO: [ route_check ] --END-- [ RunTime:0.003000s ]
NOTIC: [2] htmlspecialchars() expects parameter 2 to be long, string given D:\wamp\www\ddkd\ThinkPHP\Lib\Core\App.class.php 第 56 行.
NOTIC: [2] htmlspecialchars() expects parameter 2 to be long, string given D:\wamp\www\ddkd\ThinkPHP\Lib\Core\App.class.php 第 56 行.
INFO: [ app_begin ] --START--
INFO: ReadHtmlCache Behavior ::run [ RunTime:0.002001s ]
INFO: [ app_begin ] --END-- [ RunTime:0.002001s ]
NOTIC: 建议使用I方法替代_post
NOTIC: 建议使用I方法替代_post

