[ 2016-01-04T10:19:48+08:00 ] 127.0.0.1 /Mob/index.php/Apply/apply
INFO: [ route_check ] --START--
INFO: CheckRoute Behavior ::run [ RunTime:0.001000s ]
INFO: [ route_check ] --END-- [ RunTime:0.001000s ]
INFO: [ app_begin ] --START--
INFO: ReadHtmlCache Behavior ::run [ RunTime:0.001000s ]
INFO: [ app_begin ] --END-- [ RunTime:0.001000s ]
NOTIC: 建议使用I方法替代_get
SQL: SHOW COLUMNS FROM `dd_user` [ RunTime:0.038002s ]
SQL: SHOW COLUMNS FROM `dd_userdetail` [ RunTime:0.039002s ]
SQL: SELECT `bank_no`,`bank_local` FROM `dd_userdetail` WHERE ( uid= ) LIMIT 1   [ RunTime:0.034002s ]
ERR: 1064:You have an error in your SQL syntax; check the manual that corresponds to your MySQL server version for the right syntax to use near ') LIMIT 1' at line 1
 [ SQL语句 ] : SELECT `bank_no`,`bank_local` FROM `dd_userdetail` WHERE ( uid= ) LIMIT 1  
SQL: SELECT `name`,`card_no` FROM `dd_user` WHERE ( id= ) LIMIT 1   [ RunTime:0.037002s ]
ERR: 1064:You have an error in your SQL syntax; check the manual that corresponds to your MySQL server version for the right syntax to use near ') LIMIT 1' at line 1
 [ SQL语句 ] : SELECT `name`,`card_no` FROM `dd_user` WHERE ( id= ) LIMIT 1  
NOTIC: [8] Undefined index: money D:\wamp\www\ddkd\Mob\Lib\Action\ApplyAction.class.php 第 158 行.
NOTIC: [8] Undefined index: money D:\wamp\www\ddkd\Mob\Lib\Action\ApplyAction.class.php 第 160 行.
NOTIC: [8] Undefined index: month D:\wamp\www\ddkd\Mob\Lib\Action\ApplyAction.class.php 第 160 行.
NOTIC: [8] Undefined index: month D:\wamp\www\ddkd\Mob\Lib\Action\ApplyAction.class.php 第 162 行.
NOTIC: [2] Division by zero D:\wamp\www\ddkd\Mob\Lib\Action\ApplyAction.class.php 第 163 行.
NOTIC: [8] Undefined index: month D:\wamp\www\ddkd\Mob\Lib\Action\ApplyAction.class.php 第 166 行.
NOTIC: [8] Undefined variable: new_arr D:\wamp\www\ddkd\Mob\Lib\Action\ApplyAction.class.php 第 174 行.
INFO: [ view_parse ] --START--
NOTIC: [8] Undefined index: name D:\wamp\www\ddkd\Mob\Runtime\Cache\4cdeb8961f405ddc67d2b4ff00ecbe41.php 第 88 行.
NOTIC: [8] Undefined index: card_no D:\wamp\www\ddkd\Mob\Runtime\Cache\4cdeb8961f405ddc67d2b4ff00ecbe41.php 第 89 行.
NOTIC: [8] Undefined index: money D:\wamp\www\ddkd\Mob\Runtime\Cache\4cdeb8961f405ddc67d2b4ff00ecbe41.php 第 98 行.
NOTIC: [8] Undefined index: month D:\wamp\www\ddkd\Mob\Runtime\Cache\4cdeb8961f405ddc67d2b4ff00ecbe41.php 第 99 行.
INFO: ParseTemplate Behavior ::run [ RunTime:0.029002s ]
INFO: [ view_parse ] --END-- [ RunTime:0.029002s ]
INFO: [ view_filter ] --START--
INFO: ContentReplace Behavior ::run [ RunTime:0.002000s ]
INFO: TokenBuild Behavior ::run [ RunTime:0.000000s ]
INFO: WriteHtmlCache Behavior ::run [ RunTime:0.000000s ]
INFO: ShowRuntime Behavior ::run [ RunTime:0.001000s ]
INFO: [ view_filter ] --END-- [ RunTime:0.004000s ]
INFO: [ view_end ] --START--
INFO: ShowPageTrace Behavior ::run [ RunTime:0.001000s ]
INFO: [ view_end ] --END-- [ RunTime:0.001000s ]

[ 2016-01-04T10:20:12+08:00 ] 127.0.0.1 /Mob/index.php/Apply/bankinfo
INFO: [ route_check ] --START--
INFO: CheckRoute Behavior ::run [ RunTime:0.002000s ]
INFO: [ route_check ] --END-- [ RunTime:0.003000s ]
INFO: [ app_begin ] --START--
INFO: ReadHtmlCache Behavior ::run [ RunTime:0.002000s ]
INFO: [ app_begin ] --END-- [ RunTime:0.002000s ]
NOTIC: 建议使用I方法替代_get
INFO: [ view_parse ] --START--
INFO: ParseTemplate Behavior ::run [ RunTime:0.016001s ]
INFO: [ view_parse ] --END-- [ RunTime:0.016001s ]
INFO: [ view_filter ] --START--
INFO: ContentReplace Behavior ::run [ RunTime:0.001000s ]
INFO: TokenBuild Behavior ::run [ RunTime:0.001000s ]
INFO: WriteHtmlCache Behavior ::run [ RunTime:0.001000s ]
INFO: ShowRuntime Behavior ::run [ RunTime:0.001001s ]
INFO: [ view_filter ] --END-- [ RunTime:0.004001s ]
INFO: [ view_end ] --START--
INFO: ShowPageTrace Behavior ::run [ RunTime:0.000000s ]
INFO: [ view_end ] --END-- [ RunTime:0.002000s ]

[ 2016-01-04T10:21:09+08:00 ] 127.0.0.1 /Mob/index.php/Apply/apply
INFO: [ route_check ] --START--
INFO: CheckRoute Behavior ::run [ RunTime:0.001000s ]
INFO: [ route_check ] --END-- [ RunTime:0.003000s ]
INFO: [ app_begin ] --START--
INFO: ReadHtmlCache Behavior ::run [ RunTime:0.001000s ]
INFO: [ app_begin ] --END-- [ RunTime:0.002000s ]
NOTIC: 建议使用I方法替代_get
SQL: SHOW COLUMNS FROM `dd_user` [ RunTime:0.041002s ]
SQL: SHOW COLUMNS FROM `dd_userdetail` [ RunTime:0.038002s ]
SQL: SELECT `bank_no`,`bank_local` FROM `dd_userdetail` WHERE ( uid= ) LIMIT 1   [ RunTime:0.039003s ]
ERR: 1064:You have an error in your SQL syntax; check the manual that corresponds to your MySQL server version for the right syntax to use near ') LIMIT 1' at line 1
 [ SQL语句 ] : SELECT `bank_no`,`bank_local` FROM `dd_userdetail` WHERE ( uid= ) LIMIT 1  
SQL: SELECT `name`,`card_no` FROM `dd_user` WHERE ( id= ) LIMIT 1   [ RunTime:0.041002s ]
ERR: 1064:You have an error in your SQL syntax; check the manual that corresponds to your MySQL server version for the right syntax to use near ') LIMIT 1' at line 1
 [ SQL语句 ] : SELECT `name`,`card_no` FROM `dd_user` WHERE ( id= ) LIMIT 1  
NOTIC: [8] Undefined index: money D:\wamp\www\ddkd\Mob\Lib\Action\ApplyAction.class.php 第 158 行.
NOTIC: [8] Undefined index: money D:\wamp\www\ddkd\Mob\Lib\Action\ApplyAction.class.php 第 160 行.
NOTIC: [8] Undefined index: month D:\wamp\www\ddkd\Mob\Lib\Action\ApplyAction.class.php 第 160 行.
NOTIC: [8] Undefined index: month D:\wamp\www\ddkd\Mob\Lib\Action\ApplyAction.class.php 第 162 行.
NOTIC: [2] Division by zero D:\wamp\www\ddkd\Mob\Lib\Action\ApplyAction.class.php 第 163 行.
NOTIC: [8] Undefined index: month D:\wamp\www\ddkd\Mob\Lib\Action\ApplyAction.class.php 第 166 行.
NOTIC: [8] Undefined variable: new_arr D:\wamp\www\ddkd\Mob\Lib\Action\ApplyAction.class.php 第 174 行.
INFO: [ view_parse ] --START--
NOTIC: [8] Undefined index: name D:\wamp\www\ddkd\Mob\Runtime\Cache\4cdeb8961f405ddc67d2b4ff00ecbe41.php 第 88 行.
NOTIC: [8] Undefined index: card_no D:\wamp\www\ddkd\Mob\Runtime\Cache\4cdeb8961f405ddc67d2b4ff00ecbe41.php 第 89 行.
NOTIC: [8] Undefined index: money D:\wamp\www\ddkd\Mob\Runtime\Cache\4cdeb8961f405ddc67d2b4ff00ecbe41.php 第 98 行.
NOTIC: [8] Undefined index: month D:\wamp\www\ddkd\Mob\Runtime\Cache\4cdeb8961f405ddc67d2b4ff00ecbe41.php 第 99 行.
INFO: ParseTemplate Behavior ::run [ RunTime:0.024002s ]
INFO: [ view_parse ] --END-- [ RunTime:0.024002s ]
INFO: [ view_filter ] --START--
INFO: ContentReplace Behavior ::run [ RunTime:0.002000s ]
INFO: TokenBuild Behavior ::run [ RunTime:0.001000s ]
INFO: WriteHtmlCache Behavior ::run [ RunTime:0.001000s ]
INFO: ShowRuntime Behavior ::run [ RunTime:0.001000s ]
INFO: [ view_filter ] --END-- [ RunTime:0.005000s ]
INFO: [ view_end ] --START--
INFO: ShowPageTrace Behavior ::run [ RunTime:0.001000s ]
INFO: [ view_end ] --END-- [ RunTime:0.001000s ]

[ 2016-01-04T10:22:29+08:00 ] 127.0.0.1 /Mob/index.php?s=/Apply/deal.html
INFO: [ route_check ] --START--
INFO: CheckRoute Behavior ::run [ RunTime:0.002000s ]
INFO: [ route_check ] --END-- [ RunTime:0.003000s ]
INFO: [ app_begin ] --START--
INFO: ReadHtmlCache Behavior ::run [ RunTime:0.001000s ]
INFO: [ app_begin ] --END-- [ RunTime:0.001000s ]
NOTIC: 建议使用I方法替代_get
SQL: SHOW COLUMNS FROM `dd_user` [ RunTime:0.041002s ]
SQL: SELECT `card_no`,`name` FROM `dd_user` WHERE ( id= ) LIMIT 1   [ RunTime:0.038003s ]
ERR: 1064:You have an error in your SQL syntax; check the manual that corresponds to your MySQL server version for the right syntax to use near ') LIMIT 1' at line 1
 [ SQL语句 ] : SELECT `card_no`,`name` FROM `dd_user` WHERE ( id= ) LIMIT 1  
NOTIC: [8] Undefined variable: member D:\wamp\www\ddkd\Mob\Lib\Action\ApplyAction.class.php 第 193 行.
NOTIC: [2] Division by zero D:\wamp\www\ddkd\Mob\Lib\Action\ApplyAction.class.php 第 193 行.
NOTIC: [8] Undefined variable: new_arr D:\wamp\www\ddkd\Mob\Lib\Action\ApplyAction.class.php 第 205 行.
INFO: [ view_parse ] --START--
INFO: ParseTemplate Behavior ::run [ RunTime:0.022001s ]
INFO: [ view_parse ] --END-- [ RunTime:0.022001s ]
INFO: [ view_filter ] --START--
INFO: ContentReplace Behavior ::run [ RunTime:0.002000s ]
INFO: TokenBuild Behavior ::run [ RunTime:0.000000s ]
INFO: WriteHtmlCache Behavior ::run [ RunTime:0.000000s ]
INFO: ShowRuntime Behavior ::run [ RunTime:0.002000s ]
INFO: [ view_filter ] --END-- [ RunTime:0.005000s ]
INFO: [ view_end ] --START--
INFO: ShowPageTrace Behavior ::run [ RunTime:0.001000s ]
INFO: [ view_end ] --END-- [ RunTime:0.001000s ]

[ 2016-01-04T20:48:53+08:00 ] 127.0.0.1 /Mob/index.php/Index/reg_sub
INFO: [ route_check ] --START--
INFO: CheckRoute Behavior ::run [ RunTime:0.002000s ]
INFO: [ route_check ] --END-- [ RunTime:0.004000s ]
INFO: [ app_begin ] --START--
INFO: ReadHtmlCache Behavior ::run [ RunTime:0.002001s ]
INFO: [ app_begin ] --END-- [ RunTime:0.002001s ]
NOTIC: [2] file_get_contents(http://tcc.taobao.com/cc/json/mobile_tel_segment.htm?tel=18618162410): failed to open stream: Unable to find the socket transport &quot;ssl&quot; - did you forget to enable it when you configured PHP? D:\wamp\www\ddkd\Mob\Lib\Action\IndexAction.class.php 第 176 行.

[ 2016-01-04T20:49:08+08:00 ] 127.0.0.1 /Mob/index.php/Index/reg_sub
INFO: [ route_check ] --START--
INFO: CheckRoute Behavior ::run [ RunTime:0.002000s ]
INFO: [ route_check ] --END-- [ RunTime:0.002000s ]
INFO: [ app_begin ] --START--
INFO: ReadHtmlCache Behavior ::run [ RunTime:0.002000s ]
INFO: [ app_begin ] --END-- [ RunTime:0.002000s ]
NOTIC: [2] file_get_contents(http://tcc.taobao.com/cc/json/mobile_tel_segment.htm?tel=18618162410): failed to open stream: Unable to find the socket transport &quot;ssl&quot; - did you forget to enable it when you configured PHP? D:\wamp\www\ddkd\Mob\Lib\Action\IndexAction.class.php 第 176 行.

[ 2016-01-04T20:49:19+08:00 ] 127.0.0.1 /Mob/index.php/Index/reg_sub
INFO: [ route_check ] --START--
INFO: CheckRoute Behavior ::run [ RunTime:0.001000s ]
INFO: [ route_check ] --END-- [ RunTime:0.002000s ]
INFO: [ app_begin ] --START--
INFO: ReadHtmlCache Behavior ::run [ RunTime:0.003000s ]
INFO: [ app_begin ] --END-- [ RunTime:0.004000s ]
NOTIC: [2] file_get_contents(http://tcc.taobao.com/cc/json/mobile_tel_segment.htm?tel=18618162410): failed to open stream: Unable to find the socket transport &quot;ssl&quot; - did you forget to enable it when you configured PHP? D:\wamp\www\ddkd\Mob\Lib\Action\IndexAction.class.php 第 176 行.

[ 2016-01-04T20:50:39+08:00 ] 127.0.0.1 /Mob/index.php/Index/reg_sub
INFO: [ route_check ] --START--
INFO: CheckRoute Behavior ::run [ RunTime:0.001001s ]
INFO: [ route_check ] --END-- [ RunTime:0.001001s ]
INFO: [ app_begin ] --START--
INFO: ReadHtmlCache Behavior ::run [ RunTime:0.001000s ]
INFO: [ app_begin ] --END-- [ RunTime:0.001000s ]
NOTIC: [2] file_get_contents(http://tcc.taobao.com/cc/json/mobile_tel_segment.htm?tel=18618162410): failed to open stream: Unable to find the socket transport &quot;ssl&quot; - did you forget to enable it when you configured PHP? D:\wamp\www\ddkd\Mob\Lib\Action\IndexAction.class.php 第 176 行.

[ 2016-01-04T20:50:40+08:00 ] 127.0.0.1 /Mob/index.php/Index/reg_sub
INFO: [ route_check ] --START--
INFO: CheckRoute Behavior ::run [ RunTime:0.001000s ]
INFO: [ route_check ] --END-- [ RunTime:0.001000s ]
INFO: [ app_begin ] --START--
INFO: ReadHtmlCache Behavior ::run [ RunTime:0.001000s ]
INFO: [ app_begin ] --END-- [ RunTime:0.001000s ]
NOTIC: [2] file_get_contents(http://tcc.taobao.com/cc/json/mobile_tel_segment.htm?tel=18618162410): failed to open stream: Unable to find the socket transport &quot;ssl&quot; - did you forget to enable it when you configured PHP? D:\wamp\www\ddkd\Mob\Lib\Action\IndexAction.class.php 第 176 行.

[ 2016-01-04T20:51:58+08:00 ] 127.0.0.1 /Mob/index.php/Index/reg_sub
INFO: [ route_check ] --START--
INFO: CheckRoute Behavior ::run [ RunTime:0.002000s ]
INFO: [ route_check ] --END-- [ RunTime:0.002000s ]
INFO: [ app_begin ] --START--
INFO: ReadHtmlCache Behavior ::run [ RunTime:0.002000s ]
INFO: [ app_begin ] --END-- [ RunTime:0.002000s ]

[ 2016-01-04T20:52:11+08:00 ] 127.0.0.1 /Mob/index.php/Index/reg_sub
INFO: [ route_check ] --START--
INFO: CheckRoute Behavior ::run [ RunTime:0.002000s ]
INFO: [ route_check ] --END-- [ RunTime:0.002000s ]
INFO: [ app_begin ] --START--
INFO: ReadHtmlCache Behavior ::run [ RunTime:0.001000s ]
INFO: [ app_begin ] --END-- [ RunTime:0.001000s ]
NOTIC: [2] file_get_contents(http://tcc.taobao.com/cc/json/mobile_tel_segment.htm?tel=15018788111&amp;t=1451911931): failed to open stream: Unable to find the socket transport &quot;ssl&quot; - did you forget to enable it when you configured PHP? D:\wamp\www\ddkd\Mob\Lib\Action\IndexAction.class.php 第 199 行.

[ 2016-01-04T20:52:14+08:00 ] 127.0.0.1 /Mob/index.php/Index/reg_sub
INFO: [ route_check ] --START--
INFO: CheckRoute Behavior ::run [ RunTime:0.001000s ]
INFO: [ route_check ] --END-- [ RunTime:0.002000s ]
INFO: [ app_begin ] --START--
INFO: ReadHtmlCache Behavior ::run [ RunTime:0.001000s ]
INFO: [ app_begin ] --END-- [ RunTime:0.001000s ]
NOTIC: [2] file_get_contents(http://tcc.taobao.com/cc/json/mobile_tel_segment.htm?tel=15018788111&amp;t=1451911934): failed to open stream: Unable to find the socket transport &quot;ssl&quot; - did you forget to enable it when you configured PHP? D:\wamp\www\ddkd\Mob\Lib\Action\IndexAction.class.php 第 199 行.

[ 2016-01-04T20:52:15+08:00 ] 127.0.0.1 /Mob/index.php/Index/reg_sub
INFO: [ route_check ] --START--
INFO: CheckRoute Behavior ::run [ RunTime:0.006000s ]
INFO: [ route_check ] --END-- [ RunTime:0.007000s ]
INFO: [ app_begin ] --START--
INFO: ReadHtmlCache Behavior ::run [ RunTime:0.001000s ]
INFO: [ app_begin ] --END-- [ RunTime:0.001000s ]
NOTIC: [2] file_get_contents(http://tcc.taobao.com/cc/json/mobile_tel_segment.htm?tel=15018788111&amp;t=1451911935): failed to open stream: Unable to find the socket transport &quot;ssl&quot; - did you forget to enable it when you configured PHP? D:\wamp\www\ddkd\Mob\Lib\Action\IndexAction.class.php 第 199 行.

[ 2016-01-04T20:52:15+08:00 ] 127.0.0.1 /Mob/index.php/Index/reg_sub
INFO: [ route_check ] --START--
INFO: CheckRoute Behavior ::run [ RunTime:0.003000s ]
INFO: [ route_check ] --END-- [ RunTime:0.004000s ]
INFO: [ app_begin ] --START--
INFO: ReadHtmlCache Behavior ::run [ RunTime:0.001000s ]
INFO: [ app_begin ] --END-- [ RunTime:0.001000s ]
NOTIC: [2] file_get_contents(http://tcc.taobao.com/cc/json/mobile_tel_segment.htm?tel=15018788111&amp;t=1451911935): failed to open stream: Unable to find the socket transport &quot;ssl&quot; - did you forget to enable it when you configured PHP? D:\wamp\www\ddkd\Mob\Lib\Action\IndexAction.class.php 第 199 行.

[ 2016-01-04T20:52:16+08:00 ] 127.0.0.1 /Mob/index.php/Index/reg_sub
INFO: [ route_check ] --START--
INFO: CheckRoute Behavior ::run [ RunTime:0.002000s ]
INFO: [ route_check ] --END-- [ RunTime:0.002000s ]
INFO: [ app_begin ] --START--
INFO: ReadHtmlCache Behavior ::run [ RunTime:0.002001s ]
INFO: [ app_begin ] --END-- [ RunTime:0.002001s ]
NOTIC: [2] file_get_contents(http://tcc.taobao.com/cc/json/mobile_tel_segment.htm?tel=15018788111&amp;t=1451911935): failed to open stream: Unable to find the socket transport &quot;ssl&quot; - did you forget to enable it when you configured PHP? D:\wamp\www\ddkd\Mob\Lib\Action\IndexAction.class.php 第 199 行.

[ 2016-01-04T20:52:16+08:00 ] 127.0.0.1 /Mob/index.php/Index/reg_sub
INFO: [ route_check ] --START--
INFO: CheckRoute Behavior ::run [ RunTime:0.002000s ]
INFO: [ route_check ] --END-- [ RunTime:0.002000s ]
INFO: [ app_begin ] --START--
INFO: ReadHtmlCache Behavior ::run [ RunTime:0.001000s ]
INFO: [ app_begin ] --END-- [ RunTime:0.002000s ]
NOTIC: [2] file_get_contents(http://tcc.taobao.com/cc/json/mobile_tel_segment.htm?tel=15018788111&amp;t=1451911936): failed to open stream: Unable to find the socket transport &quot;ssl&quot; - did you forget to enable it when you configured PHP? D:\wamp\www\ddkd\Mob\Lib\Action\IndexAction.class.php 第 199 行.

[ 2016-01-04T20:52:16+08:00 ] 127.0.0.1 /Mob/index.php/Index/reg_sub
INFO: [ route_check ] --START--
INFO: CheckRoute Behavior ::run [ RunTime:0.002000s ]
INFO: [ route_check ] --END-- [ RunTime:0.002000s ]
INFO: [ app_begin ] --START--
INFO: ReadHtmlCache Behavior ::run [ RunTime:0.001000s ]
INFO: [ app_begin ] --END-- [ RunTime:0.002000s ]
NOTIC: [2] file_get_contents(http://tcc.taobao.com/cc/json/mobile_tel_segment.htm?tel=15018788111&amp;t=1451911936): failed to open stream: Unable to find the socket transport &quot;ssl&quot; - did you forget to enable it when you configured PHP? D:\wamp\www\ddkd\Mob\Lib\Action\IndexAction.class.php 第 199 行.

[ 2016-01-04T20:55:07+08:00 ] 127.0.0.1 /Mob/index.php/Index/reg_sub
INFO: [ route_check ] --START--
INFO: CheckRoute Behavior ::run [ RunTime:0.001000s ]
INFO: [ route_check ] --END-- [ RunTime:0.002000s ]
INFO: [ app_begin ] --START--
INFO: ReadHtmlCache Behavior ::run [ RunTime:0.001000s ]
INFO: [ app_begin ] --END-- [ RunTime:0.001000s ]
NOTIC: [2] file_get_contents(http://tcc.taobao.com/cc/json/mobile_tel_segment.htm?tel=18618162410&amp;t=1451912107): failed to open stream: Unable to find the socket transport &quot;ssl&quot; - did you forget to enable it when you configured PHP? D:\wamp\www\ddkd\Mob\Lib\Action\IndexAction.class.php 第 176 行.

[ 2016-01-04T21:24:19+08:00 ] 127.0.0.1 /Mob/index.php/Apply/userinfo
INFO: [ route_check ] --START--
INFO: CheckRoute Behavior ::run [ RunTime:0.001000s ]
INFO: [ route_check ] --END-- [ RunTime:0.002000s ]
INFO: [ app_begin ] --START--
INFO: ReadHtmlCache Behavior ::run [ RunTime:0.001000s ]
INFO: [ app_begin ] --END-- [ RunTime:0.001000s ]
NOTIC: 建议使用I方法替代_get
INFO: [ view_parse ] --START--
INFO: ParseTemplate Behavior ::run [ RunTime:0.018001s ]
INFO: [ view_parse ] --END-- [ RunTime:0.018001s ]
INFO: [ view_filter ] --START--
INFO: ContentReplace Behavior ::run [ RunTime:0.001000s ]
INFO: TokenBuild Behavior ::run [ RunTime:0.002000s ]
INFO: WriteHtmlCache Behavior ::run [ RunTime:0.002001s ]
INFO: ShowRuntime Behavior ::run [ RunTime:0.002000s ]
INFO: [ view_filter ] --END-- [ RunTime:0.007001s ]
INFO: [ view_end ] --START--
INFO: ShowPageTrace Behavior ::run [ RunTime:0.001000s ]
INFO: [ view_end ] --END-- [ RunTime:0.002000s ]

[ 2016-01-04T21:24:28+08:00 ] 127.0.0.1 /Mob/index.php/Apply/userinfo
INFO: [ route_check ] --START--
INFO: CheckRoute Behavior ::run [ RunTime:0.003000s ]
INFO: [ route_check ] --END-- [ RunTime:0.004000s ]
INFO: [ app_begin ] --START--
INFO: ReadHtmlCache Behavior ::run [ RunTime:0.002000s ]
INFO: [ app_begin ] --END-- [ RunTime:0.002000s ]
NOTIC: 建议使用I方法替代_get
INFO: [ view_parse ] --START--
INFO: ParseTemplate Behavior ::run [ RunTime:0.022002s ]
INFO: [ view_parse ] --END-- [ RunTime:0.022002s ]
INFO: [ view_filter ] --START--
INFO: ContentReplace Behavior ::run [ RunTime:0.001000s ]
INFO: TokenBuild Behavior ::run [ RunTime:0.001000s ]
INFO: WriteHtmlCache Behavior ::run [ RunTime:0.000000s ]
INFO: ShowRuntime Behavior ::run [ RunTime:0.001000s ]
INFO: [ view_filter ] --END-- [ RunTime:0.004000s ]
INFO: [ view_end ] --START--
INFO: ShowPageTrace Behavior ::run [ RunTime:0.001000s ]
INFO: [ view_end ] --END-- [ RunTime:0.001000s ]

[ 2016-01-04T21:25:33+08:00 ] 127.0.0.1 /Mob/index.php?s=/Apply/useradd.html
INFO: [ route_check ] --START--
INFO: CheckRoute Behavior ::run [ RunTime:0.001000s ]
INFO: [ route_check ] --END-- [ RunTime:0.001000s ]
NOTIC: [2] htmlspecialchars() expects parameter 2 to be long, string given D:\wamp\www\ddkd\ThinkPHP\Lib\Core\App.class.php 第 56 行.
NOTIC: [2] htmlspecialchars() expects parameter 2 to be long, string given D:\wamp\www\ddkd\ThinkPHP\Lib\Core\App.class.php 第 56 行.
NOTIC: [2] htmlspecialchars() expects parameter 2 to be long, string given D:\wamp\www\ddkd\ThinkPHP\Lib\Core\App.class.php 第 56 行.
NOTIC: [2] htmlspecialchars() expects parameter 2 to be long, string given D:\wamp\www\ddkd\ThinkPHP\Lib\Core\App.class.php 第 56 行.
NOTIC: [2] htmlspecialchars() expects parameter 2 to be long, string given D:\wamp\www\ddkd\ThinkPHP\Lib\Core\App.class.php 第 56 行.
NOTIC: [2] htmlspecialchars() expects parameter 2 to be long, string given D:\wamp\www\ddkd\ThinkPHP\Lib\Core\App.class.php 第 56 行.
NOTIC: [2] htmlspecialchars() expects parameter 2 to be long, string given D:\wamp\www\ddkd\ThinkPHP\Lib\Core\App.class.php 第 56 行.
NOTIC: [2] htmlspecialchars() expects parameter 2 to be long, string given D:\wamp\www\ddkd\ThinkPHP\Lib\Core\App.class.php 第 56 行.
NOTIC: [2] htmlspecialchars() expects parameter 2 to be long, string given D:\wamp\www\ddkd\ThinkPHP\Lib\Core\App.class.php 第 56 行.
NOTIC: [2] htmlspecialchars() expects parameter 2 to be long, string given D:\wamp\www\ddkd\ThinkPHP\Lib\Core\App.class.php 第 56 行.
NOTIC: [2] htmlspecialchars() expects parameter 2 to be long, string given D:\wamp\www\ddkd\ThinkPHP\Lib\Core\App.class.php 第 56 行.
INFO: [ app_begin ] --START--
INFO: ReadHtmlCache Behavior ::run [ RunTime:0.001000s ]
INFO: [ app_begin ] --END-- [ RunTime:0.001000s ]
NOTIC: 建议使用I方法替代_post
NOTIC: 建议使用I方法替代_get
NOTIC: 建议使用I方法替代_post
NOTIC: 建议使用I方法替代_post
SQL: SHOW COLUMNS FROM `dd_user` [ RunTime:0.047003s ]
NOTIC: 建议使用I方法替代_post
NOTIC: 建议使用I方法替代_post
NOTIC: 建议使用I方法替代_post
NOTIC: 建议使用I方法替代_post
NOTIC: 建议使用I方法替代_post
NOTIC: 建议使用I方法替代_post
NOTIC: 建议使用I方法替代_post
NOTIC: 建议使用I方法替代_post
NOTIC: 建议使用I方法替代_post
SQL: SHOW COLUMNS FROM `dd_userdetail` [ RunTime:0.046002s ]
SQL: INSERT INTO `dd_userdetail` (`uid`,`job`,`company`,`job_province`,`job_city`,`job_zone`,`job_detail`,`com_phone`,`job_contact`) VALUES (null,'一般员工','哈哈','北京','市辖区','东城区','洗洗','123','19:00-20:00') [ RunTime:0.207011s ]

[ 2016-01-04T21:25:33+08:00 ] 127.0.0.1 /Mob/index.php/Apply/userdetail/id/
INFO: [ route_check ] --START--
INFO: CheckRoute Behavior ::run [ RunTime:0.001000s ]
INFO: [ route_check ] --END-- [ RunTime:0.002000s ]
INFO: [ app_begin ] --START--
INFO: ReadHtmlCache Behavior ::run [ RunTime:0.002000s ]
INFO: [ app_begin ] --END-- [ RunTime:0.002000s ]
NOTIC: 建议使用I方法替代_get
INFO: [ view_parse ] --START--
INFO: ParseTemplate Behavior ::run [ RunTime:0.029001s ]
INFO: [ view_parse ] --END-- [ RunTime:0.030001s ]
INFO: [ view_filter ] --START--
INFO: ContentReplace Behavior ::run [ RunTime:0.002000s ]
INFO: TokenBuild Behavior ::run [ RunTime:0.002001s ]
INFO: WriteHtmlCache Behavior ::run [ RunTime:0.001000s ]
INFO: ShowRuntime Behavior ::run [ RunTime:0.003000s ]
INFO: [ view_filter ] --END-- [ RunTime:0.009001s ]
INFO: [ view_end ] --START--
INFO: ShowPageTrace Behavior ::run [ RunTime:0.002000s ]
INFO: [ view_end ] --END-- [ RunTime:0.002000s ]

[ 2016-01-04T21:26:59+08:00 ] 127.0.0.1 /Mob/index.php/Apply/userinfo
INFO: [ route_check ] --START--
INFO: CheckRoute Behavior ::run [ RunTime:0.005000s ]
INFO: [ route_check ] --END-- [ RunTime:0.005000s ]
INFO: [ app_begin ] --START--
INFO: ReadHtmlCache Behavior ::run [ RunTime:0.002000s ]
INFO: [ app_begin ] --END-- [ RunTime:0.002000s ]
NOTIC: 建议使用I方法替代_get
INFO: [ view_parse ] --START--
INFO: ParseTemplate Behavior ::run [ RunTime:0.016001s ]
INFO: [ view_parse ] --END-- [ RunTime:0.016001s ]
INFO: [ view_filter ] --START--
INFO: ContentReplace Behavior ::run [ RunTime:0.001000s ]
INFO: TokenBuild Behavior ::run [ RunTime:0.001000s ]
INFO: WriteHtmlCache Behavior ::run [ RunTime:0.001000s ]
INFO: ShowRuntime Behavior ::run [ RunTime:0.002000s ]
INFO: [ view_filter ] --END-- [ RunTime:0.006001s ]
INFO: [ view_end ] --START--
INFO: ShowPageTrace Behavior ::run [ RunTime:0.002000s ]
INFO: [ view_end ] --END-- [ RunTime:0.002000s ]

