[ 2016-01-13T09:13:08+08:00 ] 127.0.0.1 /Mob/index.php/Test/index
INFO: [ route_check ] --START--
INFO: CheckRoute Behavior ::run [ RunTime:0.002000s ]
INFO: [ route_check ] --END-- [ RunTime:0.007001s ]
INFO: [ app_begin ] --START--
INFO: ReadHtmlCache Behavior ::run [ RunTime:0.002000s ]
INFO: [ app_begin ] --END-- [ RunTime:0.003000s ]
NOTIC: [2] mysql_connect():  D:\wamp\www\ddkd\ThinkPHP\Lib\Driver\Db\DbMysql.class.php ç¬¬ 55 è¡Œ.
NOTIC: [2] mysql_connect():  D:\wamp\www\ddkd\ThinkPHP\Lib\Driver\Db\DbMysql.class.php ç¬¬ 55 è¡Œ.
ERR: php_network_getaddresses: getaddrinfo failed: ²»ÖªµÀÕâÑùµÄÖ÷»ú¡£ 

[ 2016-01-13T09:13:42+08:00 ] 127.0.0.1 /Mob/index.php/Test/index
INFO: [ route_check ] --START--
INFO: CheckRoute Behavior ::run [ RunTime:0.002000s ]
INFO: [ route_check ] --END-- [ RunTime:0.003000s ]
INFO: [ app_begin ] --START--
INFO: ReadHtmlCache Behavior ::run [ RunTime:0.002000s ]
INFO: [ app_begin ] --END-- [ RunTime:0.003000s ]
NOTIC: [2] mysql_connect():  D:\wamp\www\ddkd\ThinkPHP\Lib\Driver\Db\DbMysql.class.php ç¬¬ 55 è¡Œ.
NOTIC: [2] mysql_connect():  D:\wamp\www\ddkd\ThinkPHP\Lib\Driver\Db\DbMysql.class.php ç¬¬ 55 è¡Œ.
ERR: php_network_getaddresses: getaddrinfo failed: ²»ÖªµÀÕâÑùµÄÖ÷»ú¡£ 

[ 2016-01-13T09:58:24+08:00 ] 127.0.0.1 /Mob/index.php/User/index
INFO: [ route_check ] --START--
INFO: CheckRoute Behavior ::run [ RunTime:0.002000s ]
INFO: [ route_check ] --END-- [ RunTime:0.002000s ]
INFO: [ app_begin ] --START--
INFO: ReadHtmlCache Behavior ::run [ RunTime:0.001000s ]
INFO: [ app_begin ] --END-- [ RunTime:0.001000s ]
SQL: SHOW COLUMNS FROM `dd_card_check` [ RunTime:0.087005s ]
SQL: SELECT `card_status` FROM `dd_card_check` WHERE ( uid=35 ) LIMIT 1   [ RunTime:0.092005s ]
INFO: [ view_parse ] --START--
INFO: ParseTemplate Behavior ::run [ RunTime:0.053003s ]
INFO: [ view_parse ] --END-- [ RunTime:0.053003s ]
INFO: [ view_filter ] --START--
INFO: ContentReplace Behavior ::run [ RunTime:0.001000s ]
INFO: TokenBuild Behavior ::run [ RunTime:0.001000s ]
INFO: WriteHtmlCache Behavior ::run [ RunTime:0.001000s ]
INFO: ShowRuntime Behavior ::run [ RunTime:0.001000s ]
INFO: [ view_filter ] --END-- [ RunTime:0.005000s ]
INFO: [ view_end ] --START--
INFO: ShowPageTrace Behavior ::run [ RunTime:0.001001s ]
INFO: [ view_end ] --END-- [ RunTime:0.002001s ]

[ 2016-01-13T09:58:34+08:00 ] 127.0.0.1 /Mob/index.php/User/index
INFO: [ route_check ] --START--
INFO: CheckRoute Behavior ::run [ RunTime:0.001001s ]
INFO: [ route_check ] --END-- [ RunTime:0.002001s ]
INFO: [ app_begin ] --START--
INFO: ReadHtmlCache Behavior ::run [ RunTime:0.003000s ]
INFO: [ app_begin ] --END-- [ RunTime:0.003000s ]
SQL: SHOW COLUMNS FROM `dd_card_check` [ RunTime:0.057003s ]
SQL: SELECT `card_status` FROM `dd_card_check` WHERE ( uid=35 ) LIMIT 1   [ RunTime:0.043002s ]
INFO: [ view_parse ] --START--
INFO: ParseTemplate Behavior ::run [ RunTime:0.034002s ]
INFO: [ view_parse ] --END-- [ RunTime:0.035002s ]
INFO: [ view_filter ] --START--
INFO: ContentReplace Behavior ::run [ RunTime:0.001000s ]
INFO: TokenBuild Behavior ::run [ RunTime:0.001000s ]
INFO: WriteHtmlCache Behavior ::run [ RunTime:0.001001s ]
INFO: ShowRuntime Behavior ::run [ RunTime:0.001000s ]
INFO: [ view_filter ] --END-- [ RunTime:0.005001s ]
INFO: [ view_end ] --START--
INFO: ShowPageTrace Behavior ::run [ RunTime:0.001000s ]
INFO: [ view_end ] --END-- [ RunTime:0.001000s ]

[ 2016-01-13T09:58:38+08:00 ] 127.0.0.1 /Mob/index.php/Test/index
INFO: [ route_check ] --START--
INFO: CheckRoute Behavior ::run [ RunTime:0.002000s ]
INFO: [ route_check ] --END-- [ RunTime:0.002000s ]
INFO: [ app_begin ] --START--
INFO: ReadHtmlCache Behavior ::run [ RunTime:0.001000s ]
INFO: [ app_begin ] --END-- [ RunTime:0.002000s ]
SQL: SHOW COLUMNS FROM `dd_communication` [ RunTime:0.043002s ]
SQL: SELECT `name`,`phone` FROM `dd_communication` WHERE ( uid=39 ) GROUP BY phone  [ RunTime:0.038002s ]
NOTIC: [8] Undefined index: name D:\wamp\www\ddkd\Mob\Lib\Action\TestAction.class.php ç¬¬ 10 è¡Œ.
NOTIC: [8] Undefined index: phoneNum D:\wamp\www\ddkd\Mob\Lib\Action\TestAction.class.php ç¬¬ 9 è¡Œ.
NOTIC: [2] array_udiff() expects parameter 3 to be a valid callback, function 'change' not found or invalid function name D:\wamp\www\ddkd\Mob\Lib\Action\TestAction.class.php ç¬¬ 13 è¡Œ.

[ 2016-01-13T09:58:51+08:00 ] 127.0.0.1 /Mob/index.php/Test/index
INFO: [ route_check ] --START--
INFO: CheckRoute Behavior ::run [ RunTime:0.001001s ]
INFO: [ route_check ] --END-- [ RunTime:0.002001s ]
INFO: [ app_begin ] --START--
INFO: ReadHtmlCache Behavior ::run [ RunTime:0.001000s ]
INFO: [ app_begin ] --END-- [ RunTime:0.001000s ]
SQL: SHOW COLUMNS FROM `dd_communication` [ RunTime:0.049003s ]
SQL: SELECT `name`,`phone` FROM `dd_communication` WHERE ( uid=39 ) GROUP BY phone  [ RunTime:0.450025s ]
NOTIC: [8] Undefined index: name D:\wamp\www\ddkd\Mob\Lib\Action\TestAction.class.php ç¬¬ 10 è¡Œ.
NOTIC: [8] Undefined index: phoneNum D:\wamp\www\ddkd\Mob\Lib\Action\TestAction.class.php ç¬¬ 9 è¡Œ.
NOTIC: [2] array_udiff() expects parameter 3 to be a valid callback, function 'change' not found or invalid function name D:\wamp\www\ddkd\Mob\Lib\Action\TestAction.class.php ç¬¬ 13 è¡Œ.

[ 2016-01-13T09:59:06+08:00 ] 127.0.0.1 /Mob/index.php/Test/index
INFO: [ route_check ] --START--
INFO: CheckRoute Behavior ::run [ RunTime:0.001000s ]
INFO: [ route_check ] --END-- [ RunTime:0.002000s ]
INFO: [ app_begin ] --START--
INFO: ReadHtmlCache Behavior ::run [ RunTime:0.001000s ]
INFO: [ app_begin ] --END-- [ RunTime:0.001000s ]
SQL: SHOW COLUMNS FROM `dd_communication` [ RunTime:0.071004s ]
SQL: SELECT `name`,`phone` FROM `dd_communication` WHERE ( uid=39 ) GROUP BY phone  [ RunTime:0.054003s ]
NOTIC: [8] Undefined index: name D:\wamp\www\ddkd\Mob\Lib\Action\TestAction.class.php ç¬¬ 11 è¡Œ.
NOTIC: [8] Undefined index: phoneNum D:\wamp\www\ddkd\Mob\Lib\Action\TestAction.class.php ç¬¬ 10 è¡Œ.
NOTIC: [2] array_udiff() expects parameter 3 to be a valid callback, function 'change' not found or invalid function name D:\wamp\www\ddkd\Mob\Lib\Action\TestAction.class.php ç¬¬ 14 è¡Œ.

[ 2016-01-13T09:59:37+08:00 ] 127.0.0.1 /Mob/index.php/Test/index
INFO: [ route_check ] --START--
INFO: CheckRoute Behavior ::run [ RunTime:0.001000s ]
INFO: [ route_check ] --END-- [ RunTime:0.001000s ]
INFO: [ app_begin ] --START--
INFO: ReadHtmlCache Behavior ::run [ RunTime:0.001000s ]
INFO: [ app_begin ] --END-- [ RunTime:0.001000s ]
NOTIC: [8] Undefined index: name D:\wamp\www\ddkd\Mob\Lib\Action\TestAction.class.php ç¬¬ 8 è¡Œ.
NOTIC: [8] Undefined index: phoneNum D:\wamp\www\ddkd\Mob\Lib\Action\TestAction.class.php ç¬¬ 7 è¡Œ.
NOTIC: [2] array_udiff() expects parameter 3 to be a valid callback, function 'change' not found or invalid function name D:\wamp\www\ddkd\Mob\Lib\Action\TestAction.class.php ç¬¬ 11 è¡Œ.

[ 2016-01-13T09:59:38+08:00 ] 127.0.0.1 /Mob/index.php/Test/index
INFO: [ route_check ] --START--
INFO: CheckRoute Behavior ::run [ RunTime:0.001000s ]
INFO: [ route_check ] --END-- [ RunTime:0.001000s ]
INFO: [ app_begin ] --START--
INFO: ReadHtmlCache Behavior ::run [ RunTime:0.001000s ]
INFO: [ app_begin ] --END-- [ RunTime:0.001000s ]
NOTIC: [8] Undefined index: name D:\wamp\www\ddkd\Mob\Lib\Action\TestAction.class.php ç¬¬ 8 è¡Œ.
NOTIC: [8] Undefined index: phoneNum D:\wamp\www\ddkd\Mob\Lib\Action\TestAction.class.php ç¬¬ 7 è¡Œ.
NOTIC: [2] array_udiff() expects parameter 3 to be a valid callback, function 'change' not found or invalid function name D:\wamp\www\ddkd\Mob\Lib\Action\TestAction.class.php ç¬¬ 11 è¡Œ.

[ 2016-01-13T09:59:38+08:00 ] 127.0.0.1 /Mob/index.php/Test/index
INFO: [ route_check ] --START--
INFO: CheckRoute Behavior ::run [ RunTime:0.001000s ]
INFO: [ route_check ] --END-- [ RunTime:0.002000s ]
INFO: [ app_begin ] --START--
INFO: ReadHtmlCache Behavior ::run [ RunTime:0.001000s ]
INFO: [ app_begin ] --END-- [ RunTime:0.002000s ]
NOTIC: [8] Undefined index: name D:\wamp\www\ddkd\Mob\Lib\Action\TestAction.class.php ç¬¬ 8 è¡Œ.
NOTIC: [8] Undefined index: phoneNum D:\wamp\www\ddkd\Mob\Lib\Action\TestAction.class.php ç¬¬ 7 è¡Œ.
NOTIC: [2] array_udiff() expects parameter 3 to be a valid callback, function 'change' not found or invalid function name D:\wamp\www\ddkd\Mob\Lib\Action\TestAction.class.php ç¬¬ 11 è¡Œ.

[ 2016-01-13T09:59:38+08:00 ] 127.0.0.1 /Mob/index.php/Test/index
INFO: [ route_check ] --START--
INFO: CheckRoute Behavior ::run [ RunTime:0.001001s ]
INFO: [ route_check ] --END-- [ RunTime:0.001001s ]
INFO: [ app_begin ] --START--
INFO: ReadHtmlCache Behavior ::run [ RunTime:0.001000s ]
INFO: [ app_begin ] --END-- [ RunTime:0.001000s ]
NOTIC: [8] Undefined index: name D:\wamp\www\ddkd\Mob\Lib\Action\TestAction.class.php ç¬¬ 8 è¡Œ.
NOTIC: [8] Undefined index: phoneNum D:\wamp\www\ddkd\Mob\Lib\Action\TestAction.class.php ç¬¬ 7 è¡Œ.
NOTIC: [2] array_udiff() expects parameter 3 to be a valid callback, function 'change' not found or invalid function name D:\wamp\www\ddkd\Mob\Lib\Action\TestAction.class.php ç¬¬ 11 è¡Œ.

[ 2016-01-13T09:59:38+08:00 ] 127.0.0.1 /Mob/index.php/Test/index
INFO: [ route_check ] --START--
INFO: CheckRoute Behavior ::run [ RunTime:0.002000s ]
INFO: [ route_check ] --END-- [ RunTime:0.002000s ]
INFO: [ app_begin ] --START--
INFO: ReadHtmlCache Behavior ::run [ RunTime:0.001000s ]
INFO: [ app_begin ] --END-- [ RunTime:0.001000s ]
NOTIC: [8] Undefined index: name D:\wamp\www\ddkd\Mob\Lib\Action\TestAction.class.php ç¬¬ 8 è¡Œ.
NOTIC: [8] Undefined index: phoneNum D:\wamp\www\ddkd\Mob\Lib\Action\TestAction.class.php ç¬¬ 7 è¡Œ.
NOTIC: [2] array_udiff() expects parameter 3 to be a valid callback, function 'change' not found or invalid function name D:\wamp\www\ddkd\Mob\Lib\Action\TestAction.class.php ç¬¬ 11 è¡Œ.

[ 2016-01-13T09:59:39+08:00 ] 127.0.0.1 /Mob/index.php/Test/index
INFO: [ route_check ] --START--
INFO: CheckRoute Behavior ::run [ RunTime:0.001001s ]
INFO: [ route_check ] --END-- [ RunTime:0.001001s ]
INFO: [ app_begin ] --START--
INFO: ReadHtmlCache Behavior ::run [ RunTime:0.001000s ]
INFO: [ app_begin ] --END-- [ RunTime:0.002000s ]
NOTIC: [8] Undefined index: name D:\wamp\www\ddkd\Mob\Lib\Action\TestAction.class.php ç¬¬ 8 è¡Œ.
NOTIC: [8] Undefined index: phoneNum D:\wamp\www\ddkd\Mob\Lib\Action\TestAction.class.php ç¬¬ 7 è¡Œ.
NOTIC: [2] array_udiff() expects parameter 3 to be a valid callback, function 'change' not found or invalid function name D:\wamp\www\ddkd\Mob\Lib\Action\TestAction.class.php ç¬¬ 11 è¡Œ.

[ 2016-01-13T09:59:39+08:00 ] 127.0.0.1 /Mob/index.php/Test/index
INFO: [ route_check ] --START--
INFO: CheckRoute Behavior ::run [ RunTime:0.002000s ]
INFO: [ route_check ] --END-- [ RunTime:0.002000s ]
INFO: [ app_begin ] --START--
INFO: ReadHtmlCache Behavior ::run [ RunTime:0.001000s ]
INFO: [ app_begin ] --END-- [ RunTime:0.001000s ]
NOTIC: [8] Undefined index: name D:\wamp\www\ddkd\Mob\Lib\Action\TestAction.class.php ç¬¬ 8 è¡Œ.
NOTIC: [8] Undefined index: phoneNum D:\wamp\www\ddkd\Mob\Lib\Action\TestAction.class.php ç¬¬ 7 è¡Œ.
NOTIC: [2] array_udiff() expects parameter 3 to be a valid callback, function 'change' not found or invalid function name D:\wamp\www\ddkd\Mob\Lib\Action\TestAction.class.php ç¬¬ 11 è¡Œ.

[ 2016-01-13T09:59:39+08:00 ] 127.0.0.1 /Mob/index.php/Test/index
INFO: [ route_check ] --START--
INFO: CheckRoute Behavior ::run [ RunTime:0.001000s ]
INFO: [ route_check ] --END-- [ RunTime:0.001000s ]
INFO: [ app_begin ] --START--
INFO: ReadHtmlCache Behavior ::run [ RunTime:0.001000s ]
INFO: [ app_begin ] --END-- [ RunTime:0.002000s ]
NOTIC: [8] Undefined index: name D:\wamp\www\ddkd\Mob\Lib\Action\TestAction.class.php ç¬¬ 8 è¡Œ.
NOTIC: [8] Undefined index: phoneNum D:\wamp\www\ddkd\Mob\Lib\Action\TestAction.class.php ç¬¬ 7 è¡Œ.
NOTIC: [2] array_udiff() expects parameter 3 to be a valid callback, function 'change' not found or invalid function name D:\wamp\www\ddkd\Mob\Lib\Action\TestAction.class.php ç¬¬ 11 è¡Œ.

[ 2016-01-13T09:59:39+08:00 ] 127.0.0.1 /Mob/index.php/Test/index
INFO: [ route_check ] --START--
INFO: CheckRoute Behavior ::run [ RunTime:0.003001s ]
INFO: [ route_check ] --END-- [ RunTime:0.003001s ]
INFO: [ app_begin ] --START--
INFO: ReadHtmlCache Behavior ::run [ RunTime:0.001000s ]
INFO: [ app_begin ] --END-- [ RunTime:0.001000s ]
NOTIC: [8] Undefined index: name D:\wamp\www\ddkd\Mob\Lib\Action\TestAction.class.php ç¬¬ 8 è¡Œ.
NOTIC: [8] Undefined index: phoneNum D:\wamp\www\ddkd\Mob\Lib\Action\TestAction.class.php ç¬¬ 7 è¡Œ.
NOTIC: [2] array_udiff() expects parameter 3 to be a valid callback, function 'change' not found or invalid function name D:\wamp\www\ddkd\Mob\Lib\Action\TestAction.class.php ç¬¬ 11 è¡Œ.

[ 2016-01-13T09:59:39+08:00 ] 127.0.0.1 /Mob/index.php/Test/index
INFO: [ route_check ] --START--
INFO: CheckRoute Behavior ::run [ RunTime:0.001000s ]
INFO: [ route_check ] --END-- [ RunTime:0.002000s ]
INFO: [ app_begin ] --START--
INFO: ReadHtmlCache Behavior ::run [ RunTime:0.001001s ]
INFO: [ app_begin ] --END-- [ RunTime:0.001001s ]
NOTIC: [8] Undefined index: name D:\wamp\www\ddkd\Mob\Lib\Action\TestAction.class.php ç¬¬ 8 è¡Œ.
NOTIC: [8] Undefined index: phoneNum D:\wamp\www\ddkd\Mob\Lib\Action\TestAction.class.php ç¬¬ 7 è¡Œ.
NOTIC: [2] array_udiff() expects parameter 3 to be a valid callback, function 'change' not found or invalid function name D:\wamp\www\ddkd\Mob\Lib\Action\TestAction.class.php ç¬¬ 11 è¡Œ.

[ 2016-01-13T09:59:39+08:00 ] 127.0.0.1 /Mob/index.php/Test/index
INFO: [ route_check ] --START--
INFO: CheckRoute Behavior ::run [ RunTime:0.001000s ]
INFO: [ route_check ] --END-- [ RunTime:0.001000s ]
INFO: [ app_begin ] --START--
INFO: ReadHtmlCache Behavior ::run [ RunTime:0.001000s ]
INFO: [ app_begin ] --END-- [ RunTime:0.001000s ]
NOTIC: [8] Undefined index: name D:\wamp\www\ddkd\Mob\Lib\Action\TestAction.class.php ç¬¬ 8 è¡Œ.
NOTIC: [8] Undefined index: phoneNum D:\wamp\www\ddkd\Mob\Lib\Action\TestAction.class.php ç¬¬ 7 è¡Œ.
NOTIC: [2] array_udiff() expects parameter 3 to be a valid callback, function 'change' not found or invalid function name D:\wamp\www\ddkd\Mob\Lib\Action\TestAction.class.php ç¬¬ 11 è¡Œ.

[ 2016-01-13T09:59:40+08:00 ] 127.0.0.1 /Mob/index.php/Test/index
INFO: [ route_check ] --START--
INFO: CheckRoute Behavior ::run [ RunTime:0.001001s ]
INFO: [ route_check ] --END-- [ RunTime:0.001001s ]
INFO: [ app_begin ] --START--
INFO: ReadHtmlCache Behavior ::run [ RunTime:0.001000s ]
INFO: [ app_begin ] --END-- [ RunTime:0.001000s ]
NOTIC: [8] Undefined index: name D:\wamp\www\ddkd\Mob\Lib\Action\TestAction.class.php ç¬¬ 8 è¡Œ.
NOTIC: [8] Undefined index: phoneNum D:\wamp\www\ddkd\Mob\Lib\Action\TestAction.class.php ç¬¬ 7 è¡Œ.
NOTIC: [2] array_udiff() expects parameter 3 to be a valid callback, function 'change' not found or invalid function name D:\wamp\www\ddkd\Mob\Lib\Action\TestAction.class.php ç¬¬ 11 è¡Œ.

[ 2016-01-13T09:59:40+08:00 ] 127.0.0.1 /Mob/index.php/Test/index
INFO: [ route_check ] --START--
INFO: CheckRoute Behavior ::run [ RunTime:0.001000s ]
INFO: [ route_check ] --END-- [ RunTime:0.002000s ]
INFO: [ app_begin ] --START--
INFO: ReadHtmlCache Behavior ::run [ RunTime:0.003001s ]
INFO: [ app_begin ] --END-- [ RunTime:0.003001s ]
NOTIC: [8] Undefined index: name D:\wamp\www\ddkd\Mob\Lib\Action\TestAction.class.php ç¬¬ 8 è¡Œ.
NOTIC: [8] Undefined index: phoneNum D:\wamp\www\ddkd\Mob\Lib\Action\TestAction.class.php ç¬¬ 7 è¡Œ.
NOTIC: [2] array_udiff() expects parameter 3 to be a valid callback, function 'change' not found or invalid function name D:\wamp\www\ddkd\Mob\Lib\Action\TestAction.class.php ç¬¬ 11 è¡Œ.

[ 2016-01-13T09:59:40+08:00 ] 127.0.0.1 /Mob/index.php/Test/index
INFO: [ route_check ] --START--
INFO: CheckRoute Behavior ::run [ RunTime:0.002001s ]
INFO: [ route_check ] --END-- [ RunTime:0.002001s ]
INFO: [ app_begin ] --START--
INFO: ReadHtmlCache Behavior ::run [ RunTime:0.001000s ]
INFO: [ app_begin ] --END-- [ RunTime:0.001000s ]
NOTIC: [8] Undefined index: name D:\wamp\www\ddkd\Mob\Lib\Action\TestAction.class.php ç¬¬ 8 è¡Œ.
NOTIC: [8] Undefined index: phoneNum D:\wamp\www\ddkd\Mob\Lib\Action\TestAction.class.php ç¬¬ 7 è¡Œ.
NOTIC: [2] array_udiff() expects parameter 3 to be a valid callback, function 'change' not found or invalid function name D:\wamp\www\ddkd\Mob\Lib\Action\TestAction.class.php ç¬¬ 11 è¡Œ.

[ 2016-01-13T09:59:40+08:00 ] 127.0.0.1 /Mob/index.php/Test/index
INFO: [ route_check ] --START--
INFO: CheckRoute Behavior ::run [ RunTime:0.002000s ]
INFO: [ route_check ] --END-- [ RunTime:0.002000s ]
INFO: [ app_begin ] --START--
INFO: ReadHtmlCache Behavior ::run [ RunTime:0.001000s ]
INFO: [ app_begin ] --END-- [ RunTime:0.001000s ]
NOTIC: [8] Undefined index: name D:\wamp\www\ddkd\Mob\Lib\Action\TestAction.class.php ç¬¬ 8 è¡Œ.
NOTIC: [8] Undefined index: phoneNum D:\wamp\www\ddkd\Mob\Lib\Action\TestAction.class.php ç¬¬ 7 è¡Œ.
NOTIC: [2] array_udiff() expects parameter 3 to be a valid callback, function 'change' not found or invalid function name D:\wamp\www\ddkd\Mob\Lib\Action\TestAction.class.php ç¬¬ 11 è¡Œ.

[ 2016-01-13T09:59:40+08:00 ] 127.0.0.1 /Mob/index.php/Test/index
INFO: [ route_check ] --START--
INFO: CheckRoute Behavior ::run [ RunTime:0.001000s ]
INFO: [ route_check ] --END-- [ RunTime:0.002000s ]
INFO: [ app_begin ] --START--
INFO: ReadHtmlCache Behavior ::run [ RunTime:0.001000s ]
INFO: [ app_begin ] --END-- [ RunTime:0.001000s ]
NOTIC: [8] Undefined index: name D:\wamp\www\ddkd\Mob\Lib\Action\TestAction.class.php ç¬¬ 8 è¡Œ.
NOTIC: [8] Undefined index: phoneNum D:\wamp\www\ddkd\Mob\Lib\Action\TestAction.class.php ç¬¬ 7 è¡Œ.
NOTIC: [2] array_udiff() expects parameter 3 to be a valid callback, function 'change' not found or invalid function name D:\wamp\www\ddkd\Mob\Lib\Action\TestAction.class.php ç¬¬ 11 è¡Œ.

[ 2016-01-13T09:59:40+08:00 ] 127.0.0.1 /Mob/index.php/Test/index
INFO: [ route_check ] --START--
INFO: CheckRoute Behavior ::run [ RunTime:0.001000s ]
INFO: [ route_check ] --END-- [ RunTime:0.001000s ]
INFO: [ app_begin ] --START--
INFO: ReadHtmlCache Behavior ::run [ RunTime:0.001001s ]
INFO: [ app_begin ] --END-- [ RunTime:0.001001s ]
NOTIC: [8] Undefined index: name D:\wamp\www\ddkd\Mob\Lib\Action\TestAction.class.php ç¬¬ 8 è¡Œ.
NOTIC: [8] Undefined index: phoneNum D:\wamp\www\ddkd\Mob\Lib\Action\TestAction.class.php ç¬¬ 7 è¡Œ.
NOTIC: [2] array_udiff() expects parameter 3 to be a valid callback, function 'change' not found or invalid function name D:\wamp\www\ddkd\Mob\Lib\Action\TestAction.class.php ç¬¬ 11 è¡Œ.

[ 2016-01-13T09:59:41+08:00 ] 127.0.0.1 /Mob/index.php/Test/index
INFO: [ route_check ] --START--
INFO: CheckRoute Behavior ::run [ RunTime:0.001000s ]
INFO: [ route_check ] --END-- [ RunTime:0.002000s ]
INFO: [ app_begin ] --START--
INFO: ReadHtmlCache Behavior ::run [ RunTime:0.001000s ]
INFO: [ app_begin ] --END-- [ RunTime:0.001000s ]
NOTIC: [8] Undefined index: name D:\wamp\www\ddkd\Mob\Lib\Action\TestAction.class.php ç¬¬ 8 è¡Œ.
NOTIC: [8] Undefined index: phoneNum D:\wamp\www\ddkd\Mob\Lib\Action\TestAction.class.php ç¬¬ 7 è¡Œ.
NOTIC: [2] array_udiff() expects parameter 3 to be a valid callback, function 'change' not found or invalid function name D:\wamp\www\ddkd\Mob\Lib\Action\TestAction.class.php ç¬¬ 11 è¡Œ.

[ 2016-01-13T09:59:41+08:00 ] 127.0.0.1 /Mob/index.php/Test/index
INFO: [ route_check ] --START--
INFO: CheckRoute Behavior ::run [ RunTime:0.001000s ]
INFO: [ route_check ] --END-- [ RunTime:0.002000s ]
INFO: [ app_begin ] --START--
INFO: ReadHtmlCache Behavior ::run [ RunTime:0.001000s ]
INFO: [ app_begin ] --END-- [ RunTime:0.001000s ]
NOTIC: [8] Undefined index: name D:\wamp\www\ddkd\Mob\Lib\Action\TestAction.class.php ç¬¬ 8 è¡Œ.
NOTIC: [8] Undefined index: phoneNum D:\wamp\www\ddkd\Mob\Lib\Action\TestAction.class.php ç¬¬ 7 è¡Œ.
NOTIC: [2] array_udiff() expects parameter 3 to be a valid callback, function 'change' not found or invalid function name D:\wamp\www\ddkd\Mob\Lib\Action\TestAction.class.php ç¬¬ 11 è¡Œ.

[ 2016-01-13T10:00:05+08:00 ] 127.0.0.1 /Mob/index.php/Test/index
INFO: [ route_check ] --START--
INFO: CheckRoute Behavior ::run [ RunTime:0.001001s ]
INFO: [ route_check ] --END-- [ RunTime:0.001001s ]
INFO: [ app_begin ] --START--
INFO: ReadHtmlCache Behavior ::run [ RunTime:0.001000s ]
INFO: [ app_begin ] --END-- [ RunTime:0.001000s ]
NOTIC: [8] Undefined index: name D:\wamp\www\ddkd\Mob\Lib\Action\TestAction.class.php ç¬¬ 8 è¡Œ.
NOTIC: [8] Undefined index: phoneNum D:\wamp\www\ddkd\Mob\Lib\Action\TestAction.class.php ç¬¬ 7 è¡Œ.

[ 2016-01-13T10:00:23+08:00 ] 127.0.0.1 /Mob/index.php/Test/index
INFO: [ route_check ] --START--
INFO: CheckRoute Behavior ::run [ RunTime:0.001000s ]
INFO: [ route_check ] --END-- [ RunTime:0.002000s ]
INFO: [ app_begin ] --START--
INFO: ReadHtmlCache Behavior ::run [ RunTime:0.001001s ]
INFO: [ app_begin ] --END-- [ RunTime:0.001001s ]
NOTIC: [8] Undefined index: name D:\wamp\www\ddkd\Mob\Lib\Action\TestAction.class.php ç¬¬ 8 è¡Œ.
NOTIC: [8] Undefined index: phoneNum D:\wamp\www\ddkd\Mob\Lib\Action\TestAction.class.php ç¬¬ 7 è¡Œ.

[ 2016-01-13T10:00:24+08:00 ] 127.0.0.1 /Mob/index.php/Test/index
INFO: [ route_check ] --START--
INFO: CheckRoute Behavior ::run [ RunTime:0.001000s ]
INFO: [ route_check ] --END-- [ RunTime:0.002000s ]
INFO: [ app_begin ] --START--
INFO: ReadHtmlCache Behavior ::run [ RunTime:0.001000s ]
INFO: [ app_begin ] --END-- [ RunTime:0.001000s ]
NOTIC: [8] Undefined index: name D:\wamp\www\ddkd\Mob\Lib\Action\TestAction.class.php ç¬¬ 8 è¡Œ.
NOTIC: [8] Undefined index: phoneNum D:\wamp\www\ddkd\Mob\Lib\Action\TestAction.class.php ç¬¬ 7 è¡Œ.

[ 2016-01-13T10:00:25+08:00 ] 127.0.0.1 /Mob/index.php/Test/index
INFO: [ route_check ] --START--
INFO: CheckRoute Behavior ::run [ RunTime:0.001000s ]
INFO: [ route_check ] --END-- [ RunTime:0.002000s ]
INFO: [ app_begin ] --START--
INFO: ReadHtmlCache Behavior ::run [ RunTime:0.000000s ]
INFO: [ app_begin ] --END-- [ RunTime:0.002000s ]
NOTIC: [8] Undefined index: name D:\wamp\www\ddkd\Mob\Lib\Action\TestAction.class.php ç¬¬ 8 è¡Œ.
NOTIC: [8] Undefined index: phoneNum D:\wamp\www\ddkd\Mob\Lib\Action\TestAction.class.php ç¬¬ 7 è¡Œ.

[ 2016-01-13T10:00:25+08:00 ] 127.0.0.1 /Mob/index.php/Test/index
INFO: [ route_check ] --START--
INFO: CheckRoute Behavior ::run [ RunTime:0.002000s ]
INFO: [ route_check ] --END-- [ RunTime:0.002000s ]
INFO: [ app_begin ] --START--
INFO: ReadHtmlCache Behavior ::run [ RunTime:0.001000s ]
INFO: [ app_begin ] --END-- [ RunTime:0.002000s ]
NOTIC: [8] Undefined index: name D:\wamp\www\ddkd\Mob\Lib\Action\TestAction.class.php ç¬¬ 8 è¡Œ.
NOTIC: [8] Undefined index: phoneNum D:\wamp\www\ddkd\Mob\Lib\Action\TestAction.class.php ç¬¬ 7 è¡Œ.

[ 2016-01-13T10:00:25+08:00 ] 127.0.0.1 /Mob/index.php/Test/index
INFO: [ route_check ] --START--
INFO: CheckRoute Behavior ::run [ RunTime:0.001000s ]
INFO: [ route_check ] --END-- [ RunTime:0.002000s ]
INFO: [ app_begin ] --START--
INFO: ReadHtmlCache Behavior ::run [ RunTime:0.002000s ]
INFO: [ app_begin ] --END-- [ RunTime:0.002000s ]
NOTIC: [8] Undefined index: name D:\wamp\www\ddkd\Mob\Lib\Action\TestAction.class.php ç¬¬ 8 è¡Œ.
NOTIC: [8] Undefined index: phoneNum D:\wamp\www\ddkd\Mob\Lib\Action\TestAction.class.php ç¬¬ 7 è¡Œ.

[ 2016-01-13T10:00:25+08:00 ] 127.0.0.1 /Mob/index.php/Test/index
INFO: [ route_check ] --START--
INFO: CheckRoute Behavior ::run [ RunTime:0.002000s ]
INFO: [ route_check ] --END-- [ RunTime:0.002000s ]
INFO: [ app_begin ] --START--
INFO: ReadHtmlCache Behavior ::run [ RunTime:0.002000s ]
INFO: [ app_begin ] --END-- [ RunTime:0.002000s ]
NOTIC: [8] Undefined index: name D:\wamp\www\ddkd\Mob\Lib\Action\TestAction.class.php ç¬¬ 8 è¡Œ.
NOTIC: [8] Undefined index: phoneNum D:\wamp\www\ddkd\Mob\Lib\Action\TestAction.class.php ç¬¬ 7 è¡Œ.

[ 2016-01-13T10:00:25+08:00 ] 127.0.0.1 /Mob/index.php/Test/index
INFO: [ route_check ] --START--
INFO: CheckRoute Behavior ::run [ RunTime:0.001000s ]
INFO: [ route_check ] --END-- [ RunTime:0.002000s ]
INFO: [ app_begin ] --START--
INFO: ReadHtmlCache Behavior ::run [ RunTime:0.001000s ]
INFO: [ app_begin ] --END-- [ RunTime:0.001000s ]
NOTIC: [8] Undefined index: name D:\wamp\www\ddkd\Mob\Lib\Action\TestAction.class.php ç¬¬ 8 è¡Œ.
NOTIC: [8] Undefined index: phoneNum D:\wamp\www\ddkd\Mob\Lib\Action\TestAction.class.php ç¬¬ 7 è¡Œ.

[ 2016-01-13T10:00:26+08:00 ] 127.0.0.1 /Mob/index.php/Test/index
INFO: [ route_check ] --START--
INFO: CheckRoute Behavior ::run [ RunTime:0.002000s ]
INFO: [ route_check ] --END-- [ RunTime:0.002000s ]
INFO: [ app_begin ] --START--
INFO: ReadHtmlCache Behavior ::run [ RunTime:0.001000s ]
INFO: [ app_begin ] --END-- [ RunTime:0.001000s ]
NOTIC: [8] Undefined index: name D:\wamp\www\ddkd\Mob\Lib\Action\TestAction.class.php ç¬¬ 8 è¡Œ.
NOTIC: [8] Undefined index: phoneNum D:\wamp\www\ddkd\Mob\Lib\Action\TestAction.class.php ç¬¬ 7 è¡Œ.

[ 2016-01-13T10:00:26+08:00 ] 127.0.0.1 /Mob/index.php/Test/index
INFO: [ route_check ] --START--
INFO: CheckRoute Behavior ::run [ RunTime:0.001000s ]
INFO: [ route_check ] --END-- [ RunTime:0.002000s ]
INFO: [ app_begin ] --START--
INFO: ReadHtmlCache Behavior ::run [ RunTime:0.001000s ]
INFO: [ app_begin ] --END-- [ RunTime:0.001000s ]
NOTIC: [8] Undefined index: name D:\wamp\www\ddkd\Mob\Lib\Action\TestAction.class.php ç¬¬ 8 è¡Œ.
NOTIC: [8] Undefined index: phoneNum D:\wamp\www\ddkd\Mob\Lib\Action\TestAction.class.php ç¬¬ 7 è¡Œ.

[ 2016-01-13T10:00:31+08:00 ] 127.0.0.1 /Mob/index.php/Test/index
INFO: [ route_check ] --START--
INFO: CheckRoute Behavior ::run [ RunTime:0.001000s ]
INFO: [ route_check ] --END-- [ RunTime:0.002000s ]
INFO: [ app_begin ] --START--
INFO: ReadHtmlCache Behavior ::run [ RunTime:0.001000s ]
INFO: [ app_begin ] --END-- [ RunTime:0.001000s ]
NOTIC: [8] Undefined index: name D:\wamp\www\ddkd\Mob\Lib\Action\TestAction.class.php ç¬¬ 8 è¡Œ.
NOTIC: [8] Undefined index: phoneNum D:\wamp\www\ddkd\Mob\Lib\Action\TestAction.class.php ç¬¬ 7 è¡Œ.

[ 2016-01-13T10:00:43+08:00 ] 127.0.0.1 /Mob/index.php/Test/index
INFO: [ route_check ] --START--
INFO: CheckRoute Behavior ::run [ RunTime:0.001000s ]
INFO: [ route_check ] --END-- [ RunTime:0.002000s ]
INFO: [ app_begin ] --START--
INFO: ReadHtmlCache Behavior ::run [ RunTime:0.001000s ]
INFO: [ app_begin ] --END-- [ RunTime:0.001000s ]
NOTIC: [8] Undefined index: name D:\wamp\www\ddkd\Mob\Lib\Action\TestAction.class.php ç¬¬ 8 è¡Œ.

[ 2016-01-13T10:04:21+08:00 ] 127.0.0.1 /Mob/index.php/Test/index
INFO: [ route_check ] --START--
INFO: CheckRoute Behavior ::run [ RunTime:0.002000s ]
INFO: [ route_check ] --END-- [ RunTime:0.002000s ]
INFO: [ app_begin ] --START--
INFO: ReadHtmlCache Behavior ::run [ RunTime:0.002000s ]
INFO: [ app_begin ] --END-- [ RunTime:0.002000s ]

[ 2016-01-13T10:05:22+08:00 ] 127.0.0.1 /Mob/index.php/Test/index
INFO: [ route_check ] --START--
INFO: CheckRoute Behavior ::run [ RunTime:0.001000s ]
INFO: [ route_check ] --END-- [ RunTime:0.001000s ]
INFO: [ app_begin ] --START--
INFO: ReadHtmlCache Behavior ::run [ RunTime:0.001001s ]
INFO: [ app_begin ] --END-- [ RunTime:0.001001s ]
NOTIC: [8] Undefined offset: 605125 D:\wamp\www\ddkd\Mob\Lib\Action\TestAction.class.php ç¬¬ 36 è¡Œ.

[ 2016-01-13T10:08:22+08:00 ] 127.0.0.1 /Mob/index.php/Test/index
INFO: [ route_check ] --START--
INFO: CheckRoute Behavior ::run [ RunTime:0.002000s ]
INFO: [ route_check ] --END-- [ RunTime:0.002000s ]
INFO: [ app_begin ] --START--
INFO: ReadHtmlCache Behavior ::run [ RunTime:0.001000s ]
INFO: [ app_begin ] --END-- [ RunTime:0.002000s ]

[ 2016-01-13T10:52:45+08:00 ] 127.0.0.1 /Mob/index.php/Test/index
INFO: [ route_check ] --START--
INFO: CheckRoute Behavior ::run [ RunTime:0.002000s ]
INFO: [ route_check ] --END-- [ RunTime:0.002000s ]
INFO: [ app_begin ] --START--
INFO: ReadHtmlCache Behavior ::run [ RunTime:0.001000s ]
INFO: [ app_begin ] --END-- [ RunTime:0.002000s ]

[ 2016-01-13T10:54:36+08:00 ] 127.0.0.1 /Mob/index.php/Test/index
INFO: [ route_check ] --START--
INFO: CheckRoute Behavior ::run [ RunTime:0.001000s ]
INFO: [ route_check ] --END-- [ RunTime:0.002000s ]
INFO: [ app_begin ] --START--
INFO: ReadHtmlCache Behavior ::run [ RunTime:0.001000s ]
INFO: [ app_begin ] --END-- [ RunTime:0.001000s ]

[ 2016-01-13T10:54:42+08:00 ] 127.0.0.1 /Mob/index.php/Test/index
INFO: [ route_check ] --START--
INFO: CheckRoute Behavior ::run [ RunTime:0.001000s ]
INFO: [ route_check ] --END-- [ RunTime:0.001000s ]
INFO: [ app_begin ] --START--
INFO: ReadHtmlCache Behavior ::run [ RunTime:0.001000s ]
INFO: [ app_begin ] --END-- [ RunTime:0.002000s ]

[ 2016-01-13T11:14:35+08:00 ] 127.0.0.1 /Mob/index.php/Test/index
INFO: [ route_check ] --START--
INFO: CheckRoute Behavior ::run [ RunTime:0.002000s ]
INFO: [ route_check ] --END-- [ RunTime:0.002000s ]
INFO: [ app_begin ] --START--
INFO: ReadHtmlCache Behavior ::run [ RunTime:0.002000s ]
INFO: [ app_begin ] --END-- [ RunTime:0.003000s ]

[ 2016-01-13T11:15:45+08:00 ] 127.0.0.1 /Mob/index.php/Test/index
INFO: [ route_check ] --START--
INFO: CheckRoute Behavior ::run [ RunTime:0.002000s ]
INFO: [ route_check ] --END-- [ RunTime:0.002000s ]
INFO: [ app_begin ] --START--
INFO: ReadHtmlCache Behavior ::run [ RunTime:0.001000s ]
INFO: [ app_begin ] --END-- [ RunTime:0.001000s ]
NOTIC: [8] Undefined variable: uid D:\wamp\www\ddkd\Mob\Lib\Action\TestAction.class.php ç¬¬ 35 è¡Œ.
NOTIC: [8] Undefined variable: uid D:\wamp\www\ddkd\Mob\Lib\Action\TestAction.class.php ç¬¬ 35 è¡Œ.
NOTIC: [8] Undefined variable: uid D:\wamp\www\ddkd\Mob\Lib\Action\TestAction.class.php ç¬¬ 35 è¡Œ.

[ 2016-01-13T14:16:23+08:00 ] 127.0.0.1 /Mob/index.php/Test/index
INFO: [ route_check ] --START--
INFO: CheckRoute Behavior ::run [ RunTime:0.001000s ]
INFO: [ route_check ] --END-- [ RunTime:0.002000s ]
INFO: [ app_begin ] --START--
INFO: ReadHtmlCache Behavior ::run [ RunTime:0.001000s ]
INFO: [ app_begin ] --END-- [ RunTime:0.001000s ]

[ 2016-01-13T14:16:46+08:00 ] 127.0.0.1 /Mob/index.php/Test/index
INFO: [ route_check ] --START--
INFO: CheckRoute Behavior ::run [ RunTime:0.001000s ]
INFO: [ route_check ] --END-- [ RunTime:0.001000s ]
INFO: [ app_begin ] --START--
INFO: ReadHtmlCache Behavior ::run [ RunTime:0.001000s ]
INFO: [ app_begin ] --END-- [ RunTime:0.001000s ]

[ 2016-01-13T14:16:47+08:00 ] 127.0.0.1 /Mob/index.php/Test/index
INFO: [ route_check ] --START--
INFO: CheckRoute Behavior ::run [ RunTime:0.001000s ]
INFO: [ route_check ] --END-- [ RunTime:0.001000s ]
INFO: [ app_begin ] --START--
INFO: ReadHtmlCache Behavior ::run [ RunTime:0.001000s ]
INFO: [ app_begin ] --END-- [ RunTime:0.002000s ]

[ 2016-01-13T14:16:48+08:00 ] 127.0.0.1 /Mob/index.php/Test/index
INFO: [ route_check ] --START--
INFO: CheckRoute Behavior ::run [ RunTime:0.001000s ]
INFO: [ route_check ] --END-- [ RunTime:0.001000s ]
INFO: [ app_begin ] --START--
INFO: ReadHtmlCache Behavior ::run [ RunTime:0.001000s ]
INFO: [ app_begin ] --END-- [ RunTime:0.002000s ]

[ 2016-01-13T14:16:48+08:00 ] 127.0.0.1 /Mob/index.php/Test/index
INFO: [ route_check ] --START--
INFO: CheckRoute Behavior ::run [ RunTime:0.001000s ]
INFO: [ route_check ] --END-- [ RunTime:0.001000s ]
INFO: [ app_begin ] --START--
INFO: ReadHtmlCache Behavior ::run [ RunTime:0.001000s ]
INFO: [ app_begin ] --END-- [ RunTime:0.002000s ]

[ 2016-01-13T14:16:48+08:00 ] 127.0.0.1 /Mob/index.php/Test/index
INFO: [ route_check ] --START--
INFO: CheckRoute Behavior ::run [ RunTime:0.001000s ]
INFO: [ route_check ] --END-- [ RunTime:0.001000s ]
INFO: [ app_begin ] --START--
INFO: ReadHtmlCache Behavior ::run [ RunTime:0.001000s ]
INFO: [ app_begin ] --END-- [ RunTime:0.001000s ]

[ 2016-01-13T14:16:48+08:00 ] 127.0.0.1 /Mob/index.php/Test/index
INFO: [ route_check ] --START--
INFO: CheckRoute Behavior ::run [ RunTime:0.001000s ]
INFO: [ route_check ] --END-- [ RunTime:0.002000s ]
INFO: [ app_begin ] --START--
INFO: ReadHtmlCache Behavior ::run [ RunTime:0.002000s ]
INFO: [ app_begin ] --END-- [ RunTime:0.002000s ]

[ 2016-01-13T14:16:49+08:00 ] 127.0.0.1 /Mob/index.php/Test/index
INFO: [ route_check ] --START--
INFO: CheckRoute Behavior ::run [ RunTime:0.001000s ]
INFO: [ route_check ] --END-- [ RunTime:0.002000s ]
INFO: [ app_begin ] --START--
INFO: ReadHtmlCache Behavior ::run [ RunTime:0.001000s ]
INFO: [ app_begin ] --END-- [ RunTime:0.001000s ]

[ 2016-01-13T14:16:49+08:00 ] 127.0.0.1 /Mob/index.php/Test/index
INFO: [ route_check ] --START--
INFO: CheckRoute Behavior ::run [ RunTime:0.001000s ]
INFO: [ route_check ] --END-- [ RunTime:0.002000s ]
INFO: [ app_begin ] --START--
INFO: ReadHtmlCache Behavior ::run [ RunTime:0.001000s ]
INFO: [ app_begin ] --END-- [ RunTime:0.002000s ]

[ 2016-01-13T14:16:58+08:00 ] 127.0.0.1 /Mob/index.php/Test/index
INFO: [ route_check ] --START--
INFO: CheckRoute Behavior ::run [ RunTime:0.001001s ]
INFO: [ route_check ] --END-- [ RunTime:0.001001s ]
INFO: [ app_begin ] --START--
INFO: ReadHtmlCache Behavior ::run [ RunTime:0.001000s ]
INFO: [ app_begin ] --END-- [ RunTime:0.001000s ]

[ 2016-01-13T14:17:24+08:00 ] 127.0.0.1 /Mob/index.php/Test/index
INFO: [ route_check ] --START--
INFO: CheckRoute Behavior ::run [ RunTime:0.002000s ]
INFO: [ route_check ] --END-- [ RunTime:0.002000s ]
INFO: [ app_begin ] --START--
INFO: ReadHtmlCache Behavior ::run [ RunTime:0.001000s ]
INFO: [ app_begin ] --END-- [ RunTime:0.001000s ]

[ 2016-01-13T19:51:44+08:00 ] 127.0.0.1 /Mob/index.php/Test/index
INFO: [ route_check ] --START--
INFO: CheckRoute Behavior ::run [ RunTime:0.002001s ]
INFO: [ route_check ] --END-- [ RunTime:0.005001s ]
INFO: [ app_begin ] --START--
INFO: ReadHtmlCache Behavior ::run [ RunTime:0.001000s ]
INFO: [ app_begin ] --END-- [ RunTime:0.002000s ]

[ 2016-01-13T20:01:51+08:00 ] 127.0.0.1 /Mob/index.php/Test/index
INFO: [ route_check ] --START--
INFO: CheckRoute Behavior ::run [ RunTime:0.002000s ]
INFO: [ route_check ] --END-- [ RunTime:0.003000s ]
INFO: [ app_begin ] --START--
INFO: ReadHtmlCache Behavior ::run [ RunTime:0.001000s ]
INFO: [ app_begin ] --END-- [ RunTime:0.001000s ]

[ 2016-01-13T20:01:52+08:00 ] 127.0.0.1 /Mob/index.php/Test/index
INFO: [ route_check ] --START--
INFO: CheckRoute Behavior ::run [ RunTime:0.001000s ]
INFO: [ route_check ] --END-- [ RunTime:0.001000s ]
INFO: [ app_begin ] --START--
INFO: ReadHtmlCache Behavior ::run [ RunTime:0.001000s ]
INFO: [ app_begin ] --END-- [ RunTime:0.002000s ]

[ 2016-01-13T20:01:53+08:00 ] 127.0.0.1 /Mob/index.php/Test/index
INFO: [ route_check ] --START--
INFO: CheckRoute Behavior ::run [ RunTime:0.002000s ]
INFO: [ route_check ] --END-- [ RunTime:0.002000s ]
INFO: [ app_begin ] --START--
INFO: ReadHtmlCache Behavior ::run [ RunTime:0.001000s ]
INFO: [ app_begin ] --END-- [ RunTime:0.001000s ]

[ 2016-01-13T20:01:53+08:00 ] 127.0.0.1 /Mob/index.php/Test/index
INFO: [ route_check ] --START--
INFO: CheckRoute Behavior ::run [ RunTime:0.001000s ]
INFO: [ route_check ] --END-- [ RunTime:0.002000s ]
INFO: [ app_begin ] --START--
INFO: ReadHtmlCache Behavior ::run [ RunTime:0.001000s ]
INFO: [ app_begin ] --END-- [ RunTime:0.001000s ]

[ 2016-01-13T20:02:13+08:00 ] 127.0.0.1 /Mob/index.php/Test/index
INFO: [ route_check ] --START--
INFO: CheckRoute Behavior ::run [ RunTime:0.001000s ]
INFO: [ route_check ] --END-- [ RunTime:0.001000s ]
INFO: [ app_begin ] --START--
INFO: ReadHtmlCache Behavior ::run [ RunTime:0.001000s ]
INFO: [ app_begin ] --END-- [ RunTime:0.001000s ]

