[ 2016-04-28T10:03:54+08:00 ] 127.0.0.1 /index.php/Index/login
INFO: [ route_check ] --START--
INFO: CheckRoute Behavior ::run [ RunTime:0.002000s ]
INFO: [ route_check ] --END-- [ RunTime:0.002000s ]
INFO: [ app_begin ] --START--
INFO: ReadHtmlCache Behavior ::run [ RunTime:0.002000s ]
INFO: [ app_begin ] --END-- [ RunTime:0.002000s ]
NOTIC: [8] Undefined index: expire E:\wamp\www\ooxx\ThinkPHP\Common\functions.php 第 549 行.
NOTIC: [8] Constant THEME_NAME already defined E:\wamp\www\ooxx\ThinkPHP\Lib\Core\View.class.php 第 223 行.
NOTIC: [8] Constant THEME_PATH already defined E:\wamp\www\ooxx\ThinkPHP\Lib\Core\View.class.php 第 174 行.
NOTIC: [8] Constant APP_TMPL_PATH already defined E:\wamp\www\ooxx\ThinkPHP\Lib\Core\View.class.php 第 175 行.
INFO: [ view_parse ] --START--
NOTIC: [8] Undefined index: loginname E:\wamp\www\ooxx\App\Runtime\Cache\316f642945f8ce9c0e08c0bd1727d108.php 第 64 行.
NOTIC: [8] Undefined index: password E:\wamp\www\ooxx\App\Runtime\Cache\316f642945f8ce9c0e08c0bd1727d108.php 第 67 行.
NOTIC: [8] Undefined index: remember E:\wamp\www\ooxx\App\Runtime\Cache\316f642945f8ce9c0e08c0bd1727d108.php 第 73 行.
NOTIC: [8] Undefined index: remember E:\wamp\www\ooxx\App\Runtime\Cache\316f642945f8ce9c0e08c0bd1727d108.php 第 76 行.
NOTIC: [8] Use of undefined constant Index - assumed 'Index' E:\wamp\www\ooxx\App\Runtime\Cache\316f642945f8ce9c0e08c0bd1727d108.php 第 155 行.
NOTIC: [2] Division by zero E:\wamp\www\ooxx\App\Runtime\Cache\316f642945f8ce9c0e08c0bd1727d108.php 第 155 行.
INFO: ParseTemplate Behavior ::run [ RunTime:0.021001s ]
INFO: [ view_parse ] --END-- [ RunTime:0.021001s ]
INFO: [ view_filter ] --START--
INFO: ContentReplace Behavior ::run [ RunTime:0.002001s ]
INFO: TokenBuild Behavior ::run [ RunTime:0.001000s ]
INFO: WriteHtmlCache Behavior ::run [ RunTime:0.002000s ]
INFO: ShowRuntime Behavior ::run [ RunTime:0.002000s ]
INFO: [ view_filter ] --END-- [ RunTime:0.008001s ]
INFO: [ view_end ] --START--
INFO: ShowPageTrace Behavior ::run [ RunTime:0.002000s ]
INFO: [ view_end ] --END-- [ RunTime:0.002000s ]

[ 2016-04-28T10:08:34+08:00 ] 127.0.0.1 /
INFO: [ app_begin ] --START--
INFO: ReadHtmlCache Behavior ::run [ RunTime:0.001000s ]
INFO: [ app_begin ] --END-- [ RunTime:0.001000s ]
NOTIC: [8] Undefined index: expire E:\wamp\www\ooxx\ThinkPHP\Common\functions.php 第 549 行.
INFO: [ view_parse ] --START--
NOTIC: [8] Undefined index: loginname E:\wamp\www\ooxx\App\Runtime\Cache\316f642945f8ce9c0e08c0bd1727d108.php 第 64 行.
NOTIC: [8] Undefined index: password E:\wamp\www\ooxx\App\Runtime\Cache\316f642945f8ce9c0e08c0bd1727d108.php 第 67 行.
NOTIC: [8] Undefined index: remember E:\wamp\www\ooxx\App\Runtime\Cache\316f642945f8ce9c0e08c0bd1727d108.php 第 73 行.
NOTIC: [8] Undefined index: remember E:\wamp\www\ooxx\App\Runtime\Cache\316f642945f8ce9c0e08c0bd1727d108.php 第 76 行.
NOTIC: [8] Use of undefined constant Index - assumed 'Index' E:\wamp\www\ooxx\App\Runtime\Cache\316f642945f8ce9c0e08c0bd1727d108.php 第 155 行.
NOTIC: [2] Division by zero E:\wamp\www\ooxx\App\Runtime\Cache\316f642945f8ce9c0e08c0bd1727d108.php 第 155 行.
INFO: ParseTemplate Behavior ::run [ RunTime:0.019001s ]
INFO: [ view_parse ] --END-- [ RunTime:0.019001s ]
INFO: [ view_filter ] --START--
INFO: ContentReplace Behavior ::run [ RunTime:0.001000s ]
INFO: TokenBuild Behavior ::run [ RunTime:0.000000s ]
INFO: WriteHtmlCache Behavior ::run [ RunTime:0.000000s ]
INFO: ShowRuntime Behavior ::run [ RunTime:0.001000s ]
INFO: [ view_filter ] --END-- [ RunTime:0.004000s ]
INFO: [ view_end ] --START--
INFO: ShowPageTrace Behavior ::run [ RunTime:0.001000s ]
INFO: [ view_end ] --END-- [ RunTime:0.001000s ]

