[ 2016-06-24T17:12:20+08:00 ] 127.0.0.1 /
INFO: [ app_begin ] --START--
INFO: ReadHtmlCache Behavior ::run [ RunTime:0.001000s ]
INFO: [ app_begin ] --END-- [ RunTime:0.002000s ]
NOTIC: [8] Undefined index: expire E:\wamp\www\ooxx\ThinkPHP\Common\functions.php 第 549 行.
INFO: [ view_parse ] --START--
NOTIC: [8] Undefined index: loginname E:\wamp\www\ooxx\App\Runtime\Cache\316f642945f8ce9c0e08c0bd1727d108.php 第 64 行.
NOTIC: [8] Undefined index: password E:\wamp\www\ooxx\App\Runtime\Cache\316f642945f8ce9c0e08c0bd1727d108.php 第 67 行.
NOTIC: [8] Undefined index: remember E:\wamp\www\ooxx\App\Runtime\Cache\316f642945f8ce9c0e08c0bd1727d108.php 第 73 行.
NOTIC: [8] Undefined index: remember E:\wamp\www\ooxx\App\Runtime\Cache\316f642945f8ce9c0e08c0bd1727d108.php 第 76 行.
NOTIC: [8] Use of undefined constant Index - assumed 'Index' E:\wamp\www\ooxx\App\Runtime\Cache\316f642945f8ce9c0e08c0bd1727d108.php 第 155 行.
NOTIC: [2] Division by zero E:\wamp\www\ooxx\App\Runtime\Cache\316f642945f8ce9c0e08c0bd1727d108.php 第 155 行.
INFO: ParseTemplate Behavior ::run [ RunTime:0.022002s ]
INFO: [ view_parse ] --END-- [ RunTime:0.022002s ]
INFO: [ view_filter ] --START--
INFO: ContentReplace Behavior ::run [ RunTime:0.001000s ]
INFO: TokenBuild Behavior ::run [ RunTime:0.002000s ]
INFO: WriteHtmlCache Behavior ::run [ RunTime:0.001000s ]
INFO: ShowRuntime Behavior ::run [ RunTime:0.001000s ]
INFO: [ view_filter ] --END-- [ RunTime:0.005000s ]
INFO: [ view_end ] --START--
INFO: ShowPageTrace Behavior ::run [ RunTime:0.001000s ]
INFO: [ view_end ] --END-- [ RunTime:0.001000s ]

[ 2016-06-24T17:19:43+08:00 ] 127.0.0.1 /
INFO: [ app_begin ] --START--
INFO: ReadHtmlCache Behavior ::run [ RunTime:0.001000s ]
INFO: [ app_begin ] --END-- [ RunTime:0.001000s ]
NOTIC: [8] Undefined index: expire E:\wamp\www\ooxx\ThinkPHP\Common\functions.php 第 549 行.
INFO: [ view_parse ] --START--
NOTIC: [8] Undefined index: loginname E:\wamp\www\ooxx\App\Runtime\Cache\316f642945f8ce9c0e08c0bd1727d108.php 第 64 行.
NOTIC: [8] Undefined index: password E:\wamp\www\ooxx\App\Runtime\Cache\316f642945f8ce9c0e08c0bd1727d108.php 第 67 行.
NOTIC: [8] Undefined index: remember E:\wamp\www\ooxx\App\Runtime\Cache\316f642945f8ce9c0e08c0bd1727d108.php 第 73 行.
NOTIC: [8] Undefined index: remember E:\wamp\www\ooxx\App\Runtime\Cache\316f642945f8ce9c0e08c0bd1727d108.php 第 76 行.
NOTIC: [8] Use of undefined constant Index - assumed 'Index' E:\wamp\www\ooxx\App\Runtime\Cache\316f642945f8ce9c0e08c0bd1727d108.php 第 155 行.
NOTIC: [2] Division by zero E:\wamp\www\ooxx\App\Runtime\Cache\316f642945f8ce9c0e08c0bd1727d108.php 第 155 行.
INFO: ParseTemplate Behavior ::run [ RunTime:0.018001s ]
INFO: [ view_parse ] --END-- [ RunTime:0.019001s ]
INFO: [ view_filter ] --START--
INFO: ContentReplace Behavior ::run [ RunTime:0.002000s ]
INFO: TokenBuild Behavior ::run [ RunTime:0.001000s ]
INFO: WriteHtmlCache Behavior ::run [ RunTime:0.000000s ]
INFO: ShowRuntime Behavior ::run [ RunTime:0.001000s ]
INFO: [ view_filter ] --END-- [ RunTime:0.004000s ]
INFO: [ view_end ] --START--
INFO: ShowPageTrace Behavior ::run [ RunTime:0.001000s ]
INFO: [ view_end ] --END-- [ RunTime:0.001000s ]

[ 2016-06-24T17:20:07+08:00 ] 127.0.0.1 /index.php/User/userdetail.html?id=142
INFO: [ route_check ] --START--
INFO: CheckRoute Behavior ::run [ RunTime:0.003000s ]
INFO: [ route_check ] --END-- [ RunTime:0.003000s ]
NOTIC: [2] htmlspecialchars() expects parameter 2 to be long, string given E:\wamp\www\ooxx\ThinkPHP\Lib\Core\App.class.php 第 57 行.
INFO: [ app_begin ] --START--
INFO: ReadHtmlCache Behavior ::run [ RunTime:0.001000s ]
INFO: [ app_begin ] --END-- [ RunTime:0.001000s ]
NOTIC: [8] Undefined index: expire E:\wamp\www\ooxx\ThinkPHP\Common\functions.php 第 549 行.
NOTIC: [8] Undefined index: userinfo E:\wamp\www\ooxx\App\Lib\Action\UserAction.class.php 第 4 行.
NOTIC: [8] Undefined index: userinfo E:\wamp\www\ooxx\App\Lib\Action\UserAction.class.php 第 5 行.
NOTIC: 建议使用I方法替代_get
SQL: SHOW COLUMNS FROM `oo_user_detail` [ RunTime:0.006000s ]
SQL: SELECT u.id,u.img_url,u.img_status,d.nickname,d.city,d.show,d.school,d.job,d.constellation FROM oo_user as u LEFT JOIN oo_user_detail as d on u.id=d.uid WHERE ( u.id=142 ) LIMIT 1   [ RunTime:0.003001s ]
SQL: SHOW COLUMNS FROM `oo_collect` [ RunTime:0.006000s ]
SQL: SELECT `id` FROM `oo_collect` WHERE ( `uid` = null ) AND ( `collect_id` = 142 ) LIMIT 1   [ RunTime:0.001000s ]
NOTIC: [8] Undefined index: userinfo E:\wamp\www\ooxx\App\Lib\Action\UserAction.class.php 第 20 行.
NOTIC: 建议使用I方法替代_get
SQL: SHOW COLUMNS FROM `oo_consume` [ RunTime:0.006000s ]
SQL: SELECT `id` FROM `oo_consume` WHERE ( `uid` = null ) AND ( `receive_id` = 142 ) LIMIT 1   [ RunTime:0.001001s ]
SQL: SHOW COLUMNS FROM `oo_chat` [ RunTime:0.006000s ]
SQL: SELECT `id` FROM `oo_chat` WHERE ( `chat_id` = '&142' ) LIMIT 1   [ RunTime:0.000000s ]
SQL: SHOW COLUMNS FROM `oo_user` [ RunTime:0.003000s ]
SQL: SELECT `img_url` FROM `oo_user` WHERE ( id= ) LIMIT 1   [ RunTime:0.000000s ]
ERR: 1064:You have an error in your SQL syntax; check the manual that corresponds to your MySQL server version for the right syntax to use near ') LIMIT 1' at line 1
 [ SQL语句 ] : SELECT `img_url` FROM `oo_user` WHERE ( id= ) LIMIT 1  
INFO: [ view_parse ] --START--
INFO: ParseTemplate Behavior ::run [ RunTime:0.020002s ]
INFO: [ view_parse ] --END-- [ RunTime:0.020002s ]
INFO: [ view_filter ] --START--
INFO: ContentReplace Behavior ::run [ RunTime:0.000000s ]
INFO: TokenBuild Behavior ::run [ RunTime:0.000000s ]
INFO: WriteHtmlCache Behavior ::run [ RunTime:0.001000s ]
INFO: ShowRuntime Behavior ::run [ RunTime:0.001000s ]
INFO: [ view_filter ] --END-- [ RunTime:0.003000s ]
INFO: [ view_end ] --START--
INFO: ShowPageTrace Behavior ::run [ RunTime:0.001000s ]
INFO: [ view_end ] --END-- [ RunTime:0.001000s ]

[ 2016-06-24T17:20:11+08:00 ] 127.0.0.1 /index.php/Show/index.html
INFO: [ route_check ] --START--
INFO: CheckRoute Behavior ::run [ RunTime:0.002000s ]
INFO: [ route_check ] --END-- [ RunTime:0.002000s ]
INFO: [ app_begin ] --START--
INFO: ReadHtmlCache Behavior ::run [ RunTime:0.002000s ]
INFO: [ app_begin ] --END-- [ RunTime:0.003000s ]
NOTIC: [8] Undefined index: expire E:\wamp\www\ooxx\ThinkPHP\Common\functions.php 第 549 行.
NOTIC: [8] Undefined index: userinfo E:\wamp\www\ooxx\App\Lib\Action\ShowAction.class.php 第 5 行.
NOTIC: [8] Undefined index: userinfo E:\wamp\www\ooxx\App\Lib\Action\ShowAction.class.php 第 6 行.
SQL: SHOW COLUMNS FROM `oo_user` [ RunTime:0.004000s ]
SQL: SELECT `id`,`img_url`,`nickname` FROM `oo_user` WHERE ( `img_status` = 1 ) AND ( `sex` = 2 ) ORDER BY ctime asc LIMIT 0,20   [ RunTime:0.001000s ]
SQL: SELECT COUNT(*) AS tp_count FROM `oo_user` WHERE ( `img_status` = 1 ) AND ( `sex` = 2 ) LIMIT 1   [ RunTime:0.001000s ]
INFO: [ view_parse ] --START--
INFO: ParseTemplate Behavior ::run [ RunTime:0.038002s ]
INFO: [ view_parse ] --END-- [ RunTime:0.040002s ]
INFO: [ view_filter ] --START--
INFO: ContentReplace Behavior ::run [ RunTime:0.001000s ]
INFO: TokenBuild Behavior ::run [ RunTime:0.000000s ]
INFO: WriteHtmlCache Behavior ::run [ RunTime:0.000000s ]
INFO: ShowRuntime Behavior ::run [ RunTime:0.001000s ]
INFO: [ view_filter ] --END-- [ RunTime:0.003000s ]
INFO: [ view_end ] --START--
INFO: ShowPageTrace Behavior ::run [ RunTime:0.000000s ]
INFO: [ view_end ] --END-- [ RunTime:0.001000s ]

