[ 2016-05-12T09:50:56+08:00 ] 127.0.0.1 /index.php/User/userdetail.html?id=142
INFO: [ route_check ] --START--
INFO: CheckRoute Behavior ::run [ RunTime:0.001000s ]
INFO: [ route_check ] --END-- [ RunTime:0.002000s ]
NOTIC: [2] htmlspecialchars() expects parameter 2 to be long, string given E:\wamp\www\ooxx\ThinkPHP\Lib\Core\App.class.php 第 57 行.
INFO: [ app_begin ] --START--
INFO: ReadHtmlCache Behavior ::run [ RunTime:0.001000s ]
INFO: [ app_begin ] --END-- [ RunTime:0.002000s ]
NOTIC: [8] Undefined index: expire E:\wamp\www\ooxx\ThinkPHP\Common\functions.php 第 549 行.
NOTIC: [8] Undefined index: userinfo E:\wamp\www\ooxx\App\Lib\Action\UserAction.class.php 第 4 行.
NOTIC: [8] Undefined index: userinfo E:\wamp\www\ooxx\App\Lib\Action\UserAction.class.php 第 5 行.
NOTIC: 建议使用I方法替代_get
SQL: SHOW COLUMNS FROM `oo_user_detail` [ RunTime:0.007001s ]
SQL: SELECT u.id,u.img_url,u.img_status,d.nickname,d.city,d.show,d.school,d.job,d.constellation FROM oo_user as u LEFT JOIN oo_user_detail as d on u.id=d.uid WHERE ( u.id=142 ) LIMIT 1   [ RunTime:0.004000s ]
SQL: SHOW COLUMNS FROM `oo_collect` [ RunTime:0.007000s ]
SQL: SELECT `id` FROM `oo_collect` WHERE ( `uid` = null ) AND ( `collect_id` = 142 ) LIMIT 1   [ RunTime:0.001000s ]
NOTIC: [8] Undefined index: userinfo E:\wamp\www\ooxx\App\Lib\Action\UserAction.class.php 第 20 行.
NOTIC: 建议使用I方法替代_get
SQL: SHOW COLUMNS FROM `oo_consume` [ RunTime:0.006000s ]
SQL: SELECT `id` FROM `oo_consume` WHERE ( `uid` = null ) AND ( `receive_id` = 142 ) LIMIT 1   [ RunTime:0.001000s ]
SQL: SHOW COLUMNS FROM `oo_chat` [ RunTime:0.006000s ]
SQL: SELECT `id` FROM `oo_chat` WHERE ( `chat_id` = '&142' ) LIMIT 1   [ RunTime:0.001001s ]
SQL: SHOW COLUMNS FROM `oo_user` [ RunTime:0.004000s ]
SQL: SELECT `img_url` FROM `oo_user` WHERE ( id= ) LIMIT 1   [ RunTime:0.000000s ]
ERR: 1064:You have an error in your SQL syntax; check the manual that corresponds to your MySQL server version for the right syntax to use near ') LIMIT 1' at line 1
 [ SQL语句 ] : SELECT `img_url` FROM `oo_user` WHERE ( id= ) LIMIT 1  
INFO: [ view_parse ] --START--
INFO: ParseTemplate Behavior ::run [ RunTime:0.019001s ]
INFO: [ view_parse ] --END-- [ RunTime:0.019001s ]
INFO: [ view_filter ] --START--
INFO: ContentReplace Behavior ::run [ RunTime:0.000000s ]
INFO: TokenBuild Behavior ::run [ RunTime:0.000000s ]
INFO: WriteHtmlCache Behavior ::run [ RunTime:0.000000s ]
INFO: ShowRuntime Behavior ::run [ RunTime:0.001000s ]
INFO: [ view_filter ] --END-- [ RunTime:0.004000s ]
INFO: [ view_end ] --START--
INFO: ShowPageTrace Behavior ::run [ RunTime:0.001000s ]
INFO: [ view_end ] --END-- [ RunTime:0.001000s ]

[ 2016-05-12T14:48:14+08:00 ] 127.0.0.1 /index.php/User/userdetail.html?id=142
INFO: [ route_check ] --START--
INFO: CheckRoute Behavior ::run [ RunTime:0.002000s ]
INFO: [ route_check ] --END-- [ RunTime:0.002000s ]
NOTIC: [2] htmlspecialchars() expects parameter 2 to be long, string given E:\wamp\www\ooxx\ThinkPHP\Lib\Core\App.class.php 第 57 行.
INFO: [ app_begin ] --START--
INFO: ReadHtmlCache Behavior ::run [ RunTime:0.001000s ]
INFO: [ app_begin ] --END-- [ RunTime:0.001000s ]
NOTIC: [8] Undefined index: expire E:\wamp\www\ooxx\ThinkPHP\Common\functions.php 第 549 行.
NOTIC: [8] Undefined index: userinfo E:\wamp\www\ooxx\App\Lib\Action\UserAction.class.php 第 4 行.
NOTIC: [8] Undefined index: userinfo E:\wamp\www\ooxx\App\Lib\Action\UserAction.class.php 第 5 行.
NOTIC: 建议使用I方法替代_get
SQL: SHOW COLUMNS FROM `oo_user_detail` [ RunTime:0.004000s ]
SQL: SELECT u.id,u.img_url,u.img_status,d.nickname,d.city,d.show,d.school,d.job,d.constellation FROM oo_user as u LEFT JOIN oo_user_detail as d on u.id=d.uid WHERE ( u.id=142 ) LIMIT 1   [ RunTime:0.001000s ]
SQL: SHOW COLUMNS FROM `oo_collect` [ RunTime:0.003000s ]
SQL: SELECT `id` FROM `oo_collect` WHERE ( `uid` = null ) AND ( `collect_id` = 142 ) LIMIT 1   [ RunTime:0.001000s ]
NOTIC: [8] Undefined index: userinfo E:\wamp\www\ooxx\App\Lib\Action\UserAction.class.php 第 20 行.
NOTIC: 建议使用I方法替代_get
SQL: SHOW COLUMNS FROM `oo_consume` [ RunTime:0.003000s ]
SQL: SELECT `id` FROM `oo_consume` WHERE ( `uid` = null ) AND ( `receive_id` = 142 ) LIMIT 1   [ RunTime:0.000000s ]
SQL: SHOW COLUMNS FROM `oo_chat` [ RunTime:0.003001s ]
SQL: SELECT `id` FROM `oo_chat` WHERE ( `chat_id` = '&142' ) LIMIT 1   [ RunTime:0.001000s ]
SQL: SHOW COLUMNS FROM `oo_user` [ RunTime:0.004000s ]
SQL: SELECT `img_url` FROM `oo_user` WHERE ( id= ) LIMIT 1   [ RunTime:0.000000s ]
ERR: 1064:You have an error in your SQL syntax; check the manual that corresponds to your MySQL server version for the right syntax to use near ') LIMIT 1' at line 1
 [ SQL语句 ] : SELECT `img_url` FROM `oo_user` WHERE ( id= ) LIMIT 1  
INFO: [ view_parse ] --START--
INFO: ParseTemplate Behavior ::run [ RunTime:0.018001s ]
INFO: [ view_parse ] --END-- [ RunTime:0.020001s ]
INFO: [ view_filter ] --START--
INFO: ContentReplace Behavior ::run [ RunTime:0.001000s ]
INFO: TokenBuild Behavior ::run [ RunTime:0.001000s ]
INFO: WriteHtmlCache Behavior ::run [ RunTime:0.001000s ]
INFO: ShowRuntime Behavior ::run [ RunTime:0.001000s ]
INFO: [ view_filter ] --END-- [ RunTime:0.004000s ]
INFO: [ view_end ] --START--
INFO: ShowPageTrace Behavior ::run [ RunTime:0.001000s ]
INFO: [ view_end ] --END-- [ RunTime:0.001000s ]

[ 2016-05-12T14:48:36+08:00 ] 127.0.0.1 /index.php/User/man.html
INFO: [ route_check ] --START--
INFO: CheckRoute Behavior ::run [ RunTime:0.002000s ]
INFO: [ route_check ] --END-- [ RunTime:0.002000s ]
INFO: [ app_begin ] --START--
INFO: ReadHtmlCache Behavior ::run [ RunTime:0.001001s ]
INFO: [ app_begin ] --END-- [ RunTime:0.002001s ]
NOTIC: [8] Undefined index: expire E:\wamp\www\ooxx\ThinkPHP\Common\functions.php 第 549 行.
NOTIC: [8] Undefined index: userinfo E:\wamp\www\ooxx\App\Lib\Action\UserAction.class.php 第 113 行.
NOTIC: [8] Undefined index: userinfo E:\wamp\www\ooxx\App\Lib\Action\UserAction.class.php 第 114 行.
SQL: SHOW COLUMNS FROM `oo_user_detail` [ RunTime:0.004001s ]
SQL: SELECT d.id,u.img_url,u.img_status,u.sex,d.uid,d.nickname,d.city,d.show,d.school,d.job,d.constellation FROM oo_user as u LEFT JOIN oo_user_detail as d on u.id=d.uid WHERE ( u.id= ) LIMIT 1   [ RunTime:0.000000s ]
ERR: 1064:You have an error in your SQL syntax; check the manual that corresponds to your MySQL server version for the right syntax to use near ') LIMIT 1' at line 1
 [ SQL语句 ] : SELECT d.id,u.img_url,u.img_status,u.sex,d.uid,d.nickname,d.city,d.show,d.school,d.job,d.constellation FROM oo_user as u LEFT JOIN oo_user_detail as d on u.id=d.uid WHERE ( u.id= ) LIMIT 1  
SQL: SHOW COLUMNS FROM `oo_collect` [ RunTime:0.003000s ]
SQL: SELECT c.collect_id,c.collect_name,u.img_url FROM oo_collect as c LEFT JOIN oo_user as u on c.collect_id=u.id WHERE ( c.uid= ) LIMIT 0,12   [ RunTime:0.001000s ]
ERR: 1064:You have an error in your SQL syntax; check the manual that corresponds to your MySQL server version for the right syntax to use near ') LIMIT 0,12' at line 1
 [ SQL语句 ] : SELECT c.collect_id,c.collect_name,u.img_url FROM oo_collect as c LEFT JOIN oo_user as u on c.collect_id=u.id WHERE ( c.uid= ) LIMIT 0,12  
SQL: SELECT COUNT(*) AS tp_count FROM oo_collect as c LEFT JOIN oo_user as u on c.collect_id=u.id WHERE ( c.uid= ) LIMIT 1   [ RunTime:0.000000s ]
ERR: 1064:You have an error in your SQL syntax; check the manual that corresponds to your MySQL server version for the right syntax to use near ') LIMIT 1' at line 1
 [ SQL语句 ] : SELECT COUNT(*) AS tp_count FROM oo_collect as c LEFT JOIN oo_user as u on c.collect_id=u.id WHERE ( c.uid= ) LIMIT 1  
SQL: SHOW COLUMNS FROM `oo_consume` [ RunTime:0.004001s ]
SQL: SELECT `gift_name`,`money`,`receive_name`,`ctime` FROM `oo_consume` WHERE ( uid= ) ORDER BY ctime LIMIT 0,12   [ RunTime:0.000000s ]
ERR: 1064:You have an error in your SQL syntax; check the manual that corresponds to your MySQL server version for the right syntax to use near ') ORDER BY ctime LIMIT 0,12' at line 1
 [ SQL语句 ] : SELECT `gift_name`,`money`,`receive_name`,`ctime` FROM `oo_consume` WHERE ( uid= ) ORDER BY ctime LIMIT 0,12  
NOTIC: [2] Invalid argument supplied for foreach() E:\wamp\www\ooxx\App\Lib\Action\UserAction.class.php 第 128 行.
SQL: SELECT COUNT(*) AS tp_count FROM `oo_consume` WHERE ( uid= ) LIMIT 1   [ RunTime:0.001000s ]
ERR: 1064:You have an error in your SQL syntax; check the manual that corresponds to your MySQL server version for the right syntax to use near ') LIMIT 1' at line 1
 [ SQL语句 ] : SELECT COUNT(*) AS tp_count FROM `oo_consume` WHERE ( uid= ) LIMIT 1  
SQL: SHOW COLUMNS FROM `oo_chat` [ RunTime:0.003000s ]
SQL: SELECT `id`,`chat_id`,`message`,`mtime`,`has_new`,`is_admin` FROM `oo_chat` WHERE ( `chat_id` LIKE '%%' ) ORDER BY mtime desc LIMIT 0,12   [ RunTime:0.000000s ]
SQL: SELECT COUNT(*) AS tp_count FROM `oo_chat` WHERE ( `chat_id` LIKE '%%' ) LIMIT 1   [ RunTime:0.001000s ]
SQL: SHOW COLUMNS FROM `oo_user` [ RunTime:0.003000s ]
SQL: SELECT `nickname`,`img_url`,`img_status` FROM `oo_user` WHERE ( `id` = 142 ) LIMIT 1   [ RunTime:0.001000s ]
SQL: SELECT `nickname`,`img_url`,`img_status` FROM `oo_user` WHERE ( `id` = 142 ) LIMIT 1   [ RunTime:0.000000s ]
SQL: SELECT `nickname`,`img_url`,`img_status` FROM `oo_user` WHERE ( `id` = 1 ) LIMIT 1   [ RunTime:0.001000s ]
SQL: SELECT `nickname`,`img_url`,`img_status` FROM `oo_user` WHERE ( `id` = 1 ) LIMIT 1   [ RunTime:0.001000s ]
SQL: SELECT `nickname`,`img_url`,`img_status` FROM `oo_user` WHERE ( `id` = 1 ) LIMIT 1   [ RunTime:0.001000s ]
INFO: [ view_parse ] --START--
NOTIC: [8] Use of undefined constant 管理人员 - assumed '管理人员' E:\wamp\www\ooxx\App\Runtime\Cache\71f5faa90d2c809b5ef8efc1d4c7e980.php 第 124 行.
NOTIC: [8] Use of undefined constant 一般人员 - assumed '一般人员' E:\wamp\www\ooxx\App\Runtime\Cache\71f5faa90d2c809b5ef8efc1d4c7e980.php 第 125 行.
NOTIC: [8] Use of undefined constant 内勤 - assumed '内勤' E:\wamp\www\ooxx\App\Runtime\Cache\71f5faa90d2c809b5ef8efc1d4c7e980.php 第 126 行.
NOTIC: [8] Use of undefined constant 后勤 - assumed '后勤' E:\wamp\www\ooxx\App\Runtime\Cache\71f5faa90d2c809b5ef8efc1d4c7e980.php 第 127 行.
NOTIC: [8] Use of undefined constant 工人 - assumed '工人' E:\wamp\www\ooxx\App\Runtime\Cache\71f5faa90d2c809b5ef8efc1d4c7e980.php 第 128 行.
NOTIC: [8] Use of undefined constant 销售 - assumed '销售' E:\wamp\www\ooxx\App\Runtime\Cache\71f5faa90d2c809b5ef8efc1d4c7e980.php 第 129 行.
NOTIC: [8] Use of undefined constant 中介 - assumed '中介' E:\wamp\www\ooxx\App\Runtime\Cache\71f5faa90d2c809b5ef8efc1d4c7e980.php 第 129 行.
NOTIC: [2] Division by zero E:\wamp\www\ooxx\App\Runtime\Cache\71f5faa90d2c809b5ef8efc1d4c7e980.php 第 129 行.
NOTIC: [8] Use of undefined constant 业务代表 - assumed '业务代表' E:\wamp\www\ooxx\App\Runtime\Cache\71f5faa90d2c809b5ef8efc1d4c7e980.php 第 129 行.
NOTIC: [2] Division by zero E:\wamp\www\ooxx\App\Runtime\Cache\71f5faa90d2c809b5ef8efc1d4c7e980.php 第 129 行.
NOTIC: [8] Use of undefined constant 营业 - assumed '营业' E:\wamp\www\ooxx\App\Runtime\Cache\71f5faa90d2c809b5ef8efc1d4c7e980.php 第 130 行.
NOTIC: [8] Use of undefined constant 服务员 - assumed '服务员' E:\wamp\www\ooxx\App\Runtime\Cache\71f5faa90d2c809b5ef8efc1d4c7e980.php 第 130 行.
NOTIC: [2] Division by zero E:\wamp\www\ooxx\App\Runtime\Cache\71f5faa90d2c809b5ef8efc1d4c7e980.php 第 130 行.
NOTIC: [8] Use of undefined constant 个体商户 - assumed '个体商户' E:\wamp\www\ooxx\App\Runtime\Cache\71f5faa90d2c809b5ef8efc1d4c7e980.php 第 131 行.
NOTIC: [8] Use of undefined constant 学生 - assumed '学生' E:\wamp\www\ooxx\App\Runtime\Cache\71f5faa90d2c809b5ef8efc1d4c7e980.php 第 132 行.
NOTIC: [8] Use of undefined constant 其他 - assumed '其他' E:\wamp\www\ooxx\App\Runtime\Cache\71f5faa90d2c809b5ef8efc1d4c7e980.php 第 133 行.
NOTIC: [8] Use of undefined constant 白羊座 - assumed '白羊座' E:\wamp\www\ooxx\App\Runtime\Cache\71f5faa90d2c809b5ef8efc1d4c7e980.php 第 139 行.
NOTIC: [8] Use of undefined constant 金牛座 - assumed '金牛座' E:\wamp\www\ooxx\App\Runtime\Cache\71f5faa90d2c809b5ef8efc1d4c7e980.php 第 140 行.
NOTIC: [8] Use of undefined constant 双子座 - assumed '双子座' E:\wamp\www\ooxx\App\Runtime\Cache\71f5faa90d2c809b5ef8efc1d4c7e980.php 第 141 行.
NOTIC: [8] Use of undefined constant 巨蟹座 - assumed '巨蟹座' E:\wamp\www\ooxx\App\Runtime\Cache\71f5faa90d2c809b5ef8efc1d4c7e980.php 第 142 行.
NOTIC: [8] Use of undefined constant 狮子座 - assumed '狮子座' E:\wamp\www\ooxx\App\Runtime\Cache\71f5faa90d2c809b5ef8efc1d4c7e980.php 第 143 行.
NOTIC: [8] Use of undefined constant 处女座 - assumed '处女座' E:\wamp\www\ooxx\App\Runtime\Cache\71f5faa90d2c809b5ef8efc1d4c7e980.php 第 144 行.
NOTIC: [8] Use of undefined constant 天秤座 - assumed '天秤座' E:\wamp\www\ooxx\App\Runtime\Cache\71f5faa90d2c809b5ef8efc1d4c7e980.php 第 145 行.
NOTIC: [8] Use of undefined constant 天蝎座 - assumed '天蝎座' E:\wamp\www\ooxx\App\Runtime\Cache\71f5faa90d2c809b5ef8efc1d4c7e980.php 第 146 行.
NOTIC: [8] Use of undefined constant 射手座 - assumed '射手座' E:\wamp\www\ooxx\App\Runtime\Cache\71f5faa90d2c809b5ef8efc1d4c7e980.php 第 147 行.
NOTIC: [8] Use of undefined constant 魔蝎座 - assumed '魔蝎座' E:\wamp\www\ooxx\App\Runtime\Cache\71f5faa90d2c809b5ef8efc1d4c7e980.php 第 148 行.
NOTIC: [8] Use of undefined constant 水瓶座 - assumed '水瓶座' E:\wamp\www\ooxx\App\Runtime\Cache\71f5faa90d2c809b5ef8efc1d4c7e980.php 第 149 行.
NOTIC: [8] Use of undefined constant 双鱼座 - assumed '双鱼座' E:\wamp\www\ooxx\App\Runtime\Cache\71f5faa90d2c809b5ef8efc1d4c7e980.php 第 150 行.
NOTIC: [8] Undefined variable: message_pagenum E:\wamp\www\ooxx\App\Runtime\Cache\71f5faa90d2c809b5ef8efc1d4c7e980.php 第 216 行.
INFO: ParseTemplate Behavior ::run [ RunTime:0.044002s ]
INFO: [ view_parse ] --END-- [ RunTime:0.044002s ]
INFO: [ view_filter ] --START--
INFO: ContentReplace Behavior ::run [ RunTime:0.001000s ]
INFO: TokenBuild Behavior ::run [ RunTime:0.001001s ]
INFO: WriteHtmlCache Behavior ::run [ RunTime:0.000000s ]
INFO: ShowRuntime Behavior ::run [ RunTime:0.001000s ]
INFO: [ view_filter ] --END-- [ RunTime:0.004001s ]
INFO: [ view_end ] --START--
INFO: ShowPageTrace Behavior ::run [ RunTime:0.001000s ]
INFO: [ view_end ] --END-- [ RunTime:0.001000s ]

[ 2016-05-12T14:49:20+08:00 ] 127.0.0.1 /index.php/User/edit_detail
INFO: [ route_check ] --START--
INFO: CheckRoute Behavior ::run [ RunTime:0.002000s ]
INFO: [ route_check ] --END-- [ RunTime:0.002000s ]
NOTIC: [2] htmlspecialchars() expects parameter 2 to be long, string given E:\wamp\www\ooxx\ThinkPHP\Lib\Core\App.class.php 第 56 行.
NOTIC: [2] htmlspecialchars() expects parameter 2 to be long, string given E:\wamp\www\ooxx\ThinkPHP\Lib\Core\App.class.php 第 56 行.
NOTIC: [2] htmlspecialchars() expects parameter 2 to be long, string given E:\wamp\www\ooxx\ThinkPHP\Lib\Core\App.class.php 第 56 行.
NOTIC: [2] htmlspecialchars() expects parameter 2 to be long, string given E:\wamp\www\ooxx\ThinkPHP\Lib\Core\App.class.php 第 56 行.
INFO: [ app_begin ] --START--
INFO: ReadHtmlCache Behavior ::run [ RunTime:0.001000s ]
INFO: [ app_begin ] --END-- [ RunTime:0.001000s ]
NOTIC: [8] Undefined index: expire E:\wamp\www\ooxx\ThinkPHP\Common\functions.php 第 549 行.
NOTIC: 建议使用I方法替代_post
SQL: SHOW COLUMNS FROM `oo_user_detail` [ RunTime:0.003000s ]
SQL: UPDATE `oo_user_detail` SET `city`='',`job`='营业/服务员',`constellation`='白羊座' WHERE ( `id` = 0 ) [ RunTime:0.001000s ]

[ 2016-05-12T14:50:22+08:00 ] 127.0.0.1 /index.php/User/query_chat
INFO: [ route_check ] --START--
INFO: CheckRoute Behavior ::run [ RunTime:0.002000s ]
INFO: [ route_check ] --END-- [ RunTime:0.002000s ]
NOTIC: [2] htmlspecialchars() expects parameter 2 to be long, string given E:\wamp\www\ooxx\ThinkPHP\Lib\Core\App.class.php 第 56 行.
INFO: [ app_begin ] --START--
INFO: ReadHtmlCache Behavior ::run [ RunTime:0.001000s ]
INFO: [ app_begin ] --END-- [ RunTime:0.001000s ]
NOTIC: [8] Undefined index: expire E:\wamp\www\ooxx\ThinkPHP\Common\functions.php 第 549 行.
NOTIC: [8] Undefined index: userinfo E:\wamp\www\ooxx\App\Lib\Action\UserAction.class.php 第 358 行.
NOTIC: 建议使用I方法替代_post
SQL: SHOW COLUMNS FROM `oo_message` [ RunTime:0.007000s ]
SQL: SELECT `send_id`,`accept_id`,`send_time`,`content` FROM `oo_message` WHERE ( `chat_id` = 1 ) ORDER BY send_time asc  [ RunTime:0.001000s ]
SQL: SHOW COLUMNS FROM `oo_chat` [ RunTime:0.004000s ]
SQL: SELECT `chat_id` FROM `oo_chat` WHERE ( id=1 ) LIMIT 1   [ RunTime:0.000000s ]
SQL: SHOW COLUMNS FROM `oo_user` [ RunTime:0.004000s ]
NOTIC: [2] Invalid argument supplied for foreach() E:\wamp\www\ooxx\App\Lib\Action\UserAction.class.php 第 371 行.
SQL: UPDATE `oo_chat` SET `has_new`=1 WHERE ( `id` = 1 ) [ RunTime:0.004000s ]

[ 2016-05-12T14:50:26+08:00 ] 127.0.0.1 /index.php/User/query_chat
INFO: [ route_check ] --START--
INFO: CheckRoute Behavior ::run [ RunTime:0.003000s ]
INFO: [ route_check ] --END-- [ RunTime:0.003000s ]
NOTIC: [2] htmlspecialchars() expects parameter 2 to be long, string given E:\wamp\www\ooxx\ThinkPHP\Lib\Core\App.class.php 第 56 行.
INFO: [ app_begin ] --START--
INFO: ReadHtmlCache Behavior ::run [ RunTime:0.001000s ]
INFO: [ app_begin ] --END-- [ RunTime:0.001000s ]
NOTIC: [8] Undefined index: expire E:\wamp\www\ooxx\ThinkPHP\Common\functions.php 第 549 行.
NOTIC: [8] Undefined index: userinfo E:\wamp\www\ooxx\App\Lib\Action\UserAction.class.php 第 358 行.
NOTIC: 建议使用I方法替代_post
SQL: SHOW COLUMNS FROM `oo_message` [ RunTime:0.003000s ]
SQL: SELECT `send_id`,`accept_id`,`send_time`,`content` FROM `oo_message` WHERE ( `chat_id` = 3 ) ORDER BY send_time asc  [ RunTime:0.001000s ]
SQL: SHOW COLUMNS FROM `oo_chat` [ RunTime:0.003000s ]
SQL: SELECT `chat_id` FROM `oo_chat` WHERE ( id=3 ) LIMIT 1   [ RunTime:0.001000s ]
SQL: SHOW COLUMNS FROM `oo_user` [ RunTime:0.004000s ]
NOTIC: [2] Invalid argument supplied for foreach() E:\wamp\www\ooxx\App\Lib\Action\UserAction.class.php 第 371 行.
SQL: UPDATE `oo_chat` SET `has_new`=1 WHERE ( `id` = 3 ) [ RunTime:0.017001s ]

[ 2016-05-12T14:50:29+08:00 ] 127.0.0.1 /index.php/User/query_chat
INFO: [ route_check ] --START--
INFO: CheckRoute Behavior ::run [ RunTime:0.003000s ]
INFO: [ route_check ] --END-- [ RunTime:0.003000s ]
NOTIC: [2] htmlspecialchars() expects parameter 2 to be long, string given E:\wamp\www\ooxx\ThinkPHP\Lib\Core\App.class.php 第 56 行.
INFO: [ app_begin ] --START--
INFO: ReadHtmlCache Behavior ::run [ RunTime:0.002000s ]
INFO: [ app_begin ] --END-- [ RunTime:0.002000s ]
NOTIC: [8] Undefined index: expire E:\wamp\www\ooxx\ThinkPHP\Common\functions.php 第 549 行.
NOTIC: [8] Undefined index: userinfo E:\wamp\www\ooxx\App\Lib\Action\UserAction.class.php 第 358 行.
NOTIC: 建议使用I方法替代_post
SQL: SHOW COLUMNS FROM `oo_message` [ RunTime:0.003000s ]
SQL: SELECT `send_id`,`accept_id`,`send_time`,`content` FROM `oo_message` WHERE ( `chat_id` = 4 ) ORDER BY send_time asc  [ RunTime:0.001000s ]
SQL: SHOW COLUMNS FROM `oo_chat` [ RunTime:0.003001s ]
SQL: SELECT `chat_id` FROM `oo_chat` WHERE ( id=4 ) LIMIT 1   [ RunTime:0.001000s ]
SQL: SHOW COLUMNS FROM `oo_user` [ RunTime:0.004000s ]
NOTIC: [2] Invalid argument supplied for foreach() E:\wamp\www\ooxx\App\Lib\Action\UserAction.class.php 第 371 行.
SQL: UPDATE `oo_chat` SET `has_new`=1 WHERE ( `id` = 4 ) [ RunTime:0.003000s ]

[ 2016-05-12T14:50:31+08:00 ] 127.0.0.1 /index.php/User/query_chat
INFO: [ route_check ] --START--
INFO: CheckRoute Behavior ::run [ RunTime:0.003000s ]
INFO: [ route_check ] --END-- [ RunTime:0.003000s ]
NOTIC: [2] htmlspecialchars() expects parameter 2 to be long, string given E:\wamp\www\ooxx\ThinkPHP\Lib\Core\App.class.php 第 56 行.
INFO: [ app_begin ] --START--
INFO: ReadHtmlCache Behavior ::run [ RunTime:0.002000s ]
INFO: [ app_begin ] --END-- [ RunTime:0.002000s ]
NOTIC: [8] Undefined index: expire E:\wamp\www\ooxx\ThinkPHP\Common\functions.php 第 549 行.
NOTIC: [8] Undefined index: userinfo E:\wamp\www\ooxx\App\Lib\Action\UserAction.class.php 第 358 行.
NOTIC: 建议使用I方法替代_post
SQL: SHOW COLUMNS FROM `oo_message` [ RunTime:0.003000s ]
SQL: SELECT `send_id`,`accept_id`,`send_time`,`content` FROM `oo_message` WHERE ( `chat_id` = 5 ) ORDER BY send_time asc  [ RunTime:0.000000s ]
SQL: SHOW COLUMNS FROM `oo_chat` [ RunTime:0.003000s ]
SQL: SELECT `chat_id` FROM `oo_chat` WHERE ( id=5 ) LIMIT 1   [ RunTime:0.000000s ]
SQL: SHOW COLUMNS FROM `oo_user` [ RunTime:0.004000s ]
SQL: SELECT `img_url` FROM `oo_user` WHERE ( id= ) LIMIT 1   [ RunTime:0.000000s ]
ERR: 1064:You have an error in your SQL syntax; check the manual that corresponds to your MySQL server version for the right syntax to use near ') LIMIT 1' at line 1
 [ SQL语句 ] : SELECT `img_url` FROM `oo_user` WHERE ( id= ) LIMIT 1  
SQL: UPDATE `oo_chat` SET `has_new`=1 WHERE ( `id` = 5 ) [ RunTime:0.020001s ]

[ 2016-05-12T14:50:31+08:00 ] 127.0.0.1 /index.php/User/null
INFO: [ route_check ] --START--
INFO: CheckRoute Behavior ::run [ RunTime:0.001000s ]
INFO: [ route_check ] --END-- [ RunTime:0.001000s ]
INFO: [ app_begin ] --START--
INFO: ReadHtmlCache Behavior ::run [ RunTime:0.001001s ]
INFO: [ app_begin ] --END-- [ RunTime:0.001001s ]
NOTIC: [8] Undefined index: expire E:\wamp\www\ooxx\ThinkPHP\Common\functions.php 第 549 行.
ERR: 非法操作:null

[ 2016-05-12T14:50:34+08:00 ] 127.0.0.1 /index.php/User/query_chat
INFO: [ route_check ] --START--
INFO: CheckRoute Behavior ::run [ RunTime:0.002000s ]
INFO: [ route_check ] --END-- [ RunTime:0.003000s ]
NOTIC: [2] htmlspecialchars() expects parameter 2 to be long, string given E:\wamp\www\ooxx\ThinkPHP\Lib\Core\App.class.php 第 56 行.
INFO: [ app_begin ] --START--
INFO: ReadHtmlCache Behavior ::run [ RunTime:0.001000s ]
INFO: [ app_begin ] --END-- [ RunTime:0.001000s ]
NOTIC: [8] Undefined index: expire E:\wamp\www\ooxx\ThinkPHP\Common\functions.php 第 549 行.
NOTIC: [8] Undefined index: userinfo E:\wamp\www\ooxx\App\Lib\Action\UserAction.class.php 第 358 行.
NOTIC: 建议使用I方法替代_post
SQL: SHOW COLUMNS FROM `oo_message` [ RunTime:0.004000s ]
SQL: SELECT `send_id`,`accept_id`,`send_time`,`content` FROM `oo_message` WHERE ( `chat_id` = 6 ) ORDER BY send_time asc  [ RunTime:0.000000s ]
SQL: SHOW COLUMNS FROM `oo_chat` [ RunTime:0.004000s ]
SQL: SELECT `chat_id` FROM `oo_chat` WHERE ( id=6 ) LIMIT 1   [ RunTime:0.001000s ]
SQL: SHOW COLUMNS FROM `oo_user` [ RunTime:0.005000s ]
SQL: SELECT `img_url` FROM `oo_user` WHERE ( id= ) LIMIT 1   [ RunTime:0.001000s ]
ERR: 1064:You have an error in your SQL syntax; check the manual that corresponds to your MySQL server version for the right syntax to use near ') LIMIT 1' at line 1
 [ SQL语句 ] : SELECT `img_url` FROM `oo_user` WHERE ( id= ) LIMIT 1  
SQL: UPDATE `oo_chat` SET `has_new`=1 WHERE ( `id` = 6 ) [ RunTime:0.003000s ]

[ 2016-05-12T14:50:34+08:00 ] 127.0.0.1 /index.php/User/null
INFO: [ route_check ] --START--
INFO: CheckRoute Behavior ::run [ RunTime:0.003000s ]
INFO: [ route_check ] --END-- [ RunTime:0.003000s ]
INFO: [ app_begin ] --START--
INFO: ReadHtmlCache Behavior ::run [ RunTime:0.001000s ]
INFO: [ app_begin ] --END-- [ RunTime:0.001000s ]
NOTIC: [8] Undefined index: expire E:\wamp\www\ooxx\ThinkPHP\Common\functions.php 第 549 行.
ERR: 非法操作:null

[ 2016-05-12T17:45:31+08:00 ] 127.0.0.1 /index.php/User/userdetail.html?id=142
INFO: [ route_check ] --START--
INFO: CheckRoute Behavior ::run [ RunTime:0.004000s ]
INFO: [ route_check ] --END-- [ RunTime:0.005000s ]
NOTIC: [2] htmlspecialchars() expects parameter 2 to be long, string given E:\wamp\www\ooxx\ThinkPHP\Lib\Core\App.class.php 第 57 行.
INFO: [ app_begin ] --START--
INFO: ReadHtmlCache Behavior ::run [ RunTime:0.001000s ]
INFO: [ app_begin ] --END-- [ RunTime:0.002000s ]
NOTIC: [8] Undefined index: expire E:\wamp\www\ooxx\ThinkPHP\Common\functions.php 第 549 行.
NOTIC: [8] Undefined index: userinfo E:\wamp\www\ooxx\App\Lib\Action\UserAction.class.php 第 4 行.
NOTIC: [8] Undefined index: userinfo E:\wamp\www\ooxx\App\Lib\Action\UserAction.class.php 第 5 行.
NOTIC: 建议使用I方法替代_get
SQL: SHOW COLUMNS FROM `oo_user_detail` [ RunTime:0.004000s ]
SQL: SELECT u.id,u.img_url,u.img_status,d.nickname,d.city,d.show,d.school,d.job,d.constellation FROM oo_user as u LEFT JOIN oo_user_detail as d on u.id=d.uid WHERE ( u.id=142 ) LIMIT 1   [ RunTime:0.001000s ]
SQL: SHOW COLUMNS FROM `oo_collect` [ RunTime:0.003000s ]
SQL: SELECT `id` FROM `oo_collect` WHERE ( `uid` = null ) AND ( `collect_id` = 142 ) LIMIT 1   [ RunTime:0.001000s ]
NOTIC: [8] Undefined index: userinfo E:\wamp\www\ooxx\App\Lib\Action\UserAction.class.php 第 20 行.
NOTIC: 建议使用I方法替代_get
SQL: SHOW COLUMNS FROM `oo_consume` [ RunTime:0.003000s ]
SQL: SELECT `id` FROM `oo_consume` WHERE ( `uid` = null ) AND ( `receive_id` = 142 ) LIMIT 1   [ RunTime:0.000000s ]
SQL: SHOW COLUMNS FROM `oo_chat` [ RunTime:0.004000s ]
SQL: SELECT `id` FROM `oo_chat` WHERE ( `chat_id` = '&142' ) LIMIT 1   [ RunTime:0.001000s ]
SQL: SHOW COLUMNS FROM `oo_user` [ RunTime:0.004000s ]
SQL: SELECT `img_url` FROM `oo_user` WHERE ( id= ) LIMIT 1   [ RunTime:0.000000s ]
ERR: 1064:You have an error in your SQL syntax; check the manual that corresponds to your MySQL server version for the right syntax to use near ') LIMIT 1' at line 1
 [ SQL语句 ] : SELECT `img_url` FROM `oo_user` WHERE ( id= ) LIMIT 1  
INFO: [ view_parse ] --START--
INFO: ParseTemplate Behavior ::run [ RunTime:0.019001s ]
INFO: [ view_parse ] --END-- [ RunTime:0.020001s ]
INFO: [ view_filter ] --START--
INFO: ContentReplace Behavior ::run [ RunTime:0.001000s ]
INFO: TokenBuild Behavior ::run [ RunTime:0.001000s ]
INFO: WriteHtmlCache Behavior ::run [ RunTime:0.001000s ]
INFO: ShowRuntime Behavior ::run [ RunTime:0.001000s ]
INFO: [ view_filter ] --END-- [ RunTime:0.004000s ]
INFO: [ view_end ] --START--
INFO: ShowPageTrace Behavior ::run [ RunTime:0.001000s ]
INFO: [ view_end ] --END-- [ RunTime:0.001000s ]

[ 2016-05-12T17:45:33+08:00 ] 127.0.0.1 /index.php/Show/index.html
INFO: [ route_check ] --START--
INFO: CheckRoute Behavior ::run [ RunTime:0.002000s ]
INFO: [ route_check ] --END-- [ RunTime:0.004000s ]
INFO: [ app_begin ] --START--
INFO: ReadHtmlCache Behavior ::run [ RunTime:0.001000s ]
INFO: [ app_begin ] --END-- [ RunTime:0.001000s ]
NOTIC: [8] Undefined index: expire E:\wamp\www\ooxx\ThinkPHP\Common\functions.php 第 549 行.
NOTIC: [8] Undefined index: userinfo E:\wamp\www\ooxx\App\Lib\Action\ShowAction.class.php 第 5 行.
NOTIC: [8] Undefined index: userinfo E:\wamp\www\ooxx\App\Lib\Action\ShowAction.class.php 第 6 行.
SQL: SHOW COLUMNS FROM `oo_user` [ RunTime:0.004001s ]
SQL: SELECT `id`,`img_url`,`nickname` FROM `oo_user` WHERE ( `img_status` = 1 ) AND ( `sex` = 2 ) ORDER BY ctime asc LIMIT 0,20   [ RunTime:0.001000s ]
SQL: SELECT COUNT(*) AS tp_count FROM `oo_user` WHERE ( `img_status` = 1 ) AND ( `sex` = 2 ) LIMIT 1   [ RunTime:0.001000s ]
INFO: [ view_parse ] --START--
INFO: ParseTemplate Behavior ::run [ RunTime:0.041002s ]
INFO: [ view_parse ] --END-- [ RunTime:0.041002s ]
INFO: [ view_filter ] --START--
INFO: ContentReplace Behavior ::run [ RunTime:0.001000s ]
INFO: TokenBuild Behavior ::run [ RunTime:0.001000s ]
INFO: WriteHtmlCache Behavior ::run [ RunTime:0.001001s ]
INFO: ShowRuntime Behavior ::run [ RunTime:0.001000s ]
INFO: [ view_filter ] --END-- [ RunTime:0.004001s ]
INFO: [ view_end ] --START--
INFO: ShowPageTrace Behavior ::run [ RunTime:0.001000s ]
INFO: [ view_end ] --END-- [ RunTime:0.001000s ]

[ 2016-05-12T17:46:31+08:00 ] 127.0.0.1 /index.php/Show/ajax_photo/p/2
INFO: [ route_check ] --START--
INFO: CheckRoute Behavior ::run [ RunTime:0.003000s ]
INFO: [ route_check ] --END-- [ RunTime:0.003000s ]
NOTIC: [2] htmlspecialchars() expects parameter 2 to be long, string given E:\wamp\www\ooxx\ThinkPHP\Lib\Core\App.class.php 第 57 行.
INFO: [ app_begin ] --START--
INFO: ReadHtmlCache Behavior ::run [ RunTime:0.001000s ]
INFO: [ app_begin ] --END-- [ RunTime:0.001000s ]
NOTIC: [8] Undefined index: expire E:\wamp\www\ooxx\ThinkPHP\Common\functions.php 第 549 行.
SQL: SHOW COLUMNS FROM `oo_user` [ RunTime:0.005000s ]
SQL: SELECT COUNT(*) AS tp_count FROM `oo_user` WHERE ( `img_status` = 1 ) AND ( `sex` = 2 ) LIMIT 1   [ RunTime:0.001000s ]
SQL: SELECT `id`,`img_url`,`nickname` FROM `oo_user` WHERE ( `img_status` = 1 ) AND ( `sex` = 2 ) ORDER BY ctime asc LIMIT 20,20   [ RunTime:0.001000s ]

[ 2016-05-12T17:46:31+08:00 ] 127.0.0.1 /index.php/Show/ajax_photo/p/3
INFO: [ route_check ] --START--
INFO: CheckRoute Behavior ::run [ RunTime:0.003000s ]
INFO: [ route_check ] --END-- [ RunTime:0.004000s ]
NOTIC: [2] htmlspecialchars() expects parameter 2 to be long, string given E:\wamp\www\ooxx\ThinkPHP\Lib\Core\App.class.php 第 57 行.
INFO: [ app_begin ] --START--
INFO: ReadHtmlCache Behavior ::run [ RunTime:0.002000s ]
INFO: [ app_begin ] --END-- [ RunTime:0.002000s ]
NOTIC: [8] Undefined index: expire E:\wamp\www\ooxx\ThinkPHP\Common\functions.php 第 549 行.
SQL: SHOW COLUMNS FROM `oo_user` [ RunTime:0.005001s ]
SQL: SELECT COUNT(*) AS tp_count FROM `oo_user` WHERE ( `img_status` = 1 ) AND ( `sex` = 2 ) LIMIT 1   [ RunTime:0.002000s ]
SQL: SELECT `id`,`img_url`,`nickname` FROM `oo_user` WHERE ( `img_status` = 1 ) AND ( `sex` = 2 ) ORDER BY ctime asc LIMIT 40,20   [ RunTime:0.001000s ]

[ 2016-05-12T17:46:31+08:00 ] 127.0.0.1 /index.php/Show/ajax_photo/p/5
INFO: [ route_check ] --START--
INFO: CheckRoute Behavior ::run [ RunTime:0.002000s ]
INFO: [ route_check ] --END-- [ RunTime:0.003000s ]
NOTIC: [2] htmlspecialchars() expects parameter 2 to be long, string given E:\wamp\www\ooxx\ThinkPHP\Lib\Core\App.class.php 第 57 行.
INFO: [ app_begin ] --START--
INFO: ReadHtmlCache Behavior ::run [ RunTime:0.002000s ]
INFO: [ app_begin ] --END-- [ RunTime:0.002000s ]
NOTIC: [8] Undefined index: expire E:\wamp\www\ooxx\ThinkPHP\Common\functions.php 第 549 行.
SQL: SHOW COLUMNS FROM `oo_user` [ RunTime:0.004000s ]
SQL: SELECT COUNT(*) AS tp_count FROM `oo_user` WHERE ( `img_status` = 1 ) AND ( `sex` = 2 ) LIMIT 1   [ RunTime:0.001000s ]
SQL: SELECT `id`,`img_url`,`nickname` FROM `oo_user` WHERE ( `img_status` = 1 ) AND ( `sex` = 2 ) ORDER BY ctime asc LIMIT 80,20   [ RunTime:0.001001s ]

[ 2016-05-12T17:46:31+08:00 ] 127.0.0.1 /index.php/Show/ajax_photo/p/4
INFO: [ route_check ] --START--
INFO: CheckRoute Behavior ::run [ RunTime:0.016001s ]
INFO: [ route_check ] --END-- [ RunTime:0.018001s ]
NOTIC: [2] htmlspecialchars() expects parameter 2 to be long, string given E:\wamp\www\ooxx\ThinkPHP\Lib\Core\App.class.php 第 57 行.
INFO: [ app_begin ] --START--
INFO: ReadHtmlCache Behavior ::run [ RunTime:0.001000s ]
INFO: [ app_begin ] --END-- [ RunTime:0.002000s ]
NOTIC: [8] Undefined index: expire E:\wamp\www\ooxx\ThinkPHP\Common\functions.php 第 549 行.
SQL: SHOW COLUMNS FROM `oo_user` [ RunTime:0.005001s ]
SQL: SELECT COUNT(*) AS tp_count FROM `oo_user` WHERE ( `img_status` = 1 ) AND ( `sex` = 2 ) LIMIT 1   [ RunTime:0.001000s ]
SQL: SELECT `id`,`img_url`,`nickname` FROM `oo_user` WHERE ( `img_status` = 1 ) AND ( `sex` = 2 ) ORDER BY ctime asc LIMIT 60,20   [ RunTime:0.001000s ]

[ 2016-05-12T17:46:31+08:00 ] 127.0.0.1 /index.php/Show/ajax_photo/p/6
INFO: [ route_check ] --START--
INFO: CheckRoute Behavior ::run [ RunTime:0.002000s ]
INFO: [ route_check ] --END-- [ RunTime:0.002000s ]
NOTIC: [2] htmlspecialchars() expects parameter 2 to be long, string given E:\wamp\www\ooxx\ThinkPHP\Lib\Core\App.class.php 第 57 行.
INFO: [ app_begin ] --START--
INFO: ReadHtmlCache Behavior ::run [ RunTime:0.001000s ]
INFO: [ app_begin ] --END-- [ RunTime:0.001000s ]
NOTIC: [8] Undefined index: expire E:\wamp\www\ooxx\ThinkPHP\Common\functions.php 第 549 行.
SQL: SHOW COLUMNS FROM `oo_user` [ RunTime:0.004000s ]
SQL: SELECT COUNT(*) AS tp_count FROM `oo_user` WHERE ( `img_status` = 1 ) AND ( `sex` = 2 ) LIMIT 1   [ RunTime:0.001000s ]
SQL: SELECT `id`,`img_url`,`nickname` FROM `oo_user` WHERE ( `img_status` = 1 ) AND ( `sex` = 2 ) ORDER BY ctime asc LIMIT 100,20   [ RunTime:0.001000s ]

[ 2016-05-12T17:46:31+08:00 ] 127.0.0.1 /index.php/Show/ajax_photo/p/7
INFO: [ route_check ] --START--
INFO: CheckRoute Behavior ::run [ RunTime:0.004000s ]
INFO: [ route_check ] --END-- [ RunTime:0.004000s ]
NOTIC: [2] htmlspecialchars() expects parameter 2 to be long, string given E:\wamp\www\ooxx\ThinkPHP\Lib\Core\App.class.php 第 57 行.
INFO: [ app_begin ] --START--
INFO: ReadHtmlCache Behavior ::run [ RunTime:0.001000s ]
INFO: [ app_begin ] --END-- [ RunTime:0.001000s ]
NOTIC: [8] Undefined index: expire E:\wamp\www\ooxx\ThinkPHP\Common\functions.php 第 549 行.
SQL: SHOW COLUMNS FROM `oo_user` [ RunTime:0.005000s ]
SQL: SELECT COUNT(*) AS tp_count FROM `oo_user` WHERE ( `img_status` = 1 ) AND ( `sex` = 2 ) LIMIT 1   [ RunTime:0.001000s ]
SQL: SELECT `id`,`img_url`,`nickname` FROM `oo_user` WHERE ( `img_status` = 1 ) AND ( `sex` = 2 ) ORDER BY ctime asc LIMIT 120,20   [ RunTime:0.001001s ]

