[ 2016-05-17T18:38:09+08:00 ] 127.0.0.1 /index.php/Luck/index.html
INFO: [ route_check ] --START--
INFO: CheckRoute Behavior ::run [ RunTime:0.003000s ]
INFO: [ route_check ] --END-- [ RunTime:0.003000s ]
INFO: [ app_begin ] --START--
INFO: ReadHtmlCache Behavior ::run [ RunTime:0.002001s ]
INFO: [ app_begin ] --END-- [ RunTime:0.002001s ]
NOTIC: [8] Undefined index: expire E:\wamp\www\ooxx\ThinkPHP\Common\functions.php 第 549 行.
ERR: 无法加载模块:Luck

[ 2016-05-17T18:38:19+08:00 ] 127.0.0.1 /index.php/index/index.html
INFO: [ route_check ] --START--
INFO: CheckRoute Behavior ::run [ RunTime:0.001000s ]
INFO: [ route_check ] --END-- [ RunTime:0.002000s ]
INFO: [ app_begin ] --START--
INFO: ReadHtmlCache Behavior ::run [ RunTime:0.001000s ]
INFO: [ app_begin ] --END-- [ RunTime:0.002000s ]
NOTIC: [8] Undefined index: expire E:\wamp\www\ooxx\ThinkPHP\Common\functions.php 第 549 行.
ERR: 无法加载模块:index

[ 2016-05-17T18:38:23+08:00 ] 127.0.0.1 /index.php/Index/index.html
INFO: [ route_check ] --START--
INFO: CheckRoute Behavior ::run [ RunTime:0.002000s ]
INFO: [ route_check ] --END-- [ RunTime:0.002000s ]
INFO: [ app_begin ] --START--
INFO: ReadHtmlCache Behavior ::run [ RunTime:0.001000s ]
INFO: [ app_begin ] --END-- [ RunTime:0.001000s ]
NOTIC: [8] Undefined index: expire E:\wamp\www\ooxx\ThinkPHP\Common\functions.php 第 549 行.
INFO: [ view_parse ] --START--
NOTIC: [8] Undefined index: loginname E:\wamp\www\ooxx\App\Runtime\Cache\316f642945f8ce9c0e08c0bd1727d108.php 第 64 行.
NOTIC: [8] Undefined index: password E:\wamp\www\ooxx\App\Runtime\Cache\316f642945f8ce9c0e08c0bd1727d108.php 第 67 行.
NOTIC: [8] Undefined index: remember E:\wamp\www\ooxx\App\Runtime\Cache\316f642945f8ce9c0e08c0bd1727d108.php 第 73 行.
NOTIC: [8] Undefined index: remember E:\wamp\www\ooxx\App\Runtime\Cache\316f642945f8ce9c0e08c0bd1727d108.php 第 76 行.
NOTIC: [8] Use of undefined constant Index - assumed 'Index' E:\wamp\www\ooxx\App\Runtime\Cache\316f642945f8ce9c0e08c0bd1727d108.php 第 155 行.
NOTIC: [2] Division by zero E:\wamp\www\ooxx\App\Runtime\Cache\316f642945f8ce9c0e08c0bd1727d108.php 第 155 行.
INFO: ParseTemplate Behavior ::run [ RunTime:0.022002s ]
INFO: [ view_parse ] --END-- [ RunTime:0.022002s ]
INFO: [ view_filter ] --START--
INFO: ContentReplace Behavior ::run [ RunTime:0.002000s ]
INFO: TokenBuild Behavior ::run [ RunTime:0.001000s ]
INFO: WriteHtmlCache Behavior ::run [ RunTime:0.001000s ]
INFO: ShowRuntime Behavior ::run [ RunTime:0.001000s ]
INFO: [ view_filter ] --END-- [ RunTime:0.006000s ]
INFO: [ view_end ] --START--
INFO: ShowPageTrace Behavior ::run [ RunTime:0.001000s ]
INFO: [ view_end ] --END-- [ RunTime:0.001000s ]

[ 2016-05-17T18:38:53+08:00 ] 127.0.0.1 /index.php/Show/index.html
INFO: [ route_check ] --START--
INFO: CheckRoute Behavior ::run [ RunTime:0.002001s ]
INFO: [ route_check ] --END-- [ RunTime:0.002001s ]
INFO: [ app_begin ] --START--
INFO: ReadHtmlCache Behavior ::run [ RunTime:0.002000s ]
INFO: [ app_begin ] --END-- [ RunTime:0.002000s ]
NOTIC: [8] Undefined index: expire E:\wamp\www\ooxx\ThinkPHP\Common\functions.php 第 549 行.
NOTIC: [8] Undefined index: userinfo E:\wamp\www\ooxx\App\Lib\Action\ShowAction.class.php 第 5 行.
NOTIC: [8] Undefined index: userinfo E:\wamp\www\ooxx\App\Lib\Action\ShowAction.class.php 第 6 行.
SQL: SHOW COLUMNS FROM `oo_user` [ RunTime:0.006000s ]
SQL: SELECT `id`,`img_url`,`nickname` FROM `oo_user` WHERE ( `img_status` = 1 ) AND ( `sex` = 2 ) ORDER BY ctime asc LIMIT 0,20   [ RunTime:0.001000s ]
SQL: SELECT COUNT(*) AS tp_count FROM `oo_user` WHERE ( `img_status` = 1 ) AND ( `sex` = 2 ) LIMIT 1   [ RunTime:0.000000s ]
INFO: [ view_parse ] --START--
INFO: ParseTemplate Behavior ::run [ RunTime:0.041002s ]
INFO: [ view_parse ] --END-- [ RunTime:0.042003s ]
INFO: [ view_filter ] --START--
INFO: ContentReplace Behavior ::run [ RunTime:0.001000s ]
INFO: TokenBuild Behavior ::run [ RunTime:0.001000s ]
INFO: WriteHtmlCache Behavior ::run [ RunTime:0.000000s ]
INFO: ShowRuntime Behavior ::run [ RunTime:0.001000s ]
INFO: [ view_filter ] --END-- [ RunTime:0.004000s ]
INFO: [ view_end ] --START--
INFO: ShowPageTrace Behavior ::run [ RunTime:0.001000s ]
INFO: [ view_end ] --END-- [ RunTime:0.002000s ]

[ 2016-05-17T18:38:59+08:00 ] 127.0.0.1 /index.php/User/userdetail.html?id=140
INFO: [ route_check ] --START--
INFO: CheckRoute Behavior ::run [ RunTime:0.002000s ]
INFO: [ route_check ] --END-- [ RunTime:0.002000s ]
NOTIC: [2] htmlspecialchars() expects parameter 2 to be long, string given E:\wamp\www\ooxx\ThinkPHP\Lib\Core\App.class.php 第 57 行.
INFO: [ app_begin ] --START--
INFO: ReadHtmlCache Behavior ::run [ RunTime:0.001000s ]
INFO: [ app_begin ] --END-- [ RunTime:0.001000s ]
NOTIC: [8] Undefined index: expire E:\wamp\www\ooxx\ThinkPHP\Common\functions.php 第 549 行.
NOTIC: [8] Undefined index: userinfo E:\wamp\www\ooxx\App\Lib\Action\UserAction.class.php 第 4 行.
NOTIC: [8] Undefined index: userinfo E:\wamp\www\ooxx\App\Lib\Action\UserAction.class.php 第 5 行.
NOTIC: 建议使用I方法替代_get
SQL: SHOW COLUMNS FROM `oo_user_detail` [ RunTime:0.006001s ]
SQL: SELECT u.id,u.img_url,u.img_status,d.nickname,d.city,d.show,d.school,d.job,d.constellation FROM oo_user as u LEFT JOIN oo_user_detail as d on u.id=d.uid WHERE ( u.id=140 ) LIMIT 1   [ RunTime:0.001000s ]
SQL: SHOW COLUMNS FROM `oo_collect` [ RunTime:0.006000s ]
SQL: SELECT `id` FROM `oo_collect` WHERE ( `uid` = null ) AND ( `collect_id` = 140 ) LIMIT 1   [ RunTime:0.001000s ]
NOTIC: [8] Undefined index: userinfo E:\wamp\www\ooxx\App\Lib\Action\UserAction.class.php 第 20 行.
NOTIC: 建议使用I方法替代_get
SQL: SHOW COLUMNS FROM `oo_consume` [ RunTime:0.006000s ]
SQL: SELECT `id` FROM `oo_consume` WHERE ( `uid` = null ) AND ( `receive_id` = 140 ) LIMIT 1   [ RunTime:0.001000s ]
SQL: SHOW COLUMNS FROM `oo_chat` [ RunTime:0.007001s ]
SQL: SELECT `id` FROM `oo_chat` WHERE ( `chat_id` = '&140' ) LIMIT 1   [ RunTime:0.001000s ]
SQL: SHOW COLUMNS FROM `oo_user` [ RunTime:0.004000s ]
SQL: SELECT `img_url` FROM `oo_user` WHERE ( id= ) LIMIT 1   [ RunTime:0.001000s ]
ERR: 1064:You have an error in your SQL syntax; check the manual that corresponds to your MySQL server version for the right syntax to use near ') LIMIT 1' at line 1
 [ SQL语句 ] : SELECT `img_url` FROM `oo_user` WHERE ( id= ) LIMIT 1  
INFO: [ view_parse ] --START--
INFO: ParseTemplate Behavior ::run [ RunTime:0.020002s ]
INFO: [ view_parse ] --END-- [ RunTime:0.021002s ]
INFO: [ view_filter ] --START--
INFO: ContentReplace Behavior ::run [ RunTime:0.002000s ]
INFO: TokenBuild Behavior ::run [ RunTime:0.001000s ]
INFO: WriteHtmlCache Behavior ::run [ RunTime:0.001000s ]
INFO: ShowRuntime Behavior ::run [ RunTime:0.001000s ]
INFO: [ view_filter ] --END-- [ RunTime:0.007000s ]
INFO: [ view_end ] --START--
INFO: ShowPageTrace Behavior ::run [ RunTime:0.002000s ]
INFO: [ view_end ] --END-- [ RunTime:0.002000s ]

[ 2016-05-17T18:39:10+08:00 ] 127.0.0.1 /index.php/User/collect/id/140
INFO: [ route_check ] --START--
INFO: CheckRoute Behavior ::run [ RunTime:0.002000s ]
INFO: [ route_check ] --END-- [ RunTime:0.002000s ]
NOTIC: [2] htmlspecialchars() expects parameter 2 to be long, string given E:\wamp\www\ooxx\ThinkPHP\Lib\Core\App.class.php 第 57 行.
INFO: [ app_begin ] --START--
INFO: ReadHtmlCache Behavior ::run [ RunTime:0.001000s ]
INFO: [ app_begin ] --END-- [ RunTime:0.001000s ]
NOTIC: [8] Undefined index: expire E:\wamp\www\ooxx\ThinkPHP\Common\functions.php 第 549 行.
NOTIC: 建议使用I方法替代_get
NOTIC: [8] Undefined index: userinfo E:\wamp\www\ooxx\App\Lib\Action\UserAction.class.php 第 48 行.
NOTIC: [8] Undefined index: userinfo E:\wamp\www\ooxx\App\Lib\Action\UserAction.class.php 第 49 行.
SQL: SHOW COLUMNS FROM `oo_user` [ RunTime:0.004001s ]
SQL: SELECT `nickname` FROM `oo_user` WHERE ( id=140 ) LIMIT 1   [ RunTime:0.000000s ]
SQL: SHOW COLUMNS FROM `oo_collect` [ RunTime:0.003000s ]
SQL: SELECT `id` FROM `oo_collect` WHERE ( `uid` = null ) AND ( `collect_id` = 140 ) LIMIT 1   [ RunTime:0.000000s ]
SQL: INSERT INTO `oo_collect` (`collect_id`,`uid`,`name`,`collect_name`,`collect_time`) VALUES (140,null,null,'蓝心',1463481550) [ RunTime:0.005001s ]

[ 2016-05-17T18:39:12+08:00 ] 127.0.0.1 /index.php/User/un_collect/id/140
INFO: [ route_check ] --START--
INFO: CheckRoute Behavior ::run [ RunTime:0.002000s ]
INFO: [ route_check ] --END-- [ RunTime:0.003000s ]
NOTIC: [2] htmlspecialchars() expects parameter 2 to be long, string given E:\wamp\www\ooxx\ThinkPHP\Lib\Core\App.class.php 第 57 行.
INFO: [ app_begin ] --START--
INFO: ReadHtmlCache Behavior ::run [ RunTime:0.001000s ]
INFO: [ app_begin ] --END-- [ RunTime:0.001000s ]
NOTIC: [8] Undefined index: expire E:\wamp\www\ooxx\ThinkPHP\Common\functions.php 第 549 行.
NOTIC: [8] Undefined index: userinfo E:\wamp\www\ooxx\App\Lib\Action\UserAction.class.php 第 71 行.
NOTIC: 建议使用I方法替代_get
SQL: SHOW COLUMNS FROM `oo_collect` [ RunTime:0.003001s ]
SQL: DELETE FROM `oo_collect` WHERE ( `uid` = null ) AND ( `collect_id` = 140 ) [ RunTime:0.000000s ]

[ 2016-05-17T18:39:51+08:00 ] 127.0.0.1 /index.php/User/userdetail.html?id=140
INFO: [ route_check ] --START--
INFO: CheckRoute Behavior ::run [ RunTime:0.003000s ]
INFO: [ route_check ] --END-- [ RunTime:0.004000s ]
NOTIC: [2] htmlspecialchars() expects parameter 2 to be long, string given E:\wamp\www\ooxx\ThinkPHP\Lib\Core\App.class.php 第 57 行.
INFO: [ app_begin ] --START--
INFO: ReadHtmlCache Behavior ::run [ RunTime:0.002000s ]
INFO: [ app_begin ] --END-- [ RunTime:0.002000s ]
NOTIC: [8] Undefined index: expire E:\wamp\www\ooxx\ThinkPHP\Common\functions.php 第 549 行.
NOTIC: [8] Undefined index: userinfo E:\wamp\www\ooxx\App\Lib\Action\UserAction.class.php 第 4 行.
NOTIC: [8] Undefined index: userinfo E:\wamp\www\ooxx\App\Lib\Action\UserAction.class.php 第 5 行.
NOTIC: 建议使用I方法替代_get
SQL: SHOW COLUMNS FROM `oo_user_detail` [ RunTime:0.003000s ]
SQL: SELECT u.id,u.img_url,u.img_status,d.nickname,d.city,d.show,d.school,d.job,d.constellation FROM oo_user as u LEFT JOIN oo_user_detail as d on u.id=d.uid WHERE ( u.id=140 ) LIMIT 1   [ RunTime:0.001000s ]
SQL: SHOW COLUMNS FROM `oo_collect` [ RunTime:0.004000s ]
SQL: SELECT `id` FROM `oo_collect` WHERE ( `uid` = null ) AND ( `collect_id` = 140 ) LIMIT 1   [ RunTime:0.000000s ]
NOTIC: [8] Undefined index: userinfo E:\wamp\www\ooxx\App\Lib\Action\UserAction.class.php 第 20 行.
NOTIC: 建议使用I方法替代_get
SQL: SHOW COLUMNS FROM `oo_consume` [ RunTime:0.004000s ]
SQL: SELECT `id` FROM `oo_consume` WHERE ( `uid` = null ) AND ( `receive_id` = 140 ) LIMIT 1   [ RunTime:0.001000s ]
SQL: SHOW COLUMNS FROM `oo_chat` [ RunTime:0.004001s ]
SQL: SELECT `id` FROM `oo_chat` WHERE ( `chat_id` = '&140' ) LIMIT 1   [ RunTime:0.001000s ]
SQL: SHOW COLUMNS FROM `oo_user` [ RunTime:0.003000s ]
SQL: SELECT `img_url` FROM `oo_user` WHERE ( id= ) LIMIT 1   [ RunTime:0.000000s ]
ERR: 1064:You have an error in your SQL syntax; check the manual that corresponds to your MySQL server version for the right syntax to use near ') LIMIT 1' at line 1
 [ SQL语句 ] : SELECT `img_url` FROM `oo_user` WHERE ( id= ) LIMIT 1  
INFO: [ view_parse ] --START--
INFO: ParseTemplate Behavior ::run [ RunTime:0.018001s ]
INFO: [ view_parse ] --END-- [ RunTime:0.018001s ]
INFO: [ view_filter ] --START--
INFO: ContentReplace Behavior ::run [ RunTime:0.002000s ]
INFO: TokenBuild Behavior ::run [ RunTime:0.001000s ]
INFO: WriteHtmlCache Behavior ::run [ RunTime:0.001000s ]
INFO: ShowRuntime Behavior ::run [ RunTime:0.001000s ]
INFO: [ view_filter ] --END-- [ RunTime:0.006000s ]
INFO: [ view_end ] --START--
INFO: ShowPageTrace Behavior ::run [ RunTime:0.001001s ]
INFO: [ view_end ] --END-- [ RunTime:0.001001s ]

[ 2016-05-17T18:39:51+08:00 ] 127.0.0.1 /index.php/User/userdetail.html?id=140
INFO: [ route_check ] --START--
INFO: CheckRoute Behavior ::run [ RunTime:0.002000s ]
INFO: [ route_check ] --END-- [ RunTime:0.003000s ]
NOTIC: [2] htmlspecialchars() expects parameter 2 to be long, string given E:\wamp\www\ooxx\ThinkPHP\Lib\Core\App.class.php 第 57 行.
INFO: [ app_begin ] --START--
INFO: ReadHtmlCache Behavior ::run [ RunTime:0.002000s ]
INFO: [ app_begin ] --END-- [ RunTime:0.002000s ]
NOTIC: [8] Undefined index: expire E:\wamp\www\ooxx\ThinkPHP\Common\functions.php 第 549 行.
NOTIC: [8] Undefined index: userinfo E:\wamp\www\ooxx\App\Lib\Action\UserAction.class.php 第 4 行.
NOTIC: [8] Undefined index: userinfo E:\wamp\www\ooxx\App\Lib\Action\UserAction.class.php 第 5 行.
NOTIC: 建议使用I方法替代_get
SQL: SHOW COLUMNS FROM `oo_user_detail` [ RunTime:0.004001s ]
SQL: SELECT u.id,u.img_url,u.img_status,d.nickname,d.city,d.show,d.school,d.job,d.constellation FROM oo_user as u LEFT JOIN oo_user_detail as d on u.id=d.uid WHERE ( u.id=140 ) LIMIT 1   [ RunTime:0.001000s ]
SQL: SHOW COLUMNS FROM `oo_collect` [ RunTime:0.004000s ]
SQL: SELECT `id` FROM `oo_collect` WHERE ( `uid` = null ) AND ( `collect_id` = 140 ) LIMIT 1   [ RunTime:0.001000s ]
NOTIC: [8] Undefined index: userinfo E:\wamp\www\ooxx\App\Lib\Action\UserAction.class.php 第 20 行.
NOTIC: 建议使用I方法替代_get
SQL: SHOW COLUMNS FROM `oo_consume` [ RunTime:0.004001s ]
SQL: SELECT `id` FROM `oo_consume` WHERE ( `uid` = null ) AND ( `receive_id` = 140 ) LIMIT 1   [ RunTime:0.000000s ]
SQL: SHOW COLUMNS FROM `oo_chat` [ RunTime:0.004000s ]
SQL: SELECT `id` FROM `oo_chat` WHERE ( `chat_id` = '&140' ) LIMIT 1   [ RunTime:0.001000s ]
SQL: SHOW COLUMNS FROM `oo_user` [ RunTime:0.004000s ]
SQL: SELECT `img_url` FROM `oo_user` WHERE ( id= ) LIMIT 1   [ RunTime:0.000000s ]
ERR: 1064:You have an error in your SQL syntax; check the manual that corresponds to your MySQL server version for the right syntax to use near ') LIMIT 1' at line 1
 [ SQL语句 ] : SELECT `img_url` FROM `oo_user` WHERE ( id= ) LIMIT 1  
INFO: [ view_parse ] --START--
INFO: ParseTemplate Behavior ::run [ RunTime:0.017001s ]
INFO: [ view_parse ] --END-- [ RunTime:0.017001s ]
INFO: [ view_filter ] --START--
INFO: ContentReplace Behavior ::run [ RunTime:0.001000s ]
INFO: TokenBuild Behavior ::run [ RunTime:0.001001s ]
INFO: WriteHtmlCache Behavior ::run [ RunTime:0.000000s ]
INFO: ShowRuntime Behavior ::run [ RunTime:0.002000s ]
INFO: [ view_filter ] --END-- [ RunTime:0.005001s ]
INFO: [ view_end ] --START--
INFO: ShowPageTrace Behavior ::run [ RunTime:0.001000s ]
INFO: [ view_end ] --END-- [ RunTime:0.002000s ]

