[ 2016-05-13T15:53:22+08:00 ] 127.0.0.1 /index.php/Show/index.html
INFO: [ route_check ] --START--
INFO: CheckRoute Behavior ::run [ RunTime:0.002000s ]
INFO: [ route_check ] --END-- [ RunTime:0.002000s ]
INFO: [ app_begin ] --START--
INFO: ReadHtmlCache Behavior ::run [ RunTime:0.001000s ]
INFO: [ app_begin ] --END-- [ RunTime:0.002000s ]
NOTIC: [8] Undefined index: expire E:\wamp\www\ooxx\ThinkPHP\Common\functions.php 第 549 行.
NOTIC: [8] Undefined index: userinfo E:\wamp\www\ooxx\App\Lib\Action\ShowAction.class.php 第 5 行.
NOTIC: [8] Undefined index: userinfo E:\wamp\www\ooxx\App\Lib\Action\ShowAction.class.php 第 6 行.
SQL: SHOW COLUMNS FROM `oo_user` [ RunTime:0.006001s ]
SQL: SELECT `id`,`img_url`,`nickname` FROM `oo_user` WHERE ( `img_status` = 1 ) AND ( `sex` = 2 ) ORDER BY ctime asc LIMIT 0,20   [ RunTime:0.001000s ]
SQL: SELECT COUNT(*) AS tp_count FROM `oo_user` WHERE ( `img_status` = 1 ) AND ( `sex` = 2 ) LIMIT 1   [ RunTime:0.001000s ]
INFO: [ view_parse ] --START--
INFO: ParseTemplate Behavior ::run [ RunTime:0.041003s ]
INFO: [ view_parse ] --END-- [ RunTime:0.041003s ]
INFO: [ view_filter ] --START--
INFO: ContentReplace Behavior ::run [ RunTime:0.001000s ]
INFO: TokenBuild Behavior ::run [ RunTime:0.001000s ]
INFO: WriteHtmlCache Behavior ::run [ RunTime:0.001000s ]
INFO: ShowRuntime Behavior ::run [ RunTime:0.001000s ]
INFO: [ view_filter ] --END-- [ RunTime:0.004000s ]
INFO: [ view_end ] --START--
INFO: ShowPageTrace Behavior ::run [ RunTime:0.001000s ]
INFO: [ view_end ] --END-- [ RunTime:0.001000s ]

