[ 2016-12-24T12:15:11+08:00 ] 127.0.0.1 /
INFO: [ app_begin ] --START--
INFO: ReadHtmlCache Behavior ::run [ RunTime:0.003000s ]
INFO: [ app_begin ] --END-- [ RunTime:0.004000s ]
NOTIC: [8] Undefined index: expire D:\phpstudy\WWW\dcyd\ThinkPHP\Common\functions.php Á¨¨ 549 Ë°å.
INFO: [ view_parse ] --START--
NOTIC: [8] Use of undefined constant Html - assumed 'Html' D:\phpstudy\WWW\dcyd\App\Runtime\Cache\a43ee091293c08b425f9e73d2888eec8.php Á¨¨ 131 Ë°å.
NOTIC: [8] Use of undefined constant boss - assumed 'boss' D:\phpstudy\WWW\dcyd\App\Runtime\Cache\a43ee091293c08b425f9e73d2888eec8.php Á¨¨ 131 Ë°å.
NOTIC: [2] Division by zero D:\phpstudy\WWW\dcyd\App\Runtime\Cache\a43ee091293c08b425f9e73d2888eec8.php Á¨¨ 131 Ë°å.
NOTIC: [8] Use of undefined constant Html - assumed 'Html' D:\phpstudy\WWW\dcyd\App\Runtime\Cache\a43ee091293c08b425f9e73d2888eec8.php Á¨¨ 144 Ë°å.
NOTIC: [8] Use of undefined constant infor - assumed 'infor' D:\phpstudy\WWW\dcyd\App\Runtime\Cache\a43ee091293c08b425f9e73d2888eec8.php Á¨¨ 144 Ë°å.
NOTIC: [2] Division by zero D:\phpstudy\WWW\dcyd\App\Runtime\Cache\a43ee091293c08b425f9e73d2888eec8.php Á¨¨ 144 Ë°å.
INFO: ParseTemplate Behavior ::run [ RunTime:0.036002s ]
INFO: [ view_parse ] --END-- [ RunTime:0.036002s ]
INFO: [ view_filter ] --START--
INFO: ContentReplace Behavior ::run [ RunTime:0.003000s ]
INFO: TokenBuild Behavior ::run [ RunTime:0.003000s ]
INFO: WriteHtmlCache Behavior ::run [ RunTime:0.002000s ]
INFO: ShowRuntime Behavior ::run [ RunTime:0.003001s ]
INFO: [ view_filter ] --END-- [ RunTime:0.012001s ]
INFO: [ view_end ] --START--
INFO: ShowPageTrace Behavior ::run [ RunTime:0.004000s ]
INFO: [ view_end ] --END-- [ RunTime:0.006000s ]

[ 2016-12-24T12:15:31+08:00 ] 127.0.0.1 /index.php/Reply
INFO: [ route_check ] --START--
INFO: CheckRoute Behavior ::run [ RunTime:0.005000s ]
INFO: [ route_check ] --END-- [ RunTime:0.006000s ]
INFO: [ app_begin ] --START--
INFO: ReadHtmlCache Behavior ::run [ RunTime:0.001000s ]
INFO: [ app_begin ] --END-- [ RunTime:0.003000s ]
NOTIC: [8] Undefined index: expire D:\phpstudy\WWW\dcyd\ThinkPHP\Common\functions.php Á¨¨ 549 Ë°å.
INFO: [ view_parse ] --START--
INFO: ParseTemplate Behavior ::run [ RunTime:0.018001s ]
INFO: [ view_parse ] --END-- [ RunTime:0.019002s ]
INFO: [ view_filter ] --START--
INFO: ContentReplace Behavior ::run [ RunTime:0.002000s ]
INFO: TokenBuild Behavior ::run [ RunTime:0.002000s ]
INFO: WriteHtmlCache Behavior ::run [ RunTime:0.001000s ]
INFO: ShowRuntime Behavior ::run [ RunTime:0.002000s ]
INFO: [ view_filter ] --END-- [ RunTime:0.007000s ]
INFO: [ view_end ] --START--
INFO: ShowPageTrace Behavior ::run [ RunTime:0.001000s ]
INFO: [ view_end ] --END-- [ RunTime:0.003000s ]

[ 2016-12-24T12:15:36+08:00 ] 127.0.0.1 /index.php/Reply/one.html
INFO: [ route_check ] --START--
INFO: CheckRoute Behavior ::run [ RunTime:0.004000s ]
INFO: [ route_check ] --END-- [ RunTime:0.005000s ]
INFO: [ app_begin ] --START--
INFO: ReadHtmlCache Behavior ::run [ RunTime:0.002000s ]
INFO: [ app_begin ] --END-- [ RunTime:0.003000s ]
NOTIC: [8] Undefined index: expire D:\phpstudy\WWW\dcyd\ThinkPHP\Common\functions.php Á¨¨ 549 Ë°å.
INFO: [ view_parse ] --START--
INFO: ParseTemplate Behavior ::run [ RunTime:0.019001s ]
INFO: [ view_parse ] --END-- [ RunTime:0.020001s ]
INFO: [ view_filter ] --START--
INFO: ContentReplace Behavior ::run [ RunTime:0.001000s ]
INFO: TokenBuild Behavior ::run [ RunTime:0.001000s ]
INFO: WriteHtmlCache Behavior ::run [ RunTime:0.002000s ]
INFO: ShowRuntime Behavior ::run [ RunTime:0.003000s ]
INFO: [ view_filter ] --END-- [ RunTime:0.013001s ]
INFO: [ view_end ] --START--
INFO: ShowPageTrace Behavior ::run [ RunTime:0.002000s ]
INFO: [ view_end ] --END-- [ RunTime:0.002000s ]

[ 2016-12-24T12:16:44+08:00 ] 127.0.0.1 /index.php/Reply/ones.html
INFO: [ route_check ] --START--
INFO: CheckRoute Behavior ::run [ RunTime:0.004000s ]
INFO: [ route_check ] --END-- [ RunTime:0.005000s ]
INFO: [ app_begin ] --START--
INFO: ReadHtmlCache Behavior ::run [ RunTime:0.003000s ]
INFO: [ app_begin ] --END-- [ RunTime:0.004000s ]
NOTIC: [8] Undefined index: expire D:\phpstudy\WWW\dcyd\ThinkPHP\Common\functions.php Á¨¨ 549 Ë°å.
SQL: SHOW COLUMNS FROM `dcyd_lyk` [ RunTime:0.005001s ]
NOTIC: Âª∫ËÆÆ‰ΩøÁî®IÊñπÊ≥ïÊõø‰ª£_post
NOTIC: Âª∫ËÆÆ‰ΩøÁî®IÊñπÊ≥ïÊõø‰ª£_post
NOTIC: Âª∫ËÆÆ‰ΩøÁî®IÊñπÊ≥ïÊõø‰ª£_post
NOTIC: Âª∫ËÆÆ‰ΩøÁî®IÊñπÊ≥ïÊõø‰ª£_post
NOTIC: [2] Missing argument 1 for Model::where(), called in D:\phpstudy\WWW\dcyd\App\Lib\Action\ReplyAction.class.php on line 25 and defined D:\phpstudy\WWW\dcyd\ThinkPHP\Lib\Core\Model.class.php Á¨¨ 1480 Ë°å.
NOTIC: [8] Undefined variable: where D:\phpstudy\WWW\dcyd\ThinkPHP\Lib\Core\Model.class.php Á¨¨ 1488 Ë°å.
NOTIC: [8] Undefined variable: where D:\phpstudy\WWW\dcyd\ThinkPHP\Lib\Core\Model.class.php Á¨¨ 1491 Ë°å.
NOTIC: [8] Undefined variable: where D:\phpstudy\WWW\dcyd\ThinkPHP\Lib\Core\Model.class.php Á¨¨ 1499 Ë°å.
SQL: SELECT `phone` FROM `dcyd_lyk`  [ RunTime:0.000000s ]
NOTIC: [8] Undefined index: rephone D:\phpstudy\WWW\dcyd\App\Lib\Action\ReplyAction.class.php Á¨¨ 26 Ë°å.
SQL: INSERT INTO `dcyd_lyk` (`name`,`phone`,`ques`,`desc`) VALUES ('rwre','19878765654','sdw','dasdwqewqfdsfdsgretretqweqwewesadsdsfewrwerwer') [ RunTime:0.000000s ]

[ 2016-12-24T12:18:23+08:00 ] 127.0.0.1 /index.php/Reply/one.html
INFO: [ route_check ] --START--
INFO: CheckRoute Behavior ::run [ RunTime:0.003000s ]
INFO: [ route_check ] --END-- [ RunTime:0.004000s ]
INFO: [ app_begin ] --START--
INFO: ReadHtmlCache Behavior ::run [ RunTime:0.002000s ]
INFO: [ app_begin ] --END-- [ RunTime:0.004000s ]
NOTIC: [8] Undefined index: expire D:\phpstudy\WWW\dcyd\ThinkPHP\Common\functions.php Á¨¨ 549 Ë°å.
INFO: [ view_parse ] --START--
INFO: ParseTemplate Behavior ::run [ RunTime:0.026002s ]
INFO: [ view_parse ] --END-- [ RunTime:0.027002s ]
INFO: [ view_filter ] --START--
INFO: ContentReplace Behavior ::run [ RunTime:0.004000s ]
INFO: TokenBuild Behavior ::run [ RunTime:0.002000s ]
INFO: WriteHtmlCache Behavior ::run [ RunTime:0.001000s ]
INFO: ShowRuntime Behavior ::run [ RunTime:0.003000s ]
INFO: [ view_filter ] --END-- [ RunTime:0.012000s ]
INFO: [ view_end ] --START--
INFO: ShowPageTrace Behavior ::run [ RunTime:0.002000s ]
INFO: [ view_end ] --END-- [ RunTime:0.003000s ]

[ 2016-12-24T12:18:42+08:00 ] 127.0.0.1 /index.php/Reply/ones.html
INFO: [ route_check ] --START--
INFO: CheckRoute Behavior ::run [ RunTime:0.002000s ]
INFO: [ route_check ] --END-- [ RunTime:0.003000s ]
INFO: [ app_begin ] --START--
INFO: ReadHtmlCache Behavior ::run [ RunTime:0.002000s ]
INFO: [ app_begin ] --END-- [ RunTime:0.004000s ]
NOTIC: [8] Undefined index: expire D:\phpstudy\WWW\dcyd\ThinkPHP\Common\functions.php Á¨¨ 549 Ë°å.
SQL: SHOW COLUMNS FROM `dcyd_lyk` [ RunTime:0.004000s ]
NOTIC: Âª∫ËÆÆ‰ΩøÁî®IÊñπÊ≥ïÊõø‰ª£_post
NOTIC: Âª∫ËÆÆ‰ΩøÁî®IÊñπÊ≥ïÊõø‰ª£_post
NOTIC: Âª∫ËÆÆ‰ΩøÁî®IÊñπÊ≥ïÊõø‰ª£_post
NOTIC: Âª∫ËÆÆ‰ΩøÁî®IÊñπÊ≥ïÊõø‰ª£_post
NOTIC: [2] Missing argument 1 for Model::where(), called in D:\phpstudy\WWW\dcyd\App\Lib\Action\ReplyAction.class.php on line 25 and defined D:\phpstudy\WWW\dcyd\ThinkPHP\Lib\Core\Model.class.php Á¨¨ 1480 Ë°å.
NOTIC: [8] Undefined variable: where D:\phpstudy\WWW\dcyd\ThinkPHP\Lib\Core\Model.class.php Á¨¨ 1488 Ë°å.
NOTIC: [8] Undefined variable: where D:\phpstudy\WWW\dcyd\ThinkPHP\Lib\Core\Model.class.php Á¨¨ 1491 Ë°å.
NOTIC: [8] Undefined variable: where D:\phpstudy\WWW\dcyd\ThinkPHP\Lib\Core\Model.class.php Á¨¨ 1499 Ë°å.
SQL: SELECT `phone` FROM `dcyd_lyk`  [ RunTime:0.000000s ]
NOTIC: [8] Undefined index: rephone D:\phpstudy\WWW\dcyd\App\Lib\Action\ReplyAction.class.php Á¨¨ 26 Ë°å.
SQL: INSERT INTO `dcyd_lyk` (`name`,`phone`,`ques`,`desc`) VALUES ('sadsa','11011011011','sadasdasc','sadasdqwdsvfedgvtrhgtrhbgfbdfgweresdfdsfs') [ RunTime:0.001000s ]

[ 2016-12-24T12:18:55+08:00 ] 127.0.0.1 /index.php/Reply/ones.html
INFO: [ route_check ] --START--
INFO: CheckRoute Behavior ::run [ RunTime:0.003000s ]
INFO: [ route_check ] --END-- [ RunTime:0.005000s ]
INFO: [ app_begin ] --START--
INFO: ReadHtmlCache Behavior ::run [ RunTime:0.002000s ]
INFO: [ app_begin ] --END-- [ RunTime:0.003000s ]
NOTIC: [8] Undefined index: expire D:\phpstudy\WWW\dcyd\ThinkPHP\Common\functions.php Á¨¨ 549 Ë°å.
SQL: SHOW COLUMNS FROM `dcyd_lyk` [ RunTime:0.004000s ]
NOTIC: Âª∫ËÆÆ‰ΩøÁî®IÊñπÊ≥ïÊõø‰ª£_post
NOTIC: Âª∫ËÆÆ‰ΩøÁî®IÊñπÊ≥ïÊõø‰ª£_post
NOTIC: Âª∫ËÆÆ‰ΩøÁî®IÊñπÊ≥ïÊõø‰ª£_post
NOTIC: Âª∫ËÆÆ‰ΩøÁî®IÊñπÊ≥ïÊõø‰ª£_post
NOTIC: [2] Missing argument 1 for Model::where(), called in D:\phpstudy\WWW\dcyd\App\Lib\Action\ReplyAction.class.php on line 25 and defined D:\phpstudy\WWW\dcyd\ThinkPHP\Lib\Core\Model.class.php Á¨¨ 1480 Ë°å.
NOTIC: [8] Undefined variable: where D:\phpstudy\WWW\dcyd\ThinkPHP\Lib\Core\Model.class.php Á¨¨ 1488 Ë°å.
NOTIC: [8] Undefined variable: where D:\phpstudy\WWW\dcyd\ThinkPHP\Lib\Core\Model.class.php Á¨¨ 1491 Ë°å.
NOTIC: [8] Undefined variable: where D:\phpstudy\WWW\dcyd\ThinkPHP\Lib\Core\Model.class.php Á¨¨ 1499 Ë°å.
SQL: SELECT `phone` FROM `dcyd_lyk`  [ RunTime:0.000000s ]
NOTIC: [8] Undefined index: rephone D:\phpstudy\WWW\dcyd\App\Lib\Action\ReplyAction.class.php Á¨¨ 26 Ë°å.
SQL: INSERT INTO `dcyd_lyk` (`name`,`phone`,`ques`,`desc`) VALUES ('sadsa','11011011011','sadasdasc','sadasdqwdsvfedgvtrhgtrhbgfbdfgweresdfdsfs') [ RunTime:0.000000s ]

[ 2016-12-24T12:18:57+08:00 ] 127.0.0.1 /index.php/Reply/ones.html
INFO: [ route_check ] --START--
INFO: CheckRoute Behavior ::run [ RunTime:0.004000s ]
INFO: [ route_check ] --END-- [ RunTime:0.005000s ]
INFO: [ app_begin ] --START--
INFO: ReadHtmlCache Behavior ::run [ RunTime:0.002001s ]
INFO: [ app_begin ] --END-- [ RunTime:0.002001s ]
NOTIC: [8] Undefined index: expire D:\phpstudy\WWW\dcyd\ThinkPHP\Common\functions.php Á¨¨ 549 Ë°å.
SQL: SHOW COLUMNS FROM `dcyd_lyk` [ RunTime:0.004001s ]
NOTIC: Âª∫ËÆÆ‰ΩøÁî®IÊñπÊ≥ïÊõø‰ª£_post
NOTIC: Âª∫ËÆÆ‰ΩøÁî®IÊñπÊ≥ïÊõø‰ª£_post
NOTIC: Âª∫ËÆÆ‰ΩøÁî®IÊñπÊ≥ïÊõø‰ª£_post
NOTIC: Âª∫ËÆÆ‰ΩøÁî®IÊñπÊ≥ïÊõø‰ª£_post
NOTIC: [2] Missing argument 1 for Model::where(), called in D:\phpstudy\WWW\dcyd\App\Lib\Action\ReplyAction.class.php on line 25 and defined D:\phpstudy\WWW\dcyd\ThinkPHP\Lib\Core\Model.class.php Á¨¨ 1480 Ë°å.
NOTIC: [8] Undefined variable: where D:\phpstudy\WWW\dcyd\ThinkPHP\Lib\Core\Model.class.php Á¨¨ 1488 Ë°å.
NOTIC: [8] Undefined variable: where D:\phpstudy\WWW\dcyd\ThinkPHP\Lib\Core\Model.class.php Á¨¨ 1491 Ë°å.
NOTIC: [8] Undefined variable: where D:\phpstudy\WWW\dcyd\ThinkPHP\Lib\Core\Model.class.php Á¨¨ 1499 Ë°å.
SQL: SELECT `phone` FROM `dcyd_lyk`  [ RunTime:0.000000s ]
NOTIC: [8] Undefined index: rephone D:\phpstudy\WWW\dcyd\App\Lib\Action\ReplyAction.class.php Á¨¨ 26 Ë°å.
SQL: INSERT INTO `dcyd_lyk` (`name`,`phone`,`ques`,`desc`) VALUES ('sadsa','11011011011','sadasdasc','sadasdqwdsvfedgvtrhgtrhbgfbdfgweresdfdsfs') [ RunTime:0.000000s ]

[ 2016-12-24T12:38:48+08:00 ] 127.0.0.1 /index.php/Reply/one.html
INFO: [ route_check ] --START--
INFO: CheckRoute Behavior ::run [ RunTime:0.004000s ]
INFO: [ route_check ] --END-- [ RunTime:0.006001s ]
INFO: [ app_begin ] --START--
INFO: ReadHtmlCache Behavior ::run [ RunTime:0.002000s ]
INFO: [ app_begin ] --END-- [ RunTime:0.004000s ]
NOTIC: [8] Undefined index: expire D:\phpstudy\WWW\dcyd\ThinkPHP\Common\functions.php Á¨¨ 549 Ë°å.
INFO: [ view_parse ] --START--
INFO: ParseTemplate Behavior ::run [ RunTime:0.022002s ]
INFO: [ view_parse ] --END-- [ RunTime:0.022002s ]
INFO: [ view_filter ] --START--
INFO: ContentReplace Behavior ::run [ RunTime:0.002000s ]
INFO: TokenBuild Behavior ::run [ RunTime:0.001000s ]
INFO: WriteHtmlCache Behavior ::run [ RunTime:0.001000s ]
INFO: ShowRuntime Behavior ::run [ RunTime:0.003000s ]
INFO: [ view_filter ] --END-- [ RunTime:0.010000s ]
INFO: [ view_end ] --START--
INFO: ShowPageTrace Behavior ::run [ RunTime:0.003000s ]
INFO: [ view_end ] --END-- [ RunTime:0.003000s ]

[ 2016-12-24T12:39:06+08:00 ] 127.0.0.1 /index.php/Reply/ones.html
INFO: [ route_check ] --START--
INFO: CheckRoute Behavior ::run [ RunTime:0.003000s ]
INFO: [ route_check ] --END-- [ RunTime:0.004000s ]
INFO: [ app_begin ] --START--
INFO: ReadHtmlCache Behavior ::run [ RunTime:0.002000s ]
INFO: [ app_begin ] --END-- [ RunTime:0.003000s ]
NOTIC: [8] Undefined index: expire D:\phpstudy\WWW\dcyd\ThinkPHP\Common\functions.php Á¨¨ 549 Ë°å.
SQL: SHOW COLUMNS FROM `dcyd_lyk` [ RunTime:0.006001s ]
NOTIC: Âª∫ËÆÆ‰ΩøÁî®IÊñπÊ≥ïÊõø‰ª£_post
NOTIC: Âª∫ËÆÆ‰ΩøÁî®IÊñπÊ≥ïÊõø‰ª£_post
NOTIC: Âª∫ËÆÆ‰ΩøÁî®IÊñπÊ≥ïÊõø‰ª£_post
NOTIC: Âª∫ËÆÆ‰ΩøÁî®IÊñπÊ≥ïÊõø‰ª£_post
NOTIC: [2] Missing argument 1 for Model::where(), called in D:\phpstudy\WWW\dcyd\App\Lib\Action\ReplyAction.class.php on line 25 and defined D:\phpstudy\WWW\dcyd\ThinkPHP\Lib\Core\Model.class.php Á¨¨ 1480 Ë°å.
NOTIC: [8] Undefined variable: where D:\phpstudy\WWW\dcyd\ThinkPHP\Lib\Core\Model.class.php Á¨¨ 1488 Ë°å.
NOTIC: [8] Undefined variable: where D:\phpstudy\WWW\dcyd\ThinkPHP\Lib\Core\Model.class.php Á¨¨ 1491 Ë°å.
NOTIC: [8] Undefined variable: where D:\phpstudy\WWW\dcyd\ThinkPHP\Lib\Core\Model.class.php Á¨¨ 1499 Ë°å.
SQL: SELECT `phone` FROM `dcyd_lyk`  [ RunTime:0.001000s ]
NOTIC: [8] Undefined index: rephone D:\phpstudy\WWW\dcyd\App\Lib\Action\ReplyAction.class.php Á¨¨ 26 Ë°å.
SQL: INSERT INTO `dcyd_lyk` (`name`,`phone`,`ques`,`desc`) VALUES ('fdg','19878765654','dsafd','qwefrdsfdsfwerfefggdgfdgfdgfd') [ RunTime:0.000000s ]

[ 2016-12-24T14:22:30+08:00 ] 127.0.0.1 /index.php/Reply/one.html
INFO: [ route_check ] --START--
INFO: CheckRoute Behavior ::run [ RunTime:0.005001s ]
INFO: [ route_check ] --END-- [ RunTime:0.006001s ]
INFO: [ app_begin ] --START--
INFO: ReadHtmlCache Behavior ::run [ RunTime:0.001000s ]
INFO: [ app_begin ] --END-- [ RunTime:0.003000s ]
NOTIC: [8] Undefined index: expire D:\phpstudy\WWW\dcyd\ThinkPHP\Common\functions.php Á¨¨ 549 Ë°å.
INFO: [ view_parse ] --START--
INFO: ParseTemplate Behavior ::run [ RunTime:0.023002s ]
INFO: [ view_parse ] --END-- [ RunTime:0.023002s ]
INFO: [ view_filter ] --START--
INFO: ContentReplace Behavior ::run [ RunTime:0.002000s ]
INFO: TokenBuild Behavior ::run [ RunTime:0.002000s ]
INFO: WriteHtmlCache Behavior ::run [ RunTime:0.001000s ]
INFO: ShowRuntime Behavior ::run [ RunTime:0.003000s ]
INFO: [ view_filter ] --END-- [ RunTime:0.010000s ]
INFO: [ view_end ] --START--
INFO: ShowPageTrace Behavior ::run [ RunTime:0.001000s ]
INFO: [ view_end ] --END-- [ RunTime:0.003000s ]

[ 2016-12-24T14:23:07+08:00 ] 127.0.0.1 /index.php/Reply/ones.html
INFO: [ route_check ] --START--
INFO: CheckRoute Behavior ::run [ RunTime:0.003001s ]
INFO: [ route_check ] --END-- [ RunTime:0.004001s ]
INFO: [ app_begin ] --START--
INFO: ReadHtmlCache Behavior ::run [ RunTime:0.002000s ]
INFO: [ app_begin ] --END-- [ RunTime:0.002000s ]
NOTIC: [8] Undefined index: expire D:\phpstudy\WWW\dcyd\ThinkPHP\Common\functions.php Á¨¨ 549 Ë°å.
SQL: SHOW COLUMNS FROM `dcyd_lyk` [ RunTime:0.007000s ]
NOTIC: Âª∫ËÆÆ‰ΩøÁî®IÊñπÊ≥ïÊõø‰ª£_post
NOTIC: Âª∫ËÆÆ‰ΩøÁî®IÊñπÊ≥ïÊõø‰ª£_post
NOTIC: Âª∫ËÆÆ‰ΩøÁî®IÊñπÊ≥ïÊõø‰ª£_post
NOTIC: Âª∫ËÆÆ‰ΩøÁî®IÊñπÊ≥ïÊõø‰ª£_post
NOTIC: [2] Missing argument 1 for Model::where(), called in D:\phpstudy\WWW\dcyd\App\Lib\Action\ReplyAction.class.php on line 25 and defined D:\phpstudy\WWW\dcyd\ThinkPHP\Lib\Core\Model.class.php Á¨¨ 1480 Ë°å.
NOTIC: [8] Undefined variable: where D:\phpstudy\WWW\dcyd\ThinkPHP\Lib\Core\Model.class.php Á¨¨ 1488 Ë°å.
NOTIC: [8] Undefined variable: where D:\phpstudy\WWW\dcyd\ThinkPHP\Lib\Core\Model.class.php Á¨¨ 1491 Ë°å.
NOTIC: [8] Undefined variable: where D:\phpstudy\WWW\dcyd\ThinkPHP\Lib\Core\Model.class.php Á¨¨ 1499 Ë°å.
SQL: SELECT `phone` FROM `dcyd_lyk`  [ RunTime:0.000000s ]
NOTIC: [8] Undefined index: rephone D:\phpstudy\WWW\dcyd\App\Lib\Action\ReplyAction.class.php Á¨¨ 26 Ë°å.
SQL: INSERT INTO `dcyd_lyk` (`name`,`phone`,`ques`,`desc`) VALUES ('fhg','19878765654','sadasfgds','tyuhgfhrtfyregfdgdgfchgfhfdghfdbgcvbvbfght') [ RunTime:0.000000s ]

[ 2016-12-24T14:25:40+08:00 ] 127.0.0.1 /index.php/Reply/one.html
INFO: [ route_check ] --START--
INFO: CheckRoute Behavior ::run [ RunTime:0.004000s ]
INFO: [ route_check ] --END-- [ RunTime:0.005000s ]
INFO: [ app_begin ] --START--
INFO: ReadHtmlCache Behavior ::run [ RunTime:0.002001s ]
INFO: [ app_begin ] --END-- [ RunTime:0.002001s ]
NOTIC: [8] Undefined index: expire D:\phpstudy\WWW\dcyd\ThinkPHP\Common\functions.php Á¨¨ 549 Ë°å.
INFO: [ view_parse ] --START--
INFO: ParseTemplate Behavior ::run [ RunTime:0.020001s ]
INFO: [ view_parse ] --END-- [ RunTime:0.021001s ]
INFO: [ view_filter ] --START--
INFO: ContentReplace Behavior ::run [ RunTime:0.002000s ]
INFO: TokenBuild Behavior ::run [ RunTime:0.003000s ]
INFO: WriteHtmlCache Behavior ::run [ RunTime:0.001000s ]
INFO: ShowRuntime Behavior ::run [ RunTime:0.002001s ]
INFO: [ view_filter ] --END-- [ RunTime:0.008001s ]
INFO: [ view_end ] --START--
INFO: ShowPageTrace Behavior ::run [ RunTime:0.002000s ]
INFO: [ view_end ] --END-- [ RunTime:0.003000s ]

[ 2016-12-24T14:32:27+08:00 ] 127.0.0.1 /index.php/Reply/one.html
INFO: [ route_check ] --START--
INFO: CheckRoute Behavior ::run [ RunTime:0.004000s ]
INFO: [ route_check ] --END-- [ RunTime:0.005000s ]
INFO: [ app_begin ] --START--
INFO: ReadHtmlCache Behavior ::run [ RunTime:0.003000s ]
INFO: [ app_begin ] --END-- [ RunTime:0.004000s ]
NOTIC: [8] Undefined index: expire D:\phpstudy\WWW\dcyd\ThinkPHP\Common\functions.php Á¨¨ 549 Ë°å.
INFO: [ view_parse ] --START--
INFO: ParseTemplate Behavior ::run [ RunTime:0.026001s ]
INFO: [ view_parse ] --END-- [ RunTime:0.026001s ]
INFO: [ view_filter ] --START--
INFO: ContentReplace Behavior ::run [ RunTime:0.001000s ]
INFO: TokenBuild Behavior ::run [ RunTime:0.002000s ]
INFO: WriteHtmlCache Behavior ::run [ RunTime:0.001000s ]
INFO: ShowRuntime Behavior ::run [ RunTime:0.002000s ]
INFO: [ view_filter ] --END-- [ RunTime:0.008001s ]
INFO: [ view_end ] --START--
INFO: ShowPageTrace Behavior ::run [ RunTime:0.002000s ]
INFO: [ view_end ] --END-- [ RunTime:0.003000s ]

[ 2016-12-24T14:34:21+08:00 ] 127.0.0.1 /index.php/Reply/ones.html
INFO: [ route_check ] --START--
INFO: CheckRoute Behavior ::run [ RunTime:0.005000s ]
INFO: [ route_check ] --END-- [ RunTime:0.007000s ]
INFO: [ app_begin ] --START--
INFO: ReadHtmlCache Behavior ::run [ RunTime:0.003001s ]
INFO: [ app_begin ] --END-- [ RunTime:0.004001s ]
NOTIC: [8] Undefined index: expire D:\phpstudy\WWW\dcyd\ThinkPHP\Common\functions.php Á¨¨ 549 Ë°å.
SQL: SHOW COLUMNS FROM `dcyd_lyk` [ RunTime:0.008000s ]
NOTIC: Âª∫ËÆÆ‰ΩøÁî®IÊñπÊ≥ïÊõø‰ª£_post
NOTIC: Âª∫ËÆÆ‰ΩøÁî®IÊñπÊ≥ïÊõø‰ª£_post
NOTIC: Âª∫ËÆÆ‰ΩøÁî®IÊñπÊ≥ïÊõø‰ª£_post
NOTIC: Âª∫ËÆÆ‰ΩøÁî®IÊñπÊ≥ïÊõø‰ª£_post
NOTIC: [2] Missing argument 1 for Model::where(), called in D:\phpstudy\WWW\dcyd\App\Lib\Action\ReplyAction.class.php on line 25 and defined D:\phpstudy\WWW\dcyd\ThinkPHP\Lib\Core\Model.class.php Á¨¨ 1480 Ë°å.
NOTIC: [8] Undefined variable: where D:\phpstudy\WWW\dcyd\ThinkPHP\Lib\Core\Model.class.php Á¨¨ 1488 Ë°å.
NOTIC: [8] Undefined variable: where D:\phpstudy\WWW\dcyd\ThinkPHP\Lib\Core\Model.class.php Á¨¨ 1491 Ë°å.
NOTIC: [8] Undefined variable: where D:\phpstudy\WWW\dcyd\ThinkPHP\Lib\Core\Model.class.php Á¨¨ 1499 Ë°å.
SQL: SELECT `phone` FROM `dcyd_lyk`  [ RunTime:0.000000s ]
NOTIC: [8] Undefined index: rephone D:\phpstudy\WWW\dcyd\App\Lib\Action\ReplyAction.class.php Á¨¨ 26 Ë°å.
SQL: INSERT INTO `dcyd_lyk` (`name`,`phone`,`ques`,`desc`) VALUES ('Á®ãÂ∫è','19878765654','ÁöÑÊííÂèëÁîüÁö\Ñ','ÂÆ£‰º†ÂçïvsdgfdhbvccvnfghgdfhÂ§ßËåÉÁîòËø™ÂèëÂ§ßËåÉÁîòËø™ÂèëÂ§ßÊ¶ÇÂ§ßËåÉÁîòËø™ÂèëÈ¨ºÂú∞Êñπ‰∏™Â§ßÊ¶ÇÂ§ßÊ¶ÇÂ§ßÊ¶Ç‰∏úÊñπËÇ°‰ªΩÂ§ßËÇ°‰∏úÂèëÈ¨ºÂú∞Êñπ‰∏™‰∏úÊñπÂπøÂú∫ÈúÄË°•ÂÅøË¥π‰∏™Âú∞ÊñπÂÆòÁîµÈ•≠ÈîÖÁîµÈ•≠Èî\Ö') [ RunTime:0.000000s ]

[ 2016-12-24T14:34:42+08:00 ] 127.0.0.1 /index.php/Reply/one.html
INFO: [ route_check ] --START--
INFO: CheckRoute Behavior ::run [ RunTime:0.004000s ]
INFO: [ route_check ] --END-- [ RunTime:0.006000s ]
INFO: [ app_begin ] --START--
INFO: ReadHtmlCache Behavior ::run [ RunTime:0.002000s ]
INFO: [ app_begin ] --END-- [ RunTime:0.003000s ]
NOTIC: [8] Undefined index: expire D:\phpstudy\WWW\dcyd\ThinkPHP\Common\functions.php Á¨¨ 549 Ë°å.
INFO: [ view_parse ] --START--
INFO: ParseTemplate Behavior ::run [ RunTime:0.033002s ]
INFO: [ view_parse ] --END-- [ RunTime:0.034002s ]
INFO: [ view_filter ] --START--
INFO: ContentReplace Behavior ::run [ RunTime:0.003000s ]
INFO: TokenBuild Behavior ::run [ RunTime:0.003000s ]
INFO: WriteHtmlCache Behavior ::run [ RunTime:0.002001s ]
INFO: ShowRuntime Behavior ::run [ RunTime:0.004000s ]
INFO: [ view_filter ] --END-- [ RunTime:0.015001s ]
INFO: [ view_end ] --START--
INFO: ShowPageTrace Behavior ::run [ RunTime:0.003000s ]
INFO: [ view_end ] --END-- [ RunTime:0.004000s ]

[ 2016-12-24T14:34:55+08:00 ] 127.0.0.1 /index.php/Reply/ones.html
INFO: [ route_check ] --START--
INFO: CheckRoute Behavior ::run [ RunTime:0.004000s ]
INFO: [ route_check ] --END-- [ RunTime:0.006000s ]
INFO: [ app_begin ] --START--
INFO: ReadHtmlCache Behavior ::run [ RunTime:0.002001s ]
INFO: [ app_begin ] --END-- [ RunTime:0.004001s ]
NOTIC: [8] Undefined index: expire D:\phpstudy\WWW\dcyd\ThinkPHP\Common\functions.php Á¨¨ 549 Ë°å.
SQL: SHOW COLUMNS FROM `dcyd_lyk` [ RunTime:0.004001s ]
NOTIC: Âª∫ËÆÆ‰ΩøÁî®IÊñπÊ≥ïÊõø‰ª£_post
NOTIC: Âª∫ËÆÆ‰ΩøÁî®IÊñπÊ≥ïÊõø‰ª£_post
NOTIC: Âª∫ËÆÆ‰ΩøÁî®IÊñπÊ≥ïÊõø‰ª£_post
NOTIC: Âª∫ËÆÆ‰ΩøÁî®IÊñπÊ≥ïÊõø‰ª£_post
NOTIC: [2] Missing argument 1 for Model::where(), called in D:\phpstudy\WWW\dcyd\App\Lib\Action\ReplyAction.class.php on line 25 and defined D:\phpstudy\WWW\dcyd\ThinkPHP\Lib\Core\Model.class.php Á¨¨ 1480 Ë°å.
NOTIC: [8] Undefined variable: where D:\phpstudy\WWW\dcyd\ThinkPHP\Lib\Core\Model.class.php Á¨¨ 1488 Ë°å.
NOTIC: [8] Undefined variable: where D:\phpstudy\WWW\dcyd\ThinkPHP\Lib\Core\Model.class.php Á¨¨ 1491 Ë°å.
NOTIC: [8] Undefined variable: where D:\phpstudy\WWW\dcyd\ThinkPHP\Lib\Core\Model.class.php Á¨¨ 1499 Ë°å.
SQL: SELECT `phone` FROM `dcyd_lyk`  [ RunTime:0.000000s ]
NOTIC: [8] Undefined index: rephone D:\phpstudy\WWW\dcyd\App\Lib\Action\ReplyAction.class.php Á¨¨ 26 Ë°å.
SQL: INSERT INTO `dcyd_lyk` (`name`,`phone`,`ques`,`desc`) VALUES ('lvmaque.com','19878765654','ÁöÑÊííÂèëÁîüÁö\Ñ','ÂÆ£‰º†ÂçïvsdgfdhbvccvnfghgdfhÂ§ßËåÉÁîòËø™ÂèëÂ§ßËåÉÁîòËø™ÂèëÂ§ßÊ¶ÇÂ§ßËåÉÁîòËø™ÂèëÈ¨ºÂú∞Êñπ‰∏™Â§ßÊ¶ÇÂ§ßÊ¶ÇÂ§ßÊ¶Ç‰∏úÊñπËÇ°‰ªΩÂ§ßËÇ°‰∏úÂèëÈ¨ºÂú∞Êñπ‰∏™‰∏úÊñπÂπøÂú∫ÈúÄË°•ÂÅøË¥π‰∏™Âú∞ÊñπÂÆòÁîµÈ•≠ÈîÖÁîµÈ•≠Èî\Ö') [ RunTime:0.001000s ]

[ 2016-12-24T14:41:50+08:00 ] 127.0.0.1 /index.php/Reply/one.html
INFO: [ route_check ] --START--
INFO: CheckRoute Behavior ::run [ RunTime:0.003000s ]
INFO: [ route_check ] --END-- [ RunTime:0.005000s ]
INFO: [ app_begin ] --START--
INFO: ReadHtmlCache Behavior ::run [ RunTime:0.003000s ]
INFO: [ app_begin ] --END-- [ RunTime:0.005000s ]
NOTIC: [8] Undefined index: expire D:\phpstudy\WWW\dcyd\ThinkPHP\Common\functions.php Á¨¨ 549 Ë°å.
INFO: [ view_parse ] --START--
INFO: ParseTemplate Behavior ::run [ RunTime:0.020001s ]
INFO: [ view_parse ] --END-- [ RunTime:0.021001s ]
INFO: [ view_filter ] --START--
INFO: ContentReplace Behavior ::run [ RunTime:0.002000s ]
INFO: TokenBuild Behavior ::run [ RunTime:0.001000s ]
INFO: WriteHtmlCache Behavior ::run [ RunTime:0.001000s ]
INFO: ShowRuntime Behavior ::run [ RunTime:0.002001s ]
INFO: [ view_filter ] --END-- [ RunTime:0.010001s ]
INFO: [ view_end ] --START--
INFO: ShowPageTrace Behavior ::run [ RunTime:0.001000s ]
INFO: [ view_end ] --END-- [ RunTime:0.002000s ]

[ 2016-12-24T14:42:31+08:00 ] 127.0.0.1 /index.php/Reply/ones.html
INFO: [ route_check ] --START--
INFO: CheckRoute Behavior ::run [ RunTime:0.003000s ]
INFO: [ route_check ] --END-- [ RunTime:0.004000s ]
INFO: [ app_begin ] --START--
INFO: ReadHtmlCache Behavior ::run [ RunTime:0.001000s ]
INFO: [ app_begin ] --END-- [ RunTime:0.003000s ]
NOTIC: [8] Undefined index: expire D:\phpstudy\WWW\dcyd\ThinkPHP\Common\functions.php Á¨¨ 549 Ë°å.
SQL: SHOW COLUMNS FROM `dcyd_lyk` [ RunTime:0.005000s ]
NOTIC: Âª∫ËÆÆ‰ΩøÁî®IÊñπÊ≥ïÊõø‰ª£_post
NOTIC: Âª∫ËÆÆ‰ΩøÁî®IÊñπÊ≥ïÊõø‰ª£_post
NOTIC: Âª∫ËÆÆ‰ΩøÁî®IÊñπÊ≥ïÊõø‰ª£_post
NOTIC: Âª∫ËÆÆ‰ΩøÁî®IÊñπÊ≥ïÊõø‰ª£_post
NOTIC: [2] Missing argument 1 for Model::where(), called in D:\phpstudy\WWW\dcyd\App\Lib\Action\ReplyAction.class.php on line 25 and defined D:\phpstudy\WWW\dcyd\ThinkPHP\Lib\Core\Model.class.php Á¨¨ 1480 Ë°å.
NOTIC: [8] Undefined variable: where D:\phpstudy\WWW\dcyd\ThinkPHP\Lib\Core\Model.class.php Á¨¨ 1488 Ë°å.
NOTIC: [8] Undefined variable: where D:\phpstudy\WWW\dcyd\ThinkPHP\Lib\Core\Model.class.php Á¨¨ 1491 Ë°å.
NOTIC: [8] Undefined variable: where D:\phpstudy\WWW\dcyd\ThinkPHP\Lib\Core\Model.class.php Á¨¨ 1499 Ë°å.
SQL: SELECT `phone` FROM `dcyd_lyk`  [ RunTime:0.001000s ]
NOTIC: [8] Undefined index: rephone D:\phpstudy\WWW\dcyd\App\Lib\Action\ReplyAction.class.php Á¨¨ 26 Ë°å.
NOTIC: [8] Undefined index: rephone xdebug://debug-eval Á¨¨ 1 Ë°å.
SQL: INSERT INTO `dcyd_lyk` (`name`,`phone`,`ques`,`desc`) VALUES ('Â§ßÊ¶Ç','19878765654','ÁöÑÊííÂèëÁîüÁö\Ñ','ÂÆ£‰º†ÂçïvsdgfdhbvccvnfghgdfhÂ§ßËåÉÁîòËø™ÂèëÂ§ßËåÉÁîòËø™ÂèëÂ§ßÊ¶ÇÂ§ßËåÉÁîòËø™ÂèëÈ¨ºÂú∞Êñπ‰∏™Â§ßÊ¶ÇÂ§ßÊ¶ÇÂ§ßÊ¶Ç‰∏úÊñπËÇ°‰ªΩÂ§ßËÇ°‰∏úÂèëÈ¨ºÂú∞Êñπ‰∏™‰∏úÊñπÂπøÂú∫ÈúÄË°•ÂÅøË¥π‰∏™Âú∞ÊñπÂÆòÁîµÈ•≠ÈîÖÁîµÈ•≠Èî\Ö') [ RunTime:0.001000s ]

[ 2016-12-24T14:42:33+08:00 ] 127.0.0.1 /index.php/Reply/one.html
INFO: [ route_check ] --START--
INFO: CheckRoute Behavior ::run [ RunTime:0.003000s ]
INFO: [ route_check ] --END-- [ RunTime:0.003000s ]
INFO: [ app_begin ] --START--
INFO: ReadHtmlCache Behavior ::run [ RunTime:0.002000s ]
INFO: [ app_begin ] --END-- [ RunTime:0.004000s ]
NOTIC: [8] Undefined index: expire D:\phpstudy\WWW\dcyd\ThinkPHP\Common\functions.php Á¨¨ 549 Ë°å.
INFO: [ view_parse ] --START--
INFO: ParseTemplate Behavior ::run [ RunTime:0.022001s ]
INFO: [ view_parse ] --END-- [ RunTime:0.023001s ]
INFO: [ view_filter ] --START--
INFO: ContentReplace Behavior ::run [ RunTime:0.002001s ]
INFO: TokenBuild Behavior ::run [ RunTime:0.001000s ]
INFO: WriteHtmlCache Behavior ::run [ RunTime:0.000000s ]
INFO: ShowRuntime Behavior ::run [ RunTime:0.003000s ]
INFO: [ view_filter ] --END-- [ RunTime:0.009001s ]
INFO: [ view_end ] --START--
INFO: ShowPageTrace Behavior ::run [ RunTime:0.002000s ]
INFO: [ view_end ] --END-- [ RunTime:0.003000s ]

[ 2016-12-24T14:43:05+08:00 ] 127.0.0.1 /index.php/Reply/ones.html
INFO: [ route_check ] --START--
INFO: CheckRoute Behavior ::run [ RunTime:0.003000s ]
INFO: [ route_check ] --END-- [ RunTime:0.003000s ]
INFO: [ app_begin ] --START--
INFO: ReadHtmlCache Behavior ::run [ RunTime:0.001000s ]
INFO: [ app_begin ] --END-- [ RunTime:0.002000s ]
NOTIC: [8] Undefined index: expire D:\phpstudy\WWW\dcyd\ThinkPHP\Common\functions.php Á¨¨ 549 Ë°å.
SQL: SHOW COLUMNS FROM `dcyd_lyk` [ RunTime:0.006000s ]
NOTIC: Âª∫ËÆÆ‰ΩøÁî®IÊñπÊ≥ïÊõø‰ª£_post
NOTIC: Âª∫ËÆÆ‰ΩøÁî®IÊñπÊ≥ïÊõø‰ª£_post
NOTIC: Âª∫ËÆÆ‰ΩøÁî®IÊñπÊ≥ïÊõø‰ª£_post
NOTIC: Âª∫ËÆÆ‰ΩøÁî®IÊñπÊ≥ïÊõø‰ª£_post
NOTIC: [2] Missing argument 1 for Model::where(), called in D:\phpstudy\WWW\dcyd\App\Lib\Action\ReplyAction.class.php on line 25 and defined D:\phpstudy\WWW\dcyd\ThinkPHP\Lib\Core\Model.class.php Á¨¨ 1480 Ë°å.
NOTIC: [8] Undefined variable: where D:\phpstudy\WWW\dcyd\ThinkPHP\Lib\Core\Model.class.php Á¨¨ 1488 Ë°å.
NOTIC: [8] Undefined variable: where D:\phpstudy\WWW\dcyd\ThinkPHP\Lib\Core\Model.class.php Á¨¨ 1491 Ë°å.
NOTIC: [8] Undefined variable: where D:\phpstudy\WWW\dcyd\ThinkPHP\Lib\Core\Model.class.php Á¨¨ 1499 Ë°å.
SQL: SELECT `phone` FROM `dcyd_lyk`  [ RunTime:0.001000s ]
NOTIC: [8] Undefined index: phone D:\phpstudy\WWW\dcyd\App\Lib\Action\ReplyAction.class.php Á¨¨ 26 Ë°å.
SQL: INSERT INTO `dcyd_lyk` (`name`,`phone`,`ques`,`desc`) VALUES ('ÁªèÁêÜ','19878765654','ÁöÑÊííÂèëÁîüÁö\Ñ','ÂÆ£‰º†ÂçïvsdgfdhbvccvnfghgdfhÂ§ßËåÉÁîòËø™ÂèëÂ§ßËåÉÁîòËø™ÂèëÂ§ßÊ¶ÇÂ§ßËåÉÁîòËø™ÂèëÈ¨ºÂú∞Êñπ‰∏™Â§ßÊ¶ÇÂ§ßÊ¶ÇÂ§ßÊ¶Ç‰∏úÊñπËÇ°‰ªΩÂ§ßËÇ°‰∏úÂèëÈ¨ºÂú∞Êñπ‰∏™‰∏úÊñπÂπøÂú∫ÈúÄË°•ÂÅøË¥π‰∏™Âú∞ÊñπÂÆòÁîµÈ•≠ÈîÖÁîµÈ•≠Èî\Ö') [ RunTime:0.001000s ]

[ 2016-12-24T14:43:40+08:00 ] 127.0.0.1 /index.php/Reply/one.html
INFO: [ route_check ] --START--
INFO: CheckRoute Behavior ::run [ RunTime:0.004000s ]
INFO: [ route_check ] --END-- [ RunTime:0.006001s ]
INFO: [ app_begin ] --START--
INFO: ReadHtmlCache Behavior ::run [ RunTime:0.002000s ]
INFO: [ app_begin ] --END-- [ RunTime:0.003000s ]
NOTIC: [8] Undefined index: expire D:\phpstudy\WWW\dcyd\ThinkPHP\Common\functions.php Á¨¨ 549 Ë°å.
INFO: [ view_parse ] --START--
INFO: ParseTemplate Behavior ::run [ RunTime:0.020001s ]
INFO: [ view_parse ] --END-- [ RunTime:0.021001s ]
INFO: [ view_filter ] --START--
INFO: ContentReplace Behavior ::run [ RunTime:0.002000s ]
INFO: TokenBuild Behavior ::run [ RunTime:0.002000s ]
INFO: WriteHtmlCache Behavior ::run [ RunTime:0.001000s ]
INFO: ShowRuntime Behavior ::run [ RunTime:0.002000s ]
INFO: [ view_filter ] --END-- [ RunTime:0.009000s ]
INFO: [ view_end ] --START--
INFO: ShowPageTrace Behavior ::run [ RunTime:0.002001s ]
INFO: [ view_end ] --END-- [ RunTime:0.003001s ]

[ 2016-12-24T14:44:09+08:00 ] 127.0.0.1 /index.php/Reply/ones.html
INFO: [ route_check ] --START--
INFO: CheckRoute Behavior ::run [ RunTime:0.005000s ]
INFO: [ route_check ] --END-- [ RunTime:0.005000s ]
INFO: [ app_begin ] --START--
INFO: ReadHtmlCache Behavior ::run [ RunTime:0.003000s ]
INFO: [ app_begin ] --END-- [ RunTime:0.003000s ]
NOTIC: [8] Undefined index: expire D:\phpstudy\WWW\dcyd\ThinkPHP\Common\functions.php Á¨¨ 549 Ë°å.
SQL: SHOW COLUMNS FROM `dcyd_lyk` [ RunTime:0.004000s ]
NOTIC: Âª∫ËÆÆ‰ΩøÁî®IÊñπÊ≥ïÊõø‰ª£_post
NOTIC: Âª∫ËÆÆ‰ΩøÁî®IÊñπÊ≥ïÊõø‰ª£_post
NOTIC: Âª∫ËÆÆ‰ΩøÁî®IÊñπÊ≥ïÊõø‰ª£_post
NOTIC: Âª∫ËÆÆ‰ΩøÁî®IÊñπÊ≥ïÊõø‰ª£_post
NOTIC: [2] Missing argument 1 for Model::where(), called in D:\phpstudy\WWW\dcyd\App\Lib\Action\ReplyAction.class.php on line 25 and defined D:\phpstudy\WWW\dcyd\ThinkPHP\Lib\Core\Model.class.php Á¨¨ 1480 Ë°å.
NOTIC: [8] Undefined variable: where D:\phpstudy\WWW\dcyd\ThinkPHP\Lib\Core\Model.class.php Á¨¨ 1488 Ë°å.
NOTIC: [8] Undefined variable: where D:\phpstudy\WWW\dcyd\ThinkPHP\Lib\Core\Model.class.php Á¨¨ 1491 Ë°å.
NOTIC: [8] Undefined variable: where D:\phpstudy\WWW\dcyd\ThinkPHP\Lib\Core\Model.class.php Á¨¨ 1499 Ë°å.
SQL: SELECT `phone` FROM `dcyd_lyk`  [ RunTime:0.000000s ]
NOTIC: [8] Undefined index: phone D:\phpstudy\WWW\dcyd\App\Lib\Action\ReplyAction.class.php Á¨¨ 26 Ë°å.

[ 2016-12-24T14:44:27+08:00 ] 127.0.0.1 /index.php/Reply/ones.html
INFO: [ route_check ] --START--
INFO: CheckRoute Behavior ::run [ RunTime:0.003000s ]
INFO: [ route_check ] --END-- [ RunTime:0.004000s ]
INFO: [ app_begin ] --START--
INFO: ReadHtmlCache Behavior ::run [ RunTime:0.003001s ]
INFO: [ app_begin ] --END-- [ RunTime:0.004001s ]
NOTIC: [8] Undefined index: expire D:\phpstudy\WWW\dcyd\ThinkPHP\Common\functions.php Á¨¨ 549 Ë°å.
SQL: SHOW COLUMNS FROM `dcyd_lyk` [ RunTime:0.005000s ]
NOTIC: Âª∫ËÆÆ‰ΩøÁî®IÊñπÊ≥ïÊõø‰ª£_post
NOTIC: Âª∫ËÆÆ‰ΩøÁî®IÊñπÊ≥ïÊõø‰ª£_post
NOTIC: Âª∫ËÆÆ‰ΩøÁî®IÊñπÊ≥ïÊõø‰ª£_post
NOTIC: Âª∫ËÆÆ‰ΩøÁî®IÊñπÊ≥ïÊõø‰ª£_post
NOTIC: [2] Missing argument 1 for Model::where(), called in D:\phpstudy\WWW\dcyd\App\Lib\Action\ReplyAction.class.php on line 25 and defined D:\phpstudy\WWW\dcyd\ThinkPHP\Lib\Core\Model.class.php Á¨¨ 1480 Ë°å.
NOTIC: [8] Undefined variable: where D:\phpstudy\WWW\dcyd\ThinkPHP\Lib\Core\Model.class.php Á¨¨ 1488 Ë°å.
NOTIC: [8] Undefined variable: where D:\phpstudy\WWW\dcyd\ThinkPHP\Lib\Core\Model.class.php Á¨¨ 1491 Ë°å.
NOTIC: [8] Undefined variable: where D:\phpstudy\WWW\dcyd\ThinkPHP\Lib\Core\Model.class.php Á¨¨ 1499 Ë°å.
SQL: SELECT `phone` FROM `dcyd_lyk`  [ RunTime:0.000000s ]
NOTIC: [8] Undefined index: phone D:\phpstudy\WWW\dcyd\App\Lib\Action\ReplyAction.class.php Á¨¨ 26 Ë°å.

[ 2016-12-24T14:44:57+08:00 ] 127.0.0.1 /index.php/Reply/ones.html
INFO: [ route_check ] --START--
INFO: CheckRoute Behavior ::run [ RunTime:0.004000s ]
INFO: [ route_check ] --END-- [ RunTime:0.005000s ]
INFO: [ app_begin ] --START--
INFO: ReadHtmlCache Behavior ::run [ RunTime:0.002000s ]
INFO: [ app_begin ] --END-- [ RunTime:0.003001s ]
NOTIC: [8] Undefined index: expire D:\phpstudy\WWW\dcyd\ThinkPHP\Common\functions.php Á¨¨ 549 Ë°å.
SQL: SHOW COLUMNS FROM `dcyd_lyk` [ RunTime:0.007001s ]
NOTIC: Âª∫ËÆÆ‰ΩøÁî®IÊñπÊ≥ïÊõø‰ª£_post
NOTIC: Âª∫ËÆÆ‰ΩøÁî®IÊñπÊ≥ïÊõø‰ª£_post
NOTIC: Âª∫ËÆÆ‰ΩøÁî®IÊñπÊ≥ïÊõø‰ª£_post
NOTIC: Âª∫ËÆÆ‰ΩøÁî®IÊñπÊ≥ïÊõø‰ª£_post
SQL: SELECT `phone` FROM `dcyd_lyk`  [ RunTime:0.001000s ]
NOTIC: [8] Undefined index: phone D:\phpstudy\WWW\dcyd\App\Lib\Action\ReplyAction.class.php Á¨¨ 26 Ë°å.

[ 2016-12-24T14:45:03+08:00 ] 127.0.0.1 /index.php/Reply/one.html
INFO: [ route_check ] --START--
INFO: CheckRoute Behavior ::run [ RunTime:0.004000s ]
INFO: [ route_check ] --END-- [ RunTime:0.004000s ]
INFO: [ app_begin ] --START--
INFO: ReadHtmlCache Behavior ::run [ RunTime:0.002000s ]
INFO: [ app_begin ] --END-- [ RunTime:0.003000s ]
NOTIC: [8] Undefined index: expire D:\phpstudy\WWW\dcyd\ThinkPHP\Common\functions.php Á¨¨ 549 Ë°å.
INFO: [ view_parse ] --START--
INFO: ParseTemplate Behavior ::run [ RunTime:0.020001s ]
INFO: [ view_parse ] --END-- [ RunTime:0.021001s ]
INFO: [ view_filter ] --START--
INFO: ContentReplace Behavior ::run [ RunTime:0.002000s ]
INFO: TokenBuild Behavior ::run [ RunTime:0.001000s ]
INFO: WriteHtmlCache Behavior ::run [ RunTime:0.000000s ]
INFO: ShowRuntime Behavior ::run [ RunTime:0.004001s ]
INFO: [ view_filter ] --END-- [ RunTime:0.011001s ]
INFO: [ view_end ] --START--
INFO: ShowPageTrace Behavior ::run [ RunTime:0.003000s ]
INFO: [ view_end ] --END-- [ RunTime:0.004000s ]

[ 2016-12-24T14:45:11+08:00 ] 127.0.0.1 /index.php/Reply/ones.html
INFO: [ route_check ] --START--
INFO: CheckRoute Behavior ::run [ RunTime:0.004001s ]
INFO: [ route_check ] --END-- [ RunTime:0.006001s ]
INFO: [ app_begin ] --START--
INFO: ReadHtmlCache Behavior ::run [ RunTime:0.003000s ]
INFO: [ app_begin ] --END-- [ RunTime:0.004000s ]
NOTIC: [8] Undefined index: expire D:\phpstudy\WWW\dcyd\ThinkPHP\Common\functions.php Á¨¨ 549 Ë°å.
SQL: SHOW COLUMNS FROM `dcyd_lyk` [ RunTime:0.007000s ]
NOTIC: Âª∫ËÆÆ‰ΩøÁî®IÊñπÊ≥ïÊõø‰ª£_post
NOTIC: Âª∫ËÆÆ‰ΩøÁî®IÊñπÊ≥ïÊõø‰ª£_post
NOTIC: Âª∫ËÆÆ‰ΩøÁî®IÊñπÊ≥ïÊõø‰ª£_post
NOTIC: Âª∫ËÆÆ‰ΩøÁî®IÊñπÊ≥ïÊõø‰ª£_post
SQL: SELECT `phone` FROM `dcyd_lyk`  [ RunTime:0.001000s ]
NOTIC: [8] Undefined index: phone D:\phpstudy\WWW\dcyd\App\Lib\Action\ReplyAction.class.php Á¨¨ 26 Ë°å.

[ 2016-12-24T14:56:33+08:00 ] 127.0.0.1 /index.php/Reply/one.html
INFO: [ route_check ] --START--
INFO: CheckRoute Behavior ::run [ RunTime:0.003000s ]
INFO: [ route_check ] --END-- [ RunTime:0.004000s ]
INFO: [ app_begin ] --START--
INFO: ReadHtmlCache Behavior ::run [ RunTime:0.002001s ]
INFO: [ app_begin ] --END-- [ RunTime:0.003001s ]
NOTIC: [8] Undefined index: expire D:\phpstudy\WWW\dcyd\ThinkPHP\Common\functions.php Á¨¨ 549 Ë°å.
INFO: [ view_parse ] --START--
INFO: ParseTemplate Behavior ::run [ RunTime:0.019001s ]
INFO: [ view_parse ] --END-- [ RunTime:0.020001s ]
INFO: [ view_filter ] --START--
INFO: ContentReplace Behavior ::run [ RunTime:0.002000s ]
INFO: TokenBuild Behavior ::run [ RunTime:0.002000s ]
INFO: WriteHtmlCache Behavior ::run [ RunTime:0.000000s ]
INFO: ShowRuntime Behavior ::run [ RunTime:0.002000s ]
INFO: [ view_filter ] --END-- [ RunTime:0.009001s ]
INFO: [ view_end ] --START--
INFO: ShowPageTrace Behavior ::run [ RunTime:0.002000s ]
INFO: [ view_end ] --END-- [ RunTime:0.003000s ]

[ 2016-12-24T14:56:51+08:00 ] 127.0.0.1 /index.php/Product
INFO: [ route_check ] --START--
INFO: CheckRoute Behavior ::run [ RunTime:0.004001s ]
INFO: [ route_check ] --END-- [ RunTime:0.005001s ]
INFO: [ app_begin ] --START--
INFO: ReadHtmlCache Behavior ::run [ RunTime:0.001000s ]
INFO: [ app_begin ] --END-- [ RunTime:0.003000s ]
NOTIC: [8] Undefined index: expire D:\phpstudy\WWW\dcyd\ThinkPHP\Common\functions.php Á¨¨ 549 Ë°å.
INFO: [ view_parse ] --START--
INFO: ParseTemplate Behavior ::run [ RunTime:0.034002s ]
INFO: [ view_parse ] --END-- [ RunTime:0.035002s ]
INFO: [ view_filter ] --START--
INFO: ContentReplace Behavior ::run [ RunTime:0.001000s ]
INFO: TokenBuild Behavior ::run [ RunTime:0.001000s ]
INFO: WriteHtmlCache Behavior ::run [ RunTime:0.001000s ]
INFO: ShowRuntime Behavior ::run [ RunTime:0.003000s ]
INFO: [ view_filter ] --END-- [ RunTime:0.010001s ]
INFO: [ view_end ] --START--
INFO: ShowPageTrace Behavior ::run [ RunTime:0.002000s ]
INFO: [ view_end ] --END-- [ RunTime:0.003000s ]

[ 2016-12-24T14:56:56+08:00 ] 127.0.0.1 /index.php/Product/styli.html
INFO: [ route_check ] --START--
INFO: CheckRoute Behavior ::run [ RunTime:0.003000s ]
INFO: [ route_check ] --END-- [ RunTime:0.004000s ]
INFO: [ app_begin ] --START--
INFO: ReadHtmlCache Behavior ::run [ RunTime:0.002000s ]
INFO: [ app_begin ] --END-- [ RunTime:0.004000s ]
NOTIC: [8] Undefined index: expire D:\phpstudy\WWW\dcyd\ThinkPHP\Common\functions.php Á¨¨ 549 Ë°å.
INFO: [ view_parse ] --START--
INFO: ParseTemplate Behavior ::run [ RunTime:0.028002s ]
INFO: [ view_parse ] --END-- [ RunTime:0.028002s ]
INFO: [ view_filter ] --START--
INFO: ContentReplace Behavior ::run [ RunTime:0.002000s ]
INFO: TokenBuild Behavior ::run [ RunTime:0.002000s ]
INFO: WriteHtmlCache Behavior ::run [ RunTime:0.001000s ]
INFO: ShowRuntime Behavior ::run [ RunTime:0.002001s ]
INFO: [ view_filter ] --END-- [ RunTime:0.009001s ]
INFO: [ view_end ] --START--
INFO: ShowPageTrace Behavior ::run [ RunTime:0.003000s ]
INFO: [ view_end ] --END-- [ RunTime:0.004000s ]

[ 2016-12-24T14:57:00+08:00 ] 127.0.0.1 /index.php/Product/two.html
INFO: [ route_check ] --START--
INFO: CheckRoute Behavior ::run [ RunTime:0.003000s ]
INFO: [ route_check ] --END-- [ RunTime:0.004000s ]
INFO: [ app_begin ] --START--
INFO: ReadHtmlCache Behavior ::run [ RunTime:0.001000s ]
INFO: [ app_begin ] --END-- [ RunTime:0.003000s ]
NOTIC: [8] Undefined index: expire D:\phpstudy\WWW\dcyd\ThinkPHP\Common\functions.php Á¨¨ 549 Ë°å.
INFO: [ view_parse ] --START--
INFO: ParseTemplate Behavior ::run [ RunTime:0.025002s ]
INFO: [ view_parse ] --END-- [ RunTime:0.027002s ]
INFO: [ view_filter ] --START--
INFO: ContentReplace Behavior ::run [ RunTime:0.002000s ]
INFO: TokenBuild Behavior ::run [ RunTime:0.002000s ]
INFO: WriteHtmlCache Behavior ::run [ RunTime:0.001000s ]
INFO: ShowRuntime Behavior ::run [ RunTime:0.003001s ]
INFO: [ view_filter ] --END-- [ RunTime:0.011001s ]
INFO: [ view_end ] --START--
INFO: ShowPageTrace Behavior ::run [ RunTime:0.003000s ]
INFO: [ view_end ] --END-- [ RunTime:0.008000s ]

[ 2016-12-24T14:57:02+08:00 ] 127.0.0.1 /index.php/Product/eight.html
INFO: [ route_check ] --START--
INFO: CheckRoute Behavior ::run [ RunTime:0.003000s ]
INFO: [ route_check ] --END-- [ RunTime:0.004000s ]
INFO: [ app_begin ] --START--
INFO: ReadHtmlCache Behavior ::run [ RunTime:0.002000s ]
INFO: [ app_begin ] --END-- [ RunTime:0.003000s ]
NOTIC: [8] Undefined index: expire D:\phpstudy\WWW\dcyd\ThinkPHP\Common\functions.php Á¨¨ 549 Ë°å.
INFO: [ view_parse ] --START--
INFO: ParseTemplate Behavior ::run [ RunTime:0.026002s ]
INFO: [ view_parse ] --END-- [ RunTime:0.027002s ]
INFO: [ view_filter ] --START--
INFO: ContentReplace Behavior ::run [ RunTime:0.001000s ]
INFO: TokenBuild Behavior ::run [ RunTime:0.002000s ]
INFO: WriteHtmlCache Behavior ::run [ RunTime:0.001000s ]
INFO: ShowRuntime Behavior ::run [ RunTime:0.002000s ]
INFO: [ view_filter ] --END-- [ RunTime:0.008000s ]
INFO: [ view_end ] --START--
INFO: ShowPageTrace Behavior ::run [ RunTime:0.003001s ]
INFO: [ view_end ] --END-- [ RunTime:0.005001s ]

[ 2016-12-24T14:57:04+08:00 ] 127.0.0.1 /index.php/Product/five.html
INFO: [ route_check ] --START--
INFO: CheckRoute Behavior ::run [ RunTime:0.005000s ]
INFO: [ route_check ] --END-- [ RunTime:0.006000s ]
INFO: [ app_begin ] --START--
INFO: ReadHtmlCache Behavior ::run [ RunTime:0.003000s ]
INFO: [ app_begin ] --END-- [ RunTime:0.003000s ]
NOTIC: [8] Undefined index: expire D:\phpstudy\WWW\dcyd\ThinkPHP\Common\functions.php Á¨¨ 549 Ë°å.
INFO: [ view_parse ] --START--
INFO: ParseTemplate Behavior ::run [ RunTime:0.031002s ]
INFO: [ view_parse ] --END-- [ RunTime:0.032002s ]
INFO: [ view_filter ] --START--
INFO: ContentReplace Behavior ::run [ RunTime:0.001000s ]
INFO: TokenBuild Behavior ::run [ RunTime:0.001000s ]
INFO: WriteHtmlCache Behavior ::run [ RunTime:0.000000s ]
INFO: ShowRuntime Behavior ::run [ RunTime:0.002000s ]
INFO: [ view_filter ] --END-- [ RunTime:0.007000s ]
INFO: [ view_end ] --START--
INFO: ShowPageTrace Behavior ::run [ RunTime:0.003001s ]
INFO: [ view_end ] --END-- [ RunTime:0.006001s ]

[ 2016-12-24T14:57:07+08:00 ] 127.0.0.1 /index.php/Product/nine.html
INFO: [ route_check ] --START--
INFO: CheckRoute Behavior ::run [ RunTime:0.004000s ]
INFO: [ route_check ] --END-- [ RunTime:0.005000s ]
INFO: [ app_begin ] --START--
INFO: ReadHtmlCache Behavior ::run [ RunTime:0.002000s ]
INFO: [ app_begin ] --END-- [ RunTime:0.003000s ]
NOTIC: [8] Undefined index: expire D:\phpstudy\WWW\dcyd\ThinkPHP\Common\functions.php Á¨¨ 549 Ë°å.
INFO: [ view_parse ] --START--
INFO: ParseTemplate Behavior ::run [ RunTime:0.029002s ]
INFO: [ view_parse ] --END-- [ RunTime:0.031002s ]
INFO: [ view_filter ] --START--
INFO: ContentReplace Behavior ::run [ RunTime:0.001000s ]
INFO: TokenBuild Behavior ::run [ RunTime:0.002000s ]
INFO: WriteHtmlCache Behavior ::run [ RunTime:0.001000s ]
INFO: ShowRuntime Behavior ::run [ RunTime:0.002001s ]
INFO: [ view_filter ] --END-- [ RunTime:0.008001s ]
INFO: [ view_end ] --START--
INFO: ShowPageTrace Behavior ::run [ RunTime:0.005000s ]
INFO: [ view_end ] --END-- [ RunTime:0.006000s ]

[ 2016-12-24T14:57:21+08:00 ] 127.0.0.1 /index.php/Product/nineadd.html
INFO: [ route_check ] --START--
INFO: CheckRoute Behavior ::run [ RunTime:0.004000s ]
INFO: [ route_check ] --END-- [ RunTime:0.005000s ]
INFO: [ app_begin ] --START--
INFO: ReadHtmlCache Behavior ::run [ RunTime:0.002000s ]
INFO: [ app_begin ] --END-- [ RunTime:0.003000s ]
NOTIC: [8] Undefined index: expire D:\phpstudy\WWW\dcyd\ThinkPHP\Common\functions.php Á¨¨ 549 Ë°å.
SQL: SHOW COLUMNS FROM `dcyd_productnine` [ RunTime:0.013001s ]
NOTIC: Âª∫ËÆÆ‰ΩøÁî®IÊñπÊ≥ïÊõø‰ª£_post
NOTIC: Âª∫ËÆÆ‰ΩøÁî®IÊñπÊ≥ïÊõø‰ª£_post
SQL: INSERT INTO `dcyd_productnine` (`name`,`phone`,`time`) VALUES ('er','12345678909',1482562641) [ RunTime:0.001000s ]

[ 2016-12-24T14:57:46+08:00 ] 127.0.0.1 /index.php/Product/index.html
INFO: [ route_check ] --START--
INFO: CheckRoute Behavior ::run [ RunTime:0.004000s ]
INFO: [ route_check ] --END-- [ RunTime:0.004000s ]
INFO: [ app_begin ] --START--
INFO: ReadHtmlCache Behavior ::run [ RunTime:0.002001s ]
INFO: [ app_begin ] --END-- [ RunTime:0.002001s ]
NOTIC: [8] Undefined index: expire D:\phpstudy\WWW\dcyd\ThinkPHP\Common\functions.php Á¨¨ 549 Ë°å.
INFO: [ view_parse ] --START--
INFO: ParseTemplate Behavior ::run [ RunTime:0.036002s ]
INFO: [ view_parse ] --END-- [ RunTime:0.038002s ]
INFO: [ view_filter ] --START--
INFO: ContentReplace Behavior ::run [ RunTime:0.001000s ]
INFO: TokenBuild Behavior ::run [ RunTime:0.002000s ]
INFO: WriteHtmlCache Behavior ::run [ RunTime:0.001000s ]
INFO: ShowRuntime Behavior ::run [ RunTime:0.003000s ]
INFO: [ view_filter ] --END-- [ RunTime:0.010001s ]
INFO: [ view_end ] --START--
INFO: ShowPageTrace Behavior ::run [ RunTime:0.002000s ]
INFO: [ view_end ] --END-- [ RunTime:0.003000s ]

[ 2016-12-24T14:57:48+08:00 ] 127.0.0.1 /index.php/Product/nine.html
INFO: [ route_check ] --START--
INFO: CheckRoute Behavior ::run [ RunTime:0.004001s ]
INFO: [ route_check ] --END-- [ RunTime:0.004001s ]
INFO: [ app_begin ] --START--
INFO: ReadHtmlCache Behavior ::run [ RunTime:0.002000s ]
INFO: [ app_begin ] --END-- [ RunTime:0.002000s ]
NOTIC: [8] Undefined index: expire D:\phpstudy\WWW\dcyd\ThinkPHP\Common\functions.php Á¨¨ 549 Ë°å.
INFO: [ view_parse ] --START--
INFO: ParseTemplate Behavior ::run [ RunTime:0.023001s ]
INFO: [ view_parse ] --END-- [ RunTime:0.023001s ]
INFO: [ view_filter ] --START--
INFO: ContentReplace Behavior ::run [ RunTime:0.002000s ]
INFO: TokenBuild Behavior ::run [ RunTime:0.002000s ]
INFO: WriteHtmlCache Behavior ::run [ RunTime:0.001000s ]
INFO: ShowRuntime Behavior ::run [ RunTime:0.002000s ]
INFO: [ view_filter ] --END-- [ RunTime:0.010001s ]
INFO: [ view_end ] --START--
INFO: ShowPageTrace Behavior ::run [ RunTime:0.004000s ]
INFO: [ view_end ] --END-- [ RunTime:0.006000s ]

[ 2016-12-24T14:58:16+08:00 ] 127.0.0.1 /index.php/Product/nineadd.html
INFO: [ route_check ] --START--
INFO: CheckRoute Behavior ::run [ RunTime:0.002000s ]
INFO: [ route_check ] --END-- [ RunTime:0.004000s ]
INFO: [ app_begin ] --START--
INFO: ReadHtmlCache Behavior ::run [ RunTime:0.002001s ]
INFO: [ app_begin ] --END-- [ RunTime:0.003001s ]
NOTIC: [8] Undefined index: expire D:\phpstudy\WWW\dcyd\ThinkPHP\Common\functions.php Á¨¨ 549 Ë°å.
SQL: SHOW COLUMNS FROM `dcyd_productnine` [ RunTime:0.005001s ]
NOTIC: Âª∫ËÆÆ‰ΩøÁî®IÊñπÊ≥ïÊõø‰ª£_post
NOTIC: Âª∫ËÆÆ‰ΩøÁî®IÊñπÊ≥ïÊõø‰ª£_post
SQL: INSERT INTO `dcyd_productnine` (`name`,`phone`,`time`) VALUES ('we','12332123212',1482562696) [ RunTime:0.001000s ]

[ 2016-12-24T14:58:32+08:00 ] 127.0.0.1 /index.php/Product/index.html
INFO: [ route_check ] --START--
INFO: CheckRoute Behavior ::run [ RunTime:0.003001s ]
INFO: [ route_check ] --END-- [ RunTime:0.004001s ]
INFO: [ app_begin ] --START--
INFO: ReadHtmlCache Behavior ::run [ RunTime:0.002000s ]
INFO: [ app_begin ] --END-- [ RunTime:0.002000s ]
NOTIC: [8] Undefined index: expire D:\phpstudy\WWW\dcyd\ThinkPHP\Common\functions.php Á¨¨ 549 Ë°å.
INFO: [ view_parse ] --START--
INFO: ParseTemplate Behavior ::run [ RunTime:0.029002s ]
INFO: [ view_parse ] --END-- [ RunTime:0.029002s ]
INFO: [ view_filter ] --START--
INFO: ContentReplace Behavior ::run [ RunTime:0.002000s ]
INFO: TokenBuild Behavior ::run [ RunTime:0.002000s ]
INFO: WriteHtmlCache Behavior ::run [ RunTime:0.001000s ]
INFO: ShowRuntime Behavior ::run [ RunTime:0.003001s ]
INFO: [ view_filter ] --END-- [ RunTime:0.008001s ]
INFO: [ view_end ] --START--
INFO: ShowPageTrace Behavior ::run [ RunTime:0.001000s ]
INFO: [ view_end ] --END-- [ RunTime:0.003000s ]

