[ 2016-12-30T09:45:24+08:00 ] 127.0.0.1 /
INFO: [ app_begin ] --START--
INFO: ReadHtmlCache Behavior ::run [ RunTime:0.002000s ]
INFO: [ app_begin ] --END-- [ RunTime:0.005000s ]
NOTIC: [8] Undefined index: expire D:\phpstudy\WWW\dcyd\ThinkPHP\Common\functions.php 第 549 行.
INFO: [ view_parse ] --START--
NOTIC: [8] Use of undefined constant Html - assumed 'Html' D:\phpstudy\WWW\dcyd\App\Runtime\Cache\a43ee091293c08b425f9e73d2888eec8.php 第 131 行.
NOTIC: [8] Use of undefined constant boss - assumed 'boss' D:\phpstudy\WWW\dcyd\App\Runtime\Cache\a43ee091293c08b425f9e73d2888eec8.php 第 131 行.
NOTIC: [2] Division by zero D:\phpstudy\WWW\dcyd\App\Runtime\Cache\a43ee091293c08b425f9e73d2888eec8.php 第 131 行.
NOTIC: [8] Use of undefined constant Html - assumed 'Html' D:\phpstudy\WWW\dcyd\App\Runtime\Cache\a43ee091293c08b425f9e73d2888eec8.php 第 144 行.
NOTIC: [8] Use of undefined constant infor - assumed 'infor' D:\phpstudy\WWW\dcyd\App\Runtime\Cache\a43ee091293c08b425f9e73d2888eec8.php 第 144 行.
NOTIC: [2] Division by zero D:\phpstudy\WWW\dcyd\App\Runtime\Cache\a43ee091293c08b425f9e73d2888eec8.php 第 144 行.
INFO: ParseTemplate Behavior ::run [ RunTime:0.032002s ]
INFO: [ view_parse ] --END-- [ RunTime:0.034002s ]
INFO: [ view_filter ] --START--
INFO: ContentReplace Behavior ::run [ RunTime:0.001000s ]
INFO: TokenBuild Behavior ::run [ RunTime:0.002001s ]
INFO: WriteHtmlCache Behavior ::run [ RunTime:0.001000s ]
INFO: ShowRuntime Behavior ::run [ RunTime:0.002000s ]
INFO: [ view_filter ] --END-- [ RunTime:0.009001s ]
INFO: [ view_end ] --START--
INFO: ShowPageTrace Behavior ::run [ RunTime:0.006000s ]
INFO: [ view_end ] --END-- [ RunTime:0.007000s ]

[ 2016-12-30T09:45:41+08:00 ] 127.0.0.1 /index.php/Article
INFO: [ route_check ] --START--
INFO: CheckRoute Behavior ::run [ RunTime:0.006000s ]
INFO: [ route_check ] --END-- [ RunTime:0.008000s ]
INFO: [ app_begin ] --START--
INFO: ReadHtmlCache Behavior ::run [ RunTime:0.002000s ]
INFO: [ app_begin ] --END-- [ RunTime:0.003000s ]
NOTIC: [8] Undefined index: expire D:\phpstudy\WWW\dcyd\ThinkPHP\Common\functions.php 第 549 行.
ERR: 无法加载模块:Article

