[ 2017-03-15T09:38:17+08:00 ] 127.0.0.1 /
INFO: [ app_begin ] --START--
INFO: ReadHtmlCache Behavior ::run [ RunTime:0.003000s ]
INFO: [ app_begin ] --END-- [ RunTime:0.005000s ]
NOTIC: [8] Undefined index: expire D:\phpstudy\WWW\dcyd\ThinkPHP\Common\functions.php Á¨¨ 549 Ë°å.
SQL: SHOW COLUMNS FROM `dcyd_article` [ RunTime:0.009000s ]
SQL: SELECT `id`,`title`,`keywords`,`lanmu`,`laiyuan`,`content`,`auth`,`describe`,`time`,`status` FROM `dcyd_article` WHERE ( lanmu=1 && status=2 )  [ RunTime:0.002000s ]
SQL: SELECT `id`,`title`,`keywords`,`lanmu`,`laiyuan`,`content`,`auth`,`describe`,`time`,`status` FROM `dcyd_article` WHERE ( lanmu=2 && status=2 )  [ RunTime:0.000000s ]
SQL: SELECT `id`,`title`,`keywords`,`lanmu`,`laiyuan`,`content`,`auth`,`describe`,`time`,`status` FROM `dcyd_article` WHERE ( lanmu=3 && status=2 )  [ RunTime:0.000000s ]
SQL: SELECT `id`,`title`,`keywords`,`lanmu`,`laiyuan`,`content`,`auth`,`describe`,`time`,`status` FROM `dcyd_article` WHERE ( lanmu=4 && status=2 )  [ RunTime:0.001000s ]
SQL: SHOW COLUMNS FROM `dcyd_view` [ RunTime:0.009001s ]
SQL: SELECT `id`,`kname`,`name`,`url`,`title`,`money`,`introduce`,`chapternum`,`kctitle`,`img` FROM `dcyd_view` WHERE ( kname = 'Á≥ªÂàó‰∏ìÈ¢ò' ) GROUP BY kctitle LIMIT 3   [ RunTime:0.007000s ]
SQL: SELECT `id`,`kname`,`name`,`url`,`title`,`money`,`introduce`,`chapternum`,`kctitle`,`img` FROM `dcyd_view` WHERE ( kname = '‰∏ìÂÆ∂Á≤æÈÄâ' ) GROUP BY kctitle LIMIT 3   [ RunTime:0.006001s ]
SQL: SHOW COLUMNS FROM `dcyd_xxkc` [ RunTime:0.009000s ]
SQL: SELECT `id`,`title`,`laiyuan`,`content`,`auth`,`describe`,`time`,`status`,`img` FROM `dcyd_xxkc`  [ RunTime:0.001000s ]
SQL: SHOW COLUMNS FROM `dcyd_teacher` [ RunTime:0.008000s ]
SQL: SELECT `id`,`name`,`timg`,`explain` FROM `dcyd_teacher`  [ RunTime:0.000000s ]
INFO: [ view_parse ] --START--
NOTIC: [8] Undefined index: admins D:\phpstudy\WWW\dcyd\App\Runtime\Cache\a43ee091293c08b425f9e73d2888eec8.php Á¨¨ 38 Ë°å.
NOTIC: [8] Undefined index: id D:\phpstudy\WWW\dcyd\App\Runtime\Cache\a43ee091293c08b425f9e73d2888eec8.php Á¨¨ 241 Ë°å.
NOTIC: [8] Undefined index: id D:\phpstudy\WWW\dcyd\App\Runtime\Cache\a43ee091293c08b425f9e73d2888eec8.php Á¨¨ 241 Ë°å.
NOTIC: [8] Undefined index: id D:\phpstudy\WWW\dcyd\App\Runtime\Cache\a43ee091293c08b425f9e73d2888eec8.php Á¨¨ 241 Ë°å.
NOTIC: [8] Undefined index: id D:\phpstudy\WWW\dcyd\App\Runtime\Cache\a43ee091293c08b425f9e73d2888eec8.php Á¨¨ 241 Ë°å.
NOTIC: [8] Undefined index: id D:\phpstudy\WWW\dcyd\App\Runtime\Cache\a43ee091293c08b425f9e73d2888eec8.php Á¨¨ 241 Ë°å.
INFO: ParseTemplate Behavior ::run [ RunTime:0.168010s ]
INFO: [ view_parse ] --END-- [ RunTime:0.168010s ]
INFO: [ view_filter ] --START--
INFO: ContentReplace Behavior ::run [ RunTime:0.002000s ]
INFO: TokenBuild Behavior ::run [ RunTime:0.002000s ]
INFO: WriteHtmlCache Behavior ::run [ RunTime:0.001000s ]
INFO: ShowRuntime Behavior ::run [ RunTime:0.002000s ]
INFO: [ view_filter ] --END-- [ RunTime:0.009001s ]
INFO: [ view_end ] --START--
INFO: ShowPageTrace Behavior ::run [ RunTime:0.002000s ]
INFO: [ view_end ] --END-- [ RunTime:0.003000s ]

[ 2017-03-15T09:38:20+08:00 ] 127.0.0.1 /
INFO: [ app_begin ] --START--
INFO: ReadHtmlCache Behavior ::run [ RunTime:0.006000s ]
INFO: [ app_begin ] --END-- [ RunTime:0.009000s ]
NOTIC: [8] Undefined index: expire D:\phpstudy\WWW\dcyd\ThinkPHP\Common\functions.php Á¨¨ 549 Ë°å.
SQL: SHOW COLUMNS FROM `dcyd_article` [ RunTime:0.013001s ]
SQL: SELECT `id`,`title`,`keywords`,`lanmu`,`laiyuan`,`content`,`auth`,`describe`,`time`,`status` FROM `dcyd_article` WHERE ( lanmu=1 && status=2 )  [ RunTime:0.002000s ]
SQL: SELECT `id`,`title`,`keywords`,`lanmu`,`laiyuan`,`content`,`auth`,`describe`,`time`,`status` FROM `dcyd_article` WHERE ( lanmu=2 && status=2 )  [ RunTime:0.001000s ]
SQL: SELECT `id`,`title`,`keywords`,`lanmu`,`laiyuan`,`content`,`auth`,`describe`,`time`,`status` FROM `dcyd_article` WHERE ( lanmu=3 && status=2 )  [ RunTime:0.000000s ]
SQL: SELECT `id`,`title`,`keywords`,`lanmu`,`laiyuan`,`content`,`auth`,`describe`,`time`,`status` FROM `dcyd_article` WHERE ( lanmu=4 && status=2 )  [ RunTime:0.001001s ]
SQL: SHOW COLUMNS FROM `dcyd_view` [ RunTime:0.007000s ]
SQL: SELECT `id`,`kname`,`name`,`url`,`title`,`money`,`introduce`,`chapternum`,`kctitle`,`img` FROM `dcyd_view` WHERE ( kname = 'Á≥ªÂàó‰∏ìÈ¢ò' ) GROUP BY kctitle LIMIT 3   [ RunTime:0.007001s ]
SQL: SELECT `id`,`kname`,`name`,`url`,`title`,`money`,`introduce`,`chapternum`,`kctitle`,`img` FROM `dcyd_view` WHERE ( kname = '‰∏ìÂÆ∂Á≤æÈÄâ' ) GROUP BY kctitle LIMIT 3   [ RunTime:0.008000s ]
SQL: SHOW COLUMNS FROM `dcyd_xxkc` [ RunTime:0.007001s ]
SQL: SELECT `id`,`title`,`laiyuan`,`content`,`auth`,`describe`,`time`,`status`,`img` FROM `dcyd_xxkc`  [ RunTime:0.001000s ]
SQL: SHOW COLUMNS FROM `dcyd_teacher` [ RunTime:0.007000s ]
SQL: SELECT `id`,`name`,`timg`,`explain` FROM `dcyd_teacher`  [ RunTime:0.000000s ]
INFO: [ view_parse ] --START--
NOTIC: [8] Undefined index: admins D:\phpstudy\WWW\dcyd\App\Runtime\Cache\a43ee091293c08b425f9e73d2888eec8.php Á¨¨ 38 Ë°å.
NOTIC: [8] Undefined index: id D:\phpstudy\WWW\dcyd\App\Runtime\Cache\a43ee091293c08b425f9e73d2888eec8.php Á¨¨ 241 Ë°å.
NOTIC: [8] Undefined index: id D:\phpstudy\WWW\dcyd\App\Runtime\Cache\a43ee091293c08b425f9e73d2888eec8.php Á¨¨ 241 Ë°å.
NOTIC: [8] Undefined index: id D:\phpstudy\WWW\dcyd\App\Runtime\Cache\a43ee091293c08b425f9e73d2888eec8.php Á¨¨ 241 Ë°å.
NOTIC: [8] Undefined index: id D:\phpstudy\WWW\dcyd\App\Runtime\Cache\a43ee091293c08b425f9e73d2888eec8.php Á¨¨ 241 Ë°å.
NOTIC: [8] Undefined index: id D:\phpstudy\WWW\dcyd\App\Runtime\Cache\a43ee091293c08b425f9e73d2888eec8.php Á¨¨ 241 Ë°å.
INFO: ParseTemplate Behavior ::run [ RunTime:0.154009s ]
INFO: [ view_parse ] --END-- [ RunTime:0.154009s ]
INFO: [ view_filter ] --START--
INFO: ContentReplace Behavior ::run [ RunTime:0.002000s ]
INFO: TokenBuild Behavior ::run [ RunTime:0.002001s ]
INFO: WriteHtmlCache Behavior ::run [ RunTime:0.001000s ]
INFO: ShowRuntime Behavior ::run [ RunTime:0.002000s ]
INFO: [ view_filter ] --END-- [ RunTime:0.008001s ]
INFO: [ view_end ] --START--
INFO: ShowPageTrace Behavior ::run [ RunTime:0.025001s ]
INFO: [ view_end ] --END-- [ RunTime:0.027001s ]

[ 2017-03-15T09:38:34+08:00 ] 127.0.0.1 /index.php/Index/login.html
INFO: [ route_check ] --START--
INFO: CheckRoute Behavior ::run [ RunTime:0.004000s ]
INFO: [ route_check ] --END-- [ RunTime:0.006000s ]
INFO: [ app_begin ] --START--
INFO: ReadHtmlCache Behavior ::run [ RunTime:0.002000s ]
INFO: [ app_begin ] --END-- [ RunTime:0.003000s ]
NOTIC: [8] Undefined index: expire D:\phpstudy\WWW\dcyd\ThinkPHP\Common\functions.php Á¨¨ 549 Ë°å.
SQL: SHOW COLUMNS FROM `dcyd_user` [ RunTime:0.014001s ]
SQL: SELECT `id`,`Phone`,`password` FROM `dcyd_user` WHERE ( `Phone` = '18911620683' ) LIMIT 1   [ RunTime:0.000000s ]
NOTIC: [8] Undefined index: pwd D:\phpstudy\WWW\dcyd\App\Lib\Action\IndexAction.class.php Á¨¨ 244 Ë°å.
SQL: UPDATE `dcyd_user` SET `ltimes`=1489541913,`IPadd`=127 WHERE ( `id` = 25 ) [ RunTime:0.001000s ]

[ 2017-03-15T09:38:36+08:00 ] 127.0.0.1 /index.php/Index/index.html
INFO: [ route_check ] --START--
INFO: CheckRoute Behavior ::run [ RunTime:0.005000s ]
INFO: [ route_check ] --END-- [ RunTime:0.007001s ]
INFO: [ app_begin ] --START--
INFO: ReadHtmlCache Behavior ::run [ RunTime:0.002000s ]
INFO: [ app_begin ] --END-- [ RunTime:0.004000s ]
NOTIC: [8] Undefined index: expire D:\phpstudy\WWW\dcyd\ThinkPHP\Common\functions.php Á¨¨ 549 Ë°å.
SQL: SHOW COLUMNS FROM `dcyd_article` [ RunTime:0.008001s ]
SQL: SELECT `id`,`title`,`keywords`,`lanmu`,`laiyuan`,`content`,`auth`,`describe`,`time`,`status` FROM `dcyd_article` WHERE ( lanmu=1 && status=2 )  [ RunTime:0.001000s ]
SQL: SELECT `id`,`title`,`keywords`,`lanmu`,`laiyuan`,`content`,`auth`,`describe`,`time`,`status` FROM `dcyd_article` WHERE ( lanmu=2 && status=2 )  [ RunTime:0.001000s ]
SQL: SELECT `id`,`title`,`keywords`,`lanmu`,`laiyuan`,`content`,`auth`,`describe`,`time`,`status` FROM `dcyd_article` WHERE ( lanmu=3 && status=2 )  [ RunTime:0.000000s ]
SQL: SELECT `id`,`title`,`keywords`,`lanmu`,`laiyuan`,`content`,`auth`,`describe`,`time`,`status` FROM `dcyd_article` WHERE ( lanmu=4 && status=2 )  [ RunTime:0.000000s ]
SQL: SHOW COLUMNS FROM `dcyd_view` [ RunTime:0.006000s ]
SQL: SELECT `id`,`kname`,`name`,`url`,`title`,`money`,`introduce`,`chapternum`,`kctitle`,`img` FROM `dcyd_view` WHERE ( kname = 'Á≥ªÂàó‰∏ìÈ¢ò' ) GROUP BY kctitle LIMIT 3   [ RunTime:0.007001s ]
SQL: SELECT `id`,`kname`,`name`,`url`,`title`,`money`,`introduce`,`chapternum`,`kctitle`,`img` FROM `dcyd_view` WHERE ( kname = '‰∏ìÂÆ∂Á≤æÈÄâ' ) GROUP BY kctitle LIMIT 3   [ RunTime:0.007000s ]
SQL: SHOW COLUMNS FROM `dcyd_xxkc` [ RunTime:0.007000s ]
SQL: SELECT `id`,`title`,`laiyuan`,`content`,`auth`,`describe`,`time`,`status`,`img` FROM `dcyd_xxkc`  [ RunTime:0.001000s ]
SQL: SHOW COLUMNS FROM `dcyd_teacher` [ RunTime:0.007000s ]
SQL: SELECT `id`,`name`,`timg`,`explain` FROM `dcyd_teacher`  [ RunTime:0.000000s ]
INFO: [ view_parse ] --START--
NOTIC: [8] Undefined index: id D:\phpstudy\WWW\dcyd\App\Runtime\Cache\a43ee091293c08b425f9e73d2888eec8.php Á¨¨ 241 Ë°å.
NOTIC: [8] Undefined index: id D:\phpstudy\WWW\dcyd\App\Runtime\Cache\a43ee091293c08b425f9e73d2888eec8.php Á¨¨ 241 Ë°å.
NOTIC: [8] Undefined index: id D:\phpstudy\WWW\dcyd\App\Runtime\Cache\a43ee091293c08b425f9e73d2888eec8.php Á¨¨ 241 Ë°å.
NOTIC: [8] Undefined index: id D:\phpstudy\WWW\dcyd\App\Runtime\Cache\a43ee091293c08b425f9e73d2888eec8.php Á¨¨ 241 Ë°å.
NOTIC: [8] Undefined index: id D:\phpstudy\WWW\dcyd\App\Runtime\Cache\a43ee091293c08b425f9e73d2888eec8.php Á¨¨ 241 Ë°å.
INFO: ParseTemplate Behavior ::run [ RunTime:0.155009s ]
INFO: [ view_parse ] --END-- [ RunTime:0.155009s ]
INFO: [ view_filter ] --START--
INFO: ContentReplace Behavior ::run [ RunTime:0.002000s ]
INFO: TokenBuild Behavior ::run [ RunTime:0.002001s ]
INFO: WriteHtmlCache Behavior ::run [ RunTime:0.001000s ]
INFO: ShowRuntime Behavior ::run [ RunTime:0.002000s ]
INFO: [ view_filter ] --END-- [ RunTime:0.007001s ]
INFO: [ view_end ] --START--
INFO: ShowPageTrace Behavior ::run [ RunTime:0.003000s ]
INFO: [ view_end ] --END-- [ RunTime:0.005000s ]

[ 2017-03-15T09:38:39+08:00 ] 127.0.0.1 /index.php/Index/user.html?id=25
INFO: [ route_check ] --START--
INFO: CheckRoute Behavior ::run [ RunTime:0.004001s ]
INFO: [ route_check ] --END-- [ RunTime:0.006001s ]
INFO: [ app_begin ] --START--
INFO: ReadHtmlCache Behavior ::run [ RunTime:0.003000s ]
INFO: [ app_begin ] --END-- [ RunTime:0.004000s ]
NOTIC: [8] Undefined index: expire D:\phpstudy\WWW\dcyd\ThinkPHP\Common\functions.php Á¨¨ 549 Ë°å.
SQL: SHOW COLUMNS FROM `dcyd_user` [ RunTime:0.007001s ]
SQL: SELECT `id`,`Phone` FROM `dcyd_user` WHERE ( id = 25 ) LIMIT 1   [ RunTime:0.000000s ]
INFO: [ view_parse ] --START--
INFO: ParseTemplate Behavior ::run [ RunTime:0.033002s ]
INFO: [ view_parse ] --END-- [ RunTime:0.035002s ]
INFO: [ view_filter ] --START--
INFO: ContentReplace Behavior ::run [ RunTime:0.001000s ]
INFO: TokenBuild Behavior ::run [ RunTime:0.001000s ]
INFO: WriteHtmlCache Behavior ::run [ RunTime:0.001000s ]
INFO: ShowRuntime Behavior ::run [ RunTime:0.002001s ]
INFO: [ view_filter ] --END-- [ RunTime:0.008001s ]
INFO: [ view_end ] --START--
INFO: ShowPageTrace Behavior ::run [ RunTime:0.002000s ]
INFO: [ view_end ] --END-- [ RunTime:0.003000s ]

[ 2017-03-15T09:39:47+08:00 ] 127.0.0.1 /index.php/Index/useradd.html
INFO: [ route_check ] --START--
INFO: CheckRoute Behavior ::run [ RunTime:0.003000s ]
INFO: [ route_check ] --END-- [ RunTime:0.004000s ]
INFO: [ app_begin ] --START--
INFO: ReadHtmlCache Behavior ::run [ RunTime:0.001000s ]
INFO: [ app_begin ] --END-- [ RunTime:0.003000s ]
NOTIC: [8] Undefined index: expire D:\phpstudy\WWW\dcyd\ThinkPHP\Common\functions.php Á¨¨ 549 Ë°å.
SQL: SHOW COLUMNS FROM `dcyd_user` [ RunTime:0.008001s ]
NOTIC: Âª∫ËÆÆ‰ΩøÁî®IÊñπÊ≥ïÊõø‰ª£_post
NOTIC: Âª∫ËÆÆ‰ΩøÁî®IÊñπÊ≥ïÊõø‰ª£_post
NOTIC: Âª∫ËÆÆ‰ΩøÁî®IÊñπÊ≥ïÊõø‰ª£_post
NOTIC: Âª∫ËÆÆ‰ΩøÁî®IÊñπÊ≥ïÊõø‰ª£_post
NOTIC: Âª∫ËÆÆ‰ΩøÁî®IÊñπÊ≥ïÊõø‰ª£_post
NOTIC: Âª∫ËÆÆ‰ΩøÁî®IÊñπÊ≥ïÊõø‰ª£_post
SQL: UPDATE `dcyd_user` SET `nickname`='11111',`sex`=1,`firmname`='111111',`position`='111111',`industry`='111111111',`address`='Âåó‰∫¨Â∏ÇËæñÂå∫ÊúùÈò≥Âå∫' WHERE ( id = 25 ) [ RunTime:0.009000s ]

[ 2017-03-15T09:46:08+08:00 ] 127.0.0.1 /index.php/Index/user.html?id=25
INFO: [ route_check ] --START--
INFO: CheckRoute Behavior ::run [ RunTime:0.003000s ]
INFO: [ route_check ] --END-- [ RunTime:0.004000s ]
INFO: [ app_begin ] --START--
INFO: ReadHtmlCache Behavior ::run [ RunTime:0.002000s ]
INFO: [ app_begin ] --END-- [ RunTime:0.003000s ]
NOTIC: [8] Undefined index: expire D:\phpstudy\WWW\dcyd\ThinkPHP\Common\functions.php Á¨¨ 549 Ë°å.
SQL: SHOW COLUMNS FROM `dcyd_user` [ RunTime:0.007000s ]
SQL: SELECT `id`,`Phone` FROM `dcyd_user` WHERE ( id = 25 ) LIMIT 1   [ RunTime:0.000000s ]
INFO: [ view_parse ] --START--
INFO: ParseTemplate Behavior ::run [ RunTime:0.038002s ]
INFO: [ view_parse ] --END-- [ RunTime:0.040002s ]
INFO: [ view_filter ] --START--
INFO: ContentReplace Behavior ::run [ RunTime:0.001000s ]
INFO: TokenBuild Behavior ::run [ RunTime:0.001000s ]
INFO: WriteHtmlCache Behavior ::run [ RunTime:0.001000s ]
INFO: ShowRuntime Behavior ::run [ RunTime:0.003000s ]
INFO: [ view_filter ] --END-- [ RunTime:0.009000s ]
INFO: [ view_end ] --START--
INFO: ShowPageTrace Behavior ::run [ RunTime:0.003000s ]
INFO: [ view_end ] --END-- [ RunTime:0.007000s ]

[ 2017-03-15T09:46:20+08:00 ] 127.0.0.1 /index.php/Index/useradd.html
INFO: [ route_check ] --START--
INFO: CheckRoute Behavior ::run [ RunTime:0.003001s ]
INFO: [ route_check ] --END-- [ RunTime:0.004001s ]
INFO: [ app_begin ] --START--
INFO: ReadHtmlCache Behavior ::run [ RunTime:0.002000s ]
INFO: [ app_begin ] --END-- [ RunTime:0.003000s ]
NOTIC: [8] Undefined index: expire D:\phpstudy\WWW\dcyd\ThinkPHP\Common\functions.php Á¨¨ 549 Ë°å.
SQL: SHOW COLUMNS FROM `dcyd_user` [ RunTime:0.010001s ]
NOTIC: Âª∫ËÆÆ‰ΩøÁî®IÊñπÊ≥ïÊõø‰ª£_post
NOTIC: Âª∫ËÆÆ‰ΩøÁî®IÊñπÊ≥ïÊõø‰ª£_post
NOTIC: Âª∫ËÆÆ‰ΩøÁî®IÊñπÊ≥ïÊõø‰ª£_post
NOTIC: Âª∫ËÆÆ‰ΩøÁî®IÊñπÊ≥ïÊõø‰ª£_post
NOTIC: Âª∫ËÆÆ‰ΩøÁî®IÊñπÊ≥ïÊõø‰ª£_post
NOTIC: Âª∫ËÆÆ‰ΩøÁî®IÊñπÊ≥ïÊõø‰ª£_post
SQL: UPDATE `dcyd_user` SET `nickname`='1111111',`sex`=1,`firmname`='12321312',`position`='3123123',`industry`='123123123123',`address`='Âåó‰∫¨Â∏ÇËæñÂå∫‰∏úÂüéÂå∫' WHERE ( id = 25 ) [ RunTime:0.002000s ]

[ 2017-03-15T09:46:54+08:00 ] 127.0.0.1 /index.php/Index/user.html?id=25
INFO: [ route_check ] --START--
INFO: CheckRoute Behavior ::run [ RunTime:0.003000s ]
INFO: [ route_check ] --END-- [ RunTime:0.004000s ]
INFO: [ app_begin ] --START--
INFO: ReadHtmlCache Behavior ::run [ RunTime:0.002000s ]
INFO: [ app_begin ] --END-- [ RunTime:0.002000s ]
NOTIC: [8] Undefined index: expire D:\phpstudy\WWW\dcyd\ThinkPHP\Common\functions.php Á¨¨ 549 Ë°å.
SQL: SHOW COLUMNS FROM `dcyd_user` [ RunTime:0.007001s ]
SQL: SELECT `id`,`Phone` FROM `dcyd_user` WHERE ( id = 25 ) LIMIT 1   [ RunTime:0.000000s ]
INFO: [ view_parse ] --START--
INFO: ParseTemplate Behavior ::run [ RunTime:0.037002s ]
INFO: [ view_parse ] --END-- [ RunTime:0.038002s ]
INFO: [ view_filter ] --START--
INFO: ContentReplace Behavior ::run [ RunTime:0.002000s ]
INFO: TokenBuild Behavior ::run [ RunTime:0.002000s ]
INFO: WriteHtmlCache Behavior ::run [ RunTime:0.001001s ]
INFO: ShowRuntime Behavior ::run [ RunTime:0.002000s ]
INFO: [ view_filter ] --END-- [ RunTime:0.008001s ]
INFO: [ view_end ] --START--
INFO: ShowPageTrace Behavior ::run [ RunTime:0.004000s ]
INFO: [ view_end ] --END-- [ RunTime:0.005000s ]

[ 2017-03-15T09:56:02+08:00 ] 127.0.0.1 /index.php/Index/useradd.html
INFO: [ route_check ] --START--
INFO: CheckRoute Behavior ::run [ RunTime:0.005000s ]
INFO: [ route_check ] --END-- [ RunTime:0.007000s ]
INFO: [ app_begin ] --START--
INFO: ReadHtmlCache Behavior ::run [ RunTime:0.002001s ]
INFO: [ app_begin ] --END-- [ RunTime:0.004001s ]
NOTIC: [8] Undefined index: expire D:\phpstudy\WWW\dcyd\ThinkPHP\Common\functions.php Á¨¨ 549 Ë°å.
SQL: SHOW COLUMNS FROM `dcyd_user` [ RunTime:0.009000s ]
NOTIC: Âª∫ËÆÆ‰ΩøÁî®IÊñπÊ≥ïÊõø‰ª£_post
NOTIC: Âª∫ËÆÆ‰ΩøÁî®IÊñπÊ≥ïÊõø‰ª£_post
NOTIC: Âª∫ËÆÆ‰ΩøÁî®IÊñπÊ≥ïÊõø‰ª£_post
NOTIC: Âª∫ËÆÆ‰ΩøÁî®IÊñπÊ≥ïÊõø‰ª£_post
NOTIC: Âª∫ËÆÆ‰ΩøÁî®IÊñπÊ≥ïÊõø‰ª£_post
NOTIC: Âª∫ËÆÆ‰ΩøÁî®IÊñπÊ≥ïÊõø‰ª£_post
SQL: UPDATE `dcyd_user` SET `nickname`='1234',`sex`=1,`firmname`='1234',`position`='1234',`industry`='1234',`address`='Âåó‰∫¨Â∏ÇËæñÂå∫‰∏úÂüéÂå∫' WHERE ( id = 25 ) [ RunTime:0.002000s ]

[ 2017-03-15T09:57:23+08:00 ] 127.0.0.1 /index.php/Index/user.html?id=25
INFO: [ route_check ] --START--
INFO: CheckRoute Behavior ::run [ RunTime:0.003000s ]
INFO: [ route_check ] --END-- [ RunTime:0.003000s ]
INFO: [ app_begin ] --START--
INFO: ReadHtmlCache Behavior ::run [ RunTime:0.002000s ]
INFO: [ app_begin ] --END-- [ RunTime:0.002000s ]
NOTIC: [8] Undefined index: expire D:\phpstudy\WWW\dcyd\ThinkPHP\Common\functions.php Á¨¨ 549 Ë°å.
SQL: SHOW COLUMNS FROM `dcyd_user` [ RunTime:0.006000s ]
SQL: SELECT `id`,`Phone` FROM `dcyd_user` WHERE ( id = 25 ) LIMIT 1   [ RunTime:0.001000s ]
INFO: [ view_parse ] --START--
INFO: ParseTemplate Behavior ::run [ RunTime:0.037002s ]
INFO: [ view_parse ] --END-- [ RunTime:0.037002s ]
INFO: [ view_filter ] --START--
INFO: ContentReplace Behavior ::run [ RunTime:0.002000s ]
INFO: TokenBuild Behavior ::run [ RunTime:0.002000s ]
INFO: WriteHtmlCache Behavior ::run [ RunTime:0.001000s ]
INFO: ShowRuntime Behavior ::run [ RunTime:0.003000s ]
INFO: [ view_filter ] --END-- [ RunTime:0.008000s ]
INFO: [ view_end ] --START--
INFO: ShowPageTrace Behavior ::run [ RunTime:0.003001s ]
INFO: [ view_end ] --END-- [ RunTime:0.004001s ]

[ 2017-03-15T10:01:55+08:00 ] 127.0.0.1 /index.php/Index/user.html?id=25
INFO: [ route_check ] --START--
INFO: CheckRoute Behavior ::run [ RunTime:0.004000s ]
INFO: [ route_check ] --END-- [ RunTime:0.007000s ]
INFO: [ app_begin ] --START--
INFO: ReadHtmlCache Behavior ::run [ RunTime:0.001001s ]
INFO: [ app_begin ] --END-- [ RunTime:0.003001s ]
NOTIC: [8] Undefined index: expire D:\phpstudy\WWW\dcyd\ThinkPHP\Common\functions.php Á¨¨ 549 Ë°å.
SQL: SHOW COLUMNS FROM `dcyd_user` [ RunTime:0.012000s ]
SQL: SELECT `id`,`Phone`,`nickname`,`sex`,`firmname`,`position`,`industry`,`address` FROM `dcyd_user` WHERE ( id = 25 ) LIMIT 1   [ RunTime:0.000000s ]
INFO: [ view_parse ] --START--
INFO: ParseTemplate Behavior ::run [ RunTime:0.051003s ]
INFO: [ view_parse ] --END-- [ RunTime:0.051003s ]
INFO: [ view_filter ] --START--
INFO: ContentReplace Behavior ::run [ RunTime:0.002001s ]
INFO: TokenBuild Behavior ::run [ RunTime:0.002000s ]
INFO: WriteHtmlCache Behavior ::run [ RunTime:0.001000s ]
INFO: ShowRuntime Behavior ::run [ RunTime:0.003000s ]
INFO: [ view_filter ] --END-- [ RunTime:0.012001s ]
INFO: [ view_end ] --START--
INFO: ShowPageTrace Behavior ::run [ RunTime:0.006001s ]
INFO: [ view_end ] --END-- [ RunTime:0.010001s ]

[ 2017-03-15T10:02:35+08:00 ] 127.0.0.1 /index.php/Index/user.html?id=25
INFO: [ route_check ] --START--
INFO: CheckRoute Behavior ::run [ RunTime:0.006001s ]
INFO: [ route_check ] --END-- [ RunTime:0.007001s ]
INFO: [ app_begin ] --START--
INFO: ReadHtmlCache Behavior ::run [ RunTime:0.003000s ]
INFO: [ app_begin ] --END-- [ RunTime:0.004000s ]
NOTIC: [8] Undefined index: expire D:\phpstudy\WWW\dcyd\ThinkPHP\Common\functions.php Á¨¨ 549 Ë°å.
SQL: SHOW COLUMNS FROM `dcyd_user` [ RunTime:0.010000s ]
SQL: SELECT `id`,`Phone`,`nickname`,`sex`,`firmname`,`position`,`industry`,`address` FROM `dcyd_user` WHERE ( id = 25 ) LIMIT 1   [ RunTime:0.000000s ]
INFO: [ view_parse ] --START--
INFO: ParseTemplate Behavior ::run [ RunTime:0.058003s ]
INFO: [ view_parse ] --END-- [ RunTime:0.060003s ]
INFO: [ view_filter ] --START--
INFO: ContentReplace Behavior ::run [ RunTime:0.002000s ]
INFO: TokenBuild Behavior ::run [ RunTime:0.003000s ]
INFO: WriteHtmlCache Behavior ::run [ RunTime:0.002000s ]
INFO: ShowRuntime Behavior ::run [ RunTime:0.003000s ]
INFO: [ view_filter ] --END-- [ RunTime:0.013000s ]
INFO: [ view_end ] --START--
INFO: ShowPageTrace Behavior ::run [ RunTime:0.003001s ]
INFO: [ view_end ] --END-- [ RunTime:0.004001s ]

[ 2017-03-15T10:03:15+08:00 ] 127.0.0.1 /index.php/Index/user.html?id=25
INFO: [ route_check ] --START--
INFO: CheckRoute Behavior ::run [ RunTime:0.003000s ]
INFO: [ route_check ] --END-- [ RunTime:0.004001s ]
INFO: [ app_begin ] --START--
INFO: ReadHtmlCache Behavior ::run [ RunTime:0.002000s ]
INFO: [ app_begin ] --END-- [ RunTime:0.002000s ]
NOTIC: [8] Undefined index: expire D:\phpstudy\WWW\dcyd\ThinkPHP\Common\functions.php Á¨¨ 549 Ë°å.
SQL: SHOW COLUMNS FROM `dcyd_user` [ RunTime:0.006000s ]
SQL: SELECT `id`,`Phone`,`nickname`,`sex`,`firmname`,`position`,`industry`,`address` FROM `dcyd_user` WHERE ( id = 25 ) LIMIT 1   [ RunTime:0.000000s ]
INFO: [ view_parse ] --START--
INFO: ParseTemplate Behavior ::run [ RunTime:0.039002s ]
INFO: [ view_parse ] --END-- [ RunTime:0.040002s ]
INFO: [ view_filter ] --START--
INFO: ContentReplace Behavior ::run [ RunTime:0.002000s ]
INFO: TokenBuild Behavior ::run [ RunTime:0.002000s ]
INFO: WriteHtmlCache Behavior ::run [ RunTime:0.001000s ]
INFO: ShowRuntime Behavior ::run [ RunTime:0.003001s ]
INFO: [ view_filter ] --END-- [ RunTime:0.008001s ]
INFO: [ view_end ] --START--
INFO: ShowPageTrace Behavior ::run [ RunTime:0.003000s ]
INFO: [ view_end ] --END-- [ RunTime:0.005000s ]

[ 2017-03-15T10:31:16+08:00 ] 127.0.0.1 /index.php/Index/user.html?id=25
INFO: [ route_check ] --START--
INFO: CheckRoute Behavior ::run [ RunTime:0.004000s ]
INFO: [ route_check ] --END-- [ RunTime:0.004000s ]
INFO: [ app_begin ] --START--
INFO: ReadHtmlCache Behavior ::run [ RunTime:0.002000s ]
INFO: [ app_begin ] --END-- [ RunTime:0.003000s ]
NOTIC: [8] Undefined index: expire D:\phpstudy\WWW\dcyd\ThinkPHP\Common\functions.php Á¨¨ 549 Ë°å.
SQL: SHOW COLUMNS FROM `dcyd_user` [ RunTime:0.008000s ]
SQL: SELECT `id`,`Phone`,`nickname`,`sex`,`firmname`,`position`,`industry`,`address` FROM `dcyd_user` WHERE ( id = 25 ) LIMIT 1   [ RunTime:0.001000s ]
INFO: [ view_parse ] --START--

[ 2017-03-15T10:32:06+08:00 ] 127.0.0.1 /index.php/Index/user.html?id=25
INFO: [ route_check ] --START--
INFO: CheckRoute Behavior ::run [ RunTime:0.013001s ]
INFO: [ route_check ] --END-- [ RunTime:0.017001s ]
INFO: [ app_begin ] --START--
INFO: ReadHtmlCache Behavior ::run [ RunTime:0.003000s ]
INFO: [ app_begin ] --END-- [ RunTime:0.005001s ]
NOTIC: [8] Undefined index: expire D:\phpstudy\WWW\dcyd\ThinkPHP\Common\functions.php Á¨¨ 549 Ë°å.
SQL: SHOW COLUMNS FROM `dcyd_user` [ RunTime:0.007001s ]
SQL: SELECT `id`,`Phone`,`nickname`,`sex`,`firmname`,`position`,`industry`,`address` FROM `dcyd_user` WHERE ( id = 25 ) LIMIT 1   [ RunTime:0.001000s ]
INFO: [ view_parse ] --START--

[ 2017-03-15T10:32:11+08:00 ] 127.0.0.1 /index.php/Index/user.html?id=25
INFO: [ route_check ] --START--
INFO: CheckRoute Behavior ::run [ RunTime:0.003001s ]
INFO: [ route_check ] --END-- [ RunTime:0.003001s ]
INFO: [ app_begin ] --START--
INFO: ReadHtmlCache Behavior ::run [ RunTime:0.002000s ]
INFO: [ app_begin ] --END-- [ RunTime:0.002000s ]
NOTIC: [8] Undefined index: expire D:\phpstudy\WWW\dcyd\ThinkPHP\Common\functions.php Á¨¨ 549 Ë°å.
SQL: SHOW COLUMNS FROM `dcyd_user` [ RunTime:0.008001s ]
SQL: SELECT `id`,`Phone`,`nickname`,`sex`,`firmname`,`position`,`industry`,`address` FROM `dcyd_user` WHERE ( id = 25 ) LIMIT 1   [ RunTime:0.000000s ]
INFO: [ view_parse ] --START--

[ 2017-03-15T10:32:12+08:00 ] 127.0.0.1 /index.php/Index/user.html?id=25
INFO: [ route_check ] --START--
INFO: CheckRoute Behavior ::run [ RunTime:0.004000s ]
INFO: [ route_check ] --END-- [ RunTime:0.005000s ]
INFO: [ app_begin ] --START--
INFO: ReadHtmlCache Behavior ::run [ RunTime:0.002000s ]
INFO: [ app_begin ] --END-- [ RunTime:0.003000s ]
NOTIC: [8] Undefined index: expire D:\phpstudy\WWW\dcyd\ThinkPHP\Common\functions.php Á¨¨ 549 Ë°å.
SQL: SHOW COLUMNS FROM `dcyd_user` [ RunTime:0.007000s ]
SQL: SELECT `id`,`Phone`,`nickname`,`sex`,`firmname`,`position`,`industry`,`address` FROM `dcyd_user` WHERE ( id = 25 ) LIMIT 1   [ RunTime:0.001000s ]
INFO: [ view_parse ] --START--

[ 2017-03-15T10:32:13+08:00 ] 127.0.0.1 /index.php/Index/user.html?id=25
INFO: [ route_check ] --START--
INFO: CheckRoute Behavior ::run [ RunTime:0.005000s ]
INFO: [ route_check ] --END-- [ RunTime:0.006000s ]
INFO: [ app_begin ] --START--
INFO: ReadHtmlCache Behavior ::run [ RunTime:0.002000s ]
INFO: [ app_begin ] --END-- [ RunTime:0.002000s ]
NOTIC: [8] Undefined index: expire D:\phpstudy\WWW\dcyd\ThinkPHP\Common\functions.php Á¨¨ 549 Ë°å.
SQL: SHOW COLUMNS FROM `dcyd_user` [ RunTime:0.007001s ]
SQL: SELECT `id`,`Phone`,`nickname`,`sex`,`firmname`,`position`,`industry`,`address` FROM `dcyd_user` WHERE ( id = 25 ) LIMIT 1   [ RunTime:0.000000s ]
INFO: [ view_parse ] --START--

[ 2017-03-15T10:32:14+08:00 ] 127.0.0.1 /index.php/Index/user.html?id=25
INFO: [ route_check ] --START--
INFO: CheckRoute Behavior ::run [ RunTime:0.004000s ]
INFO: [ route_check ] --END-- [ RunTime:0.005000s ]
INFO: [ app_begin ] --START--
INFO: ReadHtmlCache Behavior ::run [ RunTime:0.002000s ]
INFO: [ app_begin ] --END-- [ RunTime:0.003000s ]
NOTIC: [8] Undefined index: expire D:\phpstudy\WWW\dcyd\ThinkPHP\Common\functions.php Á¨¨ 549 Ë°å.
SQL: SHOW COLUMNS FROM `dcyd_user` [ RunTime:0.009000s ]
SQL: SELECT `id`,`Phone`,`nickname`,`sex`,`firmname`,`position`,`industry`,`address` FROM `dcyd_user` WHERE ( id = 25 ) LIMIT 1   [ RunTime:0.001000s ]
INFO: [ view_parse ] --START--

[ 2017-03-15T10:32:15+08:00 ] 127.0.0.1 /index.php/Index/user.html?id=25
INFO: [ route_check ] --START--
INFO: CheckRoute Behavior ::run [ RunTime:0.006001s ]
INFO: [ route_check ] --END-- [ RunTime:0.008001s ]
INFO: [ app_begin ] --START--
INFO: ReadHtmlCache Behavior ::run [ RunTime:0.003000s ]
INFO: [ app_begin ] --END-- [ RunTime:0.004000s ]
NOTIC: [8] Undefined index: expire D:\phpstudy\WWW\dcyd\ThinkPHP\Common\functions.php Á¨¨ 549 Ë°å.
SQL: SHOW COLUMNS FROM `dcyd_user` [ RunTime:0.009001s ]
SQL: SELECT `id`,`Phone`,`nickname`,`sex`,`firmname`,`position`,`industry`,`address` FROM `dcyd_user` WHERE ( id = 25 ) LIMIT 1   [ RunTime:0.001000s ]
INFO: [ view_parse ] --START--

[ 2017-03-15T10:32:16+08:00 ] 127.0.0.1 /index.php/Index/user.html?id=25
INFO: [ route_check ] --START--
INFO: CheckRoute Behavior ::run [ RunTime:0.006000s ]
INFO: [ route_check ] --END-- [ RunTime:0.008000s ]
INFO: [ app_begin ] --START--
INFO: ReadHtmlCache Behavior ::run [ RunTime:0.004000s ]
INFO: [ app_begin ] --END-- [ RunTime:0.006000s ]
NOTIC: [8] Undefined index: expire D:\phpstudy\WWW\dcyd\ThinkPHP\Common\functions.php Á¨¨ 549 Ë°å.
SQL: SHOW COLUMNS FROM `dcyd_user` [ RunTime:0.012000s ]
SQL: SELECT `id`,`Phone`,`nickname`,`sex`,`firmname`,`position`,`industry`,`address` FROM `dcyd_user` WHERE ( id = 25 ) LIMIT 1   [ RunTime:0.001000s ]
INFO: [ view_parse ] --START--

[ 2017-03-15T10:33:18+08:00 ] 127.0.0.1 /index.php/Index/user.html?id=25
INFO: [ route_check ] --START--
INFO: CheckRoute Behavior ::run [ RunTime:0.005001s ]
INFO: [ route_check ] --END-- [ RunTime:0.007001s ]
INFO: [ app_begin ] --START--
INFO: ReadHtmlCache Behavior ::run [ RunTime:0.002000s ]
INFO: [ app_begin ] --END-- [ RunTime:0.002000s ]
NOTIC: [8] Undefined index: expire D:\phpstudy\WWW\dcyd\ThinkPHP\Common\functions.php Á¨¨ 549 Ë°å.
SQL: SHOW COLUMNS FROM `dcyd_user` [ RunTime:0.008001s ]
SQL: SELECT `id`,`Phone`,`nickname`,`sex`,`firmname`,`position`,`industry`,`address` FROM `dcyd_user` WHERE ( id = 25 ) LIMIT 1   [ RunTime:0.000000s ]
INFO: [ view_parse ] --START--
INFO: ParseTemplate Behavior ::run [ RunTime:0.042002s ]
INFO: [ view_parse ] --END-- [ RunTime:0.043002s ]
INFO: [ view_filter ] --START--
INFO: ContentReplace Behavior ::run [ RunTime:0.002000s ]
INFO: TokenBuild Behavior ::run [ RunTime:0.002000s ]
INFO: WriteHtmlCache Behavior ::run [ RunTime:0.001000s ]
INFO: ShowRuntime Behavior ::run [ RunTime:0.002000s ]
INFO: [ view_filter ] --END-- [ RunTime:0.008000s ]
INFO: [ view_end ] --START--
INFO: ShowPageTrace Behavior ::run [ RunTime:0.002000s ]
INFO: [ view_end ] --END-- [ RunTime:0.004000s ]

[ 2017-03-15T10:33:57+08:00 ] 127.0.0.1 /index.php/Index/user.html?id=25
INFO: [ route_check ] --START--
INFO: CheckRoute Behavior ::run [ RunTime:0.004001s ]
INFO: [ route_check ] --END-- [ RunTime:0.005001s ]
INFO: [ app_begin ] --START--
INFO: ReadHtmlCache Behavior ::run [ RunTime:0.002000s ]
INFO: [ app_begin ] --END-- [ RunTime:0.003000s ]
NOTIC: [8] Undefined index: expire D:\phpstudy\WWW\dcyd\ThinkPHP\Common\functions.php Á¨¨ 549 Ë°å.
SQL: SHOW COLUMNS FROM `dcyd_user` [ RunTime:0.008000s ]
SQL: SELECT `id`,`Phone`,`nickname`,`sex`,`firmname`,`position`,`industry`,`address` FROM `dcyd_user` WHERE ( id = 25 ) LIMIT 1   [ RunTime:0.000000s ]
INFO: [ view_parse ] --START--
INFO: ParseTemplate Behavior ::run [ RunTime:0.047002s ]
INFO: [ view_parse ] --END-- [ RunTime:0.048002s ]
INFO: [ view_filter ] --START--
INFO: ContentReplace Behavior ::run [ RunTime:0.002000s ]
INFO: TokenBuild Behavior ::run [ RunTime:0.002000s ]
INFO: WriteHtmlCache Behavior ::run [ RunTime:0.001000s ]
INFO: ShowRuntime Behavior ::run [ RunTime:0.002000s ]
INFO: [ view_filter ] --END-- [ RunTime:0.009000s ]
INFO: [ view_end ] --START--
INFO: ShowPageTrace Behavior ::run [ RunTime:0.006001s ]
INFO: [ view_end ] --END-- [ RunTime:0.008001s ]

[ 2017-03-15T11:09:50+08:00 ] 127.0.0.1 /index.php/Index/user.html?id=25
INFO: [ route_check ] --START--
INFO: CheckRoute Behavior ::run [ RunTime:0.003000s ]
INFO: [ route_check ] --END-- [ RunTime:0.003000s ]
INFO: [ app_begin ] --START--
INFO: ReadHtmlCache Behavior ::run [ RunTime:0.002001s ]
INFO: [ app_begin ] --END-- [ RunTime:0.002001s ]
NOTIC: [8] Undefined index: expire D:\phpstudy\WWW\dcyd\ThinkPHP\Common\functions.php Á¨¨ 549 Ë°å.
SQL: SHOW COLUMNS FROM `dcyd_user` [ RunTime:0.008000s ]
SQL: SELECT `id`,`Phone`,`nickname`,`sex`,`firmname`,`position`,`industry`,`address` FROM `dcyd_user` WHERE ( id = 25 ) LIMIT 1   [ RunTime:0.001000s ]
INFO: [ view_parse ] --START--
INFO: ParseTemplate Behavior ::run [ RunTime:0.043002s ]
INFO: [ view_parse ] --END-- [ RunTime:0.043002s ]
INFO: [ view_filter ] --START--
INFO: ContentReplace Behavior ::run [ RunTime:0.002000s ]
INFO: TokenBuild Behavior ::run [ RunTime:0.002000s ]
INFO: WriteHtmlCache Behavior ::run [ RunTime:0.001000s ]
INFO: ShowRuntime Behavior ::run [ RunTime:0.002001s ]
INFO: [ view_filter ] --END-- [ RunTime:0.009001s ]
INFO: [ view_end ] --START--
INFO: ShowPageTrace Behavior ::run [ RunTime:0.003000s ]
INFO: [ view_end ] --END-- [ RunTime:0.007000s ]

[ 2017-03-15T11:15:26+08:00 ] 127.0.0.1 /index.php/Index/user.html?id=25
INFO: [ route_check ] --START--
INFO: CheckRoute Behavior ::run [ RunTime:0.005000s ]
INFO: [ route_check ] --END-- [ RunTime:0.007000s ]
INFO: [ app_begin ] --START--
INFO: ReadHtmlCache Behavior ::run [ RunTime:0.003000s ]
INFO: [ app_begin ] --END-- [ RunTime:0.005000s ]
NOTIC: [8] Undefined index: expire D:\phpstudy\WWW\dcyd\ThinkPHP\Common\functions.php Á¨¨ 549 Ë°å.
SQL: SHOW COLUMNS FROM `dcyd_user` [ RunTime:0.008001s ]
SQL: SELECT `id`,`Phone`,`nickname`,`sex`,`firmname`,`position`,`industry`,`address` FROM `dcyd_user` WHERE ( id = 25 ) LIMIT 1   [ RunTime:0.001000s ]
INFO: [ view_parse ] --START--
INFO: ParseTemplate Behavior ::run [ RunTime:0.043003s ]
INFO: [ view_parse ] --END-- [ RunTime:0.044003s ]
INFO: [ view_filter ] --START--
INFO: ContentReplace Behavior ::run [ RunTime:0.001000s ]
INFO: TokenBuild Behavior ::run [ RunTime:0.002000s ]
INFO: WriteHtmlCache Behavior ::run [ RunTime:0.001000s ]
INFO: ShowRuntime Behavior ::run [ RunTime:0.002000s ]
INFO: [ view_filter ] --END-- [ RunTime:0.009000s ]
INFO: [ view_end ] --START--
INFO: ShowPageTrace Behavior ::run [ RunTime:0.004000s ]
INFO: [ view_end ] --END-- [ RunTime:0.007000s ]

[ 2017-03-15T11:16:32+08:00 ] 127.0.0.1 /index.php/Index/user.html?id=25
INFO: [ route_check ] --START--
INFO: CheckRoute Behavior ::run [ RunTime:0.003000s ]
INFO: [ route_check ] --END-- [ RunTime:0.004000s ]
INFO: [ app_begin ] --START--
INFO: ReadHtmlCache Behavior ::run [ RunTime:0.002000s ]
INFO: [ app_begin ] --END-- [ RunTime:0.003000s ]
NOTIC: [8] Undefined index: expire D:\phpstudy\WWW\dcyd\ThinkPHP\Common\functions.php Á¨¨ 549 Ë°å.
SQL: SHOW COLUMNS FROM `dcyd_user` [ RunTime:0.008001s ]
SQL: SELECT `id`,`Phone`,`nickname`,`sex`,`firmname`,`position`,`industry`,`address` FROM `dcyd_user` WHERE ( id = 25 ) LIMIT 1   [ RunTime:0.000000s ]
INFO: [ view_parse ] --START--
INFO: ParseTemplate Behavior ::run [ RunTime:0.044003s ]
INFO: [ view_parse ] --END-- [ RunTime:0.044003s ]
INFO: [ view_filter ] --START--
INFO: ContentReplace Behavior ::run [ RunTime:0.002000s ]
INFO: TokenBuild Behavior ::run [ RunTime:0.002000s ]
INFO: WriteHtmlCache Behavior ::run [ RunTime:0.001000s ]
INFO: ShowRuntime Behavior ::run [ RunTime:0.003000s ]
INFO: [ view_filter ] --END-- [ RunTime:0.009000s ]
INFO: [ view_end ] --START--
INFO: ShowPageTrace Behavior ::run [ RunTime:0.005000s ]
INFO: [ view_end ] --END-- [ RunTime:0.008001s ]

[ 2017-03-15T11:17:06+08:00 ] 127.0.0.1 /index.php/Index/user.html?id=25
INFO: [ route_check ] --START--
INFO: CheckRoute Behavior ::run [ RunTime:0.003000s ]
INFO: [ route_check ] --END-- [ RunTime:0.004000s ]
INFO: [ app_begin ] --START--
INFO: ReadHtmlCache Behavior ::run [ RunTime:0.002000s ]
INFO: [ app_begin ] --END-- [ RunTime:0.002000s ]
NOTIC: [8] Undefined index: expire D:\phpstudy\WWW\dcyd\ThinkPHP\Common\functions.php Á¨¨ 549 Ë°å.
SQL: SHOW COLUMNS FROM `dcyd_user` [ RunTime:0.008000s ]
SQL: SELECT `id`,`Phone`,`nickname`,`sex`,`firmname`,`position`,`industry`,`address` FROM `dcyd_user` WHERE ( id = 25 ) LIMIT 1   [ RunTime:0.001000s ]
INFO: [ view_parse ] --START--
INFO: ParseTemplate Behavior ::run [ RunTime:0.042002s ]
INFO: [ view_parse ] --END-- [ RunTime:0.044002s ]
INFO: [ view_filter ] --START--
INFO: ContentReplace Behavior ::run [ RunTime:0.002000s ]
INFO: TokenBuild Behavior ::run [ RunTime:0.002001s ]
INFO: WriteHtmlCache Behavior ::run [ RunTime:0.001000s ]
INFO: ShowRuntime Behavior ::run [ RunTime:0.002000s ]
INFO: [ view_filter ] --END-- [ RunTime:0.009001s ]
INFO: [ view_end ] --START--
INFO: ShowPageTrace Behavior ::run [ RunTime:0.002000s ]
INFO: [ view_end ] --END-- [ RunTime:0.004000s ]

[ 2017-03-15T11:17:58+08:00 ] 127.0.0.1 /index.php/Index/user.html?id=25
INFO: [ route_check ] --START--
INFO: CheckRoute Behavior ::run [ RunTime:0.004000s ]
INFO: [ route_check ] --END-- [ RunTime:0.005000s ]
INFO: [ app_begin ] --START--
INFO: ReadHtmlCache Behavior ::run [ RunTime:0.002000s ]
INFO: [ app_begin ] --END-- [ RunTime:0.004000s ]
NOTIC: [8] Undefined index: expire D:\phpstudy\WWW\dcyd\ThinkPHP\Common\functions.php Á¨¨ 549 Ë°å.
SQL: SHOW COLUMNS FROM `dcyd_user` [ RunTime:0.009000s ]
SQL: SELECT `id`,`Phone`,`nickname`,`sex`,`firmname`,`position`,`industry`,`address` FROM `dcyd_user` WHERE ( id = 25 ) LIMIT 1   [ RunTime:0.000000s ]
INFO: [ view_parse ] --START--
INFO: ParseTemplate Behavior ::run [ RunTime:0.054003s ]
INFO: [ view_parse ] --END-- [ RunTime:0.056003s ]
INFO: [ view_filter ] --START--
INFO: ContentReplace Behavior ::run [ RunTime:0.002000s ]
INFO: TokenBuild Behavior ::run [ RunTime:0.003000s ]
INFO: WriteHtmlCache Behavior ::run [ RunTime:0.001000s ]
INFO: ShowRuntime Behavior ::run [ RunTime:0.002001s ]
INFO: [ view_filter ] --END-- [ RunTime:0.012001s ]
INFO: [ view_end ] --START--
INFO: ShowPageTrace Behavior ::run [ RunTime:0.006000s ]
INFO: [ view_end ] --END-- [ RunTime:0.008000s ]

[ 2017-03-15T11:19:41+08:00 ] 127.0.0.1 /index.php/Index/useradd.html
INFO: [ route_check ] --START--
INFO: CheckRoute Behavior ::run [ RunTime:0.003000s ]
INFO: [ route_check ] --END-- [ RunTime:0.005000s ]
INFO: [ app_begin ] --START--
INFO: ReadHtmlCache Behavior ::run [ RunTime:0.002000s ]
INFO: [ app_begin ] --END-- [ RunTime:0.002000s ]
NOTIC: [8] Undefined index: expire D:\phpstudy\WWW\dcyd\ThinkPHP\Common\functions.php Á¨¨ 549 Ë°å.
SQL: SHOW COLUMNS FROM `dcyd_user` [ RunTime:0.007000s ]
NOTIC: Âª∫ËÆÆ‰ΩøÁî®IÊñπÊ≥ïÊõø‰ª£_post
NOTIC: Âª∫ËÆÆ‰ΩøÁî®IÊñπÊ≥ïÊõø‰ª£_post
NOTIC: Âª∫ËÆÆ‰ΩøÁî®IÊñπÊ≥ïÊõø‰ª£_post
NOTIC: Âª∫ËÆÆ‰ΩøÁî®IÊñπÊ≥ïÊõø‰ª£_post
NOTIC: Âª∫ËÆÆ‰ΩøÁî®IÊñπÊ≥ïÊõø‰ª£_post
NOTIC: Âª∫ËÆÆ‰ΩøÁî®IÊñπÊ≥ïÊõø‰ª£_post
SQL: UPDATE `dcyd_user` SET `nickname`='Âº†‰∏â‰∏\∞',`sex`=1,`firmname`='Ê≠¶ÂΩìÊ¥\æ',`position`='ÊéåÈó®‰∫\∫',`industry`='ËÄçÂâë',`address`='Âåó‰∫¨Â∏ÇËæñÂå∫ÊúùÈò≥Âå∫' WHERE ( id = 25 ) [ RunTime:0.002000s ]

[ 2017-03-15T11:20:02+08:00 ] 127.0.0.1 /index.php/Index/user.html?id=25
INFO: [ route_check ] --START--
INFO: CheckRoute Behavior ::run [ RunTime:0.004000s ]
INFO: [ route_check ] --END-- [ RunTime:0.005000s ]
INFO: [ app_begin ] --START--
INFO: ReadHtmlCache Behavior ::run [ RunTime:0.001000s ]
INFO: [ app_begin ] --END-- [ RunTime:0.003001s ]
NOTIC: [8] Undefined index: expire D:\phpstudy\WWW\dcyd\ThinkPHP\Common\functions.php Á¨¨ 549 Ë°å.
SQL: SHOW COLUMNS FROM `dcyd_user` [ RunTime:0.008001s ]
SQL: SELECT `id`,`Phone`,`nickname`,`sex`,`firmname`,`position`,`industry`,`address` FROM `dcyd_user` WHERE ( id = 25 ) LIMIT 1   [ RunTime:0.000000s ]
INFO: [ view_parse ] --START--
INFO: ParseTemplate Behavior ::run [ RunTime:0.043003s ]
INFO: [ view_parse ] --END-- [ RunTime:0.043003s ]
INFO: [ view_filter ] --START--
INFO: ContentReplace Behavior ::run [ RunTime:0.002000s ]
INFO: TokenBuild Behavior ::run [ RunTime:0.002000s ]
INFO: WriteHtmlCache Behavior ::run [ RunTime:0.002000s ]
INFO: ShowRuntime Behavior ::run [ RunTime:0.002000s ]
INFO: [ view_filter ] --END-- [ RunTime:0.010000s ]
INFO: [ view_end ] --START--
INFO: ShowPageTrace Behavior ::run [ RunTime:0.006001s ]
INFO: [ view_end ] --END-- [ RunTime:0.011001s ]

[ 2017-03-15T11:26:20+08:00 ] 127.0.0.1 /index.php/Index/user.html?id=25
INFO: [ route_check ] --START--
INFO: CheckRoute Behavior ::run [ RunTime:0.003000s ]
INFO: [ route_check ] --END-- [ RunTime:0.004000s ]
INFO: [ app_begin ] --START--
INFO: ReadHtmlCache Behavior ::run [ RunTime:0.002000s ]
INFO: [ app_begin ] --END-- [ RunTime:0.003000s ]
NOTIC: [8] Undefined index: expire D:\phpstudy\WWW\dcyd\ThinkPHP\Common\functions.php Á¨¨ 549 Ë°å.
SQL: SHOW COLUMNS FROM `dcyd_user` [ RunTime:0.009001s ]
SQL: SELECT `id`,`Phone`,`nickname`,`sex`,`firmname`,`position`,`industry`,`address` FROM `dcyd_user` WHERE ( id = 25 ) LIMIT 1   [ RunTime:0.000000s ]
INFO: [ view_parse ] --START--
INFO: ParseTemplate Behavior ::run [ RunTime:0.045003s ]
INFO: [ view_parse ] --END-- [ RunTime:0.046003s ]
INFO: [ view_filter ] --START--
INFO: ContentReplace Behavior ::run [ RunTime:0.003000s ]
INFO: TokenBuild Behavior ::run [ RunTime:0.002000s ]
INFO: WriteHtmlCache Behavior ::run [ RunTime:0.001000s ]
INFO: ShowRuntime Behavior ::run [ RunTime:0.002000s ]
INFO: [ view_filter ] --END-- [ RunTime:0.012001s ]
INFO: [ view_end ] --START--
INFO: ShowPageTrace Behavior ::run [ RunTime:0.002000s ]
INFO: [ view_end ] --END-- [ RunTime:0.002000s ]

[ 2017-03-15T11:27:12+08:00 ] 127.0.0.1 /index.php/Index/useradd.html
INFO: [ route_check ] --START--
INFO: CheckRoute Behavior ::run [ RunTime:0.003001s ]
INFO: [ route_check ] --END-- [ RunTime:0.004001s ]
INFO: [ app_begin ] --START--
INFO: ReadHtmlCache Behavior ::run [ RunTime:0.002000s ]
INFO: [ app_begin ] --END-- [ RunTime:0.002000s ]
NOTIC: [8] Undefined index: expire D:\phpstudy\WWW\dcyd\ThinkPHP\Common\functions.php Á¨¨ 549 Ë°å.
SQL: SHOW COLUMNS FROM `dcyd_user` [ RunTime:0.011000s ]
NOTIC: Âª∫ËÆÆ‰ΩøÁî®IÊñπÊ≥ïÊõø‰ª£_post
NOTIC: Âª∫ËÆÆ‰ΩøÁî®IÊñπÊ≥ïÊõø‰ª£_post
NOTIC: Âª∫ËÆÆ‰ΩøÁî®IÊñπÊ≥ïÊõø‰ª£_post
NOTIC: Âª∫ËÆÆ‰ΩøÁî®IÊñπÊ≥ïÊõø‰ª£_post
NOTIC: Âª∫ËÆÆ‰ΩøÁî®IÊñπÊ≥ïÊõø‰ª£_post
NOTIC: Âª∫ËÆÆ‰ΩøÁî®IÊñπÊ≥ïÊõø‰ª£_post
SQL: UPDATE `dcyd_user` SET `nickname`='Âº†‰∏â‰∏\∞',`sex`=1,`firmname`='Ê≠¶ÂΩìÊ¥\æ',`position`='ÊéåÈó®‰∫\∫',`industry`='ËÄçÂâë',`address`='Âåó‰∫¨Â∏ÇËæñÂå∫ÊúùÈò≥Âå∫' WHERE ( id = 25 ) [ RunTime:0.002000s ]

[ 2017-03-15T11:31:19+08:00 ] 127.0.0.1 /index.php/Index/user.html?id=25
INFO: [ route_check ] --START--
INFO: CheckRoute Behavior ::run [ RunTime:0.003000s ]
INFO: [ route_check ] --END-- [ RunTime:0.005000s ]
INFO: [ app_begin ] --START--
INFO: ReadHtmlCache Behavior ::run [ RunTime:0.001000s ]
INFO: [ app_begin ] --END-- [ RunTime:0.003000s ]
NOTIC: [8] Undefined index: expire D:\phpstudy\WWW\dcyd\ThinkPHP\Common\functions.php Á¨¨ 549 Ë°å.
SQL: SHOW COLUMNS FROM `dcyd_user` [ RunTime:0.009000s ]
SQL: SELECT `id`,`Phone`,`nickname`,`sex`,`firmname`,`position`,`industry`,`address` FROM `dcyd_user` WHERE ( id = 25 ) LIMIT 1   [ RunTime:0.001000s ]
INFO: [ view_parse ] --START--
INFO: ParseTemplate Behavior ::run [ RunTime:0.048003s ]
INFO: [ view_parse ] --END-- [ RunTime:0.050003s ]
INFO: [ view_filter ] --START--
INFO: ContentReplace Behavior ::run [ RunTime:0.001000s ]
INFO: TokenBuild Behavior ::run [ RunTime:0.002000s ]
INFO: WriteHtmlCache Behavior ::run [ RunTime:0.002000s ]
INFO: ShowRuntime Behavior ::run [ RunTime:0.002000s ]
INFO: [ view_filter ] --END-- [ RunTime:0.010000s ]
INFO: [ view_end ] --START--
INFO: ShowPageTrace Behavior ::run [ RunTime:0.004000s ]
INFO: [ view_end ] --END-- [ RunTime:0.005000s ]

[ 2017-03-15T12:41:55+08:00 ] 127.0.0.1 /index.php/Index/user.html?id=25
INFO: [ route_check ] --START--
INFO: CheckRoute Behavior ::run [ RunTime:0.003000s ]
INFO: [ route_check ] --END-- [ RunTime:0.004000s ]
INFO: [ app_begin ] --START--
INFO: ReadHtmlCache Behavior ::run [ RunTime:0.002001s ]
INFO: [ app_begin ] --END-- [ RunTime:0.003001s ]
NOTIC: [8] Undefined index: expire D:\phpstudy\WWW\dcyd\ThinkPHP\Common\functions.php Á¨¨ 549 Ë°å.
SQL: SHOW COLUMNS FROM `dcyd_user` [ RunTime:0.008000s ]
SQL: SELECT `id`,`Phone`,`nickname`,`sex`,`firmname`,`position`,`industry`,`address` FROM `dcyd_user` WHERE ( id = 25 ) LIMIT 1   [ RunTime:0.000000s ]
INFO: [ view_parse ] --START--
INFO: ParseTemplate Behavior ::run [ RunTime:0.041002s ]
INFO: [ view_parse ] --END-- [ RunTime:0.043003s ]
INFO: [ view_filter ] --START--
INFO: ContentReplace Behavior ::run [ RunTime:0.001000s ]
INFO: TokenBuild Behavior ::run [ RunTime:0.001000s ]
INFO: WriteHtmlCache Behavior ::run [ RunTime:0.001000s ]
INFO: ShowRuntime Behavior ::run [ RunTime:0.002000s ]
INFO: [ view_filter ] --END-- [ RunTime:0.009000s ]
INFO: [ view_end ] --START--
INFO: ShowPageTrace Behavior ::run [ RunTime:0.004000s ]
INFO: [ view_end ] --END-- [ RunTime:0.006001s ]

[ 2017-03-15T12:42:16+08:00 ] 127.0.0.1 /index.php/Index/useradd.html
INFO: [ route_check ] --START--
INFO: CheckRoute Behavior ::run [ RunTime:0.006000s ]
INFO: [ route_check ] --END-- [ RunTime:0.007000s ]
INFO: [ app_begin ] --START--
INFO: ReadHtmlCache Behavior ::run [ RunTime:0.004000s ]
INFO: [ app_begin ] --END-- [ RunTime:0.004000s ]
NOTIC: [8] Undefined index: expire D:\phpstudy\WWW\dcyd\ThinkPHP\Common\functions.php Á¨¨ 549 Ë°å.
SQL: SHOW COLUMNS FROM `dcyd_user` [ RunTime:0.008000s ]
NOTIC: Âª∫ËÆÆ‰ΩøÁî®IÊñπÊ≥ïÊõø‰ª£_post
NOTIC: Âª∫ËÆÆ‰ΩøÁî®IÊñπÊ≥ïÊõø‰ª£_post
NOTIC: Âª∫ËÆÆ‰ΩøÁî®IÊñπÊ≥ïÊõø‰ª£_post
NOTIC: Âª∫ËÆÆ‰ΩøÁî®IÊñπÊ≥ïÊõø‰ª£_post
NOTIC: Âª∫ËÆÆ‰ΩøÁî®IÊñπÊ≥ïÊõø‰ª£_post
NOTIC: Âª∫ËÆÆ‰ΩøÁî®IÊñπÊ≥ïÊõø‰ª£_post
SQL: UPDATE `dcyd_user` SET `nickname`='Âº†‰∏â‰∏\∞',`sex`=1,`firmname`='Ê≠¶ÂΩìÊ¥\æ',`position`='ÊéåÈó®‰∫\∫',`industry`='ËÄçÂâë',`address`='Âåó‰∫¨Â∏ÇËæñÂå∫ÊúùÈò≥Âå∫' WHERE ( id = 25 ) [ RunTime:0.002000s ]

[ 2017-03-15T12:48:20+08:00 ] 127.0.0.1 /index.php/Index/user.html?id=25
INFO: [ route_check ] --START--
INFO: CheckRoute Behavior ::run [ RunTime:0.005001s ]
INFO: [ route_check ] --END-- [ RunTime:0.006001s ]
INFO: [ app_begin ] --START--
INFO: ReadHtmlCache Behavior ::run [ RunTime:0.002000s ]
INFO: [ app_begin ] --END-- [ RunTime:0.003000s ]
NOTIC: [8] Undefined index: expire D:\phpstudy\WWW\dcyd\ThinkPHP\Common\functions.php Á¨¨ 549 Ë°å.
SQL: SHOW COLUMNS FROM `dcyd_user` [ RunTime:0.008001s ]
SQL: SELECT `id`,`Phone`,`nickname`,`sex`,`firmname`,`position`,`industry`,`address` FROM `dcyd_user` WHERE ( id = 25 ) LIMIT 1   [ RunTime:0.001000s ]
INFO: [ view_parse ] --START--
INFO: ParseTemplate Behavior ::run [ RunTime:0.044003s ]
INFO: [ view_parse ] --END-- [ RunTime:0.044003s ]
INFO: [ view_filter ] --START--
INFO: ContentReplace Behavior ::run [ RunTime:0.002000s ]
INFO: TokenBuild Behavior ::run [ RunTime:0.002000s ]
INFO: WriteHtmlCache Behavior ::run [ RunTime:0.001000s ]
INFO: ShowRuntime Behavior ::run [ RunTime:0.002000s ]
INFO: [ view_filter ] --END-- [ RunTime:0.009000s ]
INFO: [ view_end ] --START--
INFO: ShowPageTrace Behavior ::run [ RunTime:0.003001s ]
INFO: [ view_end ] --END-- [ RunTime:0.005001s ]

[ 2017-03-15T12:48:22+08:00 ] 127.0.0.1 /index.php/Index/user.html?id=25
INFO: [ route_check ] --START--
INFO: CheckRoute Behavior ::run [ RunTime:0.003000s ]
INFO: [ route_check ] --END-- [ RunTime:0.005000s ]
INFO: [ app_begin ] --START--
INFO: ReadHtmlCache Behavior ::run [ RunTime:0.001000s ]
INFO: [ app_begin ] --END-- [ RunTime:0.003001s ]
NOTIC: [8] Undefined index: expire D:\phpstudy\WWW\dcyd\ThinkPHP\Common\functions.php Á¨¨ 549 Ë°å.
SQL: SHOW COLUMNS FROM `dcyd_user` [ RunTime:0.007001s ]
SQL: SELECT `id`,`Phone`,`nickname`,`sex`,`firmname`,`position`,`industry`,`address` FROM `dcyd_user` WHERE ( id = 25 ) LIMIT 1   [ RunTime:0.001000s ]
INFO: [ view_parse ] --START--
INFO: ParseTemplate Behavior ::run [ RunTime:0.043003s ]
INFO: [ view_parse ] --END-- [ RunTime:0.044003s ]
INFO: [ view_filter ] --START--
INFO: ContentReplace Behavior ::run [ RunTime:0.002000s ]
INFO: TokenBuild Behavior ::run [ RunTime:0.002000s ]
INFO: WriteHtmlCache Behavior ::run [ RunTime:0.001000s ]
INFO: ShowRuntime Behavior ::run [ RunTime:0.003000s ]
INFO: [ view_filter ] --END-- [ RunTime:0.008000s ]
INFO: [ view_end ] --START--
INFO: ShowPageTrace Behavior ::run [ RunTime:0.001000s ]
INFO: [ view_end ] --END-- [ RunTime:0.003001s ]

[ 2017-03-15T15:33:09+08:00 ] 127.0.0.1 /index.php/Index/kce.html
INFO: [ route_check ] --START--
INFO: CheckRoute Behavior ::run [ RunTime:0.004000s ]
INFO: [ route_check ] --END-- [ RunTime:0.005000s ]
INFO: [ app_begin ] --START--
INFO: ReadHtmlCache Behavior ::run [ RunTime:0.002001s ]
INFO: [ app_begin ] --END-- [ RunTime:0.003001s ]
NOTIC: [8] Undefined index: expire D:\phpstudy\WWW\dcyd\ThinkPHP\Common\functions.php Á¨¨ 549 Ë°å.
SQL: SHOW COLUMNS FROM `dcyd_view` [ RunTime:0.008000s ]
SQL: SELECT `id`,`kname`,`name`,`title`,`img`,`kctitle` FROM `dcyd_view`  [ RunTime:0.000000s ]
SQL: SELECT `id`,`kname`,`name`,`url`,`title`,`money`,`introduce`,`chapternum`,`kctitle`,`img` FROM `dcyd_view` WHERE ( kname = 'Á≥ªÂàó‰∏ìÈ¢ò' )  [ RunTime:0.000000s ]
SQL: SELECT `id`,`kname`,`name`,`url`,`title`,`money`,`introduce`,`chapternum`,`kctitle`,`img` FROM `dcyd_view` WHERE ( kname = '‰∏ìÂÆ∂Á≤æÈÄâ' )  [ RunTime:0.000000s ]
INFO: [ view_parse ] --START--
INFO: ParseTemplate Behavior ::run [ RunTime:0.073004s ]
INFO: [ view_parse ] --END-- [ RunTime:0.073004s ]
INFO: [ view_filter ] --START--
INFO: ContentReplace Behavior ::run [ RunTime:0.002000s ]
INFO: TokenBuild Behavior ::run [ RunTime:0.001000s ]
INFO: WriteHtmlCache Behavior ::run [ RunTime:0.001001s ]
INFO: ShowRuntime Behavior ::run [ RunTime:0.003000s ]
INFO: [ view_filter ] --END-- [ RunTime:0.009001s ]
INFO: [ view_end ] --START--
INFO: ShowPageTrace Behavior ::run [ RunTime:0.003000s ]
INFO: [ view_end ] --END-- [ RunTime:0.005000s ]

[ 2017-03-15T15:35:04+08:00 ] 127.0.0.1 /index.php/Index/kce.html
INFO: [ route_check ] --START--
INFO: CheckRoute Behavior ::run [ RunTime:0.003000s ]
INFO: [ route_check ] --END-- [ RunTime:0.004000s ]
INFO: [ app_begin ] --START--
INFO: ReadHtmlCache Behavior ::run [ RunTime:0.001000s ]
INFO: [ app_begin ] --END-- [ RunTime:0.003000s ]
NOTIC: [8] Undefined index: expire D:\phpstudy\WWW\dcyd\ThinkPHP\Common\functions.php Á¨¨ 549 Ë°å.
SQL: SHOW COLUMNS FROM `dcyd_view` [ RunTime:0.008001s ]
SQL: SELECT `id`,`kname`,`name`,`title`,`img`,`kctitle` FROM `dcyd_view`  [ RunTime:0.001000s ]
SQL: SELECT `id`,`kname`,`name`,`url`,`title`,`money`,`introduce`,`chapternum`,`kctitle`,`img` FROM `dcyd_view` WHERE ( kname = 'Á≥ªÂàó‰∏ìÈ¢ò' )  [ RunTime:0.000000s ]
SQL: SELECT `id`,`kname`,`name`,`url`,`title`,`money`,`introduce`,`chapternum`,`kctitle`,`img` FROM `dcyd_view` WHERE ( kname = '‰∏ìÂÆ∂Á≤æÈÄâ' )  [ RunTime:0.001000s ]
INFO: [ view_parse ] --START--
INFO: ParseTemplate Behavior ::run [ RunTime:0.071004s ]
INFO: [ view_parse ] --END-- [ RunTime:0.072004s ]
INFO: [ view_filter ] --START--
INFO: ContentReplace Behavior ::run [ RunTime:0.002000s ]
INFO: TokenBuild Behavior ::run [ RunTime:0.002000s ]
INFO: WriteHtmlCache Behavior ::run [ RunTime:0.001000s ]
INFO: ShowRuntime Behavior ::run [ RunTime:0.003000s ]
INFO: [ view_filter ] --END-- [ RunTime:0.008000s ]
INFO: [ view_end ] --START--
INFO: ShowPageTrace Behavior ::run [ RunTime:0.004001s ]
INFO: [ view_end ] --END-- [ RunTime:0.005001s ]

[ 2017-03-15T15:36:38+08:00 ] 127.0.0.1 /index.php/Index/visual.html?id=1&kname=%E7%B3%BB%E5%88%97%E6%A0%87%E9%A2%98&name=%E5%88%98%E5%9B%BD%E4%B8%9C&kctitle=%E5%A4%A7%E5%88%AB%E5%A2%85%E4%B9%B0%E8%B5%B7%E6%9D%A5&title=%E4%BD%8F%E5%88%AB%E5%A2%8511%E6%94%BE%E5%88%B0%E7%9A%84
INFO: [ route_check ] --START--
INFO: CheckRoute Behavior ::run [ RunTime:0.004001s ]
INFO: [ route_check ] --END-- [ RunTime:0.006001s ]
INFO: [ app_begin ] --START--
INFO: ReadHtmlCache Behavior ::run [ RunTime:0.002000s ]
INFO: [ app_begin ] --END-- [ RunTime:0.002000s ]
NOTIC: [8] Undefined index: expire D:\phpstudy\WWW\dcyd\ThinkPHP\Common\functions.php Á¨¨ 549 Ë°å.
SQL: SHOW COLUMNS FROM `dcyd_view` [ RunTime:0.007000s ]
SQL: SELECT `id`,`kname`,`name`,`url`,`title`,`money`,`introduce`,`chapternum`,`kctitle`,`img` FROM `dcyd_view` WHERE (  name = "ÂàòÂõΩ‰∏ú " and kname = "Á≥ªÂàóÊ†áÈ¢ò" and id =  1 ) LIMIT 1   [ RunTime:0.001001s ]
SQL: SELECT `id`,`kname`,`name`,`url`,`title`,`money`,`introduce`,`chapternum`,`kctitle`,`img` FROM `dcyd_view` WHERE ( name='ÂàòÂõΩ‰∏ú' and kname='Á≥ªÂàóÊ†áÈ¢ò' and kctitle='Â§ßÂà´Â¢Ö‰π∞Ëµ∑Êù•' )  [ RunTime:0.001000s ]
SQL: SELECT `name` FROM `dcyd_view` WHERE ( id = 1 ) LIMIT 1   [ RunTime:0.001000s ]
SQL: SHOW COLUMNS FROM `dcyd_teacher` [ RunTime:0.008000s ]
SQL: SELECT `name`,`timg`,`explain` FROM `dcyd_teacher` WHERE ( name='ÂàòÂõΩ‰∏ú' ) LIMIT 1   [ RunTime:0.001000s ]
INFO: [ view_parse ] --START--
INFO: ParseTemplate Behavior ::run [ RunTime:0.065004s ]
INFO: [ view_parse ] --END-- [ RunTime:0.066004s ]
INFO: [ view_filter ] --START--
INFO: ContentReplace Behavior ::run [ RunTime:0.002000s ]
INFO: TokenBuild Behavior ::run [ RunTime:0.002000s ]
INFO: WriteHtmlCache Behavior ::run [ RunTime:0.001000s ]
INFO: ShowRuntime Behavior ::run [ RunTime:0.002000s ]
INFO: [ view_filter ] --END-- [ RunTime:0.009000s ]
INFO: [ view_end ] --START--
INFO: ShowPageTrace Behavior ::run [ RunTime:0.007001s ]
INFO: [ view_end ] --END-- [ RunTime:0.008001s ]

[ 2017-03-15T17:08:13+08:00 ] 127.0.0.1 /index.php/Index/visual.html?id=1&kname=%E7%B3%BB%E5%88%97%E6%A0%87%E9%A2%98&name=%E5%88%98%E5%9B%BD%E4%B8%9C&kctitle=%E5%A4%A7%E5%88%AB%E5%A2%85%E4%B9%B0%E8%B5%B7%E6%9D%A5&title=%E4%BD%8F%E5%88%AB%E5%A2%8511%E6%94%BE%E5%88%B0%E7%9A%84
INFO: [ route_check ] --START--
INFO: CheckRoute Behavior ::run [ RunTime:0.003000s ]
INFO: [ route_check ] --END-- [ RunTime:0.004000s ]
INFO: [ app_begin ] --START--
INFO: ReadHtmlCache Behavior ::run [ RunTime:0.002000s ]
INFO: [ app_begin ] --END-- [ RunTime:0.003000s ]
NOTIC: [8] Undefined index: expire D:\phpstudy\WWW\dcyd\ThinkPHP\Common\functions.php Á¨¨ 549 Ë°å.
SQL: SHOW COLUMNS FROM `dcyd_view` [ RunTime:0.008000s ]
SQL: SELECT `id`,`kname`,`name`,`url`,`title`,`money`,`introduce`,`chapternum`,`kctitle`,`img` FROM `dcyd_view` WHERE (  name = "ÂàòÂõΩ‰∏ú " and kname = "Á≥ªÂàóÊ†áÈ¢ò" and id =  1 ) LIMIT 1   [ RunTime:0.001000s ]
SQL: SELECT `id`,`kname`,`name`,`url`,`title`,`money`,`introduce`,`chapternum`,`kctitle`,`img` FROM `dcyd_view` WHERE ( name='ÂàòÂõΩ‰∏ú' and kname='Á≥ªÂàóÊ†áÈ¢ò' and kctitle='Â§ßÂà´Â¢Ö‰π∞Ëµ∑Êù•' )  [ RunTime:0.001000s ]
SQL: SELECT `name` FROM `dcyd_view` WHERE ( id = 1 ) LIMIT 1   [ RunTime:0.000000s ]
SQL: SHOW COLUMNS FROM `dcyd_teacher` [ RunTime:0.010001s ]
SQL: SELECT `name`,`timg`,`explain` FROM `dcyd_teacher` WHERE ( name='ÂàòÂõΩ‰∏ú' ) LIMIT 1   [ RunTime:0.002000s ]
INFO: [ view_parse ] --START--
INFO: ParseTemplate Behavior ::run [ RunTime:0.064004s ]
INFO: [ view_parse ] --END-- [ RunTime:0.065004s ]
INFO: [ view_filter ] --START--
INFO: ContentReplace Behavior ::run [ RunTime:0.002000s ]
INFO: TokenBuild Behavior ::run [ RunTime:0.002000s ]
INFO: WriteHtmlCache Behavior ::run [ RunTime:0.001000s ]
INFO: ShowRuntime Behavior ::run [ RunTime:0.002000s ]
INFO: [ view_filter ] --END-- [ RunTime:0.009000s ]
INFO: [ view_end ] --START--
INFO: ShowPageTrace Behavior ::run [ RunTime:0.003000s ]
INFO: [ view_end ] --END-- [ RunTime:0.005000s ]

[ 2017-03-15T17:45:11+08:00 ] 127.0.0.1 /index.php/Index/index.html
INFO: [ route_check ] --START--
INFO: CheckRoute Behavior ::run [ RunTime:0.003000s ]
INFO: [ route_check ] --END-- [ RunTime:0.004000s ]
INFO: [ app_begin ] --START--
INFO: ReadHtmlCache Behavior ::run [ RunTime:0.002000s ]
INFO: [ app_begin ] --END-- [ RunTime:0.002000s ]
NOTIC: [8] Undefined index: expire D:\phpstudy\WWW\dcyd\ThinkPHP\Common\functions.php Á¨¨ 549 Ë°å.
SQL: SHOW COLUMNS FROM `dcyd_article` [ RunTime:0.010000s ]
SQL: SELECT `id`,`title`,`keywords`,`lanmu`,`laiyuan`,`content`,`auth`,`describe`,`time`,`status` FROM `dcyd_article` WHERE ( lanmu=1 && status=2 )  [ RunTime:0.001000s ]
SQL: SELECT `id`,`title`,`keywords`,`lanmu`,`laiyuan`,`content`,`auth`,`describe`,`time`,`status` FROM `dcyd_article` WHERE ( lanmu=2 && status=2 )  [ RunTime:0.000000s ]
SQL: SELECT `id`,`title`,`keywords`,`lanmu`,`laiyuan`,`content`,`auth`,`describe`,`time`,`status` FROM `dcyd_article` WHERE ( lanmu=3 && status=2 )  [ RunTime:0.000000s ]
SQL: SELECT `id`,`title`,`keywords`,`lanmu`,`laiyuan`,`content`,`auth`,`describe`,`time`,`status` FROM `dcyd_article` WHERE ( lanmu=4 && status=2 )  [ RunTime:0.001000s ]
SQL: SHOW COLUMNS FROM `dcyd_view` [ RunTime:0.007001s ]
SQL: SELECT `id`,`kname`,`name`,`url`,`title`,`money`,`introduce`,`chapternum`,`kctitle`,`img` FROM `dcyd_view` WHERE ( kname = 'Á≥ªÂàó‰∏ìÈ¢ò' ) GROUP BY kctitle LIMIT 3   [ RunTime:0.009001s ]
SQL: SELECT `id`,`kname`,`name`,`url`,`title`,`money`,`introduce`,`chapternum`,`kctitle`,`img` FROM `dcyd_view` WHERE ( kname = '‰∏ìÂÆ∂Á≤æÈÄâ' ) GROUP BY kctitle LIMIT 3   [ RunTime:0.008000s ]
SQL: SHOW COLUMNS FROM `dcyd_xxkc` [ RunTime:0.008001s ]
SQL: SELECT `id`,`title`,`laiyuan`,`content`,`auth`,`describe`,`time`,`status`,`img` FROM `dcyd_xxkc`  [ RunTime:0.001000s ]
SQL: SHOW COLUMNS FROM `dcyd_teacher` [ RunTime:0.008000s ]
SQL: SELECT `id`,`name`,`timg`,`explain` FROM `dcyd_teacher`  [ RunTime:0.001000s ]
INFO: [ view_parse ] --START--
NOTIC: [8] Undefined index: admins D:\phpstudy\WWW\dcyd\App\Runtime\Cache\a43ee091293c08b425f9e73d2888eec8.php Á¨¨ 38 Ë°å.
NOTIC: [8] Undefined index: id D:\phpstudy\WWW\dcyd\App\Runtime\Cache\a43ee091293c08b425f9e73d2888eec8.php Á¨¨ 241 Ë°å.
NOTIC: [8] Undefined index: id D:\phpstudy\WWW\dcyd\App\Runtime\Cache\a43ee091293c08b425f9e73d2888eec8.php Á¨¨ 241 Ë°å.
NOTIC: [8] Undefined index: id D:\phpstudy\WWW\dcyd\App\Runtime\Cache\a43ee091293c08b425f9e73d2888eec8.php Á¨¨ 241 Ë°å.
NOTIC: [8] Undefined index: id D:\phpstudy\WWW\dcyd\App\Runtime\Cache\a43ee091293c08b425f9e73d2888eec8.php Á¨¨ 241 Ë°å.
NOTIC: [8] Undefined index: id D:\phpstudy\WWW\dcyd\App\Runtime\Cache\a43ee091293c08b425f9e73d2888eec8.php Á¨¨ 241 Ë°å.
INFO: ParseTemplate Behavior ::run [ RunTime:0.187010s ]
INFO: [ view_parse ] --END-- [ RunTime:0.188010s ]
INFO: [ view_filter ] --START--
INFO: ContentReplace Behavior ::run [ RunTime:0.002000s ]
INFO: TokenBuild Behavior ::run [ RunTime:0.003000s ]
INFO: WriteHtmlCache Behavior ::run [ RunTime:0.001000s ]
INFO: ShowRuntime Behavior ::run [ RunTime:0.002000s ]
INFO: [ view_filter ] --END-- [ RunTime:0.009000s ]
INFO: [ view_end ] --START--
INFO: ShowPageTrace Behavior ::run [ RunTime:0.003000s ]
INFO: [ view_end ] --END-- [ RunTime:0.003000s ]

[ 2017-03-15T17:45:31+08:00 ] 127.0.0.1 /index.php/Index/index.html
INFO: [ route_check ] --START--
INFO: CheckRoute Behavior ::run [ RunTime:0.004001s ]
INFO: [ route_check ] --END-- [ RunTime:0.004001s ]
INFO: [ app_begin ] --START--
INFO: ReadHtmlCache Behavior ::run [ RunTime:0.002000s ]
INFO: [ app_begin ] --END-- [ RunTime:0.004000s ]
NOTIC: [8] Undefined index: expire D:\phpstudy\WWW\dcyd\ThinkPHP\Common\functions.php Á¨¨ 549 Ë°å.
SQL: SHOW COLUMNS FROM `dcyd_article` [ RunTime:0.010001s ]
SQL: SELECT `id`,`title`,`keywords`,`lanmu`,`laiyuan`,`content`,`auth`,`describe`,`time`,`status` FROM `dcyd_article` WHERE ( lanmu=1 && status=2 )  [ RunTime:0.001000s ]
SQL: SELECT `id`,`title`,`keywords`,`lanmu`,`laiyuan`,`content`,`auth`,`describe`,`time`,`status` FROM `dcyd_article` WHERE ( lanmu=2 && status=2 )  [ RunTime:0.001000s ]
SQL: SELECT `id`,`title`,`keywords`,`lanmu`,`laiyuan`,`content`,`auth`,`describe`,`time`,`status` FROM `dcyd_article` WHERE ( lanmu=3 && status=2 )  [ RunTime:0.000000s ]
SQL: SELECT `id`,`title`,`keywords`,`lanmu`,`laiyuan`,`content`,`auth`,`describe`,`time`,`status` FROM `dcyd_article` WHERE ( lanmu=4 && status=2 )  [ RunTime:0.000000s ]
SQL: SHOW COLUMNS FROM `dcyd_view` [ RunTime:0.008000s ]
SQL: SELECT `id`,`kname`,`name`,`url`,`title`,`money`,`introduce`,`chapternum`,`kctitle`,`img` FROM `dcyd_view` WHERE ( kname = 'Á≥ªÂàó‰∏ìÈ¢ò' ) GROUP BY kctitle LIMIT 3   [ RunTime:0.008000s ]
SQL: SELECT `id`,`kname`,`name`,`url`,`title`,`money`,`introduce`,`chapternum`,`kctitle`,`img` FROM `dcyd_view` WHERE ( kname = '‰∏ìÂÆ∂Á≤æÈÄâ' ) GROUP BY kctitle LIMIT 3   [ RunTime:0.008001s ]
SQL: SHOW COLUMNS FROM `dcyd_xxkc` [ RunTime:0.008000s ]
SQL: SELECT `id`,`title`,`laiyuan`,`content`,`auth`,`describe`,`time`,`status`,`img` FROM `dcyd_xxkc`  [ RunTime:0.001000s ]
SQL: SHOW COLUMNS FROM `dcyd_teacher` [ RunTime:0.008001s ]
SQL: SELECT `id`,`name`,`timg`,`explain` FROM `dcyd_teacher`  [ RunTime:0.000000s ]
INFO: [ view_parse ] --START--
NOTIC: [8] Undefined index: admins D:\phpstudy\WWW\dcyd\App\Runtime\Cache\a43ee091293c08b425f9e73d2888eec8.php Á¨¨ 38 Ë°å.
NOTIC: [8] Undefined index: id D:\phpstudy\WWW\dcyd\App\Runtime\Cache\a43ee091293c08b425f9e73d2888eec8.php Á¨¨ 241 Ë°å.
NOTIC: [8] Undefined index: id D:\phpstudy\WWW\dcyd\App\Runtime\Cache\a43ee091293c08b425f9e73d2888eec8.php Á¨¨ 241 Ë°å.
NOTIC: [8] Undefined index: id D:\phpstudy\WWW\dcyd\App\Runtime\Cache\a43ee091293c08b425f9e73d2888eec8.php Á¨¨ 241 Ë°å.
NOTIC: [8] Undefined index: id D:\phpstudy\WWW\dcyd\App\Runtime\Cache\a43ee091293c08b425f9e73d2888eec8.php Á¨¨ 241 Ë°å.
NOTIC: [8] Undefined index: id D:\phpstudy\WWW\dcyd\App\Runtime\Cache\a43ee091293c08b425f9e73d2888eec8.php Á¨¨ 241 Ë°å.
INFO: ParseTemplate Behavior ::run [ RunTime:0.184011s ]
INFO: [ view_parse ] --END-- [ RunTime:0.185011s ]
INFO: [ view_filter ] --START--
INFO: ContentReplace Behavior ::run [ RunTime:0.002000s ]
INFO: TokenBuild Behavior ::run [ RunTime:0.002000s ]
INFO: WriteHtmlCache Behavior ::run [ RunTime:0.001000s ]
INFO: ShowRuntime Behavior ::run [ RunTime:0.002000s ]
INFO: [ view_filter ] --END-- [ RunTime:0.009000s ]
INFO: [ view_end ] --START--
INFO: ShowPageTrace Behavior ::run [ RunTime:0.004000s ]
INFO: [ view_end ] --END-- [ RunTime:0.008001s ]

[ 2017-03-15T17:51:04+08:00 ] 127.0.0.1 /index.php/Index/about.html
INFO: [ route_check ] --START--
INFO: CheckRoute Behavior ::run [ RunTime:0.004000s ]
INFO: [ route_check ] --END-- [ RunTime:0.005000s ]
INFO: [ app_begin ] --START--
INFO: ReadHtmlCache Behavior ::run [ RunTime:0.001000s ]
INFO: [ app_begin ] --END-- [ RunTime:0.003000s ]
NOTIC: [8] Undefined index: expire D:\phpstudy\WWW\dcyd\ThinkPHP\Common\functions.php Á¨¨ 549 Ë°å.
NOTIC: [8] Constant THEME_NAME already defined D:\phpstudy\WWW\dcyd\ThinkPHP\Lib\Core\View.class.php Á¨¨ 223 Ë°å.
NOTIC: [8] Constant THEME_PATH already defined D:\phpstudy\WWW\dcyd\ThinkPHP\Lib\Core\View.class.php Á¨¨ 174 Ë°å.
NOTIC: [8] Constant APP_TMPL_PATH already defined D:\phpstudy\WWW\dcyd\ThinkPHP\Lib\Core\View.class.php Á¨¨ 175 Ë°å.
INFO: [ view_parse ] --START--
INFO: ParseTemplate Behavior ::run [ RunTime:0.033002s ]
INFO: [ view_parse ] --END-- [ RunTime:0.033002s ]
INFO: [ view_filter ] --START--
INFO: ContentReplace Behavior ::run [ RunTime:0.002000s ]
INFO: TokenBuild Behavior ::run [ RunTime:0.002001s ]
INFO: WriteHtmlCache Behavior ::run [ RunTime:0.001000s ]
INFO: ShowRuntime Behavior ::run [ RunTime:0.002000s ]
INFO: [ view_filter ] --END-- [ RunTime:0.008001s ]
INFO: [ view_end ] --START--
INFO: ShowPageTrace Behavior ::run [ RunTime:0.003000s ]
INFO: [ view_end ] --END-- [ RunTime:0.005000s ]

[ 2017-03-15T18:00:00+08:00 ] 127.0.0.1 /index.php/Index/kce.html
INFO: [ route_check ] --START--
INFO: CheckRoute Behavior ::run [ RunTime:0.004000s ]
INFO: [ route_check ] --END-- [ RunTime:0.006000s ]
INFO: [ app_begin ] --START--
INFO: ReadHtmlCache Behavior ::run [ RunTime:0.002000s ]
INFO: [ app_begin ] --END-- [ RunTime:0.003000s ]
NOTIC: [8] Undefined index: expire D:\phpstudy\WWW\dcyd\ThinkPHP\Common\functions.php Á¨¨ 549 Ë°å.
SQL: SHOW COLUMNS FROM `dcyd_view` [ RunTime:0.008001s ]
SQL: SELECT `id`,`kname`,`name`,`title`,`img`,`kctitle` FROM `dcyd_view`  [ RunTime:0.000000s ]
SQL: SELECT `id`,`kname`,`name`,`url`,`title`,`money`,`introduce`,`chapternum`,`kctitle`,`img` FROM `dcyd_view` WHERE ( kname = 'Á≥ªÂàó‰∏ìÈ¢ò' )  [ RunTime:0.001000s ]
SQL: SELECT `id`,`kname`,`name`,`url`,`title`,`money`,`introduce`,`chapternum`,`kctitle`,`img` FROM `dcyd_view` WHERE ( kname = '‰∏ìÂÆ∂Á≤æÈÄâ' )  [ RunTime:0.000000s ]
INFO: [ view_parse ] --START--
INFO: ParseTemplate Behavior ::run [ RunTime:0.076004s ]
INFO: [ view_parse ] --END-- [ RunTime:0.076004s ]
INFO: [ view_filter ] --START--
INFO: ContentReplace Behavior ::run [ RunTime:0.003000s ]
INFO: TokenBuild Behavior ::run [ RunTime:0.001000s ]
INFO: WriteHtmlCache Behavior ::run [ RunTime:0.001001s ]
INFO: ShowRuntime Behavior ::run [ RunTime:0.002000s ]
INFO: [ view_filter ] --END-- [ RunTime:0.010001s ]
INFO: [ view_end ] --START--
INFO: ShowPageTrace Behavior ::run [ RunTime:0.002000s ]
INFO: [ view_end ] --END-- [ RunTime:0.004000s ]

[ 2017-03-15T19:15:19+08:00 ] 127.0.0.1 /index.php/Index/visual.html?id=3&kname=%E4%B8%93%E5%AE%B6%E7%B2%BE%E9%80%89&name=%E5%88%98%E5%9B%BD%E4%B8%9C&kctitle=%E5%A4%A7%E5%88%AB%E5%A2%85%E4%B9%B0%E8%B5%B7%E6%9D%A5&title=%E5%BC%80%E8%B7%91%E8%BD%A611sad%E5%AD%A6%E4%B9%A0%E5%9E%8B
INFO: [ route_check ] --START--
INFO: CheckRoute Behavior ::run [ RunTime:0.004000s ]
INFO: [ route_check ] --END-- [ RunTime:0.005000s ]
INFO: [ app_begin ] --START--
INFO: ReadHtmlCache Behavior ::run [ RunTime:0.002000s ]
INFO: [ app_begin ] --END-- [ RunTime:0.002000s ]
NOTIC: [8] Undefined index: expire D:\phpstudy\WWW\dcyd\ThinkPHP\Common\functions.php Á¨¨ 549 Ë°å.
SQL: SHOW COLUMNS FROM `dcyd_view` [ RunTime:0.008001s ]
SQL: SELECT `id`,`kname`,`name`,`url`,`title`,`money`,`introduce`,`chapternum`,`kctitle`,`img` FROM `dcyd_view` WHERE (  name = "ÂàòÂõΩ‰∏ú " and kname = "‰∏ìÂÆ∂Á≤æÈÄâ" and id =  3 ) LIMIT 1   [ RunTime:0.000000s ]
SQL: SELECT `id`,`kname`,`name`,`url`,`title`,`money`,`introduce`,`chapternum`,`kctitle`,`img` FROM `dcyd_view` WHERE ( name='ÂàòÂõΩ‰∏ú' and kname='‰∏ìÂÆ∂Á≤æÈÄâ' and kctitle='Â§ßÂà´Â¢Ö‰π∞Ëµ∑Êù•' )  [ RunTime:0.001000s ]
SQL: SELECT `name` FROM `dcyd_view` WHERE ( id = 3 ) LIMIT 1   [ RunTime:0.001000s ]
SQL: SHOW COLUMNS FROM `dcyd_teacher` [ RunTime:0.007000s ]
SQL: SELECT `name`,`timg`,`explain` FROM `dcyd_teacher` WHERE ( name='ÂàòÂõΩ‰∏ú' ) LIMIT 1   [ RunTime:0.001000s ]
INFO: [ view_parse ] --START--
INFO: ParseTemplate Behavior ::run [ RunTime:0.063003s ]
INFO: [ view_parse ] --END-- [ RunTime:0.064003s ]
INFO: [ view_filter ] --START--
INFO: ContentReplace Behavior ::run [ RunTime:0.001000s ]
INFO: TokenBuild Behavior ::run [ RunTime:0.001000s ]
INFO: WriteHtmlCache Behavior ::run [ RunTime:0.001000s ]
INFO: ShowRuntime Behavior ::run [ RunTime:0.002000s ]
INFO: [ view_filter ] --END-- [ RunTime:0.009001s ]
INFO: [ view_end ] --START--
INFO: ShowPageTrace Behavior ::run [ RunTime:0.002000s ]
INFO: [ view_end ] --END-- [ RunTime:0.004000s ]

[ 2017-03-15T19:15:47+08:00 ] 127.0.0.1 /index.php/Index/visual.html?id=1&kname=%E7%B3%BB%E5%88%97%E6%A0%87%E9%A2%98&name=%E5%88%98%E5%9B%BD%E4%B8%9C&kctitle=%E5%A4%A7%E5%88%AB%E5%A2%85%E4%B9%B0%E8%B5%B7%E6%9D%A5&title=%E4%BD%8F%E5%88%AB%E5%A2%8511%E6%94%BE%E5%88%B0%E7%9A%84
INFO: [ route_check ] --START--
INFO: CheckRoute Behavior ::run [ RunTime:0.004001s ]
INFO: [ route_check ] --END-- [ RunTime:0.006001s ]
INFO: [ app_begin ] --START--
INFO: ReadHtmlCache Behavior ::run [ RunTime:0.003000s ]
INFO: [ app_begin ] --END-- [ RunTime:0.003000s ]
NOTIC: [8] Undefined index: expire D:\phpstudy\WWW\dcyd\ThinkPHP\Common\functions.php Á¨¨ 549 Ë°å.
SQL: SHOW COLUMNS FROM `dcyd_view` [ RunTime:0.007000s ]
SQL: SELECT `id`,`kname`,`name`,`url`,`title`,`money`,`introduce`,`chapternum`,`kctitle`,`img` FROM `dcyd_view` WHERE (  name = "ÂàòÂõΩ‰∏ú " and kname = "Á≥ªÂàóÊ†áÈ¢ò" and id =  1 ) LIMIT 1   [ RunTime:0.001000s ]
SQL: SELECT `id`,`kname`,`name`,`url`,`title`,`money`,`introduce`,`chapternum`,`kctitle`,`img` FROM `dcyd_view` WHERE ( name='ÂàòÂõΩ‰∏ú' and kname='Á≥ªÂàóÊ†áÈ¢ò' and kctitle='Â§ßÂà´Â¢Ö‰π∞Ëµ∑Êù•' )  [ RunTime:0.001000s ]
SQL: SELECT `name` FROM `dcyd_view` WHERE ( id = 1 ) LIMIT 1   [ RunTime:0.000000s ]
SQL: SHOW COLUMNS FROM `dcyd_teacher` [ RunTime:0.007001s ]
SQL: SELECT `name`,`timg`,`explain` FROM `dcyd_teacher` WHERE ( name='ÂàòÂõΩ‰∏ú' ) LIMIT 1   [ RunTime:0.001000s ]
INFO: [ view_parse ] --START--
INFO: ParseTemplate Behavior ::run [ RunTime:0.062004s ]
INFO: [ view_parse ] --END-- [ RunTime:0.064004s ]
INFO: [ view_filter ] --START--
INFO: ContentReplace Behavior ::run [ RunTime:0.001000s ]
INFO: TokenBuild Behavior ::run [ RunTime:0.002000s ]
INFO: WriteHtmlCache Behavior ::run [ RunTime:0.001000s ]
INFO: ShowRuntime Behavior ::run [ RunTime:0.002000s ]
INFO: [ view_filter ] --END-- [ RunTime:0.010000s ]
INFO: [ view_end ] --START--
INFO: ShowPageTrace Behavior ::run [ RunTime:0.002000s ]
INFO: [ view_end ] --END-- [ RunTime:0.003000s ]

[ 2017-03-15T19:16:00+08:00 ] 127.0.0.1 /index.php/Index/visual.html?id=3&kname=%E4%B8%93%E5%AE%B6%E7%B2%BE%E9%80%89&name=%E5%88%98%E5%9B%BD%E4%B8%9C&kctitle=%E5%A4%A7%E5%88%AB%E5%A2%85%E4%B9%B0%E8%B5%B7%E6%9D%A5&title=%E5%BC%80%E8%B7%91%E8%BD%A611sad%E5%AD%A6%E4%B9%A0%E5%9E%8B
INFO: [ route_check ] --START--
INFO: CheckRoute Behavior ::run [ RunTime:0.005000s ]
INFO: [ route_check ] --END-- [ RunTime:0.007000s ]
INFO: [ app_begin ] --START--
INFO: ReadHtmlCache Behavior ::run [ RunTime:0.003000s ]
INFO: [ app_begin ] --END-- [ RunTime:0.005000s ]
NOTIC: [8] Undefined index: expire D:\phpstudy\WWW\dcyd\ThinkPHP\Common\functions.php Á¨¨ 549 Ë°å.
SQL: SHOW COLUMNS FROM `dcyd_view` [ RunTime:0.008000s ]
SQL: SELECT `id`,`kname`,`name`,`url`,`title`,`money`,`introduce`,`chapternum`,`kctitle`,`img` FROM `dcyd_view` WHERE (  name = "ÂàòÂõΩ‰∏ú " and kname = "‰∏ìÂÆ∂Á≤æÈÄâ" and id =  3 ) LIMIT 1   [ RunTime:0.001000s ]
SQL: SELECT `id`,`kname`,`name`,`url`,`title`,`money`,`introduce`,`chapternum`,`kctitle`,`img` FROM `dcyd_view` WHERE ( name='ÂàòÂõΩ‰∏ú' and kname='‰∏ìÂÆ∂Á≤æÈÄâ' and kctitle='Â§ßÂà´Â¢Ö‰π∞Ëµ∑Êù•' )  [ RunTime:0.000000s ]
SQL: SELECT `name` FROM `dcyd_view` WHERE ( id = 3 ) LIMIT 1   [ RunTime:0.001000s ]
SQL: SHOW COLUMNS FROM `dcyd_teacher` [ RunTime:0.008001s ]
SQL: SELECT `name`,`timg`,`explain` FROM `dcyd_teacher` WHERE ( name='ÂàòÂõΩ‰∏ú' ) LIMIT 1   [ RunTime:0.000000s ]
INFO: [ view_parse ] --START--
INFO: ParseTemplate Behavior ::run [ RunTime:0.063003s ]
INFO: [ view_parse ] --END-- [ RunTime:0.065004s ]
INFO: [ view_filter ] --START--
INFO: ContentReplace Behavior ::run [ RunTime:0.001000s ]
INFO: TokenBuild Behavior ::run [ RunTime:0.002000s ]
INFO: WriteHtmlCache Behavior ::run [ RunTime:0.001000s ]
INFO: ShowRuntime Behavior ::run [ RunTime:0.002000s ]
INFO: [ view_filter ] --END-- [ RunTime:0.010000s ]
INFO: [ view_end ] --START--
INFO: ShowPageTrace Behavior ::run [ RunTime:0.005001s ]
INFO: [ view_end ] --END-- [ RunTime:0.006001s ]

[ 2017-03-15T19:16:03+08:00 ] 127.0.0.1 /index.php/Index/visual.html?id=2&kname=%E4%B8%93%E5%AE%B6%E7%B2%BE%E9%80%89&name=%E5%90%95%E5%AE%9A%E6%9D%B0&kctitle=%E5%A4%A7%E5%88%AB%E5%A2%85%E4%B9%B0%E8%B5%B7%E6%9D%A5&title=%E4%BD%8F%E5%88%AB%E5%A2%85222%E5%95%A5%E9%83%BD%E5%B0%8F%E5%90%83%E5%B0%8F%E5%90%83
INFO: [ route_check ] --START--
INFO: CheckRoute Behavior ::run [ RunTime:0.003000s ]
INFO: [ route_check ] --END-- [ RunTime:0.004000s ]
INFO: [ app_begin ] --START--
INFO: ReadHtmlCache Behavior ::run [ RunTime:0.002001s ]
INFO: [ app_begin ] --END-- [ RunTime:0.003001s ]
NOTIC: [8] Undefined index: expire D:\phpstudy\WWW\dcyd\ThinkPHP\Common\functions.php Á¨¨ 549 Ë°å.
SQL: SHOW COLUMNS FROM `dcyd_view` [ RunTime:0.008001s ]
SQL: SELECT `id`,`kname`,`name`,`url`,`title`,`money`,`introduce`,`chapternum`,`kctitle`,`img` FROM `dcyd_view` WHERE (  name = "ÂêïÂÆöÊù∞ " and kname = "‰∏ìÂÆ∂Á≤æÈÄâ" and id =  2 ) LIMIT 1   [ RunTime:0.001000s ]
SQL: SELECT `id`,`kname`,`name`,`url`,`title`,`money`,`introduce`,`chapternum`,`kctitle`,`img` FROM `dcyd_view` WHERE ( name='ÂêïÂÆöÊù∞' and kname='‰∏ìÂÆ∂Á≤æÈÄâ' and kctitle='Â§ßÂà´Â¢Ö‰π∞Ëµ∑Êù•' )  [ RunTime:0.001001s ]
SQL: SELECT `name` FROM `dcyd_view` WHERE ( id = 2 ) LIMIT 1   [ RunTime:0.001000s ]
SQL: SHOW COLUMNS FROM `dcyd_teacher` [ RunTime:0.008000s ]
SQL: SELECT `name`,`timg`,`explain` FROM `dcyd_teacher` WHERE ( name='ÂêïÂÆöÊù∞' ) LIMIT 1   [ RunTime:0.000000s ]
INFO: [ view_parse ] --START--
INFO: ParseTemplate Behavior ::run [ RunTime:0.063003s ]
INFO: [ view_parse ] --END-- [ RunTime:0.063003s ]
INFO: [ view_filter ] --START--
INFO: ContentReplace Behavior ::run [ RunTime:0.002000s ]
INFO: TokenBuild Behavior ::run [ RunTime:0.002000s ]
INFO: WriteHtmlCache Behavior ::run [ RunTime:0.000000s ]
INFO: ShowRuntime Behavior ::run [ RunTime:0.002000s ]
INFO: [ view_filter ] --END-- [ RunTime:0.008001s ]
INFO: [ view_end ] --START--
INFO: ShowPageTrace Behavior ::run [ RunTime:0.005000s ]
INFO: [ view_end ] --END-- [ RunTime:0.006000s ]

[ 2017-03-15T19:16:08+08:00 ] 127.0.0.1 /index.php/Index/visual.html?id=1&kname=%E7%B3%BB%E5%88%97%E6%A0%87%E9%A2%98&name=%E5%88%98%E5%9B%BD%E4%B8%9C&kctitle=%E5%A4%A7%E5%88%AB%E5%A2%85%E4%B9%B0%E8%B5%B7%E6%9D%A5&title=%E4%BD%8F%E5%88%AB%E5%A2%8511%E6%94%BE%E5%88%B0%E7%9A%84
INFO: [ route_check ] --START--
INFO: CheckRoute Behavior ::run [ RunTime:0.003000s ]
INFO: [ route_check ] --END-- [ RunTime:0.004000s ]
INFO: [ app_begin ] --START--
INFO: ReadHtmlCache Behavior ::run [ RunTime:0.002000s ]
INFO: [ app_begin ] --END-- [ RunTime:0.003000s ]
NOTIC: [8] Undefined index: expire D:\phpstudy\WWW\dcyd\ThinkPHP\Common\functions.php Á¨¨ 549 Ë°å.
SQL: SHOW COLUMNS FROM `dcyd_view` [ RunTime:0.008001s ]
SQL: SELECT `id`,`kname`,`name`,`url`,`title`,`money`,`introduce`,`chapternum`,`kctitle`,`img` FROM `dcyd_view` WHERE (  name = "ÂàòÂõΩ‰∏ú " and kname = "Á≥ªÂàóÊ†áÈ¢ò" and id =  1 ) LIMIT 1   [ RunTime:0.001000s ]
SQL: SELECT `id`,`kname`,`name`,`url`,`title`,`money`,`introduce`,`chapternum`,`kctitle`,`img` FROM `dcyd_view` WHERE ( name='ÂàòÂõΩ‰∏ú' and kname='Á≥ªÂàóÊ†áÈ¢ò' and kctitle='Â§ßÂà´Â¢Ö‰π∞Ëµ∑Êù•' )  [ RunTime:0.000000s ]
SQL: SELECT `name` FROM `dcyd_view` WHERE ( id = 1 ) LIMIT 1   [ RunTime:0.001000s ]
SQL: SHOW COLUMNS FROM `dcyd_teacher` [ RunTime:0.008001s ]
SQL: SELECT `name`,`timg`,`explain` FROM `dcyd_teacher` WHERE ( name='ÂàòÂõΩ‰∏ú' ) LIMIT 1   [ RunTime:0.000000s ]
INFO: [ view_parse ] --START--
INFO: ParseTemplate Behavior ::run [ RunTime:0.066004s ]
INFO: [ view_parse ] --END-- [ RunTime:0.067004s ]
INFO: [ view_filter ] --START--
INFO: ContentReplace Behavior ::run [ RunTime:0.003000s ]
INFO: TokenBuild Behavior ::run [ RunTime:0.002000s ]
INFO: WriteHtmlCache Behavior ::run [ RunTime:0.001000s ]
INFO: ShowRuntime Behavior ::run [ RunTime:0.002000s ]
INFO: [ view_filter ] --END-- [ RunTime:0.010001s ]
INFO: [ view_end ] --START--
INFO: ShowPageTrace Behavior ::run [ RunTime:0.003000s ]
INFO: [ view_end ] --END-- [ RunTime:0.006000s ]

[ 2017-03-15T19:16:24+08:00 ] 127.0.0.1 /index.php/Index/visual.html?id=1&kname=%E7%B3%BB%E5%88%97%E6%A0%87%E9%A2%98&name=%E5%88%98%E5%9B%BD%E4%B8%9C&kctitle=%E5%A4%A7%E5%88%AB%E5%A2%85%E4%B9%B0%E8%B5%B7%E6%9D%A5&title=%E4%BD%8F%E5%88%AB%E5%A2%8511%E6%94%BE%E5%88%B0%E7%9A%84
INFO: [ route_check ] --START--
INFO: CheckRoute Behavior ::run [ RunTime:0.005000s ]
INFO: [ route_check ] --END-- [ RunTime:0.006000s ]
INFO: [ app_begin ] --START--
INFO: ReadHtmlCache Behavior ::run [ RunTime:0.002000s ]
INFO: [ app_begin ] --END-- [ RunTime:0.002000s ]
NOTIC: [8] Undefined index: expire D:\phpstudy\WWW\dcyd\ThinkPHP\Common\functions.php Á¨¨ 549 Ë°å.
SQL: SHOW COLUMNS FROM `dcyd_view` [ RunTime:0.008001s ]
SQL: SELECT `id`,`kname`,`name`,`url`,`title`,`money`,`introduce`,`chapternum`,`kctitle`,`img` FROM `dcyd_view` WHERE (  name = "ÂàòÂõΩ‰∏ú " and kname = "Á≥ªÂàóÊ†áÈ¢ò" and id =  1 ) LIMIT 1   [ RunTime:0.001000s ]
SQL: SELECT `id`,`kname`,`name`,`url`,`title`,`money`,`introduce`,`chapternum`,`kctitle`,`img` FROM `dcyd_view` WHERE ( name='ÂàòÂõΩ‰∏ú' and kname='Á≥ªÂàóÊ†áÈ¢ò' and kctitle='Â§ßÂà´Â¢Ö‰π∞Ëµ∑Êù•' )  [ RunTime:0.001000s ]
SQL: SELECT `name` FROM `dcyd_view` WHERE ( id = 1 ) LIMIT 1   [ RunTime:0.000000s ]
SQL: SHOW COLUMNS FROM `dcyd_teacher` [ RunTime:0.007001s ]
SQL: SELECT `name`,`timg`,`explain` FROM `dcyd_teacher` WHERE ( name='ÂàòÂõΩ‰∏ú' ) LIMIT 1   [ RunTime:0.000000s ]
INFO: [ view_parse ] --START--
INFO: ParseTemplate Behavior ::run [ RunTime:0.063004s ]
INFO: [ view_parse ] --END-- [ RunTime:0.064004s ]
INFO: [ view_filter ] --START--
INFO: ContentReplace Behavior ::run [ RunTime:0.002000s ]
INFO: TokenBuild Behavior ::run [ RunTime:0.002000s ]
INFO: WriteHtmlCache Behavior ::run [ RunTime:0.001000s ]
INFO: ShowRuntime Behavior ::run [ RunTime:0.002000s ]
INFO: [ view_filter ] --END-- [ RunTime:0.009000s ]
INFO: [ view_end ] --START--
INFO: ShowPageTrace Behavior ::run [ RunTime:0.006000s ]
INFO: [ view_end ] --END-- [ RunTime:0.008000s ]

[ 2017-03-15T19:16:31+08:00 ] 127.0.0.1 /index.php/Index/visual.html?id=1&kname=%E7%B3%BB%E5%88%97%E6%A0%87%E9%A2%98&name=%E5%88%98%E5%9B%BD%E4%B8%9C&kctitle=%E5%A4%A7%E5%88%AB%E5%A2%85%E4%B9%B0%E8%B5%B7%E6%9D%A5&title=%E4%BD%8F%E5%88%AB%E5%A2%8511%E6%94%BE%E5%88%B0%E7%9A%84
INFO: [ route_check ] --START--
INFO: CheckRoute Behavior ::run [ RunTime:0.003000s ]
INFO: [ route_check ] --END-- [ RunTime:0.004000s ]
INFO: [ app_begin ] --START--
INFO: ReadHtmlCache Behavior ::run [ RunTime:0.002001s ]
INFO: [ app_begin ] --END-- [ RunTime:0.003001s ]
NOTIC: [8] Undefined index: expire D:\phpstudy\WWW\dcyd\ThinkPHP\Common\functions.php Á¨¨ 549 Ë°å.
SQL: SHOW COLUMNS FROM `dcyd_view` [ RunTime:0.008000s ]
SQL: SELECT `id`,`kname`,`name`,`url`,`title`,`money`,`introduce`,`chapternum`,`kctitle`,`img` FROM `dcyd_view` WHERE (  name = "ÂàòÂõΩ‰∏ú " and kname = "Á≥ªÂàóÊ†áÈ¢ò" and id =  1 ) LIMIT 1   [ RunTime:0.001001s ]
SQL: SELECT `id`,`kname`,`name`,`url`,`title`,`money`,`introduce`,`chapternum`,`kctitle`,`img` FROM `dcyd_view` WHERE ( name='ÂàòÂõΩ‰∏ú' and kname='Á≥ªÂàóÊ†áÈ¢ò' and kctitle='Â§ßÂà´Â¢Ö‰π∞Ëµ∑Êù•' )  [ RunTime:0.000000s ]
SQL: SELECT `name` FROM `dcyd_view` WHERE ( id = 1 ) LIMIT 1   [ RunTime:0.001000s ]
SQL: SHOW COLUMNS FROM `dcyd_teacher` [ RunTime:0.008000s ]
SQL: SELECT `name`,`timg`,`explain` FROM `dcyd_teacher` WHERE ( name='ÂàòÂõΩ‰∏ú' ) LIMIT 1   [ RunTime:0.000000s ]
INFO: [ view_parse ] --START--
INFO: ParseTemplate Behavior ::run [ RunTime:0.064003s ]
INFO: [ view_parse ] --END-- [ RunTime:0.066003s ]
INFO: [ view_filter ] --START--
INFO: ContentReplace Behavior ::run [ RunTime:0.001001s ]
INFO: TokenBuild Behavior ::run [ RunTime:0.001000s ]
INFO: WriteHtmlCache Behavior ::run [ RunTime:0.001000s ]
INFO: ShowRuntime Behavior ::run [ RunTime:0.003000s ]
INFO: [ view_filter ] --END-- [ RunTime:0.010001s ]
INFO: [ view_end ] --START--
INFO: ShowPageTrace Behavior ::run [ RunTime:0.003000s ]
INFO: [ view_end ] --END-- [ RunTime:0.005000s ]

[ 2017-03-15T19:17:12+08:00 ] 127.0.0.1 /index.php/Index/index.html
INFO: [ route_check ] --START--
INFO: CheckRoute Behavior ::run [ RunTime:0.003001s ]
INFO: [ route_check ] --END-- [ RunTime:0.004001s ]
INFO: [ app_begin ] --START--
INFO: ReadHtmlCache Behavior ::run [ RunTime:0.002000s ]
INFO: [ app_begin ] --END-- [ RunTime:0.005000s ]
NOTIC: [8] Undefined index: expire D:\phpstudy\WWW\dcyd\ThinkPHP\Common\functions.php Á¨¨ 549 Ë°å.
SQL: SHOW COLUMNS FROM `dcyd_article` [ RunTime:0.009001s ]
SQL: SELECT `id`,`title`,`keywords`,`lanmu`,`laiyuan`,`content`,`auth`,`describe`,`time`,`status` FROM `dcyd_article` WHERE ( lanmu=1 && status=2 )  [ RunTime:0.001000s ]
SQL: SELECT `id`,`title`,`keywords`,`lanmu`,`laiyuan`,`content`,`auth`,`describe`,`time`,`status` FROM `dcyd_article` WHERE ( lanmu=2 && status=2 )  [ RunTime:0.000000s ]
SQL: SELECT `id`,`title`,`keywords`,`lanmu`,`laiyuan`,`content`,`auth`,`describe`,`time`,`status` FROM `dcyd_article` WHERE ( lanmu=3 && status=2 )  [ RunTime:0.000000s ]
SQL: SELECT `id`,`title`,`keywords`,`lanmu`,`laiyuan`,`content`,`auth`,`describe`,`time`,`status` FROM `dcyd_article` WHERE ( lanmu=4 && status=2 )  [ RunTime:0.000000s ]
SQL: SHOW COLUMNS FROM `dcyd_view` [ RunTime:0.008000s ]
SQL: SELECT `id`,`kname`,`name`,`url`,`title`,`money`,`introduce`,`chapternum`,`kctitle`,`img` FROM `dcyd_view` WHERE ( kname = 'Á≥ªÂàó‰∏ìÈ¢ò' ) GROUP BY kctitle LIMIT 3   [ RunTime:0.007001s ]
SQL: SELECT `id`,`kname`,`name`,`url`,`title`,`money`,`introduce`,`chapternum`,`kctitle`,`img` FROM `dcyd_view` WHERE ( kname = '‰∏ìÂÆ∂Á≤æÈÄâ' ) GROUP BY kctitle LIMIT 3   [ RunTime:0.007000s ]
SQL: SHOW COLUMNS FROM `dcyd_xxkc` [ RunTime:0.009000s ]
SQL: SELECT `id`,`title`,`laiyuan`,`content`,`auth`,`describe`,`time`,`status`,`img` FROM `dcyd_xxkc`  [ RunTime:0.001000s ]
SQL: SHOW COLUMNS FROM `dcyd_teacher` [ RunTime:0.010001s ]
SQL: SELECT `id`,`name`,`timg`,`explain` FROM `dcyd_teacher`  [ RunTime:0.001000s ]
INFO: [ view_parse ] --START--
NOTIC: [8] Undefined index: admins D:\phpstudy\WWW\dcyd\App\Runtime\Cache\a43ee091293c08b425f9e73d2888eec8.php Á¨¨ 38 Ë°å.
NOTIC: [8] Undefined index: id D:\phpstudy\WWW\dcyd\App\Runtime\Cache\a43ee091293c08b425f9e73d2888eec8.php Á¨¨ 241 Ë°å.
NOTIC: [8] Undefined index: id D:\phpstudy\WWW\dcyd\App\Runtime\Cache\a43ee091293c08b425f9e73d2888eec8.php Á¨¨ 241 Ë°å.
NOTIC: [8] Undefined index: id D:\phpstudy\WWW\dcyd\App\Runtime\Cache\a43ee091293c08b425f9e73d2888eec8.php Á¨¨ 241 Ë°å.
NOTIC: [8] Undefined index: id D:\phpstudy\WWW\dcyd\App\Runtime\Cache\a43ee091293c08b425f9e73d2888eec8.php Á¨¨ 241 Ë°å.
NOTIC: [8] Undefined index: id D:\phpstudy\WWW\dcyd\App\Runtime\Cache\a43ee091293c08b425f9e73d2888eec8.php Á¨¨ 241 Ë°å.
INFO: ParseTemplate Behavior ::run [ RunTime:0.183011s ]
INFO: [ view_parse ] --END-- [ RunTime:0.184011s ]
INFO: [ view_filter ] --START--
INFO: ContentReplace Behavior ::run [ RunTime:0.002000s ]
INFO: TokenBuild Behavior ::run [ RunTime:0.002000s ]
INFO: WriteHtmlCache Behavior ::run [ RunTime:0.001000s ]
INFO: ShowRuntime Behavior ::run [ RunTime:0.002000s ]
INFO: [ view_filter ] --END-- [ RunTime:0.010000s ]
INFO: [ view_end ] --START--
INFO: ShowPageTrace Behavior ::run [ RunTime:0.003000s ]
INFO: [ view_end ] --END-- [ RunTime:0.005001s ]

