[ 2017-04-21T09:32:55+08:00 ] 127.0.0.1 /
INFO: [ app_begin ] --START--
INFO: ReadHtmlCache Behavior ::run [ RunTime:0.003000s ]
INFO: [ app_begin ] --END-- [ RunTime:0.005000s ]
NOTIC: [8] Undefined index: expire D:\phpstudy\WWW\dcyd\ThinkPHP\Common\functions.php 第 549 行.
SQL: SHOW COLUMNS FROM `dcyd_article` [ RunTime:0.009001s ]
SQL: SELECT `id`,`title`,`keywords`,`lanmu`,`laiyuan`,`content`,`auth`,`describe`,`time`,`status` FROM `dcyd_article` WHERE ( lanmu=1 && status=2 )  [ RunTime:0.002000s ]
SQL: SELECT `id`,`title`,`keywords`,`lanmu`,`laiyuan`,`content`,`auth`,`describe`,`time`,`status` FROM `dcyd_article` WHERE ( lanmu=2 && status=2 )  [ RunTime:0.001000s ]
SQL: SELECT `id`,`title`,`keywords`,`lanmu`,`laiyuan`,`content`,`auth`,`describe`,`time`,`status` FROM `dcyd_article` WHERE ( lanmu=3 && status=2 )  [ RunTime:0.000000s ]
SQL: SELECT `id`,`title`,`keywords`,`lanmu`,`laiyuan`,`content`,`auth`,`describe`,`time`,`status` FROM `dcyd_article` WHERE ( lanmu=4 && status=2 )  [ RunTime:0.000000s ]
SQL: SHOW COLUMNS FROM `dcyd_view` [ RunTime:0.005000s ]
SQL: SELECT `id`,`kname`,`name`,`url`,`title`,`money`,`introduce`,`chapternum`,`kctitle`,`img` FROM `dcyd_view` WHERE ( kname = '系列专题' ) GROUP BY kctitle LIMIT 3   [ RunTime:0.003000s ]
SQL: SELECT `id`,`kname`,`name`,`url`,`title`,`money`,`introduce`,`chapternum`,`kctitle`,`img` FROM `dcyd_view` WHERE ( kname = '专家精选' ) GROUP BY kctitle LIMIT 3   [ RunTime:0.004000s ]
SQL: SHOW COLUMNS FROM `dcyd_open_course_type` [ RunTime:0.006000s ]
SQL: SELECT `id`,`tname`,`cost`,`days`,`img` FROM `dcyd_open_course_type`  [ RunTime:0.001000s ]
SQL: SHOW COLUMNS FROM `dcyd_teacher` [ RunTime:0.006001s ]
SQL: SELECT `id`,`name`,`timg`,`explain` FROM `dcyd_teacher`  [ RunTime:0.001000s ]
SQL: SHOW COLUMNS FROM `dcyd_question_type` [ RunTime:0.005000s ]
SQL: SELECT `id`,`name` FROM `dcyd_question_type`  [ RunTime:0.000000s ]
INFO: [ view_parse ] --START--
NOTIC: [8] Undefined index: admins D:\phpstudy\WWW\dcyd\App\Runtime\Cache\a43ee091293c08b425f9e73d2888eec8.php 第 108 行.
NOTIC: [8] Undefined index: id D:\phpstudy\WWW\dcyd\App\Runtime\Cache\a43ee091293c08b425f9e73d2888eec8.php 第 490 行.
NOTIC: [8] Undefined index: id D:\phpstudy\WWW\dcyd\App\Runtime\Cache\a43ee091293c08b425f9e73d2888eec8.php 第 490 行.
NOTIC: [8] Undefined index: id D:\phpstudy\WWW\dcyd\App\Runtime\Cache\a43ee091293c08b425f9e73d2888eec8.php 第 490 行.
NOTIC: [8] Undefined index: id D:\phpstudy\WWW\dcyd\App\Runtime\Cache\a43ee091293c08b425f9e73d2888eec8.php 第 490 行.
NOTIC: [8] Undefined index: id D:\phpstudy\WWW\dcyd\App\Runtime\Cache\a43ee091293c08b425f9e73d2888eec8.php 第 490 行.
NOTIC: [8] Undefined index: id D:\phpstudy\WWW\dcyd\App\Runtime\Cache\a43ee091293c08b425f9e73d2888eec8.php 第 490 行.
NOTIC: [8] Undefined index: id D:\phpstudy\WWW\dcyd\App\Runtime\Cache\a43ee091293c08b425f9e73d2888eec8.php 第 490 行.
NOTIC: [8] Undefined index: id D:\phpstudy\WWW\dcyd\App\Runtime\Cache\a43ee091293c08b425f9e73d2888eec8.php 第 490 行.
NOTIC: [8] Undefined index: id D:\phpstudy\WWW\dcyd\App\Runtime\Cache\a43ee091293c08b425f9e73d2888eec8.php 第 490 行.
INFO: ParseTemplate Behavior ::run [ RunTime:0.234013s ]
INFO: [ view_parse ] --END-- [ RunTime:0.234013s ]
INFO: [ view_filter ] --START--
INFO: ContentReplace Behavior ::run [ RunTime:0.002000s ]
INFO: TokenBuild Behavior ::run [ RunTime:0.002000s ]
INFO: WriteHtmlCache Behavior ::run [ RunTime:0.001000s ]
INFO: ShowRuntime Behavior ::run [ RunTime:0.002000s ]
INFO: [ view_filter ] --END-- [ RunTime:0.009001s ]
INFO: [ view_end ] --START--
INFO: ShowPageTrace Behavior ::run [ RunTime:0.002000s ]
INFO: [ view_end ] --END-- [ RunTime:0.026001s ]

[ 2017-04-21T09:48:46+08:00 ] 127.0.0.1 /index.php/Login/loginPage.html
INFO: [ route_check ] --START--
INFO: CheckRoute Behavior ::run [ RunTime:0.005000s ]
INFO: [ route_check ] --END-- [ RunTime:0.006000s ]
INFO: [ app_begin ] --START--
INFO: ReadHtmlCache Behavior ::run [ RunTime:0.002000s ]
INFO: [ app_begin ] --END-- [ RunTime:0.004000s ]
NOTIC: [8] Undefined index: expire D:\phpstudy\WWW\dcyd\ThinkPHP\Common\functions.php 第 549 行.
INFO: [ view_parse ] --START--
INFO: ParseTemplate Behavior ::run [ RunTime:0.023001s ]
INFO: [ view_parse ] --END-- [ RunTime:0.024001s ]
INFO: [ view_filter ] --START--
INFO: ContentReplace Behavior ::run [ RunTime:0.003000s ]
INFO: TokenBuild Behavior ::run [ RunTime:0.004001s ]
INFO: WriteHtmlCache Behavior ::run [ RunTime:0.002000s ]
INFO: ShowRuntime Behavior ::run [ RunTime:0.002000s ]
INFO: [ view_filter ] --END-- [ RunTime:0.015001s ]
INFO: [ view_end ] --START--
INFO: ShowPageTrace Behavior ::run [ RunTime:0.005000s ]
INFO: [ view_end ] --END-- [ RunTime:0.005000s ]

[ 2017-04-21T09:48:58+08:00 ] 127.0.0.1 /index.php/Login/login.html
INFO: [ route_check ] --START--
INFO: CheckRoute Behavior ::run [ RunTime:0.004001s ]
INFO: [ route_check ] --END-- [ RunTime:0.006001s ]
INFO: [ app_begin ] --START--
INFO: ReadHtmlCache Behavior ::run [ RunTime:0.002000s ]
INFO: [ app_begin ] --END-- [ RunTime:0.002000s ]
NOTIC: [8] Undefined index: expire D:\phpstudy\WWW\dcyd\ThinkPHP\Common\functions.php 第 549 行.
SQL: SHOW COLUMNS FROM `dcyd_user` [ RunTime:0.004001s ]
SQL: SELECT `id`,`Phone`,`password` FROM `dcyd_user` WHERE ( `Phone` = '18911620683' ) AND ( `password` = '26167058b9da61dce0a74931352' ) LIMIT 1   [ RunTime:0.000000s ]
NOTIC: [8] Undefined index: pwd D:\phpstudy\WWW\dcyd\App\Lib\Action\LoginAction.class.php 第 21 行.
SQL: UPDATE `dcyd_user` SET `ltimes`=1492739338,`IPadd`=127 WHERE ( `id` = 3 ) [ RunTime:0.001000s ]

[ 2017-04-21T09:49:01+08:00 ] 127.0.0.1 /index.php/Index/index.html
INFO: [ route_check ] --START--
INFO: CheckRoute Behavior ::run [ RunTime:0.003000s ]
INFO: [ route_check ] --END-- [ RunTime:0.006000s ]
INFO: [ app_begin ] --START--
INFO: ReadHtmlCache Behavior ::run [ RunTime:0.002000s ]
INFO: [ app_begin ] --END-- [ RunTime:0.003000s ]
NOTIC: [8] Undefined index: expire D:\phpstudy\WWW\dcyd\ThinkPHP\Common\functions.php 第 549 行.
SQL: SHOW COLUMNS FROM `dcyd_article` [ RunTime:0.006001s ]
SQL: SELECT `id`,`title`,`keywords`,`lanmu`,`laiyuan`,`content`,`auth`,`describe`,`time`,`status` FROM `dcyd_article` WHERE ( lanmu=1 && status=2 )  [ RunTime:0.000000s ]
SQL: SELECT `id`,`title`,`keywords`,`lanmu`,`laiyuan`,`content`,`auth`,`describe`,`time`,`status` FROM `dcyd_article` WHERE ( lanmu=2 && status=2 )  [ RunTime:0.001000s ]
SQL: SELECT `id`,`title`,`keywords`,`lanmu`,`laiyuan`,`content`,`auth`,`describe`,`time`,`status` FROM `dcyd_article` WHERE ( lanmu=3 && status=2 )  [ RunTime:0.001000s ]
SQL: SELECT `id`,`title`,`keywords`,`lanmu`,`laiyuan`,`content`,`auth`,`describe`,`time`,`status` FROM `dcyd_article` WHERE ( lanmu=4 && status=2 )  [ RunTime:0.001001s ]
SQL: SHOW COLUMNS FROM `dcyd_view` [ RunTime:0.005000s ]
SQL: SELECT `id`,`kname`,`name`,`url`,`title`,`money`,`introduce`,`chapternum`,`kctitle`,`img` FROM `dcyd_view` WHERE ( kname = '系列专题' ) GROUP BY kctitle LIMIT 3   [ RunTime:0.004000s ]
SQL: SELECT `id`,`kname`,`name`,`url`,`title`,`money`,`introduce`,`chapternum`,`kctitle`,`img` FROM `dcyd_view` WHERE ( kname = '专家精选' ) GROUP BY kctitle LIMIT 3   [ RunTime:0.004001s ]
SQL: SHOW COLUMNS FROM `dcyd_open_course_type` [ RunTime:0.005000s ]
SQL: SELECT `id`,`tname`,`cost`,`days`,`img` FROM `dcyd_open_course_type`  [ RunTime:0.001000s ]
SQL: SHOW COLUMNS FROM `dcyd_teacher` [ RunTime:0.004000s ]
SQL: SELECT `id`,`name`,`timg`,`explain` FROM `dcyd_teacher`  [ RunTime:0.000000s ]
SQL: SHOW COLUMNS FROM `dcyd_question_type` [ RunTime:0.004000s ]
SQL: SELECT `id`,`name` FROM `dcyd_question_type`  [ RunTime:0.000000s ]
INFO: [ view_parse ] --START--
NOTIC: [8] Undefined index: id D:\phpstudy\WWW\dcyd\App\Runtime\Cache\a43ee091293c08b425f9e73d2888eec8.php 第 490 行.
NOTIC: [8] Undefined index: id D:\phpstudy\WWW\dcyd\App\Runtime\Cache\a43ee091293c08b425f9e73d2888eec8.php 第 490 行.
NOTIC: [8] Undefined index: id D:\phpstudy\WWW\dcyd\App\Runtime\Cache\a43ee091293c08b425f9e73d2888eec8.php 第 490 行.
NOTIC: [8] Undefined index: id D:\phpstudy\WWW\dcyd\App\Runtime\Cache\a43ee091293c08b425f9e73d2888eec8.php 第 490 行.
NOTIC: [8] Undefined index: id D:\phpstudy\WWW\dcyd\App\Runtime\Cache\a43ee091293c08b425f9e73d2888eec8.php 第 490 行.
NOTIC: [8] Undefined index: id D:\phpstudy\WWW\dcyd\App\Runtime\Cache\a43ee091293c08b425f9e73d2888eec8.php 第 490 行.
NOTIC: [8] Undefined index: id D:\phpstudy\WWW\dcyd\App\Runtime\Cache\a43ee091293c08b425f9e73d2888eec8.php 第 490 行.
NOTIC: [8] Undefined index: id D:\phpstudy\WWW\dcyd\App\Runtime\Cache\a43ee091293c08b425f9e73d2888eec8.php 第 490 行.
NOTIC: [8] Undefined index: id D:\phpstudy\WWW\dcyd\App\Runtime\Cache\a43ee091293c08b425f9e73d2888eec8.php 第 490 行.
INFO: ParseTemplate Behavior ::run [ RunTime:0.226013s ]
INFO: [ view_parse ] --END-- [ RunTime:0.226013s ]
INFO: [ view_filter ] --START--
INFO: ContentReplace Behavior ::run [ RunTime:0.002000s ]
INFO: TokenBuild Behavior ::run [ RunTime:0.002000s ]
INFO: WriteHtmlCache Behavior ::run [ RunTime:0.001001s ]
INFO: ShowRuntime Behavior ::run [ RunTime:0.002000s ]
INFO: [ view_filter ] --END-- [ RunTime:0.009001s ]
INFO: [ view_end ] --START--
INFO: ShowPageTrace Behavior ::run [ RunTime:0.004000s ]
INFO: [ view_end ] --END-- [ RunTime:0.004000s ]

[ 2017-04-21T09:49:06+08:00 ] 127.0.0.1 /index.php/MyCenter/index.html
INFO: [ route_check ] --START--
INFO: CheckRoute Behavior ::run [ RunTime:0.003000s ]
INFO: [ route_check ] --END-- [ RunTime:0.004000s ]
INFO: [ app_begin ] --START--
INFO: ReadHtmlCache Behavior ::run [ RunTime:0.001000s ]
INFO: [ app_begin ] --END-- [ RunTime:0.003000s ]
NOTIC: [8] Undefined index: expire D:\phpstudy\WWW\dcyd\ThinkPHP\Common\functions.php 第 549 行.
SQL: SHOW COLUMNS FROM `dcyd_user` [ RunTime:0.005000s ]
SQL: SELECT `password`,`nickname`,`is_vip`,`img` FROM `dcyd_user` WHERE ( id=25 ) LIMIT 1   [ RunTime:0.001000s ]
SQL: SHOW COLUMNS FROM `dcyd_cart` [ RunTime:0.007001s ]
SQL: SELECT dcyd_view.img img,dcyd_view.title title,dcyd_view.money money,dcyd_cart.status status,dcyd_cart.addtime addtime FROM `dcyd_cart` inner join dcyd_view on dcyd_cart.courseid=dcyd_view.id WHERE ( dcyd_cart.uid=25 ) ORDER BY addtime desc LIMIT 0,3   [ RunTime:0.001000s ]
NOTIC: [2] Invalid argument supplied for foreach() D:\phpstudy\WWW\dcyd\App\Lib\Action\MyCenterAction.class.php 第 28 行.
SQL: SHOW COLUMNS FROM `dcyd_collection` [ RunTime:0.004000s ]
SQL: SELECT dcyd_view.img img,dcyd_view.title title FROM `dcyd_collection` inner join dcyd_view on dcyd_collection.courseid=dcyd_view.id WHERE ( uid=25 ) ORDER BY addtime desc LIMIT 0,4   [ RunTime:0.001000s ]
SQL: SHOW COLUMNS FROM `dcyd_browse` [ RunTime:0.006000s ]
SQL: SELECT dcyd_view.img img,dcyd_view.title title,dcyd_view.name teacher,dcyd_view.money money,dcyd_browse.courseid courseid FROM `dcyd_browse` inner join dcyd_view on dcyd_browse.courseid=dcyd_view.id WHERE ( uid=25 ) ORDER BY addtime desc LIMIT 0,8   [ RunTime:0.001000s ]
SQL: SHOW COLUMNS FROM `dcyd_collection` [ RunTime:0.004000s ]
NOTIC: [2] Invalid argument supplied for foreach() D:\phpstudy\WWW\dcyd\App\Lib\Action\MyCenterAction.class.php 第 508 行.
SQL: SELECT COUNT(*) AS tp_count FROM `dcyd_cart` WHERE ( uid=25 and status="1" ) LIMIT 1   [ RunTime:0.000000s ]
SQL: SHOW COLUMNS FROM `dcyd_question` [ RunTime:0.006000s ]
SQL: SELECT COUNT(*) AS tp_count FROM `dcyd_question` WHERE ( userid=25 and status="0" ) LIMIT 1   [ RunTime:0.001000s ]
SQL: SHOW COLUMNS FROM `dcyd_mycourse` [ RunTime:0.006001s ]
SQL: SELECT COUNT(*) AS tp_count FROM `dcyd_mycourse` WHERE ( uid=25 and status="1" ) LIMIT 1   [ RunTime:0.001000s ]
SQL: SHOW COLUMNS FROM `dcyd_yjt` [ RunTime:0.007000s ]
SQL: SELECT COUNT(*) AS tp_count FROM `dcyd_yjt` WHERE ( uid=25 and status="1" and iscancel="1" ) LIMIT 1   [ RunTime:0.001000s ]
ERR: 1054:Unknown column 'iscancel' in 'where clause'
 [ SQL语句 ] : SELECT COUNT(*) AS tp_count FROM `dcyd_yjt` WHERE ( uid=25 and status="1" and iscancel="1" ) LIMIT 1  
INFO: [ view_parse ] --START--
INFO: ParseTemplate Behavior ::run [ RunTime:0.072004s ]
INFO: [ view_parse ] --END-- [ RunTime:0.072004s ]
INFO: [ view_filter ] --START--
INFO: ContentReplace Behavior ::run [ RunTime:0.002000s ]
INFO: TokenBuild Behavior ::run [ RunTime:0.002000s ]
INFO: WriteHtmlCache Behavior ::run [ RunTime:0.001000s ]
INFO: ShowRuntime Behavior ::run [ RunTime:0.002000s ]
INFO: [ view_filter ] --END-- [ RunTime:0.007000s ]
INFO: [ view_end ] --START--
INFO: ShowPageTrace Behavior ::run [ RunTime:0.001000s ]
INFO: [ view_end ] --END-- [ RunTime:0.003001s ]

[ 2017-04-21T09:49:13+08:00 ] 127.0.0.1 /index.php/MyCenter/personInfo.html
INFO: [ route_check ] --START--
INFO: CheckRoute Behavior ::run [ RunTime:0.005000s ]
INFO: [ route_check ] --END-- [ RunTime:0.007000s ]
INFO: [ app_begin ] --START--
INFO: ReadHtmlCache Behavior ::run [ RunTime:0.002000s ]
INFO: [ app_begin ] --END-- [ RunTime:0.002000s ]
NOTIC: [8] Undefined index: expire D:\phpstudy\WWW\dcyd\ThinkPHP\Common\functions.php 第 549 行.
SQL: SHOW COLUMNS FROM `dcyd_user` [ RunTime:0.004000s ]
SQL: SELECT * FROM `dcyd_user` WHERE ( id=25 ) LIMIT 1   [ RunTime:0.000000s ]
SQL: SHOW COLUMNS FROM `dcyd_hobu` [ RunTime:0.006001s ]
SQL: SELECT * FROM `dcyd_hobu` WHERE ( uid=25 )  [ RunTime:0.000000s ]
NOTIC: [2] Invalid argument supplied for foreach() D:\phpstudy\WWW\dcyd\App\Lib\Action\MyCenterAction.class.php 第 92 行.
SQL: SHOW COLUMNS FROM `dcyd_hobby` [ RunTime:0.006000s ]
SQL: SELECT * FROM `dcyd_hobby`  [ RunTime:0.001000s ]
NOTIC: [2] Invalid argument supplied for foreach() D:\phpstudy\WWW\dcyd\App\Lib\Action\MyCenterAction.class.php 第 103 行.
INFO: [ view_parse ] --START--
NOTIC: [8] Undefined index: img D:\phpstudy\WWW\dcyd\App\Runtime\Cache\49ec59a61e627018ee3c99ed1b02f149.php 第 69 行.
NOTIC: [8] Undefined index: nickname D:\phpstudy\WWW\dcyd\App\Runtime\Cache\49ec59a61e627018ee3c99ed1b02f149.php 第 74 行.
NOTIC: [8] Undefined index: is_vip D:\phpstudy\WWW\dcyd\App\Runtime\Cache\49ec59a61e627018ee3c99ed1b02f149.php 第 76 行.
NOTIC: [8] Undefined index: is_vip D:\phpstudy\WWW\dcyd\App\Runtime\Cache\49ec59a61e627018ee3c99ed1b02f149.php 第 77 行.
NOTIC: [8] Undefined index: is_vip D:\phpstudy\WWW\dcyd\App\Runtime\Cache\49ec59a61e627018ee3c99ed1b02f149.php 第 80 行.
NOTIC: [8] Undefined index: nickname D:\phpstudy\WWW\dcyd\App\Runtime\Cache\49ec59a61e627018ee3c99ed1b02f149.php 第 86 行.
NOTIC: [8] Undefined index: sex D:\phpstudy\WWW\dcyd\App\Runtime\Cache\49ec59a61e627018ee3c99ed1b02f149.php 第 90 行.
NOTIC: [8] Undefined index: sex D:\phpstudy\WWW\dcyd\App\Runtime\Cache\49ec59a61e627018ee3c99ed1b02f149.php 第 91 行.
NOTIC: [8] Undefined index: 1 D:\phpstudy\WWW\dcyd\App\Runtime\Cache\49ec59a61e627018ee3c99ed1b02f149.php 第 97 行.
NOTIC: [8] Undefined index: 2 D:\phpstudy\WWW\dcyd\App\Runtime\Cache\49ec59a61e627018ee3c99ed1b02f149.php 第 98 行.
NOTIC: [8] Undefined index: firmname D:\phpstudy\WWW\dcyd\App\Runtime\Cache\49ec59a61e627018ee3c99ed1b02f149.php 第 102 行.
NOTIC: [8] Undefined index: position D:\phpstudy\WWW\dcyd\App\Runtime\Cache\49ec59a61e627018ee3c99ed1b02f149.php 第 105 行.
NOTIC: [8] Undefined index: industry D:\phpstudy\WWW\dcyd\App\Runtime\Cache\49ec59a61e627018ee3c99ed1b02f149.php 第 108 行.
NOTIC: [8] Undefined index: mail D:\phpstudy\WWW\dcyd\App\Runtime\Cache\49ec59a61e627018ee3c99ed1b02f149.php 第 118 行.
NOTIC: [8] Undefined index: truename D:\phpstudy\WWW\dcyd\App\Runtime\Cache\49ec59a61e627018ee3c99ed1b02f149.php 第 121 行.
INFO: ParseTemplate Behavior ::run [ RunTime:0.062004s ]
INFO: [ view_parse ] --END-- [ RunTime:0.063004s ]
INFO: [ view_filter ] --START--
INFO: ContentReplace Behavior ::run [ RunTime:0.002000s ]
INFO: TokenBuild Behavior ::run [ RunTime:0.002000s ]
INFO: WriteHtmlCache Behavior ::run [ RunTime:0.001000s ]
INFO: ShowRuntime Behavior ::run [ RunTime:0.002000s ]
INFO: [ view_filter ] --END-- [ RunTime:0.008001s ]
INFO: [ view_end ] --START--
INFO: ShowPageTrace Behavior ::run [ RunTime:0.001000s ]
INFO: [ view_end ] --END-- [ RunTime:0.003000s ]

[ 2017-04-21T09:50:17+08:00 ] 127.0.0.1 /index.php/MyCenter/index.html
INFO: [ route_check ] --START--
INFO: CheckRoute Behavior ::run [ RunTime:0.004000s ]
INFO: [ route_check ] --END-- [ RunTime:0.005000s ]
INFO: [ app_begin ] --START--
INFO: ReadHtmlCache Behavior ::run [ RunTime:0.002000s ]
INFO: [ app_begin ] --END-- [ RunTime:0.003000s ]
NOTIC: [8] Undefined index: expire D:\phpstudy\WWW\dcyd\ThinkPHP\Common\functions.php 第 549 行.
SQL: SHOW COLUMNS FROM `dcyd_user` [ RunTime:0.004001s ]
SQL: SELECT `password`,`nickname`,`is_vip`,`img` FROM `dcyd_user` WHERE ( id=25 ) LIMIT 1   [ RunTime:0.000000s ]
SQL: SHOW COLUMNS FROM `dcyd_cart` [ RunTime:0.005000s ]
SQL: SELECT dcyd_view.img img,dcyd_view.title title,dcyd_view.money money,dcyd_cart.status status,dcyd_cart.addtime addtime FROM `dcyd_cart` inner join dcyd_view on dcyd_cart.courseid=dcyd_view.id WHERE ( dcyd_cart.uid=25 ) ORDER BY addtime desc LIMIT 0,3   [ RunTime:0.001000s ]
NOTIC: [2] Invalid argument supplied for foreach() D:\phpstudy\WWW\dcyd\App\Lib\Action\MyCenterAction.class.php 第 28 行.
SQL: SHOW COLUMNS FROM `dcyd_collection` [ RunTime:0.005000s ]
SQL: SELECT dcyd_view.img img,dcyd_view.title title FROM `dcyd_collection` inner join dcyd_view on dcyd_collection.courseid=dcyd_view.id WHERE ( uid=25 ) ORDER BY addtime desc LIMIT 0,4   [ RunTime:0.000000s ]
SQL: SHOW COLUMNS FROM `dcyd_browse` [ RunTime:0.005000s ]
SQL: SELECT dcyd_view.img img,dcyd_view.title title,dcyd_view.name teacher,dcyd_view.money money,dcyd_browse.courseid courseid FROM `dcyd_browse` inner join dcyd_view on dcyd_browse.courseid=dcyd_view.id WHERE ( uid=25 ) ORDER BY addtime desc LIMIT 0,8   [ RunTime:0.000000s ]
SQL: SHOW COLUMNS FROM `dcyd_collection` [ RunTime:0.004000s ]
NOTIC: [2] Invalid argument supplied for foreach() D:\phpstudy\WWW\dcyd\App\Lib\Action\MyCenterAction.class.php 第 508 行.
SQL: SELECT COUNT(*) AS tp_count FROM `dcyd_cart` WHERE ( uid=25 and status="1" ) LIMIT 1   [ RunTime:0.001000s ]
SQL: SHOW COLUMNS FROM `dcyd_question` [ RunTime:0.005000s ]
SQL: SELECT COUNT(*) AS tp_count FROM `dcyd_question` WHERE ( userid=25 and status="0" ) LIMIT 1   [ RunTime:0.001000s ]
SQL: SHOW COLUMNS FROM `dcyd_mycourse` [ RunTime:0.004000s ]
SQL: SELECT COUNT(*) AS tp_count FROM `dcyd_mycourse` WHERE ( uid=25 and status="1" ) LIMIT 1   [ RunTime:0.000000s ]
SQL: SHOW COLUMNS FROM `dcyd_yjt` [ RunTime:0.004000s ]
SQL: SELECT COUNT(*) AS tp_count FROM `dcyd_yjt` WHERE ( uid=25 and status="1" and iscancel="1" ) LIMIT 1   [ RunTime:0.001000s ]
ERR: 1054:Unknown column 'iscancel' in 'where clause'
 [ SQL语句 ] : SELECT COUNT(*) AS tp_count FROM `dcyd_yjt` WHERE ( uid=25 and status="1" and iscancel="1" ) LIMIT 1  
INFO: [ view_parse ] --START--
INFO: ParseTemplate Behavior ::run [ RunTime:0.067004s ]
INFO: [ view_parse ] --END-- [ RunTime:0.069004s ]
INFO: [ view_filter ] --START--
INFO: ContentReplace Behavior ::run [ RunTime:0.002000s ]
INFO: TokenBuild Behavior ::run [ RunTime:0.002000s ]
INFO: WriteHtmlCache Behavior ::run [ RunTime:0.001000s ]
INFO: ShowRuntime Behavior ::run [ RunTime:0.002000s ]
INFO: [ view_filter ] --END-- [ RunTime:0.008000s ]
INFO: [ view_end ] --START--
INFO: ShowPageTrace Behavior ::run [ RunTime:0.001000s ]
INFO: [ view_end ] --END-- [ RunTime:0.003000s ]

[ 2017-04-21T09:50:26+08:00 ] 127.0.0.1 /index.php/MyCenter/personInfo.html
INFO: [ route_check ] --START--
INFO: CheckRoute Behavior ::run [ RunTime:0.008001s ]
INFO: [ route_check ] --END-- [ RunTime:0.011001s ]
INFO: [ app_begin ] --START--
INFO: ReadHtmlCache Behavior ::run [ RunTime:0.002000s ]
INFO: [ app_begin ] --END-- [ RunTime:0.002000s ]
NOTIC: [8] Undefined index: expire D:\phpstudy\WWW\dcyd\ThinkPHP\Common\functions.php 第 549 行.
SQL: SHOW COLUMNS FROM `dcyd_user` [ RunTime:0.004000s ]
SQL: SELECT * FROM `dcyd_user` WHERE ( id=25 ) LIMIT 1   [ RunTime:0.000000s ]
SQL: SHOW COLUMNS FROM `dcyd_hobu` [ RunTime:0.005001s ]
SQL: SELECT * FROM `dcyd_hobu` WHERE ( uid=25 )  [ RunTime:0.000000s ]
NOTIC: [2] Invalid argument supplied for foreach() D:\phpstudy\WWW\dcyd\App\Lib\Action\MyCenterAction.class.php 第 92 行.
SQL: SHOW COLUMNS FROM `dcyd_hobby` [ RunTime:0.004000s ]
SQL: SELECT * FROM `dcyd_hobby`  [ RunTime:0.001000s ]
NOTIC: [2] Invalid argument supplied for foreach() D:\phpstudy\WWW\dcyd\App\Lib\Action\MyCenterAction.class.php 第 103 行.
INFO: [ view_parse ] --START--
NOTIC: [8] Undefined index: img D:\phpstudy\WWW\dcyd\App\Runtime\Cache\49ec59a61e627018ee3c99ed1b02f149.php 第 69 行.
NOTIC: [8] Undefined index: nickname D:\phpstudy\WWW\dcyd\App\Runtime\Cache\49ec59a61e627018ee3c99ed1b02f149.php 第 74 行.
NOTIC: [8] Undefined index: is_vip D:\phpstudy\WWW\dcyd\App\Runtime\Cache\49ec59a61e627018ee3c99ed1b02f149.php 第 76 行.
NOTIC: [8] Undefined index: is_vip D:\phpstudy\WWW\dcyd\App\Runtime\Cache\49ec59a61e627018ee3c99ed1b02f149.php 第 77 行.
NOTIC: [8] Undefined index: is_vip D:\phpstudy\WWW\dcyd\App\Runtime\Cache\49ec59a61e627018ee3c99ed1b02f149.php 第 80 行.
NOTIC: [8] Undefined index: nickname D:\phpstudy\WWW\dcyd\App\Runtime\Cache\49ec59a61e627018ee3c99ed1b02f149.php 第 86 行.
NOTIC: [8] Undefined index: sex D:\phpstudy\WWW\dcyd\App\Runtime\Cache\49ec59a61e627018ee3c99ed1b02f149.php 第 90 行.
NOTIC: [8] Undefined index: sex D:\phpstudy\WWW\dcyd\App\Runtime\Cache\49ec59a61e627018ee3c99ed1b02f149.php 第 91 行.
NOTIC: [8] Undefined index: 1 D:\phpstudy\WWW\dcyd\App\Runtime\Cache\49ec59a61e627018ee3c99ed1b02f149.php 第 97 行.
NOTIC: [8] Undefined index: 2 D:\phpstudy\WWW\dcyd\App\Runtime\Cache\49ec59a61e627018ee3c99ed1b02f149.php 第 98 行.
NOTIC: [8] Undefined index: firmname D:\phpstudy\WWW\dcyd\App\Runtime\Cache\49ec59a61e627018ee3c99ed1b02f149.php 第 102 行.
NOTIC: [8] Undefined index: position D:\phpstudy\WWW\dcyd\App\Runtime\Cache\49ec59a61e627018ee3c99ed1b02f149.php 第 105 行.
NOTIC: [8] Undefined index: industry D:\phpstudy\WWW\dcyd\App\Runtime\Cache\49ec59a61e627018ee3c99ed1b02f149.php 第 108 行.
NOTIC: [8] Undefined index: mail D:\phpstudy\WWW\dcyd\App\Runtime\Cache\49ec59a61e627018ee3c99ed1b02f149.php 第 118 行.
NOTIC: [8] Undefined index: truename D:\phpstudy\WWW\dcyd\App\Runtime\Cache\49ec59a61e627018ee3c99ed1b02f149.php 第 121 行.
INFO: ParseTemplate Behavior ::run [ RunTime:0.064004s ]
INFO: [ view_parse ] --END-- [ RunTime:0.065004s ]
INFO: [ view_filter ] --START--
INFO: ContentReplace Behavior ::run [ RunTime:0.002000s ]
INFO: TokenBuild Behavior ::run [ RunTime:0.002000s ]
INFO: WriteHtmlCache Behavior ::run [ RunTime:0.001000s ]
INFO: ShowRuntime Behavior ::run [ RunTime:0.002001s ]
INFO: [ view_filter ] --END-- [ RunTime:0.008001s ]
INFO: [ view_end ] --START--
INFO: ShowPageTrace Behavior ::run [ RunTime:0.001000s ]
INFO: [ view_end ] --END-- [ RunTime:0.002000s ]

[ 2017-04-21T09:51:22+08:00 ] 127.0.0.1 /index.php/WebMessage/index.html
INFO: [ route_check ] --START--
INFO: CheckRoute Behavior ::run [ RunTime:0.006001s ]
INFO: [ route_check ] --END-- [ RunTime:0.008001s ]
INFO: [ app_begin ] --START--
INFO: ReadHtmlCache Behavior ::run [ RunTime:0.001000s ]
INFO: [ app_begin ] --END-- [ RunTime:0.003000s ]
NOTIC: [8] Undefined index: expire D:\phpstudy\WWW\dcyd\ThinkPHP\Common\functions.php 第 549 行.
SQL: SHOW COLUMNS FROM `dcyd_web_message` [ RunTime:0.006000s ]
SQL: SELECT COUNT(*) AS tp_count FROM `dcyd_web_message` WHERE ( reciveuser=25 ) LIMIT 1   [ RunTime:0.001000s ]
SQL: SELECT `id`,`title`,`isread`,`send_time` FROM `dcyd_web_message` WHERE ( reciveuser=25 ) ORDER BY send_time desc LIMIT 0,6   [ RunTime:0.000000s ]
NOTIC: [2] Invalid argument supplied for foreach() D:\phpstudy\WWW\dcyd\App\Lib\Action\WebMessageAction.class.php 第 32 行.
INFO: [ view_parse ] --START--
INFO: ParseTemplate Behavior ::run [ RunTime:0.051003s ]
INFO: [ view_parse ] --END-- [ RunTime:0.052003s ]
INFO: [ view_filter ] --START--
INFO: ContentReplace Behavior ::run [ RunTime:0.001000s ]
INFO: TokenBuild Behavior ::run [ RunTime:0.001000s ]
INFO: WriteHtmlCache Behavior ::run [ RunTime:0.001000s ]
INFO: ShowRuntime Behavior ::run [ RunTime:0.002000s ]
INFO: [ view_filter ] --END-- [ RunTime:0.008000s ]
INFO: [ view_end ] --START--
INFO: ShowPageTrace Behavior ::run [ RunTime:0.002001s ]
INFO: [ view_end ] --END-- [ RunTime:0.002001s ]

[ 2017-04-21T09:51:31+08:00 ] 127.0.0.1 /index.php/WebMessage/signReaded.html
INFO: [ route_check ] --START--
INFO: CheckRoute Behavior ::run [ RunTime:0.004001s ]
INFO: [ route_check ] --END-- [ RunTime:0.006001s ]
INFO: [ app_begin ] --START--
INFO: ReadHtmlCache Behavior ::run [ RunTime:0.002000s ]
INFO: [ app_begin ] --END-- [ RunTime:0.003000s ]
NOTIC: [8] Undefined index: expire D:\phpstudy\WWW\dcyd\ThinkPHP\Common\functions.php 第 549 行.
NOTIC: 建议使用I方法替代_post
SQL: SHOW COLUMNS FROM `dcyd_web_message` [ RunTime:0.004000s ]
SQL: UPDATE `dcyd_web_message` SET `isread`='1' WHERE ( id in () ) [ RunTime:0.001000s ]
ERR: 1064:You have an error in your SQL syntax; check the manual that corresponds to your MySQL server version for the right syntax to use near ') )' at line 1
 [ SQL语句 ] : UPDATE `dcyd_web_message` SET `isread`='1' WHERE ( id in () )

[ 2017-04-21T09:51:34+08:00 ] 127.0.0.1 /index.php/WebMessage/signReaded.html
INFO: [ route_check ] --START--
INFO: CheckRoute Behavior ::run [ RunTime:0.005000s ]
INFO: [ route_check ] --END-- [ RunTime:0.006000s ]
INFO: [ app_begin ] --START--
INFO: ReadHtmlCache Behavior ::run [ RunTime:0.002000s ]
INFO: [ app_begin ] --END-- [ RunTime:0.004000s ]
NOTIC: [8] Undefined index: expire D:\phpstudy\WWW\dcyd\ThinkPHP\Common\functions.php 第 549 行.
NOTIC: 建议使用I方法替代_post
SQL: SHOW COLUMNS FROM `dcyd_web_message` [ RunTime:0.005001s ]
SQL: UPDATE `dcyd_web_message` SET `isread`='1' WHERE ( id in () ) [ RunTime:0.001000s ]
ERR: 1064:You have an error in your SQL syntax; check the manual that corresponds to your MySQL server version for the right syntax to use near ') )' at line 1
 [ SQL语句 ] : UPDATE `dcyd_web_message` SET `isread`='1' WHERE ( id in () )

[ 2017-04-21T09:51:39+08:00 ] 127.0.0.1 /index.php/WebMessage/deleteMessage.html
INFO: [ route_check ] --START--
INFO: CheckRoute Behavior ::run [ RunTime:0.002000s ]
INFO: [ route_check ] --END-- [ RunTime:0.004000s ]
INFO: [ app_begin ] --START--
INFO: ReadHtmlCache Behavior ::run [ RunTime:0.002000s ]
INFO: [ app_begin ] --END-- [ RunTime:0.002000s ]
NOTIC: [8] Undefined index: expire D:\phpstudy\WWW\dcyd\ThinkPHP\Common\functions.php 第 549 行.
NOTIC: 建议使用I方法替代_post

[ 2017-04-21T09:51:42+08:00 ] 127.0.0.1 /index.php/WebMessage/deleteMessage.html
INFO: [ route_check ] --START--
INFO: CheckRoute Behavior ::run [ RunTime:0.007000s ]
INFO: [ route_check ] --END-- [ RunTime:0.009000s ]
INFO: [ app_begin ] --START--
INFO: ReadHtmlCache Behavior ::run [ RunTime:0.004001s ]
INFO: [ app_begin ] --END-- [ RunTime:0.006001s ]
NOTIC: [8] Undefined index: expire D:\phpstudy\WWW\dcyd\ThinkPHP\Common\functions.php 第 549 行.
NOTIC: 建议使用I方法替代_post

[ 2017-04-21T09:53:04+08:00 ] 127.0.0.1 /index.php/Index/index.html
INFO: [ route_check ] --START--
INFO: CheckRoute Behavior ::run [ RunTime:0.006000s ]
INFO: [ route_check ] --END-- [ RunTime:0.008000s ]
INFO: [ app_begin ] --START--
INFO: ReadHtmlCache Behavior ::run [ RunTime:0.002000s ]
INFO: [ app_begin ] --END-- [ RunTime:0.004000s ]
NOTIC: [8] Undefined index: expire D:\phpstudy\WWW\dcyd\ThinkPHP\Common\functions.php 第 549 行.
SQL: SHOW COLUMNS FROM `dcyd_article` [ RunTime:0.005000s ]
SQL: SELECT `id`,`title`,`keywords`,`lanmu`,`laiyuan`,`content`,`auth`,`describe`,`time`,`status` FROM `dcyd_article` WHERE ( lanmu=1 && status=2 )  [ RunTime:0.000000s ]
SQL: SELECT `id`,`title`,`keywords`,`lanmu`,`laiyuan`,`content`,`auth`,`describe`,`time`,`status` FROM `dcyd_article` WHERE ( lanmu=2 && status=2 )  [ RunTime:0.001000s ]
SQL: SELECT `id`,`title`,`keywords`,`lanmu`,`laiyuan`,`content`,`auth`,`describe`,`time`,`status` FROM `dcyd_article` WHERE ( lanmu=3 && status=2 )  [ RunTime:0.001000s ]
SQL: SELECT `id`,`title`,`keywords`,`lanmu`,`laiyuan`,`content`,`auth`,`describe`,`time`,`status` FROM `dcyd_article` WHERE ( lanmu=4 && status=2 )  [ RunTime:0.000000s ]
SQL: SHOW COLUMNS FROM `dcyd_view` [ RunTime:0.004000s ]
SQL: SELECT `id`,`kname`,`name`,`url`,`title`,`money`,`introduce`,`chapternum`,`kctitle`,`img` FROM `dcyd_view` WHERE ( kname = '系列专题' ) GROUP BY kctitle LIMIT 3   [ RunTime:0.004000s ]
SQL: SELECT `id`,`kname`,`name`,`url`,`title`,`money`,`introduce`,`chapternum`,`kctitle`,`img` FROM `dcyd_view` WHERE ( kname = '专家精选' ) GROUP BY kctitle LIMIT 3   [ RunTime:0.004001s ]
SQL: SHOW COLUMNS FROM `dcyd_open_course_type` [ RunTime:0.005000s ]
SQL: SELECT `id`,`tname`,`cost`,`days`,`img` FROM `dcyd_open_course_type`  [ RunTime:0.001000s ]
SQL: SHOW COLUMNS FROM `dcyd_teacher` [ RunTime:0.005000s ]
SQL: SELECT `id`,`name`,`timg`,`explain` FROM `dcyd_teacher`  [ RunTime:0.000000s ]
SQL: SHOW COLUMNS FROM `dcyd_question_type` [ RunTime:0.005000s ]
SQL: SELECT `id`,`name` FROM `dcyd_question_type`  [ RunTime:0.000000s ]
INFO: [ view_parse ] --START--
NOTIC: [8] Undefined index: id D:\phpstudy\WWW\dcyd\App\Runtime\Cache\a43ee091293c08b425f9e73d2888eec8.php 第 490 行.
NOTIC: [8] Undefined index: id D:\phpstudy\WWW\dcyd\App\Runtime\Cache\a43ee091293c08b425f9e73d2888eec8.php 第 490 行.
NOTIC: [8] Undefined index: id D:\phpstudy\WWW\dcyd\App\Runtime\Cache\a43ee091293c08b425f9e73d2888eec8.php 第 490 行.
NOTIC: [8] Undefined index: id D:\phpstudy\WWW\dcyd\App\Runtime\Cache\a43ee091293c08b425f9e73d2888eec8.php 第 490 行.
NOTIC: [8] Undefined index: id D:\phpstudy\WWW\dcyd\App\Runtime\Cache\a43ee091293c08b425f9e73d2888eec8.php 第 490 行.
NOTIC: [8] Undefined index: id D:\phpstudy\WWW\dcyd\App\Runtime\Cache\a43ee091293c08b425f9e73d2888eec8.php 第 490 行.
NOTIC: [8] Undefined index: id D:\phpstudy\WWW\dcyd\App\Runtime\Cache\a43ee091293c08b425f9e73d2888eec8.php 第 490 行.
NOTIC: [8] Undefined index: id D:\phpstudy\WWW\dcyd\App\Runtime\Cache\a43ee091293c08b425f9e73d2888eec8.php 第 490 行.
NOTIC: [8] Undefined index: id D:\phpstudy\WWW\dcyd\App\Runtime\Cache\a43ee091293c08b425f9e73d2888eec8.php 第 490 行.
INFO: ParseTemplate Behavior ::run [ RunTime:0.223013s ]
INFO: [ view_parse ] --END-- [ RunTime:0.223013s ]
INFO: [ view_filter ] --START--
INFO: ContentReplace Behavior ::run [ RunTime:0.002000s ]
INFO: TokenBuild Behavior ::run [ RunTime:0.002000s ]
INFO: WriteHtmlCache Behavior ::run [ RunTime:0.001000s ]
INFO: ShowRuntime Behavior ::run [ RunTime:0.002000s ]
INFO: [ view_filter ] --END-- [ RunTime:0.008000s ]
INFO: [ view_end ] --START--
INFO: ShowPageTrace Behavior ::run [ RunTime:0.002000s ]
INFO: [ view_end ] --END-- [ RunTime:0.003000s ]

[ 2017-04-21T09:53:10+08:00 ] 127.0.0.1 /index.php/MyCenter/index.html
INFO: [ route_check ] --START--
INFO: CheckRoute Behavior ::run [ RunTime:0.005000s ]
INFO: [ route_check ] --END-- [ RunTime:0.007001s ]
INFO: [ app_begin ] --START--
INFO: ReadHtmlCache Behavior ::run [ RunTime:0.002000s ]
INFO: [ app_begin ] --END-- [ RunTime:0.002000s ]
NOTIC: [8] Undefined index: expire D:\phpstudy\WWW\dcyd\ThinkPHP\Common\functions.php 第 549 行.
SQL: SHOW COLUMNS FROM `dcyd_user` [ RunTime:0.004000s ]
SQL: SELECT `password`,`nickname`,`is_vip`,`img` FROM `dcyd_user` WHERE ( id=25 ) LIMIT 1   [ RunTime:0.001000s ]
SQL: SHOW COLUMNS FROM `dcyd_cart` [ RunTime:0.004000s ]
SQL: SELECT dcyd_view.img img,dcyd_view.title title,dcyd_view.money money,dcyd_cart.status status,dcyd_cart.addtime addtime FROM `dcyd_cart` inner join dcyd_view on dcyd_cart.courseid=dcyd_view.id WHERE ( dcyd_cart.uid=25 ) ORDER BY addtime desc LIMIT 0,3   [ RunTime:0.000000s ]
NOTIC: [2] Invalid argument supplied for foreach() D:\phpstudy\WWW\dcyd\App\Lib\Action\MyCenterAction.class.php 第 28 行.
SQL: SHOW COLUMNS FROM `dcyd_collection` [ RunTime:0.004000s ]
SQL: SELECT dcyd_view.img img,dcyd_view.title title FROM `dcyd_collection` inner join dcyd_view on dcyd_collection.courseid=dcyd_view.id WHERE ( uid=25 ) ORDER BY addtime desc LIMIT 0,4   [ RunTime:0.001000s ]
SQL: SHOW COLUMNS FROM `dcyd_browse` [ RunTime:0.004000s ]
SQL: SELECT dcyd_view.img img,dcyd_view.title title,dcyd_view.name teacher,dcyd_view.money money,dcyd_browse.courseid courseid FROM `dcyd_browse` inner join dcyd_view on dcyd_browse.courseid=dcyd_view.id WHERE ( uid=25 ) ORDER BY addtime desc LIMIT 0,8   [ RunTime:0.000000s ]
SQL: SHOW COLUMNS FROM `dcyd_collection` [ RunTime:0.004000s ]
NOTIC: [2] Invalid argument supplied for foreach() D:\phpstudy\WWW\dcyd\App\Lib\Action\MyCenterAction.class.php 第 508 行.
SQL: SELECT COUNT(*) AS tp_count FROM `dcyd_cart` WHERE ( uid=25 and status="1" ) LIMIT 1   [ RunTime:0.000000s ]
SQL: SHOW COLUMNS FROM `dcyd_question` [ RunTime:0.004000s ]
SQL: SELECT COUNT(*) AS tp_count FROM `dcyd_question` WHERE ( userid=25 and status="0" ) LIMIT 1   [ RunTime:0.001000s ]
SQL: SHOW COLUMNS FROM `dcyd_mycourse` [ RunTime:0.004000s ]
SQL: SELECT COUNT(*) AS tp_count FROM `dcyd_mycourse` WHERE ( uid=25 and status="1" ) LIMIT 1   [ RunTime:0.000000s ]
SQL: SHOW COLUMNS FROM `dcyd_yjt` [ RunTime:0.005000s ]
SQL: SELECT COUNT(*) AS tp_count FROM `dcyd_yjt` WHERE ( uid=25 and status="1" and iscancel="1" ) LIMIT 1   [ RunTime:0.001000s ]
ERR: 1054:Unknown column 'iscancel' in 'where clause'
 [ SQL语句 ] : SELECT COUNT(*) AS tp_count FROM `dcyd_yjt` WHERE ( uid=25 and status="1" and iscancel="1" ) LIMIT 1  
INFO: [ view_parse ] --START--
INFO: ParseTemplate Behavior ::run [ RunTime:0.066004s ]
INFO: [ view_parse ] --END-- [ RunTime:0.068004s ]
INFO: [ view_filter ] --START--
INFO: ContentReplace Behavior ::run [ RunTime:0.001000s ]
INFO: TokenBuild Behavior ::run [ RunTime:0.002000s ]
INFO: WriteHtmlCache Behavior ::run [ RunTime:0.001000s ]
INFO: ShowRuntime Behavior ::run [ RunTime:0.002000s ]
INFO: [ view_filter ] --END-- [ RunTime:0.007000s ]
INFO: [ view_end ] --START--
INFO: ShowPageTrace Behavior ::run [ RunTime:0.001000s ]
INFO: [ view_end ] --END-- [ RunTime:0.002000s ]

[ 2017-04-21T09:53:54+08:00 ] 127.0.0.1 /index.php/WebMessage/index.html
INFO: [ route_check ] --START--
INFO: CheckRoute Behavior ::run [ RunTime:0.006000s ]
INFO: [ route_check ] --END-- [ RunTime:0.007000s ]
INFO: [ app_begin ] --START--
INFO: ReadHtmlCache Behavior ::run [ RunTime:0.002000s ]
INFO: [ app_begin ] --END-- [ RunTime:0.002000s ]
NOTIC: [8] Undefined index: expire D:\phpstudy\WWW\dcyd\ThinkPHP\Common\functions.php 第 549 行.
SQL: SHOW COLUMNS FROM `dcyd_web_message` [ RunTime:0.004001s ]
SQL: SELECT COUNT(*) AS tp_count FROM `dcyd_web_message` WHERE ( reciveuser=25 ) LIMIT 1   [ RunTime:0.000000s ]
SQL: SELECT `id`,`title`,`isread`,`send_time` FROM `dcyd_web_message` WHERE ( reciveuser=25 ) ORDER BY send_time desc LIMIT 0,6   [ RunTime:0.000000s ]
NOTIC: [2] Invalid argument supplied for foreach() D:\phpstudy\WWW\dcyd\App\Lib\Action\WebMessageAction.class.php 第 32 行.
INFO: [ view_parse ] --START--
INFO: ParseTemplate Behavior ::run [ RunTime:0.049003s ]
INFO: [ view_parse ] --END-- [ RunTime:0.050003s ]
INFO: [ view_filter ] --START--
INFO: ContentReplace Behavior ::run [ RunTime:0.001000s ]
INFO: TokenBuild Behavior ::run [ RunTime:0.002000s ]
INFO: WriteHtmlCache Behavior ::run [ RunTime:0.001000s ]
INFO: ShowRuntime Behavior ::run [ RunTime:0.001001s ]
INFO: [ view_filter ] --END-- [ RunTime:0.008001s ]
INFO: [ view_end ] --START--
INFO: ShowPageTrace Behavior ::run [ RunTime:0.001000s ]
INFO: [ view_end ] --END-- [ RunTime:0.002000s ]

