[ 2017-02-21T10:06:26+08:00 ] 127.0.0.1 /
INFO: [ app_begin ] --START--
INFO: ReadHtmlCache Behavior ::run [ RunTime:0.002000s ]
INFO: [ app_begin ] --END-- [ RunTime:0.005001s ]
NOTIC: [8] Undefined index: expire D:\phpstudy\WWW\dcyd\ThinkPHP\Common\functions.php Á¨¨ 549 Ë°å.
SQL: SHOW COLUMNS FROM `dcyd_article` [ RunTime:0.010001s ]
SQL: SELECT `id`,`title`,`keywords`,`lanmu`,`laiyuan`,`content`,`auth`,`describe`,`time`,`status` FROM `dcyd_article` WHERE ( lanmu=1 && status=2 )  [ RunTime:0.002000s ]
SQL: SELECT `id`,`title`,`keywords`,`lanmu`,`laiyuan`,`content`,`auth`,`describe`,`time`,`status` FROM `dcyd_article` WHERE ( lanmu=2 && status=2 )  [ RunTime:0.001001s ]
SQL: SELECT `id`,`title`,`keywords`,`lanmu`,`laiyuan`,`content`,`auth`,`describe`,`time`,`status` FROM `dcyd_article` WHERE ( lanmu=3 && status=2 )  [ RunTime:0.000000s ]
SQL: SELECT `id`,`title`,`keywords`,`lanmu`,`laiyuan`,`content`,`auth`,`describe`,`time`,`status` FROM `dcyd_article` WHERE ( lanmu=4 && status=2 )  [ RunTime:0.000000s ]
INFO: [ view_parse ] --START--
INFO: ParseTemplate Behavior ::run [ RunTime:0.066004s ]
INFO: [ view_parse ] --END-- [ RunTime:0.067004s ]
INFO: [ view_filter ] --START--
INFO: ContentReplace Behavior ::run [ RunTime:0.002000s ]
INFO: TokenBuild Behavior ::run [ RunTime:0.002000s ]
INFO: WriteHtmlCache Behavior ::run [ RunTime:0.001000s ]
INFO: ShowRuntime Behavior ::run [ RunTime:0.002000s ]
INFO: [ view_filter ] --END-- [ RunTime:0.009000s ]
INFO: [ view_end ] --START--
INFO: ShowPageTrace Behavior ::run [ RunTime:0.010001s ]
INFO: [ view_end ] --END-- [ RunTime:0.011001s ]

[ 2017-02-21T10:06:41+08:00 ] 127.0.0.1 /index.php/Popularize/popularize
INFO: [ route_check ] --START--
INFO: CheckRoute Behavior ::run [ RunTime:0.004001s ]
INFO: [ route_check ] --END-- [ RunTime:0.005001s ]
INFO: [ app_begin ] --START--
INFO: ReadHtmlCache Behavior ::run [ RunTime:0.002000s ]
INFO: [ app_begin ] --END-- [ RunTime:0.002000s ]
NOTIC: [8] Undefined index: expire D:\phpstudy\WWW\dcyd\ThinkPHP\Common\functions.php Á¨¨ 549 Ë°å.
INFO: [ view_parse ] --START--
INFO: ParseTemplate Behavior ::run [ RunTime:0.026001s ]
INFO: [ view_parse ] --END-- [ RunTime:0.027002s ]
INFO: [ view_filter ] --START--
INFO: ContentReplace Behavior ::run [ RunTime:0.001000s ]
INFO: TokenBuild Behavior ::run [ RunTime:0.001000s ]
INFO: WriteHtmlCache Behavior ::run [ RunTime:0.001000s ]
INFO: ShowRuntime Behavior ::run [ RunTime:0.001000s ]
INFO: [ view_filter ] --END-- [ RunTime:0.008001s ]
INFO: [ view_end ] --START--
INFO: ShowPageTrace Behavior ::run [ RunTime:0.002000s ]
INFO: [ view_end ] --END-- [ RunTime:0.002000s ]

[ 2017-02-21T10:07:36+08:00 ] 127.0.0.1 /index.php/Popularize/popularize
INFO: [ route_check ] --START--
INFO: CheckRoute Behavior ::run [ RunTime:0.005000s ]
INFO: [ route_check ] --END-- [ RunTime:0.006000s ]
INFO: [ app_begin ] --START--
INFO: ReadHtmlCache Behavior ::run [ RunTime:0.003001s ]
INFO: [ app_begin ] --END-- [ RunTime:0.005001s ]
NOTIC: [8] Undefined index: expire D:\phpstudy\WWW\dcyd\ThinkPHP\Common\functions.php Á¨¨ 549 Ë°å.
INFO: [ view_parse ] --START--
INFO: ParseTemplate Behavior ::run [ RunTime:0.044003s ]
INFO: [ view_parse ] --END-- [ RunTime:0.045003s ]
INFO: [ view_filter ] --START--
INFO: ContentReplace Behavior ::run [ RunTime:0.003000s ]
INFO: TokenBuild Behavior ::run [ RunTime:0.003000s ]
INFO: WriteHtmlCache Behavior ::run [ RunTime:0.002000s ]
INFO: ShowRuntime Behavior ::run [ RunTime:0.003001s ]
INFO: [ view_filter ] --END-- [ RunTime:0.013001s ]
NOTIC: [2] Cannot modify header information - headers already sent by (output started at D:\phpstudy\WWW\dcyd\App\Lib\Action\PopularizeAction.class.php:4) D:\phpstudy\WWW\dcyd\ThinkPHP\Lib\Core\View.class.php Á¨¨ 95 Ë°å.
NOTIC: [2] Cannot modify header information - headers already sent by (output started at D:\phpstudy\WWW\dcyd\App\Lib\Action\PopularizeAction.class.php:4) D:\phpstudy\WWW\dcyd\ThinkPHP\Lib\Core\View.class.php Á¨¨ 96 Ë°å.
NOTIC: [2] Cannot modify header information - headers already sent by (output started at D:\phpstudy\WWW\dcyd\App\Lib\Action\PopularizeAction.class.php:4) D:\phpstudy\WWW\dcyd\ThinkPHP\Lib\Core\View.class.php Á¨¨ 97 Ë°å.
INFO: [ view_end ] --START--
INFO: ShowPageTrace Behavior ::run [ RunTime:0.002000s ]
INFO: [ view_end ] --END-- [ RunTime:0.004000s ]

[ 2017-02-21T10:49:52+08:00 ] 127.0.0.1 /
INFO: [ app_begin ] --START--
INFO: ReadHtmlCache Behavior ::run [ RunTime:0.001000s ]
INFO: [ app_begin ] --END-- [ RunTime:0.003000s ]
NOTIC: [8] Undefined index: expire D:\phpstudy\WWW\dcyd\ThinkPHP\Common\functions.php Á¨¨ 549 Ë°å.
SQL: SHOW COLUMNS FROM `dcyd_article` [ RunTime:0.008000s ]
SQL: SELECT `id`,`title`,`keywords`,`lanmu`,`laiyuan`,`content`,`auth`,`describe`,`time`,`status` FROM `dcyd_article` WHERE ( lanmu=1 && status=2 )  [ RunTime:0.001000s ]
SQL: SELECT `id`,`title`,`keywords`,`lanmu`,`laiyuan`,`content`,`auth`,`describe`,`time`,`status` FROM `dcyd_article` WHERE ( lanmu=2 && status=2 )  [ RunTime:0.000000s ]
SQL: SELECT `id`,`title`,`keywords`,`lanmu`,`laiyuan`,`content`,`auth`,`describe`,`time`,`status` FROM `dcyd_article` WHERE ( lanmu=3 && status=2 )  [ RunTime:0.000000s ]
SQL: SELECT `id`,`title`,`keywords`,`lanmu`,`laiyuan`,`content`,`auth`,`describe`,`time`,`status` FROM `dcyd_article` WHERE ( lanmu=4 && status=2 )  [ RunTime:0.000000s ]
INFO: [ view_parse ] --START--
INFO: ParseTemplate Behavior ::run [ RunTime:0.057003s ]
INFO: [ view_parse ] --END-- [ RunTime:0.058003s ]
INFO: [ view_filter ] --START--
INFO: ContentReplace Behavior ::run [ RunTime:0.001000s ]
INFO: TokenBuild Behavior ::run [ RunTime:0.001000s ]
INFO: WriteHtmlCache Behavior ::run [ RunTime:0.000000s ]
INFO: ShowRuntime Behavior ::run [ RunTime:0.001001s ]
INFO: [ view_filter ] --END-- [ RunTime:0.007001s ]
INFO: [ view_end ] --START--
INFO: ShowPageTrace Behavior ::run [ RunTime:0.002000s ]
INFO: [ view_end ] --END-- [ RunTime:0.006000s ]

[ 2017-02-21T10:50:07+08:00 ] 127.0.0.1 /index.php/Manerger
INFO: [ route_check ] --START--
INFO: CheckRoute Behavior ::run [ RunTime:0.003000s ]
INFO: [ route_check ] --END-- [ RunTime:0.003000s ]
INFO: [ app_begin ] --START--
INFO: ReadHtmlCache Behavior ::run [ RunTime:0.002000s ]
INFO: [ app_begin ] --END-- [ RunTime:0.002000s ]
NOTIC: [8] Undefined index: expire D:\phpstudy\WWW\dcyd\ThinkPHP\Common\functions.php Á¨¨ 549 Ë°å.
ERR: Êó†Ê≥ïÂä†ËΩΩÊ®°Âùó:Manerger

[ 2017-02-21T10:51:06+08:00 ] 127.0.0.1 /index.php/manerger
INFO: [ route_check ] --START--
INFO: CheckRoute Behavior ::run [ RunTime:0.003000s ]
INFO: [ route_check ] --END-- [ RunTime:0.005000s ]
INFO: [ app_begin ] --START--
INFO: ReadHtmlCache Behavior ::run [ RunTime:0.002000s ]
INFO: [ app_begin ] --END-- [ RunTime:0.003000s ]
NOTIC: [8] Undefined index: expire D:\phpstudy\WWW\dcyd\ThinkPHP\Common\functions.php Á¨¨ 549 Ë°å.
ERR: Êó†Ê≥ïÂä†ËΩΩÊ®°Âùó:manerger

[ 2017-02-21T10:51:13+08:00 ] 127.0.0.1 /
INFO: [ app_begin ] --START--
INFO: ReadHtmlCache Behavior ::run [ RunTime:0.001000s ]
INFO: [ app_begin ] --END-- [ RunTime:0.003000s ]
NOTIC: [8] Undefined index: expire D:\phpstudy\WWW\dcyd\ThinkPHP\Common\functions.php Á¨¨ 549 Ë°å.
SQL: SHOW COLUMNS FROM `dcyd_article` [ RunTime:0.008000s ]
SQL: SELECT `id`,`title`,`keywords`,`lanmu`,`laiyuan`,`content`,`auth`,`describe`,`time`,`status` FROM `dcyd_article` WHERE ( lanmu=1 && status=2 )  [ RunTime:0.001000s ]
SQL: SELECT `id`,`title`,`keywords`,`lanmu`,`laiyuan`,`content`,`auth`,`describe`,`time`,`status` FROM `dcyd_article` WHERE ( lanmu=2 && status=2 )  [ RunTime:0.000000s ]
SQL: SELECT `id`,`title`,`keywords`,`lanmu`,`laiyuan`,`content`,`auth`,`describe`,`time`,`status` FROM `dcyd_article` WHERE ( lanmu=3 && status=2 )  [ RunTime:0.000000s ]
SQL: SELECT `id`,`title`,`keywords`,`lanmu`,`laiyuan`,`content`,`auth`,`describe`,`time`,`status` FROM `dcyd_article` WHERE ( lanmu=4 && status=2 )  [ RunTime:0.001000s ]
INFO: [ view_parse ] --START--
INFO: ParseTemplate Behavior ::run [ RunTime:0.058003s ]
INFO: [ view_parse ] --END-- [ RunTime:0.059004s ]
INFO: [ view_filter ] --START--
INFO: ContentReplace Behavior ::run [ RunTime:0.001000s ]
INFO: TokenBuild Behavior ::run [ RunTime:0.001000s ]
INFO: WriteHtmlCache Behavior ::run [ RunTime:0.001000s ]
INFO: ShowRuntime Behavior ::run [ RunTime:0.002000s ]
INFO: [ view_filter ] --END-- [ RunTime:0.008000s ]
INFO: [ view_end ] --START--
INFO: ShowPageTrace Behavior ::run [ RunTime:0.003000s ]
INFO: [ view_end ] --END-- [ RunTime:0.004000s ]

[ 2017-02-21T17:24:00+08:00 ] 127.0.0.1 /
INFO: [ app_begin ] --START--
INFO: ReadHtmlCache Behavior ::run [ RunTime:0.002000s ]
INFO: [ app_begin ] --END-- [ RunTime:0.003000s ]
NOTIC: [8] Undefined index: expire D:\phpstudy\WWW\dcyd\ThinkPHP\Common\functions.php Á¨¨ 549 Ë°å.
SQL: SHOW COLUMNS FROM `dcyd_article` [ RunTime:0.009001s ]
SQL: SELECT `id`,`title`,`keywords`,`lanmu`,`laiyuan`,`content`,`auth`,`describe`,`time`,`status` FROM `dcyd_article` WHERE ( lanmu=1 && status=2 )  [ RunTime:0.000000s ]
SQL: SELECT `id`,`title`,`keywords`,`lanmu`,`laiyuan`,`content`,`auth`,`describe`,`time`,`status` FROM `dcyd_article` WHERE ( lanmu=2 && status=2 )  [ RunTime:0.001000s ]
SQL: SELECT `id`,`title`,`keywords`,`lanmu`,`laiyuan`,`content`,`auth`,`describe`,`time`,`status` FROM `dcyd_article` WHERE ( lanmu=3 && status=2 )  [ RunTime:0.000000s ]
SQL: SELECT `id`,`title`,`keywords`,`lanmu`,`laiyuan`,`content`,`auth`,`describe`,`time`,`status` FROM `dcyd_article` WHERE ( lanmu=4 && status=2 )  [ RunTime:0.000000s ]
INFO: [ view_parse ] --START--
INFO: ParseTemplate Behavior ::run [ RunTime:0.058004s ]
INFO: [ view_parse ] --END-- [ RunTime:0.059004s ]
INFO: [ view_filter ] --START--
INFO: ContentReplace Behavior ::run [ RunTime:0.001000s ]
INFO: TokenBuild Behavior ::run [ RunTime:0.002000s ]
INFO: WriteHtmlCache Behavior ::run [ RunTime:0.001000s ]
INFO: ShowRuntime Behavior ::run [ RunTime:0.002000s ]
INFO: [ view_filter ] --END-- [ RunTime:0.008000s ]
INFO: [ view_end ] --START--
INFO: ShowPageTrace Behavior ::run [ RunTime:0.004000s ]
INFO: [ view_end ] --END-- [ RunTime:0.004000s ]

[ 2017-02-21T17:24:21+08:00 ] 127.0.0.1 /index.php/Popularize/popularize
INFO: [ route_check ] --START--
INFO: CheckRoute Behavior ::run [ RunTime:0.005000s ]
INFO: [ route_check ] --END-- [ RunTime:0.005000s ]
INFO: [ app_begin ] --START--
INFO: ReadHtmlCache Behavior ::run [ RunTime:0.002000s ]
INFO: [ app_begin ] --END-- [ RunTime:0.002000s ]
NOTIC: [8] Undefined index: expire D:\phpstudy\WWW\dcyd\ThinkPHP\Common\functions.php Á¨¨ 549 Ë°å.
INFO: [ view_parse ] --START--
INFO: ParseTemplate Behavior ::run [ RunTime:0.024001s ]
INFO: [ view_parse ] --END-- [ RunTime:0.026001s ]
INFO: [ view_filter ] --START--
INFO: ContentReplace Behavior ::run [ RunTime:0.002000s ]
INFO: TokenBuild Behavior ::run [ RunTime:0.001000s ]
INFO: WriteHtmlCache Behavior ::run [ RunTime:0.001000s ]
INFO: ShowRuntime Behavior ::run [ RunTime:0.002001s ]
INFO: [ view_filter ] --END-- [ RunTime:0.008001s ]
INFO: [ view_end ] --START--
INFO: ShowPageTrace Behavior ::run [ RunTime:0.003000s ]
INFO: [ view_end ] --END-- [ RunTime:0.005000s ]

[ 2017-02-21T17:30:27+08:00 ] 127.0.0.1 /index.php/Popularize/popularize
INFO: [ route_check ] --START--
INFO: CheckRoute Behavior ::run [ RunTime:0.005000s ]
INFO: [ route_check ] --END-- [ RunTime:0.005000s ]
INFO: [ app_begin ] --START--
INFO: ReadHtmlCache Behavior ::run [ RunTime:0.002000s ]
INFO: [ app_begin ] --END-- [ RunTime:0.003000s ]
NOTIC: [8] Undefined index: expire D:\phpstudy\WWW\dcyd\ThinkPHP\Common\functions.php Á¨¨ 549 Ë°å.
INFO: [ view_parse ] --START--
INFO: ParseTemplate Behavior ::run [ RunTime:0.027002s ]
INFO: [ view_parse ] --END-- [ RunTime:0.028002s ]
INFO: [ view_filter ] --START--
INFO: ContentReplace Behavior ::run [ RunTime:0.001000s ]
INFO: TokenBuild Behavior ::run [ RunTime:0.002000s ]
INFO: WriteHtmlCache Behavior ::run [ RunTime:0.001000s ]
INFO: ShowRuntime Behavior ::run [ RunTime:0.003001s ]
INFO: [ view_filter ] --END-- [ RunTime:0.009001s ]
INFO: [ view_end ] --START--
INFO: ShowPageTrace Behavior ::run [ RunTime:0.002000s ]
INFO: [ view_end ] --END-- [ RunTime:0.003000s ]

[ 2017-02-21T17:30:27+08:00 ] 127.0.0.1 /index.php/Popularize/js/jquery-3.1.0.min.js
INFO: [ route_check ] --START--
INFO: CheckRoute Behavior ::run [ RunTime:0.009001s ]
INFO: [ route_check ] --END-- [ RunTime:0.011001s ]
INFO: [ app_begin ] --START--
INFO: ReadHtmlCache Behavior ::run [ RunTime:0.004001s ]
INFO: [ app_begin ] --END-- [ RunTime:0.007001s ]
NOTIC: [8] Undefined index: expire D:\phpstudy\WWW\dcyd\ThinkPHP\Common\functions.php Á¨¨ 549 Ë°å.
ERR: ÈùûÊ≥ïÊìç‰Ωú:js

[ 2017-02-21T17:30:28+08:00 ] 127.0.0.1 /index.php/Popularize/css/media.css
INFO: [ route_check ] --START--
INFO: CheckRoute Behavior ::run [ RunTime:0.009001s ]
INFO: [ route_check ] --END-- [ RunTime:0.011001s ]
INFO: [ app_begin ] --START--
INFO: ReadHtmlCache Behavior ::run [ RunTime:0.004000s ]
INFO: [ app_begin ] --END-- [ RunTime:0.006000s ]
NOTIC: [8] Undefined index: expire D:\phpstudy\WWW\dcyd\ThinkPHP\Common\functions.php Á¨¨ 549 Ë°å.
ERR: ÈùûÊ≥ïÊìç‰Ωú:css

[ 2017-02-21T17:30:28+08:00 ] 127.0.0.1 /index.php/Popularize/css/popularize.css
INFO: [ route_check ] --START--
INFO: CheckRoute Behavior ::run [ RunTime:0.011000s ]
INFO: [ route_check ] --END-- [ RunTime:0.012000s ]
INFO: [ app_begin ] --START--
INFO: ReadHtmlCache Behavior ::run [ RunTime:0.003000s ]
INFO: [ app_begin ] --END-- [ RunTime:0.005000s ]
NOTIC: [8] Undefined index: expire D:\phpstudy\WWW\dcyd\ThinkPHP\Common\functions.php Á¨¨ 549 Ë°å.
ERR: ÈùûÊ≥ïÊìç‰Ωú:css

[ 2017-02-21T17:30:28+08:00 ] 127.0.0.1 /index.php/Popularize/js/JCheck.js
INFO: [ route_check ] --START--
INFO: CheckRoute Behavior ::run [ RunTime:0.009000s ]
INFO: [ route_check ] --END-- [ RunTime:0.011000s ]
INFO: [ app_begin ] --START--
INFO: ReadHtmlCache Behavior ::run [ RunTime:0.003000s ]
INFO: [ app_begin ] --END-- [ RunTime:0.004000s ]
NOTIC: [8] Undefined index: expire D:\phpstudy\WWW\dcyd\ThinkPHP\Common\functions.php Á¨¨ 549 Ë°å.
ERR: ÈùûÊ≥ïÊìç‰Ωú:js

[ 2017-02-21T17:34:33+08:00 ] 127.0.0.1 /index.php/Popularize/popularize
INFO: [ route_check ] --START--
INFO: CheckRoute Behavior ::run [ RunTime:0.002001s ]
INFO: [ route_check ] --END-- [ RunTime:0.004001s ]
INFO: [ app_begin ] --START--
INFO: ReadHtmlCache Behavior ::run [ RunTime:0.002000s ]
INFO: [ app_begin ] --END-- [ RunTime:0.002000s ]
NOTIC: [8] Undefined index: expire D:\phpstudy\WWW\dcyd\ThinkPHP\Common\functions.php Á¨¨ 549 Ë°å.
INFO: [ view_parse ] --START--
INFO: ParseTemplate Behavior ::run [ RunTime:0.022002s ]
INFO: [ view_parse ] --END-- [ RunTime:0.022002s ]
INFO: [ view_filter ] --START--
INFO: ContentReplace Behavior ::run [ RunTime:0.002000s ]
INFO: TokenBuild Behavior ::run [ RunTime:0.001000s ]
INFO: WriteHtmlCache Behavior ::run [ RunTime:0.001000s ]
INFO: ShowRuntime Behavior ::run [ RunTime:0.002000s ]
INFO: [ view_filter ] --END-- [ RunTime:0.008000s ]
INFO: [ view_end ] --START--
INFO: ShowPageTrace Behavior ::run [ RunTime:0.005000s ]
INFO: [ view_end ] --END-- [ RunTime:0.006000s ]

[ 2017-02-21T17:36:27+08:00 ] 127.0.0.1 /index.php/Popularize/popularize
INFO: [ route_check ] --START--
INFO: CheckRoute Behavior ::run [ RunTime:0.005001s ]
INFO: [ route_check ] --END-- [ RunTime:0.006001s ]
INFO: [ app_begin ] --START--
INFO: ReadHtmlCache Behavior ::run [ RunTime:0.002000s ]
INFO: [ app_begin ] --END-- [ RunTime:0.004000s ]
NOTIC: [8] Undefined index: expire D:\phpstudy\WWW\dcyd\ThinkPHP\Common\functions.php Á¨¨ 549 Ë°å.
INFO: [ view_parse ] --START--
INFO: ParseTemplate Behavior ::run [ RunTime:0.023001s ]
INFO: [ view_parse ] --END-- [ RunTime:0.023001s ]
INFO: [ view_filter ] --START--
INFO: ContentReplace Behavior ::run [ RunTime:0.002000s ]
INFO: TokenBuild Behavior ::run [ RunTime:0.002000s ]
INFO: WriteHtmlCache Behavior ::run [ RunTime:0.001000s ]
INFO: ShowRuntime Behavior ::run [ RunTime:0.002000s ]
INFO: [ view_filter ] --END-- [ RunTime:0.008000s ]
INFO: [ view_end ] --START--
INFO: ShowPageTrace Behavior ::run [ RunTime:0.003000s ]
INFO: [ view_end ] --END-- [ RunTime:0.005001s ]

[ 2017-02-21T17:36:58+08:00 ] 127.0.0.1 /index.php/Popularize/popularize
INFO: [ route_check ] --START--
INFO: CheckRoute Behavior ::run [ RunTime:0.004000s ]
INFO: [ route_check ] --END-- [ RunTime:0.006000s ]
INFO: [ app_begin ] --START--
INFO: ReadHtmlCache Behavior ::run [ RunTime:0.002000s ]
INFO: [ app_begin ] --END-- [ RunTime:0.004000s ]
NOTIC: [8] Undefined index: expire D:\phpstudy\WWW\dcyd\ThinkPHP\Common\functions.php Á¨¨ 549 Ë°å.
INFO: [ view_parse ] --START--
INFO: ParseTemplate Behavior ::run [ RunTime:0.021002s ]
INFO: [ view_parse ] --END-- [ RunTime:0.023002s ]
INFO: [ view_filter ] --START--
INFO: ContentReplace Behavior ::run [ RunTime:0.002000s ]
INFO: TokenBuild Behavior ::run [ RunTime:0.002000s ]
INFO: WriteHtmlCache Behavior ::run [ RunTime:0.001000s ]
INFO: ShowRuntime Behavior ::run [ RunTime:0.002000s ]
INFO: [ view_filter ] --END-- [ RunTime:0.008000s ]
INFO: [ view_end ] --START--
INFO: ShowPageTrace Behavior ::run [ RunTime:0.002000s ]
INFO: [ view_end ] --END-- [ RunTime:0.002000s ]

[ 2017-02-21T17:39:58+08:00 ] 127.0.0.1 /index.php/Popularize/popularize
INFO: [ route_check ] --START--
INFO: CheckRoute Behavior ::run [ RunTime:0.005000s ]
INFO: [ route_check ] --END-- [ RunTime:0.006000s ]
INFO: [ app_begin ] --START--
INFO: ReadHtmlCache Behavior ::run [ RunTime:0.002001s ]
INFO: [ app_begin ] --END-- [ RunTime:0.004001s ]
NOTIC: [8] Undefined index: expire D:\phpstudy\WWW\dcyd\ThinkPHP\Common\functions.php Á¨¨ 549 Ë°å.
INFO: [ view_parse ] --START--
INFO: ParseTemplate Behavior ::run [ RunTime:0.028002s ]
INFO: [ view_parse ] --END-- [ RunTime:0.029002s ]
INFO: [ view_filter ] --START--
INFO: ContentReplace Behavior ::run [ RunTime:0.001000s ]
INFO: TokenBuild Behavior ::run [ RunTime:0.002000s ]
INFO: WriteHtmlCache Behavior ::run [ RunTime:0.001000s ]
INFO: ShowRuntime Behavior ::run [ RunTime:0.003000s ]
INFO: [ view_filter ] --END-- [ RunTime:0.009000s ]
INFO: [ view_end ] --START--
INFO: ShowPageTrace Behavior ::run [ RunTime:0.004001s ]
INFO: [ view_end ] --END-- [ RunTime:0.006001s ]

[ 2017-02-21T18:14:08+08:00 ] 127.0.0.1 /index.php/Popularize/popularize
INFO: [ route_check ] --START--
INFO: CheckRoute Behavior ::run [ RunTime:0.003000s ]
INFO: [ route_check ] --END-- [ RunTime:0.003000s ]
INFO: [ app_begin ] --START--
INFO: ReadHtmlCache Behavior ::run [ RunTime:0.001000s ]
INFO: [ app_begin ] --END-- [ RunTime:0.003000s ]
NOTIC: [8] Undefined index: expire D:\phpstudy\WWW\dcyd\ThinkPHP\Common\functions.php Á¨¨ 549 Ë°å.
INFO: [ view_parse ] --START--
INFO: ParseTemplate Behavior ::run [ RunTime:0.018001s ]
INFO: [ view_parse ] --END-- [ RunTime:0.018001s ]
INFO: [ view_filter ] --START--
INFO: ContentReplace Behavior ::run [ RunTime:0.002000s ]
INFO: TokenBuild Behavior ::run [ RunTime:0.002000s ]
INFO: WriteHtmlCache Behavior ::run [ RunTime:0.001000s ]
INFO: ShowRuntime Behavior ::run [ RunTime:0.002000s ]
INFO: [ view_filter ] --END-- [ RunTime:0.008000s ]
INFO: [ view_end ] --START--
INFO: ShowPageTrace Behavior ::run [ RunTime:0.004001s ]
INFO: [ view_end ] --END-- [ RunTime:0.005001s ]

[ 2017-02-21T18:23:59+08:00 ] 127.0.0.1 /index.php/Popularize/popularize
INFO: [ route_check ] --START--
INFO: CheckRoute Behavior ::run [ RunTime:0.005000s ]
INFO: [ route_check ] --END-- [ RunTime:0.005000s ]
INFO: [ app_begin ] --START--
INFO: ReadHtmlCache Behavior ::run [ RunTime:0.003000s ]
INFO: [ app_begin ] --END-- [ RunTime:0.003000s ]
NOTIC: [8] Undefined index: expire D:\phpstudy\WWW\dcyd\ThinkPHP\Common\functions.php Á¨¨ 549 Ë°å.
INFO: [ view_parse ] --START--
INFO: ParseTemplate Behavior ::run [ RunTime:0.027002s ]
INFO: [ view_parse ] --END-- [ RunTime:0.027002s ]
INFO: [ view_filter ] --START--
INFO: ContentReplace Behavior ::run [ RunTime:0.001000s ]
INFO: TokenBuild Behavior ::run [ RunTime:0.002000s ]
INFO: WriteHtmlCache Behavior ::run [ RunTime:0.001000s ]
INFO: ShowRuntime Behavior ::run [ RunTime:0.002000s ]
INFO: [ view_filter ] --END-- [ RunTime:0.008000s ]
INFO: [ view_end ] --START--
INFO: ShowPageTrace Behavior ::run [ RunTime:0.002000s ]
INFO: [ view_end ] --END-- [ RunTime:0.002000s ]

[ 2017-02-21T18:24:12+08:00 ] 127.0.0.1 /index.php/Popularize/check_phone.html?phonefree=15898541200
INFO: [ route_check ] --START--
INFO: CheckRoute Behavior ::run [ RunTime:0.004001s ]
INFO: [ route_check ] --END-- [ RunTime:0.005001s ]
INFO: [ app_begin ] --START--
INFO: ReadHtmlCache Behavior ::run [ RunTime:0.003000s ]
INFO: [ app_begin ] --END-- [ RunTime:0.004000s ]
NOTIC: [8] Undefined index: expire D:\phpstudy\WWW\dcyd\ThinkPHP\Common\functions.php Á¨¨ 549 Ë°å.
NOTIC: Âª∫ËÆÆ‰ΩøÁî®IÊñπÊ≥ïÊõø‰ª£_get
SQL: SHOW COLUMNS FROM `dcyd_popufree` [ RunTime:0.011000s ]
SQL: SELECT `id` FROM `dcyd_popufree` WHERE ( phonefree=15898541200 ) LIMIT 1   [ RunTime:0.001000s ]

[ 2017-02-21T18:24:16+08:00 ] 127.0.0.1 /index.php/Popularize/freesend.html
INFO: [ route_check ] --START--
INFO: CheckRoute Behavior ::run [ RunTime:0.004000s ]
INFO: [ route_check ] --END-- [ RunTime:0.006000s ]
INFO: [ app_begin ] --START--
INFO: ReadHtmlCache Behavior ::run [ RunTime:0.002000s ]
INFO: [ app_begin ] --END-- [ RunTime:0.004000s ]
NOTIC: [8] Undefined index: expire D:\phpstudy\WWW\dcyd\ThinkPHP\Common\functions.php Á¨¨ 549 Ë°å.
SQL: SHOW COLUMNS FROM `dcyd_popufree` [ RunTime:0.007001s ]
NOTIC: Âª∫ËÆÆ‰ΩøÁî®IÊñπÊ≥ïÊõø‰ª£_post
NOTIC: Âª∫ËÆÆ‰ΩøÁî®IÊñπÊ≥ïÊõø‰ª£_post
NOTIC: Âª∫ËÆÆ‰ΩøÁî®IÊñπÊ≥ïÊõø‰ª£_post
SQL: INSERT INTO `dcyd_popufree` (`phonefree`,`namefree`,`sexfree`,`time`) VALUES ('15898541200','Âº†‰∏â',1,1487672656) [ RunTime:0.000000s ]

[ 2017-02-21T18:25:56+08:00 ] 127.0.0.1 /index.php/Popularize/check_phones.html?phone=18911111111
INFO: [ route_check ] --START--
INFO: CheckRoute Behavior ::run [ RunTime:0.008000s ]
INFO: [ route_check ] --END-- [ RunTime:0.009000s ]
INFO: [ app_begin ] --START--
INFO: ReadHtmlCache Behavior ::run [ RunTime:0.003000s ]
INFO: [ app_begin ] --END-- [ RunTime:0.005000s ]
NOTIC: [8] Undefined index: expire D:\phpstudy\WWW\dcyd\ThinkPHP\Common\functions.php Á¨¨ 549 Ë°å.
NOTIC: Âª∫ËÆÆ‰ΩøÁî®IÊñπÊ≥ïÊõø‰ª£_get
SQL: SHOW COLUMNS FROM `dcyd_popuques` [ RunTime:0.009001s ]
SQL: SELECT `id` FROM `dcyd_popuques` WHERE ( phone=18911111111 ) LIMIT 1   [ RunTime:0.001000s ]

[ 2017-02-21T18:26:01+08:00 ] 127.0.0.1 /index.php/Popularize/subques.html
INFO: [ route_check ] --START--
INFO: CheckRoute Behavior ::run [ RunTime:0.005001s ]
INFO: [ route_check ] --END-- [ RunTime:0.005001s ]
INFO: [ app_begin ] --START--
INFO: ReadHtmlCache Behavior ::run [ RunTime:0.003000s ]
INFO: [ app_begin ] --END-- [ RunTime:0.003000s ]
NOTIC: [8] Undefined index: expire D:\phpstudy\WWW\dcyd\ThinkPHP\Common\functions.php Á¨¨ 549 Ë°å.
SQL: SHOW COLUMNS FROM `dcyd_popuques` [ RunTime:0.008000s ]
NOTIC: Âª∫ËÆÆ‰ΩøÁî®IÊñπÊ≥ïÊõø‰ª£_post
NOTIC: Âª∫ËÆÆ‰ΩøÁî®IÊñπÊ≥ïÊõø‰ª£_post
NOTIC: Âª∫ËÆÆ‰ΩøÁî®IÊñπÊ≥ïÊõø‰ª£_post
NOTIC: Âª∫ËÆÆ‰ΩøÁî®IÊñπÊ≥ïÊõø‰ª£_post
SQL: INSERT INTO `dcyd_popuques` (`question`,`phone`,`name`,`sex`,`time`) VALUES ('ÊàëË¶ÅÊå£Â§ßÈí\±','18911111111','Âº†ÊÄ\ù',1,1487672760) [ RunTime:0.001000s ]

[ 2017-02-21T18:28:01+08:00 ] 127.0.0.1 /index.php/Popularize/popularize
INFO: [ route_check ] --START--
INFO: CheckRoute Behavior ::run [ RunTime:0.005000s ]
INFO: [ route_check ] --END-- [ RunTime:0.006000s ]
INFO: [ app_begin ] --START--
INFO: ReadHtmlCache Behavior ::run [ RunTime:0.002000s ]
INFO: [ app_begin ] --END-- [ RunTime:0.003000s ]
NOTIC: [8] Undefined index: expire D:\phpstudy\WWW\dcyd\ThinkPHP\Common\functions.php Á¨¨ 549 Ë°å.
INFO: [ view_parse ] --START--
INFO: ParseTemplate Behavior ::run [ RunTime:0.028002s ]
INFO: [ view_parse ] --END-- [ RunTime:0.029002s ]
INFO: [ view_filter ] --START--
INFO: ContentReplace Behavior ::run [ RunTime:0.001000s ]
INFO: TokenBuild Behavior ::run [ RunTime:0.001000s ]
INFO: WriteHtmlCache Behavior ::run [ RunTime:0.000000s ]
INFO: ShowRuntime Behavior ::run [ RunTime:0.002000s ]
INFO: [ view_filter ] --END-- [ RunTime:0.008000s ]
INFO: [ view_end ] --START--
INFO: ShowPageTrace Behavior ::run [ RunTime:0.003001s ]
INFO: [ view_end ] --END-- [ RunTime:0.004001s ]

