[ 2017-04-20T08:51:26+08:00 ] 127.0.0.1 /
INFO: [ app_begin ] --START--
INFO: ReadHtmlCache Behavior ::run [ RunTime:0.004000s ]
INFO: [ app_begin ] --END-- [ RunTime:0.008000s ]
NOTIC: [8] Undefined index: expire D:\phpstudy\WWW\dcyd\ThinkPHP\Common\functions.php 第 549 行.
SQL: SHOW COLUMNS FROM `dcyd_article` [ RunTime:0.006000s ]
SQL: SELECT `id`,`title`,`keywords`,`lanmu`,`laiyuan`,`content`,`auth`,`describe`,`time`,`status` FROM `dcyd_article` WHERE ( lanmu=1 && status=2 )  [ RunTime:0.003000s ]
SQL: SELECT `id`,`title`,`keywords`,`lanmu`,`laiyuan`,`content`,`auth`,`describe`,`time`,`status` FROM `dcyd_article` WHERE ( lanmu=2 && status=2 )  [ RunTime:0.000000s ]
SQL: SELECT `id`,`title`,`keywords`,`lanmu`,`laiyuan`,`content`,`auth`,`describe`,`time`,`status` FROM `dcyd_article` WHERE ( lanmu=3 && status=2 )  [ RunTime:0.001000s ]
SQL: SELECT `id`,`title`,`keywords`,`lanmu`,`laiyuan`,`content`,`auth`,`describe`,`time`,`status` FROM `dcyd_article` WHERE ( lanmu=4 && status=2 )  [ RunTime:0.000000s ]
SQL: SHOW COLUMNS FROM `dcyd_view` [ RunTime:0.006000s ]
SQL: SELECT `id`,`kname`,`name`,`url`,`title`,`money`,`introduce`,`chapternum`,`kctitle`,`img` FROM `dcyd_view` WHERE ( kname = '系列专题' ) GROUP BY kctitle LIMIT 3   [ RunTime:0.005001s ]
SQL: SELECT `id`,`kname`,`name`,`url`,`title`,`money`,`introduce`,`chapternum`,`kctitle`,`img` FROM `dcyd_view` WHERE ( kname = '专家精选' ) GROUP BY kctitle LIMIT 3   [ RunTime:0.004000s ]
SQL: SHOW COLUMNS FROM `dcyd_open_course_type` [ RunTime:0.006001s ]
SQL: SELECT `id`,`tname`,`cost`,`days`,`img` FROM `dcyd_open_course_type`  [ RunTime:0.000000s ]
SQL: SHOW COLUMNS FROM `dcyd_teacher` [ RunTime:0.006000s ]
SQL: SELECT `id`,`name`,`timg`,`explain` FROM `dcyd_teacher`  [ RunTime:0.000000s ]
SQL: SHOW COLUMNS FROM `dcyd_question_type` [ RunTime:0.006001s ]
SQL: SELECT `id`,`name` FROM `dcyd_question_type`  [ RunTime:0.001000s ]
INFO: [ view_parse ] --START--
NOTIC: [8] Undefined index: admins D:\phpstudy\WWW\dcyd\App\Runtime\Cache\a43ee091293c08b425f9e73d2888eec8.php 第 108 行.
NOTIC: [8] Undefined index: id D:\phpstudy\WWW\dcyd\App\Runtime\Cache\a43ee091293c08b425f9e73d2888eec8.php 第 490 行.
NOTIC: [8] Undefined index: id D:\phpstudy\WWW\dcyd\App\Runtime\Cache\a43ee091293c08b425f9e73d2888eec8.php 第 490 行.
NOTIC: [8] Undefined index: id D:\phpstudy\WWW\dcyd\App\Runtime\Cache\a43ee091293c08b425f9e73d2888eec8.php 第 490 行.
NOTIC: [8] Undefined index: id D:\phpstudy\WWW\dcyd\App\Runtime\Cache\a43ee091293c08b425f9e73d2888eec8.php 第 490 行.
NOTIC: [8] Undefined index: id D:\phpstudy\WWW\dcyd\App\Runtime\Cache\a43ee091293c08b425f9e73d2888eec8.php 第 490 行.
NOTIC: [8] Undefined index: id D:\phpstudy\WWW\dcyd\App\Runtime\Cache\a43ee091293c08b425f9e73d2888eec8.php 第 490 行.
NOTIC: [8] Undefined index: id D:\phpstudy\WWW\dcyd\App\Runtime\Cache\a43ee091293c08b425f9e73d2888eec8.php 第 490 行.
NOTIC: [8] Undefined index: id D:\phpstudy\WWW\dcyd\App\Runtime\Cache\a43ee091293c08b425f9e73d2888eec8.php 第 490 行.
NOTIC: [8] Undefined index: id D:\phpstudy\WWW\dcyd\App\Runtime\Cache\a43ee091293c08b425f9e73d2888eec8.php 第 490 行.
INFO: ParseTemplate Behavior ::run [ RunTime:0.236014s ]
INFO: [ view_parse ] --END-- [ RunTime:0.236014s ]
INFO: [ view_filter ] --START--
INFO: ContentReplace Behavior ::run [ RunTime:0.002000s ]
INFO: TokenBuild Behavior ::run [ RunTime:0.002000s ]
INFO: WriteHtmlCache Behavior ::run [ RunTime:0.002000s ]
INFO: ShowRuntime Behavior ::run [ RunTime:0.003000s ]
INFO: [ view_filter ] --END-- [ RunTime:0.011000s ]
INFO: [ view_end ] --START--
INFO: ShowPageTrace Behavior ::run [ RunTime:0.004001s ]
INFO: [ view_end ] --END-- [ RunTime:0.004001s ]

[ 2017-04-20T08:51:31+08:00 ] 127.0.0.1 /
INFO: [ app_begin ] --START--
INFO: ReadHtmlCache Behavior ::run [ RunTime:0.003000s ]
INFO: [ app_begin ] --END-- [ RunTime:0.005000s ]
NOTIC: [8] Undefined index: expire D:\phpstudy\WWW\dcyd\ThinkPHP\Common\functions.php 第 549 行.
SQL: SHOW COLUMNS FROM `dcyd_article` [ RunTime:0.005001s ]
SQL: SELECT `id`,`title`,`keywords`,`lanmu`,`laiyuan`,`content`,`auth`,`describe`,`time`,`status` FROM `dcyd_article` WHERE ( lanmu=1 && status=2 )  [ RunTime:0.000000s ]
SQL: SELECT `id`,`title`,`keywords`,`lanmu`,`laiyuan`,`content`,`auth`,`describe`,`time`,`status` FROM `dcyd_article` WHERE ( lanmu=2 && status=2 )  [ RunTime:0.001000s ]
SQL: SELECT `id`,`title`,`keywords`,`lanmu`,`laiyuan`,`content`,`auth`,`describe`,`time`,`status` FROM `dcyd_article` WHERE ( lanmu=3 && status=2 )  [ RunTime:0.001000s ]
SQL: SELECT `id`,`title`,`keywords`,`lanmu`,`laiyuan`,`content`,`auth`,`describe`,`time`,`status` FROM `dcyd_article` WHERE ( lanmu=4 && status=2 )  [ RunTime:0.000000s ]
SQL: SHOW COLUMNS FROM `dcyd_view` [ RunTime:0.005001s ]
SQL: SELECT `id`,`kname`,`name`,`url`,`title`,`money`,`introduce`,`chapternum`,`kctitle`,`img` FROM `dcyd_view` WHERE ( kname = '系列专题' ) GROUP BY kctitle LIMIT 3   [ RunTime:0.004000s ]
SQL: SELECT `id`,`kname`,`name`,`url`,`title`,`money`,`introduce`,`chapternum`,`kctitle`,`img` FROM `dcyd_view` WHERE ( kname = '专家精选' ) GROUP BY kctitle LIMIT 3   [ RunTime:0.004000s ]
SQL: SHOW COLUMNS FROM `dcyd_open_course_type` [ RunTime:0.004000s ]
SQL: SELECT `id`,`tname`,`cost`,`days`,`img` FROM `dcyd_open_course_type`  [ RunTime:0.000000s ]
SQL: SHOW COLUMNS FROM `dcyd_teacher` [ RunTime:0.004000s ]
SQL: SELECT `id`,`name`,`timg`,`explain` FROM `dcyd_teacher`  [ RunTime:0.000000s ]
SQL: SHOW COLUMNS FROM `dcyd_question_type` [ RunTime:0.004001s ]
SQL: SELECT `id`,`name` FROM `dcyd_question_type`  [ RunTime:0.001000s ]
INFO: [ view_parse ] --START--
NOTIC: [8] Undefined index: admins D:\phpstudy\WWW\dcyd\App\Runtime\Cache\a43ee091293c08b425f9e73d2888eec8.php 第 108 行.
NOTIC: [8] Undefined index: id D:\phpstudy\WWW\dcyd\App\Runtime\Cache\a43ee091293c08b425f9e73d2888eec8.php 第 490 行.
NOTIC: [8] Undefined index: id D:\phpstudy\WWW\dcyd\App\Runtime\Cache\a43ee091293c08b425f9e73d2888eec8.php 第 490 行.
NOTIC: [8] Undefined index: id D:\phpstudy\WWW\dcyd\App\Runtime\Cache\a43ee091293c08b425f9e73d2888eec8.php 第 490 行.
NOTIC: [8] Undefined index: id D:\phpstudy\WWW\dcyd\App\Runtime\Cache\a43ee091293c08b425f9e73d2888eec8.php 第 490 行.
NOTIC: [8] Undefined index: id D:\phpstudy\WWW\dcyd\App\Runtime\Cache\a43ee091293c08b425f9e73d2888eec8.php 第 490 行.
NOTIC: [8] Undefined index: id D:\phpstudy\WWW\dcyd\App\Runtime\Cache\a43ee091293c08b425f9e73d2888eec8.php 第 490 行.
NOTIC: [8] Undefined index: id D:\phpstudy\WWW\dcyd\App\Runtime\Cache\a43ee091293c08b425f9e73d2888eec8.php 第 490 行.
NOTIC: [8] Undefined index: id D:\phpstudy\WWW\dcyd\App\Runtime\Cache\a43ee091293c08b425f9e73d2888eec8.php 第 490 行.
NOTIC: [8] Undefined index: id D:\phpstudy\WWW\dcyd\App\Runtime\Cache\a43ee091293c08b425f9e73d2888eec8.php 第 490 行.
INFO: ParseTemplate Behavior ::run [ RunTime:0.226013s ]
INFO: [ view_parse ] --END-- [ RunTime:0.228013s ]
INFO: [ view_filter ] --START--
INFO: ContentReplace Behavior ::run [ RunTime:0.002000s ]
INFO: TokenBuild Behavior ::run [ RunTime:0.002000s ]
INFO: WriteHtmlCache Behavior ::run [ RunTime:0.001000s ]
INFO: ShowRuntime Behavior ::run [ RunTime:0.002000s ]
INFO: [ view_filter ] --END-- [ RunTime:0.007000s ]
INFO: [ view_end ] --START--
INFO: ShowPageTrace Behavior ::run [ RunTime:0.004000s ]
INFO: [ view_end ] --END-- [ RunTime:0.005000s ]

[ 2017-04-20T08:54:22+08:00 ] 127.0.0.1 /index.php/Index/kce.html
INFO: [ route_check ] --START--
INFO: CheckRoute Behavior ::run [ RunTime:0.005000s ]
INFO: [ route_check ] --END-- [ RunTime:0.007000s ]
INFO: [ app_begin ] --START--
INFO: ReadHtmlCache Behavior ::run [ RunTime:0.003000s ]
INFO: [ app_begin ] --END-- [ RunTime:0.004001s ]
NOTIC: [8] Undefined index: expire D:\phpstudy\WWW\dcyd\ThinkPHP\Common\functions.php 第 549 行.
SQL: SHOW COLUMNS FROM `dcyd_view` [ RunTime:0.005001s ]
NOTIC: [8] Undefined index: name D:\phpstudy\WWW\dcyd\App\Lib\Action\IndexAction.class.php 第 125 行.
SQL: SELECT `id`,`kname`,`zname`,`name`,`title`,`img`,`kctitle` FROM `dcyd_view` WHERE (  chapternum = 1  )  [ RunTime:0.001000s ]
SQL: SHOW COLUMNS FROM `dcyd_viewkinds` [ RunTime:0.004000s ]
SQL: SELECT `id`,`kind` FROM `dcyd_viewkinds`  [ RunTime:0.000000s ]
SQL: SHOW COLUMNS FROM `dcyd_viewclass` [ RunTime:0.004001s ]
SQL: SELECT DISTINCT  `id`,`fname`,`zname` FROM `dcyd_viewclass` WHERE ( fname = '系列专题' ) GROUP BY zname  [ RunTime:0.004000s ]
SQL: SHOW COLUMNS FROM `dcyd_teacher` [ RunTime:0.004000s ]
SQL: SELECT DISTINCT  `id`,`name` FROM `dcyd_teacher`  [ RunTime:0.001000s ]
SQL: SELECT `id`,`kname`,`name`,`zname`,`url`,`title`,`money`,`introduce`,`chapternum`,`kctitle`,`img` FROM `dcyd_view` WHERE ( kname = '' and chapternum = 1  )  [ RunTime:0.000000s ]
INFO: [ view_parse ] --START--
NOTIC: [2] file_get_contents(../App/Tpl/Public/xxk.html) [<a href='function.file-get-contents'>function.file-get-contents</a>]: failed to open stream: No such file or directory D:\phpstudy\WWW\dcyd\ThinkPHP\Lib\Template\ThinkTemplate.class.php 第 695 行.
NOTIC: [8] Undefined index: admins D:\phpstudy\WWW\dcyd\App\Runtime\Cache\7c242b0f29e23d855be13ac11d5ab751.php 第 255 行.
NOTIC: [8] Use of undefined constant Index - assumed 'Index' D:\phpstudy\WWW\dcyd\App\Runtime\Cache\7c242b0f29e23d855be13ac11d5ab751.php 第 330 行.
NOTIC: [8] Use of undefined constant kce - assumed 'kce' D:\phpstudy\WWW\dcyd\App\Runtime\Cache\7c242b0f29e23d855be13ac11d5ab751.php 第 330 行.
NOTIC: [2] Division by zero D:\phpstudy\WWW\dcyd\App\Runtime\Cache\7c242b0f29e23d855be13ac11d5ab751.php 第 330 行.
INFO: ParseTemplate Behavior ::run [ RunTime:0.102006s ]
INFO: [ view_parse ] --END-- [ RunTime:0.104006s ]
INFO: [ view_filter ] --START--
INFO: ContentReplace Behavior ::run [ RunTime:0.002000s ]
INFO: TokenBuild Behavior ::run [ RunTime:0.002000s ]
INFO: WriteHtmlCache Behavior ::run [ RunTime:0.001000s ]
INFO: ShowRuntime Behavior ::run [ RunTime:0.003000s ]
INFO: [ view_filter ] --END-- [ RunTime:0.009000s ]
INFO: [ view_end ] --START--
INFO: ShowPageTrace Behavior ::run [ RunTime:0.002001s ]
INFO: [ view_end ] --END-- [ RunTime:0.003001s ]

[ 2017-04-20T08:54:24+08:00 ] 127.0.0.1 /index.php/Index/visual.html?id=1&kname=%E7%B3%BB%E5%88%97%E4%B8%93%E9%A2%98&name=%E5%88%98%E5%9B%BD%E4%B8%9C&kctitle=111111&title=%E4%BD%8F%E5%88%AB%E5%A2%8511%E6%94%BE%E5%88%B0%E7%9A%84
INFO: [ route_check ] --START--
INFO: CheckRoute Behavior ::run [ RunTime:0.005000s ]
INFO: [ route_check ] --END-- [ RunTime:0.005000s ]
INFO: [ app_begin ] --START--
INFO: ReadHtmlCache Behavior ::run [ RunTime:0.002000s ]
INFO: [ app_begin ] --END-- [ RunTime:0.003001s ]
NOTIC: [8] Undefined index: expire D:\phpstudy\WWW\dcyd\ThinkPHP\Common\functions.php 第 549 行.
SQL: SHOW COLUMNS FROM `dcyd_view` [ RunTime:0.005001s ]
SQL: SELECT `id`,`kname`,`name`,`url`,`title`,`money`,`introduce`,`chapternum`,`kctitle`,`img` FROM `dcyd_view` WHERE (  name = "刘国东 " and kname = "系列专题" and id =  1 ) LIMIT 1   [ RunTime:0.001000s ]
SQL: SELECT `id`,`kname`,`name`,`url`,`title`,`money`,`introduce`,`chapternum`,`kctitle`,`img` FROM `dcyd_view` WHERE ( name='刘国东' and kname='系列专题' and kctitle='111111' )  [ RunTime:0.000000s ]
SQL: SELECT `name` FROM `dcyd_view` WHERE ( id = 1 ) LIMIT 1   [ RunTime:0.001000s ]
SQL: SHOW COLUMNS FROM `dcyd_teacher` [ RunTime:0.005001s ]
SQL: SELECT `name`,`timg`,`explain` FROM `dcyd_teacher` WHERE ( name='刘国东' ) LIMIT 1   [ RunTime:0.001000s ]
SQL: SHOW COLUMNS FROM `dcyd_vevaluate` [ RunTime:0.004000s ]
SQL: SELECT COUNT(*) AS tp_count FROM `dcyd_vevaluate` WHERE ( dcyd_vevaluate.viewid=1 ) LIMIT 1   [ RunTime:0.001000s ]
SQL: SELECT dcyd_vevaluate.content content,dcyd_vevaluate.addtime addtime,dcyd_user.nickname name,dcyd_user.img img FROM `dcyd_vevaluate` inner join dcyd_user on dcyd_vevaluate.uid=dcyd_user.id WHERE ( dcyd_vevaluate.viewid=1 ) ORDER BY addtime desc LIMIT 0,4   [ RunTime:0.000000s ]
NOTIC: [2] Invalid argument supplied for foreach() D:\phpstudy\WWW\dcyd\App\Lib\Action\IndexAction.class.php 第 213 行.
INFO: [ view_parse ] --START--
NOTIC: [2] file_get_contents(../App/Tpl/Public/xxk.html) [<a href='function.file-get-contents'>function.file-get-contents</a>]: failed to open stream: No such file or directory D:\phpstudy\WWW\dcyd\ThinkPHP\Lib\Template\ThinkTemplate.class.php 第 695 行.
NOTIC: [8] Undefined index: admins D:\phpstudy\WWW\dcyd\App\Runtime\Cache\c7802c94a24c59705130d53d526e389f.php 第 331 行.
INFO: ParseTemplate Behavior ::run [ RunTime:0.084005s ]
INFO: [ view_parse ] --END-- [ RunTime:0.085005s ]
INFO: [ view_filter ] --START--
INFO: ContentReplace Behavior ::run [ RunTime:0.002000s ]
INFO: TokenBuild Behavior ::run [ RunTime:0.002000s ]
INFO: WriteHtmlCache Behavior ::run [ RunTime:0.001000s ]
INFO: ShowRuntime Behavior ::run [ RunTime:0.002000s ]
INFO: [ view_filter ] --END-- [ RunTime:0.009000s ]
INFO: [ view_end ] --START--
INFO: ShowPageTrace Behavior ::run [ RunTime:0.002000s ]
INFO: [ view_end ] --END-- [ RunTime:0.003000s ]

[ 2017-04-20T08:54:29+08:00 ] 127.0.0.1 /index.php/Index/kcjs.html
INFO: [ route_check ] --START--
INFO: CheckRoute Behavior ::run [ RunTime:0.005000s ]
INFO: [ route_check ] --END-- [ RunTime:0.007000s ]
INFO: [ app_begin ] --START--
INFO: ReadHtmlCache Behavior ::run [ RunTime:0.003001s ]
INFO: [ app_begin ] --END-- [ RunTime:0.004001s ]
NOTIC: [8] Undefined index: expire D:\phpstudy\WWW\dcyd\ThinkPHP\Common\functions.php 第 549 行.
NOTIC: [8] Undefined index: id D:\phpstudy\WWW\dcyd\App\Lib\Action\IndexAction.class.php 第 227 行.
SQL: SHOW COLUMNS FROM `dcyd_video` [ RunTime:0.004000s ]
SQL: SELECT `chapternum`,`title`,`introduce` FROM `dcyd_video` WHERE ( id =  )  [ RunTime:0.000000s ]
ERR: 1064:You have an error in your SQL syntax; check the manual that corresponds to your MySQL server version for the right syntax to use near ')' at line 1
 [ SQL语句 ] : SELECT `chapternum`,`title`,`introduce` FROM `dcyd_video` WHERE ( id =  ) 
ERR: 模板不存在[../App/Tpl/Index/kcjs.html]

[ 2017-04-20T08:54:33+08:00 ] 127.0.0.1 /index.php/Index/visual/id/1/kname/%E7%B3%BB%E5%88%97%E4%B8%93%E9%A2%98/name/%E5%88%98%E5%9B%BD%E4%B8%9C/kctitle/111111/title/%E4%BD%8F%E5%88%AB%E5%A2%8511%E6%94%BE%E5%88%B0%E7%9A%84/p/2.html
INFO: [ route_check ] --START--
INFO: CheckRoute Behavior ::run [ RunTime:0.008001s ]
INFO: [ route_check ] --END-- [ RunTime:0.008001s ]
INFO: [ app_begin ] --START--
INFO: ReadHtmlCache Behavior ::run [ RunTime:0.002000s ]
INFO: [ app_begin ] --END-- [ RunTime:0.002000s ]
NOTIC: [8] Undefined index: expire D:\phpstudy\WWW\dcyd\ThinkPHP\Common\functions.php 第 549 行.
SQL: SHOW COLUMNS FROM `dcyd_view` [ RunTime:0.004000s ]
SQL: SELECT `id`,`kname`,`name`,`url`,`title`,`money`,`introduce`,`chapternum`,`kctitle`,`img` FROM `dcyd_view` WHERE (  name = "刘国东 " and kname = "系列专题" and id =  1 ) LIMIT 1   [ RunTime:0.000000s ]
SQL: SELECT `id`,`kname`,`name`,`url`,`title`,`money`,`introduce`,`chapternum`,`kctitle`,`img` FROM `dcyd_view` WHERE ( name='刘国东' and kname='系列专题' and kctitle='111111' )  [ RunTime:0.001000s ]
SQL: SELECT `name` FROM `dcyd_view` WHERE ( id = 1 ) LIMIT 1   [ RunTime:0.001000s ]
SQL: SHOW COLUMNS FROM `dcyd_teacher` [ RunTime:0.005000s ]
SQL: SELECT `name`,`timg`,`explain` FROM `dcyd_teacher` WHERE ( name='刘国东' ) LIMIT 1   [ RunTime:0.000000s ]
SQL: SHOW COLUMNS FROM `dcyd_vevaluate` [ RunTime:0.004000s ]
SQL: SELECT COUNT(*) AS tp_count FROM `dcyd_vevaluate` WHERE ( dcyd_vevaluate.viewid=1 ) LIMIT 1   [ RunTime:0.000000s ]
SQL: SELECT dcyd_vevaluate.content content,dcyd_vevaluate.addtime addtime,dcyd_user.nickname name,dcyd_user.img img FROM `dcyd_vevaluate` inner join dcyd_user on dcyd_vevaluate.uid=dcyd_user.id WHERE ( dcyd_vevaluate.viewid=1 ) ORDER BY addtime desc LIMIT 0,4   [ RunTime:0.001000s ]
NOTIC: [2] Invalid argument supplied for foreach() D:\phpstudy\WWW\dcyd\App\Lib\Action\IndexAction.class.php 第 213 行.
INFO: [ view_parse ] --START--
NOTIC: [2] file_get_contents(../App/Tpl/Public/xxk.html) [<a href='function.file-get-contents'>function.file-get-contents</a>]: failed to open stream: No such file or directory D:\phpstudy\WWW\dcyd\ThinkPHP\Lib\Template\ThinkTemplate.class.php 第 695 行.
NOTIC: [8] Undefined index: admins D:\phpstudy\WWW\dcyd\App\Runtime\Cache\c7802c94a24c59705130d53d526e389f.php 第 331 行.
INFO: ParseTemplate Behavior ::run [ RunTime:0.081005s ]
INFO: [ view_parse ] --END-- [ RunTime:0.081005s ]
INFO: [ view_filter ] --START--
INFO: ContentReplace Behavior ::run [ RunTime:0.002000s ]
INFO: TokenBuild Behavior ::run [ RunTime:0.002000s ]
INFO: WriteHtmlCache Behavior ::run [ RunTime:0.001000s ]
INFO: ShowRuntime Behavior ::run [ RunTime:0.003000s ]
INFO: [ view_filter ] --END-- [ RunTime:0.009000s ]
INFO: [ view_end ] --START--
INFO: ShowPageTrace Behavior ::run [ RunTime:0.004000s ]
INFO: [ view_end ] --END-- [ RunTime:0.005000s ]

[ 2017-04-20T08:54:38+08:00 ] 127.0.0.1 /index.php/Index/kcjs.html
INFO: [ route_check ] --START--
INFO: CheckRoute Behavior ::run [ RunTime:0.005000s ]
INFO: [ route_check ] --END-- [ RunTime:0.006000s ]
INFO: [ app_begin ] --START--
INFO: ReadHtmlCache Behavior ::run [ RunTime:0.003000s ]
INFO: [ app_begin ] --END-- [ RunTime:0.004000s ]
NOTIC: [8] Undefined index: expire D:\phpstudy\WWW\dcyd\ThinkPHP\Common\functions.php 第 549 行.
NOTIC: [8] Undefined index: id D:\phpstudy\WWW\dcyd\App\Lib\Action\IndexAction.class.php 第 227 行.
SQL: SHOW COLUMNS FROM `dcyd_video` [ RunTime:0.005000s ]
SQL: SELECT `chapternum`,`title`,`introduce` FROM `dcyd_video` WHERE ( id =  )  [ RunTime:0.000000s ]
ERR: 1064:You have an error in your SQL syntax; check the manual that corresponds to your MySQL server version for the right syntax to use near ')' at line 1
 [ SQL语句 ] : SELECT `chapternum`,`title`,`introduce` FROM `dcyd_video` WHERE ( id =  ) 
ERR: 模板不存在[../App/Tpl/Index/kcjs.html]

[ 2017-04-20T08:54:48+08:00 ] 127.0.0.1 /index.php/Index/visual.html?id=2&kname=%E7%B3%BB%E5%88%97%E4%B8%93%E9%A2%98&name=%E5%90%95%E5%AE%9A%E6%9D%B0&kctitle=222222&title=%E4%BD%8F%E5%88%AB%E5%A2%85222%E5%95%A5%E9%83%BD%E5%B0%8F%E5%90%83%E5%B0%8F%E5%90%83
INFO: [ route_check ] --START--
INFO: CheckRoute Behavior ::run [ RunTime:0.005001s ]
INFO: [ route_check ] --END-- [ RunTime:0.007001s ]
INFO: [ app_begin ] --START--
INFO: ReadHtmlCache Behavior ::run [ RunTime:0.003000s ]
INFO: [ app_begin ] --END-- [ RunTime:0.004000s ]
NOTIC: [8] Undefined index: expire D:\phpstudy\WWW\dcyd\ThinkPHP\Common\functions.php 第 549 行.
SQL: SHOW COLUMNS FROM `dcyd_view` [ RunTime:0.005000s ]
SQL: SELECT `id`,`kname`,`name`,`url`,`title`,`money`,`introduce`,`chapternum`,`kctitle`,`img` FROM `dcyd_view` WHERE (  name = "吕定杰 " and kname = "系列专题" and id =  2 ) LIMIT 1   [ RunTime:0.001000s ]
SQL: SELECT `id`,`kname`,`name`,`url`,`title`,`money`,`introduce`,`chapternum`,`kctitle`,`img` FROM `dcyd_view` WHERE ( name='吕定杰' and kname='系列专题' and kctitle='222222' )  [ RunTime:0.001000s ]
SQL: SELECT `name` FROM `dcyd_view` WHERE ( id = 2 ) LIMIT 1   [ RunTime:0.000000s ]
SQL: SHOW COLUMNS FROM `dcyd_teacher` [ RunTime:0.005000s ]
SQL: SELECT `name`,`timg`,`explain` FROM `dcyd_teacher` WHERE ( name='吕定杰' ) LIMIT 1   [ RunTime:0.001000s ]
SQL: SHOW COLUMNS FROM `dcyd_vevaluate` [ RunTime:0.004000s ]
SQL: SELECT COUNT(*) AS tp_count FROM `dcyd_vevaluate` WHERE ( dcyd_vevaluate.viewid=2 ) LIMIT 1   [ RunTime:0.000000s ]
SQL: SELECT dcyd_vevaluate.content content,dcyd_vevaluate.addtime addtime,dcyd_user.nickname name,dcyd_user.img img FROM `dcyd_vevaluate` inner join dcyd_user on dcyd_vevaluate.uid=dcyd_user.id WHERE ( dcyd_vevaluate.viewid=2 ) ORDER BY addtime desc LIMIT 0,4   [ RunTime:0.000000s ]
INFO: [ view_parse ] --START--
NOTIC: [2] file_get_contents(../App/Tpl/Public/xxk.html) [<a href='function.file-get-contents'>function.file-get-contents</a>]: failed to open stream: No such file or directory D:\phpstudy\WWW\dcyd\ThinkPHP\Lib\Template\ThinkTemplate.class.php 第 695 行.
NOTIC: [8] Undefined index: admins D:\phpstudy\WWW\dcyd\App\Runtime\Cache\c7802c94a24c59705130d53d526e389f.php 第 331 行.
INFO: ParseTemplate Behavior ::run [ RunTime:0.082005s ]
INFO: [ view_parse ] --END-- [ RunTime:0.084005s ]
INFO: [ view_filter ] --START--
INFO: ContentReplace Behavior ::run [ RunTime:0.002000s ]
INFO: TokenBuild Behavior ::run [ RunTime:0.002000s ]
INFO: WriteHtmlCache Behavior ::run [ RunTime:0.001000s ]
INFO: ShowRuntime Behavior ::run [ RunTime:0.002001s ]
INFO: [ view_filter ] --END-- [ RunTime:0.008001s ]
INFO: [ view_end ] --START--
INFO: ShowPageTrace Behavior ::run [ RunTime:0.002000s ]
INFO: [ view_end ] --END-- [ RunTime:0.003000s ]

[ 2017-04-20T08:54:52+08:00 ] 127.0.0.1 /index.php/Index/visual.html
INFO: [ route_check ] --START--
INFO: CheckRoute Behavior ::run [ RunTime:0.003000s ]
INFO: [ route_check ] --END-- [ RunTime:0.004000s ]
INFO: [ app_begin ] --START--
INFO: ReadHtmlCache Behavior ::run [ RunTime:0.002000s ]
INFO: [ app_begin ] --END-- [ RunTime:0.002000s ]
NOTIC: [8] Undefined index: expire D:\phpstudy\WWW\dcyd\ThinkPHP\Common\functions.php 第 549 行.
NOTIC: [8] Undefined index: id D:\phpstudy\WWW\dcyd\App\Lib\Action\IndexAction.class.php 第 174 行.
NOTIC: [8] Undefined index: kname D:\phpstudy\WWW\dcyd\App\Lib\Action\IndexAction.class.php 第 175 行.
NOTIC: [8] Undefined index: name D:\phpstudy\WWW\dcyd\App\Lib\Action\IndexAction.class.php 第 176 行.
NOTIC: [8] Undefined index: kctitle D:\phpstudy\WWW\dcyd\App\Lib\Action\IndexAction.class.php 第 177 行.
NOTIC: [8] Undefined index: title D:\phpstudy\WWW\dcyd\App\Lib\Action\IndexAction.class.php 第 178 行.
SQL: SHOW COLUMNS FROM `dcyd_view` [ RunTime:0.005000s ]
SQL: SELECT `id`,`kname`,`name`,`url`,`title`,`money`,`introduce`,`chapternum`,`kctitle`,`img` FROM `dcyd_view` WHERE (  name = " " and kname = "" and id =   ) LIMIT 1   [ RunTime:0.001000s ]
ERR: 1064:You have an error in your SQL syntax; check the manual that corresponds to your MySQL server version for the right syntax to use near ') LIMIT 1' at line 1
 [ SQL语句 ] : SELECT `id`,`kname`,`name`,`url`,`title`,`money`,`introduce`,`chapternum`,`kctitle`,`img` FROM `dcyd_view` WHERE (  name = " " and kname = "" and id =   ) LIMIT 1  
SQL: SELECT `id`,`kname`,`name`,`url`,`title`,`money`,`introduce`,`chapternum`,`kctitle`,`img` FROM `dcyd_view` WHERE ( name='' and kname='' and kctitle='' )  [ RunTime:0.000000s ]
SQL: SELECT `name` FROM `dcyd_view` WHERE ( id =  ) LIMIT 1   [ RunTime:0.001000s ]
ERR: 1064:You have an error in your SQL syntax; check the manual that corresponds to your MySQL server version for the right syntax to use near ') LIMIT 1' at line 1
 [ SQL语句 ] : SELECT `name` FROM `dcyd_view` WHERE ( id =  ) LIMIT 1  
SQL: SHOW COLUMNS FROM `dcyd_teacher` [ RunTime:0.004000s ]
SQL: SELECT `name`,`timg`,`explain` FROM `dcyd_teacher` WHERE ( name='' ) LIMIT 1   [ RunTime:0.000000s ]
SQL: SHOW COLUMNS FROM `dcyd_vevaluate` [ RunTime:0.004000s ]
SQL: SELECT COUNT(*) AS tp_count FROM `dcyd_vevaluate` WHERE ( dcyd_vevaluate.viewid= ) LIMIT 1   [ RunTime:0.001000s ]
ERR: 1064:You have an error in your SQL syntax; check the manual that corresponds to your MySQL server version for the right syntax to use near ') LIMIT 1' at line 1
 [ SQL语句 ] : SELECT COUNT(*) AS tp_count FROM `dcyd_vevaluate` WHERE ( dcyd_vevaluate.viewid= ) LIMIT 1  
SQL: SELECT dcyd_vevaluate.content content,dcyd_vevaluate.addtime addtime,dcyd_user.nickname name,dcyd_user.img img FROM `dcyd_vevaluate` inner join dcyd_user on dcyd_vevaluate.uid=dcyd_user.id WHERE ( dcyd_vevaluate.viewid= ) ORDER BY addtime desc LIMIT 0,4   [ RunTime:0.000000s ]
ERR: 1064:You have an error in your SQL syntax; check the manual that corresponds to your MySQL server version for the right syntax to use near ') ORDER BY addtime desc LIMIT 0,4' at line 1
 [ SQL语句 ] : SELECT dcyd_vevaluate.content content,dcyd_vevaluate.addtime addtime,dcyd_user.nickname name,dcyd_user.img img FROM `dcyd_vevaluate` inner join dcyd_user on dcyd_vevaluate.uid=dcyd_user.id WHERE ( dcyd_vevaluate.viewid= ) ORDER BY addtime desc LIMIT 0,4  
NOTIC: [2] Invalid argument supplied for foreach() D:\phpstudy\WWW\dcyd\App\Lib\Action\IndexAction.class.php 第 213 行.
INFO: [ view_parse ] --START--
NOTIC: [2] file_get_contents(../App/Tpl/Public/xxk.html) [<a href='function.file-get-contents'>function.file-get-contents</a>]: failed to open stream: No such file or directory D:\phpstudy\WWW\dcyd\ThinkPHP\Lib\Template\ThinkTemplate.class.php 第 695 行.
NOTIC: [8] Undefined index: admins D:\phpstudy\WWW\dcyd\App\Runtime\Cache\c7802c94a24c59705130d53d526e389f.php 第 331 行.
NOTIC: [8] Undefined index: timg D:\phpstudy\WWW\dcyd\App\Runtime\Cache\c7802c94a24c59705130d53d526e389f.php 第 456 行.
NOTIC: [8] Undefined index: name D:\phpstudy\WWW\dcyd\App\Runtime\Cache\c7802c94a24c59705130d53d526e389f.php 第 458 行.
INFO: ParseTemplate Behavior ::run [ RunTime:0.091005s ]
INFO: [ view_parse ] --END-- [ RunTime:0.092005s ]
INFO: [ view_filter ] --START--
INFO: ContentReplace Behavior ::run [ RunTime:0.003000s ]
INFO: TokenBuild Behavior ::run [ RunTime:0.003000s ]
INFO: WriteHtmlCache Behavior ::run [ RunTime:0.001000s ]
INFO: ShowRuntime Behavior ::run [ RunTime:0.003001s ]
INFO: [ view_filter ] --END-- [ RunTime:0.013001s ]
INFO: [ view_end ] --START--
INFO: ShowPageTrace Behavior ::run [ RunTime:0.002000s ]
INFO: [ view_end ] --END-- [ RunTime:0.004000s ]

[ 2017-04-20T08:54:57+08:00 ] 127.0.0.1 /index.php/Index/kcjs.html
INFO: [ route_check ] --START--
INFO: CheckRoute Behavior ::run [ RunTime:0.004000s ]
INFO: [ route_check ] --END-- [ RunTime:0.004000s ]
INFO: [ app_begin ] --START--
INFO: ReadHtmlCache Behavior ::run [ RunTime:0.002000s ]
INFO: [ app_begin ] --END-- [ RunTime:0.002000s ]
NOTIC: [8] Undefined index: expire D:\phpstudy\WWW\dcyd\ThinkPHP\Common\functions.php 第 549 行.
NOTIC: [8] Undefined index: id D:\phpstudy\WWW\dcyd\App\Lib\Action\IndexAction.class.php 第 227 行.
SQL: SHOW COLUMNS FROM `dcyd_video` [ RunTime:0.004000s ]
SQL: SELECT `chapternum`,`title`,`introduce` FROM `dcyd_video` WHERE ( id =  )  [ RunTime:0.000000s ]
ERR: 1064:You have an error in your SQL syntax; check the manual that corresponds to your MySQL server version for the right syntax to use near ')' at line 1
 [ SQL语句 ] : SELECT `chapternum`,`title`,`introduce` FROM `dcyd_video` WHERE ( id =  ) 
ERR: 模板不存在[../App/Tpl/Index/kcjs.html]

[ 2017-04-20T08:55:02+08:00 ] 127.0.0.1 /index.php/Index/visual/id/2/kname/%E7%B3%BB%E5%88%97%E4%B8%93%E9%A2%98/name/%E5%90%95%E5%AE%9A%E6%9D%B0/kctitle/222222/title/%E4%BD%8F%E5%88%AB%E5%A2%85222%E5%95%A5%E9%83%BD%E5%B0%8F%E5%90%83%E5%B0%8F%E5%90%83/p/2.html
INFO: [ route_check ] --START--
INFO: CheckRoute Behavior ::run [ RunTime:0.007001s ]
INFO: [ route_check ] --END-- [ RunTime:0.009001s ]
INFO: [ app_begin ] --START--
INFO: ReadHtmlCache Behavior ::run [ RunTime:0.002000s ]
INFO: [ app_begin ] --END-- [ RunTime:0.002000s ]
NOTIC: [8] Undefined index: expire D:\phpstudy\WWW\dcyd\ThinkPHP\Common\functions.php 第 549 行.
SQL: SHOW COLUMNS FROM `dcyd_view` [ RunTime:0.003000s ]
SQL: SELECT `id`,`kname`,`name`,`url`,`title`,`money`,`introduce`,`chapternum`,`kctitle`,`img` FROM `dcyd_view` WHERE (  name = "吕定杰 " and kname = "系列专题" and id =  2 ) LIMIT 1   [ RunTime:0.000000s ]
SQL: SELECT `id`,`kname`,`name`,`url`,`title`,`money`,`introduce`,`chapternum`,`kctitle`,`img` FROM `dcyd_view` WHERE ( name='吕定杰' and kname='系列专题' and kctitle='222222' )  [ RunTime:0.000000s ]
SQL: SELECT `name` FROM `dcyd_view` WHERE ( id = 2 ) LIMIT 1   [ RunTime:0.001000s ]
SQL: SHOW COLUMNS FROM `dcyd_teacher` [ RunTime:0.004001s ]
SQL: SELECT `name`,`timg`,`explain` FROM `dcyd_teacher` WHERE ( name='吕定杰' ) LIMIT 1   [ RunTime:0.001000s ]
SQL: SHOW COLUMNS FROM `dcyd_vevaluate` [ RunTime:0.003000s ]
SQL: SELECT COUNT(*) AS tp_count FROM `dcyd_vevaluate` WHERE ( dcyd_vevaluate.viewid=2 ) LIMIT 1   [ RunTime:0.000000s ]
SQL: SELECT dcyd_vevaluate.content content,dcyd_vevaluate.addtime addtime,dcyd_user.nickname name,dcyd_user.img img FROM `dcyd_vevaluate` inner join dcyd_user on dcyd_vevaluate.uid=dcyd_user.id WHERE ( dcyd_vevaluate.viewid=2 ) ORDER BY addtime desc LIMIT 4,4   [ RunTime:0.000000s ]
INFO: [ view_parse ] --START--
NOTIC: [2] file_get_contents(../App/Tpl/Public/xxk.html) [<a href='function.file-get-contents'>function.file-get-contents</a>]: failed to open stream: No such file or directory D:\phpstudy\WWW\dcyd\ThinkPHP\Lib\Template\ThinkTemplate.class.php 第 695 行.
NOTIC: [8] Undefined index: admins D:\phpstudy\WWW\dcyd\App\Runtime\Cache\c7802c94a24c59705130d53d526e389f.php 第 331 行.
INFO: ParseTemplate Behavior ::run [ RunTime:0.083005s ]
INFO: [ view_parse ] --END-- [ RunTime:0.084005s ]
INFO: [ view_filter ] --START--
INFO: ContentReplace Behavior ::run [ RunTime:0.001000s ]
INFO: TokenBuild Behavior ::run [ RunTime:0.001000s ]
INFO: WriteHtmlCache Behavior ::run [ RunTime:0.001000s ]
INFO: ShowRuntime Behavior ::run [ RunTime:0.002000s ]
INFO: [ view_filter ] --END-- [ RunTime:0.008000s ]
INFO: [ view_end ] --START--
INFO: ShowPageTrace Behavior ::run [ RunTime:0.002000s ]
INFO: [ view_end ] --END-- [ RunTime:0.003000s ]

[ 2017-04-20T08:55:05+08:00 ] 127.0.0.1 /index.php/Index/kcjs.html
INFO: [ route_check ] --START--
INFO: CheckRoute Behavior ::run [ RunTime:0.006001s ]
INFO: [ route_check ] --END-- [ RunTime:0.007001s ]
INFO: [ app_begin ] --START--
INFO: ReadHtmlCache Behavior ::run [ RunTime:0.002000s ]
INFO: [ app_begin ] --END-- [ RunTime:0.002000s ]
NOTIC: [8] Undefined index: expire D:\phpstudy\WWW\dcyd\ThinkPHP\Common\functions.php 第 549 行.
NOTIC: [8] Undefined index: id D:\phpstudy\WWW\dcyd\App\Lib\Action\IndexAction.class.php 第 227 行.
SQL: SHOW COLUMNS FROM `dcyd_video` [ RunTime:0.004001s ]
SQL: SELECT `chapternum`,`title`,`introduce` FROM `dcyd_video` WHERE ( id =  )  [ RunTime:0.000000s ]
ERR: 1064:You have an error in your SQL syntax; check the manual that corresponds to your MySQL server version for the right syntax to use near ')' at line 1
 [ SQL语句 ] : SELECT `chapternum`,`title`,`introduce` FROM `dcyd_video` WHERE ( id =  ) 
ERR: 模板不存在[../App/Tpl/Index/kcjs.html]

[ 2017-04-20T08:55:31+08:00 ] 127.0.0.1 /index.php/Index/visual/id/2/kname/%E7%B3%BB%E5%88%97%E4%B8%93%E9%A2%98/name/%E5%90%95%E5%AE%9A%E6%9D%B0/kctitle/222222/title/%E4%BD%8F%E5%88%AB%E5%A2%85222%E5%95%A5%E9%83%BD%E5%B0%8F%E5%90%83%E5%B0%8F%E5%90%83/p/3.html
INFO: [ route_check ] --START--
INFO: CheckRoute Behavior ::run [ RunTime:0.009001s ]
INFO: [ route_check ] --END-- [ RunTime:0.010001s ]
INFO: [ app_begin ] --START--
INFO: ReadHtmlCache Behavior ::run [ RunTime:0.002000s ]
INFO: [ app_begin ] --END-- [ RunTime:0.002000s ]
NOTIC: [8] Undefined index: expire D:\phpstudy\WWW\dcyd\ThinkPHP\Common\functions.php 第 549 行.
SQL: SHOW COLUMNS FROM `dcyd_view` [ RunTime:0.003000s ]
SQL: SELECT `id`,`kname`,`name`,`url`,`title`,`money`,`introduce`,`chapternum`,`kctitle`,`img` FROM `dcyd_view` WHERE (  name = "吕定杰 " and kname = "系列专题" and id =  2 ) LIMIT 1   [ RunTime:0.001000s ]
SQL: SELECT `id`,`kname`,`name`,`url`,`title`,`money`,`introduce`,`chapternum`,`kctitle`,`img` FROM `dcyd_view` WHERE ( name='吕定杰' and kname='系列专题' and kctitle='222222' )  [ RunTime:0.001000s ]
SQL: SELECT `name` FROM `dcyd_view` WHERE ( id = 2 ) LIMIT 1   [ RunTime:0.000000s ]
SQL: SHOW COLUMNS FROM `dcyd_teacher` [ RunTime:0.004000s ]
SQL: SELECT `name`,`timg`,`explain` FROM `dcyd_teacher` WHERE ( name='吕定杰' ) LIMIT 1   [ RunTime:0.001000s ]
SQL: SHOW COLUMNS FROM `dcyd_vevaluate` [ RunTime:0.004000s ]
SQL: SELECT COUNT(*) AS tp_count FROM `dcyd_vevaluate` WHERE ( dcyd_vevaluate.viewid=2 ) LIMIT 1   [ RunTime:0.000000s ]
SQL: SELECT dcyd_vevaluate.content content,dcyd_vevaluate.addtime addtime,dcyd_user.nickname name,dcyd_user.img img FROM `dcyd_vevaluate` inner join dcyd_user on dcyd_vevaluate.uid=dcyd_user.id WHERE ( dcyd_vevaluate.viewid=2 ) ORDER BY addtime desc LIMIT 8,4   [ RunTime:0.001000s ]
INFO: [ view_parse ] --START--
NOTIC: [2] file_get_contents(../App/Tpl/Public/xxk.html) [<a href='function.file-get-contents'>function.file-get-contents</a>]: failed to open stream: No such file or directory D:\phpstudy\WWW\dcyd\ThinkPHP\Lib\Template\ThinkTemplate.class.php 第 695 行.
NOTIC: [8] Undefined index: admins D:\phpstudy\WWW\dcyd\App\Runtime\Cache\c7802c94a24c59705130d53d526e389f.php 第 331 行.
INFO: ParseTemplate Behavior ::run [ RunTime:0.080005s ]
INFO: [ view_parse ] --END-- [ RunTime:0.080005s ]
INFO: [ view_filter ] --START--
INFO: ContentReplace Behavior ::run [ RunTime:0.001000s ]
INFO: TokenBuild Behavior ::run [ RunTime:0.001000s ]
INFO: WriteHtmlCache Behavior ::run [ RunTime:0.001000s ]
INFO: ShowRuntime Behavior ::run [ RunTime:0.002000s ]
INFO: [ view_filter ] --END-- [ RunTime:0.008000s ]
INFO: [ view_end ] --START--
INFO: ShowPageTrace Behavior ::run [ RunTime:0.006001s ]
INFO: [ view_end ] --END-- [ RunTime:0.008001s ]

[ 2017-04-20T08:55:34+08:00 ] 127.0.0.1 /index.php/Index/kcjs.html
INFO: [ route_check ] --START--
INFO: CheckRoute Behavior ::run [ RunTime:0.003000s ]
INFO: [ route_check ] --END-- [ RunTime:0.004000s ]
INFO: [ app_begin ] --START--
INFO: ReadHtmlCache Behavior ::run [ RunTime:0.001000s ]
INFO: [ app_begin ] --END-- [ RunTime:0.003001s ]
NOTIC: [8] Undefined index: expire D:\phpstudy\WWW\dcyd\ThinkPHP\Common\functions.php 第 549 行.
NOTIC: [8] Undefined index: id D:\phpstudy\WWW\dcyd\App\Lib\Action\IndexAction.class.php 第 227 行.
SQL: SHOW COLUMNS FROM `dcyd_video` [ RunTime:0.004001s ]
SQL: SELECT `chapternum`,`title`,`introduce` FROM `dcyd_video` WHERE ( id =  )  [ RunTime:0.000000s ]
ERR: 1064:You have an error in your SQL syntax; check the manual that corresponds to your MySQL server version for the right syntax to use near ')' at line 1
 [ SQL语句 ] : SELECT `chapternum`,`title`,`introduce` FROM `dcyd_video` WHERE ( id =  ) 
ERR: 模板不存在[../App/Tpl/Index/kcjs.html]

[ 2017-04-20T09:19:49+08:00 ] 127.0.0.1 /index.php/Index/visual/id/2/kname/%E7%B3%BB%E5%88%97%E4%B8%93%E9%A2%98/name/%E5%90%95%E5%AE%9A%E6%9D%B0/kctitle/222222/title/%E4%BD%8F%E5%88%AB%E5%A2%85222%E5%95%A5%E9%83%BD%E5%B0%8F%E5%90%83%E5%B0%8F%E5%90%83/p/3.html
INFO: [ route_check ] --START--
INFO: CheckRoute Behavior ::run [ RunTime:0.010001s ]
INFO: [ route_check ] --END-- [ RunTime:0.012001s ]
INFO: [ app_begin ] --START--
INFO: ReadHtmlCache Behavior ::run [ RunTime:0.004001s ]
INFO: [ app_begin ] --END-- [ RunTime:0.005001s ]
NOTIC: [8] Undefined index: expire D:\phpstudy\WWW\dcyd\ThinkPHP\Common\functions.php 第 549 行.
SQL: SHOW COLUMNS FROM `dcyd_view` [ RunTime:0.005001s ]
SQL: SELECT `id`,`kname`,`name`,`url`,`title`,`money`,`introduce`,`chapternum`,`kctitle`,`img` FROM `dcyd_view` WHERE (  name = "吕定杰 " and kname = "系列专题" and id =  2 ) LIMIT 1   [ RunTime:0.001000s ]
SQL: SELECT `id`,`kname`,`name`,`url`,`title`,`money`,`introduce`,`chapternum`,`kctitle`,`img` FROM `dcyd_view` WHERE ( name='吕定杰' and kname='系列专题' and kctitle='222222' )  [ RunTime:0.001000s ]
SQL: SELECT `name` FROM `dcyd_view` WHERE ( id = 2 ) LIMIT 1   [ RunTime:0.001000s ]
SQL: SHOW COLUMNS FROM `dcyd_teacher` [ RunTime:0.005001s ]
SQL: SELECT `name`,`timg`,`explain` FROM `dcyd_teacher` WHERE ( name='吕定杰' ) LIMIT 1   [ RunTime:0.001000s ]
SQL: SHOW COLUMNS FROM `dcyd_vevaluate` [ RunTime:0.004000s ]
SQL: SELECT COUNT(*) AS tp_count FROM `dcyd_vevaluate` WHERE ( dcyd_vevaluate.viewid=2 ) LIMIT 1   [ RunTime:0.000000s ]
SQL: SELECT dcyd_vevaluate.content content,dcyd_vevaluate.addtime addtime,dcyd_user.nickname name,dcyd_user.img img FROM `dcyd_vevaluate` inner join dcyd_user on dcyd_vevaluate.uid=dcyd_user.id WHERE ( dcyd_vevaluate.viewid=2 ) ORDER BY addtime desc LIMIT 0,4   [ RunTime:0.001000s ]
INFO: [ view_parse ] --START--
NOTIC: [2] file_get_contents(../App/Tpl/Public/xxk.html) [<a href='function.file-get-contents'>function.file-get-contents</a>]: failed to open stream: No such file or directory D:\phpstudy\WWW\dcyd\ThinkPHP\Lib\Template\ThinkTemplate.class.php 第 695 行.
NOTIC: [8] Undefined index: admins D:\phpstudy\WWW\dcyd\App\Runtime\Cache\c7802c94a24c59705130d53d526e389f.php 第 331 行.
INFO: ParseTemplate Behavior ::run [ RunTime:0.085005s ]
INFO: [ view_parse ] --END-- [ RunTime:0.085005s ]
INFO: [ view_filter ] --START--
INFO: ContentReplace Behavior ::run [ RunTime:0.002000s ]
INFO: TokenBuild Behavior ::run [ RunTime:0.002000s ]
INFO: WriteHtmlCache Behavior ::run [ RunTime:0.001000s ]
INFO: ShowRuntime Behavior ::run [ RunTime:0.002000s ]
INFO: [ view_filter ] --END-- [ RunTime:0.010000s ]
INFO: [ view_end ] --START--
INFO: ShowPageTrace Behavior ::run [ RunTime:0.004001s ]
INFO: [ view_end ] --END-- [ RunTime:0.005001s ]

[ 2017-04-20T09:19:51+08:00 ] 127.0.0.1 /index.php/Index/kcjs.html
INFO: [ route_check ] --START--
INFO: CheckRoute Behavior ::run [ RunTime:0.004001s ]
INFO: [ route_check ] --END-- [ RunTime:0.004001s ]
INFO: [ app_begin ] --START--
INFO: ReadHtmlCache Behavior ::run [ RunTime:0.002000s ]
INFO: [ app_begin ] --END-- [ RunTime:0.004000s ]
NOTIC: [8] Undefined index: expire D:\phpstudy\WWW\dcyd\ThinkPHP\Common\functions.php 第 549 行.
NOTIC: [8] Undefined index: id D:\phpstudy\WWW\dcyd\App\Lib\Action\IndexAction.class.php 第 227 行.
SQL: SHOW COLUMNS FROM `dcyd_video` [ RunTime:0.005000s ]
SQL: SELECT `chapternum`,`title`,`introduce` FROM `dcyd_video` WHERE ( id =  )  [ RunTime:0.000000s ]
ERR: 1064:You have an error in your SQL syntax; check the manual that corresponds to your MySQL server version for the right syntax to use near ')' at line 1
 [ SQL语句 ] : SELECT `chapternum`,`title`,`introduce` FROM `dcyd_video` WHERE ( id =  ) 
ERR: 模板不存在[../App/Tpl/Index/kcjs.html]

[ 2017-04-20T09:20:08+08:00 ] 127.0.0.1 /index.php/Index/visual/id/2/kname/%E7%B3%BB%E5%88%97%E4%B8%93%E9%A2%98/name/%E5%90%95%E5%AE%9A%E6%9D%B0/kctitle/222222/title/%E4%BD%8F%E5%88%AB%E5%A2%85222%E5%95%A5%E9%83%BD%E5%B0%8F%E5%90%83%E5%B0%8F%E5%90%83/p/3.html
INFO: [ route_check ] --START--
INFO: CheckRoute Behavior ::run [ RunTime:0.010001s ]
INFO: [ route_check ] --END-- [ RunTime:0.012001s ]
INFO: [ app_begin ] --START--
INFO: ReadHtmlCache Behavior ::run [ RunTime:0.002000s ]
INFO: [ app_begin ] --END-- [ RunTime:0.003000s ]
NOTIC: [8] Undefined index: expire D:\phpstudy\WWW\dcyd\ThinkPHP\Common\functions.php 第 549 行.
SQL: SHOW COLUMNS FROM `dcyd_view` [ RunTime:0.004001s ]
SQL: SELECT `id`,`kname`,`name`,`url`,`title`,`money`,`introduce`,`chapternum`,`kctitle`,`img` FROM `dcyd_view` WHERE (  name = "吕定杰 " and kname = "系列专题" and id =  2 ) LIMIT 1   [ RunTime:0.001000s ]
SQL: SELECT `id`,`kname`,`name`,`url`,`title`,`money`,`introduce`,`chapternum`,`kctitle`,`img` FROM `dcyd_view` WHERE ( name='吕定杰' and kname='系列专题' and kctitle='222222' )  [ RunTime:0.000000s ]
SQL: SELECT `name` FROM `dcyd_view` WHERE ( id = 2 ) LIMIT 1   [ RunTime:0.000000s ]
SQL: SHOW COLUMNS FROM `dcyd_teacher` [ RunTime:0.003000s ]
SQL: SELECT `name`,`timg`,`explain` FROM `dcyd_teacher` WHERE ( name='吕定杰' ) LIMIT 1   [ RunTime:0.000000s ]
SQL: SHOW COLUMNS FROM `dcyd_vevaluate` [ RunTime:0.004000s ]
SQL: SELECT COUNT(*) AS tp_count FROM `dcyd_vevaluate` WHERE ( dcyd_vevaluate.viewid=2 ) LIMIT 1   [ RunTime:0.000000s ]
SQL: SELECT dcyd_vevaluate.content content,dcyd_vevaluate.addtime addtime,dcyd_user.nickname name,dcyd_user.img img FROM `dcyd_vevaluate` inner join dcyd_user on dcyd_vevaluate.uid=dcyd_user.id WHERE ( dcyd_vevaluate.viewid=2 ) ORDER BY addtime desc LIMIT 0,4   [ RunTime:0.000000s ]
INFO: [ view_parse ] --START--
NOTIC: [2] file_get_contents(../App/Tpl/Public/xxk.html) [<a href='function.file-get-contents'>function.file-get-contents</a>]: failed to open stream: No such file or directory D:\phpstudy\WWW\dcyd\ThinkPHP\Lib\Template\ThinkTemplate.class.php 第 695 行.
NOTIC: [8] Undefined index: admins D:\phpstudy\WWW\dcyd\App\Runtime\Cache\c7802c94a24c59705130d53d526e389f.php 第 331 行.
INFO: ParseTemplate Behavior ::run [ RunTime:0.085004s ]
INFO: [ view_parse ] --END-- [ RunTime:0.086005s ]
INFO: [ view_filter ] --START--
INFO: ContentReplace Behavior ::run [ RunTime:0.002000s ]
INFO: TokenBuild Behavior ::run [ RunTime:0.002000s ]
INFO: WriteHtmlCache Behavior ::run [ RunTime:0.001000s ]
INFO: ShowRuntime Behavior ::run [ RunTime:0.003000s ]
INFO: [ view_filter ] --END-- [ RunTime:0.008000s ]
INFO: [ view_end ] --START--
INFO: ShowPageTrace Behavior ::run [ RunTime:0.002000s ]
INFO: [ view_end ] --END-- [ RunTime:0.004000s ]

[ 2017-04-20T09:20:10+08:00 ] 127.0.0.1 /index.php/Index/kcjs.html
INFO: [ route_check ] --START--
INFO: CheckRoute Behavior ::run [ RunTime:0.003000s ]
INFO: [ route_check ] --END-- [ RunTime:0.004000s ]
INFO: [ app_begin ] --START--
INFO: ReadHtmlCache Behavior ::run [ RunTime:0.002000s ]
INFO: [ app_begin ] --END-- [ RunTime:0.003000s ]
NOTIC: [8] Undefined index: expire D:\phpstudy\WWW\dcyd\ThinkPHP\Common\functions.php 第 549 行.
NOTIC: [8] Undefined index: id D:\phpstudy\WWW\dcyd\App\Lib\Action\IndexAction.class.php 第 227 行.
SQL: SHOW COLUMNS FROM `dcyd_video` [ RunTime:0.004000s ]
SQL: SELECT `chapternum`,`title`,`introduce` FROM `dcyd_video` WHERE ( id =  )  [ RunTime:0.000000s ]
ERR: 1064:You have an error in your SQL syntax; check the manual that corresponds to your MySQL server version for the right syntax to use near ')' at line 1
 [ SQL语句 ] : SELECT `chapternum`,`title`,`introduce` FROM `dcyd_video` WHERE ( id =  ) 
ERR: 模板不存在[../App/Tpl/Index/kcjs.html]

[ 2017-04-20T09:20:26+08:00 ] 127.0.0.1 /index.php/Index/viewComment.html
INFO: [ route_check ] --START--
INFO: CheckRoute Behavior ::run [ RunTime:0.003000s ]
INFO: [ route_check ] --END-- [ RunTime:0.003000s ]
INFO: [ app_begin ] --START--
INFO: ReadHtmlCache Behavior ::run [ RunTime:0.001000s ]
INFO: [ app_begin ] --END-- [ RunTime:0.003000s ]
NOTIC: [8] Undefined index: expire D:\phpstudy\WWW\dcyd\ThinkPHP\Common\functions.php 第 549 行.
NOTIC: [8] Undefined index: admins D:\phpstudy\WWW\dcyd\App\Lib\Action\IndexAction.class.php 第 448 行.

[ 2017-04-20T09:20:27+08:00 ] 127.0.0.1 /index.php/Login/loginPage.html
INFO: [ route_check ] --START--
INFO: CheckRoute Behavior ::run [ RunTime:0.003000s ]
INFO: [ route_check ] --END-- [ RunTime:0.004000s ]
INFO: [ app_begin ] --START--
INFO: ReadHtmlCache Behavior ::run [ RunTime:0.002000s ]
INFO: [ app_begin ] --END-- [ RunTime:0.002000s ]
NOTIC: [8] Undefined index: expire D:\phpstudy\WWW\dcyd\ThinkPHP\Common\functions.php 第 549 行.
INFO: [ view_parse ] --START--
INFO: ParseTemplate Behavior ::run [ RunTime:0.027001s ]
INFO: [ view_parse ] --END-- [ RunTime:0.028001s ]
INFO: [ view_filter ] --START--
INFO: ContentReplace Behavior ::run [ RunTime:0.001000s ]
INFO: TokenBuild Behavior ::run [ RunTime:0.001000s ]
INFO: WriteHtmlCache Behavior ::run [ RunTime:0.002000s ]
INFO: ShowRuntime Behavior ::run [ RunTime:0.002000s ]
INFO: [ view_filter ] --END-- [ RunTime:0.009001s ]
INFO: [ view_end ] --START--
INFO: ShowPageTrace Behavior ::run [ RunTime:0.001000s ]
INFO: [ view_end ] --END-- [ RunTime:0.002000s ]

[ 2017-04-20T09:20:35+08:00 ] 127.0.0.1 /index.php/Login/login.html
INFO: [ route_check ] --START--
INFO: CheckRoute Behavior ::run [ RunTime:0.003001s ]
INFO: [ route_check ] --END-- [ RunTime:0.004001s ]
INFO: [ app_begin ] --START--
INFO: ReadHtmlCache Behavior ::run [ RunTime:0.001000s ]
INFO: [ app_begin ] --END-- [ RunTime:0.002000s ]
NOTIC: [8] Undefined index: expire D:\phpstudy\WWW\dcyd\ThinkPHP\Common\functions.php 第 549 行.
SQL: SHOW COLUMNS FROM `dcyd_user` [ RunTime:0.006001s ]
SQL: SELECT `id`,`Phone`,`password` FROM `dcyd_user` WHERE ( `Phone` = '18911620683' ) AND ( `password` = '26167058b9da61dce0a74931352' ) LIMIT 1   [ RunTime:0.000000s ]
NOTIC: [8] Undefined index: pwd D:\phpstudy\WWW\dcyd\App\Lib\Action\LoginAction.class.php 第 21 行.
SQL: UPDATE `dcyd_user` SET `ltimes`=1492651235,`IPadd`=127 WHERE ( `id` = 3 ) [ RunTime:0.001000s ]

[ 2017-04-20T09:20:38+08:00 ] 127.0.0.1 /index.php/Index/index.html
INFO: [ route_check ] --START--
INFO: CheckRoute Behavior ::run [ RunTime:0.003001s ]
INFO: [ route_check ] --END-- [ RunTime:0.003001s ]
INFO: [ app_begin ] --START--
INFO: ReadHtmlCache Behavior ::run [ RunTime:0.002000s ]
INFO: [ app_begin ] --END-- [ RunTime:0.002000s ]
NOTIC: [8] Undefined index: expire D:\phpstudy\WWW\dcyd\ThinkPHP\Common\functions.php 第 549 行.
SQL: SHOW COLUMNS FROM `dcyd_article` [ RunTime:0.005000s ]
SQL: SELECT `id`,`title`,`keywords`,`lanmu`,`laiyuan`,`content`,`auth`,`describe`,`time`,`status` FROM `dcyd_article` WHERE ( lanmu=1 && status=2 )  [ RunTime:0.001000s ]
SQL: SELECT `id`,`title`,`keywords`,`lanmu`,`laiyuan`,`content`,`auth`,`describe`,`time`,`status` FROM `dcyd_article` WHERE ( lanmu=2 && status=2 )  [ RunTime:0.001001s ]
SQL: SELECT `id`,`title`,`keywords`,`lanmu`,`laiyuan`,`content`,`auth`,`describe`,`time`,`status` FROM `dcyd_article` WHERE ( lanmu=3 && status=2 )  [ RunTime:0.000000s ]
SQL: SELECT `id`,`title`,`keywords`,`lanmu`,`laiyuan`,`content`,`auth`,`describe`,`time`,`status` FROM `dcyd_article` WHERE ( lanmu=4 && status=2 )  [ RunTime:0.000000s ]
SQL: SHOW COLUMNS FROM `dcyd_view` [ RunTime:0.005000s ]
SQL: SELECT `id`,`kname`,`name`,`url`,`title`,`money`,`introduce`,`chapternum`,`kctitle`,`img` FROM `dcyd_view` WHERE ( kname = '系列专题' ) GROUP BY kctitle LIMIT 3   [ RunTime:0.005001s ]
SQL: SELECT `id`,`kname`,`name`,`url`,`title`,`money`,`introduce`,`chapternum`,`kctitle`,`img` FROM `dcyd_view` WHERE ( kname = '专家精选' ) GROUP BY kctitle LIMIT 3   [ RunTime:0.005000s ]
SQL: SHOW COLUMNS FROM `dcyd_open_course_type` [ RunTime:0.006001s ]
SQL: SELECT `id`,`tname`,`cost`,`days`,`img` FROM `dcyd_open_course_type`  [ RunTime:0.000000s ]
SQL: SHOW COLUMNS FROM `dcyd_teacher` [ RunTime:0.006000s ]
SQL: SELECT `id`,`name`,`timg`,`explain` FROM `dcyd_teacher`  [ RunTime:0.000000s ]
SQL: SHOW COLUMNS FROM `dcyd_question_type` [ RunTime:0.005000s ]
SQL: SELECT `id`,`name` FROM `dcyd_question_type`  [ RunTime:0.001000s ]
INFO: [ view_parse ] --START--
NOTIC: [8] Undefined index: id D:\phpstudy\WWW\dcyd\App\Runtime\Cache\a43ee091293c08b425f9e73d2888eec8.php 第 490 行.
NOTIC: [8] Undefined index: id D:\phpstudy\WWW\dcyd\App\Runtime\Cache\a43ee091293c08b425f9e73d2888eec8.php 第 490 行.
NOTIC: [8] Undefined index: id D:\phpstudy\WWW\dcyd\App\Runtime\Cache\a43ee091293c08b425f9e73d2888eec8.php 第 490 行.
NOTIC: [8] Undefined index: id D:\phpstudy\WWW\dcyd\App\Runtime\Cache\a43ee091293c08b425f9e73d2888eec8.php 第 490 行.
NOTIC: [8] Undefined index: id D:\phpstudy\WWW\dcyd\App\Runtime\Cache\a43ee091293c08b425f9e73d2888eec8.php 第 490 行.
NOTIC: [8] Undefined index: id D:\phpstudy\WWW\dcyd\App\Runtime\Cache\a43ee091293c08b425f9e73d2888eec8.php 第 490 行.
NOTIC: [8] Undefined index: id D:\phpstudy\WWW\dcyd\App\Runtime\Cache\a43ee091293c08b425f9e73d2888eec8.php 第 490 行.
NOTIC: [8] Undefined index: id D:\phpstudy\WWW\dcyd\App\Runtime\Cache\a43ee091293c08b425f9e73d2888eec8.php 第 490 行.
NOTIC: [8] Undefined index: id D:\phpstudy\WWW\dcyd\App\Runtime\Cache\a43ee091293c08b425f9e73d2888eec8.php 第 490 行.
INFO: ParseTemplate Behavior ::run [ RunTime:0.242014s ]
INFO: [ view_parse ] --END-- [ RunTime:0.242014s ]
INFO: [ view_filter ] --START--
INFO: ContentReplace Behavior ::run [ RunTime:0.001000s ]
INFO: TokenBuild Behavior ::run [ RunTime:0.002000s ]
INFO: WriteHtmlCache Behavior ::run [ RunTime:0.001000s ]
INFO: ShowRuntime Behavior ::run [ RunTime:0.002001s ]
INFO: [ view_filter ] --END-- [ RunTime:0.009001s ]
INFO: [ view_end ] --START--
INFO: ShowPageTrace Behavior ::run [ RunTime:0.003000s ]
INFO: [ view_end ] --END-- [ RunTime:0.004000s ]

[ 2017-04-20T09:20:44+08:00 ] 127.0.0.1 /index.php/Index/visual.html?id=1&kname=%E7%B3%BB%E5%88%97%E4%B8%93%E9%A2%98&name=%E5%88%98%E5%9B%BD%E4%B8%9C&kctitle=111111&title=%E4%BD%8F%E5%88%AB%E5%A2%8511%E6%94%BE%E5%88%B0%E7%9A%84
INFO: [ route_check ] --START--
INFO: CheckRoute Behavior ::run [ RunTime:0.007001s ]
INFO: [ route_check ] --END-- [ RunTime:0.009001s ]
INFO: [ app_begin ] --START--
INFO: ReadHtmlCache Behavior ::run [ RunTime:0.002000s ]
INFO: [ app_begin ] --END-- [ RunTime:0.002000s ]
NOTIC: [8] Undefined index: expire D:\phpstudy\WWW\dcyd\ThinkPHP\Common\functions.php 第 549 行.
SQL: SHOW COLUMNS FROM `dcyd_view` [ RunTime:0.004000s ]
SQL: SELECT `id`,`kname`,`name`,`url`,`title`,`money`,`introduce`,`chapternum`,`kctitle`,`img` FROM `dcyd_view` WHERE (  name = "刘国东 " and kname = "系列专题" and id =  1 ) LIMIT 1   [ RunTime:0.000000s ]
SQL: SELECT `id`,`kname`,`name`,`url`,`title`,`money`,`introduce`,`chapternum`,`kctitle`,`img` FROM `dcyd_view` WHERE ( name='刘国东' and kname='系列专题' and kctitle='111111' )  [ RunTime:0.001000s ]
SQL: SELECT `name` FROM `dcyd_view` WHERE ( id = 1 ) LIMIT 1   [ RunTime:0.000000s ]
SQL: SHOW COLUMNS FROM `dcyd_teacher` [ RunTime:0.004001s ]
SQL: SELECT `name`,`timg`,`explain` FROM `dcyd_teacher` WHERE ( name='刘国东' ) LIMIT 1   [ RunTime:0.000000s ]
SQL: SHOW COLUMNS FROM `dcyd_vevaluate` [ RunTime:0.005000s ]
SQL: SELECT COUNT(*) AS tp_count FROM `dcyd_vevaluate` WHERE ( dcyd_vevaluate.viewid=1 ) LIMIT 1   [ RunTime:0.001000s ]
SQL: SELECT dcyd_vevaluate.content content,dcyd_vevaluate.addtime addtime,dcyd_user.nickname name,dcyd_user.img img FROM `dcyd_vevaluate` inner join dcyd_user on dcyd_vevaluate.uid=dcyd_user.id WHERE ( dcyd_vevaluate.viewid=1 ) ORDER BY addtime desc LIMIT 0,4   [ RunTime:0.001000s ]
NOTIC: [2] Invalid argument supplied for foreach() D:\phpstudy\WWW\dcyd\App\Lib\Action\IndexAction.class.php 第 213 行.
INFO: [ view_parse ] --START--
NOTIC: [2] file_get_contents(../App/Tpl/Public/xxk.html) [<a href='function.file-get-contents'>function.file-get-contents</a>]: failed to open stream: No such file or directory D:\phpstudy\WWW\dcyd\ThinkPHP\Lib\Template\ThinkTemplate.class.php 第 695 行.
INFO: ParseTemplate Behavior ::run [ RunTime:0.082004s ]
INFO: [ view_parse ] --END-- [ RunTime:0.084004s ]
INFO: [ view_filter ] --START--
INFO: ContentReplace Behavior ::run [ RunTime:0.002000s ]
INFO: TokenBuild Behavior ::run [ RunTime:0.002000s ]
INFO: WriteHtmlCache Behavior ::run [ RunTime:0.001000s ]
INFO: ShowRuntime Behavior ::run [ RunTime:0.002000s ]
INFO: [ view_filter ] --END-- [ RunTime:0.009001s ]
INFO: [ view_end ] --START--
INFO: ShowPageTrace Behavior ::run [ RunTime:0.006000s ]
INFO: [ view_end ] --END-- [ RunTime:0.007000s ]

[ 2017-04-20T09:20:47+08:00 ] 127.0.0.1 /index.php/Index/kcjs.html
INFO: [ route_check ] --START--
INFO: CheckRoute Behavior ::run [ RunTime:0.006000s ]
INFO: [ route_check ] --END-- [ RunTime:0.006000s ]
INFO: [ app_begin ] --START--
INFO: ReadHtmlCache Behavior ::run [ RunTime:0.003001s ]
INFO: [ app_begin ] --END-- [ RunTime:0.004001s ]
NOTIC: [8] Undefined index: expire D:\phpstudy\WWW\dcyd\ThinkPHP\Common\functions.php 第 549 行.
NOTIC: [8] Undefined index: id D:\phpstudy\WWW\dcyd\App\Lib\Action\IndexAction.class.php 第 227 行.
SQL: SHOW COLUMNS FROM `dcyd_video` [ RunTime:0.005000s ]
SQL: SELECT `chapternum`,`title`,`introduce` FROM `dcyd_video` WHERE ( id =  )  [ RunTime:0.000000s ]
ERR: 1064:You have an error in your SQL syntax; check the manual that corresponds to your MySQL server version for the right syntax to use near ')' at line 1
 [ SQL语句 ] : SELECT `chapternum`,`title`,`introduce` FROM `dcyd_video` WHERE ( id =  ) 
ERR: 模板不存在[../App/Tpl/Index/kcjs.html]

[ 2017-04-20T09:20:51+08:00 ] 127.0.0.1 /index.php/Index/kce.html
INFO: [ route_check ] --START--
INFO: CheckRoute Behavior ::run [ RunTime:0.005000s ]
INFO: [ route_check ] --END-- [ RunTime:0.006000s ]
INFO: [ app_begin ] --START--
INFO: ReadHtmlCache Behavior ::run [ RunTime:0.002000s ]
INFO: [ app_begin ] --END-- [ RunTime:0.003000s ]
NOTIC: [8] Undefined index: expire D:\phpstudy\WWW\dcyd\ThinkPHP\Common\functions.php 第 549 行.
SQL: SHOW COLUMNS FROM `dcyd_view` [ RunTime:0.005001s ]
NOTIC: [8] Undefined index: name D:\phpstudy\WWW\dcyd\App\Lib\Action\IndexAction.class.php 第 125 行.
SQL: SELECT `id`,`kname`,`zname`,`name`,`title`,`img`,`kctitle` FROM `dcyd_view` WHERE (  chapternum = 1  )  [ RunTime:0.001000s ]
SQL: SHOW COLUMNS FROM `dcyd_viewkinds` [ RunTime:0.004000s ]
SQL: SELECT `id`,`kind` FROM `dcyd_viewkinds`  [ RunTime:0.001000s ]
SQL: SHOW COLUMNS FROM `dcyd_viewclass` [ RunTime:0.005000s ]
SQL: SELECT DISTINCT  `id`,`fname`,`zname` FROM `dcyd_viewclass` WHERE ( fname = '系列专题' ) GROUP BY zname  [ RunTime:0.004000s ]
SQL: SHOW COLUMNS FROM `dcyd_teacher` [ RunTime:0.003001s ]
SQL: SELECT DISTINCT  `id`,`name` FROM `dcyd_teacher`  [ RunTime:0.001000s ]
SQL: SELECT `id`,`kname`,`name`,`zname`,`url`,`title`,`money`,`introduce`,`chapternum`,`kctitle`,`img` FROM `dcyd_view` WHERE ( kname = '' and chapternum = 1  )  [ RunTime:0.001000s ]
INFO: [ view_parse ] --START--
NOTIC: [2] file_get_contents(../App/Tpl/Public/xxk.html) [<a href='function.file-get-contents'>function.file-get-contents</a>]: failed to open stream: No such file or directory D:\phpstudy\WWW\dcyd\ThinkPHP\Lib\Template\ThinkTemplate.class.php 第 695 行.
NOTIC: [8] Use of undefined constant Index - assumed 'Index' D:\phpstudy\WWW\dcyd\App\Runtime\Cache\7c242b0f29e23d855be13ac11d5ab751.php 第 330 行.
NOTIC: [8] Use of undefined constant kce - assumed 'kce' D:\phpstudy\WWW\dcyd\App\Runtime\Cache\7c242b0f29e23d855be13ac11d5ab751.php 第 330 行.
NOTIC: [2] Division by zero D:\phpstudy\WWW\dcyd\App\Runtime\Cache\7c242b0f29e23d855be13ac11d5ab751.php 第 330 行.
INFO: ParseTemplate Behavior ::run [ RunTime:0.100006s ]
INFO: [ view_parse ] --END-- [ RunTime:0.101006s ]
INFO: [ view_filter ] --START--
INFO: ContentReplace Behavior ::run [ RunTime:0.001000s ]
INFO: TokenBuild Behavior ::run [ RunTime:0.001000s ]
INFO: WriteHtmlCache Behavior ::run [ RunTime:0.000000s ]
INFO: ShowRuntime Behavior ::run [ RunTime:0.002000s ]
INFO: [ view_filter ] --END-- [ RunTime:0.008000s ]
INFO: [ view_end ] --START--
INFO: ShowPageTrace Behavior ::run [ RunTime:0.003001s ]
INFO: [ view_end ] --END-- [ RunTime:0.004001s ]

[ 2017-04-20T09:20:53+08:00 ] 127.0.0.1 /index.php/Index/visual.html?id=2&kname=%E7%B3%BB%E5%88%97%E4%B8%93%E9%A2%98&name=%E5%90%95%E5%AE%9A%E6%9D%B0&kctitle=222222&title=%E4%BD%8F%E5%88%AB%E5%A2%85222%E5%95%A5%E9%83%BD%E5%B0%8F%E5%90%83%E5%B0%8F%E5%90%83
INFO: [ route_check ] --START--
INFO: CheckRoute Behavior ::run [ RunTime:0.005000s ]
INFO: [ route_check ] --END-- [ RunTime:0.006000s ]
INFO: [ app_begin ] --START--
INFO: ReadHtmlCache Behavior ::run [ RunTime:0.003000s ]
INFO: [ app_begin ] --END-- [ RunTime:0.005000s ]
NOTIC: [8] Undefined index: expire D:\phpstudy\WWW\dcyd\ThinkPHP\Common\functions.php 第 549 行.
SQL: SHOW COLUMNS FROM `dcyd_view` [ RunTime:0.005000s ]
SQL: SELECT `id`,`kname`,`name`,`url`,`title`,`money`,`introduce`,`chapternum`,`kctitle`,`img` FROM `dcyd_view` WHERE (  name = "吕定杰 " and kname = "系列专题" and id =  2 ) LIMIT 1   [ RunTime:0.001000s ]
SQL: SELECT `id`,`kname`,`name`,`url`,`title`,`money`,`introduce`,`chapternum`,`kctitle`,`img` FROM `dcyd_view` WHERE ( name='吕定杰' and kname='系列专题' and kctitle='222222' )  [ RunTime:0.000000s ]
SQL: SELECT `name` FROM `dcyd_view` WHERE ( id = 2 ) LIMIT 1   [ RunTime:0.000000s ]
SQL: SHOW COLUMNS FROM `dcyd_teacher` [ RunTime:0.004000s ]
SQL: SELECT `name`,`timg`,`explain` FROM `dcyd_teacher` WHERE ( name='吕定杰' ) LIMIT 1   [ RunTime:0.001000s ]
SQL: SHOW COLUMNS FROM `dcyd_vevaluate` [ RunTime:0.005001s ]
SQL: SELECT COUNT(*) AS tp_count FROM `dcyd_vevaluate` WHERE ( dcyd_vevaluate.viewid=2 ) LIMIT 1   [ RunTime:0.001000s ]
SQL: SELECT dcyd_vevaluate.content content,dcyd_vevaluate.addtime addtime,dcyd_user.nickname name,dcyd_user.img img FROM `dcyd_vevaluate` inner join dcyd_user on dcyd_vevaluate.uid=dcyd_user.id WHERE ( dcyd_vevaluate.viewid=2 ) ORDER BY addtime desc LIMIT 0,4   [ RunTime:0.000000s ]
INFO: [ view_parse ] --START--
NOTIC: [2] file_get_contents(../App/Tpl/Public/xxk.html) [<a href='function.file-get-contents'>function.file-get-contents</a>]: failed to open stream: No such file or directory D:\phpstudy\WWW\dcyd\ThinkPHP\Lib\Template\ThinkTemplate.class.php 第 695 行.
INFO: ParseTemplate Behavior ::run [ RunTime:0.083005s ]
INFO: [ view_parse ] --END-- [ RunTime:0.084005s ]
INFO: [ view_filter ] --START--
INFO: ContentReplace Behavior ::run [ RunTime:0.001000s ]
INFO: TokenBuild Behavior ::run [ RunTime:0.002000s ]
INFO: WriteHtmlCache Behavior ::run [ RunTime:0.001000s ]
INFO: ShowRuntime Behavior ::run [ RunTime:0.003001s ]
INFO: [ view_filter ] --END-- [ RunTime:0.009001s ]
INFO: [ view_end ] --START--
INFO: ShowPageTrace Behavior ::run [ RunTime:0.004000s ]
INFO: [ view_end ] --END-- [ RunTime:0.005000s ]

[ 2017-04-20T09:20:56+08:00 ] 127.0.0.1 /index.php/Index/kcjs.html
INFO: [ route_check ] --START--
INFO: CheckRoute Behavior ::run [ RunTime:0.003000s ]
INFO: [ route_check ] --END-- [ RunTime:0.003000s ]
INFO: [ app_begin ] --START--
INFO: ReadHtmlCache Behavior ::run [ RunTime:0.001000s ]
INFO: [ app_begin ] --END-- [ RunTime:0.003000s ]
NOTIC: [8] Undefined index: expire D:\phpstudy\WWW\dcyd\ThinkPHP\Common\functions.php 第 549 行.
NOTIC: [8] Undefined index: id D:\phpstudy\WWW\dcyd\App\Lib\Action\IndexAction.class.php 第 227 行.
SQL: SHOW COLUMNS FROM `dcyd_video` [ RunTime:0.005000s ]
SQL: SELECT `chapternum`,`title`,`introduce` FROM `dcyd_video` WHERE ( id =  )  [ RunTime:0.000000s ]
ERR: 1064:You have an error in your SQL syntax; check the manual that corresponds to your MySQL server version for the right syntax to use near ')' at line 1
 [ SQL语句 ] : SELECT `chapternum`,`title`,`introduce` FROM `dcyd_video` WHERE ( id =  ) 
ERR: 模板不存在[../App/Tpl/Index/kcjs.html]

[ 2017-04-20T09:21:03+08:00 ] 127.0.0.1 /index.php/Index/viewComment.html
INFO: [ route_check ] --START--
INFO: CheckRoute Behavior ::run [ RunTime:0.004000s ]
INFO: [ route_check ] --END-- [ RunTime:0.006000s ]
INFO: [ app_begin ] --START--
INFO: ReadHtmlCache Behavior ::run [ RunTime:0.003000s ]
INFO: [ app_begin ] --END-- [ RunTime:0.005000s ]
NOTIC: [8] Undefined index: expire D:\phpstudy\WWW\dcyd\ThinkPHP\Common\functions.php 第 549 行.
NOTIC: 建议使用I方法替代_post
NOTIC: 建议使用I方法替代_post
SQL: SHOW COLUMNS FROM `dcyd_vevaluate` [ RunTime:0.005000s ]
SQL: INSERT INTO `dcyd_vevaluate` (`uid`,`viewid`,`content`,`addtime`,`starts`) VALUES (3,2,'啊四大美女现在买NX，明显你怎么，才能毛主席，才能西直门\',1492651263,5) [ RunTime:0.001000s ]

[ 2017-04-20T09:33:52+08:00 ] 127.0.0.1 /index.php/MyCenter/index.html
INFO: [ route_check ] --START--
INFO: CheckRoute Behavior ::run [ RunTime:0.003001s ]
INFO: [ route_check ] --END-- [ RunTime:0.004001s ]
INFO: [ app_begin ] --START--
INFO: ReadHtmlCache Behavior ::run [ RunTime:0.002000s ]
INFO: [ app_begin ] --END-- [ RunTime:0.003000s ]
NOTIC: [8] Undefined index: expire D:\phpstudy\WWW\dcyd\ThinkPHP\Common\functions.php 第 549 行.
SQL: SHOW COLUMNS FROM `dcyd_user` [ RunTime:0.005000s ]
SQL: SELECT `password`,`nickname`,`is_vip`,`img` FROM `dcyd_user` WHERE ( id=3 ) LIMIT 1   [ RunTime:0.001000s ]
SQL: SHOW COLUMNS FROM `dcyd_cart` [ RunTime:0.005000s ]
SQL: SELECT dcyd_view.img img,dcyd_view.title title,dcyd_view.money money,dcyd_cart.status status,dcyd_cart.addtime addtime FROM `dcyd_cart` inner join dcyd_view on dcyd_cart.courseid=dcyd_view.id WHERE ( dcyd_cart.uid=3 ) ORDER BY addtime desc LIMIT 0,3   [ RunTime:0.000000s ]
NOTIC: [2] Invalid argument supplied for foreach() D:\phpstudy\WWW\dcyd\App\Lib\Action\MyCenterAction.class.php 第 27 行.
SQL: SHOW COLUMNS FROM `dcyd_collection` [ RunTime:0.004001s ]
SQL: SELECT dcyd_view.img img,dcyd_view.title title FROM `dcyd_collection` inner join dcyd_view on dcyd_collection.courseid=dcyd_view.id WHERE ( uid=3 ) ORDER BY addtime desc LIMIT 0,4   [ RunTime:0.000000s ]
SQL: SHOW COLUMNS FROM `dcyd_browse` [ RunTime:0.004000s ]
SQL: SELECT dcyd_view.img img,dcyd_view.title title,dcyd_view.name teacher,dcyd_view.money money,dcyd_browse.courseid courseid FROM `dcyd_browse` inner join dcyd_view on dcyd_browse.courseid=dcyd_view.id WHERE ( uid=3 ) ORDER BY addtime desc LIMIT 0,8   [ RunTime:0.000000s ]
SQL: SHOW COLUMNS FROM `dcyd_collection` [ RunTime:0.004001s ]
NOTIC: [2] Invalid argument supplied for foreach() D:\phpstudy\WWW\dcyd\App\Lib\Action\MyCenterAction.class.php 第 368 行.
SQL: SELECT COUNT(*) AS tp_count FROM `dcyd_cart` WHERE ( uid=3 and status="1" ) LIMIT 1   [ RunTime:0.001000s ]
SQL: SHOW COLUMNS FROM `dcyd_question` [ RunTime:0.005000s ]
SQL: SELECT COUNT(*) AS tp_count FROM `dcyd_question` WHERE ( userid=3 and status="0" ) LIMIT 1   [ RunTime:0.001001s ]
SQL: SHOW COLUMNS FROM `dcyd_mycourse` [ RunTime:0.005000s ]
SQL: SELECT COUNT(*) AS tp_count FROM `dcyd_mycourse` WHERE ( uid=3 and status="1" ) LIMIT 1   [ RunTime:0.001000s ]
SQL: SHOW COLUMNS FROM `dcyd_yjt` [ RunTime:0.004000s ]
SQL: SELECT COUNT(*) AS tp_count FROM `dcyd_yjt` WHERE ( uid=3 and status="1" and iscancel="1" ) LIMIT 1   [ RunTime:0.001000s ]
ERR: 1054:Unknown column 'iscancel' in 'where clause'
 [ SQL语句 ] : SELECT COUNT(*) AS tp_count FROM `dcyd_yjt` WHERE ( uid=3 and status="1" and iscancel="1" ) LIMIT 1  
INFO: [ view_parse ] --START--
INFO: ParseTemplate Behavior ::run [ RunTime:0.081005s ]
INFO: [ view_parse ] --END-- [ RunTime:0.082005s ]
INFO: [ view_filter ] --START--
INFO: ContentReplace Behavior ::run [ RunTime:0.002000s ]
INFO: TokenBuild Behavior ::run [ RunTime:0.002000s ]
INFO: WriteHtmlCache Behavior ::run [ RunTime:0.001000s ]
INFO: ShowRuntime Behavior ::run [ RunTime:0.002000s ]
INFO: [ view_filter ] --END-- [ RunTime:0.009000s ]
INFO: [ view_end ] --START--
INFO: ShowPageTrace Behavior ::run [ RunTime:0.002000s ]
INFO: [ view_end ] --END-- [ RunTime:0.002000s ]

[ 2017-04-20T09:33:59+08:00 ] 127.0.0.1 /index.php/MyService/questionList.html
INFO: [ route_check ] --START--
INFO: CheckRoute Behavior ::run [ RunTime:0.003000s ]
INFO: [ route_check ] --END-- [ RunTime:0.004000s ]
INFO: [ app_begin ] --START--
INFO: ReadHtmlCache Behavior ::run [ RunTime:0.002001s ]
INFO: [ app_begin ] --END-- [ RunTime:0.003001s ]
NOTIC: [8] Undefined index: expire D:\phpstudy\WWW\dcyd\ThinkPHP\Common\functions.php 第 549 行.
SQL: SHOW COLUMNS FROM `dcyd_question` [ RunTime:0.004000s ]
SQL: SELECT COUNT(*) AS tp_count FROM `dcyd_question` WHERE ( userid=3 ) LIMIT 1   [ RunTime:0.001000s ]
SQL: SELECT dcyd_question.id id,dcyd_question.number number,dcyd_question.addtime addtime,dcyd_question.question question,dcyd_question.status status,dcyd_question_type.name type,dcyd_answer.teacherid teacher FROM `dcyd_question` inner join dcyd_question_type on dcyd_question.type=dcyd_question_type.id left join dcyd_answer on dcyd_question.id=dcyd_answer.qid WHERE ( userid=3 ) ORDER BY dcyd_question.addtime desc LIMIT 0,6   [ RunTime:0.001000s ]
SQL: SHOW COLUMNS FROM `dcyd_teacher` [ RunTime:0.004000s ]
NOTIC: [8] Uninitialized string offset: 0 D:\phpstudy\WWW\dcyd\App\Lib\Action\MyServiceAction.class.php 第 275 行.
SQL: SELECT `name` FROM `dcyd_teacher` WHERE ( id=6 ) LIMIT 1   [ RunTime:0.000000s ]
SQL: SELECT `name` FROM `dcyd_teacher` WHERE ( id=5 ) LIMIT 1   [ RunTime:0.001000s ]
SQL: SELECT `name` FROM `dcyd_teacher` WHERE ( id=6 ) LIMIT 1   [ RunTime:0.000000s ]
INFO: [ view_parse ] --START--
INFO: ParseTemplate Behavior ::run [ RunTime:0.074004s ]
INFO: [ view_parse ] --END-- [ RunTime:0.076004s ]
INFO: [ view_filter ] --START--
INFO: ContentReplace Behavior ::run [ RunTime:0.001000s ]
INFO: TokenBuild Behavior ::run [ RunTime:0.001000s ]
INFO: WriteHtmlCache Behavior ::run [ RunTime:0.001000s ]
INFO: ShowRuntime Behavior ::run [ RunTime:0.003001s ]
INFO: [ view_filter ] --END-- [ RunTime:0.009001s ]
INFO: [ view_end ] --START--
INFO: ShowPageTrace Behavior ::run [ RunTime:0.001000s ]
INFO: [ view_end ] --END-- [ RunTime:0.003000s ]

[ 2017-04-20T09:34:05+08:00 ] 127.0.0.1 /index.php/MyService/getAnswer.html?qid=14
INFO: [ route_check ] --START--
INFO: CheckRoute Behavior ::run [ RunTime:0.004000s ]
INFO: [ route_check ] --END-- [ RunTime:0.005000s ]
INFO: [ app_begin ] --START--
INFO: ReadHtmlCache Behavior ::run [ RunTime:0.002000s ]
INFO: [ app_begin ] --END-- [ RunTime:0.003000s ]
NOTIC: [8] Undefined index: expire D:\phpstudy\WWW\dcyd\ThinkPHP\Common\functions.php 第 549 行.
NOTIC: 建议使用I方法替代_get
SQL: SHOW COLUMNS FROM `dcyd_question` [ RunTime:0.004000s ]
SQL: SELECT `question`,`addtime` FROM `dcyd_question` WHERE ( id=14 and userid=3 ) LIMIT 1   [ RunTime:0.000000s ]
SQL: SHOW COLUMNS FROM `dcyd_answer` [ RunTime:0.004000s ]
SQL: SELECT `answer` FROM `dcyd_answer` WHERE ( qid=14 ) LIMIT 1   [ RunTime:0.001000s ]
INFO: [ view_parse ] --START--
INFO: ParseTemplate Behavior ::run [ RunTime:0.049003s ]
INFO: [ view_parse ] --END-- [ RunTime:0.050003s ]
INFO: [ view_filter ] --START--
INFO: ContentReplace Behavior ::run [ RunTime:0.001000s ]
INFO: TokenBuild Behavior ::run [ RunTime:0.002000s ]
INFO: WriteHtmlCache Behavior ::run [ RunTime:0.001001s ]
INFO: ShowRuntime Behavior ::run [ RunTime:0.003000s ]
INFO: [ view_filter ] --END-- [ RunTime:0.008001s ]
INFO: [ view_end ] --START--
INFO: ShowPageTrace Behavior ::run [ RunTime:0.002000s ]
INFO: [ view_end ] --END-- [ RunTime:0.003000s ]

[ 2017-04-20T09:34:36+08:00 ] 127.0.0.1 /index.php/Index/kcjs.html
INFO: [ route_check ] --START--
INFO: CheckRoute Behavior ::run [ RunTime:0.003000s ]
INFO: [ route_check ] --END-- [ RunTime:0.004000s ]
INFO: [ app_begin ] --START--
INFO: ReadHtmlCache Behavior ::run [ RunTime:0.002000s ]
INFO: [ app_begin ] --END-- [ RunTime:0.002000s ]
NOTIC: [8] Undefined index: expire D:\phpstudy\WWW\dcyd\ThinkPHP\Common\functions.php 第 549 行.
NOTIC: [8] Undefined index: id D:\phpstudy\WWW\dcyd\App\Lib\Action\IndexAction.class.php 第 227 行.
SQL: SHOW COLUMNS FROM `dcyd_video` [ RunTime:0.005001s ]
SQL: SELECT `chapternum`,`title`,`introduce` FROM `dcyd_video` WHERE ( id =  )  [ RunTime:0.000000s ]
ERR: 1064:You have an error in your SQL syntax; check the manual that corresponds to your MySQL server version for the right syntax to use near ')' at line 1
 [ SQL语句 ] : SELECT `chapternum`,`title`,`introduce` FROM `dcyd_video` WHERE ( id =  ) 
ERR: 模板不存在[../App/Tpl/Index/kcjs.html]

[ 2017-04-20T14:48:39+08:00 ] 127.0.0.1 /index.php/MyCenter/index.html
INFO: [ route_check ] --START--
INFO: CheckRoute Behavior ::run [ RunTime:0.003000s ]
INFO: [ route_check ] --END-- [ RunTime:0.004000s ]
INFO: [ app_begin ] --START--
INFO: ReadHtmlCache Behavior ::run [ RunTime:0.002000s ]
INFO: [ app_begin ] --END-- [ RunTime:0.003001s ]
NOTIC: [8] Undefined index: expire D:\phpstudy\WWW\dcyd\ThinkPHP\Common\functions.php 第 549 行.

[ 2017-04-20T14:48:39+08:00 ] 127.0.0.1 /index.php/Login/loginPage.html
INFO: [ route_check ] --START--
INFO: CheckRoute Behavior ::run [ RunTime:0.003000s ]
INFO: [ route_check ] --END-- [ RunTime:0.004000s ]
INFO: [ app_begin ] --START--
INFO: ReadHtmlCache Behavior ::run [ RunTime:0.002001s ]
INFO: [ app_begin ] --END-- [ RunTime:0.003001s ]
NOTIC: [8] Undefined index: expire D:\phpstudy\WWW\dcyd\ThinkPHP\Common\functions.php 第 549 行.
INFO: [ view_parse ] --START--
INFO: ParseTemplate Behavior ::run [ RunTime:0.026002s ]
INFO: [ view_parse ] --END-- [ RunTime:0.028002s ]
INFO: [ view_filter ] --START--
INFO: ContentReplace Behavior ::run [ RunTime:0.001000s ]
INFO: TokenBuild Behavior ::run [ RunTime:0.001000s ]
INFO: WriteHtmlCache Behavior ::run [ RunTime:0.001000s ]
INFO: ShowRuntime Behavior ::run [ RunTime:0.002000s ]
INFO: [ view_filter ] --END-- [ RunTime:0.009000s ]
INFO: [ view_end ] --START--
INFO: ShowPageTrace Behavior ::run [ RunTime:0.002000s ]
INFO: [ view_end ] --END-- [ RunTime:0.003000s ]

[ 2017-04-20T14:48:47+08:00 ] 127.0.0.1 /index.php/Login/login.html
INFO: [ route_check ] --START--
INFO: CheckRoute Behavior ::run [ RunTime:0.003000s ]
INFO: [ route_check ] --END-- [ RunTime:0.004000s ]
INFO: [ app_begin ] --START--
INFO: ReadHtmlCache Behavior ::run [ RunTime:0.002000s ]
INFO: [ app_begin ] --END-- [ RunTime:0.002000s ]
NOTIC: [8] Undefined index: expire D:\phpstudy\WWW\dcyd\ThinkPHP\Common\functions.php 第 549 行.
SQL: SHOW COLUMNS FROM `dcyd_user` [ RunTime:0.006001s ]
SQL: SELECT `id`,`Phone`,`password` FROM `dcyd_user` WHERE ( `Phone` = '18911620683' ) AND ( `password` = '26167058b9da61dce0a74931352' ) LIMIT 1   [ RunTime:0.001000s ]
NOTIC: [8] Undefined index: pwd D:\phpstudy\WWW\dcyd\App\Lib\Action\LoginAction.class.php 第 21 行.
SQL: UPDATE `dcyd_user` SET `ltimes`=1492670927,`IPadd`=127 WHERE ( `id` = 3 ) [ RunTime:0.002000s ]

[ 2017-04-20T14:48:50+08:00 ] 127.0.0.1 /index.php/Index/index.html
INFO: [ route_check ] --START--
INFO: CheckRoute Behavior ::run [ RunTime:0.003000s ]
INFO: [ route_check ] --END-- [ RunTime:0.004000s ]
INFO: [ app_begin ] --START--
INFO: ReadHtmlCache Behavior ::run [ RunTime:0.002000s ]
INFO: [ app_begin ] --END-- [ RunTime:0.002000s ]
NOTIC: [8] Undefined index: expire D:\phpstudy\WWW\dcyd\ThinkPHP\Common\functions.php 第 549 行.
SQL: SHOW COLUMNS FROM `dcyd_article` [ RunTime:0.008000s ]
SQL: SELECT `id`,`title`,`keywords`,`lanmu`,`laiyuan`,`content`,`auth`,`describe`,`time`,`status` FROM `dcyd_article` WHERE ( lanmu=1 && status=2 )  [ RunTime:0.001000s ]
SQL: SELECT `id`,`title`,`keywords`,`lanmu`,`laiyuan`,`content`,`auth`,`describe`,`time`,`status` FROM `dcyd_article` WHERE ( lanmu=2 && status=2 )  [ RunTime:0.000000s ]
SQL: SELECT `id`,`title`,`keywords`,`lanmu`,`laiyuan`,`content`,`auth`,`describe`,`time`,`status` FROM `dcyd_article` WHERE ( lanmu=3 && status=2 )  [ RunTime:0.000000s ]
SQL: SELECT `id`,`title`,`keywords`,`lanmu`,`laiyuan`,`content`,`auth`,`describe`,`time`,`status` FROM `dcyd_article` WHERE ( lanmu=4 && status=2 )  [ RunTime:0.001000s ]
SQL: SHOW COLUMNS FROM `dcyd_view` [ RunTime:0.007001s ]
SQL: SELECT `id`,`kname`,`name`,`url`,`title`,`money`,`introduce`,`chapternum`,`kctitle`,`img` FROM `dcyd_view` WHERE ( kname = '系列专题' ) GROUP BY kctitle LIMIT 3   [ RunTime:0.006000s ]
SQL: SELECT `id`,`kname`,`name`,`url`,`title`,`money`,`introduce`,`chapternum`,`kctitle`,`img` FROM `dcyd_view` WHERE ( kname = '专家精选' ) GROUP BY kctitle LIMIT 3   [ RunTime:0.007001s ]
SQL: SHOW COLUMNS FROM `dcyd_open_course_type` [ RunTime:0.008000s ]
SQL: SELECT `id`,`tname`,`cost`,`days`,`img` FROM `dcyd_open_course_type`  [ RunTime:0.000000s ]
SQL: SHOW COLUMNS FROM `dcyd_teacher` [ RunTime:0.008001s ]
SQL: SELECT `id`,`name`,`timg`,`explain` FROM `dcyd_teacher`  [ RunTime:0.000000s ]
SQL: SHOW COLUMNS FROM `dcyd_question_type` [ RunTime:0.007001s ]
SQL: SELECT `id`,`name` FROM `dcyd_question_type`  [ RunTime:0.001000s ]
INFO: [ view_parse ] --START--
NOTIC: [8] Undefined index: id D:\phpstudy\WWW\dcyd\App\Runtime\Cache\a43ee091293c08b425f9e73d2888eec8.php 第 490 行.
NOTIC: [8] Undefined index: id D:\phpstudy\WWW\dcyd\App\Runtime\Cache\a43ee091293c08b425f9e73d2888eec8.php 第 490 行.
NOTIC: [8] Undefined index: id D:\phpstudy\WWW\dcyd\App\Runtime\Cache\a43ee091293c08b425f9e73d2888eec8.php 第 490 行.
NOTIC: [8] Undefined index: id D:\phpstudy\WWW\dcyd\App\Runtime\Cache\a43ee091293c08b425f9e73d2888eec8.php 第 490 行.
NOTIC: [8] Undefined index: id D:\phpstudy\WWW\dcyd\App\Runtime\Cache\a43ee091293c08b425f9e73d2888eec8.php 第 490 行.
NOTIC: [8] Undefined index: id D:\phpstudy\WWW\dcyd\App\Runtime\Cache\a43ee091293c08b425f9e73d2888eec8.php 第 490 行.
NOTIC: [8] Undefined index: id D:\phpstudy\WWW\dcyd\App\Runtime\Cache\a43ee091293c08b425f9e73d2888eec8.php 第 490 行.
NOTIC: [8] Undefined index: id D:\phpstudy\WWW\dcyd\App\Runtime\Cache\a43ee091293c08b425f9e73d2888eec8.php 第 490 行.
NOTIC: [8] Undefined index: id D:\phpstudy\WWW\dcyd\App\Runtime\Cache\a43ee091293c08b425f9e73d2888eec8.php 第 490 行.
INFO: ParseTemplate Behavior ::run [ RunTime:0.278016s ]
INFO: [ view_parse ] --END-- [ RunTime:0.279016s ]
INFO: [ view_filter ] --START--
INFO: ContentReplace Behavior ::run [ RunTime:0.002000s ]
INFO: TokenBuild Behavior ::run [ RunTime:0.002000s ]
INFO: WriteHtmlCache Behavior ::run [ RunTime:0.002000s ]
INFO: ShowRuntime Behavior ::run [ RunTime:0.003001s ]
INFO: [ view_filter ] --END-- [ RunTime:0.011001s ]
INFO: [ view_end ] --START--
INFO: ShowPageTrace Behavior ::run [ RunTime:0.004000s ]
INFO: [ view_end ] --END-- [ RunTime:0.006000s ]

[ 2017-04-20T14:48:51+08:00 ] 127.0.0.1 /index.php/MyCenter/index.html
INFO: [ route_check ] --START--
INFO: CheckRoute Behavior ::run [ RunTime:0.003000s ]
INFO: [ route_check ] --END-- [ RunTime:0.005001s ]
INFO: [ app_begin ] --START--
INFO: ReadHtmlCache Behavior ::run [ RunTime:0.002000s ]
INFO: [ app_begin ] --END-- [ RunTime:0.004000s ]
NOTIC: [8] Undefined index: expire D:\phpstudy\WWW\dcyd\ThinkPHP\Common\functions.php 第 549 行.
SQL: SHOW COLUMNS FROM `dcyd_user` [ RunTime:0.009001s ]
SQL: SELECT `password`,`nickname`,`is_vip`,`img` FROM `dcyd_user` WHERE ( id=3 ) LIMIT 1   [ RunTime:0.000000s ]
SQL: SHOW COLUMNS FROM `dcyd_cart` [ RunTime:0.007001s ]
SQL: SELECT dcyd_view.img img,dcyd_view.title title,dcyd_view.money money,dcyd_cart.status status,dcyd_cart.addtime addtime FROM `dcyd_cart` inner join dcyd_view on dcyd_cart.courseid=dcyd_view.id WHERE ( dcyd_cart.uid=3 ) ORDER BY addtime desc LIMIT 0,3   [ RunTime:0.000000s ]
NOTIC: [2] Invalid argument supplied for foreach() D:\phpstudy\WWW\dcyd\App\Lib\Action\MyCenterAction.class.php 第 27 行.
SQL: SHOW COLUMNS FROM `dcyd_collection` [ RunTime:0.008001s ]
SQL: SELECT dcyd_view.img img,dcyd_view.title title FROM `dcyd_collection` inner join dcyd_view on dcyd_collection.courseid=dcyd_view.id WHERE ( uid=3 ) ORDER BY addtime desc LIMIT 0,4   [ RunTime:0.000000s ]
SQL: SHOW COLUMNS FROM `dcyd_browse` [ RunTime:0.007000s ]
SQL: SELECT dcyd_view.img img,dcyd_view.title title,dcyd_view.name teacher,dcyd_view.money money,dcyd_browse.courseid courseid FROM `dcyd_browse` inner join dcyd_view on dcyd_browse.courseid=dcyd_view.id WHERE ( uid=3 ) ORDER BY addtime desc LIMIT 0,8   [ RunTime:0.001001s ]
SQL: SHOW COLUMNS FROM `dcyd_collection` [ RunTime:0.007000s ]
NOTIC: [2] Invalid argument supplied for foreach() D:\phpstudy\WWW\dcyd\App\Lib\Action\MyCenterAction.class.php 第 368 行.
SQL: SELECT COUNT(*) AS tp_count FROM `dcyd_cart` WHERE ( uid=3 and status="1" ) LIMIT 1   [ RunTime:0.001000s ]
SQL: SHOW COLUMNS FROM `dcyd_question` [ RunTime:0.009001s ]
SQL: SELECT COUNT(*) AS tp_count FROM `dcyd_question` WHERE ( userid=3 and status="0" ) LIMIT 1   [ RunTime:0.000000s ]
SQL: SHOW COLUMNS FROM `dcyd_mycourse` [ RunTime:0.007000s ]
SQL: SELECT COUNT(*) AS tp_count FROM `dcyd_mycourse` WHERE ( uid=3 and status="1" ) LIMIT 1   [ RunTime:0.001000s ]
SQL: SHOW COLUMNS FROM `dcyd_yjt` [ RunTime:0.008000s ]
SQL: SELECT COUNT(*) AS tp_count FROM `dcyd_yjt` WHERE ( uid=3 and status="1" and iscancel="1" ) LIMIT 1   [ RunTime:0.001000s ]
ERR: 1054:Unknown column 'iscancel' in 'where clause'
 [ SQL语句 ] : SELECT COUNT(*) AS tp_count FROM `dcyd_yjt` WHERE ( uid=3 and status="1" and iscancel="1" ) LIMIT 1  
INFO: [ view_parse ] --START--
INFO: ParseTemplate Behavior ::run [ RunTime:0.082004s ]
INFO: [ view_parse ] --END-- [ RunTime:0.083004s ]
INFO: [ view_filter ] --START--
INFO: ContentReplace Behavior ::run [ RunTime:0.002001s ]
INFO: TokenBuild Behavior ::run [ RunTime:0.002000s ]
INFO: WriteHtmlCache Behavior ::run [ RunTime:0.001000s ]
INFO: ShowRuntime Behavior ::run [ RunTime:0.002000s ]
INFO: [ view_filter ] --END-- [ RunTime:0.011001s ]
INFO: [ view_end ] --START--
INFO: ShowPageTrace Behavior ::run [ RunTime:0.002000s ]
INFO: [ view_end ] --END-- [ RunTime:0.003000s ]

[ 2017-04-20T14:48:54+08:00 ] 127.0.0.1 /index.php/MyCenter/personInfo.html
INFO: [ route_check ] --START--
INFO: CheckRoute Behavior ::run [ RunTime:0.004001s ]
INFO: [ route_check ] --END-- [ RunTime:0.004001s ]
INFO: [ app_begin ] --START--
INFO: ReadHtmlCache Behavior ::run [ RunTime:0.002000s ]
INFO: [ app_begin ] --END-- [ RunTime:0.003000s ]
NOTIC: [8] Undefined index: expire D:\phpstudy\WWW\dcyd\ThinkPHP\Common\functions.php 第 549 行.
SQL: SHOW COLUMNS FROM `dcyd_user` [ RunTime:0.008000s ]
SQL: SELECT * FROM `dcyd_user` WHERE ( id=3 ) LIMIT 1   [ RunTime:0.001000s ]
SQL: SHOW COLUMNS FROM `dcyd_hobu` [ RunTime:0.007000s ]
SQL: SELECT * FROM `dcyd_hobu` WHERE ( uid=3 )  [ RunTime:0.000000s ]
NOTIC: [2] Invalid argument supplied for foreach() D:\phpstudy\WWW\dcyd\App\Lib\Action\MyCenterAction.class.php 第 91 行.
SQL: SHOW COLUMNS FROM `dcyd_hobby` [ RunTime:0.007000s ]
SQL: SELECT * FROM `dcyd_hobby`  [ RunTime:0.000000s ]
NOTIC: [2] Invalid argument supplied for foreach() D:\phpstudy\WWW\dcyd\App\Lib\Action\MyCenterAction.class.php 第 102 行.
INFO: [ view_parse ] --START--
INFO: ParseTemplate Behavior ::run [ RunTime:0.072004s ]
INFO: [ view_parse ] --END-- [ RunTime:0.072004s ]
INFO: [ view_filter ] --START--
INFO: ContentReplace Behavior ::run [ RunTime:0.002000s ]
INFO: TokenBuild Behavior ::run [ RunTime:0.002000s ]
INFO: WriteHtmlCache Behavior ::run [ RunTime:0.001000s ]
INFO: ShowRuntime Behavior ::run [ RunTime:0.003000s ]
INFO: [ view_filter ] --END-- [ RunTime:0.009000s ]
INFO: [ view_end ] --START--
INFO: ShowPageTrace Behavior ::run [ RunTime:0.002000s ]
INFO: [ view_end ] --END-- [ RunTime:0.002000s ]

[ 2017-04-20T14:48:56+08:00 ] 127.0.0.1 /index.php/MyCenter/index.html
INFO: [ route_check ] --START--
INFO: CheckRoute Behavior ::run [ RunTime:0.003000s ]
INFO: [ route_check ] --END-- [ RunTime:0.003000s ]
INFO: [ app_begin ] --START--
INFO: ReadHtmlCache Behavior ::run [ RunTime:0.002000s ]
INFO: [ app_begin ] --END-- [ RunTime:0.003000s ]
NOTIC: [8] Undefined index: expire D:\phpstudy\WWW\dcyd\ThinkPHP\Common\functions.php 第 549 行.
SQL: SHOW COLUMNS FROM `dcyd_user` [ RunTime:0.007001s ]
SQL: SELECT `password`,`nickname`,`is_vip`,`img` FROM `dcyd_user` WHERE ( id=3 ) LIMIT 1   [ RunTime:0.001000s ]
SQL: SHOW COLUMNS FROM `dcyd_cart` [ RunTime:0.008000s ]
SQL: SELECT dcyd_view.img img,dcyd_view.title title,dcyd_view.money money,dcyd_cart.status status,dcyd_cart.addtime addtime FROM `dcyd_cart` inner join dcyd_view on dcyd_cart.courseid=dcyd_view.id WHERE ( dcyd_cart.uid=3 ) ORDER BY addtime desc LIMIT 0,3   [ RunTime:0.001000s ]
NOTIC: [2] Invalid argument supplied for foreach() D:\phpstudy\WWW\dcyd\App\Lib\Action\MyCenterAction.class.php 第 27 行.
SQL: SHOW COLUMNS FROM `dcyd_collection` [ RunTime:0.008000s ]
SQL: SELECT dcyd_view.img img,dcyd_view.title title FROM `dcyd_collection` inner join dcyd_view on dcyd_collection.courseid=dcyd_view.id WHERE ( uid=3 ) ORDER BY addtime desc LIMIT 0,4   [ RunTime:0.000000s ]
SQL: SHOW COLUMNS FROM `dcyd_browse` [ RunTime:0.006000s ]
SQL: SELECT dcyd_view.img img,dcyd_view.title title,dcyd_view.name teacher,dcyd_view.money money,dcyd_browse.courseid courseid FROM `dcyd_browse` inner join dcyd_view on dcyd_browse.courseid=dcyd_view.id WHERE ( uid=3 ) ORDER BY addtime desc LIMIT 0,8   [ RunTime:0.001000s ]
SQL: SHOW COLUMNS FROM `dcyd_collection` [ RunTime:0.006000s ]
NOTIC: [2] Invalid argument supplied for foreach() D:\phpstudy\WWW\dcyd\App\Lib\Action\MyCenterAction.class.php 第 368 行.
SQL: SELECT COUNT(*) AS tp_count FROM `dcyd_cart` WHERE ( uid=3 and status="1" ) LIMIT 1   [ RunTime:0.000000s ]
SQL: SHOW COLUMNS FROM `dcyd_question` [ RunTime:0.007000s ]
SQL: SELECT COUNT(*) AS tp_count FROM `dcyd_question` WHERE ( userid=3 and status="0" ) LIMIT 1   [ RunTime:0.000000s ]
SQL: SHOW COLUMNS FROM `dcyd_mycourse` [ RunTime:0.007000s ]
SQL: SELECT COUNT(*) AS tp_count FROM `dcyd_mycourse` WHERE ( uid=3 and status="1" ) LIMIT 1   [ RunTime:0.001000s ]
SQL: SHOW COLUMNS FROM `dcyd_yjt` [ RunTime:0.007001s ]
SQL: SELECT COUNT(*) AS tp_count FROM `dcyd_yjt` WHERE ( uid=3 and status="1" and iscancel="1" ) LIMIT 1   [ RunTime:0.000000s ]
ERR: 1054:Unknown column 'iscancel' in 'where clause'
 [ SQL语句 ] : SELECT COUNT(*) AS tp_count FROM `dcyd_yjt` WHERE ( uid=3 and status="1" and iscancel="1" ) LIMIT 1  
INFO: [ view_parse ] --START--
INFO: ParseTemplate Behavior ::run [ RunTime:0.082005s ]
INFO: [ view_parse ] --END-- [ RunTime:0.083005s ]
INFO: [ view_filter ] --START--
INFO: ContentReplace Behavior ::run [ RunTime:0.001000s ]
INFO: TokenBuild Behavior ::run [ RunTime:0.003000s ]
INFO: WriteHtmlCache Behavior ::run [ RunTime:0.001000s ]
INFO: ShowRuntime Behavior ::run [ RunTime:0.002000s ]
INFO: [ view_filter ] --END-- [ RunTime:0.011000s ]
INFO: [ view_end ] --START--
INFO: ShowPageTrace Behavior ::run [ RunTime:0.002001s ]
INFO: [ view_end ] --END-- [ RunTime:0.002001s ]

