[ 2015-12-31T15:46:52+08:00 ] 127.0.0.1 /Manerger/index.php/LoanManage/show_card/id/13
INFO: [ route_check ] --START--
INFO: CheckRoute Behavior ::run [ RunTime:0.001000s ]
INFO: [ route_check ] --END-- [ RunTime:0.001000s ]
NOTIC: [2] htmlspecialchars() expects parameter 2 to be long, string given D:\wamp\www\ddkd\ThinkPHP\Lib\Core\App.class.php 第 57 行.
INFO: [ app_begin ] --START--
INFO: ReadHtmlCache Behavior ::run [ RunTime:0.001000s ]
INFO: [ app_begin ] --END-- [ RunTime:0.001000s ]
NOTIC: [8] Undefined index: expire D:\wamp\www\ddkd\ThinkPHP\Common\functions.php 第 549 行.
NOTIC: 建议使用I方法替代_get
SQL: SHOW COLUMNS FROM `dd_user` [ RunTime:0.050003s ]
SQL: SELECT u.id,u.name,u.card_no FROM dd_loan as l LEFT JOIN dd_user as u on l.uid=u.id WHERE ( u.dark_status = 2 ) AND ( l.id = '13' ) LIMIT 1   [ RunTime:0.049003s ]
SQL: SHOW COLUMNS FROM `dd_card_check` [ RunTime:0.051003s ]
NOTIC: [8] Undefined index: uid D:\wamp\www\ddkd\Manage\Lib\Action\LoanManageAction.class.php 第 79 行.
SQL: SELECT `ctime`,`province`,`city`,`zone`,`detail`,`card_front_ske`,`card_back_ske`,`card_hand_ske`,`card_front`,`card_back`,`card_hand` FROM `dd_card_check` WHERE ( uid= ) LIMIT 1   [ RunTime:0.051003s ]
ERR: 1064:You have an error in your SQL syntax; check the manual that corresponds to your MySQL server version for the right syntax to use near ') LIMIT 1' at line 1
 [ SQL语句 ] : SELECT `ctime`,`province`,`city`,`zone`,`detail`,`card_front_ske`,`card_back_ske`,`card_hand_ske`,`card_front`,`card_back`,`card_hand` FROM `dd_card_check` WHERE ( uid= ) LIMIT 1  

[ 2015-12-31T15:46:52+08:00 ] 127.0.0.1 /Manerger/index.php/Public/login.html
INFO: [ route_check ] --START--
INFO: CheckRoute Behavior ::run [ RunTime:0.001000s ]
INFO: [ route_check ] --END-- [ RunTime:0.001000s ]
INFO: [ app_begin ] --START--
INFO: ReadHtmlCache Behavior ::run [ RunTime:0.002000s ]
INFO: [ app_begin ] --END-- [ RunTime:0.002000s ]
NOTIC: [8] Undefined index: expire D:\wamp\www\ddkd\ThinkPHP\Common\functions.php 第 549 行.
INFO: [ view_parse ] --START--
INFO: ParseTemplate Behavior ::run [ RunTime:0.015001s ]
INFO: [ view_parse ] --END-- [ RunTime:0.015001s ]
INFO: [ view_filter ] --START--
INFO: ContentReplace Behavior ::run [ RunTime:0.001000s ]
INFO: TokenBuild Behavior ::run [ RunTime:0.002000s ]
INFO: WriteHtmlCache Behavior ::run [ RunTime:0.001000s ]
INFO: ShowRuntime Behavior ::run [ RunTime:0.001000s ]
INFO: [ view_filter ] --END-- [ RunTime:0.006000s ]
INFO: [ view_end ] --START--
INFO: ShowPageTrace Behavior ::run [ RunTime:0.001000s ]
INFO: [ view_end ] --END-- [ RunTime:0.001000s ]

[ 2015-12-31T15:46:54+08:00 ] 127.0.0.1 /Manerger/index.php/Public/checklogin
INFO: [ route_check ] --START--
INFO: CheckRoute Behavior ::run [ RunTime:0.001000s ]
INFO: [ route_check ] --END-- [ RunTime:0.002000s ]
NOTIC: [2] htmlspecialchars() expects parameter 2 to be long, string given D:\wamp\www\ddkd\ThinkPHP\Lib\Core\App.class.php 第 56 行.
NOTIC: [2] htmlspecialchars() expects parameter 2 to be long, string given D:\wamp\www\ddkd\ThinkPHP\Lib\Core\App.class.php 第 56 行.
INFO: [ app_begin ] --START--
INFO: ReadHtmlCache Behavior ::run [ RunTime:0.002000s ]
INFO: [ app_begin ] --END-- [ RunTime:0.002000s ]
NOTIC: [8] Undefined index: expire D:\wamp\www\ddkd\ThinkPHP\Common\functions.php 第 549 行.
SQL: SHOW COLUMNS FROM `dd_admin` [ RunTime:0.051003s ]
NOTIC: 建议使用I方法替代_post
NOTIC: 建议使用I方法替代_post
SQL: SELECT `id`,`rid`,`username` FROM `dd_admin` WHERE ( `username` = 'admin' ) AND ( `password` = '8b88e6b7e854b04cb74e' ) LIMIT 1   [ RunTime:0.044003s ]
SQL: SHOW COLUMNS FROM `dd_role` [ RunTime:0.050002s ]
SQL: SELECT `powers` FROM `dd_role` WHERE ( id=1 ) LIMIT 1   [ RunTime:0.048002s ]
SQL: SHOW COLUMNS FROM `dd_node` [ RunTime:0.046003s ]
SQL: SELECT `name` FROM `dd_node` WHERE ( pid>0 )  [ RunTime:0.050003s ]
SQL: UPDATE `dd_admin` SET `last_time`=1451548014,`last_ip`=127 WHERE ( id=1 ) [ RunTime:0.052003s ]
NOTIC: [8] Undefined variable: var D:\wamp\www\ddkd\ThinkPHP\Common\functions.php 第 247 行.
NOTIC: [2] array_reverse() expects parameter 1 to be array, null given D:\wamp\www\ddkd\ThinkPHP\Common\functions.php 第 247 行.
NOTIC: [2] http_build_query(): Parameter 1 expected to be Array or Object.  Incorrect value given D:\wamp\www\ddkd\ThinkPHP\Common\functions.php 第 247 行.

[ 2015-12-31T15:46:55+08:00 ] 127.0.0.1 /Manerger/index.php?
INFO: [ app_begin ] --START--
INFO: ReadHtmlCache Behavior ::run [ RunTime:0.001000s ]
INFO: [ app_begin ] --END-- [ RunTime:0.002000s ]
NOTIC: [8] Undefined index: expire D:\wamp\www\ddkd\ThinkPHP\Common\functions.php 第 549 行.
SQL: SHOW COLUMNS FROM `dd_operate` [ RunTime:0.040002s ]
ERR: 1146:Table 'ddkd.dd_operate' doesn't exist
 [ SQL语句 ] : SHOW COLUMNS FROM `dd_operate`
INFO: [ view_parse ] --START--
INFO: ParseTemplate Behavior ::run [ RunTime:0.020001s ]
INFO: [ view_parse ] --END-- [ RunTime:0.020001s ]
INFO: [ view_filter ] --START--
INFO: ContentReplace Behavior ::run [ RunTime:0.001000s ]
INFO: TokenBuild Behavior ::run [ RunTime:0.001000s ]
INFO: WriteHtmlCache Behavior ::run [ RunTime:0.002000s ]
INFO: ShowRuntime Behavior ::run [ RunTime:0.002001s ]
INFO: [ view_filter ] --END-- [ RunTime:0.007001s ]
INFO: [ view_end ] --START--
INFO: ShowPageTrace Behavior ::run [ RunTime:0.002000s ]
INFO: [ view_end ] --END-- [ RunTime:0.002000s ]

[ 2015-12-31T15:47:02+08:00 ] 127.0.0.1 /Manerger/index.php/LoanManage/card
INFO: [ route_check ] --START--
INFO: CheckRoute Behavior ::run [ RunTime:0.002001s ]
INFO: [ route_check ] --END-- [ RunTime:0.002001s ]
INFO: [ app_begin ] --START--
INFO: ReadHtmlCache Behavior ::run [ RunTime:0.001000s ]
INFO: [ app_begin ] --END-- [ RunTime:0.001000s ]
NOTIC: [8] Undefined index: expire D:\wamp\www\ddkd\ThinkPHP\Common\functions.php 第 549 行.
SQL: SHOW COLUMNS FROM `dd_operate` [ RunTime:0.036002s ]
ERR: 1146:Table 'ddkd.dd_operate' doesn't exist
 [ SQL语句 ] : SHOW COLUMNS FROM `dd_operate`
INFO: [ view_parse ] --START--
INFO: ParseTemplate Behavior ::run [ RunTime:0.018001s ]
INFO: [ view_parse ] --END-- [ RunTime:0.018001s ]
INFO: [ view_filter ] --START--
INFO: ContentReplace Behavior ::run [ RunTime:0.001000s ]
INFO: TokenBuild Behavior ::run [ RunTime:0.002000s ]
INFO: WriteHtmlCache Behavior ::run [ RunTime:0.001000s ]
INFO: ShowRuntime Behavior ::run [ RunTime:0.002000s ]
INFO: [ view_filter ] --END-- [ RunTime:0.006000s ]
INFO: [ view_end ] --START--
INFO: ShowPageTrace Behavior ::run [ RunTime:0.001000s ]
INFO: [ view_end ] --END-- [ RunTime:0.001000s ]

[ 2015-12-31T15:47:04+08:00 ] 127.0.0.1 /Manerger/index.php?m=LoanManage&a=datalist&plan=2
NOTIC: [2] htmlspecialchars() expects parameter 2 to be long, string given D:\wamp\www\ddkd\ThinkPHP\Lib\Core\App.class.php 第 56 行.
NOTIC: [2] htmlspecialchars() expects parameter 2 to be long, string given D:\wamp\www\ddkd\ThinkPHP\Lib\Core\App.class.php 第 56 行.
NOTIC: [2] htmlspecialchars() expects parameter 2 to be long, string given D:\wamp\www\ddkd\ThinkPHP\Lib\Core\App.class.php 第 57 行.
INFO: [ app_begin ] --START--
INFO: ReadHtmlCache Behavior ::run [ RunTime:0.001000s ]
INFO: [ app_begin ] --END-- [ RunTime:0.003000s ]
NOTIC: [8] Undefined index: expire D:\wamp\www\ddkd\ThinkPHP\Common\functions.php 第 549 行.
SQL: SHOW COLUMNS FROM `dd_operate` [ RunTime:0.040003s ]
ERR: 1146:Table 'ddkd.dd_operate' doesn't exist
 [ SQL语句 ] : SHOW COLUMNS FROM `dd_operate`
SQL: SHOW COLUMNS FROM `dd_loan` [ RunTime:0.039002s ]
NOTIC: 建议使用I方法替代_get
SQL: SELECT l.id,l.loan_num,l.uid,l.creatime,u.name,u.card_no,l.loan_money,l.time_limit,l.check_name FROM dd_loan as l LEFT JOIN dd_user as u on l.uid=u.id WHERE ( l.next_plan = '2' ) AND ( u.dark_status = 2 ) ORDER BY l.creatime LIMIT 0,20   [ RunTime:0.038002s ]
SQL: SELECT COUNT(*) AS tp_count FROM dd_loan as l LEFT JOIN dd_user as u on l.uid=u.id WHERE ( l.next_plan = '2' ) AND ( u.dark_status = 2 ) LIMIT 1   [ RunTime:0.036002s ]

[ 2015-12-31T15:47:06+08:00 ] 127.0.0.1 /Manerger/index.php/LoanManage/show_card/id/13
INFO: [ route_check ] --START--
INFO: CheckRoute Behavior ::run [ RunTime:0.001000s ]
INFO: [ route_check ] --END-- [ RunTime:0.002000s ]
NOTIC: [2] htmlspecialchars() expects parameter 2 to be long, string given D:\wamp\www\ddkd\ThinkPHP\Lib\Core\App.class.php 第 57 行.
INFO: [ app_begin ] --START--
INFO: ReadHtmlCache Behavior ::run [ RunTime:0.002000s ]
INFO: [ app_begin ] --END-- [ RunTime:0.002000s ]
NOTIC: [8] Undefined index: expire D:\wamp\www\ddkd\ThinkPHP\Common\functions.php 第 549 行.
SQL: SHOW COLUMNS FROM `dd_operate` [ RunTime:0.038002s ]
ERR: 1146:Table 'ddkd.dd_operate' doesn't exist
 [ SQL语句 ] : SHOW COLUMNS FROM `dd_operate`
NOTIC: 建议使用I方法替代_get
SQL: SHOW COLUMNS FROM `dd_user` [ RunTime:0.041002s ]
SQL: SELECT u.id,u.name,u.card_no FROM dd_loan as l LEFT JOIN dd_user as u on l.uid=u.id WHERE ( u.dark_status = 2 ) AND ( l.id = '13' ) LIMIT 1   [ RunTime:0.036002s ]
SQL: SHOW COLUMNS FROM `dd_card_check` [ RunTime:0.038002s ]
NOTIC: [8] Undefined index: uid D:\wamp\www\ddkd\Manage\Lib\Action\LoanManageAction.class.php 第 79 行.
SQL: SELECT `ctime`,`province`,`city`,`zone`,`detail`,`card_front_ske`,`card_back_ske`,`card_hand_ske`,`card_front`,`card_back`,`card_hand` FROM `dd_card_check` WHERE ( uid= ) LIMIT 1   [ RunTime:0.040002s ]
ERR: 1064:You have an error in your SQL syntax; check the manual that corresponds to your MySQL server version for the right syntax to use near ') LIMIT 1' at line 1
 [ SQL语句 ] : SELECT `ctime`,`province`,`city`,`zone`,`detail`,`card_front_ske`,`card_back_ske`,`card_hand_ske`,`card_front`,`card_back`,`card_hand` FROM `dd_card_check` WHERE ( uid= ) LIMIT 1  

[ 2015-12-31T15:49:16+08:00 ] 127.0.0.1 /Manerger/index.php/LoanManage/show_card/id/13
INFO: [ route_check ] --START--
INFO: CheckRoute Behavior ::run [ RunTime:0.002000s ]
INFO: [ route_check ] --END-- [ RunTime:0.002000s ]
NOTIC: [2] htmlspecialchars() expects parameter 2 to be long, string given D:\wamp\www\ddkd\ThinkPHP\Lib\Core\App.class.php 第 57 行.
INFO: [ app_begin ] --START--
INFO: ReadHtmlCache Behavior ::run [ RunTime:0.002000s ]
INFO: [ app_begin ] --END-- [ RunTime:0.002000s ]
NOTIC: [8] Undefined index: expire D:\wamp\www\ddkd\ThinkPHP\Common\functions.php 第 549 行.
SQL: SHOW COLUMNS FROM `dd_operate` [ RunTime:0.036002s ]
ERR: 1146:Table 'ddkd.dd_operate' doesn't exist
 [ SQL语句 ] : SHOW COLUMNS FROM `dd_operate`
NOTIC: 建议使用I方法替代_get
SQL: SHOW COLUMNS FROM `dd_user` [ RunTime:0.039002s ]
SQL: SELECT u.id,u.name,u.card_no FROM dd_loan as l LEFT JOIN dd_user as u on l.uid=u.id WHERE ( u.dark_status = 2 ) AND ( l.id = '13' ) LIMIT 1   [ RunTime:0.040002s ]
SQL: SHOW COLUMNS FROM `dd_card_check` [ RunTime:0.044002s ]
SQL: SELECT `ctime`,`province`,`city`,`zone`,`detail`,`card_front_ske`,`card_back_ske`,`card_hand_ske`,`card_front`,`card_back`,`card_hand` FROM `dd_card_check` WHERE ( uid=38 ) LIMIT 1   [ RunTime:0.036002s ]
ERR: 1054:Unknown column 'province' in 'field list'
 [ SQL语句 ] : SELECT `ctime`,`province`,`city`,`zone`,`detail`,`card_front_ske`,`card_back_ske`,`card_hand_ske`,`card_front`,`card_back`,`card_hand` FROM `dd_card_check` WHERE ( uid=38 ) LIMIT 1  
INFO: [ view_parse ] --START--
NOTIC: [8] Undefined index: card_front_ske D:\wamp\www\ddkd\Manage\Runtime\Cache\d5ed0ab34b84b14a819b0a752a70a1ea.php 第 59 行.
NOTIC: [8] Undefined index: card_front_ske D:\wamp\www\ddkd\Manage\Runtime\Cache\d5ed0ab34b84b14a819b0a752a70a1ea.php 第 61 行.
NOTIC: [8] Undefined index: card_back_ske D:\wamp\www\ddkd\Manage\Runtime\Cache\d5ed0ab34b84b14a819b0a752a70a1ea.php 第 62 行.
NOTIC: [8] Undefined index: card_hand_ske D:\wamp\www\ddkd\Manage\Runtime\Cache\d5ed0ab34b84b14a819b0a752a70a1ea.php 第 63 行.
NOTIC: [8] Undefined index: card_front D:\wamp\www\ddkd\Manage\Runtime\Cache\d5ed0ab34b84b14a819b0a752a70a1ea.php 第 67 行.
NOTIC: [8] Undefined index: province D:\wamp\www\ddkd\Manage\Runtime\Cache\d5ed0ab34b84b14a819b0a752a70a1ea.php 第 97 行.
NOTIC: [8] Undefined index: city D:\wamp\www\ddkd\Manage\Runtime\Cache\d5ed0ab34b84b14a819b0a752a70a1ea.php 第 100 行.
NOTIC: [8] Undefined index: zone D:\wamp\www\ddkd\Manage\Runtime\Cache\d5ed0ab34b84b14a819b0a752a70a1ea.php 第 103 行.
NOTIC: [8] Undefined index: detail D:\wamp\www\ddkd\Manage\Runtime\Cache\d5ed0ab34b84b14a819b0a752a70a1ea.php 第 107 行.
NOTIC: [8] Undefined index: card_front_ske D:\wamp\www\ddkd\Manage\Runtime\Cache\d5ed0ab34b84b14a819b0a752a70a1ea.php 第 171 行.
NOTIC: [8] Undefined index: card_front D:\wamp\www\ddkd\Manage\Runtime\Cache\d5ed0ab34b84b14a819b0a752a70a1ea.php 第 173 行.
NOTIC: [8] Undefined index: card_back_ske D:\wamp\www\ddkd\Manage\Runtime\Cache\d5ed0ab34b84b14a819b0a752a70a1ea.php 第 178 行.
NOTIC: [8] Undefined index: card_back D:\wamp\www\ddkd\Manage\Runtime\Cache\d5ed0ab34b84b14a819b0a752a70a1ea.php 第 180 行.
NOTIC: [8] Undefined index: card_hand_ske D:\wamp\www\ddkd\Manage\Runtime\Cache\d5ed0ab34b84b14a819b0a752a70a1ea.php 第 184 行.
NOTIC: [8] Undefined index: hand_back D:\wamp\www\ddkd\Manage\Runtime\Cache\d5ed0ab34b84b14a819b0a752a70a1ea.php 第 186 行.
INFO: ParseTemplate Behavior ::run [ RunTime:0.023001s ]
INFO: [ view_parse ] --END-- [ RunTime:0.023001s ]
INFO: [ view_filter ] --START--
INFO: ContentReplace Behavior ::run [ RunTime:0.002000s ]
INFO: TokenBuild Behavior ::run [ RunTime:0.001000s ]
INFO: WriteHtmlCache Behavior ::run [ RunTime:0.001000s ]
INFO: ShowRuntime Behavior ::run [ RunTime:0.001000s ]
INFO: [ view_filter ] --END-- [ RunTime:0.005000s ]
INFO: [ view_end ] --START--
INFO: ShowPageTrace Behavior ::run [ RunTime:0.002000s ]
INFO: [ view_end ] --END-- [ RunTime:0.002000s ]

[ 2015-12-31T15:49:17+08:00 ] 127.0.0.1 /Manerger/index.php/LoanManage/info/id/13
INFO: [ route_check ] --START--
INFO: CheckRoute Behavior ::run [ RunTime:0.003000s ]
INFO: [ route_check ] --END-- [ RunTime:0.003000s ]
NOTIC: [2] htmlspecialchars() expects parameter 2 to be long, string given D:\wamp\www\ddkd\ThinkPHP\Lib\Core\App.class.php 第 56 行.
NOTIC: [2] htmlspecialchars() expects parameter 2 to be long, string given D:\wamp\www\ddkd\ThinkPHP\Lib\Core\App.class.php 第 56 行.
NOTIC: [2] htmlspecialchars() expects parameter 2 to be long, string given D:\wamp\www\ddkd\ThinkPHP\Lib\Core\App.class.php 第 57 行.
INFO: [ app_begin ] --START--
INFO: ReadHtmlCache Behavior ::run [ RunTime:0.003000s ]
INFO: [ app_begin ] --END-- [ RunTime:0.004000s ]
NOTIC: [8] Undefined index: expire D:\wamp\www\ddkd\ThinkPHP\Common\functions.php 第 549 行.
SQL: SHOW COLUMNS FROM `dd_operate` [ RunTime:0.042003s ]
ERR: 1146:Table 'ddkd.dd_operate' doesn't exist
 [ SQL语句 ] : SHOW COLUMNS FROM `dd_operate`
NOTIC: 建议使用I方法替代_get
SQL: SHOW COLUMNS FROM `dd_loan` [ RunTime:0.048003s ]
SQL: SELECT l.uid,u.name,u.card_no,l.loan_money,l.time_limit,l.creatime,u.phone,u.phone_local FROM dd_loan as l LEFT JOIN dd_user as u on l.uid=u.id WHERE ( l.id = '13' ) LIMIT 1   [ RunTime:0.044002s ]
SQL: SHOW COLUMNS FROM `dd_userdetail` [ RunTime:0.044002s ]
SQL: SELECT `bank_no`,`bank_local`,`bank` FROM `dd_userdetail` WHERE ( uid=38 ) LIMIT 1   [ RunTime:0.047003s ]

[ 2015-12-31T15:49:36+08:00 ] 127.0.0.1 /Manerger/index.php/LoanManage/show_card/id/13
INFO: [ route_check ] --START--
INFO: CheckRoute Behavior ::run [ RunTime:0.001000s ]
INFO: [ route_check ] --END-- [ RunTime:0.002000s ]
NOTIC: [2] htmlspecialchars() expects parameter 2 to be long, string given D:\wamp\www\ddkd\ThinkPHP\Lib\Core\App.class.php 第 57 行.
INFO: [ app_begin ] --START--
INFO: ReadHtmlCache Behavior ::run [ RunTime:0.002000s ]
INFO: [ app_begin ] --END-- [ RunTime:0.002000s ]
NOTIC: [8] Undefined index: expire D:\wamp\www\ddkd\ThinkPHP\Common\functions.php 第 549 行.
SQL: SHOW COLUMNS FROM `dd_operate` [ RunTime:0.037002s ]
ERR: 1146:Table 'ddkd.dd_operate' doesn't exist
 [ SQL语句 ] : SHOW COLUMNS FROM `dd_operate`
NOTIC: 建议使用I方法替代_get
SQL: SHOW COLUMNS FROM `dd_user` [ RunTime:0.040002s ]
SQL: SELECT u.id,u.name,u.card_no FROM dd_loan as l LEFT JOIN dd_user as u on l.uid=u.id WHERE ( u.dark_status = 2 ) AND ( l.id = '13' ) LIMIT 1   [ RunTime:0.039003s ]
SQL: SHOW COLUMNS FROM `dd_card_check` [ RunTime:0.042002s ]
SQL: SELECT `ctime`,`province`,`city`,`zone`,`detail`,`card_front_ske`,`card_back_ske`,`card_hand_ske`,`card_front`,`card_back`,`card_hand` FROM `dd_card_check` WHERE ( uid=38 ) LIMIT 1   [ RunTime:0.038002s ]
ERR: 1054:Unknown column 'province' in 'field list'
 [ SQL语句 ] : SELECT `ctime`,`province`,`city`,`zone`,`detail`,`card_front_ske`,`card_back_ske`,`card_hand_ske`,`card_front`,`card_back`,`card_hand` FROM `dd_card_check` WHERE ( uid=38 ) LIMIT 1  

[ 2015-12-31T15:52:46+08:00 ] 127.0.0.1 /Manerger/index.php/LoanManage/show_card/id/13
INFO: [ route_check ] --START--
INFO: CheckRoute Behavior ::run [ RunTime:0.001000s ]
INFO: [ route_check ] --END-- [ RunTime:0.002000s ]
NOTIC: [2] htmlspecialchars() expects parameter 2 to be long, string given D:\wamp\www\ddkd\ThinkPHP\Lib\Core\App.class.php 第 57 行.
INFO: [ app_begin ] --START--
INFO: ReadHtmlCache Behavior ::run [ RunTime:0.002000s ]
INFO: [ app_begin ] --END-- [ RunTime:0.002000s ]
NOTIC: [8] Undefined index: expire D:\wamp\www\ddkd\ThinkPHP\Common\functions.php 第 549 行.
SQL: SHOW COLUMNS FROM `dd_operate` [ RunTime:0.044003s ]
ERR: 1146:Table 'ddkd.dd_operate' doesn't exist
 [ SQL语句 ] : SHOW COLUMNS FROM `dd_operate`
NOTIC: 建议使用I方法替代_get
SQL: SHOW COLUMNS FROM `dd_user` [ RunTime:0.046002s ]
SQL: SELECT u.id,u.name,u.card_no FROM dd_loan as l LEFT JOIN dd_user as u on l.uid=u.id WHERE ( u.dark_status = 2 ) AND ( l.id = '13' ) LIMIT 1   [ RunTime:0.048003s ]
SQL: SHOW COLUMNS FROM `dd_card_check` [ RunTime:0.043002s ]
SQL: SELECT `ctime`,`card_front_ske`,`card_back_ske`,`card_hand_ske`,`card_front`,`card_back`,`card_hand` FROM `dd_card_check` WHERE ( uid=38 ) LIMIT 1   [ RunTime:0.044003s ]
SQL: SHOW COLUMNS FROM `dd_userdetail` [ RunTime:0.043002s ]
SQL: SELECT `province`,`city`,`zone`,`detail` FROM `dd_userdetail` WHERE ( uid=38 ) LIMIT 1   [ RunTime:0.043003s ]
ERR: 1054:Unknown column 'city' in 'field list'
 [ SQL语句 ] : SELECT `province`,`city`,`zone`,`detail` FROM `dd_userdetail` WHERE ( uid=38 ) LIMIT 1  
INFO: [ view_parse ] --START--
NOTIC: [8] Undefined index: hand_back D:\wamp\www\ddkd\Manage\Runtime\Cache\d5ed0ab34b84b14a819b0a752a70a1ea.php 第 186 行.
INFO: ParseTemplate Behavior ::run [ RunTime:0.020001s ]
INFO: [ view_parse ] --END-- [ RunTime:0.020001s ]
INFO: [ view_filter ] --START--
INFO: ContentReplace Behavior ::run [ RunTime:0.001000s ]
INFO: TokenBuild Behavior ::run [ RunTime:0.001000s ]
INFO: WriteHtmlCache Behavior ::run [ RunTime:0.001000s ]
INFO: ShowRuntime Behavior ::run [ RunTime:0.001000s ]
INFO: [ view_filter ] --END-- [ RunTime:0.005000s ]
INFO: [ view_end ] --START--
INFO: ShowPageTrace Behavior ::run [ RunTime:0.001000s ]
INFO: [ view_end ] --END-- [ RunTime:0.001000s ]

[ 2015-12-31T15:52:47+08:00 ] 127.0.0.1 /Manerger/index.php/LoanManage/info/id/13
INFO: [ route_check ] --START--
INFO: CheckRoute Behavior ::run [ RunTime:0.003000s ]
INFO: [ route_check ] --END-- [ RunTime:0.003000s ]
NOTIC: [2] htmlspecialchars() expects parameter 2 to be long, string given D:\wamp\www\ddkd\ThinkPHP\Lib\Core\App.class.php 第 56 行.
NOTIC: [2] htmlspecialchars() expects parameter 2 to be long, string given D:\wamp\www\ddkd\ThinkPHP\Lib\Core\App.class.php 第 56 行.
NOTIC: [2] htmlspecialchars() expects parameter 2 to be long, string given D:\wamp\www\ddkd\ThinkPHP\Lib\Core\App.class.php 第 57 行.
INFO: [ app_begin ] --START--
INFO: ReadHtmlCache Behavior ::run [ RunTime:0.002000s ]
INFO: [ app_begin ] --END-- [ RunTime:0.002000s ]
NOTIC: [8] Undefined index: expire D:\wamp\www\ddkd\ThinkPHP\Common\functions.php 第 549 行.
SQL: SHOW COLUMNS FROM `dd_operate` [ RunTime:0.035002s ]
ERR: 1146:Table 'ddkd.dd_operate' doesn't exist
 [ SQL语句 ] : SHOW COLUMNS FROM `dd_operate`
NOTIC: 建议使用I方法替代_get
SQL: SHOW COLUMNS FROM `dd_loan` [ RunTime:0.041002s ]
SQL: SELECT l.uid,u.name,u.card_no,l.loan_money,l.time_limit,l.creatime,u.phone,u.phone_local FROM dd_loan as l LEFT JOIN dd_user as u on l.uid=u.id WHERE ( l.id = '13' ) LIMIT 1   [ RunTime:0.037002s ]
SQL: SHOW COLUMNS FROM `dd_userdetail` [ RunTime:0.046002s ]
SQL: SELECT `bank_no`,`bank_local`,`bank` FROM `dd_userdetail` WHERE ( uid=38 ) LIMIT 1   [ RunTime:0.034002s ]

