[ 2015-12-29T08:48:47+08:00 ] 127.0.0.1 /Manerger/index.php/Check/detail/id/2/uid/2
INFO: [ route_check ] --START--
INFO: CheckRoute Behavior ::run [ RunTime:0.002000s ]
INFO: [ route_check ] --END-- [ RunTime:0.007000s ]
NOTIC: [2] htmlspecialchars() expects parameter 2 to be long, string given D:\wamp\www\ddkd\ThinkPHP\Lib\Core\App.class.php 第 57 行.
NOTIC: [2] htmlspecialchars() expects parameter 2 to be long, string given D:\wamp\www\ddkd\ThinkPHP\Lib\Core\App.class.php 第 57 行.
INFO: [ app_begin ] --START--
INFO: ReadHtmlCache Behavior ::run [ RunTime:0.002000s ]
INFO: [ app_begin ] --END-- [ RunTime:0.002000s ]
NOTIC: [8] Undefined index: expire D:\wamp\www\ddkd\ThinkPHP\Common\functions.php 第 549 行.
SQL: SHOW COLUMNS FROM `dd_loan` [ RunTime:0.042002s ]
SQL: SHOW COLUMNS FROM `dd_user` [ RunTime:0.041003s ]
SQL: SHOW COLUMNS FROM `dd_rate` [ RunTime:0.046002s ]
SQL: SHOW COLUMNS FROM `dd_loan_check` [ RunTime:0.042003s ]
SQL: SHOW COLUMNS FROM `dd_userdetail` [ RunTime:0.043002s ]
SQL: SHOW COLUMNS FROM `dd_card_check` [ RunTime:0.041002s ]
SQL: SELECT `year_rate`,`manage_prize`,`serve_prize`,`overdue_fine`,`dedit`,`limit`,`number` FROM `dd_rate` WHERE ( loan_id=2 ) LIMIT 1   [ RunTime:0.040003s ]
SQL: SELECT `id`,`loan_num`,`loan_money`,`time_limit`,`creatime`,`check_name` FROM `dd_loan` WHERE ( id=2 ) LIMIT 1   [ RunTime:0.040002s ]
NOTIC: [8] Undefined index: loan_money D:\wamp\www\ddkd\Manage\Lib\Action\CheckAction.class.php 第 21 行.
SQL: SHOW COLUMNS FROM `dd_repay` [ RunTime:0.041003s ]
SQL: SELECT `installments`,`repay_time`,`total`,`check_name`,`corpus`,`should_money` FROM `dd_repay` WHERE ( lid=2 ) ORDER BY time_limit asc  [ RunTime:0.043003s ]
NOTIC: [2] Invalid argument supplied for foreach() D:\wamp\www\ddkd\Manage\Lib\Action\CheckAction.class.php 第 27 行.
SQL: SELECT `uid` FROM `dd_loan` WHERE ( id=2 ) LIMIT 1   [ RunTime:0.042002s ]
SQL: SELECT `id`,`name`,`app_version`,`card_no`,`phone`,`phone_local`,`create_time`,`dark_status`,`brand` FROM `dd_user` WHERE ( id= ) LIMIT 1   [ RunTime:0.042003s ]
ERR: 1064:You have an error in your SQL syntax; check the manual that corresponds to your MySQL server version for the right syntax to use near ') LIMIT 1' at line 1
 [ SQL语句 ] : SELECT `id`,`name`,`app_version`,`card_no`,`phone`,`phone_local`,`create_time`,`dark_status`,`brand` FROM `dd_user` WHERE ( id= ) LIMIT 1  
SQL: SELECT `province`,`town`,`county`,`census_register`,`marry`,`son`,`home_province`,`home_city`,`home_zone`,`home_detail`,`home_contact`,`landline`,`bank_no`,`bank_local`,`bank`,`com_phone`,`job`,`company`,`job_province`,`job_city`,`job_zone`,`job_detail`,`job_contact` FROM `dd_userdetail` WHERE ( uid= ) LIMIT 1   [ RunTime:0.043002s ]
ERR: 1064:You have an error in your SQL syntax; check the manual that corresponds to your MySQL server version for the right syntax to use near ') LIMIT 1' at line 1
 [ SQL语句 ] : SELECT `province`,`town`,`county`,`census_register`,`marry`,`son`,`home_province`,`home_city`,`home_zone`,`home_detail`,`home_contact`,`landline`,`bank_no`,`bank_local`,`bank`,`com_phone`,`job`,`company`,`job_province`,`job_city`,`job_zone`,`job_detail`,`job_contact` FROM `dd_userdetail` WHERE ( uid= ) LIMIT 1  
SQL: SELECT `ctime`,`card_front_ske`,`card_back_ske`,`card_hand_ske`,`card_front`,`card_back`,`card_hand`,`card_front_history`,`card_back_history`,`card_hand_history` FROM `dd_card_check` WHERE ( uid= ) LIMIT 1   [ RunTime:0.041003s ]
ERR: 1064:You have an error in your SQL syntax; check the manual that corresponds to your MySQL server version for the right syntax to use near ') LIMIT 1' at line 1
 [ SQL语句 ] : SELECT `ctime`,`card_front_ske`,`card_back_ske`,`card_hand_ske`,`card_front`,`card_back`,`card_hand`,`card_front_history`,`card_back_history`,`card_hand_history` FROM `dd_card_check` WHERE ( uid= ) LIMIT 1  
SQL: SELECT `card_status` FROM `dd_loan_check` WHERE ( lid=2 ) LIMIT 1   [ RunTime:0.039002s ]
SQL: SHOW COLUMNS FROM `dd_phone_record` [ RunTime:0.042003s ]
SQL: SELECT `phone`,`phone_local`,`operators`,`phone_brand`,`record_time` FROM `dd_phone_record` WHERE ( `userid` = null )  [ RunTime:0.040002s ]
NOTIC: [8] Undefined index: card_front_history D:\wamp\www\ddkd\Manage\Lib\Action\CheckAction.class.php 第 56 行.
NOTIC: [8] Undefined index: card_back_history D:\wamp\www\ddkd\Manage\Lib\Action\CheckAction.class.php 第 57 行.
NOTIC: [8] Undefined index: card_hand_history D:\wamp\www\ddkd\Manage\Lib\Action\CheckAction.class.php 第 58 行.
NOTIC: [8] Undefined index: card_front D:\wamp\www\ddkd\Manage\Lib\Action\CheckAction.class.php 第 66 行.
NOTIC: [8] Undefined index: card_back D:\wamp\www\ddkd\Manage\Lib\Action\CheckAction.class.php 第 71 行.
NOTIC: [8] Undefined index: card_hand D:\wamp\www\ddkd\Manage\Lib\Action\CheckAction.class.php 第 76 行.
SQL: SHOW COLUMNS FROM `dd_linkman` [ RunTime:0.041003s ]
SQL: SELECT `id`,`name`,`relation`,`phone`,`createtime`,`is_del` FROM `dd_linkman` WHERE ( `uid` = null )  [ RunTime:0.042002s ]
SQL: SHOW COLUMNS FROM `dd_address` [ RunTime:0.048003s ]
SQL: SELECT `id` FROM `dd_address` WHERE ( uid= ) LIMIT 1   [ RunTime:0.043003s ]
ERR: 1064:You have an error in your SQL syntax; check the manual that corresponds to your MySQL server version for the right syntax to use near ') LIMIT 1' at line 1
 [ SQL语句 ] : SELECT `id` FROM `dd_address` WHERE ( uid= ) LIMIT 1  
INFO: [ view_parse ] --START--
NOTIC: [8] Undefined index: loan_money D:\wamp\www\ddkd\Manage\Runtime\Cache\e8ecfdb52c4b14d827e2bb416104e072.php 第 26 行.
NOTIC: [8] Undefined index: time_limit D:\wamp\www\ddkd\Manage\Runtime\Cache\e8ecfdb52c4b14d827e2bb416104e072.php 第 29 行.
NOTIC: [8] Undefined index: creatime D:\wamp\www\ddkd\Manage\Runtime\Cache\e8ecfdb52c4b14d827e2bb416104e072.php 第 31 行.
NOTIC: [8] Undefined variable: userdetail D:\wamp\www\ddkd\Manage\Runtime\Cache\e8ecfdb52c4b14d827e2bb416104e072.php 第 66 行.
NOTIC: [8] Undefined variable: loanres D:\wamp\www\ddkd\Manage\Runtime\Cache\e8ecfdb52c4b14d827e2bb416104e072.php 第 72 行.
NOTIC: [8] Undefined index: id D:\wamp\www\ddkd\Manage\Runtime\Cache\e8ecfdb52c4b14d827e2bb416104e072.php 第 101 行.
NOTIC: [8] Undefined index: id D:\wamp\www\ddkd\Manage\Runtime\Cache\e8ecfdb52c4b14d827e2bb416104e072.php 第 165 行.
NOTIC: [8] Undefined index: id D:\wamp\www\ddkd\Manage\Runtime\Cache\e8ecfdb52c4b14d827e2bb416104e072.php 第 190 行.
NOTIC: [8] Undefined variable: userres D:\wamp\www\ddkd\Manage\Runtime\Cache\e8ecfdb52c4b14d827e2bb416104e072.php 第 255 行.
NOTIC: [8] Undefined index: card_front D:\wamp\www\ddkd\Manage\Runtime\Cache\e8ecfdb52c4b14d827e2bb416104e072.php 第 257 行.
NOTIC: [8] Undefined index: card_front_ske D:\wamp\www\ddkd\Manage\Runtime\Cache\e8ecfdb52c4b14d827e2bb416104e072.php 第 257 行.
NOTIC: [8] Undefined index: card_back D:\wamp\www\ddkd\Manage\Runtime\Cache\e8ecfdb52c4b14d827e2bb416104e072.php 第 258 行.
NOTIC: [8] Undefined index: card_back_ske D:\wamp\www\ddkd\Manage\Runtime\Cache\e8ecfdb52c4b14d827e2bb416104e072.php 第 258 行.
NOTIC: [8] Undefined index: card_hand D:\wamp\www\ddkd\Manage\Runtime\Cache\e8ecfdb52c4b14d827e2bb416104e072.php 第 259 行.
NOTIC: [8] Undefined index: card_hand_ske D:\wamp\www\ddkd\Manage\Runtime\Cache\e8ecfdb52c4b14d827e2bb416104e072.php 第 259 行.
NOTIC: [8] Undefined index: card_front D:\wamp\www\ddkd\Manage\Runtime\Cache\e8ecfdb52c4b14d827e2bb416104e072.php 第 263 行.
NOTIC: [8] Undefined index: ctime D:\wamp\www\ddkd\Manage\Runtime\Cache\e8ecfdb52c4b14d827e2bb416104e072.php 第 271 行.
NOTIC: [8] Undefined index: id D:\wamp\www\ddkd\Manage\Runtime\Cache\e8ecfdb52c4b14d827e2bb416104e072.php 第 300 行.
NOTIC: [8] Undefined variable: userres D:\wamp\www\ddkd\Manage\Runtime\Cache\e8ecfdb52c4b14d827e2bb416104e072.php 第 585 行.
NOTIC: [8] Undefined variable: userres D:\wamp\www\ddkd\Manage\Runtime\Cache\e8ecfdb52c4b14d827e2bb416104e072.php 第 585 行.
NOTIC: [8] Undefined variable: userres D:\wamp\www\ddkd\Manage\Runtime\Cache\e8ecfdb52c4b14d827e2bb416104e072.php 第 585 行.
INFO: ParseTemplate Behavior ::run [ RunTime:0.069004s ]
INFO: [ view_parse ] --END-- [ RunTime:0.069004s ]
INFO: [ view_filter ] --START--
INFO: ContentReplace Behavior ::run [ RunTime:0.001000s ]
INFO: TokenBuild Behavior ::run [ RunTime:0.001000s ]
INFO: WriteHtmlCache Behavior ::run [ RunTime:0.002000s ]
INFO: ShowRuntime Behavior ::run [ RunTime:0.001000s ]
INFO: [ view_filter ] --END-- [ RunTime:0.007000s ]
INFO: [ view_end ] --START--
INFO: ShowPageTrace Behavior ::run [ RunTime:0.002000s ]
INFO: [ view_end ] --END-- [ RunTime:0.002000s ]

[ 2015-12-29T08:48:47+08:00 ] 127.0.0.1 /Manerger/index.php/Public/login.html
INFO: [ route_check ] --START--
INFO: CheckRoute Behavior ::run [ RunTime:0.001000s ]
INFO: [ route_check ] --END-- [ RunTime:0.001000s ]
INFO: [ app_begin ] --START--
INFO: ReadHtmlCache Behavior ::run [ RunTime:0.001000s ]
INFO: [ app_begin ] --END-- [ RunTime:0.001000s ]
NOTIC: [8] Undefined index: expire D:\wamp\www\ddkd\ThinkPHP\Common\functions.php 第 549 行.
INFO: [ view_parse ] --START--
INFO: ParseTemplate Behavior ::run [ RunTime:0.012001s ]
INFO: [ view_parse ] --END-- [ RunTime:0.012001s ]
INFO: [ view_filter ] --START--
INFO: ContentReplace Behavior ::run [ RunTime:0.000000s ]
INFO: TokenBuild Behavior ::run [ RunTime:0.000000s ]
INFO: WriteHtmlCache Behavior ::run [ RunTime:0.001000s ]
INFO: ShowRuntime Behavior ::run [ RunTime:0.001000s ]
INFO: [ view_filter ] --END-- [ RunTime:0.004000s ]
INFO: [ view_end ] --START--
INFO: ShowPageTrace Behavior ::run [ RunTime:0.001000s ]
INFO: [ view_end ] --END-- [ RunTime:0.001000s ]

[ 2015-12-29T08:48:51+08:00 ] 127.0.0.1 /Manerger/index.php/Public/login.html
INFO: [ route_check ] --START--
INFO: CheckRoute Behavior ::run [ RunTime:0.002000s ]
INFO: [ route_check ] --END-- [ RunTime:0.002000s ]
INFO: [ app_begin ] --START--
INFO: ReadHtmlCache Behavior ::run [ RunTime:0.001000s ]
INFO: [ app_begin ] --END-- [ RunTime:0.002000s ]
NOTIC: [8] Undefined index: expire D:\wamp\www\ddkd\ThinkPHP\Common\functions.php 第 549 行.
INFO: [ view_parse ] --START--
INFO: ParseTemplate Behavior ::run [ RunTime:0.016000s ]
INFO: [ view_parse ] --END-- [ RunTime:0.016000s ]
INFO: [ view_filter ] --START--
INFO: ContentReplace Behavior ::run [ RunTime:0.001001s ]
INFO: TokenBuild Behavior ::run [ RunTime:0.001000s ]
INFO: WriteHtmlCache Behavior ::run [ RunTime:0.000000s ]
INFO: ShowRuntime Behavior ::run [ RunTime:0.001000s ]
INFO: [ view_filter ] --END-- [ RunTime:0.004001s ]
INFO: [ view_end ] --START--
INFO: ShowPageTrace Behavior ::run [ RunTime:0.002000s ]
INFO: [ view_end ] --END-- [ RunTime:0.002000s ]

[ 2015-12-29T08:48:53+08:00 ] 127.0.0.1 /Manerger/index.php/Public/checklogin
INFO: [ route_check ] --START--
INFO: CheckRoute Behavior ::run [ RunTime:0.001000s ]
INFO: [ route_check ] --END-- [ RunTime:0.002000s ]
NOTIC: [2] htmlspecialchars() expects parameter 2 to be long, string given D:\wamp\www\ddkd\ThinkPHP\Lib\Core\App.class.php 第 56 行.
NOTIC: [2] htmlspecialchars() expects parameter 2 to be long, string given D:\wamp\www\ddkd\ThinkPHP\Lib\Core\App.class.php 第 56 行.
INFO: [ app_begin ] --START--
INFO: ReadHtmlCache Behavior ::run [ RunTime:0.000000s ]
INFO: [ app_begin ] --END-- [ RunTime:0.002000s ]
NOTIC: [8] Undefined index: expire D:\wamp\www\ddkd\ThinkPHP\Common\functions.php 第 549 行.
SQL: SHOW COLUMNS FROM `dd_admin` [ RunTime:0.041002s ]
NOTIC: 建议使用I方法替代_post
NOTIC: 建议使用I方法替代_post
SQL: SELECT `id`,`rid`,`username` FROM `dd_admin` WHERE ( `username` = 'admin' ) AND ( `password` = '8b88e6b7e854b04cb74e' ) LIMIT 1   [ RunTime:0.049003s ]
SQL: SHOW COLUMNS FROM `dd_role` [ RunTime:0.057003s ]
SQL: SELECT `powers` FROM `dd_role` WHERE ( id=1 ) LIMIT 1   [ RunTime:0.043002s ]
SQL: SHOW COLUMNS FROM `dd_node` [ RunTime:0.035002s ]
SQL: SELECT `name` FROM `dd_node` WHERE ( pid>0 )  [ RunTime:0.037002s ]
SQL: UPDATE `dd_admin` SET `last_time`=1451350133,`last_ip`=127 WHERE ( id=1 ) [ RunTime:0.039003s ]
NOTIC: [8] Undefined variable: var D:\wamp\www\ddkd\ThinkPHP\Common\functions.php 第 247 行.
NOTIC: [2] array_reverse() expects parameter 1 to be array, null given D:\wamp\www\ddkd\ThinkPHP\Common\functions.php 第 247 行.
NOTIC: [2] http_build_query(): Parameter 1 expected to be Array or Object.  Incorrect value given D:\wamp\www\ddkd\ThinkPHP\Common\functions.php 第 247 行.

[ 2015-12-29T08:48:54+08:00 ] 127.0.0.1 /Manerger/index.php?
INFO: [ app_begin ] --START--
INFO: ReadHtmlCache Behavior ::run [ RunTime:0.001000s ]
INFO: [ app_begin ] --END-- [ RunTime:0.002000s ]
NOTIC: [8] Undefined index: expire D:\wamp\www\ddkd\ThinkPHP\Common\functions.php 第 549 行.
SQL: SHOW COLUMNS FROM `dd_operate` [ RunTime:0.035002s ]
ERR: 1146:Table 'ddkd.dd_operate' doesn't exist
 [ SQL语句 ] : SHOW COLUMNS FROM `dd_operate`
INFO: [ view_parse ] --START--
INFO: ParseTemplate Behavior ::run [ RunTime:0.027002s ]
INFO: [ view_parse ] --END-- [ RunTime:0.029002s ]
INFO: [ view_filter ] --START--
INFO: ContentReplace Behavior ::run [ RunTime:0.002000s ]
INFO: TokenBuild Behavior ::run [ RunTime:0.002000s ]
INFO: WriteHtmlCache Behavior ::run [ RunTime:0.001000s ]
INFO: ShowRuntime Behavior ::run [ RunTime:0.001000s ]
INFO: [ view_filter ] --END-- [ RunTime:0.006000s ]
INFO: [ view_end ] --START--
INFO: ShowPageTrace Behavior ::run [ RunTime:0.001000s ]
INFO: [ view_end ] --END-- [ RunTime:0.001000s ]

[ 2015-12-29T09:45:50+08:00 ] 127.0.0.1 /Manerger/index.php/User/index
INFO: [ route_check ] --START--
INFO: CheckRoute Behavior ::run [ RunTime:0.001000s ]
INFO: [ route_check ] --END-- [ RunTime:0.002000s ]
INFO: [ app_begin ] --START--
INFO: ReadHtmlCache Behavior ::run [ RunTime:0.001000s ]
INFO: [ app_begin ] --END-- [ RunTime:0.001000s ]
NOTIC: [8] Undefined index: expire D:\wamp\www\ddkd\ThinkPHP\Common\functions.php 第 549 行.
SQL: SHOW COLUMNS FROM `dd_operate` [ RunTime:0.038003s ]
ERR: 1146:Table 'ddkd.dd_operate' doesn't exist
 [ SQL语句 ] : SHOW COLUMNS FROM `dd_operate`
SQL: SHOW COLUMNS FROM `dd_admin` [ RunTime:0.044002s ]
SQL: SELECT `id`,`rid`,`username` FROM `dd_admin` WHERE ( `id` = 1 ) LIMIT 1   [ RunTime:0.034002s ]
SQL: SHOW COLUMNS FROM `dd_role` [ RunTime:0.041003s ]
SQL: SELECT `powers` FROM `dd_role` WHERE ( id=1 ) LIMIT 1   [ RunTime:0.036002s ]
SQL: SHOW COLUMNS FROM `dd_node` [ RunTime:0.046003s ]
SQL: SELECT `name` FROM `dd_node` WHERE ( pid>0 )  [ RunTime:0.033002s ]
INFO: [ view_parse ] --START--
INFO: ParseTemplate Behavior ::run [ RunTime:0.015000s ]
INFO: [ view_parse ] --END-- [ RunTime:0.015000s ]
INFO: [ view_filter ] --START--
INFO: ContentReplace Behavior ::run [ RunTime:0.001000s ]
INFO: TokenBuild Behavior ::run [ RunTime:0.001000s ]
INFO: WriteHtmlCache Behavior ::run [ RunTime:0.000000s ]
INFO: ShowRuntime Behavior ::run [ RunTime:0.001000s ]
INFO: [ view_filter ] --END-- [ RunTime:0.004000s ]
INFO: [ view_end ] --START--
INFO: ShowPageTrace Behavior ::run [ RunTime:0.002000s ]
INFO: [ view_end ] --END-- [ RunTime:0.002000s ]

[ 2015-12-29T09:45:51+08:00 ] 127.0.0.1 /Manerger/index.php?m=User&a=userlist
NOTIC: [2] htmlspecialchars() expects parameter 2 to be long, string given D:\wamp\www\ddkd\ThinkPHP\Lib\Core\App.class.php 第 56 行.
NOTIC: [2] htmlspecialchars() expects parameter 2 to be long, string given D:\wamp\www\ddkd\ThinkPHP\Lib\Core\App.class.php 第 56 行.
INFO: [ app_begin ] --START--
INFO: ReadHtmlCache Behavior ::run [ RunTime:0.002001s ]
INFO: [ app_begin ] --END-- [ RunTime:0.002001s ]
NOTIC: [8] Undefined index: expire D:\wamp\www\ddkd\ThinkPHP\Common\functions.php 第 549 行.
SQL: SHOW COLUMNS FROM `dd_operate` [ RunTime:0.035002s ]
ERR: 1146:Table 'ddkd.dd_operate' doesn't exist
 [ SQL语句 ] : SHOW COLUMNS FROM `dd_operate`
NOTIC: [8] Undefined index: name D:\wamp\www\ddkd\Manage\Lib\Action\UserAction.class.php 第 9 行.
NOTIC: [8] Undefined index: id D:\wamp\www\ddkd\Manage\Lib\Action\UserAction.class.php 第 12 行.
NOTIC: [8] Undefined index: phone D:\wamp\www\ddkd\Manage\Lib\Action\UserAction.class.php 第 15 行.
NOTIC: [8] Undefined index: dark_status D:\wamp\www\ddkd\Manage\Lib\Action\UserAction.class.php 第 18 行.
NOTIC: [8] Undefined index: regstart D:\wamp\www\ddkd\Manage\Lib\Action\UserAction.class.php 第 30 行.
SQL: SHOW COLUMNS FROM `dd_user` [ RunTime:0.036002s ]
NOTIC: [8] Undefined variable: map D:\wamp\www\ddkd\Manage\Lib\Action\UserAction.class.php 第 36 行.
SQL: SELECT `id`,`name`,`phone`,`create_time`,`dark_status` FROM `dd_user` LIMIT 0,20   [ RunTime:0.036002s ]
NOTIC: [8] Undefined variable: map D:\wamp\www\ddkd\Manage\Lib\Action\UserAction.class.php 第 37 行.
SQL: SELECT COUNT(*) AS tp_count FROM `dd_user` LIMIT 1   [ RunTime:0.034002s ]

[ 2015-12-29T09:46:44+08:00 ] 127.0.0.1 /Manerger/index.php/Check/detail/id/2/uid/2
INFO: [ route_check ] --START--
INFO: CheckRoute Behavior ::run [ RunTime:0.001000s ]
INFO: [ route_check ] --END-- [ RunTime:0.001000s ]
NOTIC: [2] htmlspecialchars() expects parameter 2 to be long, string given D:\wamp\www\ddkd\ThinkPHP\Lib\Core\App.class.php 第 57 行.
NOTIC: [2] htmlspecialchars() expects parameter 2 to be long, string given D:\wamp\www\ddkd\ThinkPHP\Lib\Core\App.class.php 第 57 行.
INFO: [ app_begin ] --START--
INFO: ReadHtmlCache Behavior ::run [ RunTime:0.001000s ]
INFO: [ app_begin ] --END-- [ RunTime:0.002000s ]
NOTIC: [8] Undefined index: expire D:\wamp\www\ddkd\ThinkPHP\Common\functions.php 第 549 行.
SQL: SHOW COLUMNS FROM `dd_loan` [ RunTime:0.040002s ]
SQL: SHOW COLUMNS FROM `dd_user` [ RunTime:0.041002s ]
SQL: SHOW COLUMNS FROM `dd_rate` [ RunTime:0.037002s ]
SQL: SHOW COLUMNS FROM `dd_loan_check` [ RunTime:0.038002s ]
SQL: SHOW COLUMNS FROM `dd_userdetail` [ RunTime:0.041002s ]
SQL: SHOW COLUMNS FROM `dd_card_check` [ RunTime:0.060004s ]
SQL: SELECT `year_rate`,`manage_prize`,`serve_prize`,`overdue_fine`,`dedit`,`limit`,`number` FROM `dd_rate` WHERE ( loan_id=2 ) LIMIT 1   [ RunTime:0.052003s ]
SQL: SELECT `id`,`loan_num`,`loan_money`,`time_limit`,`creatime`,`check_name` FROM `dd_loan` WHERE ( id=2 ) LIMIT 1   [ RunTime:0.045003s ]
NOTIC: [8] Undefined index: loan_money D:\wamp\www\ddkd\Manage\Lib\Action\CheckAction.class.php 第 21 行.
SQL: SHOW COLUMNS FROM `dd_repay` [ RunTime:0.044002s ]
SQL: SELECT `installments`,`repay_time`,`total`,`check_name`,`corpus`,`should_money` FROM `dd_repay` WHERE ( lid=2 ) ORDER BY time_limit asc  [ RunTime:0.043003s ]
NOTIC: [2] Invalid argument supplied for foreach() D:\wamp\www\ddkd\Manage\Lib\Action\CheckAction.class.php 第 27 行.
SQL: SELECT `uid` FROM `dd_loan` WHERE ( id=2 ) LIMIT 1   [ RunTime:0.056003s ]
SQL: SELECT `id`,`name`,`app_version`,`card_no`,`phone`,`phone_local`,`create_time`,`dark_status`,`brand` FROM `dd_user` WHERE ( id= ) LIMIT 1   [ RunTime:0.034002s ]
ERR: 1064:You have an error in your SQL syntax; check the manual that corresponds to your MySQL server version for the right syntax to use near ') LIMIT 1' at line 1
 [ SQL语句 ] : SELECT `id`,`name`,`app_version`,`card_no`,`phone`,`phone_local`,`create_time`,`dark_status`,`brand` FROM `dd_user` WHERE ( id= ) LIMIT 1  
SQL: SELECT `province`,`town`,`county`,`census_register`,`marry`,`son`,`home_province`,`home_city`,`home_zone`,`home_detail`,`home_contact`,`landline`,`bank_no`,`bank_local`,`bank`,`com_phone`,`job`,`company`,`job_province`,`job_city`,`job_zone`,`job_detail`,`job_contact` FROM `dd_userdetail` WHERE ( uid= ) LIMIT 1   [ RunTime:0.041002s ]
ERR: 1064:You have an error in your SQL syntax; check the manual that corresponds to your MySQL server version for the right syntax to use near ') LIMIT 1' at line 1
 [ SQL语句 ] : SELECT `province`,`town`,`county`,`census_register`,`marry`,`son`,`home_province`,`home_city`,`home_zone`,`home_detail`,`home_contact`,`landline`,`bank_no`,`bank_local`,`bank`,`com_phone`,`job`,`company`,`job_province`,`job_city`,`job_zone`,`job_detail`,`job_contact` FROM `dd_userdetail` WHERE ( uid= ) LIMIT 1  
SQL: SELECT `ctime`,`card_front_ske`,`card_back_ske`,`card_hand_ske`,`card_front`,`card_back`,`card_hand`,`card_front_history`,`card_back_history`,`card_hand_history` FROM `dd_card_check` WHERE ( uid= ) LIMIT 1   [ RunTime:0.042002s ]
ERR: 1064:You have an error in your SQL syntax; check the manual that corresponds to your MySQL server version for the right syntax to use near ') LIMIT 1' at line 1
 [ SQL语句 ] : SELECT `ctime`,`card_front_ske`,`card_back_ske`,`card_hand_ske`,`card_front`,`card_back`,`card_hand`,`card_front_history`,`card_back_history`,`card_hand_history` FROM `dd_card_check` WHERE ( uid= ) LIMIT 1  
SQL: SELECT `card_status` FROM `dd_loan_check` WHERE ( lid=2 ) LIMIT 1   [ RunTime:0.039002s ]
SQL: SHOW COLUMNS FROM `dd_phone_record` [ RunTime:0.041003s ]
SQL: SELECT `phone`,`phone_local`,`operators`,`phone_brand`,`record_time` FROM `dd_phone_record` WHERE ( `userid` = null )  [ RunTime:0.039002s ]
NOTIC: [8] Undefined index: card_front_history D:\wamp\www\ddkd\Manage\Lib\Action\CheckAction.class.php 第 56 行.
NOTIC: [8] Undefined index: card_back_history D:\wamp\www\ddkd\Manage\Lib\Action\CheckAction.class.php 第 57 行.
NOTIC: [8] Undefined index: card_hand_history D:\wamp\www\ddkd\Manage\Lib\Action\CheckAction.class.php 第 58 行.
NOTIC: [8] Undefined index: card_front D:\wamp\www\ddkd\Manage\Lib\Action\CheckAction.class.php 第 66 行.
NOTIC: [8] Undefined index: card_back D:\wamp\www\ddkd\Manage\Lib\Action\CheckAction.class.php 第 71 行.
NOTIC: [8] Undefined index: card_hand D:\wamp\www\ddkd\Manage\Lib\Action\CheckAction.class.php 第 76 行.
SQL: SHOW COLUMNS FROM `dd_linkman` [ RunTime:0.039002s ]
SQL: SELECT `id`,`name`,`relation`,`phone`,`createtime`,`is_del` FROM `dd_linkman` WHERE ( `uid` = null )  [ RunTime:0.033002s ]
SQL: SHOW COLUMNS FROM `dd_address` [ RunTime:0.034002s ]
SQL: SELECT `id` FROM `dd_address` WHERE ( uid= ) LIMIT 1   [ RunTime:0.036003s ]
ERR: 1064:You have an error in your SQL syntax; check the manual that corresponds to your MySQL server version for the right syntax to use near ') LIMIT 1' at line 1
 [ SQL语句 ] : SELECT `id` FROM `dd_address` WHERE ( uid= ) LIMIT 1  
INFO: [ view_parse ] --START--
NOTIC: [8] Undefined index: loan_money D:\wamp\www\ddkd\Manage\Runtime\Cache\e8ecfdb52c4b14d827e2bb416104e072.php 第 26 行.
NOTIC: [8] Undefined index: time_limit D:\wamp\www\ddkd\Manage\Runtime\Cache\e8ecfdb52c4b14d827e2bb416104e072.php 第 29 行.
NOTIC: [8] Undefined index: creatime D:\wamp\www\ddkd\Manage\Runtime\Cache\e8ecfdb52c4b14d827e2bb416104e072.php 第 31 行.
NOTIC: [8] Undefined variable: userdetail D:\wamp\www\ddkd\Manage\Runtime\Cache\e8ecfdb52c4b14d827e2bb416104e072.php 第 66 行.
NOTIC: [8] Undefined variable: loanres D:\wamp\www\ddkd\Manage\Runtime\Cache\e8ecfdb52c4b14d827e2bb416104e072.php 第 72 行.
NOTIC: [8] Undefined index: id D:\wamp\www\ddkd\Manage\Runtime\Cache\e8ecfdb52c4b14d827e2bb416104e072.php 第 101 行.
NOTIC: [8] Undefined index: id D:\wamp\www\ddkd\Manage\Runtime\Cache\e8ecfdb52c4b14d827e2bb416104e072.php 第 165 行.
NOTIC: [8] Undefined index: id D:\wamp\www\ddkd\Manage\Runtime\Cache\e8ecfdb52c4b14d827e2bb416104e072.php 第 190 行.
NOTIC: [8] Undefined variable: userres D:\wamp\www\ddkd\Manage\Runtime\Cache\e8ecfdb52c4b14d827e2bb416104e072.php 第 255 行.
NOTIC: [8] Undefined index: card_front D:\wamp\www\ddkd\Manage\Runtime\Cache\e8ecfdb52c4b14d827e2bb416104e072.php 第 257 行.
NOTIC: [8] Undefined index: card_front_ske D:\wamp\www\ddkd\Manage\Runtime\Cache\e8ecfdb52c4b14d827e2bb416104e072.php 第 257 行.
NOTIC: [8] Undefined index: card_back D:\wamp\www\ddkd\Manage\Runtime\Cache\e8ecfdb52c4b14d827e2bb416104e072.php 第 258 行.
NOTIC: [8] Undefined index: card_back_ske D:\wamp\www\ddkd\Manage\Runtime\Cache\e8ecfdb52c4b14d827e2bb416104e072.php 第 258 行.
NOTIC: [8] Undefined index: card_hand D:\wamp\www\ddkd\Manage\Runtime\Cache\e8ecfdb52c4b14d827e2bb416104e072.php 第 259 行.
NOTIC: [8] Undefined index: card_hand_ske D:\wamp\www\ddkd\Manage\Runtime\Cache\e8ecfdb52c4b14d827e2bb416104e072.php 第 259 行.
NOTIC: [8] Undefined index: card_front D:\wamp\www\ddkd\Manage\Runtime\Cache\e8ecfdb52c4b14d827e2bb416104e072.php 第 263 行.
NOTIC: [8] Undefined index: ctime D:\wamp\www\ddkd\Manage\Runtime\Cache\e8ecfdb52c4b14d827e2bb416104e072.php 第 271 行.
NOTIC: [8] Undefined index: id D:\wamp\www\ddkd\Manage\Runtime\Cache\e8ecfdb52c4b14d827e2bb416104e072.php 第 300 行.
NOTIC: [8] Undefined variable: userres D:\wamp\www\ddkd\Manage\Runtime\Cache\e8ecfdb52c4b14d827e2bb416104e072.php 第 585 行.
NOTIC: [8] Undefined variable: userres D:\wamp\www\ddkd\Manage\Runtime\Cache\e8ecfdb52c4b14d827e2bb416104e072.php 第 585 行.
NOTIC: [8] Undefined variable: userres D:\wamp\www\ddkd\Manage\Runtime\Cache\e8ecfdb52c4b14d827e2bb416104e072.php 第 585 行.
INFO: ParseTemplate Behavior ::run [ RunTime:0.062003s ]
INFO: [ view_parse ] --END-- [ RunTime:0.062003s ]
INFO: [ view_filter ] --START--
INFO: ContentReplace Behavior ::run [ RunTime:0.001000s ]
INFO: TokenBuild Behavior ::run [ RunTime:0.001000s ]
INFO: WriteHtmlCache Behavior ::run [ RunTime:0.000000s ]
INFO: ShowRuntime Behavior ::run [ RunTime:0.002000s ]
INFO: [ view_filter ] --END-- [ RunTime:0.005000s ]
INFO: [ view_end ] --START--
INFO: ShowPageTrace Behavior ::run [ RunTime:0.001000s ]
INFO: [ view_end ] --END-- [ RunTime:0.002001s ]

[ 2015-12-29T09:46:44+08:00 ] 127.0.0.1 /Manerger/index.php/Public/login.html
INFO: [ route_check ] --START--
INFO: CheckRoute Behavior ::run [ RunTime:0.001000s ]
INFO: [ route_check ] --END-- [ RunTime:0.001000s ]
INFO: [ app_begin ] --START--
INFO: ReadHtmlCache Behavior ::run [ RunTime:0.000000s ]
INFO: [ app_begin ] --END-- [ RunTime:0.001000s ]
NOTIC: [8] Undefined index: expire D:\wamp\www\ddkd\ThinkPHP\Common\functions.php 第 549 行.
INFO: [ view_parse ] --START--
INFO: ParseTemplate Behavior ::run [ RunTime:0.012001s ]
INFO: [ view_parse ] --END-- [ RunTime:0.012001s ]
INFO: [ view_filter ] --START--
INFO: ContentReplace Behavior ::run [ RunTime:0.001000s ]
INFO: TokenBuild Behavior ::run [ RunTime:0.001000s ]
INFO: WriteHtmlCache Behavior ::run [ RunTime:0.000000s ]
INFO: ShowRuntime Behavior ::run [ RunTime:0.000000s ]
INFO: [ view_filter ] --END-- [ RunTime:0.004000s ]
INFO: [ view_end ] --START--
INFO: ShowPageTrace Behavior ::run [ RunTime:0.001000s ]
INFO: [ view_end ] --END-- [ RunTime:0.001000s ]

[ 2015-12-29T09:46:46+08:00 ] 127.0.0.1 /Manerger/index.php/Public/checklogin
INFO: [ route_check ] --START--
INFO: CheckRoute Behavior ::run [ RunTime:0.001000s ]
INFO: [ route_check ] --END-- [ RunTime:0.002000s ]
NOTIC: [2] htmlspecialchars() expects parameter 2 to be long, string given D:\wamp\www\ddkd\ThinkPHP\Lib\Core\App.class.php 第 56 行.
NOTIC: [2] htmlspecialchars() expects parameter 2 to be long, string given D:\wamp\www\ddkd\ThinkPHP\Lib\Core\App.class.php 第 56 行.
INFO: [ app_begin ] --START--
INFO: ReadHtmlCache Behavior ::run [ RunTime:0.001000s ]
INFO: [ app_begin ] --END-- [ RunTime:0.003000s ]
NOTIC: [8] Undefined index: expire D:\wamp\www\ddkd\ThinkPHP\Common\functions.php 第 549 行.
SQL: SHOW COLUMNS FROM `dd_admin` [ RunTime:0.048002s ]
NOTIC: 建议使用I方法替代_post
NOTIC: 建议使用I方法替代_post
SQL: SELECT `id`,`rid`,`username` FROM `dd_admin` WHERE ( `username` = 'admin' ) AND ( `password` = '8b88e6b7e854b04cb74e' ) LIMIT 1   [ RunTime:0.055004s ]
SQL: SHOW COLUMNS FROM `dd_role` [ RunTime:0.043002s ]
SQL: SELECT `powers` FROM `dd_role` WHERE ( id=1 ) LIMIT 1   [ RunTime:0.071004s ]
SQL: SHOW COLUMNS FROM `dd_node` [ RunTime:0.043003s ]
SQL: SELECT `name` FROM `dd_node` WHERE ( pid>0 )  [ RunTime:0.041002s ]
SQL: UPDATE `dd_admin` SET `last_time`=1451353606,`last_ip`=127 WHERE ( id=1 ) [ RunTime:0.044003s ]
NOTIC: [8] Undefined variable: var D:\wamp\www\ddkd\ThinkPHP\Common\functions.php 第 247 行.
NOTIC: [2] array_reverse() expects parameter 1 to be array, null given D:\wamp\www\ddkd\ThinkPHP\Common\functions.php 第 247 行.
NOTIC: [2] http_build_query(): Parameter 1 expected to be Array or Object.  Incorrect value given D:\wamp\www\ddkd\ThinkPHP\Common\functions.php 第 247 行.

[ 2015-12-29T09:46:47+08:00 ] 127.0.0.1 /Manerger/index.php?
INFO: [ app_begin ] --START--
INFO: ReadHtmlCache Behavior ::run [ RunTime:0.001000s ]
INFO: [ app_begin ] --END-- [ RunTime:0.001000s ]
NOTIC: [8] Undefined index: expire D:\wamp\www\ddkd\ThinkPHP\Common\functions.php 第 549 行.
SQL: SHOW COLUMNS FROM `dd_operate` [ RunTime:0.043002s ]
ERR: 1146:Table 'ddkd.dd_operate' doesn't exist
 [ SQL语句 ] : SHOW COLUMNS FROM `dd_operate`
INFO: [ view_parse ] --START--
INFO: ParseTemplate Behavior ::run [ RunTime:0.029002s ]
INFO: [ view_parse ] --END-- [ RunTime:0.030002s ]
INFO: [ view_filter ] --START--
INFO: ContentReplace Behavior ::run [ RunTime:0.002000s ]
INFO: TokenBuild Behavior ::run [ RunTime:0.001000s ]
INFO: WriteHtmlCache Behavior ::run [ RunTime:0.001000s ]
INFO: ShowRuntime Behavior ::run [ RunTime:0.002000s ]
INFO: [ view_filter ] --END-- [ RunTime:0.006000s ]
INFO: [ view_end ] --START--
INFO: ShowPageTrace Behavior ::run [ RunTime:0.001000s ]
INFO: [ view_end ] --END-- [ RunTime:0.001000s ]

[ 2015-12-29T09:46:51+08:00 ] 127.0.0.1 /Manerger/index.php/User/index
INFO: [ route_check ] --START--
INFO: CheckRoute Behavior ::run [ RunTime:0.002000s ]
INFO: [ route_check ] --END-- [ RunTime:0.002000s ]
INFO: [ app_begin ] --START--
INFO: ReadHtmlCache Behavior ::run [ RunTime:0.002000s ]
INFO: [ app_begin ] --END-- [ RunTime:0.002000s ]
NOTIC: [8] Undefined index: expire D:\wamp\www\ddkd\ThinkPHP\Common\functions.php 第 549 行.
SQL: SHOW COLUMNS FROM `dd_operate` [ RunTime:0.080004s ]
ERR: 1146:Table 'ddkd.dd_operate' doesn't exist
 [ SQL语句 ] : SHOW COLUMNS FROM `dd_operate`
INFO: [ view_parse ] --START--
INFO: ParseTemplate Behavior ::run [ RunTime:0.023002s ]
INFO: [ view_parse ] --END-- [ RunTime:0.024002s ]
INFO: [ view_filter ] --START--
INFO: ContentReplace Behavior ::run [ RunTime:0.002000s ]
INFO: TokenBuild Behavior ::run [ RunTime:0.001000s ]
INFO: WriteHtmlCache Behavior ::run [ RunTime:0.001000s ]
INFO: ShowRuntime Behavior ::run [ RunTime:0.002000s ]
INFO: [ view_filter ] --END-- [ RunTime:0.006000s ]
INFO: [ view_end ] --START--
INFO: ShowPageTrace Behavior ::run [ RunTime:0.002000s ]
INFO: [ view_end ] --END-- [ RunTime:0.002000s ]

[ 2015-12-29T09:46:52+08:00 ] 127.0.0.1 /Manerger/index.php?m=User&a=userlist
NOTIC: [2] htmlspecialchars() expects parameter 2 to be long, string given D:\wamp\www\ddkd\ThinkPHP\Lib\Core\App.class.php 第 56 行.
NOTIC: [2] htmlspecialchars() expects parameter 2 to be long, string given D:\wamp\www\ddkd\ThinkPHP\Lib\Core\App.class.php 第 56 行.
INFO: [ app_begin ] --START--
INFO: ReadHtmlCache Behavior ::run [ RunTime:0.002000s ]
INFO: [ app_begin ] --END-- [ RunTime:0.003000s ]
NOTIC: [8] Undefined index: expire D:\wamp\www\ddkd\ThinkPHP\Common\functions.php 第 549 行.
SQL: SHOW COLUMNS FROM `dd_operate` [ RunTime:0.064004s ]
ERR: 1146:Table 'ddkd.dd_operate' doesn't exist
 [ SQL语句 ] : SHOW COLUMNS FROM `dd_operate`
NOTIC: [8] Undefined index: name D:\wamp\www\ddkd\Manage\Lib\Action\UserAction.class.php 第 9 行.
NOTIC: [8] Undefined index: id D:\wamp\www\ddkd\Manage\Lib\Action\UserAction.class.php 第 12 行.
NOTIC: [8] Undefined index: phone D:\wamp\www\ddkd\Manage\Lib\Action\UserAction.class.php 第 15 行.
NOTIC: [8] Undefined index: dark_status D:\wamp\www\ddkd\Manage\Lib\Action\UserAction.class.php 第 18 行.
NOTIC: [8] Undefined index: regstart D:\wamp\www\ddkd\Manage\Lib\Action\UserAction.class.php 第 30 行.
SQL: SHOW COLUMNS FROM `dd_user` [ RunTime:0.051003s ]
NOTIC: [8] Undefined variable: map D:\wamp\www\ddkd\Manage\Lib\Action\UserAction.class.php 第 36 行.
SQL: SELECT `id`,`name`,`phone`,`create_time`,`dark_status` FROM `dd_user` LIMIT 0,20   [ RunTime:0.039002s ]
NOTIC: [8] Undefined variable: map D:\wamp\www\ddkd\Manage\Lib\Action\UserAction.class.php 第 37 行.
SQL: SELECT COUNT(*) AS tp_count FROM `dd_user` LIMIT 1   [ RunTime:0.048003s ]

[ 2015-12-29T09:47:34+08:00 ] 127.0.0.1 /Manerger/index.php?
INFO: [ app_begin ] --START--
INFO: ReadHtmlCache Behavior ::run [ RunTime:0.001000s ]
INFO: [ app_begin ] --END-- [ RunTime:0.001000s ]
NOTIC: [8] Undefined index: expire D:\wamp\www\ddkd\ThinkPHP\Common\functions.php 第 549 行.
SQL: SHOW COLUMNS FROM `dd_operate` [ RunTime:0.044002s ]
ERR: 1146:Table 'ddkd.dd_operate' doesn't exist
 [ SQL语句 ] : SHOW COLUMNS FROM `dd_operate`
INFO: [ view_parse ] --START--
INFO: ParseTemplate Behavior ::run [ RunTime:0.028002s ]
INFO: [ view_parse ] --END-- [ RunTime:0.028002s ]
INFO: [ view_filter ] --START--
INFO: ContentReplace Behavior ::run [ RunTime:0.001000s ]
INFO: TokenBuild Behavior ::run [ RunTime:0.001000s ]
INFO: WriteHtmlCache Behavior ::run [ RunTime:0.001000s ]
INFO: ShowRuntime Behavior ::run [ RunTime:0.001000s ]
INFO: [ view_filter ] --END-- [ RunTime:0.004000s ]
INFO: [ view_end ] --START--
INFO: ShowPageTrace Behavior ::run [ RunTime:0.000000s ]
INFO: [ view_end ] --END-- [ RunTime:0.002000s ]

[ 2015-12-29T09:47:39+08:00 ] 127.0.0.1 /Manerger/index.php/User/index
INFO: [ route_check ] --START--
INFO: CheckRoute Behavior ::run [ RunTime:0.002000s ]
INFO: [ route_check ] --END-- [ RunTime:0.002000s ]
INFO: [ app_begin ] --START--
INFO: ReadHtmlCache Behavior ::run [ RunTime:0.001000s ]
INFO: [ app_begin ] --END-- [ RunTime:0.002000s ]
NOTIC: [8] Undefined index: expire D:\wamp\www\ddkd\ThinkPHP\Common\functions.php 第 549 行.
SQL: SHOW COLUMNS FROM `dd_operate` [ RunTime:0.049002s ]
ERR: 1146:Table 'ddkd.dd_operate' doesn't exist
 [ SQL语句 ] : SHOW COLUMNS FROM `dd_operate`
INFO: [ view_parse ] --START--
INFO: ParseTemplate Behavior ::run [ RunTime:0.022001s ]
INFO: [ view_parse ] --END-- [ RunTime:0.022001s ]
INFO: [ view_filter ] --START--
INFO: ContentReplace Behavior ::run [ RunTime:0.002000s ]
INFO: TokenBuild Behavior ::run [ RunTime:0.002000s ]
INFO: WriteHtmlCache Behavior ::run [ RunTime:0.001000s ]
INFO: ShowRuntime Behavior ::run [ RunTime:0.002000s ]
INFO: [ view_filter ] --END-- [ RunTime:0.008000s ]
INFO: [ view_end ] --START--
INFO: ShowPageTrace Behavior ::run [ RunTime:0.002000s ]
INFO: [ view_end ] --END-- [ RunTime:0.002000s ]

[ 2015-12-29T09:47:39+08:00 ] 127.0.0.1 /Manerger/index.php?m=User&a=userlist
NOTIC: [2] htmlspecialchars() expects parameter 2 to be long, string given D:\wamp\www\ddkd\ThinkPHP\Lib\Core\App.class.php 第 56 行.
NOTIC: [2] htmlspecialchars() expects parameter 2 to be long, string given D:\wamp\www\ddkd\ThinkPHP\Lib\Core\App.class.php 第 56 行.
INFO: [ app_begin ] --START--
INFO: ReadHtmlCache Behavior ::run [ RunTime:0.002000s ]
INFO: [ app_begin ] --END-- [ RunTime:0.002000s ]
NOTIC: [8] Undefined index: expire D:\wamp\www\ddkd\ThinkPHP\Common\functions.php 第 549 行.
SQL: SHOW COLUMNS FROM `dd_operate` [ RunTime:0.059003s ]
ERR: 1146:Table 'ddkd.dd_operate' doesn't exist
 [ SQL语句 ] : SHOW COLUMNS FROM `dd_operate`
NOTIC: [8] Undefined index: name D:\wamp\www\ddkd\Manage\Lib\Action\UserAction.class.php 第 9 行.
NOTIC: [8] Undefined index: id D:\wamp\www\ddkd\Manage\Lib\Action\UserAction.class.php 第 12 行.
NOTIC: [8] Undefined index: phone D:\wamp\www\ddkd\Manage\Lib\Action\UserAction.class.php 第 15 行.
NOTIC: [8] Undefined index: dark_status D:\wamp\www\ddkd\Manage\Lib\Action\UserAction.class.php 第 18 行.
NOTIC: [8] Undefined index: regstart D:\wamp\www\ddkd\Manage\Lib\Action\UserAction.class.php 第 30 行.
SQL: SHOW COLUMNS FROM `dd_user` [ RunTime:0.042002s ]
NOTIC: [8] Undefined variable: map D:\wamp\www\ddkd\Manage\Lib\Action\UserAction.class.php 第 36 行.
SQL: SELECT `id`,`name`,`phone`,`create_time`,`dark_status` FROM `dd_user` LIMIT 0,20   [ RunTime:0.055003s ]
NOTIC: [8] Undefined variable: map D:\wamp\www\ddkd\Manage\Lib\Action\UserAction.class.php 第 37 行.
SQL: SELECT COUNT(*) AS tp_count FROM `dd_user` LIMIT 1   [ RunTime:0.042002s ]

[ 2015-12-29T09:47:47+08:00 ] 127.0.0.1 /Manerger/index.php?m=LoanManage&a=dark
NOTIC: [2] htmlspecialchars() expects parameter 2 to be long, string given D:\wamp\www\ddkd\ThinkPHP\Lib\Core\App.class.php 第 56 行.
INFO: [ app_begin ] --START--
INFO: ReadHtmlCache Behavior ::run [ RunTime:0.001000s ]
INFO: [ app_begin ] --END-- [ RunTime:0.001000s ]
NOTIC: [8] Undefined index: expire D:\wamp\www\ddkd\ThinkPHP\Common\functions.php 第 549 行.
SQL: SHOW COLUMNS FROM `dd_operate` [ RunTime:0.037002s ]
ERR: 1146:Table 'ddkd.dd_operate' doesn't exist
 [ SQL语句 ] : SHOW COLUMNS FROM `dd_operate`
NOTIC: 建议使用I方法替代_post
SQL: SHOW COLUMNS FROM `dd_user` [ RunTime:0.053003s ]
SQL: UPDATE `dd_user` SET `dark_status`=1 WHERE ( `id` = 19 ) [ RunTime:0.047003s ]

[ 2015-12-29T09:47:47+08:00 ] 127.0.0.1 /Manerger/index.php/User/index
INFO: [ route_check ] --START--
INFO: CheckRoute Behavior ::run [ RunTime:0.003001s ]
INFO: [ route_check ] --END-- [ RunTime:0.003001s ]
INFO: [ app_begin ] --START--
INFO: ReadHtmlCache Behavior ::run [ RunTime:0.001000s ]
INFO: [ app_begin ] --END-- [ RunTime:0.002000s ]
NOTIC: [8] Undefined index: expire D:\wamp\www\ddkd\ThinkPHP\Common\functions.php 第 549 行.
SQL: SHOW COLUMNS FROM `dd_operate` [ RunTime:0.038002s ]
ERR: 1146:Table 'ddkd.dd_operate' doesn't exist
 [ SQL语句 ] : SHOW COLUMNS FROM `dd_operate`
INFO: [ view_parse ] --START--
INFO: ParseTemplate Behavior ::run [ RunTime:0.015001s ]
INFO: [ view_parse ] --END-- [ RunTime:0.015001s ]
INFO: [ view_filter ] --START--
INFO: ContentReplace Behavior ::run [ RunTime:0.001000s ]
INFO: TokenBuild Behavior ::run [ RunTime:0.000000s ]
INFO: WriteHtmlCache Behavior ::run [ RunTime:0.000000s ]
INFO: ShowRuntime Behavior ::run [ RunTime:0.001000s ]
INFO: [ view_filter ] --END-- [ RunTime:0.003000s ]
INFO: [ view_end ] --START--
INFO: ShowPageTrace Behavior ::run [ RunTime:0.001000s ]
INFO: [ view_end ] --END-- [ RunTime:0.002001s ]

[ 2015-12-29T09:47:48+08:00 ] 127.0.0.1 /Manerger/index.php?m=User&a=userlist
NOTIC: [2] htmlspecialchars() expects parameter 2 to be long, string given D:\wamp\www\ddkd\ThinkPHP\Lib\Core\App.class.php 第 56 行.
NOTIC: [2] htmlspecialchars() expects parameter 2 to be long, string given D:\wamp\www\ddkd\ThinkPHP\Lib\Core\App.class.php 第 56 行.
INFO: [ app_begin ] --START--
INFO: ReadHtmlCache Behavior ::run [ RunTime:0.002000s ]
INFO: [ app_begin ] --END-- [ RunTime:0.002000s ]
NOTIC: [8] Undefined index: expire D:\wamp\www\ddkd\ThinkPHP\Common\functions.php 第 549 行.
SQL: SHOW COLUMNS FROM `dd_operate` [ RunTime:0.038002s ]
ERR: 1146:Table 'ddkd.dd_operate' doesn't exist
 [ SQL语句 ] : SHOW COLUMNS FROM `dd_operate`
NOTIC: [8] Undefined index: name D:\wamp\www\ddkd\Manage\Lib\Action\UserAction.class.php 第 9 行.
NOTIC: [8] Undefined index: id D:\wamp\www\ddkd\Manage\Lib\Action\UserAction.class.php 第 12 行.
NOTIC: [8] Undefined index: phone D:\wamp\www\ddkd\Manage\Lib\Action\UserAction.class.php 第 15 行.
NOTIC: [8] Undefined index: dark_status D:\wamp\www\ddkd\Manage\Lib\Action\UserAction.class.php 第 18 行.
NOTIC: [8] Undefined index: regstart D:\wamp\www\ddkd\Manage\Lib\Action\UserAction.class.php 第 30 行.
SQL: SHOW COLUMNS FROM `dd_user` [ RunTime:0.042003s ]
NOTIC: [8] Undefined variable: map D:\wamp\www\ddkd\Manage\Lib\Action\UserAction.class.php 第 36 行.
SQL: SELECT `id`,`name`,`phone`,`create_time`,`dark_status` FROM `dd_user` LIMIT 0,20   [ RunTime:0.043003s ]
NOTIC: [8] Undefined variable: map D:\wamp\www\ddkd\Manage\Lib\Action\UserAction.class.php 第 37 行.
SQL: SELECT COUNT(*) AS tp_count FROM `dd_user` LIMIT 1   [ RunTime:0.043002s ]

[ 2015-12-29T09:48:05+08:00 ] 127.0.0.1 /Manerger/index.php?m=LoanManage&a=dark
NOTIC: [2] htmlspecialchars() expects parameter 2 to be long, string given D:\wamp\www\ddkd\ThinkPHP\Lib\Core\App.class.php 第 56 行.
INFO: [ app_begin ] --START--
INFO: ReadHtmlCache Behavior ::run [ RunTime:0.002000s ]
INFO: [ app_begin ] --END-- [ RunTime:0.002000s ]
NOTIC: [8] Undefined index: expire D:\wamp\www\ddkd\ThinkPHP\Common\functions.php 第 549 行.
SQL: SHOW COLUMNS FROM `dd_operate` [ RunTime:0.038002s ]
ERR: 1146:Table 'ddkd.dd_operate' doesn't exist
 [ SQL语句 ] : SHOW COLUMNS FROM `dd_operate`
NOTIC: 建议使用I方法替代_post
SQL: SHOW COLUMNS FROM `dd_user` [ RunTime:0.038002s ]
SQL: UPDATE `dd_user` SET `dark_status`=1 WHERE ( `id` = 19 ) [ RunTime:0.051003s ]

[ 2015-12-29T09:50:41+08:00 ] 127.0.0.1 /Manerger/index.php/User/index
INFO: [ route_check ] --START--
INFO: CheckRoute Behavior ::run [ RunTime:0.001000s ]
INFO: [ route_check ] --END-- [ RunTime:0.002000s ]
INFO: [ app_begin ] --START--
INFO: ReadHtmlCache Behavior ::run [ RunTime:0.001000s ]
INFO: [ app_begin ] --END-- [ RunTime:0.001000s ]
NOTIC: [8] Undefined index: expire D:\wamp\www\ddkd\ThinkPHP\Common\functions.php 第 549 行.
SQL: SHOW COLUMNS FROM `dd_operate` [ RunTime:0.081005s ]
ERR: 1146:Table 'ddkd.dd_operate' doesn't exist
 [ SQL语句 ] : SHOW COLUMNS FROM `dd_operate`
INFO: [ view_parse ] --START--
INFO: ParseTemplate Behavior ::run [ RunTime:0.017001s ]
INFO: [ view_parse ] --END-- [ RunTime:0.018001s ]
INFO: [ view_filter ] --START--
INFO: ContentReplace Behavior ::run [ RunTime:0.001000s ]
INFO: TokenBuild Behavior ::run [ RunTime:0.001000s ]
INFO: WriteHtmlCache Behavior ::run [ RunTime:0.001000s ]
INFO: ShowRuntime Behavior ::run [ RunTime:0.001000s ]
INFO: [ view_filter ] --END-- [ RunTime:0.005000s ]
INFO: [ view_end ] --START--
INFO: ShowPageTrace Behavior ::run [ RunTime:0.002001s ]
INFO: [ view_end ] --END-- [ RunTime:0.002001s ]

[ 2015-12-29T09:50:42+08:00 ] 127.0.0.1 /Manerger/index.php?m=User&a=userlist
NOTIC: [2] htmlspecialchars() expects parameter 2 to be long, string given D:\wamp\www\ddkd\ThinkPHP\Lib\Core\App.class.php 第 56 行.
NOTIC: [2] htmlspecialchars() expects parameter 2 to be long, string given D:\wamp\www\ddkd\ThinkPHP\Lib\Core\App.class.php 第 56 行.
INFO: [ app_begin ] --START--
INFO: ReadHtmlCache Behavior ::run [ RunTime:0.002000s ]
INFO: [ app_begin ] --END-- [ RunTime:0.002000s ]
NOTIC: [8] Undefined index: expire D:\wamp\www\ddkd\ThinkPHP\Common\functions.php 第 549 行.
SQL: SHOW COLUMNS FROM `dd_operate` [ RunTime:0.051003s ]
ERR: 1146:Table 'ddkd.dd_operate' doesn't exist
 [ SQL语句 ] : SHOW COLUMNS FROM `dd_operate`
NOTIC: [8] Undefined index: name D:\wamp\www\ddkd\Manage\Lib\Action\UserAction.class.php 第 9 行.
NOTIC: [8] Undefined index: id D:\wamp\www\ddkd\Manage\Lib\Action\UserAction.class.php 第 12 行.
NOTIC: [8] Undefined index: phone D:\wamp\www\ddkd\Manage\Lib\Action\UserAction.class.php 第 15 行.
NOTIC: [8] Undefined index: dark_status D:\wamp\www\ddkd\Manage\Lib\Action\UserAction.class.php 第 18 行.
NOTIC: [8] Undefined index: regstart D:\wamp\www\ddkd\Manage\Lib\Action\UserAction.class.php 第 30 行.
SQL: SHOW COLUMNS FROM `dd_user` [ RunTime:0.051003s ]
NOTIC: [8] Undefined variable: map D:\wamp\www\ddkd\Manage\Lib\Action\UserAction.class.php 第 36 行.
SQL: SELECT `id`,`name`,`phone`,`create_time`,`dark_status` FROM `dd_user` LIMIT 0,20   [ RunTime:0.038002s ]
NOTIC: [8] Undefined variable: map D:\wamp\www\ddkd\Manage\Lib\Action\UserAction.class.php 第 37 行.
SQL: SELECT COUNT(*) AS tp_count FROM `dd_user` LIMIT 1   [ RunTime:0.034002s ]

[ 2015-12-29T09:50:45+08:00 ] 127.0.0.1 /Manerger/index.php?m=LoanManage&a=light
NOTIC: [2] htmlspecialchars() expects parameter 2 to be long, string given D:\wamp\www\ddkd\ThinkPHP\Lib\Core\App.class.php 第 56 行.
INFO: [ app_begin ] --START--
INFO: ReadHtmlCache Behavior ::run [ RunTime:0.001000s ]
INFO: [ app_begin ] --END-- [ RunTime:0.001000s ]
NOTIC: [8] Undefined index: expire D:\wamp\www\ddkd\ThinkPHP\Common\functions.php 第 549 行.
SQL: SHOW COLUMNS FROM `dd_operate` [ RunTime:0.092006s ]
ERR: 1146:Table 'ddkd.dd_operate' doesn't exist
 [ SQL语句 ] : SHOW COLUMNS FROM `dd_operate`
NOTIC: 建议使用I方法替代_post
SQL: SHOW COLUMNS FROM `dd_user` [ RunTime:0.073004s ]
SQL: UPDATE `dd_user` SET `dark_status`=2 WHERE ( `id` = 19 ) [ RunTime:0.104006s ]

[ 2015-12-29T09:50:45+08:00 ] 127.0.0.1 /Manerger/index.php/User/index
INFO: [ route_check ] --START--
INFO: CheckRoute Behavior ::run [ RunTime:0.002000s ]
INFO: [ route_check ] --END-- [ RunTime:0.002000s ]
INFO: [ app_begin ] --START--
INFO: ReadHtmlCache Behavior ::run [ RunTime:0.002000s ]
INFO: [ app_begin ] --END-- [ RunTime:0.002000s ]
NOTIC: [8] Undefined index: expire D:\wamp\www\ddkd\ThinkPHP\Common\functions.php 第 549 行.
SQL: SHOW COLUMNS FROM `dd_operate` [ RunTime:0.050003s ]
ERR: 1146:Table 'ddkd.dd_operate' doesn't exist
 [ SQL语句 ] : SHOW COLUMNS FROM `dd_operate`
INFO: [ view_parse ] --START--
INFO: ParseTemplate Behavior ::run [ RunTime:0.026001s ]
INFO: [ view_parse ] --END-- [ RunTime:0.026001s ]
INFO: [ view_filter ] --START--
INFO: ContentReplace Behavior ::run [ RunTime:0.001000s ]
INFO: TokenBuild Behavior ::run [ RunTime:0.001000s ]
INFO: WriteHtmlCache Behavior ::run [ RunTime:0.000000s ]
INFO: ShowRuntime Behavior ::run [ RunTime:0.001000s ]
INFO: [ view_filter ] --END-- [ RunTime:0.005001s ]
INFO: [ view_end ] --START--
INFO: ShowPageTrace Behavior ::run [ RunTime:0.001000s ]
INFO: [ view_end ] --END-- [ RunTime:0.002000s ]

[ 2015-12-29T09:50:46+08:00 ] 127.0.0.1 /Manerger/index.php?m=User&a=userlist
NOTIC: [2] htmlspecialchars() expects parameter 2 to be long, string given D:\wamp\www\ddkd\ThinkPHP\Lib\Core\App.class.php 第 56 行.
NOTIC: [2] htmlspecialchars() expects parameter 2 to be long, string given D:\wamp\www\ddkd\ThinkPHP\Lib\Core\App.class.php 第 56 行.
INFO: [ app_begin ] --START--
INFO: ReadHtmlCache Behavior ::run [ RunTime:0.001000s ]
INFO: [ app_begin ] --END-- [ RunTime:0.002000s ]
NOTIC: [8] Undefined index: expire D:\wamp\www\ddkd\ThinkPHP\Common\functions.php 第 549 行.
SQL: SHOW COLUMNS FROM `dd_operate` [ RunTime:0.054003s ]
ERR: 1146:Table 'ddkd.dd_operate' doesn't exist
 [ SQL语句 ] : SHOW COLUMNS FROM `dd_operate`
NOTIC: [8] Undefined index: name D:\wamp\www\ddkd\Manage\Lib\Action\UserAction.class.php 第 9 行.
NOTIC: [8] Undefined index: id D:\wamp\www\ddkd\Manage\Lib\Action\UserAction.class.php 第 12 行.
NOTIC: [8] Undefined index: phone D:\wamp\www\ddkd\Manage\Lib\Action\UserAction.class.php 第 15 行.
NOTIC: [8] Undefined index: dark_status D:\wamp\www\ddkd\Manage\Lib\Action\UserAction.class.php 第 18 行.
NOTIC: [8] Undefined index: regstart D:\wamp\www\ddkd\Manage\Lib\Action\UserAction.class.php 第 30 行.
SQL: SHOW COLUMNS FROM `dd_user` [ RunTime:0.059003s ]
NOTIC: [8] Undefined variable: map D:\wamp\www\ddkd\Manage\Lib\Action\UserAction.class.php 第 36 行.
SQL: SELECT `id`,`name`,`phone`,`create_time`,`dark_status` FROM `dd_user` LIMIT 0,20   [ RunTime:0.045003s ]
NOTIC: [8] Undefined variable: map D:\wamp\www\ddkd\Manage\Lib\Action\UserAction.class.php 第 37 行.
SQL: SELECT COUNT(*) AS tp_count FROM `dd_user` LIMIT 1   [ RunTime:0.046003s ]

[ 2015-12-29T09:50:50+08:00 ] 127.0.0.1 /Manerger/index.php?m=LoanManage&a=dark
NOTIC: [2] htmlspecialchars() expects parameter 2 to be long, string given D:\wamp\www\ddkd\ThinkPHP\Lib\Core\App.class.php 第 56 行.
INFO: [ app_begin ] --START--
INFO: ReadHtmlCache Behavior ::run [ RunTime:0.001000s ]
INFO: [ app_begin ] --END-- [ RunTime:0.001000s ]
NOTIC: [8] Undefined index: expire D:\wamp\www\ddkd\ThinkPHP\Common\functions.php 第 549 行.
SQL: SHOW COLUMNS FROM `dd_operate` [ RunTime:0.069004s ]
ERR: 1146:Table 'ddkd.dd_operate' doesn't exist
 [ SQL语句 ] : SHOW COLUMNS FROM `dd_operate`
NOTIC: 建议使用I方法替代_post
SQL: SHOW COLUMNS FROM `dd_user` [ RunTime:0.051003s ]
SQL: UPDATE `dd_user` SET `dark_status`=1 WHERE ( `id` = 28 ) [ RunTime:0.052003s ]

[ 2015-12-29T09:50:50+08:00 ] 127.0.0.1 /Manerger/index.php/User/index
INFO: [ route_check ] --START--
INFO: CheckRoute Behavior ::run [ RunTime:0.002000s ]
INFO: [ route_check ] --END-- [ RunTime:0.002000s ]
INFO: [ app_begin ] --START--
INFO: ReadHtmlCache Behavior ::run [ RunTime:0.002000s ]
INFO: [ app_begin ] --END-- [ RunTime:0.002000s ]
NOTIC: [8] Undefined index: expire D:\wamp\www\ddkd\ThinkPHP\Common\functions.php 第 549 行.
SQL: SHOW COLUMNS FROM `dd_operate` [ RunTime:0.036002s ]
ERR: 1146:Table 'ddkd.dd_operate' doesn't exist
 [ SQL语句 ] : SHOW COLUMNS FROM `dd_operate`
INFO: [ view_parse ] --START--
INFO: ParseTemplate Behavior ::run [ RunTime:0.022002s ]
INFO: [ view_parse ] --END-- [ RunTime:0.023002s ]
INFO: [ view_filter ] --START--
INFO: ContentReplace Behavior ::run [ RunTime:0.001000s ]
INFO: TokenBuild Behavior ::run [ RunTime:0.001000s ]
INFO: WriteHtmlCache Behavior ::run [ RunTime:0.003000s ]
INFO: ShowRuntime Behavior ::run [ RunTime:0.001000s ]
INFO: [ view_filter ] --END-- [ RunTime:0.008000s ]
INFO: [ view_end ] --START--
INFO: ShowPageTrace Behavior ::run [ RunTime:0.001000s ]
INFO: [ view_end ] --END-- [ RunTime:0.001000s ]

[ 2015-12-29T09:50:51+08:00 ] 127.0.0.1 /Manerger/index.php?m=User&a=userlist
NOTIC: [2] htmlspecialchars() expects parameter 2 to be long, string given D:\wamp\www\ddkd\ThinkPHP\Lib\Core\App.class.php 第 56 行.
NOTIC: [2] htmlspecialchars() expects parameter 2 to be long, string given D:\wamp\www\ddkd\ThinkPHP\Lib\Core\App.class.php 第 56 行.
INFO: [ app_begin ] --START--
INFO: ReadHtmlCache Behavior ::run [ RunTime:0.002000s ]
INFO: [ app_begin ] --END-- [ RunTime:0.003000s ]
NOTIC: [8] Undefined index: expire D:\wamp\www\ddkd\ThinkPHP\Common\functions.php 第 549 行.
SQL: SHOW COLUMNS FROM `dd_operate` [ RunTime:0.046002s ]
ERR: 1146:Table 'ddkd.dd_operate' doesn't exist
 [ SQL语句 ] : SHOW COLUMNS FROM `dd_operate`
NOTIC: [8] Undefined index: name D:\wamp\www\ddkd\Manage\Lib\Action\UserAction.class.php 第 9 行.
NOTIC: [8] Undefined index: id D:\wamp\www\ddkd\Manage\Lib\Action\UserAction.class.php 第 12 行.
NOTIC: [8] Undefined index: phone D:\wamp\www\ddkd\Manage\Lib\Action\UserAction.class.php 第 15 行.
NOTIC: [8] Undefined index: dark_status D:\wamp\www\ddkd\Manage\Lib\Action\UserAction.class.php 第 18 行.
NOTIC: [8] Undefined index: regstart D:\wamp\www\ddkd\Manage\Lib\Action\UserAction.class.php 第 30 行.
SQL: SHOW COLUMNS FROM `dd_user` [ RunTime:0.079004s ]
NOTIC: [8] Undefined variable: map D:\wamp\www\ddkd\Manage\Lib\Action\UserAction.class.php 第 36 行.
SQL: SELECT `id`,`name`,`phone`,`create_time`,`dark_status` FROM `dd_user` LIMIT 0,20   [ RunTime:0.047003s ]
NOTIC: [8] Undefined variable: map D:\wamp\www\ddkd\Manage\Lib\Action\UserAction.class.php 第 37 行.
SQL: SELECT COUNT(*) AS tp_count FROM `dd_user` LIMIT 1   [ RunTime:0.038002s ]

[ 2015-12-29T10:11:32+08:00 ] 127.0.0.1 /Manerger/index.php/LoanManage/index
INFO: [ route_check ] --START--
INFO: CheckRoute Behavior ::run [ RunTime:0.001000s ]
INFO: [ route_check ] --END-- [ RunTime:0.002000s ]
INFO: [ app_begin ] --START--
INFO: ReadHtmlCache Behavior ::run [ RunTime:0.002000s ]
INFO: [ app_begin ] --END-- [ RunTime:0.002000s ]
NOTIC: [8] Undefined index: expire D:\wamp\www\ddkd\ThinkPHP\Common\functions.php 第 549 行.
SQL: SHOW COLUMNS FROM `dd_operate` [ RunTime:0.043003s ]
ERR: 1146:Table 'ddkd.dd_operate' doesn't exist
 [ SQL语句 ] : SHOW COLUMNS FROM `dd_operate`
SQL: SHOW COLUMNS FROM `dd_admin` [ RunTime:0.051003s ]
SQL: SELECT `id`,`rid`,`username` FROM `dd_admin` WHERE ( `id` = 1 ) LIMIT 1   [ RunTime:0.041002s ]
SQL: SHOW COLUMNS FROM `dd_role` [ RunTime:0.043003s ]
SQL: SELECT `powers` FROM `dd_role` WHERE ( id=1 ) LIMIT 1   [ RunTime:0.044002s ]
SQL: SHOW COLUMNS FROM `dd_node` [ RunTime:0.043003s ]
SQL: SELECT `name` FROM `dd_node` WHERE ( pid>0 )  [ RunTime:0.052003s ]
SQL: SHOW COLUMNS FROM `dd_admin` [ RunTime:0.048003s ]
SQL: SELECT `id`,`realname` FROM `dd_admin` WHERE ( `rid` = 14 )  [ RunTime:0.046002s ]
INFO: [ view_parse ] --START--
INFO: ParseTemplate Behavior ::run [ RunTime:0.019001s ]
INFO: [ view_parse ] --END-- [ RunTime:0.019001s ]
INFO: [ view_filter ] --START--
INFO: ContentReplace Behavior ::run [ RunTime:0.001000s ]
INFO: TokenBuild Behavior ::run [ RunTime:0.002000s ]
INFO: WriteHtmlCache Behavior ::run [ RunTime:0.001000s ]
INFO: ShowRuntime Behavior ::run [ RunTime:0.001000s ]
INFO: [ view_filter ] --END-- [ RunTime:0.005000s ]
INFO: [ view_end ] --START--
INFO: ShowPageTrace Behavior ::run [ RunTime:0.001000s ]
INFO: [ view_end ] --END-- [ RunTime:0.001000s ]

[ 2015-12-29T10:11:33+08:00 ] 127.0.0.1 /Manerger/index.php?m=LoanManage&a=datalist&plan=1
NOTIC: [2] htmlspecialchars() expects parameter 2 to be long, string given D:\wamp\www\ddkd\ThinkPHP\Lib\Core\App.class.php 第 56 行.
NOTIC: [2] htmlspecialchars() expects parameter 2 to be long, string given D:\wamp\www\ddkd\ThinkPHP\Lib\Core\App.class.php 第 56 行.
NOTIC: [2] htmlspecialchars() expects parameter 2 to be long, string given D:\wamp\www\ddkd\ThinkPHP\Lib\Core\App.class.php 第 57 行.
INFO: [ app_begin ] --START--
INFO: ReadHtmlCache Behavior ::run [ RunTime:0.001001s ]
INFO: [ app_begin ] --END-- [ RunTime:0.002001s ]
NOTIC: [8] Undefined index: expire D:\wamp\www\ddkd\ThinkPHP\Common\functions.php 第 549 行.
SQL: SHOW COLUMNS FROM `dd_operate` [ RunTime:0.033002s ]
ERR: 1146:Table 'ddkd.dd_operate' doesn't exist
 [ SQL语句 ] : SHOW COLUMNS FROM `dd_operate`
SQL: SHOW COLUMNS FROM `dd_loan` [ RunTime:0.035002s ]
NOTIC: 建议使用I方法替代_get
SQL: SELECT l.id,l.loan_num,l.uid,l.creatime,u.name,u.card_no,l.loan_money,l.time_limit,l.check_name FROM dd_loan as l LEFT JOIN dd_user as u on l.uid=u.id WHERE ( l.next_plan = '1' ) AND ( u.dark_status = 2 ) ORDER BY l.creatime LIMIT 0,20   [ RunTime:0.038002s ]
SQL: SELECT COUNT(*) AS tp_count FROM dd_loan as l LEFT JOIN dd_user as u on l.uid=u.id WHERE ( l.next_plan = '1' ) AND ( u.dark_status = 2 ) LIMIT 1   [ RunTime:0.039002s ]

[ 2015-12-29T10:17:11+08:00 ] 127.0.0.1 /Manerger/index.php/Admin/index
INFO: [ route_check ] --START--
INFO: CheckRoute Behavior ::run [ RunTime:0.002001s ]
INFO: [ route_check ] --END-- [ RunTime:0.002001s ]
INFO: [ app_begin ] --START--
INFO: ReadHtmlCache Behavior ::run [ RunTime:0.002000s ]
INFO: [ app_begin ] --END-- [ RunTime:0.002000s ]
NOTIC: [8] Undefined index: expire D:\wamp\www\ddkd\ThinkPHP\Common\functions.php 第 549 行.
SQL: SHOW COLUMNS FROM `dd_operate` [ RunTime:0.032002s ]
ERR: 1146:Table 'ddkd.dd_operate' doesn't exist
 [ SQL语句 ] : SHOW COLUMNS FROM `dd_operate`
SQL: SHOW COLUMNS FROM `dd_role` [ RunTime:0.042002s ]
SQL: SELECT * FROM `dd_role`  [ RunTime:0.052003s ]
INFO: [ view_parse ] --START--
INFO: ParseTemplate Behavior ::run [ RunTime:0.019001s ]
INFO: [ view_parse ] --END-- [ RunTime:0.021001s ]
INFO: [ view_filter ] --START--
INFO: ContentReplace Behavior ::run [ RunTime:0.002000s ]
INFO: TokenBuild Behavior ::run [ RunTime:0.004000s ]
INFO: WriteHtmlCache Behavior ::run [ RunTime:0.001000s ]
INFO: ShowRuntime Behavior ::run [ RunTime:0.001000s ]
INFO: [ view_filter ] --END-- [ RunTime:0.008000s ]
INFO: [ view_end ] --START--
INFO: ShowPageTrace Behavior ::run [ RunTime:0.002000s ]
INFO: [ view_end ] --END-- [ RunTime:0.002000s ]

[ 2015-12-29T10:17:12+08:00 ] 127.0.0.1 /Manerger/index.php?m=Admin&a=adminlist
NOTIC: [2] htmlspecialchars() expects parameter 2 to be long, string given D:\wamp\www\ddkd\ThinkPHP\Lib\Core\App.class.php 第 56 行.
NOTIC: [2] htmlspecialchars() expects parameter 2 to be long, string given D:\wamp\www\ddkd\ThinkPHP\Lib\Core\App.class.php 第 56 行.
INFO: [ app_begin ] --START--
INFO: ReadHtmlCache Behavior ::run [ RunTime:0.002000s ]
INFO: [ app_begin ] --END-- [ RunTime:0.002000s ]
NOTIC: [8] Undefined index: expire D:\wamp\www\ddkd\ThinkPHP\Common\functions.php 第 549 行.
SQL: SHOW COLUMNS FROM `dd_operate` [ RunTime:0.036002s ]
ERR: 1146:Table 'ddkd.dd_operate' doesn't exist
 [ SQL语句 ] : SHOW COLUMNS FROM `dd_operate`
SQL: SHOW COLUMNS FROM `dd_admin` [ RunTime:0.058003s ]
SQL: SELECT * FROM `dd_admin` LIMIT 0,20   [ RunTime:0.050003s ]
SQL: SELECT COUNT(*) AS tp_count FROM `dd_admin` LIMIT 1   [ RunTime:0.035002s ]
SQL: SHOW COLUMNS FROM `dd_role` [ RunTime:0.044003s ]
SQL: SELECT `id`,`name` FROM `dd_role`  [ RunTime:0.040002s ]
NOTIC: [8] Undefined variable: pid D:\wamp\www\ddkd\Manage\Lib\Action\AdminAction.class.php 第 36 行.

[ 2015-12-29T10:17:16+08:00 ] 127.0.0.1 /Manerger/index.php/Role/index
INFO: [ route_check ] --START--
INFO: CheckRoute Behavior ::run [ RunTime:0.001000s ]
INFO: [ route_check ] --END-- [ RunTime:0.001000s ]
INFO: [ app_begin ] --START--
INFO: ReadHtmlCache Behavior ::run [ RunTime:0.001000s ]
INFO: [ app_begin ] --END-- [ RunTime:0.001000s ]
NOTIC: [8] Undefined index: expire D:\wamp\www\ddkd\ThinkPHP\Common\functions.php 第 549 行.
SQL: SHOW COLUMNS FROM `dd_operate` [ RunTime:0.040002s ]
ERR: 1146:Table 'ddkd.dd_operate' doesn't exist
 [ SQL语句 ] : SHOW COLUMNS FROM `dd_operate`
NOTIC: [8] Constant THEME_NAME already defined D:\wamp\www\ddkd\ThinkPHP\Lib\Core\View.class.php 第 223 行.
NOTIC: [8] Constant THEME_PATH already defined D:\wamp\www\ddkd\ThinkPHP\Lib\Core\View.class.php 第 174 行.
NOTIC: [8] Constant APP_TMPL_PATH already defined D:\wamp\www\ddkd\ThinkPHP\Lib\Core\View.class.php 第 175 行.
INFO: [ view_parse ] --START--
INFO: ParseTemplate Behavior ::run [ RunTime:0.024002s ]
INFO: [ view_parse ] --END-- [ RunTime:0.024002s ]
INFO: [ view_filter ] --START--
INFO: ContentReplace Behavior ::run [ RunTime:0.001000s ]
INFO: TokenBuild Behavior ::run [ RunTime:0.001000s ]
INFO: WriteHtmlCache Behavior ::run [ RunTime:0.001000s ]
INFO: ShowRuntime Behavior ::run [ RunTime:0.001000s ]
INFO: [ view_filter ] --END-- [ RunTime:0.004000s ]
INFO: [ view_end ] --START--
INFO: ShowPageTrace Behavior ::run [ RunTime:0.001000s ]
INFO: [ view_end ] --END-- [ RunTime:0.001000s ]

[ 2015-12-29T10:17:17+08:00 ] 127.0.0.1 /Manerger/index.php?m=Power&a=powertree
INFO: [ app_begin ] --START--
INFO: ReadHtmlCache Behavior ::run [ RunTime:0.001000s ]
INFO: [ app_begin ] --END-- [ RunTime:0.001000s ]
NOTIC: [8] Undefined index: expire D:\wamp\www\ddkd\ThinkPHP\Common\functions.php 第 549 行.
SQL: SHOW COLUMNS FROM `dd_operate` [ RunTime:0.052003s ]
ERR: 1146:Table 'ddkd.dd_operate' doesn't exist
 [ SQL语句 ] : SHOW COLUMNS FROM `dd_operate`
SQL: SHOW COLUMNS FROM `dd_node` [ RunTime:0.033002s ]
SQL: SELECT `id`,title as text,`pid` FROM `dd_node` WHERE ( pid=0 )  [ RunTime:0.033001s ]
SQL: SELECT `id`,title as text,`pid` FROM `dd_node` WHERE ( pid=10109 )  [ RunTime:0.031001s ]
SQL: SELECT `id`,title as text,`pid` FROM `dd_node` WHERE ( pid=10110 )  [ RunTime:0.032002s ]
SQL: SELECT `id`,title as text,`pid` FROM `dd_node` WHERE ( pid=10111 )  [ RunTime:0.036002s ]
SQL: SELECT `id`,title as text,`pid` FROM `dd_node` WHERE ( pid=10112 )  [ RunTime:0.033002s ]
SQL: SELECT `id`,title as text,`pid` FROM `dd_node` WHERE ( pid=10113 )  [ RunTime:0.035002s ]
SQL: SELECT `id`,title as text,`pid` FROM `dd_node` WHERE ( pid=10178 )  [ RunTime:0.034001s ]
SQL: SELECT `id`,title as text,`pid` FROM `dd_node` WHERE ( pid=10170 )  [ RunTime:0.033001s ]
SQL: SELECT `id`,title as text,`pid` FROM `dd_node` WHERE ( pid=10171 )  [ RunTime:0.034001s ]
SQL: SELECT `id`,title as text,`pid` FROM `dd_node` WHERE ( pid=10184 )  [ RunTime:0.034002s ]
SQL: SELECT `id`,title as text,`pid` FROM `dd_node` WHERE ( pid=10185 )  [ RunTime:0.034002s ]
SQL: SELECT `id`,title as text,`pid` FROM `dd_node` WHERE ( pid=10187 )  [ RunTime:0.034002s ]
SQL: SELECT `id`,title as text,`pid` FROM `dd_node` WHERE ( pid=10186 )  [ RunTime:0.047002s ]
SQL: SELECT `id`,title as text,`pid` FROM `dd_node` WHERE ( pid=10188 )  [ RunTime:0.032001s ]
SQL: SELECT `id`,title as text,`pid` FROM `dd_node` WHERE ( pid=10189 )  [ RunTime:0.034002s ]
SQL: SELECT `id`,title as text,`pid` FROM `dd_node` WHERE ( pid=10190 )  [ RunTime:0.033001s ]
SQL: SELECT `id`,title as text,`pid` FROM `dd_node` WHERE ( pid=10191 )  [ RunTime:0.033001s ]
SQL: SELECT `id`,title as text,`pid` FROM `dd_node` WHERE ( pid=10192 )  [ RunTime:0.035002s ]
SQL: SELECT `id`,title as text,`pid` FROM `dd_node` WHERE ( pid=10193 )  [ RunTime:0.033002s ]
SQL: SELECT `id`,title as text,`pid` FROM `dd_node` WHERE ( pid=10194 )  [ RunTime:0.034002s ]
SQL: SELECT `id`,title as text,`pid` FROM `dd_node` WHERE ( pid=10195 )  [ RunTime:0.035002s ]
SQL: SELECT `id`,title as text,`pid` FROM `dd_node` WHERE ( pid=10179 )  [ RunTime:0.035002s ]
SQL: SELECT `id`,title as text,`pid` FROM `dd_node` WHERE ( pid=10180 )  [ RunTime:0.045002s ]
SQL: SELECT `id`,title as text,`pid` FROM `dd_node` WHERE ( pid=10181 )  [ RunTime:0.036002s ]
SQL: SELECT `id`,title as text,`pid` FROM `dd_node` WHERE ( pid=10196 )  [ RunTime:0.034002s ]
SQL: SELECT `id`,title as text,`pid` FROM `dd_node` WHERE ( pid=10197 )  [ RunTime:0.035002s ]
SQL: SELECT `id`,title as text,`pid` FROM `dd_node` WHERE ( pid=10198 )  [ RunTime:0.032002s ]
SQL: SELECT `id`,title as text,`pid` FROM `dd_node` WHERE ( pid=10199 )  [ RunTime:0.033002s ]
SQL: SELECT `id`,title as text,`pid` FROM `dd_node` WHERE ( pid=10200 )  [ RunTime:0.033002s ]
SQL: SELECT `id`,title as text,`pid` FROM `dd_node` WHERE ( pid=10201 )  [ RunTime:0.037002s ]
SQL: SELECT `id`,title as text,`pid` FROM `dd_node` WHERE ( pid=10202 )  [ RunTime:0.055003s ]
SQL: SELECT `id`,title as text,`pid` FROM `dd_node` WHERE ( pid=10203 )  [ RunTime:0.036002s ]
SQL: SELECT `id`,title as text,`pid` FROM `dd_node` WHERE ( pid=10204 )  [ RunTime:0.036002s ]

[ 2015-12-29T10:17:18+08:00 ] 127.0.0.1 /Manerger/index.php?m=Role&a=rolelist
NOTIC: [2] htmlspecialchars() expects parameter 2 to be long, string given D:\wamp\www\ddkd\ThinkPHP\Lib\Core\App.class.php 第 56 行.
NOTIC: [2] htmlspecialchars() expects parameter 2 to be long, string given D:\wamp\www\ddkd\ThinkPHP\Lib\Core\App.class.php 第 56 行.
INFO: [ app_begin ] --START--
INFO: ReadHtmlCache Behavior ::run [ RunTime:0.002000s ]
INFO: [ app_begin ] --END-- [ RunTime:0.003001s ]
NOTIC: [8] Undefined index: expire D:\wamp\www\ddkd\ThinkPHP\Common\functions.php 第 549 行.
SQL: SHOW COLUMNS FROM `dd_operate` [ RunTime:0.033002s ]
ERR: 1146:Table 'ddkd.dd_operate' doesn't exist
 [ SQL语句 ] : SHOW COLUMNS FROM `dd_operate`
SQL: SHOW COLUMNS FROM `dd_role` [ RunTime:0.036002s ]
NOTIC: [8] Undefined variable: map D:\wamp\www\ddkd\Manage\Lib\Action\RoleAction.class.php 第 20 行.
SQL: SELECT `id`,`name`,`powername`,`power`,`description`,`ctime` FROM `dd_role` LIMIT 0,20   [ RunTime:0.037002s ]
NOTIC: [8] Undefined variable: map D:\wamp\www\ddkd\Manage\Lib\Action\RoleAction.class.php 第 22 行.
SQL: SELECT COUNT(*) AS tp_count FROM `dd_role` LIMIT 1   [ RunTime:0.035002s ]

[ 2015-12-29T10:17:20+08:00 ] 127.0.0.1 /Manerger/index.php?m=Role&a=edit&id=14
NOTIC: [2] htmlspecialchars() expects parameter 2 to be long, string given D:\wamp\www\ddkd\ThinkPHP\Lib\Core\App.class.php 第 57 行.
INFO: [ app_begin ] --START--
INFO: ReadHtmlCache Behavior ::run [ RunTime:0.001000s ]
INFO: [ app_begin ] --END-- [ RunTime:0.002000s ]
NOTIC: [8] Undefined index: expire D:\wamp\www\ddkd\ThinkPHP\Common\functions.php 第 549 行.
SQL: SHOW COLUMNS FROM `dd_operate` [ RunTime:0.041002s ]
ERR: 1146:Table 'ddkd.dd_operate' doesn't exist
 [ SQL语句 ] : SHOW COLUMNS FROM `dd_operate`
SQL: SHOW COLUMNS FROM `dd_role` [ RunTime:0.042002s ]
SQL: SELECT `power` FROM `dd_role` WHERE ( id=14 ) LIMIT 1   [ RunTime:0.047002s ]

[ 2015-12-29T10:17:33+08:00 ] 127.0.0.1 /Manerger/index.php?m=Role&a=update
NOTIC: [2] htmlspecialchars() expects parameter 2 to be long, string given D:\wamp\www\ddkd\ThinkPHP\Lib\Core\App.class.php 第 56 行.
NOTIC: [2] htmlspecialchars() expects parameter 2 to be long, string given D:\wamp\www\ddkd\ThinkPHP\Lib\Core\App.class.php 第 56 行.
NOTIC: [2] htmlspecialchars() expects parameter 2 to be long, string given D:\wamp\www\ddkd\ThinkPHP\Lib\Core\App.class.php 第 56 行.
NOTIC: [2] htmlspecialchars() expects parameter 2 to be long, string given D:\wamp\www\ddkd\ThinkPHP\Lib\Core\App.class.php 第 56 行.
NOTIC: [2] htmlspecialchars() expects parameter 2 to be long, string given D:\wamp\www\ddkd\ThinkPHP\Lib\Core\App.class.php 第 56 行.
INFO: [ app_begin ] --START--
INFO: ReadHtmlCache Behavior ::run [ RunTime:0.001000s ]
INFO: [ app_begin ] --END-- [ RunTime:0.001000s ]
NOTIC: [8] Undefined index: expire D:\wamp\www\ddkd\ThinkPHP\Common\functions.php 第 549 行.
SQL: SHOW COLUMNS FROM `dd_operate` [ RunTime:0.035002s ]
ERR: 1146:Table 'ddkd.dd_operate' doesn't exist
 [ SQL语句 ] : SHOW COLUMNS FROM `dd_operate`
SQL: SHOW COLUMNS FROM `dd_role` [ RunTime:0.035002s ]
NOTIC: 建议使用I方法替代_post
NOTIC: 建议使用I方法替代_post
NOTIC: 建议使用I方法替代_post
NOTIC: 建议使用I方法替代_post
NOTIC: 建议使用I方法替代_post
SQL: SHOW COLUMNS FROM `dd_node` [ RunTime:0.035002s ]
SQL: SELECT `pid` FROM `dd_node` WHERE ( `id` IN ('10112','10113','10178','10170','10171','10184','10185','10187','10186','10188','10189','10190','10191','10192','10193','10194','10195','10179','10180','10181','10196','10197','10198','10199','10200','10201','10202','10203','10204') )  [ RunTime:0.033002s ]
SQL: SELECT `name`,`title`,CONCAT_WS("_",`path`,id) as abspath FROM `dd_node` WHERE ( `id` IN ('10112','10113','10178','10170','10171','10184','10185','10187','10186','10188','10189','10190','10191','10192','10193','10194','10195','10179','10180','10181','10196','10197','10198','10199','10200','10201','10202','10203','10204') ) ORDER BY abspath  [ RunTime:0.042003s ]
SQL: UPDATE `dd_role` SET `description`='审核员',`name`='审核员',`power`='10112,10113,10178,10170,10171,10184,10185,10187,10186,10188,10189,10190,10191,10192,10193,10194,10195,10179,10180,10181,10196,10197,10198,10199,10200,10201,10202,10203,10204',`powername`='用户管理,管理员管理,用户管理,基本设置,利率设置,借款申请管理,新进审核,资料审核,身份审核,电话初审,收入核查,电话复核,代发快递,审核快递,电话终审,附件审核,终审,审核题目管理,科目列表,题目列表,借款查询,借款查询,还款管理,还款管理,财务管理,放贷汇款,还款核对,借款管理,放贷管理',`powers`='[{\"power\":{\"name\":\"\\/\",\"title\":\"\\u7528\\u6237\\u7ba1\\u7406\",\"abspath\":\"0_10112\"},\"childrens\":[{\"name\":\"__APP__\\/Admin\\/index\",\"title\":\"\\u7ba1\\u7406\\u5458\\u7ba1\\u7406\",\"abspath\":\"0_10112_10113\"},{\"name\":\"__APP__\\/User\\/index\",\"title\":\"\\u7528\\u6237\\u7ba1\\u7406\",\"abspath\":\"0_10112_10178\"}]},{\"power\":{\"name\":\"\\/\",\"title\":\"\\u57fa\\u672c\\u8bbe\\u7f6e\",\"abspath\":\"0_10170\"},\"childrens\":[{\"name\":\"__APP__\\/Rate\\/index\",\"title\":\"\\u5229\\u7387\\u8bbe\\u7f6e\",\"abspath\":\"0_10170_10171\"}]},{\"power\":{\"name\":\"\\/\",\"title\":\"\\u5ba1\\u6838\\u9898\\u76ee\\u7ba1\\u7406\",\"abspath\":\"0_10179\"},\"childrens\":[{\"name\":\"__APP__\\/Quesion\\/index\",\"title\":\"\\u79d1\\u76ee\\u5217\\u8868\",\"abspath\":\"0_10179_10180\"},{\"name\":\"__APP__\\/Quesion\\/show_ques\",\"title\":\"\\u9898\\u76ee\\u5217\\u8868\",\"abspath\":\"0_10179_10181\"}]},{\"power\":{\"name\":\"\\/\",\"title\":\"\\u501f\\u6b3e\\u7533\\u8bf7\\u7ba1\\u7406\",\"abspath\":\"0_10184\"},\"childrens\":[{\"name\":\"__APP__\\/LoanManage\\/index\",\"title\":\"\\u65b0\\u8fdb\\u5ba1\\u6838\",\"abspath\":\"0_10184_10185\"},{\"name\":\"__APP__\\/LoanManage\\/card\",\"title\":\"\\u8eab\\u4efd\\u5ba1\\u6838\",\"abspath\":\"0_10184_10186\"},{\"name\":\"__APP__\\/LoanManage\\/mean\",\"title\":\"\\u8d44\\u6599\\u5ba1\\u6838\",\"abspath\":\"0_10184_10187\"},{\"name\":\"__APP__\\/LoanManage\\/fir_tel\",\"title\":\"\\u7535\\u8bdd\\u521d\\u5ba1\",\"abspath\":\"0_10184_10188\"},{\"name\":\"__APP__\\/LoanManage\\/income\",\"title\":\"\\u6536\\u5165\\u6838\\u67e5\",\"abspath\":\"0_10184_10189\"},{\"name\":\"__APP__\\/LoanManage\\/sec_tel\",\"title\":\"\\u7535\\u8bdd\\u590d\\u6838\",\"abspath\":\"0_10184_10190\"},{\"name\":\"__APP__\\/LoanManage\\/wait_send\",\"title\":\"\\u4ee3\\u53d1\\u5feb\\u9012\",\"abspath\":\"0_10184_10191\"},{\"name\":\"__APP__\\/LoanManage\\/send\",\"title\":\"\\u5ba1\\u6838\\u5feb\\u9012\",\"abspath\":\"0_10184_10192\"},{\"name\":\"__APP__\\/LoanManage\\/fin_tel\",\"title\":\"\\u7535\\u8bdd\\u7ec8\\u5ba1\",\"abspath\":\"0_10184_10193\"},{\"name\":\"__APP__\\/LoanManage\\/annex\",\"title\":\"\\u9644\\u4ef6\\u5ba1\\u6838\",\"abspath\":\"0_10184_10194\"},{\"name\":\"__APP__\\/LoanManage\\/over\",\"title\":\"\\u7ec8\\u5ba1\",\"abspath\":\"0_10184_10195\"}]},{\"power\":{\"name\":\"\\/\",\"title\":\"\\u501f\\u6b3e\\u67e5\\u8be2\",\"abspath\":\"0_10196\"},\"childrens\":[{\"name\":\"__APP__\\/Loanquery\\/index\",\"title\":\"\\u501f\\u6b3e\\u67e5\\u8be2\",\"abspath\":\"0_10196_10197\"}]},{\"power\":{\"name\":\"\\/\",\"title\":\"\\u8fd8\\u6b3e\\u7ba1\\u7406\",\"abspath\":\"0_10198\"},\"childrens\":[{\"name\":\"__APP__\\/Repay\\/index\",\"title\":\"\\u8fd8\\u6b3e\\u7ba1\\u7406\",\"abspath\":\"0_10198_10199\"}]},{\"power\":{\"name\":\"\\/\",\"title\":\"\\u8d22\\u52a1\\u7ba1\\u7406\",\"abspath\":\"0_10200\"},\"childrens\":[{\"name\":\"__APP__\\/Loan\\/index\",\"title\":\"\\u653e\\u8d37\\u6c47\\u6b3e\",\"abspath\":\"0_10200_10201\"},{\"name\":\"__APP__\\/Loan\\/checks\",\"title\":\"\\u8fd8\\u6b3e\\u6838\\u5bf9\",\"abspath\":\"0_10200_10202\"}]},{\"power\":{\"name\":\"\\/\",\"title\":\"\\u501f\\u6b3e\\u7ba1\\u7406\",\"abspath\":\"0_10203\"},\"childrens\":[{\"name\":\"__APP__\\/Loanshow\\/index\",\"title\":\"\\u653e\\u8d37\\u7ba1\\u7406\",\"abspath\":\"0_10203_10204\"}]}]' WHERE ( `id` = 14 ) [ RunTime:0.071004s ]

[ 2015-12-29T10:17:33+08:00 ] 127.0.0.1 /Manerger/index.php?m=Role&a=rolelist
NOTIC: [2] htmlspecialchars() expects parameter 2 to be long, string given D:\wamp\www\ddkd\ThinkPHP\Lib\Core\App.class.php 第 56 行.
NOTIC: [2] htmlspecialchars() expects parameter 2 to be long, string given D:\wamp\www\ddkd\ThinkPHP\Lib\Core\App.class.php 第 56 行.
INFO: [ app_begin ] --START--
INFO: ReadHtmlCache Behavior ::run [ RunTime:0.001000s ]
INFO: [ app_begin ] --END-- [ RunTime:0.001000s ]
NOTIC: [8] Undefined index: expire D:\wamp\www\ddkd\ThinkPHP\Common\functions.php 第 549 行.
SQL: SHOW COLUMNS FROM `dd_operate` [ RunTime:0.033002s ]
ERR: 1146:Table 'ddkd.dd_operate' doesn't exist
 [ SQL语句 ] : SHOW COLUMNS FROM `dd_operate`
SQL: SHOW COLUMNS FROM `dd_role` [ RunTime:0.035002s ]
NOTIC: [8] Undefined variable: map D:\wamp\www\ddkd\Manage\Lib\Action\RoleAction.class.php 第 20 行.
SQL: SELECT `id`,`name`,`powername`,`power`,`description`,`ctime` FROM `dd_role` LIMIT 0,20   [ RunTime:0.037003s ]
NOTIC: [8] Undefined variable: map D:\wamp\www\ddkd\Manage\Lib\Action\RoleAction.class.php 第 22 行.
SQL: SELECT COUNT(*) AS tp_count FROM `dd_role` LIMIT 1   [ RunTime:0.034002s ]

[ 2015-12-29T10:49:13+08:00 ] 127.0.0.1 /Manerger/index.php/LoanManage/index
INFO: [ route_check ] --START--
INFO: CheckRoute Behavior ::run [ RunTime:0.001000s ]
INFO: [ route_check ] --END-- [ RunTime:0.003000s ]
INFO: [ app_begin ] --START--
INFO: ReadHtmlCache Behavior ::run [ RunTime:0.001000s ]
INFO: [ app_begin ] --END-- [ RunTime:0.001000s ]
NOTIC: [8] Undefined index: expire D:\wamp\www\ddkd\ThinkPHP\Common\functions.php 第 549 行.
SQL: SHOW COLUMNS FROM `dd_operate` [ RunTime:0.035002s ]
ERR: 1146:Table 'ddkd.dd_operate' doesn't exist
 [ SQL语句 ] : SHOW COLUMNS FROM `dd_operate`
SQL: SHOW COLUMNS FROM `dd_admin` [ RunTime:0.033002s ]
SQL: SELECT `id`,`rid`,`username` FROM `dd_admin` WHERE ( `id` = 1 ) LIMIT 1   [ RunTime:0.040002s ]
SQL: SHOW COLUMNS FROM `dd_role` [ RunTime:0.035002s ]
SQL: SELECT `powers` FROM `dd_role` WHERE ( id=1 ) LIMIT 1   [ RunTime:0.037002s ]
SQL: SHOW COLUMNS FROM `dd_node` [ RunTime:0.035002s ]
SQL: SELECT `name` FROM `dd_node` WHERE ( pid>0 )  [ RunTime:0.032002s ]
SQL: SHOW COLUMNS FROM `dd_admin` [ RunTime:0.034002s ]
SQL: SELECT `id`,`realname` FROM `dd_admin` WHERE ( `rid` = 14 )  [ RunTime:0.036002s ]
INFO: [ view_parse ] --START--
INFO: ParseTemplate Behavior ::run [ RunTime:0.022001s ]
INFO: [ view_parse ] --END-- [ RunTime:0.022001s ]
INFO: [ view_filter ] --START--
INFO: ContentReplace Behavior ::run [ RunTime:0.001000s ]
INFO: TokenBuild Behavior ::run [ RunTime:0.002000s ]
INFO: WriteHtmlCache Behavior ::run [ RunTime:0.001000s ]
INFO: ShowRuntime Behavior ::run [ RunTime:0.001001s ]
INFO: [ view_filter ] --END-- [ RunTime:0.005001s ]
INFO: [ view_end ] --START--
INFO: ShowPageTrace Behavior ::run [ RunTime:0.000000s ]
INFO: [ view_end ] --END-- [ RunTime:0.002000s ]

[ 2015-12-29T10:49:14+08:00 ] 127.0.0.1 /Manerger/index.php?m=LoanManage&a=datalist&plan=1
NOTIC: [2] htmlspecialchars() expects parameter 2 to be long, string given D:\wamp\www\ddkd\ThinkPHP\Lib\Core\App.class.php 第 56 行.
NOTIC: [2] htmlspecialchars() expects parameter 2 to be long, string given D:\wamp\www\ddkd\ThinkPHP\Lib\Core\App.class.php 第 56 行.
NOTIC: [2] htmlspecialchars() expects parameter 2 to be long, string given D:\wamp\www\ddkd\ThinkPHP\Lib\Core\App.class.php 第 57 行.
INFO: [ app_begin ] --START--
INFO: ReadHtmlCache Behavior ::run [ RunTime:0.002000s ]
INFO: [ app_begin ] --END-- [ RunTime:0.003001s ]
NOTIC: [8] Undefined index: expire D:\wamp\www\ddkd\ThinkPHP\Common\functions.php 第 549 行.
SQL: SHOW COLUMNS FROM `dd_operate` [ RunTime:0.034002s ]
ERR: 1146:Table 'ddkd.dd_operate' doesn't exist
 [ SQL语句 ] : SHOW COLUMNS FROM `dd_operate`
SQL: SHOW COLUMNS FROM `dd_loan` [ RunTime:0.035002s ]
NOTIC: 建议使用I方法替代_get
SQL: SELECT l.id,l.loan_num,l.uid,l.creatime,u.name,u.card_no,l.loan_money,l.time_limit,l.check_name FROM dd_loan as l LEFT JOIN dd_user as u on l.uid=u.id WHERE ( l.next_plan = '1' ) AND ( u.dark_status = 2 ) ORDER BY l.creatime LIMIT 0,20   [ RunTime:0.038002s ]
SQL: SELECT COUNT(*) AS tp_count FROM dd_loan as l LEFT JOIN dd_user as u on l.uid=u.id WHERE ( l.next_plan = '1' ) AND ( u.dark_status = 2 ) LIMIT 1   [ RunTime:0.034002s ]
NOTIC: [2] Invalid argument supplied for foreach() D:\wamp\www\ddkd\Manage\Lib\Action\LoanManageAction.class.php 第 21 行.

[ 2015-12-29T10:49:14+08:00 ] 127.0.0.1 /Manerger/index.php/LoanManage/card
INFO: [ route_check ] --START--
INFO: CheckRoute Behavior ::run [ RunTime:0.001000s ]
INFO: [ route_check ] --END-- [ RunTime:0.001000s ]
INFO: [ app_begin ] --START--
INFO: ReadHtmlCache Behavior ::run [ RunTime:0.001000s ]
INFO: [ app_begin ] --END-- [ RunTime:0.002000s ]
NOTIC: [8] Undefined index: expire D:\wamp\www\ddkd\ThinkPHP\Common\functions.php 第 549 行.
SQL: SHOW COLUMNS FROM `dd_operate` [ RunTime:0.041003s ]
ERR: 1146:Table 'ddkd.dd_operate' doesn't exist
 [ SQL语句 ] : SHOW COLUMNS FROM `dd_operate`
INFO: [ view_parse ] --START--
INFO: ParseTemplate Behavior ::run [ RunTime:0.014000s ]
INFO: [ view_parse ] --END-- [ RunTime:0.014000s ]
INFO: [ view_filter ] --START--
INFO: ContentReplace Behavior ::run [ RunTime:0.001001s ]
INFO: TokenBuild Behavior ::run [ RunTime:0.001000s ]
INFO: WriteHtmlCache Behavior ::run [ RunTime:0.001000s ]
INFO: ShowRuntime Behavior ::run [ RunTime:0.001000s ]
INFO: [ view_filter ] --END-- [ RunTime:0.004001s ]
INFO: [ view_end ] --START--
INFO: ShowPageTrace Behavior ::run [ RunTime:0.001000s ]
INFO: [ view_end ] --END-- [ RunTime:0.001000s ]

[ 2015-12-29T10:49:15+08:00 ] 127.0.0.1 /Manerger/index.php?m=LoanManage&a=datalist&plan=2
NOTIC: [2] htmlspecialchars() expects parameter 2 to be long, string given D:\wamp\www\ddkd\ThinkPHP\Lib\Core\App.class.php 第 56 行.
NOTIC: [2] htmlspecialchars() expects parameter 2 to be long, string given D:\wamp\www\ddkd\ThinkPHP\Lib\Core\App.class.php 第 56 行.
NOTIC: [2] htmlspecialchars() expects parameter 2 to be long, string given D:\wamp\www\ddkd\ThinkPHP\Lib\Core\App.class.php 第 57 行.
INFO: [ app_begin ] --START--
INFO: ReadHtmlCache Behavior ::run [ RunTime:0.002000s ]
INFO: [ app_begin ] --END-- [ RunTime:0.003000s ]
NOTIC: [8] Undefined index: expire D:\wamp\www\ddkd\ThinkPHP\Common\functions.php 第 549 行.
SQL: SHOW COLUMNS FROM `dd_operate` [ RunTime:0.034002s ]
ERR: 1146:Table 'ddkd.dd_operate' doesn't exist
 [ SQL语句 ] : SHOW COLUMNS FROM `dd_operate`
SQL: SHOW COLUMNS FROM `dd_loan` [ RunTime:0.036002s ]
NOTIC: 建议使用I方法替代_get
SQL: SELECT l.id,l.loan_num,l.uid,l.creatime,u.name,u.card_no,l.loan_money,l.time_limit,l.check_name FROM dd_loan as l LEFT JOIN dd_user as u on l.uid=u.id WHERE ( l.next_plan = '2' ) AND ( u.dark_status = 2 ) ORDER BY l.creatime LIMIT 0,20   [ RunTime:0.036002s ]
SQL: SELECT COUNT(*) AS tp_count FROM dd_loan as l LEFT JOIN dd_user as u on l.uid=u.id WHERE ( l.next_plan = '2' ) AND ( u.dark_status = 2 ) LIMIT 1   [ RunTime:0.035002s ]

[ 2015-12-29T10:49:17+08:00 ] 127.0.0.1 /Manerger/index.php/LoanManage/mean
INFO: [ route_check ] --START--
INFO: CheckRoute Behavior ::run [ RunTime:0.001000s ]
INFO: [ route_check ] --END-- [ RunTime:0.001000s ]
INFO: [ app_begin ] --START--
INFO: ReadHtmlCache Behavior ::run [ RunTime:0.001000s ]
INFO: [ app_begin ] --END-- [ RunTime:0.002000s ]
NOTIC: [8] Undefined index: expire D:\wamp\www\ddkd\ThinkPHP\Common\functions.php 第 549 行.
SQL: SHOW COLUMNS FROM `dd_operate` [ RunTime:0.034002s ]
ERR: 1146:Table 'ddkd.dd_operate' doesn't exist
 [ SQL语句 ] : SHOW COLUMNS FROM `dd_operate`
INFO: [ view_parse ] --START--
INFO: ParseTemplate Behavior ::run [ RunTime:0.015001s ]
INFO: [ view_parse ] --END-- [ RunTime:0.015001s ]
INFO: [ view_filter ] --START--
INFO: ContentReplace Behavior ::run [ RunTime:0.001000s ]
INFO: TokenBuild Behavior ::run [ RunTime:0.000000s ]
INFO: WriteHtmlCache Behavior ::run [ RunTime:0.000000s ]
INFO: ShowRuntime Behavior ::run [ RunTime:0.002000s ]
INFO: [ view_filter ] --END-- [ RunTime:0.005000s ]
INFO: [ view_end ] --START--
INFO: ShowPageTrace Behavior ::run [ RunTime:0.004001s ]
INFO: [ view_end ] --END-- [ RunTime:0.004001s ]

[ 2015-12-29T10:49:18+08:00 ] 127.0.0.1 /Manerger/index.php?m=LoanManage&a=meanlist&plan=3
NOTIC: [2] htmlspecialchars() expects parameter 2 to be long, string given D:\wamp\www\ddkd\ThinkPHP\Lib\Core\App.class.php 第 56 行.
NOTIC: [2] htmlspecialchars() expects parameter 2 to be long, string given D:\wamp\www\ddkd\ThinkPHP\Lib\Core\App.class.php 第 56 行.
NOTIC: [2] htmlspecialchars() expects parameter 2 to be long, string given D:\wamp\www\ddkd\ThinkPHP\Lib\Core\App.class.php 第 57 行.
INFO: [ app_begin ] --START--
INFO: ReadHtmlCache Behavior ::run [ RunTime:0.002000s ]
INFO: [ app_begin ] --END-- [ RunTime:0.002000s ]
NOTIC: [8] Undefined index: expire D:\wamp\www\ddkd\ThinkPHP\Common\functions.php 第 549 行.
SQL: SHOW COLUMNS FROM `dd_operate` [ RunTime:0.039002s ]
ERR: 1146:Table 'ddkd.dd_operate' doesn't exist
 [ SQL语句 ] : SHOW COLUMNS FROM `dd_operate`
SQL: SHOW COLUMNS FROM `dd_loan` [ RunTime:0.040002s ]
NOTIC: 建议使用I方法替代_get
SQL: SELECT l.id,l.loan_num,l.uid,u.card_no,u.name,l.loan_money,l.time_limit,l.check_time,l.check_name FROM dd_loan as l LEFT JOIN dd_user as u on l.uid=u.id WHERE ( l.next_plan = '3' ) AND ( l.loan_status = 1 ) AND ( u.dark_status = 2 ) ORDER BY l.check_time LIMIT 0,20   [ RunTime:0.040002s ]
SQL: SELECT COUNT(*) AS tp_count FROM dd_loan as l LEFT JOIN dd_user as u on l.uid=u.id WHERE ( l.next_plan = '3' ) AND ( l.loan_status = 1 ) AND ( u.dark_status = 2 ) LIMIT 1   [ RunTime:0.034002s ]
NOTIC: [2] Invalid argument supplied for foreach() D:\wamp\www\ddkd\Manage\Lib\Action\LoanManageAction.class.php 第 231 行.

[ 2015-12-29T10:49:19+08:00 ] 127.0.0.1 /Manerger/index.php/LoanManage/card
INFO: [ route_check ] --START--
INFO: CheckRoute Behavior ::run [ RunTime:0.001000s ]
INFO: [ route_check ] --END-- [ RunTime:0.002000s ]
INFO: [ app_begin ] --START--
INFO: ReadHtmlCache Behavior ::run [ RunTime:0.001001s ]
INFO: [ app_begin ] --END-- [ RunTime:0.001001s ]
NOTIC: [8] Undefined index: expire D:\wamp\www\ddkd\ThinkPHP\Common\functions.php 第 549 行.
SQL: SHOW COLUMNS FROM `dd_operate` [ RunTime:0.037002s ]
ERR: 1146:Table 'ddkd.dd_operate' doesn't exist
 [ SQL语句 ] : SHOW COLUMNS FROM `dd_operate`
INFO: [ view_parse ] --START--
INFO: ParseTemplate Behavior ::run [ RunTime:0.018001s ]
INFO: [ view_parse ] --END-- [ RunTime:0.018001s ]
INFO: [ view_filter ] --START--
INFO: ContentReplace Behavior ::run [ RunTime:0.001000s ]
INFO: TokenBuild Behavior ::run [ RunTime:0.001000s ]
INFO: WriteHtmlCache Behavior ::run [ RunTime:0.000000s ]
INFO: ShowRuntime Behavior ::run [ RunTime:0.001000s ]
INFO: [ view_filter ] --END-- [ RunTime:0.006000s ]
INFO: [ view_end ] --START--
INFO: ShowPageTrace Behavior ::run [ RunTime:0.001001s ]
INFO: [ view_end ] --END-- [ RunTime:0.001001s ]

[ 2015-12-29T10:49:20+08:00 ] 127.0.0.1 /Manerger/index.php?m=LoanManage&a=datalist&plan=2
NOTIC: [2] htmlspecialchars() expects parameter 2 to be long, string given D:\wamp\www\ddkd\ThinkPHP\Lib\Core\App.class.php 第 56 行.
NOTIC: [2] htmlspecialchars() expects parameter 2 to be long, string given D:\wamp\www\ddkd\ThinkPHP\Lib\Core\App.class.php 第 56 行.
NOTIC: [2] htmlspecialchars() expects parameter 2 to be long, string given D:\wamp\www\ddkd\ThinkPHP\Lib\Core\App.class.php 第 57 行.
INFO: [ app_begin ] --START--
INFO: ReadHtmlCache Behavior ::run [ RunTime:0.001000s ]
INFO: [ app_begin ] --END-- [ RunTime:0.002001s ]
NOTIC: [8] Undefined index: expire D:\wamp\www\ddkd\ThinkPHP\Common\functions.php 第 549 行.
SQL: SHOW COLUMNS FROM `dd_operate` [ RunTime:0.043003s ]
ERR: 1146:Table 'ddkd.dd_operate' doesn't exist
 [ SQL语句 ] : SHOW COLUMNS FROM `dd_operate`
SQL: SHOW COLUMNS FROM `dd_loan` [ RunTime:0.041002s ]
NOTIC: 建议使用I方法替代_get
SQL: SELECT l.id,l.loan_num,l.uid,l.creatime,u.name,u.card_no,l.loan_money,l.time_limit,l.check_name FROM dd_loan as l LEFT JOIN dd_user as u on l.uid=u.id WHERE ( l.next_plan = '2' ) AND ( u.dark_status = 2 ) ORDER BY l.creatime LIMIT 0,20   [ RunTime:0.034002s ]
SQL: SELECT COUNT(*) AS tp_count FROM dd_loan as l LEFT JOIN dd_user as u on l.uid=u.id WHERE ( l.next_plan = '2' ) AND ( u.dark_status = 2 ) LIMIT 1   [ RunTime:0.035002s ]

[ 2015-12-29T11:40:57+08:00 ] 127.0.0.1 /Manerger/index.php/Loan/index
INFO: [ route_check ] --START--
INFO: CheckRoute Behavior ::run [ RunTime:0.002000s ]
INFO: [ route_check ] --END-- [ RunTime:0.002000s ]
INFO: [ app_begin ] --START--
INFO: ReadHtmlCache Behavior ::run [ RunTime:0.001001s ]
INFO: [ app_begin ] --END-- [ RunTime:0.001001s ]
NOTIC: [8] Undefined index: expire D:\wamp\www\ddkd\ThinkPHP\Common\functions.php 第 549 行.
SQL: SHOW COLUMNS FROM `dd_operate` [ RunTime:0.035002s ]
ERR: 1146:Table 'ddkd.dd_operate' doesn't exist
 [ SQL语句 ] : SHOW COLUMNS FROM `dd_operate`
SQL: SHOW COLUMNS FROM `dd_admin` [ RunTime:0.038002s ]
SQL: SELECT `id`,`rid`,`username` FROM `dd_admin` WHERE ( `id` = 1 ) LIMIT 1   [ RunTime:0.037002s ]
SQL: SHOW COLUMNS FROM `dd_role` [ RunTime:0.036002s ]
SQL: SELECT `powers` FROM `dd_role` WHERE ( id=1 ) LIMIT 1   [ RunTime:0.038002s ]
SQL: SHOW COLUMNS FROM `dd_node` [ RunTime:0.035002s ]
SQL: SELECT `name` FROM `dd_node` WHERE ( pid>0 )  [ RunTime:0.034002s ]
SQL: SHOW COLUMNS FROM `dd_admin` [ RunTime:0.034002s ]
SQL: SELECT `id`,`realname` FROM `dd_admin` WHERE ( rid=14 )  [ RunTime:0.037002s ]
INFO: [ view_parse ] --START--
INFO: ParseTemplate Behavior ::run [ RunTime:0.027002s ]
INFO: [ view_parse ] --END-- [ RunTime:0.028002s ]
INFO: [ view_filter ] --START--
INFO: ContentReplace Behavior ::run [ RunTime:0.002000s ]
INFO: TokenBuild Behavior ::run [ RunTime:0.001000s ]
INFO: WriteHtmlCache Behavior ::run [ RunTime:0.001000s ]
INFO: ShowRuntime Behavior ::run [ RunTime:0.001000s ]
INFO: [ view_filter ] --END-- [ RunTime:0.006000s ]
INFO: [ view_end ] --START--
INFO: ShowPageTrace Behavior ::run [ RunTime:0.001000s ]
INFO: [ view_end ] --END-- [ RunTime:0.001000s ]

[ 2015-12-29T11:40:58+08:00 ] 127.0.0.1 /Manerger/index.php?m=Loan&a=datalist
NOTIC: [2] htmlspecialchars() expects parameter 2 to be long, string given D:\wamp\www\ddkd\ThinkPHP\Lib\Core\App.class.php 第 56 行.
NOTIC: [2] htmlspecialchars() expects parameter 2 to be long, string given D:\wamp\www\ddkd\ThinkPHP\Lib\Core\App.class.php 第 56 行.
INFO: [ app_begin ] --START--
INFO: ReadHtmlCache Behavior ::run [ RunTime:0.002000s ]
INFO: [ app_begin ] --END-- [ RunTime:0.002000s ]
NOTIC: [8] Undefined index: expire D:\wamp\www\ddkd\ThinkPHP\Common\functions.php 第 549 行.
SQL: SHOW COLUMNS FROM `dd_operate` [ RunTime:0.044003s ]
ERR: 1146:Table 'ddkd.dd_operate' doesn't exist
 [ SQL语句 ] : SHOW COLUMNS FROM `dd_operate`
NOTIC: [8] Undefined index: deal_num D:\wamp\www\ddkd\Manage\Lib\Action\LoanAction.class.php 第 10 行.
NOTIC: [8] Undefined index: loan_status D:\wamp\www\ddkd\Manage\Lib\Action\LoanAction.class.php 第 13 行.
NOTIC: [8] Undefined index: name D:\wamp\www\ddkd\Manage\Lib\Action\LoanAction.class.php 第 16 行.
NOTIC: [8] Undefined index: card_no D:\wamp\www\ddkd\Manage\Lib\Action\LoanAction.class.php 第 19 行.
NOTIC: [8] Undefined index: loan_money D:\wamp\www\ddkd\Manage\Lib\Action\LoanAction.class.php 第 22 行.
NOTIC: [8] Undefined index: check_start D:\wamp\www\ddkd\Manage\Lib\Action\LoanAction.class.php 第 25 行.
NOTIC: [8] Undefined index: len_start D:\wamp\www\ddkd\Manage\Lib\Action\LoanAction.class.php 第 28 行.
NOTIC: [8] Undefined index: len_money D:\wamp\www\ddkd\Manage\Lib\Action\LoanAction.class.php 第 31 行.
NOTIC: [8] Undefined index: len_status D:\wamp\www\ddkd\Manage\Lib\Action\LoanAction.class.php 第 34 行.
NOTIC: [8] Undefined index: check_id D:\wamp\www\ddkd\Manage\Lib\Action\LoanAction.class.php 第 37 行.
SQL: SHOW COLUMNS FROM `dd_loan` [ RunTime:0.043002s ]
SQL: SELECT u.name,u.card_no,l.id,l.loan_num,l.uid,l.loan_money,l.len_money,l.check_time,l.loan_status,l.len_time,l.len_status,l.check_name,l.deal_num FROM dd_loan as l LEFT JOIN dd_user as u on l.uid=u.id WHERE ( `next_plan` = 12 ) AND ( `loan_status` = 1 ) ORDER BY l.len_status desc,l.creatime desc LIMIT 0,20   [ RunTime:0.040002s ]
SQL: SELECT COUNT(*) AS tp_count FROM dd_loan as l LEFT JOIN dd_user as u on l.uid=u.id WHERE ( `next_plan` = 12 ) AND ( `loan_status` = 1 ) LIMIT 1   [ RunTime:0.039002s ]
NOTIC: [2] Invalid argument supplied for foreach() D:\wamp\www\ddkd\Manage\Lib\Action\LoanAction.class.php 第 47 行.

