[ 2016-07-12T15:36:45+08:00 ] 0.0.0.0 /Manerger/index.php
INFO: [ app_begin ] --START--
INFO: ReadHtmlCache Behavior ::run [ RunTime:0.002000s ]
INFO: [ app_begin ] --END-- [ RunTime:0.002000s ]
NOTIC: [8] Undefined index: expire E:\wamp\www\ooxx\ThinkPHP\Common\functions.php 第 549 行.
NOTIC: [8] Undefined index: admin E:\wamp\www\ooxx\Manage\Lib\Action\IndexAction.class.php 第 5 行.
INFO: [ view_parse ] --START--
NOTIC: [8] Undefined index: admin E:\wamp\www\ooxx\Manage\Runtime\Cache\6eb21b90e50e413ebd495101e2f3fb87.php 第 27 行.
INFO: ParseTemplate Behavior ::run [ RunTime:0.022001s ]
INFO: [ view_parse ] --END-- [ RunTime:0.023001s ]
INFO: [ view_filter ] --START--
INFO: ContentReplace Behavior ::run [ RunTime:0.001000s ]
INFO: TokenBuild Behavior ::run [ RunTime:0.001000s ]
INFO: WriteHtmlCache Behavior ::run [ RunTime:0.001001s ]
INFO: ShowRuntime Behavior ::run [ RunTime:0.001000s ]
INFO: [ view_filter ] --END-- [ RunTime:0.005001s ]
INFO: [ view_end ] --START--
INFO: ShowPageTrace Behavior ::run [ RunTime:0.001000s ]
INFO: [ view_end ] --END-- [ RunTime:0.001000s ]

[ 2016-07-12T15:36:45+08:00 ] 0.0.0.0 /Manerger/index.php/Public/login.html
INFO: [ route_check ] --START--
INFO: CheckRoute Behavior ::run [ RunTime:0.003000s ]
INFO: [ route_check ] --END-- [ RunTime:0.003000s ]
INFO: [ app_begin ] --START--
INFO: ReadHtmlCache Behavior ::run [ RunTime:0.001000s ]
INFO: [ app_begin ] --END-- [ RunTime:0.001000s ]
NOTIC: [8] Undefined index: expire E:\wamp\www\ooxx\ThinkPHP\Common\functions.php 第 549 行.
INFO: [ view_parse ] --START--
INFO: ParseTemplate Behavior ::run [ RunTime:0.012000s ]
INFO: [ view_parse ] --END-- [ RunTime:0.012000s ]
INFO: [ view_filter ] --START--
INFO: ContentReplace Behavior ::run [ RunTime:0.000000s ]
INFO: TokenBuild Behavior ::run [ RunTime:0.001000s ]
INFO: WriteHtmlCache Behavior ::run [ RunTime:0.001000s ]
INFO: ShowRuntime Behavior ::run [ RunTime:0.001000s ]
INFO: [ view_filter ] --END-- [ RunTime:0.005000s ]
INFO: [ view_end ] --START--
INFO: ShowPageTrace Behavior ::run [ RunTime:0.001001s ]
INFO: [ view_end ] --END-- [ RunTime:0.001001s ]

[ 2016-07-12T15:36:56+08:00 ] 0.0.0.0 /Manerger/index.php/Public/checklogin
INFO: [ route_check ] --START--
INFO: CheckRoute Behavior ::run [ RunTime:0.007000s ]
INFO: [ route_check ] --END-- [ RunTime:0.007000s ]
INFO: [ app_begin ] --START--
INFO: ReadHtmlCache Behavior ::run [ RunTime:0.002000s ]
INFO: [ app_begin ] --END-- [ RunTime:0.002000s ]
NOTIC: [8] Undefined index: expire E:\wamp\www\ooxx\ThinkPHP\Common\functions.php 第 549 行.
SQL: SHOW COLUMNS FROM `oo_admin` [ RunTime:0.006000s ]
NOTIC: 建议使用I方法替代_post
NOTIC: 建议使用I方法替代_post
SQL: SELECT `id`,`rid`,`username` FROM `oo_admin` WHERE ( `username` = 'admin' ) AND ( `password` = '8b88e6b7e854b04cb74e' ) LIMIT 1   [ RunTime:0.000000s ]
SQL: SHOW COLUMNS FROM `oo_role` [ RunTime:0.006001s ]
SQL: SELECT `powers` FROM `oo_role` WHERE ( id=1 ) LIMIT 1   [ RunTime:0.001000s ]
SQL: SHOW COLUMNS FROM `oo_node` [ RunTime:0.006000s ]
SQL: SELECT `name` FROM `oo_node` WHERE ( pid>0 )  [ RunTime:0.001000s ]
SQL: UPDATE `oo_admin` SET `last_time`=1468309016,`last_ip`=0 WHERE ( id=1 ) [ RunTime:0.001001s ]
NOTIC: [8] Undefined variable: var E:\wamp\www\ooxx\ThinkPHP\Common\functions.php 第 247 行.
NOTIC: [2] array_reverse() expects parameter 1 to be array, null given E:\wamp\www\ooxx\ThinkPHP\Common\functions.php 第 247 行.
NOTIC: [2] http_build_query(): Parameter 1 expected to be Array or Object.  Incorrect value given E:\wamp\www\ooxx\ThinkPHP\Common\functions.php 第 247 行.

[ 2016-07-12T15:36:56+08:00 ] 0.0.0.0 /Manerger/index.php?
INFO: [ app_begin ] --START--
INFO: ReadHtmlCache Behavior ::run [ RunTime:0.001000s ]
INFO: [ app_begin ] --END-- [ RunTime:0.001000s ]
NOTIC: [8] Undefined index: expire E:\wamp\www\ooxx\ThinkPHP\Common\functions.php 第 549 行.
INFO: [ view_parse ] --START--
INFO: ParseTemplate Behavior ::run [ RunTime:0.019001s ]
INFO: [ view_parse ] --END-- [ RunTime:0.019001s ]
INFO: [ view_filter ] --START--
INFO: ContentReplace Behavior ::run [ RunTime:0.001000s ]
INFO: TokenBuild Behavior ::run [ RunTime:0.002000s ]
INFO: WriteHtmlCache Behavior ::run [ RunTime:0.001000s ]
INFO: ShowRuntime Behavior ::run [ RunTime:0.001001s ]
INFO: [ view_filter ] --END-- [ RunTime:0.005001s ]
INFO: [ view_end ] --START--
INFO: ShowPageTrace Behavior ::run [ RunTime:0.001000s ]
INFO: [ view_end ] --END-- [ RunTime:0.002000s ]

[ 2016-07-12T15:37:03+08:00 ] 0.0.0.0 /Manerger/index.php/Role/index
INFO: [ route_check ] --START--
INFO: CheckRoute Behavior ::run [ RunTime:0.002000s ]
INFO: [ route_check ] --END-- [ RunTime:0.002000s ]
INFO: [ app_begin ] --START--
INFO: ReadHtmlCache Behavior ::run [ RunTime:0.001000s ]
INFO: [ app_begin ] --END-- [ RunTime:0.001000s ]
NOTIC: [8] Undefined index: expire E:\wamp\www\ooxx\ThinkPHP\Common\functions.php 第 549 行.
NOTIC: [8] Constant THEME_NAME already defined E:\wamp\www\ooxx\ThinkPHP\Lib\Core\View.class.php 第 223 行.
NOTIC: [8] Constant THEME_PATH already defined E:\wamp\www\ooxx\ThinkPHP\Lib\Core\View.class.php 第 174 行.
NOTIC: [8] Constant APP_TMPL_PATH already defined E:\wamp\www\ooxx\ThinkPHP\Lib\Core\View.class.php 第 175 行.
INFO: [ view_parse ] --START--
INFO: ParseTemplate Behavior ::run [ RunTime:0.021001s ]
INFO: [ view_parse ] --END-- [ RunTime:0.022001s ]
INFO: [ view_filter ] --START--
INFO: ContentReplace Behavior ::run [ RunTime:0.001000s ]
INFO: TokenBuild Behavior ::run [ RunTime:0.000000s ]
INFO: WriteHtmlCache Behavior ::run [ RunTime:0.000000s ]
INFO: ShowRuntime Behavior ::run [ RunTime:0.001000s ]
INFO: [ view_filter ] --END-- [ RunTime:0.003000s ]
INFO: [ view_end ] --START--
INFO: ShowPageTrace Behavior ::run [ RunTime:0.001000s ]
INFO: [ view_end ] --END-- [ RunTime:0.002000s ]

[ 2016-07-12T15:37:03+08:00 ] 0.0.0.0 /Manerger/index.php?m=Power&a=powertree
INFO: [ app_begin ] --START--
INFO: ReadHtmlCache Behavior ::run [ RunTime:0.001000s ]
INFO: [ app_begin ] --END-- [ RunTime:0.003000s ]
NOTIC: [8] Undefined index: expire E:\wamp\www\ooxx\ThinkPHP\Common\functions.php 第 549 行.
SQL: SHOW COLUMNS FROM `oo_node` [ RunTime:0.004000s ]
SQL: SELECT `id`,title as text,`pid` FROM `oo_node` WHERE ( pid=0 )  [ RunTime:0.001000s ]
SQL: SELECT `id`,title as text,`pid` FROM `oo_node` WHERE ( pid=10109 )  [ RunTime:0.000000s ]
SQL: SELECT `id`,title as text,`pid` FROM `oo_node` WHERE ( pid=10110 )  [ RunTime:0.001000s ]
SQL: SELECT `id`,title as text,`pid` FROM `oo_node` WHERE ( pid=10111 )  [ RunTime:0.000000s ]
SQL: SELECT `id`,title as text,`pid` FROM `oo_node` WHERE ( pid=10112 )  [ RunTime:0.000000s ]
SQL: SELECT `id`,title as text,`pid` FROM `oo_node` WHERE ( pid=10113 )  [ RunTime:0.000000s ]
SQL: SELECT `id`,title as text,`pid` FROM `oo_node` WHERE ( pid=10209 )  [ RunTime:0.001000s ]
SQL: SELECT `id`,title as text,`pid` FROM `oo_node` WHERE ( pid=10210 )  [ RunTime:0.001000s ]
SQL: SELECT `id`,title as text,`pid` FROM `oo_node` WHERE ( pid=10215 )  [ RunTime:0.001000s ]
SQL: SELECT `id`,title as text,`pid` FROM `oo_node` WHERE ( pid=10227 )  [ RunTime:0.000000s ]
SQL: SELECT `id`,title as text,`pid` FROM `oo_node` WHERE ( pid=10213 )  [ RunTime:0.001000s ]
SQL: SELECT `id`,title as text,`pid` FROM `oo_node` WHERE ( pid=10214 )  [ RunTime:0.000000s ]
SQL: SELECT `id`,title as text,`pid` FROM `oo_node` WHERE ( pid=10221 )  [ RunTime:0.000000s ]
SQL: SELECT `id`,title as text,`pid` FROM `oo_node` WHERE ( pid=10216 )  [ RunTime:0.001000s ]
SQL: SELECT `id`,title as text,`pid` FROM `oo_node` WHERE ( pid=10217 )  [ RunTime:0.001000s ]
SQL: SELECT `id`,title as text,`pid` FROM `oo_node` WHERE ( pid=10218 )  [ RunTime:0.001000s ]
SQL: SELECT `id`,title as text,`pid` FROM `oo_node` WHERE ( pid=10219 )  [ RunTime:0.000000s ]
SQL: SELECT `id`,title as text,`pid` FROM `oo_node` WHERE ( pid=10220 )  [ RunTime:0.001000s ]
SQL: SELECT `id`,title as text,`pid` FROM `oo_node` WHERE ( pid=10222 )  [ RunTime:0.001000s ]
SQL: SELECT `id`,title as text,`pid` FROM `oo_node` WHERE ( pid=10223 )  [ RunTime:0.000000s ]
SQL: SELECT `id`,title as text,`pid` FROM `oo_node` WHERE ( pid=10225 )  [ RunTime:0.000000s ]
SQL: SELECT `id`,title as text,`pid` FROM `oo_node` WHERE ( pid=10228 )  [ RunTime:0.001000s ]
SQL: SELECT `id`,title as text,`pid` FROM `oo_node` WHERE ( pid=10229 )  [ RunTime:0.000000s ]

[ 2016-07-12T15:37:03+08:00 ] 0.0.0.0 /Manerger/index.php?m=Role&a=rolelist
INFO: [ app_begin ] --START--
INFO: ReadHtmlCache Behavior ::run [ RunTime:0.002000s ]
INFO: [ app_begin ] --END-- [ RunTime:0.002000s ]
NOTIC: [8] Undefined index: expire E:\wamp\www\ooxx\ThinkPHP\Common\functions.php 第 549 行.
SQL: SHOW COLUMNS FROM `oo_role` [ RunTime:0.005000s ]
NOTIC: [8] Undefined variable: map E:\wamp\www\ooxx\Manage\Lib\Action\RoleAction.class.php 第 20 行.
SQL: SELECT `id`,`name`,`powername`,`power`,`description`,`ctime` FROM `oo_role` LIMIT 0,20   [ RunTime:0.001000s ]
NOTIC: [8] Undefined variable: map E:\wamp\www\ooxx\Manage\Lib\Action\RoleAction.class.php 第 22 行.
SQL: SELECT COUNT(*) AS tp_count FROM `oo_role` LIMIT 1   [ RunTime:0.000000s ]

[ 2016-07-12T15:37:08+08:00 ] 0.0.0.0 /Manerger/index.php/Admin/index
INFO: [ route_check ] --START--
INFO: CheckRoute Behavior ::run [ RunTime:0.002000s ]
INFO: [ route_check ] --END-- [ RunTime:0.002000s ]
INFO: [ app_begin ] --START--
INFO: ReadHtmlCache Behavior ::run [ RunTime:0.002000s ]
INFO: [ app_begin ] --END-- [ RunTime:0.002000s ]
NOTIC: [8] Undefined index: expire E:\wamp\www\ooxx\ThinkPHP\Common\functions.php 第 549 行.
SQL: SHOW COLUMNS FROM `oo_role` [ RunTime:0.004001s ]
SQL: SELECT * FROM `oo_role`  [ RunTime:0.001000s ]
INFO: [ view_parse ] --START--
INFO: ParseTemplate Behavior ::run [ RunTime:0.021001s ]
INFO: [ view_parse ] --END-- [ RunTime:0.021001s ]
INFO: [ view_filter ] --START--
INFO: ContentReplace Behavior ::run [ RunTime:0.002000s ]
INFO: TokenBuild Behavior ::run [ RunTime:0.002000s ]
INFO: WriteHtmlCache Behavior ::run [ RunTime:0.001000s ]
INFO: ShowRuntime Behavior ::run [ RunTime:0.001000s ]
INFO: [ view_filter ] --END-- [ RunTime:0.006000s ]
INFO: [ view_end ] --START--
INFO: ShowPageTrace Behavior ::run [ RunTime:0.001001s ]
INFO: [ view_end ] --END-- [ RunTime:0.001001s ]

[ 2016-07-12T15:37:09+08:00 ] 0.0.0.0 /Manerger/index.php?m=Admin&a=adminlist
INFO: [ app_begin ] --START--
INFO: ReadHtmlCache Behavior ::run [ RunTime:0.002000s ]
INFO: [ app_begin ] --END-- [ RunTime:0.003000s ]
NOTIC: [8] Undefined index: expire E:\wamp\www\ooxx\ThinkPHP\Common\functions.php 第 549 行.
SQL: SHOW COLUMNS FROM `oo_admin` [ RunTime:0.005001s ]
SQL: SELECT * FROM `oo_admin` LIMIT 0,20   [ RunTime:0.001000s ]
SQL: SELECT COUNT(*) AS tp_count FROM `oo_admin` LIMIT 1   [ RunTime:0.000000s ]
SQL: SHOW COLUMNS FROM `oo_role` [ RunTime:0.003000s ]
SQL: SELECT `id`,`name` FROM `oo_role`  [ RunTime:0.001000s ]
NOTIC: [8] Undefined variable: pid E:\wamp\www\ooxx\Manage\Lib\Action\AdminAction.class.php 第 36 行.

[ 2016-07-12T15:37:10+08:00 ] 0.0.0.0 /Manerger/index.php/User/women
INFO: [ route_check ] --START--
INFO: CheckRoute Behavior ::run [ RunTime:0.001000s ]
INFO: [ route_check ] --END-- [ RunTime:0.001000s ]
INFO: [ app_begin ] --START--
INFO: ReadHtmlCache Behavior ::run [ RunTime:0.002000s ]
INFO: [ app_begin ] --END-- [ RunTime:0.002000s ]
NOTIC: [8] Undefined index: expire E:\wamp\www\ooxx\ThinkPHP\Common\functions.php 第 549 行.
INFO: [ view_parse ] --START--
INFO: ParseTemplate Behavior ::run [ RunTime:0.017001s ]
INFO: [ view_parse ] --END-- [ RunTime:0.019001s ]
INFO: [ view_filter ] --START--
INFO: ContentReplace Behavior ::run [ RunTime:0.001000s ]
INFO: TokenBuild Behavior ::run [ RunTime:0.001000s ]
INFO: WriteHtmlCache Behavior ::run [ RunTime:0.000000s ]
INFO: ShowRuntime Behavior ::run [ RunTime:0.000000s ]
INFO: [ view_filter ] --END-- [ RunTime:0.004000s ]
INFO: [ view_end ] --START--
INFO: ShowPageTrace Behavior ::run [ RunTime:0.001000s ]
INFO: [ view_end ] --END-- [ RunTime:0.001000s ]

[ 2016-07-12T15:37:11+08:00 ] 0.0.0.0 /Manerger/index.php?m=User&a=datalist&sex=2
INFO: [ app_begin ] --START--
INFO: ReadHtmlCache Behavior ::run [ RunTime:0.002000s ]
INFO: [ app_begin ] --END-- [ RunTime:0.002000s ]
NOTIC: [8] Undefined index: expire E:\wamp\www\ooxx\ThinkPHP\Common\functions.php 第 549 行.
NOTIC: 建议使用I方法替代_get
NOTIC: [8] Undefined index: userid E:\wamp\www\ooxx\Manage\Lib\Action\UserAction.class.php 第 16 行.
NOTIC: [8] Undefined index: nickname E:\wamp\www\ooxx\Manage\Lib\Action\UserAction.class.php 第 17 行.
NOTIC: [8] Undefined index: status E:\wamp\www\ooxx\Manage\Lib\Action\UserAction.class.php 第 18 行.
SQL: SHOW COLUMNS FROM `oo_user` [ RunTime:0.009001s ]
SQL: SELECT u.id,u.userid,u.nickname,u.status,u.ctime,u.ltime,c.balance,c.extract,c.receiving,c.send FROM oo_user as u LEFT JOIN oo_accout as c on u.id=c.uid WHERE ( u.sex = '2' ) LIMIT 0,20   [ RunTime:0.102006s ]
ERR: 1054:Unknown column 'u.userid' in 'field list'
 [ SQL语句 ] : SELECT u.id,u.userid,u.nickname,u.status,u.ctime,u.ltime,c.balance,c.extract,c.receiving,c.send FROM oo_user as u LEFT JOIN oo_accout as c on u.id=c.uid WHERE ( u.sex = '2' ) LIMIT 0,20  
SQL: SELECT COUNT(*) AS tp_count FROM oo_user as u LEFT JOIN oo_accout as c on u.id=c.uid WHERE ( u.sex = '2' ) LIMIT 1   [ RunTime:0.004001s ]
NOTIC: [2] Invalid argument supplied for foreach() E:\wamp\www\ooxx\Manage\Lib\Action\UserAction.class.php 第 32 行.

[ 2016-07-12T15:37:12+08:00 ] 0.0.0.0 /Manerger/index.php/User/man
INFO: [ route_check ] --START--
INFO: CheckRoute Behavior ::run [ RunTime:0.002000s ]
INFO: [ route_check ] --END-- [ RunTime:0.003000s ]
INFO: [ app_begin ] --START--
INFO: ReadHtmlCache Behavior ::run [ RunTime:0.002000s ]
INFO: [ app_begin ] --END-- [ RunTime:0.002000s ]
NOTIC: [8] Undefined index: expire E:\wamp\www\ooxx\ThinkPHP\Common\functions.php 第 549 行.
INFO: [ view_parse ] --START--
INFO: ParseTemplate Behavior ::run [ RunTime:0.024002s ]
INFO: [ view_parse ] --END-- [ RunTime:0.024002s ]
INFO: [ view_filter ] --START--
INFO: ContentReplace Behavior ::run [ RunTime:0.002000s ]
INFO: TokenBuild Behavior ::run [ RunTime:0.001000s ]
INFO: WriteHtmlCache Behavior ::run [ RunTime:0.000000s ]
INFO: ShowRuntime Behavior ::run [ RunTime:0.001000s ]
INFO: [ view_filter ] --END-- [ RunTime:0.006000s ]
INFO: [ view_end ] --START--
INFO: ShowPageTrace Behavior ::run [ RunTime:0.002000s ]
INFO: [ view_end ] --END-- [ RunTime:0.002000s ]

[ 2016-07-12T15:37:13+08:00 ] 0.0.0.0 /Manerger/index.php?m=User&a=datalist&sex=1
INFO: [ app_begin ] --START--
INFO: ReadHtmlCache Behavior ::run [ RunTime:0.002000s ]
INFO: [ app_begin ] --END-- [ RunTime:0.002000s ]
NOTIC: [8] Undefined index: expire E:\wamp\www\ooxx\ThinkPHP\Common\functions.php 第 549 行.
NOTIC: 建议使用I方法替代_get
NOTIC: [8] Undefined index: userid E:\wamp\www\ooxx\Manage\Lib\Action\UserAction.class.php 第 16 行.
NOTIC: [8] Undefined index: nickname E:\wamp\www\ooxx\Manage\Lib\Action\UserAction.class.php 第 17 行.
NOTIC: [8] Undefined index: status E:\wamp\www\ooxx\Manage\Lib\Action\UserAction.class.php 第 18 行.
SQL: SHOW COLUMNS FROM `oo_user` [ RunTime:0.003000s ]
SQL: SELECT u.id,u.userid,u.nickname,u.status,u.ctime,u.ltime,c.balance,c.extract,c.receiving,c.send FROM oo_user as u LEFT JOIN oo_accout as c on u.id=c.uid WHERE ( u.sex = '1' ) LIMIT 0,20   [ RunTime:0.001000s ]
ERR: 1054:Unknown column 'u.userid' in 'field list'
 [ SQL语句 ] : SELECT u.id,u.userid,u.nickname,u.status,u.ctime,u.ltime,c.balance,c.extract,c.receiving,c.send FROM oo_user as u LEFT JOIN oo_accout as c on u.id=c.uid WHERE ( u.sex = '1' ) LIMIT 0,20  
SQL: SELECT COUNT(*) AS tp_count FROM oo_user as u LEFT JOIN oo_accout as c on u.id=c.uid WHERE ( u.sex = '1' ) LIMIT 1   [ RunTime:0.001001s ]
NOTIC: [2] Invalid argument supplied for foreach() E:\wamp\www\ooxx\Manage\Lib\Action\UserAction.class.php 第 32 行.

[ 2016-07-12T15:37:14+08:00 ] 0.0.0.0 /Manerger/index.php/User/mesage
INFO: [ route_check ] --START--
INFO: CheckRoute Behavior ::run [ RunTime:0.001000s ]
INFO: [ route_check ] --END-- [ RunTime:0.001000s ]
INFO: [ app_begin ] --START--
INFO: ReadHtmlCache Behavior ::run [ RunTime:0.001000s ]
INFO: [ app_begin ] --END-- [ RunTime:0.001000s ]
NOTIC: [8] Undefined index: expire E:\wamp\www\ooxx\ThinkPHP\Common\functions.php 第 549 行.
INFO: [ view_parse ] --START--
INFO: ParseTemplate Behavior ::run [ RunTime:0.017001s ]
INFO: [ view_parse ] --END-- [ RunTime:0.018001s ]
INFO: [ view_filter ] --START--
INFO: ContentReplace Behavior ::run [ RunTime:0.002000s ]
INFO: TokenBuild Behavior ::run [ RunTime:0.001000s ]
INFO: WriteHtmlCache Behavior ::run [ RunTime:0.000000s ]
INFO: ShowRuntime Behavior ::run [ RunTime:0.001000s ]
INFO: [ view_filter ] --END-- [ RunTime:0.005000s ]
INFO: [ view_end ] --START--
INFO: ShowPageTrace Behavior ::run [ RunTime:0.001000s ]
INFO: [ view_end ] --END-- [ RunTime:0.001000s ]

[ 2016-07-12T15:37:14+08:00 ] 0.0.0.0 /Manerger/index.php?m=User&a=messlist&is_admin=2
INFO: [ app_begin ] --START--
INFO: ReadHtmlCache Behavior ::run [ RunTime:0.002000s ]
INFO: [ app_begin ] --END-- [ RunTime:0.002000s ]
NOTIC: [8] Undefined index: expire E:\wamp\www\ooxx\ThinkPHP\Common\functions.php 第 549 行.
NOTIC: 建议使用I方法替代_get
NOTIC: [8] Undefined index: accept_id E:\wamp\www\ooxx\Manage\Lib\Action\UserAction.class.php 第 208 行.
NOTIC: [8] Undefined index: content E:\wamp\www\ooxx\Manage\Lib\Action\UserAction.class.php 第 209 行.
NOTIC: [8] Undefined index: send_id E:\wamp\www\ooxx\Manage\Lib\Action\UserAction.class.php 第 210 行.
SQL: SHOW COLUMNS FROM `oo_message` [ RunTime:0.009001s ]
SQL: SELECT `id`,`send_id`,`accept_id`,`send_time`,`content` FROM `oo_message` LIMIT 0,20   [ RunTime:0.001000s ]
SQL: SELECT COUNT(*) AS tp_count FROM `oo_message` LIMIT 1   [ RunTime:0.000000s ]

[ 2016-07-12T15:37:16+08:00 ] 0.0.0.0 /Manerger/index.php/User/image
INFO: [ route_check ] --START--
INFO: CheckRoute Behavior ::run [ RunTime:0.001000s ]
INFO: [ route_check ] --END-- [ RunTime:0.001000s ]
INFO: [ app_begin ] --START--
INFO: ReadHtmlCache Behavior ::run [ RunTime:0.001000s ]
INFO: [ app_begin ] --END-- [ RunTime:0.002000s ]
NOTIC: [8] Undefined index: expire E:\wamp\www\ooxx\ThinkPHP\Common\functions.php 第 549 行.
NOTIC: [8] Undefined index: uid E:\wamp\www\ooxx\Manage\Lib\Action\UserAction.class.php 第 260 行.
NOTIC: [8] Undefined index: nickname E:\wamp\www\ooxx\Manage\Lib\Action\UserAction.class.php 第 261 行.
NOTIC: [8] Undefined index: status E:\wamp\www\ooxx\Manage\Lib\Action\UserAction.class.php 第 262 行.
NOTIC: [8] Undefined index: img_status E:\wamp\www\ooxx\Manage\Lib\Action\UserAction.class.php 第 263 行.
SQL: SHOW COLUMNS FROM `oo_user` [ RunTime:0.007000s ]
NOTIC: [8] Undefined variable: map E:\wamp\www\ooxx\Manage\Lib\Action\UserAction.class.php 第 270 行.
SQL: SELECT COUNT(*) AS tp_count FROM `oo_user` LIMIT 1   [ RunTime:0.001000s ]
NOTIC: [8] Undefined variable: map E:\wamp\www\ooxx\Manage\Lib\Action\UserAction.class.php 第 276 行.
SQL: SELECT `id`,`nickname`,`img_url`,`img_time`,`img_status`,`status` FROM `oo_user` ORDER BY img_status DESC,img_time DESC LIMIT 0,36   [ RunTime:0.001000s ]
INFO: [ view_parse ] --START--
INFO: ParseTemplate Behavior ::run [ RunTime:0.025001s ]
INFO: [ view_parse ] --END-- [ RunTime:0.026001s ]
INFO: [ view_filter ] --START--
INFO: ContentReplace Behavior ::run [ RunTime:0.001000s ]
INFO: TokenBuild Behavior ::run [ RunTime:0.001000s ]
INFO: WriteHtmlCache Behavior ::run [ RunTime:0.000000s ]
INFO: ShowRuntime Behavior ::run [ RunTime:0.001000s ]
INFO: [ view_filter ] --END-- [ RunTime:0.006000s ]
INFO: [ view_end ] --START--
INFO: ShowPageTrace Behavior ::run [ RunTime:0.001000s ]
INFO: [ view_end ] --END-- [ RunTime:0.002000s ]

[ 2016-07-12T15:37:33+08:00 ] 0.0.0.0 /Manerger/index.php/User/image
INFO: [ route_check ] --START--
INFO: CheckRoute Behavior ::run [ RunTime:0.001000s ]
INFO: [ route_check ] --END-- [ RunTime:0.001000s ]
INFO: [ app_begin ] --START--
INFO: ReadHtmlCache Behavior ::run [ RunTime:0.000000s ]
INFO: [ app_begin ] --END-- [ RunTime:0.002000s ]
NOTIC: [8] Undefined index: expire E:\wamp\www\ooxx\ThinkPHP\Common\functions.php 第 549 行.
NOTIC: [8] Undefined index: uid E:\wamp\www\ooxx\Manage\Lib\Action\UserAction.class.php 第 260 行.
NOTIC: [8] Undefined index: nickname E:\wamp\www\ooxx\Manage\Lib\Action\UserAction.class.php 第 261 行.
NOTIC: [8] Undefined index: status E:\wamp\www\ooxx\Manage\Lib\Action\UserAction.class.php 第 262 行.
NOTIC: [8] Undefined index: img_status E:\wamp\www\ooxx\Manage\Lib\Action\UserAction.class.php 第 263 行.
SQL: SHOW COLUMNS FROM `oo_user` [ RunTime:0.005000s ]
NOTIC: [8] Undefined variable: map E:\wamp\www\ooxx\Manage\Lib\Action\UserAction.class.php 第 270 行.
SQL: SELECT COUNT(*) AS tp_count FROM `oo_user` LIMIT 1   [ RunTime:0.001000s ]
NOTIC: [8] Undefined variable: map E:\wamp\www\ooxx\Manage\Lib\Action\UserAction.class.php 第 276 行.
SQL: SELECT `id`,`nickname`,`img_url`,`img_time`,`img_status`,`status` FROM `oo_user` ORDER BY img_status DESC,img_time DESC LIMIT 0,36   [ RunTime:0.002000s ]
INFO: [ view_parse ] --START--
INFO: ParseTemplate Behavior ::run [ RunTime:0.026001s ]
INFO: [ view_parse ] --END-- [ RunTime:0.026001s ]
INFO: [ view_filter ] --START--
INFO: ContentReplace Behavior ::run [ RunTime:0.001000s ]
INFO: TokenBuild Behavior ::run [ RunTime:0.001000s ]
INFO: WriteHtmlCache Behavior ::run [ RunTime:0.000000s ]
INFO: ShowRuntime Behavior ::run [ RunTime:0.000000s ]
INFO: [ view_filter ] --END-- [ RunTime:0.004000s ]
INFO: [ view_end ] --START--
INFO: ShowPageTrace Behavior ::run [ RunTime:0.001000s ]
INFO: [ view_end ] --END-- [ RunTime:0.001000s ]

[ 2016-07-12T15:37:48+08:00 ] 0.0.0.0 /Manerger/index.php?m=User&a=head_check
INFO: [ app_begin ] --START--
INFO: ReadHtmlCache Behavior ::run [ RunTime:0.001000s ]
INFO: [ app_begin ] --END-- [ RunTime:0.002000s ]
NOTIC: [8] Undefined index: expire E:\wamp\www\ooxx\ThinkPHP\Common\functions.php 第 549 行.
SQL: SHOW COLUMNS FROM `oo_user` [ RunTime:0.004000s ]
SQL: UPDATE `oo_user` SET `img_status`=1,`img_time`=1468309068 WHERE ( `id` IN ('293','294','292','290','289','288','285','284','283','282','281','280','279','278','277','276','275','274','273','272','271','270','269','268','267','266','265','264','263','262','261','259','258','257','256','255') ) [ RunTime:0.005001s ]

[ 2016-07-12T15:37:48+08:00 ] 0.0.0.0 /Manerger/index.php/User/image
INFO: [ route_check ] --START--
INFO: CheckRoute Behavior ::run [ RunTime:0.002000s ]
INFO: [ route_check ] --END-- [ RunTime:0.002000s ]
INFO: [ app_begin ] --START--
INFO: ReadHtmlCache Behavior ::run [ RunTime:0.002000s ]
INFO: [ app_begin ] --END-- [ RunTime:0.002000s ]
NOTIC: [8] Undefined index: expire E:\wamp\www\ooxx\ThinkPHP\Common\functions.php 第 549 行.
NOTIC: [8] Undefined index: uid E:\wamp\www\ooxx\Manage\Lib\Action\UserAction.class.php 第 260 行.
NOTIC: [8] Undefined index: nickname E:\wamp\www\ooxx\Manage\Lib\Action\UserAction.class.php 第 261 行.
NOTIC: [8] Undefined index: status E:\wamp\www\ooxx\Manage\Lib\Action\UserAction.class.php 第 262 行.
NOTIC: [8] Undefined index: img_status E:\wamp\www\ooxx\Manage\Lib\Action\UserAction.class.php 第 263 行.
SQL: SHOW COLUMNS FROM `oo_user` [ RunTime:0.005001s ]
NOTIC: [8] Undefined variable: map E:\wamp\www\ooxx\Manage\Lib\Action\UserAction.class.php 第 270 行.
SQL: SELECT COUNT(*) AS tp_count FROM `oo_user` LIMIT 1   [ RunTime:0.001000s ]
NOTIC: [8] Undefined variable: map E:\wamp\www\ooxx\Manage\Lib\Action\UserAction.class.php 第 276 行.
SQL: SELECT `id`,`nickname`,`img_url`,`img_time`,`img_status`,`status` FROM `oo_user` ORDER BY img_status DESC,img_time DESC LIMIT 0,36   [ RunTime:0.001000s ]
INFO: [ view_parse ] --START--
INFO: ParseTemplate Behavior ::run [ RunTime:0.024001s ]
INFO: [ view_parse ] --END-- [ RunTime:0.024001s ]
INFO: [ view_filter ] --START--
INFO: ContentReplace Behavior ::run [ RunTime:0.002000s ]
INFO: TokenBuild Behavior ::run [ RunTime:0.001001s ]
INFO: WriteHtmlCache Behavior ::run [ RunTime:0.001000s ]
INFO: ShowRuntime Behavior ::run [ RunTime:0.001000s ]
INFO: [ view_filter ] --END-- [ RunTime:0.006001s ]
INFO: [ view_end ] --START--
INFO: ShowPageTrace Behavior ::run [ RunTime:0.002000s ]
INFO: [ view_end ] --END-- [ RunTime:0.003000s ]

[ 2016-07-12T15:37:51+08:00 ] 0.0.0.0 /Manerger/index.php?m=User&a=head_cancle
INFO: [ app_begin ] --START--
INFO: ReadHtmlCache Behavior ::run [ RunTime:0.001000s ]
INFO: [ app_begin ] --END-- [ RunTime:0.001000s ]
NOTIC: [8] Undefined index: expire E:\wamp\www\ooxx\ThinkPHP\Common\functions.php 第 549 行.
SQL: SHOW COLUMNS FROM `oo_user` [ RunTime:0.003000s ]
SQL: UPDATE `oo_user` SET `img_status`=2,`img_time`=1468309071 WHERE ( `id` IN ('') ) [ RunTime:0.000000s ]

[ 2016-07-12T15:37:51+08:00 ] 0.0.0.0 /Manerger/index.php/User/image
INFO: [ route_check ] --START--
INFO: CheckRoute Behavior ::run [ RunTime:0.002000s ]
INFO: [ route_check ] --END-- [ RunTime:0.002000s ]
INFO: [ app_begin ] --START--
INFO: ReadHtmlCache Behavior ::run [ RunTime:0.002000s ]
INFO: [ app_begin ] --END-- [ RunTime:0.002000s ]
NOTIC: [8] Undefined index: expire E:\wamp\www\ooxx\ThinkPHP\Common\functions.php 第 549 行.
NOTIC: [8] Undefined index: uid E:\wamp\www\ooxx\Manage\Lib\Action\UserAction.class.php 第 260 行.
NOTIC: [8] Undefined index: nickname E:\wamp\www\ooxx\Manage\Lib\Action\UserAction.class.php 第 261 行.
NOTIC: [8] Undefined index: status E:\wamp\www\ooxx\Manage\Lib\Action\UserAction.class.php 第 262 行.
NOTIC: [8] Undefined index: img_status E:\wamp\www\ooxx\Manage\Lib\Action\UserAction.class.php 第 263 行.
SQL: SHOW COLUMNS FROM `oo_user` [ RunTime:0.005000s ]
NOTIC: [8] Undefined variable: map E:\wamp\www\ooxx\Manage\Lib\Action\UserAction.class.php 第 270 行.
SQL: SELECT COUNT(*) AS tp_count FROM `oo_user` LIMIT 1   [ RunTime:0.000000s ]
NOTIC: [8] Undefined variable: map E:\wamp\www\ooxx\Manage\Lib\Action\UserAction.class.php 第 276 行.
SQL: SELECT `id`,`nickname`,`img_url`,`img_time`,`img_status`,`status` FROM `oo_user` ORDER BY img_status DESC,img_time DESC LIMIT 0,36   [ RunTime:0.001000s ]
INFO: [ view_parse ] --START--
INFO: ParseTemplate Behavior ::run [ RunTime:0.027001s ]
INFO: [ view_parse ] --END-- [ RunTime:0.027001s ]
INFO: [ view_filter ] --START--
INFO: ContentReplace Behavior ::run [ RunTime:0.002001s ]
INFO: TokenBuild Behavior ::run [ RunTime:0.001000s ]
INFO: WriteHtmlCache Behavior ::run [ RunTime:0.001000s ]
INFO: ShowRuntime Behavior ::run [ RunTime:0.001000s ]
INFO: [ view_filter ] --END-- [ RunTime:0.006001s ]
INFO: [ view_end ] --START--
INFO: ShowPageTrace Behavior ::run [ RunTime:0.001000s ]
INFO: [ view_end ] --END-- [ RunTime:0.002000s ]

[ 2016-07-12T15:38:26+08:00 ] 0.0.0.0 /Manerger/index.php/Gift/kmanage
INFO: [ route_check ] --START--
INFO: CheckRoute Behavior ::run [ RunTime:0.001000s ]
INFO: [ route_check ] --END-- [ RunTime:0.002000s ]
INFO: [ app_begin ] --START--
INFO: ReadHtmlCache Behavior ::run [ RunTime:0.002000s ]
INFO: [ app_begin ] --END-- [ RunTime:0.002000s ]
NOTIC: [8] Undefined index: expire E:\wamp\www\ooxx\ThinkPHP\Common\functions.php 第 549 行.
ERR: 非法操作:kmanage

[ 2016-07-12T15:38:28+08:00 ] 0.0.0.0 /Manerger/index.php/Gift/gmanage
INFO: [ route_check ] --START--
INFO: CheckRoute Behavior ::run [ RunTime:0.001000s ]
INFO: [ route_check ] --END-- [ RunTime:0.001000s ]
INFO: [ app_begin ] --START--
INFO: ReadHtmlCache Behavior ::run [ RunTime:0.001000s ]
INFO: [ app_begin ] --END-- [ RunTime:0.002000s ]
NOTIC: [8] Undefined index: expire E:\wamp\www\ooxx\ThinkPHP\Common\functions.php 第 549 行.
NOTIC: [8] Constant THEME_NAME already defined E:\wamp\www\ooxx\ThinkPHP\Lib\Core\View.class.php 第 223 行.
NOTIC: [8] Constant THEME_PATH already defined E:\wamp\www\ooxx\ThinkPHP\Lib\Core\View.class.php 第 174 行.
NOTIC: [8] Constant APP_TMPL_PATH already defined E:\wamp\www\ooxx\ThinkPHP\Lib\Core\View.class.php 第 175 行.
INFO: [ view_parse ] --START--
INFO: ParseTemplate Behavior ::run [ RunTime:0.016001s ]
INFO: [ view_parse ] --END-- [ RunTime:0.016001s ]
INFO: [ view_filter ] --START--
INFO: ContentReplace Behavior ::run [ RunTime:0.000000s ]
INFO: TokenBuild Behavior ::run [ RunTime:0.001000s ]
INFO: WriteHtmlCache Behavior ::run [ RunTime:0.001000s ]
INFO: ShowRuntime Behavior ::run [ RunTime:0.002001s ]
INFO: [ view_filter ] --END-- [ RunTime:0.005001s ]
INFO: [ view_end ] --START--
INFO: ShowPageTrace Behavior ::run [ RunTime:0.001000s ]
INFO: [ view_end ] --END-- [ RunTime:0.001000s ]

[ 2016-07-12T15:38:28+08:00 ] 0.0.0.0 /Manerger/index.php?m=Gift&a=gmanagelist
INFO: [ app_begin ] --START--
INFO: ReadHtmlCache Behavior ::run [ RunTime:0.001000s ]
INFO: [ app_begin ] --END-- [ RunTime:0.001000s ]
NOTIC: [8] Undefined index: expire E:\wamp\www\ooxx\ThinkPHP\Common\functions.php 第 549 行.
ERR: 非法操作:gmanagelist

[ 2016-07-12T15:38:31+08:00 ] 0.0.0.0 /Manerger/index.php/Word/index
INFO: [ route_check ] --START--
INFO: CheckRoute Behavior ::run [ RunTime:0.002001s ]
INFO: [ route_check ] --END-- [ RunTime:0.002001s ]
INFO: [ app_begin ] --START--
INFO: ReadHtmlCache Behavior ::run [ RunTime:0.001000s ]
INFO: [ app_begin ] --END-- [ RunTime:0.001000s ]
NOTIC: [8] Undefined index: expire E:\wamp\www\ooxx\ThinkPHP\Common\functions.php 第 549 行.
INFO: [ view_parse ] --START--
INFO: ParseTemplate Behavior ::run [ RunTime:0.014001s ]
INFO: [ view_parse ] --END-- [ RunTime:0.015001s ]
INFO: [ view_filter ] --START--
INFO: ContentReplace Behavior ::run [ RunTime:0.001000s ]
INFO: TokenBuild Behavior ::run [ RunTime:0.000000s ]
INFO: WriteHtmlCache Behavior ::run [ RunTime:0.000000s ]
INFO: ShowRuntime Behavior ::run [ RunTime:0.001000s ]
INFO: [ view_filter ] --END-- [ RunTime:0.004000s ]
INFO: [ view_end ] --START--
INFO: ShowPageTrace Behavior ::run [ RunTime:0.001000s ]
INFO: [ view_end ] --END-- [ RunTime:0.001000s ]

[ 2016-07-12T15:38:31+08:00 ] 0.0.0.0 /Manerger/index.php?m=Word&a=datalist
INFO: [ app_begin ] --START--
INFO: ReadHtmlCache Behavior ::run [ RunTime:0.002000s ]
INFO: [ app_begin ] --END-- [ RunTime:0.002000s ]
NOTIC: [8] Undefined index: expire E:\wamp\www\ooxx\ThinkPHP\Common\functions.php 第 549 行.
SQL: SHOW COLUMNS FROM `oo_word` [ RunTime:0.007000s ]
SQL: SELECT `id`,`title`,`ctime`,`status`,`desc`,`content`,`type` FROM `oo_word` WHERE ( `status` = 1 ) LIMIT 0,20   [ RunTime:0.001001s ]
SQL: SELECT COUNT(*) AS tp_count FROM `oo_word` WHERE ( `status` = 1 ) LIMIT 1   [ RunTime:0.001000s ]

[ 2016-07-12T15:38:39+08:00 ] 0.0.0.0 /Manerger/index.php/User/image
INFO: [ route_check ] --START--
INFO: CheckRoute Behavior ::run [ RunTime:0.001000s ]
INFO: [ route_check ] --END-- [ RunTime:0.002000s ]
INFO: [ app_begin ] --START--
INFO: ReadHtmlCache Behavior ::run [ RunTime:0.001000s ]
INFO: [ app_begin ] --END-- [ RunTime:0.001000s ]
NOTIC: [8] Undefined index: expire E:\wamp\www\ooxx\ThinkPHP\Common\functions.php 第 549 行.
NOTIC: [8] Undefined index: uid E:\wamp\www\ooxx\Manage\Lib\Action\UserAction.class.php 第 260 行.
NOTIC: [8] Undefined index: nickname E:\wamp\www\ooxx\Manage\Lib\Action\UserAction.class.php 第 261 行.
NOTIC: [8] Undefined index: status E:\wamp\www\ooxx\Manage\Lib\Action\UserAction.class.php 第 262 行.
NOTIC: [8] Undefined index: img_status E:\wamp\www\ooxx\Manage\Lib\Action\UserAction.class.php 第 263 行.
SQL: SHOW COLUMNS FROM `oo_user` [ RunTime:0.004001s ]
NOTIC: [8] Undefined variable: map E:\wamp\www\ooxx\Manage\Lib\Action\UserAction.class.php 第 270 行.
SQL: SELECT COUNT(*) AS tp_count FROM `oo_user` LIMIT 1   [ RunTime:0.001000s ]
NOTIC: [8] Undefined variable: map E:\wamp\www\ooxx\Manage\Lib\Action\UserAction.class.php 第 276 行.
SQL: SELECT `id`,`nickname`,`img_url`,`img_time`,`img_status`,`status` FROM `oo_user` ORDER BY img_status DESC,img_time DESC LIMIT 0,36   [ RunTime:0.001000s ]
INFO: [ view_parse ] --START--
INFO: ParseTemplate Behavior ::run [ RunTime:0.019001s ]
INFO: [ view_parse ] --END-- [ RunTime:0.020001s ]
INFO: [ view_filter ] --START--
INFO: ContentReplace Behavior ::run [ RunTime:0.001000s ]
INFO: TokenBuild Behavior ::run [ RunTime:0.001001s ]
INFO: WriteHtmlCache Behavior ::run [ RunTime:0.001000s ]
INFO: ShowRuntime Behavior ::run [ RunTime:0.001000s ]
INFO: [ view_filter ] --END-- [ RunTime:0.004001s ]
INFO: [ view_end ] --START--
INFO: ShowPageTrace Behavior ::run [ RunTime:0.001000s ]
INFO: [ view_end ] --END-- [ RunTime:0.001000s ]

[ 2016-07-12T15:38:57+08:00 ] 0.0.0.0 /Manerger/index.php?m=User&a=image
INFO: [ app_begin ] --START--
INFO: ReadHtmlCache Behavior ::run [ RunTime:0.001000s ]
INFO: [ app_begin ] --END-- [ RunTime:0.001000s ]
NOTIC: [8] Undefined index: expire E:\wamp\www\ooxx\ThinkPHP\Common\functions.php 第 549 行.
SQL: SHOW COLUMNS FROM `oo_user` [ RunTime:0.004000s ]
NOTIC: [8] Undefined variable: map E:\wamp\www\ooxx\Manage\Lib\Action\UserAction.class.php 第 270 行.
SQL: SELECT COUNT(*) AS tp_count FROM `oo_user` LIMIT 1   [ RunTime:0.001000s ]
NOTIC: [8] Undefined variable: map E:\wamp\www\ooxx\Manage\Lib\Action\UserAction.class.php 第 276 行.
SQL: SELECT `id`,`nickname`,`img_url`,`img_time`,`img_status`,`status` FROM `oo_user` ORDER BY img_status DESC,img_time DESC LIMIT 0,36   [ RunTime:0.001000s ]
INFO: [ view_parse ] --START--
INFO: ParseTemplate Behavior ::run [ RunTime:0.020001s ]
INFO: [ view_parse ] --END-- [ RunTime:0.020001s ]
INFO: [ view_filter ] --START--
INFO: ContentReplace Behavior ::run [ RunTime:0.001000s ]
INFO: TokenBuild Behavior ::run [ RunTime:0.000000s ]
INFO: WriteHtmlCache Behavior ::run [ RunTime:0.000000s ]
INFO: ShowRuntime Behavior ::run [ RunTime:0.001000s ]
INFO: [ view_filter ] --END-- [ RunTime:0.003000s ]
INFO: [ view_end ] --START--
INFO: ShowPageTrace Behavior ::run [ RunTime:0.001000s ]
INFO: [ view_end ] --END-- [ RunTime:0.001000s ]

[ 2016-07-12T15:39:27+08:00 ] 0.0.0.0 /Manerger/index.php
INFO: [ app_begin ] --START--
INFO: ReadHtmlCache Behavior ::run [ RunTime:0.001000s ]
INFO: [ app_begin ] --END-- [ RunTime:0.002000s ]
NOTIC: [8] Undefined index: expire E:\wamp\www\ooxx\ThinkPHP\Common\functions.php 第 549 行.
INFO: [ view_parse ] --START--
INFO: ParseTemplate Behavior ::run [ RunTime:0.018001s ]
INFO: [ view_parse ] --END-- [ RunTime:0.018001s ]
INFO: [ view_filter ] --START--
INFO: ContentReplace Behavior ::run [ RunTime:0.000000s ]
INFO: TokenBuild Behavior ::run [ RunTime:0.000000s ]
INFO: WriteHtmlCache Behavior ::run [ RunTime:0.001000s ]
INFO: ShowRuntime Behavior ::run [ RunTime:0.001000s ]
INFO: [ view_filter ] --END-- [ RunTime:0.004000s ]
INFO: [ view_end ] --START--
INFO: ShowPageTrace Behavior ::run [ RunTime:0.000000s ]
INFO: [ view_end ] --END-- [ RunTime:0.002000s ]

