[ 2016-06-24T17:20:52+08:00 ] 127.0.0.1 /Manerger/index.php/Public/login.html
INFO: [ route_check ] --START--
INFO: CheckRoute Behavior ::run [ RunTime:0.002000s ]
INFO: [ route_check ] --END-- [ RunTime:0.002000s ]
INFO: [ app_begin ] --START--
INFO: ReadHtmlCache Behavior ::run [ RunTime:0.002000s ]
INFO: [ app_begin ] --END-- [ RunTime:0.002000s ]
NOTIC: [8] Undefined index: expire E:\wamp\www\ooxx\ThinkPHP\Common\functions.php 第 549 行.
INFO: [ view_parse ] --START--
INFO: ParseTemplate Behavior ::run [ RunTime:0.014001s ]
INFO: [ view_parse ] --END-- [ RunTime:0.014001s ]
INFO: [ view_filter ] --START--
INFO: ContentReplace Behavior ::run [ RunTime:0.001000s ]
INFO: TokenBuild Behavior ::run [ RunTime:0.000000s ]
INFO: WriteHtmlCache Behavior ::run [ RunTime:0.000000s ]
INFO: ShowRuntime Behavior ::run [ RunTime:0.001000s ]
INFO: [ view_filter ] --END-- [ RunTime:0.003000s ]
INFO: [ view_end ] --START--
INFO: ShowPageTrace Behavior ::run [ RunTime:0.001001s ]
INFO: [ view_end ] --END-- [ RunTime:0.001001s ]

[ 2016-06-24T17:21:00+08:00 ] 127.0.0.1 /Manerger/index.php/Public/checklogin
INFO: [ route_check ] --START--
INFO: CheckRoute Behavior ::run [ RunTime:0.002000s ]
INFO: [ route_check ] --END-- [ RunTime:0.002000s ]
NOTIC: [2] htmlspecialchars() expects parameter 2 to be long, string given E:\wamp\www\ooxx\ThinkPHP\Lib\Core\App.class.php 第 56 行.
NOTIC: [2] htmlspecialchars() expects parameter 2 to be long, string given E:\wamp\www\ooxx\ThinkPHP\Lib\Core\App.class.php 第 56 行.
INFO: [ app_begin ] --START--
INFO: ReadHtmlCache Behavior ::run [ RunTime:0.001000s ]
INFO: [ app_begin ] --END-- [ RunTime:0.001000s ]
NOTIC: [8] Undefined index: expire E:\wamp\www\ooxx\ThinkPHP\Common\functions.php 第 549 行.
SQL: SHOW COLUMNS FROM `oo_admin` [ RunTime:0.006000s ]
NOTIC: 建议使用I方法替代_post
NOTIC: 建议使用I方法替代_post
SQL: SELECT `id`,`rid`,`username` FROM `oo_admin` WHERE ( `username` = 'admin' ) AND ( `password` = '361a7bf96540cd64bf68' ) LIMIT 1   [ RunTime:0.001000s ]
NOTIC: [8] Undefined variable: var E:\wamp\www\ooxx\ThinkPHP\Common\functions.php 第 247 行.
NOTIC: [2] array_reverse() expects parameter 1 to be array, null given E:\wamp\www\ooxx\ThinkPHP\Common\functions.php 第 247 行.
NOTIC: [2] http_build_query(): Parameter 1 expected to be Array or Object.  Incorrect value given E:\wamp\www\ooxx\ThinkPHP\Common\functions.php 第 247 行.

[ 2016-06-24T17:21:00+08:00 ] 127.0.0.1 /Manerger/index.php?
INFO: [ app_begin ] --START--
INFO: ReadHtmlCache Behavior ::run [ RunTime:0.002000s ]
INFO: [ app_begin ] --END-- [ RunTime:0.002000s ]
NOTIC: [8] Undefined index: expire E:\wamp\www\ooxx\ThinkPHP\Common\functions.php 第 549 行.
NOTIC: [8] Undefined index: admin E:\wamp\www\ooxx\Manage\Lib\Action\IndexAction.class.php 第 5 行.
INFO: [ view_parse ] --START--
NOTIC: [8] Undefined index: admin E:\wamp\www\ooxx\Manage\Runtime\Cache\6eb21b90e50e413ebd495101e2f3fb87.php 第 27 行.
INFO: ParseTemplate Behavior ::run [ RunTime:0.020001s ]
INFO: [ view_parse ] --END-- [ RunTime:0.020001s ]
INFO: [ view_filter ] --START--
INFO: ContentReplace Behavior ::run [ RunTime:0.001000s ]
INFO: TokenBuild Behavior ::run [ RunTime:0.001000s ]
INFO: WriteHtmlCache Behavior ::run [ RunTime:0.001000s ]
INFO: ShowRuntime Behavior ::run [ RunTime:0.002000s ]
INFO: [ view_filter ] --END-- [ RunTime:0.007000s ]
INFO: [ view_end ] --START--
INFO: ShowPageTrace Behavior ::run [ RunTime:0.001000s ]
INFO: [ view_end ] --END-- [ RunTime:0.001000s ]

[ 2016-06-24T17:21:00+08:00 ] 127.0.0.1 /Manerger/index.php/Public/login.html
INFO: [ route_check ] --START--
INFO: CheckRoute Behavior ::run [ RunTime:0.001000s ]
INFO: [ route_check ] --END-- [ RunTime:0.001000s ]
INFO: [ app_begin ] --START--
INFO: ReadHtmlCache Behavior ::run [ RunTime:0.001000s ]
INFO: [ app_begin ] --END-- [ RunTime:0.001000s ]
NOTIC: [8] Undefined index: expire E:\wamp\www\ooxx\ThinkPHP\Common\functions.php 第 549 行.
INFO: [ view_parse ] --START--
INFO: ParseTemplate Behavior ::run [ RunTime:0.016001s ]
INFO: [ view_parse ] --END-- [ RunTime:0.016001s ]
INFO: [ view_filter ] --START--
INFO: ContentReplace Behavior ::run [ RunTime:0.001000s ]
INFO: TokenBuild Behavior ::run [ RunTime:0.002000s ]
INFO: WriteHtmlCache Behavior ::run [ RunTime:0.001000s ]
INFO: ShowRuntime Behavior ::run [ RunTime:0.002000s ]
INFO: [ view_filter ] --END-- [ RunTime:0.006000s ]
INFO: [ view_end ] --START--
INFO: ShowPageTrace Behavior ::run [ RunTime:0.002000s ]
INFO: [ view_end ] --END-- [ RunTime:0.002000s ]

[ 2016-06-24T17:22:18+08:00 ] 127.0.0.1 /Manerger/index.php/Public/checklogin
INFO: [ route_check ] --START--
INFO: CheckRoute Behavior ::run [ RunTime:0.002001s ]
INFO: [ route_check ] --END-- [ RunTime:0.002001s ]
NOTIC: [2] htmlspecialchars() expects parameter 2 to be long, string given E:\wamp\www\ooxx\ThinkPHP\Lib\Core\App.class.php 第 56 行.
NOTIC: [2] htmlspecialchars() expects parameter 2 to be long, string given E:\wamp\www\ooxx\ThinkPHP\Lib\Core\App.class.php 第 56 行.
INFO: [ app_begin ] --START--
INFO: ReadHtmlCache Behavior ::run [ RunTime:0.001000s ]
INFO: [ app_begin ] --END-- [ RunTime:0.001000s ]
NOTIC: [8] Undefined index: expire E:\wamp\www\ooxx\ThinkPHP\Common\functions.php 第 549 行.
SQL: SHOW COLUMNS FROM `oo_admin` [ RunTime:0.004000s ]
NOTIC: 建议使用I方法替代_post
NOTIC: 建议使用I方法替代_post
SQL: SELECT `id`,`rid`,`username` FROM `oo_admin` WHERE ( `username` = 'admin' ) AND ( `password` = '8b88e6b7e854b04cb74e' ) LIMIT 1   [ RunTime:0.001000s ]
SQL: SHOW COLUMNS FROM `oo_role` [ RunTime:0.005000s ]
SQL: SELECT `powers` FROM `oo_role` WHERE ( id=1 ) LIMIT 1   [ RunTime:0.000000s ]
SQL: SHOW COLUMNS FROM `oo_node` [ RunTime:0.005000s ]
SQL: SELECT `name` FROM `oo_node` WHERE ( pid>0 )  [ RunTime:0.002000s ]
SQL: UPDATE `oo_admin` SET `last_time`=1466760138,`last_ip`=127 WHERE ( id=1 ) [ RunTime:0.001000s ]
NOTIC: [8] Undefined variable: var E:\wamp\www\ooxx\ThinkPHP\Common\functions.php 第 247 行.
NOTIC: [2] array_reverse() expects parameter 1 to be array, null given E:\wamp\www\ooxx\ThinkPHP\Common\functions.php 第 247 行.
NOTIC: [2] http_build_query(): Parameter 1 expected to be Array or Object.  Incorrect value given E:\wamp\www\ooxx\ThinkPHP\Common\functions.php 第 247 行.

[ 2016-06-24T17:22:18+08:00 ] 127.0.0.1 /Manerger/index.php?
INFO: [ app_begin ] --START--
INFO: ReadHtmlCache Behavior ::run [ RunTime:0.002000s ]
INFO: [ app_begin ] --END-- [ RunTime:0.002000s ]
NOTIC: [8] Undefined index: expire E:\wamp\www\ooxx\ThinkPHP\Common\functions.php 第 549 行.
INFO: [ view_parse ] --START--
INFO: ParseTemplate Behavior ::run [ RunTime:0.023001s ]
INFO: [ view_parse ] --END-- [ RunTime:0.024001s ]
INFO: [ view_filter ] --START--
INFO: ContentReplace Behavior ::run [ RunTime:0.001000s ]
INFO: TokenBuild Behavior ::run [ RunTime:0.001000s ]
INFO: WriteHtmlCache Behavior ::run [ RunTime:0.001000s ]
INFO: ShowRuntime Behavior ::run [ RunTime:0.001000s ]
INFO: [ view_filter ] --END-- [ RunTime:0.005000s ]
INFO: [ view_end ] --START--
INFO: ShowPageTrace Behavior ::run [ RunTime:0.001000s ]
INFO: [ view_end ] --END-- [ RunTime:0.002000s ]

[ 2016-06-24T17:22:21+08:00 ] 127.0.0.1 /Manerger/index.php/Role/index
INFO: [ route_check ] --START--
INFO: CheckRoute Behavior ::run [ RunTime:0.002000s ]
INFO: [ route_check ] --END-- [ RunTime:0.003000s ]
INFO: [ app_begin ] --START--
INFO: ReadHtmlCache Behavior ::run [ RunTime:0.002001s ]
INFO: [ app_begin ] --END-- [ RunTime:0.002001s ]
NOTIC: [8] Undefined index: expire E:\wamp\www\ooxx\ThinkPHP\Common\functions.php 第 549 行.
NOTIC: [8] Constant THEME_NAME already defined E:\wamp\www\ooxx\ThinkPHP\Lib\Core\View.class.php 第 223 行.
NOTIC: [8] Constant THEME_PATH already defined E:\wamp\www\ooxx\ThinkPHP\Lib\Core\View.class.php 第 174 行.
NOTIC: [8] Constant APP_TMPL_PATH already defined E:\wamp\www\ooxx\ThinkPHP\Lib\Core\View.class.php 第 175 行.
INFO: [ view_parse ] --START--
INFO: ParseTemplate Behavior ::run [ RunTime:0.016001s ]
INFO: [ view_parse ] --END-- [ RunTime:0.016001s ]
INFO: [ view_filter ] --START--
INFO: ContentReplace Behavior ::run [ RunTime:0.001000s ]
INFO: TokenBuild Behavior ::run [ RunTime:0.001000s ]
INFO: WriteHtmlCache Behavior ::run [ RunTime:0.001000s ]
INFO: ShowRuntime Behavior ::run [ RunTime:0.001000s ]
INFO: [ view_filter ] --END-- [ RunTime:0.004000s ]
INFO: [ view_end ] --START--
INFO: ShowPageTrace Behavior ::run [ RunTime:0.002000s ]
INFO: [ view_end ] --END-- [ RunTime:0.002000s ]

[ 2016-06-24T17:22:22+08:00 ] 127.0.0.1 /Manerger/index.php?m=Power&a=powertree
INFO: [ app_begin ] --START--
INFO: ReadHtmlCache Behavior ::run [ RunTime:0.002000s ]
INFO: [ app_begin ] --END-- [ RunTime:0.003000s ]
NOTIC: [8] Undefined index: expire E:\wamp\www\ooxx\ThinkPHP\Common\functions.php 第 549 行.
SQL: SHOW COLUMNS FROM `oo_node` [ RunTime:0.004001s ]
SQL: SELECT `id`,title as text,`pid` FROM `oo_node` WHERE ( pid=0 )  [ RunTime:0.001000s ]
SQL: SELECT `id`,title as text,`pid` FROM `oo_node` WHERE ( pid=10109 )  [ RunTime:0.001000s ]
SQL: SELECT `id`,title as text,`pid` FROM `oo_node` WHERE ( pid=10110 )  [ RunTime:0.001000s ]
SQL: SELECT `id`,title as text,`pid` FROM `oo_node` WHERE ( pid=10111 )  [ RunTime:0.000000s ]
SQL: SELECT `id`,title as text,`pid` FROM `oo_node` WHERE ( pid=10112 )  [ RunTime:0.000000s ]
SQL: SELECT `id`,title as text,`pid` FROM `oo_node` WHERE ( pid=10113 )  [ RunTime:0.001000s ]
SQL: SELECT `id`,title as text,`pid` FROM `oo_node` WHERE ( pid=10209 )  [ RunTime:0.000000s ]
SQL: SELECT `id`,title as text,`pid` FROM `oo_node` WHERE ( pid=10210 )  [ RunTime:0.005000s ]
SQL: SELECT `id`,title as text,`pid` FROM `oo_node` WHERE ( pid=10215 )  [ RunTime:0.002000s ]
SQL: SELECT `id`,title as text,`pid` FROM `oo_node` WHERE ( pid=10227 )  [ RunTime:0.001000s ]
SQL: SELECT `id`,title as text,`pid` FROM `oo_node` WHERE ( pid=10213 )  [ RunTime:0.001000s ]
SQL: SELECT `id`,title as text,`pid` FROM `oo_node` WHERE ( pid=10214 )  [ RunTime:0.002000s ]
SQL: SELECT `id`,title as text,`pid` FROM `oo_node` WHERE ( pid=10221 )  [ RunTime:0.001000s ]
SQL: SELECT `id`,title as text,`pid` FROM `oo_node` WHERE ( pid=10216 )  [ RunTime:0.000000s ]
SQL: SELECT `id`,title as text,`pid` FROM `oo_node` WHERE ( pid=10217 )  [ RunTime:0.000000s ]
SQL: SELECT `id`,title as text,`pid` FROM `oo_node` WHERE ( pid=10218 )  [ RunTime:0.001000s ]
SQL: SELECT `id`,title as text,`pid` FROM `oo_node` WHERE ( pid=10219 )  [ RunTime:0.001000s ]
SQL: SELECT `id`,title as text,`pid` FROM `oo_node` WHERE ( pid=10220 )  [ RunTime:0.001000s ]
SQL: SELECT `id`,title as text,`pid` FROM `oo_node` WHERE ( pid=10222 )  [ RunTime:0.000000s ]
SQL: SELECT `id`,title as text,`pid` FROM `oo_node` WHERE ( pid=10223 )  [ RunTime:0.000000s ]
SQL: SELECT `id`,title as text,`pid` FROM `oo_node` WHERE ( pid=10225 )  [ RunTime:0.000000s ]
SQL: SELECT `id`,title as text,`pid` FROM `oo_node` WHERE ( pid=10228 )  [ RunTime:0.000000s ]
SQL: SELECT `id`,title as text,`pid` FROM `oo_node` WHERE ( pid=10229 )  [ RunTime:0.000000s ]

[ 2016-06-24T17:22:22+08:00 ] 127.0.0.1 /Manerger/index.php?m=Role&a=rolelist
NOTIC: [2] htmlspecialchars() expects parameter 2 to be long, string given E:\wamp\www\ooxx\ThinkPHP\Lib\Core\App.class.php 第 56 行.
NOTIC: [2] htmlspecialchars() expects parameter 2 to be long, string given E:\wamp\www\ooxx\ThinkPHP\Lib\Core\App.class.php 第 56 行.
INFO: [ app_begin ] --START--
INFO: ReadHtmlCache Behavior ::run [ RunTime:0.002000s ]
INFO: [ app_begin ] --END-- [ RunTime:0.002000s ]
NOTIC: [8] Undefined index: expire E:\wamp\www\ooxx\ThinkPHP\Common\functions.php 第 549 行.
SQL: SHOW COLUMNS FROM `oo_role` [ RunTime:0.004000s ]
NOTIC: [8] Undefined variable: map E:\wamp\www\ooxx\Manage\Lib\Action\RoleAction.class.php 第 20 行.
SQL: SELECT `id`,`name`,`powername`,`power`,`description`,`ctime` FROM `oo_role` LIMIT 0,20   [ RunTime:0.001000s ]
NOTIC: [8] Undefined variable: map E:\wamp\www\ooxx\Manage\Lib\Action\RoleAction.class.php 第 22 行.
SQL: SELECT COUNT(*) AS tp_count FROM `oo_role` LIMIT 1   [ RunTime:0.001000s ]

[ 2016-06-24T17:22:24+08:00 ] 127.0.0.1 /Manerger/index.php/Power/index
INFO: [ route_check ] --START--
INFO: CheckRoute Behavior ::run [ RunTime:0.001000s ]
INFO: [ route_check ] --END-- [ RunTime:0.002000s ]
INFO: [ app_begin ] --START--
INFO: ReadHtmlCache Behavior ::run [ RunTime:0.001000s ]
INFO: [ app_begin ] --END-- [ RunTime:0.002000s ]
NOTIC: [8] Undefined index: expire E:\wamp\www\ooxx\ThinkPHP\Common\functions.php 第 549 行.
NOTIC: [8] Constant THEME_NAME already defined E:\wamp\www\ooxx\ThinkPHP\Lib\Core\View.class.php 第 223 行.
NOTIC: [8] Constant THEME_PATH already defined E:\wamp\www\ooxx\ThinkPHP\Lib\Core\View.class.php 第 174 行.
NOTIC: [8] Constant APP_TMPL_PATH already defined E:\wamp\www\ooxx\ThinkPHP\Lib\Core\View.class.php 第 175 行.
INFO: [ view_parse ] --START--
INFO: ParseTemplate Behavior ::run [ RunTime:0.026002s ]
INFO: [ view_parse ] --END-- [ RunTime:0.026002s ]
INFO: [ view_filter ] --START--
INFO: ContentReplace Behavior ::run [ RunTime:0.003000s ]
INFO: TokenBuild Behavior ::run [ RunTime:0.002000s ]
INFO: WriteHtmlCache Behavior ::run [ RunTime:0.001000s ]
INFO: ShowRuntime Behavior ::run [ RunTime:0.001000s ]
INFO: [ view_filter ] --END-- [ RunTime:0.008000s ]
INFO: [ view_end ] --START--
INFO: ShowPageTrace Behavior ::run [ RunTime:0.002001s ]
INFO: [ view_end ] --END-- [ RunTime:0.002001s ]

[ 2016-06-24T17:22:24+08:00 ] 127.0.0.1 /Manerger/index.php?m=Power&a=powerlist
NOTIC: [2] htmlspecialchars() expects parameter 2 to be long, string given E:\wamp\www\ooxx\ThinkPHP\Lib\Core\App.class.php 第 56 行.
NOTIC: [2] htmlspecialchars() expects parameter 2 to be long, string given E:\wamp\www\ooxx\ThinkPHP\Lib\Core\App.class.php 第 56 行.
NOTIC: [2] htmlspecialchars() expects parameter 2 to be long, string given E:\wamp\www\ooxx\ThinkPHP\Lib\Core\App.class.php 第 56 行.
INFO: [ app_begin ] --START--
INFO: ReadHtmlCache Behavior ::run [ RunTime:0.001001s ]
INFO: [ app_begin ] --END-- [ RunTime:0.002001s ]
NOTIC: [8] Undefined index: expire E:\wamp\www\ooxx\ThinkPHP\Common\functions.php 第 549 行.
SQL: SHOW COLUMNS FROM `oo_node` [ RunTime:0.005000s ]
SQL: SELECT `id`,`pid`,`name`,`title`,`status`,`path`,`ctime` FROM `oo_node` WHERE ( `pid` = 0 ) LIMIT 0,20   [ RunTime:0.000000s ]
SQL: SELECT COUNT(*) AS tp_count FROM `oo_node` WHERE ( `pid` = 0 ) LIMIT 1   [ RunTime:0.001000s ]
SQL: SELECT COUNT(*) AS tp_count FROM `oo_node` WHERE ( `pid` = 10109 ) LIMIT 1   [ RunTime:0.001000s ]
SQL: SELECT COUNT(*) AS tp_count FROM `oo_node` WHERE ( `pid` = 10112 ) LIMIT 1   [ RunTime:0.001000s ]
SQL: SELECT COUNT(*) AS tp_count FROM `oo_node` WHERE ( `pid` = 10213 ) LIMIT 1   [ RunTime:0.001000s ]
SQL: SELECT COUNT(*) AS tp_count FROM `oo_node` WHERE ( `pid` = 10216 ) LIMIT 1   [ RunTime:0.000000s ]
SQL: SELECT COUNT(*) AS tp_count FROM `oo_node` WHERE ( `pid` = 10219 ) LIMIT 1   [ RunTime:0.001000s ]
SQL: SELECT COUNT(*) AS tp_count FROM `oo_node` WHERE ( `pid` = 10222 ) LIMIT 1   [ RunTime:0.001000s ]
SQL: SELECT COUNT(*) AS tp_count FROM `oo_node` WHERE ( `pid` = 10228 ) LIMIT 1   [ RunTime:0.001000s ]

[ 2016-06-24T17:22:30+08:00 ] 127.0.0.1 /Manerger/index.php/Water/consume
INFO: [ route_check ] --START--
INFO: CheckRoute Behavior ::run [ RunTime:0.002000s ]
INFO: [ route_check ] --END-- [ RunTime:0.002000s ]
INFO: [ app_begin ] --START--
INFO: ReadHtmlCache Behavior ::run [ RunTime:0.001000s ]
INFO: [ app_begin ] --END-- [ RunTime:0.002000s ]
NOTIC: [8] Undefined index: expire E:\wamp\www\ooxx\ThinkPHP\Common\functions.php 第 549 行.
INFO: [ view_parse ] --START--
INFO: ParseTemplate Behavior ::run [ RunTime:0.013000s ]
INFO: [ view_parse ] --END-- [ RunTime:0.013000s ]
INFO: [ view_filter ] --START--
INFO: ContentReplace Behavior ::run [ RunTime:0.001000s ]
INFO: TokenBuild Behavior ::run [ RunTime:0.001000s ]
INFO: WriteHtmlCache Behavior ::run [ RunTime:0.001001s ]
INFO: ShowRuntime Behavior ::run [ RunTime:0.001000s ]
INFO: [ view_filter ] --END-- [ RunTime:0.004001s ]
INFO: [ view_end ] --START--
INFO: ShowPageTrace Behavior ::run [ RunTime:0.002000s ]
INFO: [ view_end ] --END-- [ RunTime:0.002000s ]

[ 2016-06-24T17:22:31+08:00 ] 127.0.0.1 /Manerger/index.php?m=Water&a=conlist
NOTIC: [2] htmlspecialchars() expects parameter 2 to be long, string given E:\wamp\www\ooxx\ThinkPHP\Lib\Core\App.class.php 第 56 行.
NOTIC: [2] htmlspecialchars() expects parameter 2 to be long, string given E:\wamp\www\ooxx\ThinkPHP\Lib\Core\App.class.php 第 56 行.
INFO: [ app_begin ] --START--
INFO: ReadHtmlCache Behavior ::run [ RunTime:0.001000s ]
INFO: [ app_begin ] --END-- [ RunTime:0.001000s ]
NOTIC: [8] Undefined index: expire E:\wamp\www\ooxx\ThinkPHP\Common\functions.php 第 549 行.
NOTIC: [8] Undefined index: order_num E:\wamp\www\ooxx\Manage\Lib\Action\WaterAction.class.php 第 10 行.
NOTIC: [8] Undefined index: uid E:\wamp\www\ooxx\Manage\Lib\Action\WaterAction.class.php 第 11 行.
NOTIC: [8] Undefined index: money E:\wamp\www\ooxx\Manage\Lib\Action\WaterAction.class.php 第 12 行.
NOTIC: [8] Undefined index: bank_no E:\wamp\www\ooxx\Manage\Lib\Action\WaterAction.class.php 第 13 行.
NOTIC: [8] Undefined index: bank E:\wamp\www\ooxx\Manage\Lib\Action\WaterAction.class.php 第 14 行.
NOTIC: [8] Undefined index: nickname E:\wamp\www\ooxx\Manage\Lib\Action\WaterAction.class.php 第 15 行.
NOTIC: [8] Undefined index: gift_name E:\wamp\www\ooxx\Manage\Lib\Action\WaterAction.class.php 第 16 行.
NOTIC: [8] Undefined index: bank_name E:\wamp\www\ooxx\Manage\Lib\Action\WaterAction.class.php 第 17 行.
NOTIC: [8] Undefined index: status E:\wamp\www\ooxx\Manage\Lib\Action\WaterAction.class.php 第 18 行.
SQL: SHOW COLUMNS FROM `oo_consume` [ RunTime:0.005000s ]
NOTIC: [8] Undefined variable: map E:\wamp\www\ooxx\Manage\Lib\Action\WaterAction.class.php 第 25 行.
SQL: SELECT `id`,`order_num`,`uid`,`nickname`,`type`,`gift_name`,`money`,`receive_id`,`receive_name`,`status`,`ctime`,`bank`,`bank_no`,`bank_name` FROM `oo_consume` LIMIT 0,20   [ RunTime:0.001000s ]
NOTIC: [8] Undefined variable: map E:\wamp\www\ooxx\Manage\Lib\Action\WaterAction.class.php 第 26 行.
SQL: SELECT COUNT(*) AS tp_count FROM `oo_consume` LIMIT 1   [ RunTime:0.000000s ]
NOTIC: [8] Undefined variable: total_money E:\wamp\www\ooxx\Manage\Lib\Action\WaterAction.class.php 第 29 行.

[ 2016-06-24T17:22:35+08:00 ] 127.0.0.1 /Manerger/index.php/Water/record
INFO: [ route_check ] --START--
INFO: CheckRoute Behavior ::run [ RunTime:0.001000s ]
INFO: [ route_check ] --END-- [ RunTime:0.001000s ]
INFO: [ app_begin ] --START--
INFO: ReadHtmlCache Behavior ::run [ RunTime:0.002000s ]
INFO: [ app_begin ] --END-- [ RunTime:0.002000s ]
NOTIC: [8] Undefined index: expire E:\wamp\www\ooxx\ThinkPHP\Common\functions.php 第 549 行.
INFO: [ view_parse ] --START--
INFO: ParseTemplate Behavior ::run [ RunTime:0.018001s ]
INFO: [ view_parse ] --END-- [ RunTime:0.018001s ]
INFO: [ view_filter ] --START--
INFO: ContentReplace Behavior ::run [ RunTime:0.000000s ]
INFO: TokenBuild Behavior ::run [ RunTime:0.001000s ]
INFO: WriteHtmlCache Behavior ::run [ RunTime:0.000000s ]
INFO: ShowRuntime Behavior ::run [ RunTime:0.002000s ]
INFO: [ view_filter ] --END-- [ RunTime:0.005000s ]
INFO: [ view_end ] --START--
INFO: ShowPageTrace Behavior ::run [ RunTime:0.001001s ]
INFO: [ view_end ] --END-- [ RunTime:0.002001s ]

[ 2016-06-24T17:22:36+08:00 ] 127.0.0.1 /Manerger/index.php?m=Water&a=reclist
NOTIC: [2] htmlspecialchars() expects parameter 2 to be long, string given E:\wamp\www\ooxx\ThinkPHP\Lib\Core\App.class.php 第 56 行.
NOTIC: [2] htmlspecialchars() expects parameter 2 to be long, string given E:\wamp\www\ooxx\ThinkPHP\Lib\Core\App.class.php 第 56 行.
INFO: [ app_begin ] --START--
INFO: ReadHtmlCache Behavior ::run [ RunTime:0.001000s ]
INFO: [ app_begin ] --END-- [ RunTime:0.001000s ]
NOTIC: [8] Undefined index: expire E:\wamp\www\ooxx\ThinkPHP\Common\functions.php 第 549 行.
NOTIC: [8] Undefined index: order_num E:\wamp\www\ooxx\Manage\Lib\Action\WaterAction.class.php 第 51 行.
NOTIC: [8] Undefined index: uid E:\wamp\www\ooxx\Manage\Lib\Action\WaterAction.class.php 第 52 行.
NOTIC: [8] Undefined index: bank_no E:\wamp\www\ooxx\Manage\Lib\Action\WaterAction.class.php 第 53 行.
NOTIC: [8] Undefined index: bank E:\wamp\www\ooxx\Manage\Lib\Action\WaterAction.class.php 第 54 行.
NOTIC: [8] Undefined index: name E:\wamp\www\ooxx\Manage\Lib\Action\WaterAction.class.php 第 55 行.
NOTIC: [8] Undefined index: bank_name E:\wamp\www\ooxx\Manage\Lib\Action\WaterAction.class.php 第 56 行.
NOTIC: [8] Undefined index: status E:\wamp\www\ooxx\Manage\Lib\Action\WaterAction.class.php 第 57 行.
SQL: SHOW COLUMNS FROM `oo_record` [ RunTime:0.005000s ]
NOTIC: [8] Undefined variable: map E:\wamp\www\ooxx\Manage\Lib\Action\WaterAction.class.php 第 69 行.
SQL: SELECT `order_num`,`uid`,`name`,`surplus`,`extract`,`procedure`,`real`,`bank`,`bank_no`,`bank_name`,`ctime`,`status`,`manage_time` FROM `oo_record` LIMIT 0,20   [ RunTime:0.001000s ]
NOTIC: [8] Undefined variable: map E:\wamp\www\ooxx\Manage\Lib\Action\WaterAction.class.php 第 70 行.
SQL: SELECT COUNT(*) AS tp_count FROM `oo_record` LIMIT 1   [ RunTime:0.000000s ]
NOTIC: [8] Undefined variable: total_extract E:\wamp\www\ooxx\Manage\Lib\Action\WaterAction.class.php 第 74 行.
NOTIC: [8] Undefined variable: total_procedure E:\wamp\www\ooxx\Manage\Lib\Action\WaterAction.class.php 第 75 行.
NOTIC: [8] Undefined variable: total_real E:\wamp\www\ooxx\Manage\Lib\Action\WaterAction.class.php 第 76 行.

[ 2016-06-24T17:22:43+08:00 ] 127.0.0.1 /Manerger/index.php/Gift/kmanage
INFO: [ route_check ] --START--
INFO: CheckRoute Behavior ::run [ RunTime:0.001000s ]
INFO: [ route_check ] --END-- [ RunTime:0.001000s ]
INFO: [ app_begin ] --START--
INFO: ReadHtmlCache Behavior ::run [ RunTime:0.001000s ]
INFO: [ app_begin ] --END-- [ RunTime:0.001000s ]
NOTIC: [8] Undefined index: expire E:\wamp\www\ooxx\ThinkPHP\Common\functions.php 第 549 行.
INFO: [ view_parse ] --START--
INFO: ParseTemplate Behavior ::run [ RunTime:0.018001s ]
INFO: [ view_parse ] --END-- [ RunTime:0.018001s ]
INFO: [ view_filter ] --START--
INFO: ContentReplace Behavior ::run [ RunTime:0.001000s ]
INFO: TokenBuild Behavior ::run [ RunTime:0.000000s ]
INFO: WriteHtmlCache Behavior ::run [ RunTime:0.000000s ]
INFO: ShowRuntime Behavior ::run [ RunTime:0.002000s ]
INFO: [ view_filter ] --END-- [ RunTime:0.005000s ]
INFO: [ view_end ] --START--
INFO: ShowPageTrace Behavior ::run [ RunTime:0.001000s ]
INFO: [ view_end ] --END-- [ RunTime:0.001000s ]

[ 2016-06-24T17:22:44+08:00 ] 127.0.0.1 /Manerger/index.php?m=Gift&a=kmanagelist
NOTIC: [2] htmlspecialchars() expects parameter 2 to be long, string given E:\wamp\www\ooxx\ThinkPHP\Lib\Core\App.class.php 第 56 行.
NOTIC: [2] htmlspecialchars() expects parameter 2 to be long, string given E:\wamp\www\ooxx\ThinkPHP\Lib\Core\App.class.php 第 56 行.
INFO: [ app_begin ] --START--
INFO: ReadHtmlCache Behavior ::run [ RunTime:0.002000s ]
INFO: [ app_begin ] --END-- [ RunTime:0.003000s ]
NOTIC: [8] Undefined index: expire E:\wamp\www\ooxx\ThinkPHP\Common\functions.php 第 549 行.
NOTIC: [8] Undefined index: id E:\wamp\www\ooxx\Manage\Lib\Action\GiftAction.class.php 第 16 行.
NOTIC: [8] Undefined index: name E:\wamp\www\ooxx\Manage\Lib\Action\GiftAction.class.php 第 17 行.
SQL: SHOW COLUMNS FROM `oo_gift` [ RunTime:0.008000s ]
NOTIC: [8] Undefined variable: map E:\wamp\www\ooxx\Manage\Lib\Action\GiftAction.class.php 第 24 行.
SQL: SELECT `id`,`name`,`ctime` FROM `oo_gift` LIMIT 0,20   [ RunTime:0.000000s ]
NOTIC: [8] Undefined variable: map E:\wamp\www\ooxx\Manage\Lib\Action\GiftAction.class.php 第 25 行.
SQL: SELECT COUNT(*) AS tp_count FROM `oo_gift` LIMIT 1   [ RunTime:0.000000s ]

[ 2016-06-24T17:24:35+08:00 ] 127.0.0.1 /Manerger/index.php?
INFO: [ app_begin ] --START--
INFO: ReadHtmlCache Behavior ::run [ RunTime:0.001000s ]
INFO: [ app_begin ] --END-- [ RunTime:0.001000s ]
NOTIC: [8] Undefined index: expire E:\wamp\www\ooxx\ThinkPHP\Common\functions.php 第 549 行.
INFO: [ view_parse ] --START--
INFO: ParseTemplate Behavior ::run [ RunTime:0.020001s ]
INFO: [ view_parse ] --END-- [ RunTime:0.021001s ]
INFO: [ view_filter ] --START--
INFO: ContentReplace Behavior ::run [ RunTime:0.001000s ]
INFO: TokenBuild Behavior ::run [ RunTime:0.001000s ]
INFO: WriteHtmlCache Behavior ::run [ RunTime:0.001000s ]
INFO: ShowRuntime Behavior ::run [ RunTime:0.001000s ]
INFO: [ view_filter ] --END-- [ RunTime:0.005000s ]
INFO: [ view_end ] --START--
INFO: ShowPageTrace Behavior ::run [ RunTime:0.001000s ]
INFO: [ view_end ] --END-- [ RunTime:0.001000s ]

[ 2016-06-24T17:24:38+08:00 ] 127.0.0.1 /Manerger/index.php/Gift/kmanage
INFO: [ route_check ] --START--
INFO: CheckRoute Behavior ::run [ RunTime:0.001001s ]
INFO: [ route_check ] --END-- [ RunTime:0.001001s ]
INFO: [ app_begin ] --START--
INFO: ReadHtmlCache Behavior ::run [ RunTime:0.001000s ]
INFO: [ app_begin ] --END-- [ RunTime:0.002000s ]
NOTIC: [8] Undefined index: expire E:\wamp\www\ooxx\ThinkPHP\Common\functions.php 第 549 行.
INFO: [ view_parse ] --START--
INFO: ParseTemplate Behavior ::run [ RunTime:0.012001s ]
INFO: [ view_parse ] --END-- [ RunTime:0.012001s ]
INFO: [ view_filter ] --START--
INFO: ContentReplace Behavior ::run [ RunTime:0.001000s ]
INFO: TokenBuild Behavior ::run [ RunTime:0.001000s ]
INFO: WriteHtmlCache Behavior ::run [ RunTime:0.001000s ]
INFO: ShowRuntime Behavior ::run [ RunTime:0.001000s ]
INFO: [ view_filter ] --END-- [ RunTime:0.004000s ]
INFO: [ view_end ] --START--
INFO: ShowPageTrace Behavior ::run [ RunTime:0.001000s ]
INFO: [ view_end ] --END-- [ RunTime:0.001000s ]

[ 2016-06-24T17:24:39+08:00 ] 127.0.0.1 /Manerger/index.php?m=Gift&a=kmanagelist
NOTIC: [2] htmlspecialchars() expects parameter 2 to be long, string given E:\wamp\www\ooxx\ThinkPHP\Lib\Core\App.class.php 第 56 行.
NOTIC: [2] htmlspecialchars() expects parameter 2 to be long, string given E:\wamp\www\ooxx\ThinkPHP\Lib\Core\App.class.php 第 56 行.
INFO: [ app_begin ] --START--
INFO: ReadHtmlCache Behavior ::run [ RunTime:0.002001s ]
INFO: [ app_begin ] --END-- [ RunTime:0.002001s ]
NOTIC: [8] Undefined index: expire E:\wamp\www\ooxx\ThinkPHP\Common\functions.php 第 549 行.
NOTIC: [8] Undefined index: id E:\wamp\www\ooxx\Manage\Lib\Action\GiftAction.class.php 第 16 行.
NOTIC: [8] Undefined index: name E:\wamp\www\ooxx\Manage\Lib\Action\GiftAction.class.php 第 17 行.
SQL: SHOW COLUMNS FROM `oo_gift` [ RunTime:0.006000s ]
NOTIC: [8] Undefined variable: map E:\wamp\www\ooxx\Manage\Lib\Action\GiftAction.class.php 第 24 行.
SQL: SELECT `id`,`name`,`ctime` FROM `oo_gift` LIMIT 0,20   [ RunTime:0.001000s ]
NOTIC: [8] Undefined variable: map E:\wamp\www\ooxx\Manage\Lib\Action\GiftAction.class.php 第 25 行.
SQL: SELECT COUNT(*) AS tp_count FROM `oo_gift` LIMIT 1   [ RunTime:0.001000s ]

[ 2016-06-24T17:24:54+08:00 ] 127.0.0.1 /Manerger/index.php?m=Gift&a=add
NOTIC: [2] htmlspecialchars() expects parameter 2 to be long, string given E:\wamp\www\ooxx\ThinkPHP\Lib\Core\App.class.php 第 56 行.
INFO: [ app_begin ] --START--
INFO: ReadHtmlCache Behavior ::run [ RunTime:0.001000s ]
INFO: [ app_begin ] --END-- [ RunTime:0.001000s ]
NOTIC: [8] Undefined index: expire E:\wamp\www\ooxx\ThinkPHP\Common\functions.php 第 549 行.
SQL: SHOW COLUMNS FROM `oo_gift` [ RunTime:0.003000s ]
NOTIC: 建议使用I方法替代_post
SQL: INSERT INTO `oo_gift` (`name`,`ctime`) VALUES ('1',1466760294) [ RunTime:0.003001s ]

[ 2016-06-24T17:24:54+08:00 ] 127.0.0.1 /Manerger/index.php?m=Gift&a=kmanagelist
NOTIC: [2] htmlspecialchars() expects parameter 2 to be long, string given E:\wamp\www\ooxx\ThinkPHP\Lib\Core\App.class.php 第 56 行.
NOTIC: [2] htmlspecialchars() expects parameter 2 to be long, string given E:\wamp\www\ooxx\ThinkPHP\Lib\Core\App.class.php 第 56 行.
INFO: [ app_begin ] --START--
INFO: ReadHtmlCache Behavior ::run [ RunTime:0.002000s ]
INFO: [ app_begin ] --END-- [ RunTime:0.002000s ]
NOTIC: [8] Undefined index: expire E:\wamp\www\ooxx\ThinkPHP\Common\functions.php 第 549 行.
NOTIC: [8] Undefined index: id E:\wamp\www\ooxx\Manage\Lib\Action\GiftAction.class.php 第 16 行.
NOTIC: [8] Undefined index: name E:\wamp\www\ooxx\Manage\Lib\Action\GiftAction.class.php 第 17 行.
SQL: SHOW COLUMNS FROM `oo_gift` [ RunTime:0.004000s ]
NOTIC: [8] Undefined variable: map E:\wamp\www\ooxx\Manage\Lib\Action\GiftAction.class.php 第 24 行.
SQL: SELECT `id`,`name`,`ctime` FROM `oo_gift` LIMIT 0,20   [ RunTime:0.001000s ]
NOTIC: [8] Undefined variable: map E:\wamp\www\ooxx\Manage\Lib\Action\GiftAction.class.php 第 25 行.
SQL: SELECT COUNT(*) AS tp_count FROM `oo_gift` LIMIT 1   [ RunTime:0.001000s ]

[ 2016-06-24T17:25:04+08:00 ] 127.0.0.1 /Manerger/index.php/Gift/del
INFO: [ route_check ] --START--
INFO: CheckRoute Behavior ::run [ RunTime:0.001000s ]
INFO: [ route_check ] --END-- [ RunTime:0.002000s ]
NOTIC: [2] htmlspecialchars() expects parameter 2 to be long, string given E:\wamp\www\ooxx\ThinkPHP\Lib\Core\App.class.php 第 56 行.
INFO: [ app_begin ] --START--
INFO: ReadHtmlCache Behavior ::run [ RunTime:0.001000s ]
INFO: [ app_begin ] --END-- [ RunTime:0.002000s ]
NOTIC: [8] Undefined index: expire E:\wamp\www\ooxx\ThinkPHP\Common\functions.php 第 549 行.
NOTIC: 建议使用I方法替代_post
SQL: SHOW COLUMNS FROM `oo_gift` [ RunTime:0.004000s ]
SQL: DELETE FROM `oo_gift` WHERE ( id=56 ) [ RunTime:0.004001s ]

[ 2016-06-24T17:25:04+08:00 ] 127.0.0.1 /Manerger/index.php?m=Gift&a=kmanagelist
NOTIC: [2] htmlspecialchars() expects parameter 2 to be long, string given E:\wamp\www\ooxx\ThinkPHP\Lib\Core\App.class.php 第 56 行.
NOTIC: [2] htmlspecialchars() expects parameter 2 to be long, string given E:\wamp\www\ooxx\ThinkPHP\Lib\Core\App.class.php 第 56 行.
INFO: [ app_begin ] --START--
INFO: ReadHtmlCache Behavior ::run [ RunTime:0.001000s ]
INFO: [ app_begin ] --END-- [ RunTime:0.002000s ]
NOTIC: [8] Undefined index: expire E:\wamp\www\ooxx\ThinkPHP\Common\functions.php 第 549 行.
NOTIC: [8] Undefined index: id E:\wamp\www\ooxx\Manage\Lib\Action\GiftAction.class.php 第 16 行.
NOTIC: [8] Undefined index: name E:\wamp\www\ooxx\Manage\Lib\Action\GiftAction.class.php 第 17 行.
SQL: SHOW COLUMNS FROM `oo_gift` [ RunTime:0.003000s ]
NOTIC: [8] Undefined variable: map E:\wamp\www\ooxx\Manage\Lib\Action\GiftAction.class.php 第 24 行.
SQL: SELECT `id`,`name`,`ctime` FROM `oo_gift` LIMIT 0,20   [ RunTime:0.000000s ]
NOTIC: [8] Undefined variable: map E:\wamp\www\ooxx\Manage\Lib\Action\GiftAction.class.php 第 25 行.
SQL: SELECT COUNT(*) AS tp_count FROM `oo_gift` LIMIT 1   [ RunTime:0.000000s ]

[ 2016-06-24T17:25:24+08:00 ] 127.0.0.1 /Manerger/index.php?
INFO: [ app_begin ] --START--
INFO: ReadHtmlCache Behavior ::run [ RunTime:0.002000s ]
INFO: [ app_begin ] --END-- [ RunTime:0.003000s ]
NOTIC: [8] Undefined index: expire E:\wamp\www\ooxx\ThinkPHP\Common\functions.php 第 549 行.
INFO: [ view_parse ] --START--
INFO: ParseTemplate Behavior ::run [ RunTime:0.028002s ]
INFO: [ view_parse ] --END-- [ RunTime:0.029002s ]
INFO: [ view_filter ] --START--
INFO: ContentReplace Behavior ::run [ RunTime:0.001000s ]
INFO: TokenBuild Behavior ::run [ RunTime:0.001000s ]
INFO: WriteHtmlCache Behavior ::run [ RunTime:0.001000s ]
INFO: ShowRuntime Behavior ::run [ RunTime:0.001000s ]
INFO: [ view_filter ] --END-- [ RunTime:0.005000s ]
INFO: [ view_end ] --START--
INFO: ShowPageTrace Behavior ::run [ RunTime:0.002001s ]
INFO: [ view_end ] --END-- [ RunTime:0.003001s ]

[ 2016-06-24T17:25:27+08:00 ] 127.0.0.1 /Manerger/index.php/Gift/kmanage
INFO: [ route_check ] --START--
INFO: CheckRoute Behavior ::run [ RunTime:0.001000s ]
INFO: [ route_check ] --END-- [ RunTime:0.001000s ]
INFO: [ app_begin ] --START--
INFO: ReadHtmlCache Behavior ::run [ RunTime:0.001000s ]
INFO: [ app_begin ] --END-- [ RunTime:0.001000s ]
NOTIC: [8] Undefined index: expire E:\wamp\www\ooxx\ThinkPHP\Common\functions.php 第 549 行.
INFO: [ view_parse ] --START--
INFO: ParseTemplate Behavior ::run [ RunTime:0.012001s ]
INFO: [ view_parse ] --END-- [ RunTime:0.012001s ]
INFO: [ view_filter ] --START--
INFO: ContentReplace Behavior ::run [ RunTime:0.001000s ]
INFO: TokenBuild Behavior ::run [ RunTime:0.001000s ]
INFO: WriteHtmlCache Behavior ::run [ RunTime:0.001000s ]
INFO: ShowRuntime Behavior ::run [ RunTime:0.001000s ]
INFO: [ view_filter ] --END-- [ RunTime:0.004000s ]
INFO: [ view_end ] --START--
INFO: ShowPageTrace Behavior ::run [ RunTime:0.001001s ]
INFO: [ view_end ] --END-- [ RunTime:0.002001s ]

[ 2016-06-24T17:25:28+08:00 ] 127.0.0.1 /Manerger/index.php?m=Gift&a=kmanagelist
NOTIC: [2] htmlspecialchars() expects parameter 2 to be long, string given E:\wamp\www\ooxx\ThinkPHP\Lib\Core\App.class.php 第 56 行.
NOTIC: [2] htmlspecialchars() expects parameter 2 to be long, string given E:\wamp\www\ooxx\ThinkPHP\Lib\Core\App.class.php 第 56 行.
INFO: [ app_begin ] --START--
INFO: ReadHtmlCache Behavior ::run [ RunTime:0.002000s ]
INFO: [ app_begin ] --END-- [ RunTime:0.002000s ]
NOTIC: [8] Undefined index: expire E:\wamp\www\ooxx\ThinkPHP\Common\functions.php 第 549 行.
NOTIC: [8] Undefined index: id E:\wamp\www\ooxx\Manage\Lib\Action\GiftAction.class.php 第 16 行.
NOTIC: [8] Undefined index: name E:\wamp\www\ooxx\Manage\Lib\Action\GiftAction.class.php 第 17 行.
SQL: SHOW COLUMNS FROM `oo_gift` [ RunTime:0.004000s ]
NOTIC: [8] Undefined variable: map E:\wamp\www\ooxx\Manage\Lib\Action\GiftAction.class.php 第 24 行.
SQL: SELECT `id`,`name`,`ctime` FROM `oo_gift` LIMIT 0,20   [ RunTime:0.001000s ]
NOTIC: [8] Undefined variable: map E:\wamp\www\ooxx\Manage\Lib\Action\GiftAction.class.php 第 25 行.
SQL: SELECT COUNT(*) AS tp_count FROM `oo_gift` LIMIT 1   [ RunTime:0.000000s ]

[ 2016-06-24T17:25:33+08:00 ] 127.0.0.1 /Manerger/index.php?m=Gift&a=add
NOTIC: [2] htmlspecialchars() expects parameter 2 to be long, string given E:\wamp\www\ooxx\ThinkPHP\Lib\Core\App.class.php 第 56 行.
INFO: [ app_begin ] --START--
INFO: ReadHtmlCache Behavior ::run [ RunTime:0.001000s ]
INFO: [ app_begin ] --END-- [ RunTime:0.001000s ]
NOTIC: [8] Undefined index: expire E:\wamp\www\ooxx\ThinkPHP\Common\functions.php 第 549 行.
SQL: SHOW COLUMNS FROM `oo_gift` [ RunTime:0.003000s ]
NOTIC: 建议使用I方法替代_post
SQL: INSERT INTO `oo_gift` (`name`,`ctime`) VALUES ('111',1466760333) [ RunTime:0.003001s ]

[ 2016-06-24T17:25:33+08:00 ] 127.0.0.1 /Manerger/index.php?m=Gift&a=kmanagelist
NOTIC: [2] htmlspecialchars() expects parameter 2 to be long, string given E:\wamp\www\ooxx\ThinkPHP\Lib\Core\App.class.php 第 56 行.
NOTIC: [2] htmlspecialchars() expects parameter 2 to be long, string given E:\wamp\www\ooxx\ThinkPHP\Lib\Core\App.class.php 第 56 行.
INFO: [ app_begin ] --START--
INFO: ReadHtmlCache Behavior ::run [ RunTime:0.001000s ]
INFO: [ app_begin ] --END-- [ RunTime:0.002000s ]
NOTIC: [8] Undefined index: expire E:\wamp\www\ooxx\ThinkPHP\Common\functions.php 第 549 行.
NOTIC: [8] Undefined index: id E:\wamp\www\ooxx\Manage\Lib\Action\GiftAction.class.php 第 16 行.
NOTIC: [8] Undefined index: name E:\wamp\www\ooxx\Manage\Lib\Action\GiftAction.class.php 第 17 行.
SQL: SHOW COLUMNS FROM `oo_gift` [ RunTime:0.004000s ]
NOTIC: [8] Undefined variable: map E:\wamp\www\ooxx\Manage\Lib\Action\GiftAction.class.php 第 24 行.
SQL: SELECT `id`,`name`,`ctime` FROM `oo_gift` LIMIT 0,20   [ RunTime:0.000000s ]
NOTIC: [8] Undefined variable: map E:\wamp\www\ooxx\Manage\Lib\Action\GiftAction.class.php 第 25 行.
SQL: SELECT COUNT(*) AS tp_count FROM `oo_gift` LIMIT 1   [ RunTime:0.000000s ]

[ 2016-06-24T17:25:56+08:00 ] 127.0.0.1 /Manerger/index.php/Gift/del
INFO: [ route_check ] --START--
INFO: CheckRoute Behavior ::run [ RunTime:0.002000s ]
INFO: [ route_check ] --END-- [ RunTime:0.002000s ]
NOTIC: [2] htmlspecialchars() expects parameter 2 to be long, string given E:\wamp\www\ooxx\ThinkPHP\Lib\Core\App.class.php 第 56 行.
INFO: [ app_begin ] --START--
INFO: ReadHtmlCache Behavior ::run [ RunTime:0.001000s ]
INFO: [ app_begin ] --END-- [ RunTime:0.001000s ]
NOTIC: [8] Undefined index: expire E:\wamp\www\ooxx\ThinkPHP\Common\functions.php 第 549 行.
NOTIC: 建议使用I方法替代_post
SQL: SHOW COLUMNS FROM `oo_gift` [ RunTime:0.004001s ]
SQL: DELETE FROM `oo_gift` WHERE ( id=57 ) [ RunTime:0.020001s ]

[ 2016-06-24T17:25:56+08:00 ] 127.0.0.1 /Manerger/index.php?m=Gift&a=kmanagelist
NOTIC: [2] htmlspecialchars() expects parameter 2 to be long, string given E:\wamp\www\ooxx\ThinkPHP\Lib\Core\App.class.php 第 56 行.
NOTIC: [2] htmlspecialchars() expects parameter 2 to be long, string given E:\wamp\www\ooxx\ThinkPHP\Lib\Core\App.class.php 第 56 行.
INFO: [ app_begin ] --START--
INFO: ReadHtmlCache Behavior ::run [ RunTime:0.002000s ]
INFO: [ app_begin ] --END-- [ RunTime:0.002000s ]
NOTIC: [8] Undefined index: expire E:\wamp\www\ooxx\ThinkPHP\Common\functions.php 第 549 行.
NOTIC: [8] Undefined index: id E:\wamp\www\ooxx\Manage\Lib\Action\GiftAction.class.php 第 16 行.
NOTIC: [8] Undefined index: name E:\wamp\www\ooxx\Manage\Lib\Action\GiftAction.class.php 第 17 行.
SQL: SHOW COLUMNS FROM `oo_gift` [ RunTime:0.004000s ]
NOTIC: [8] Undefined variable: map E:\wamp\www\ooxx\Manage\Lib\Action\GiftAction.class.php 第 24 行.
SQL: SELECT `id`,`name`,`ctime` FROM `oo_gift` LIMIT 0,20   [ RunTime:0.000000s ]
NOTIC: [8] Undefined variable: map E:\wamp\www\ooxx\Manage\Lib\Action\GiftAction.class.php 第 25 行.
SQL: SELECT COUNT(*) AS tp_count FROM `oo_gift` LIMIT 1   [ RunTime:0.000000s ]

[ 2016-06-24T17:25:59+08:00 ] 127.0.0.1 /Manerger/index.php?
INFO: [ app_begin ] --START--
INFO: ReadHtmlCache Behavior ::run [ RunTime:0.001000s ]
INFO: [ app_begin ] --END-- [ RunTime:0.001000s ]
NOTIC: [8] Undefined index: expire E:\wamp\www\ooxx\ThinkPHP\Common\functions.php 第 549 行.
INFO: [ view_parse ] --START--
INFO: ParseTemplate Behavior ::run [ RunTime:0.017001s ]
INFO: [ view_parse ] --END-- [ RunTime:0.018001s ]
INFO: [ view_filter ] --START--
INFO: ContentReplace Behavior ::run [ RunTime:0.002000s ]
INFO: TokenBuild Behavior ::run [ RunTime:0.001000s ]
INFO: WriteHtmlCache Behavior ::run [ RunTime:0.000000s ]
INFO: ShowRuntime Behavior ::run [ RunTime:0.001000s ]
INFO: [ view_filter ] --END-- [ RunTime:0.006000s ]
INFO: [ view_end ] --START--
INFO: ShowPageTrace Behavior ::run [ RunTime:0.001001s ]
INFO: [ view_end ] --END-- [ RunTime:0.001001s ]

[ 2016-06-24T17:26:03+08:00 ] 127.0.0.1 /Manerger/index.php/Gift/kmanage
INFO: [ route_check ] --START--
INFO: CheckRoute Behavior ::run [ RunTime:0.001000s ]
INFO: [ route_check ] --END-- [ RunTime:0.002000s ]
INFO: [ app_begin ] --START--
INFO: ReadHtmlCache Behavior ::run [ RunTime:0.001000s ]
INFO: [ app_begin ] --END-- [ RunTime:0.002000s ]
NOTIC: [8] Undefined index: expire E:\wamp\www\ooxx\ThinkPHP\Common\functions.php 第 549 行.
INFO: [ view_parse ] --START--
INFO: ParseTemplate Behavior ::run [ RunTime:0.016001s ]
INFO: [ view_parse ] --END-- [ RunTime:0.016001s ]
INFO: [ view_filter ] --START--
INFO: ContentReplace Behavior ::run [ RunTime:0.001000s ]
INFO: TokenBuild Behavior ::run [ RunTime:0.001000s ]
INFO: WriteHtmlCache Behavior ::run [ RunTime:0.001000s ]
INFO: ShowRuntime Behavior ::run [ RunTime:0.001000s ]
INFO: [ view_filter ] --END-- [ RunTime:0.004000s ]
INFO: [ view_end ] --START--
INFO: ShowPageTrace Behavior ::run [ RunTime:0.001000s ]
INFO: [ view_end ] --END-- [ RunTime:0.001000s ]

[ 2016-06-24T17:26:04+08:00 ] 127.0.0.1 /Manerger/index.php?m=Gift&a=kmanagelist
NOTIC: [2] htmlspecialchars() expects parameter 2 to be long, string given E:\wamp\www\ooxx\ThinkPHP\Lib\Core\App.class.php 第 56 行.
NOTIC: [2] htmlspecialchars() expects parameter 2 to be long, string given E:\wamp\www\ooxx\ThinkPHP\Lib\Core\App.class.php 第 56 行.
INFO: [ app_begin ] --START--
INFO: ReadHtmlCache Behavior ::run [ RunTime:0.001000s ]
INFO: [ app_begin ] --END-- [ RunTime:0.002000s ]
NOTIC: [8] Undefined index: expire E:\wamp\www\ooxx\ThinkPHP\Common\functions.php 第 549 行.
NOTIC: [8] Undefined index: id E:\wamp\www\ooxx\Manage\Lib\Action\GiftAction.class.php 第 16 行.
NOTIC: [8] Undefined index: name E:\wamp\www\ooxx\Manage\Lib\Action\GiftAction.class.php 第 17 行.
SQL: SHOW COLUMNS FROM `oo_gift` [ RunTime:0.004000s ]
NOTIC: [8] Undefined variable: map E:\wamp\www\ooxx\Manage\Lib\Action\GiftAction.class.php 第 24 行.
SQL: SELECT `id`,`name`,`ctime` FROM `oo_gift` LIMIT 0,20   [ RunTime:0.001000s ]
NOTIC: [8] Undefined variable: map E:\wamp\www\ooxx\Manage\Lib\Action\GiftAction.class.php 第 25 行.
SQL: SELECT COUNT(*) AS tp_count FROM `oo_gift` LIMIT 1   [ RunTime:0.001000s ]

[ 2016-06-24T17:28:00+08:00 ] 127.0.0.1 /Manerger/index.php?
INFO: [ app_begin ] --START--
INFO: ReadHtmlCache Behavior ::run [ RunTime:0.002000s ]
INFO: [ app_begin ] --END-- [ RunTime:0.003000s ]
NOTIC: [8] Undefined index: expire E:\wamp\www\ooxx\ThinkPHP\Common\functions.php 第 549 行.
INFO: [ view_parse ] --START--
INFO: ParseTemplate Behavior ::run [ RunTime:0.023001s ]
INFO: [ view_parse ] --END-- [ RunTime:0.023001s ]
INFO: [ view_filter ] --START--
INFO: ContentReplace Behavior ::run [ RunTime:0.001000s ]
INFO: TokenBuild Behavior ::run [ RunTime:0.001000s ]
INFO: WriteHtmlCache Behavior ::run [ RunTime:0.001000s ]
INFO: ShowRuntime Behavior ::run [ RunTime:0.002000s ]
INFO: [ view_filter ] --END-- [ RunTime:0.007000s ]
INFO: [ view_end ] --START--
INFO: ShowPageTrace Behavior ::run [ RunTime:0.001000s ]
INFO: [ view_end ] --END-- [ RunTime:0.001000s ]

[ 2016-06-24T17:28:03+08:00 ] 127.0.0.1 /Manerger/index.php/Gift/gmanage
INFO: [ route_check ] --START--
INFO: CheckRoute Behavior ::run [ RunTime:0.002000s ]
INFO: [ route_check ] --END-- [ RunTime:0.002000s ]
INFO: [ app_begin ] --START--
INFO: ReadHtmlCache Behavior ::run [ RunTime:0.002000s ]
INFO: [ app_begin ] --END-- [ RunTime:0.002000s ]
NOTIC: [8] Undefined index: expire E:\wamp\www\ooxx\ThinkPHP\Common\functions.php 第 549 行.
INFO: [ view_parse ] --START--
INFO: ParseTemplate Behavior ::run [ RunTime:0.016001s ]
INFO: [ view_parse ] --END-- [ RunTime:0.016001s ]
INFO: [ view_filter ] --START--
INFO: ContentReplace Behavior ::run [ RunTime:0.001000s ]
INFO: TokenBuild Behavior ::run [ RunTime:0.001000s ]
INFO: WriteHtmlCache Behavior ::run [ RunTime:0.001001s ]
INFO: ShowRuntime Behavior ::run [ RunTime:0.001000s ]
INFO: [ view_filter ] --END-- [ RunTime:0.004001s ]
INFO: [ view_end ] --START--
INFO: ShowPageTrace Behavior ::run [ RunTime:0.001000s ]
INFO: [ view_end ] --END-- [ RunTime:0.002000s ]

[ 2016-06-24T17:28:04+08:00 ] 127.0.0.1 /Manerger/index.php?m=Gift&a=gmanagelist
NOTIC: [2] htmlspecialchars() expects parameter 2 to be long, string given E:\wamp\www\ooxx\ThinkPHP\Lib\Core\App.class.php 第 56 行.
NOTIC: [2] htmlspecialchars() expects parameter 2 to be long, string given E:\wamp\www\ooxx\ThinkPHP\Lib\Core\App.class.php 第 56 行.
INFO: [ app_begin ] --START--
INFO: ReadHtmlCache Behavior ::run [ RunTime:0.001000s ]
INFO: [ app_begin ] --END-- [ RunTime:0.001000s ]
NOTIC: [8] Undefined index: expire E:\wamp\www\ooxx\ThinkPHP\Common\functions.php 第 549 行.
NOTIC: [8] Undefined index: id E:\wamp\www\ooxx\Manage\Lib\Action\GiftAction.class.php 第 44 行.
NOTIC: [8] Undefined index: name E:\wamp\www\ooxx\Manage\Lib\Action\GiftAction.class.php 第 45 行.
NOTIC: [8] Undefined index: money E:\wamp\www\ooxx\Manage\Lib\Action\GiftAction.class.php 第 46 行.
NOTIC: [8] Undefined index: status E:\wamp\www\ooxx\Manage\Lib\Action\GiftAction.class.php 第 47 行.
SQL: SHOW COLUMNS FROM `oo_gift` [ RunTime:0.003001s ]
NOTIC: [8] Undefined variable: map E:\wamp\www\ooxx\Manage\Lib\Action\GiftAction.class.php 第 55 行.
SQL: SELECT `id`,`pid`,`name`,`money`,`status`,`ctime` FROM `oo_gift` LIMIT 0,20   [ RunTime:0.001000s ]
NOTIC: [8] Undefined variable: map E:\wamp\www\ooxx\Manage\Lib\Action\GiftAction.class.php 第 56 行.
SQL: SELECT COUNT(*) AS tp_count FROM `oo_gift` LIMIT 1   [ RunTime:0.001000s ]
SQL: SELECT `name` FROM `oo_gift` WHERE ( id=0 ) LIMIT 1   [ RunTime:0.000000s ]
SQL: SELECT `name` FROM `oo_gift` WHERE ( id=0 ) LIMIT 1   [ RunTime:0.001000s ]
SQL: SELECT `name` FROM `oo_gift` WHERE ( id=0 ) LIMIT 1   [ RunTime:0.001000s ]
SQL: SELECT `name` FROM `oo_gift` WHERE ( id=0 ) LIMIT 1   [ RunTime:0.001000s ]
SQL: SELECT `name` FROM `oo_gift` WHERE ( id=0 ) LIMIT 1   [ RunTime:0.001001s ]
SQL: SELECT `name` FROM `oo_gift` WHERE ( id=1 ) LIMIT 1   [ RunTime:0.000000s ]
SQL: SELECT `name` FROM `oo_gift` WHERE ( id=8 ) LIMIT 1   [ RunTime:0.001000s ]
SQL: SELECT `name` FROM `oo_gift` WHERE ( id=10 ) LIMIT 1   [ RunTime:0.001000s ]

[ 2016-06-24T17:28:06+08:00 ] 127.0.0.1 /Manerger/index.php/Gift/GiftList
INFO: [ route_check ] --START--
INFO: CheckRoute Behavior ::run [ RunTime:0.002000s ]
INFO: [ route_check ] --END-- [ RunTime:0.002000s ]
INFO: [ app_begin ] --START--
INFO: ReadHtmlCache Behavior ::run [ RunTime:0.001000s ]
INFO: [ app_begin ] --END-- [ RunTime:0.001000s ]
NOTIC: [8] Undefined index: expire E:\wamp\www\ooxx\ThinkPHP\Common\functions.php 第 549 行.

[ 2016-06-24T17:28:10+08:00 ] 127.0.0.1 /Manerger/index.php/Gift/kmanage
INFO: [ route_check ] --START--
INFO: CheckRoute Behavior ::run [ RunTime:0.001000s ]
INFO: [ route_check ] --END-- [ RunTime:0.002000s ]
INFO: [ app_begin ] --START--
INFO: ReadHtmlCache Behavior ::run [ RunTime:0.001000s ]
INFO: [ app_begin ] --END-- [ RunTime:0.002000s ]
NOTIC: [8] Undefined index: expire E:\wamp\www\ooxx\ThinkPHP\Common\functions.php 第 549 行.
INFO: [ view_parse ] --START--
INFO: ParseTemplate Behavior ::run [ RunTime:0.015001s ]
INFO: [ view_parse ] --END-- [ RunTime:0.015001s ]
INFO: [ view_filter ] --START--
INFO: ContentReplace Behavior ::run [ RunTime:0.001000s ]
INFO: TokenBuild Behavior ::run [ RunTime:0.000000s ]
INFO: WriteHtmlCache Behavior ::run [ RunTime:0.000000s ]
INFO: ShowRuntime Behavior ::run [ RunTime:0.001000s ]
INFO: [ view_filter ] --END-- [ RunTime:0.004000s ]
INFO: [ view_end ] --START--
INFO: ShowPageTrace Behavior ::run [ RunTime:0.001000s ]
INFO: [ view_end ] --END-- [ RunTime:0.001000s ]

[ 2016-06-24T17:28:10+08:00 ] 127.0.0.1 /Manerger/index.php?m=Gift&a=kmanagelist
NOTIC: [2] htmlspecialchars() expects parameter 2 to be long, string given E:\wamp\www\ooxx\ThinkPHP\Lib\Core\App.class.php 第 56 行.
NOTIC: [2] htmlspecialchars() expects parameter 2 to be long, string given E:\wamp\www\ooxx\ThinkPHP\Lib\Core\App.class.php 第 56 行.
INFO: [ app_begin ] --START--
INFO: ReadHtmlCache Behavior ::run [ RunTime:0.001001s ]
INFO: [ app_begin ] --END-- [ RunTime:0.002001s ]
NOTIC: [8] Undefined index: expire E:\wamp\www\ooxx\ThinkPHP\Common\functions.php 第 549 行.
NOTIC: [8] Undefined index: id E:\wamp\www\ooxx\Manage\Lib\Action\GiftAction.class.php 第 16 行.
NOTIC: [8] Undefined index: name E:\wamp\www\ooxx\Manage\Lib\Action\GiftAction.class.php 第 17 行.
SQL: SHOW COLUMNS FROM `oo_gift` [ RunTime:0.005000s ]
NOTIC: [8] Undefined variable: map E:\wamp\www\ooxx\Manage\Lib\Action\GiftAction.class.php 第 24 行.
SQL: SELECT `id`,`name`,`ctime` FROM `oo_gift` LIMIT 0,20   [ RunTime:0.000000s ]
NOTIC: [8] Undefined variable: map E:\wamp\www\ooxx\Manage\Lib\Action\GiftAction.class.php 第 25 行.
SQL: SELECT COUNT(*) AS tp_count FROM `oo_gift` LIMIT 1   [ RunTime:0.001000s ]

[ 2016-06-24T17:28:14+08:00 ] 127.0.0.1 /Manerger/index.php?m=Gift&a=add
NOTIC: [2] htmlspecialchars() expects parameter 2 to be long, string given E:\wamp\www\ooxx\ThinkPHP\Lib\Core\App.class.php 第 56 行.
INFO: [ app_begin ] --START--
INFO: ReadHtmlCache Behavior ::run [ RunTime:0.001000s ]
INFO: [ app_begin ] --END-- [ RunTime:0.001000s ]
NOTIC: [8] Undefined index: expire E:\wamp\www\ooxx\ThinkPHP\Common\functions.php 第 549 行.
SQL: SHOW COLUMNS FROM `oo_gift` [ RunTime:0.003001s ]
NOTIC: 建议使用I方法替代_post
SQL: INSERT INTO `oo_gift` (`name`,`ctime`) VALUES ('',1466760494) [ RunTime:0.005000s ]

[ 2016-06-24T17:28:14+08:00 ] 127.0.0.1 /Manerger/index.php?m=Gift&a=kmanagelist
NOTIC: [2] htmlspecialchars() expects parameter 2 to be long, string given E:\wamp\www\ooxx\ThinkPHP\Lib\Core\App.class.php 第 56 行.
NOTIC: [2] htmlspecialchars() expects parameter 2 to be long, string given E:\wamp\www\ooxx\ThinkPHP\Lib\Core\App.class.php 第 56 行.
INFO: [ app_begin ] --START--
INFO: ReadHtmlCache Behavior ::run [ RunTime:0.001000s ]
INFO: [ app_begin ] --END-- [ RunTime:0.001000s ]
NOTIC: [8] Undefined index: expire E:\wamp\www\ooxx\ThinkPHP\Common\functions.php 第 549 行.
NOTIC: [8] Undefined index: id E:\wamp\www\ooxx\Manage\Lib\Action\GiftAction.class.php 第 16 行.
NOTIC: [8] Undefined index: name E:\wamp\www\ooxx\Manage\Lib\Action\GiftAction.class.php 第 17 行.
SQL: SHOW COLUMNS FROM `oo_gift` [ RunTime:0.003001s ]
NOTIC: [8] Undefined variable: map E:\wamp\www\ooxx\Manage\Lib\Action\GiftAction.class.php 第 24 行.
SQL: SELECT `id`,`name`,`ctime` FROM `oo_gift` LIMIT 0,20   [ RunTime:0.000000s ]
NOTIC: [8] Undefined variable: map E:\wamp\www\ooxx\Manage\Lib\Action\GiftAction.class.php 第 25 行.
SQL: SELECT COUNT(*) AS tp_count FROM `oo_gift` LIMIT 1   [ RunTime:0.001000s ]

[ 2016-06-24T17:28:16+08:00 ] 127.0.0.1 /Manerger/index.php/Gift/del
INFO: [ route_check ] --START--
INFO: CheckRoute Behavior ::run [ RunTime:0.002000s ]
INFO: [ route_check ] --END-- [ RunTime:0.002000s ]
NOTIC: [2] htmlspecialchars() expects parameter 2 to be long, string given E:\wamp\www\ooxx\ThinkPHP\Lib\Core\App.class.php 第 56 行.
INFO: [ app_begin ] --START--
INFO: ReadHtmlCache Behavior ::run [ RunTime:0.001001s ]
INFO: [ app_begin ] --END-- [ RunTime:0.001001s ]
NOTIC: [8] Undefined index: expire E:\wamp\www\ooxx\ThinkPHP\Common\functions.php 第 549 行.
NOTIC: 建议使用I方法替代_post
SQL: SHOW COLUMNS FROM `oo_gift` [ RunTime:0.003001s ]
SQL: DELETE FROM `oo_gift` WHERE ( id=58 ) [ RunTime:0.023001s ]

[ 2016-06-24T17:28:16+08:00 ] 127.0.0.1 /Manerger/index.php?m=Gift&a=kmanagelist
NOTIC: [2] htmlspecialchars() expects parameter 2 to be long, string given E:\wamp\www\ooxx\ThinkPHP\Lib\Core\App.class.php 第 56 行.
NOTIC: [2] htmlspecialchars() expects parameter 2 to be long, string given E:\wamp\www\ooxx\ThinkPHP\Lib\Core\App.class.php 第 56 行.
INFO: [ app_begin ] --START--
INFO: ReadHtmlCache Behavior ::run [ RunTime:0.001000s ]
INFO: [ app_begin ] --END-- [ RunTime:0.002000s ]
NOTIC: [8] Undefined index: expire E:\wamp\www\ooxx\ThinkPHP\Common\functions.php 第 549 行.
NOTIC: [8] Undefined index: id E:\wamp\www\ooxx\Manage\Lib\Action\GiftAction.class.php 第 16 行.
NOTIC: [8] Undefined index: name E:\wamp\www\ooxx\Manage\Lib\Action\GiftAction.class.php 第 17 行.
SQL: SHOW COLUMNS FROM `oo_gift` [ RunTime:0.004000s ]
NOTIC: [8] Undefined variable: map E:\wamp\www\ooxx\Manage\Lib\Action\GiftAction.class.php 第 24 行.
SQL: SELECT `id`,`name`,`ctime` FROM `oo_gift` LIMIT 0,20   [ RunTime:0.001000s ]
NOTIC: [8] Undefined variable: map E:\wamp\www\ooxx\Manage\Lib\Action\GiftAction.class.php 第 25 行.
SQL: SELECT COUNT(*) AS tp_count FROM `oo_gift` LIMIT 1   [ RunTime:0.000000s ]

