[ 2016-12-27T12:03:04+08:00 ] 127.0.0.1 /Manerger/
INFO: [ app_begin ] --START--
INFO: ReadHtmlCache Behavior ::run [ RunTime:0.002000s ]
INFO: [ app_begin ] --END-- [ RunTime:0.004000s ]
NOTIC: [8] Undefined index: expire D:\phpstudy\WWW\dcyd\ThinkPHP\Common\functions.php 第 549 行.
NOTIC: [8] Undefined index: admin D:\phpstudy\WWW\dcyd\Manage\Lib\Action\IndexAction.class.php 第 5 行.
INFO: [ view_parse ] --START--
NOTIC: [8] Undefined index: admin D:\phpstudy\WWW\dcyd\Manage\Runtime\Cache\6eb21b90e50e413ebd495101e2f3fb87.php 第 27 行.
INFO: ParseTemplate Behavior ::run [ RunTime:0.036002s ]
INFO: [ view_parse ] --END-- [ RunTime:0.038002s ]
INFO: [ view_filter ] --START--
INFO: ContentReplace Behavior ::run [ RunTime:0.002000s ]
INFO: TokenBuild Behavior ::run [ RunTime:0.002000s ]
INFO: WriteHtmlCache Behavior ::run [ RunTime:0.001000s ]
INFO: ShowRuntime Behavior ::run [ RunTime:0.003000s ]
INFO: [ view_filter ] --END-- [ RunTime:0.009000s ]
INFO: [ view_end ] --START--
INFO: ShowPageTrace Behavior ::run [ RunTime:0.003001s ]
INFO: [ view_end ] --END-- [ RunTime:0.003001s ]

[ 2016-12-27T12:03:04+08:00 ] 127.0.0.1 /Manerger/index.php/Public/login.html
INFO: [ route_check ] --START--
INFO: CheckRoute Behavior ::run [ RunTime:0.001000s ]
INFO: [ route_check ] --END-- [ RunTime:0.003000s ]
INFO: [ app_begin ] --START--
INFO: ReadHtmlCache Behavior ::run [ RunTime:0.001000s ]
INFO: [ app_begin ] --END-- [ RunTime:0.002000s ]
NOTIC: [8] Undefined index: expire D:\phpstudy\WWW\dcyd\ThinkPHP\Common\functions.php 第 549 行.
INFO: [ view_parse ] --START--
INFO: ParseTemplate Behavior ::run [ RunTime:0.018001s ]
INFO: [ view_parse ] --END-- [ RunTime:0.019001s ]
INFO: [ view_filter ] --START--
INFO: ContentReplace Behavior ::run [ RunTime:0.001000s ]
INFO: TokenBuild Behavior ::run [ RunTime:0.002000s ]
INFO: WriteHtmlCache Behavior ::run [ RunTime:0.001000s ]
INFO: ShowRuntime Behavior ::run [ RunTime:0.003000s ]
INFO: [ view_filter ] --END-- [ RunTime:0.008000s ]
INFO: [ view_end ] --START--
INFO: ShowPageTrace Behavior ::run [ RunTime:0.002000s ]
INFO: [ view_end ] --END-- [ RunTime:0.004001s ]

[ 2016-12-27T12:03:11+08:00 ] 127.0.0.1 /Manerger/index.php/Public/checklogin
INFO: [ route_check ] --START--
INFO: CheckRoute Behavior ::run [ RunTime:0.002000s ]
INFO: [ route_check ] --END-- [ RunTime:0.002000s ]
INFO: [ app_begin ] --START--
INFO: ReadHtmlCache Behavior ::run [ RunTime:0.002000s ]
INFO: [ app_begin ] --END-- [ RunTime:0.002000s ]
NOTIC: [8] Undefined index: expire D:\phpstudy\WWW\dcyd\ThinkPHP\Common\functions.php 第 549 行.
SQL: SHOW COLUMNS FROM `dcyd_admin` [ RunTime:0.010001s ]
NOTIC: 建议使用I方法替代_post
NOTIC: 建议使用I方法替代_post
SQL: SELECT `id`,`rid`,`username` FROM `dcyd_admin` WHERE ( `username` = 'admin' ) AND ( `password` = '8b88e6b7e854b04cb74e' ) LIMIT 1   [ RunTime:0.001000s ]
SQL: SHOW COLUMNS FROM `dcyd_role` [ RunTime:0.006001s ]
SQL: SELECT `powers` FROM `dcyd_role` WHERE ( id=1 ) LIMIT 1   [ RunTime:0.001000s ]
SQL: SHOW COLUMNS FROM `dcyd_node` [ RunTime:0.006000s ]
SQL: SELECT `name` FROM `dcyd_node` WHERE ( pid>0 )  [ RunTime:0.001000s ]
SQL: UPDATE `dcyd_admin` SET `last_time`=1482811391,`last_ip`=127 WHERE ( id=1 ) [ RunTime:0.002000s ]
NOTIC: [8] Undefined variable: var D:\phpstudy\WWW\dcyd\ThinkPHP\Common\functions.php 第 247 行.
NOTIC: [2] array_reverse() expects parameter 1 to be array, null given D:\phpstudy\WWW\dcyd\ThinkPHP\Common\functions.php 第 247 行.
NOTIC: [2] http_build_query() [<a href='function.http-build-query'>function.http-build-query</a>]: Parameter 1 expected to be Array or Object.  Incorrect value given D:\phpstudy\WWW\dcyd\ThinkPHP\Common\functions.php 第 247 行.

[ 2016-12-27T12:03:11+08:00 ] 127.0.0.1 /Manerger/index.php?
INFO: [ app_begin ] --START--
INFO: ReadHtmlCache Behavior ::run [ RunTime:0.003000s ]
INFO: [ app_begin ] --END-- [ RunTime:0.004000s ]
NOTIC: [8] Undefined index: expire D:\phpstudy\WWW\dcyd\ThinkPHP\Common\functions.php 第 549 行.
INFO: [ view_parse ] --START--
INFO: ParseTemplate Behavior ::run [ RunTime:0.031002s ]
INFO: [ view_parse ] --END-- [ RunTime:0.033002s ]
INFO: [ view_filter ] --START--
INFO: ContentReplace Behavior ::run [ RunTime:0.002000s ]
INFO: TokenBuild Behavior ::run [ RunTime:0.005000s ]
INFO: WriteHtmlCache Behavior ::run [ RunTime:0.002000s ]
INFO: ShowRuntime Behavior ::run [ RunTime:0.004000s ]
INFO: [ view_filter ] --END-- [ RunTime:0.015001s ]
INFO: [ view_end ] --START--
INFO: ShowPageTrace Behavior ::run [ RunTime:0.001000s ]
INFO: [ view_end ] --END-- [ RunTime:0.002000s ]

[ 2016-12-27T12:03:17+08:00 ] 127.0.0.1 /Manerger/index.php/User/index
INFO: [ route_check ] --START--
INFO: CheckRoute Behavior ::run [ RunTime:0.002000s ]
INFO: [ route_check ] --END-- [ RunTime:0.002000s ]
INFO: [ app_begin ] --START--
INFO: ReadHtmlCache Behavior ::run [ RunTime:0.002000s ]
INFO: [ app_begin ] --END-- [ RunTime:0.003000s ]
NOTIC: [8] Undefined index: expire D:\phpstudy\WWW\dcyd\ThinkPHP\Common\functions.php 第 549 行.
ERR: 非法操作:index

[ 2016-12-27T12:03:18+08:00 ] 127.0.0.1 /Manerger/index.php/User/image
INFO: [ route_check ] --START--
INFO: CheckRoute Behavior ::run [ RunTime:0.001000s ]
INFO: [ route_check ] --END-- [ RunTime:0.002001s ]
INFO: [ app_begin ] --START--
INFO: ReadHtmlCache Behavior ::run [ RunTime:0.001000s ]
INFO: [ app_begin ] --END-- [ RunTime:0.003000s ]
NOTIC: [8] Undefined index: expire D:\phpstudy\WWW\dcyd\ThinkPHP\Common\functions.php 第 549 行.
NOTIC: [8] Undefined index: uid D:\phpstudy\WWW\dcyd\Manage\Lib\Action\UserAction.class.php 第 260 行.
NOTIC: [8] Undefined index: nickname D:\phpstudy\WWW\dcyd\Manage\Lib\Action\UserAction.class.php 第 261 行.
NOTIC: [8] Undefined index: status D:\phpstudy\WWW\dcyd\Manage\Lib\Action\UserAction.class.php 第 262 行.
NOTIC: [8] Undefined index: img_status D:\phpstudy\WWW\dcyd\Manage\Lib\Action\UserAction.class.php 第 263 行.
SQL: SHOW COLUMNS FROM `dcyd_user` [ RunTime:0.006001s ]
NOTIC: [8] Undefined variable: map D:\phpstudy\WWW\dcyd\Manage\Lib\Action\UserAction.class.php 第 270 行.
SQL: SELECT COUNT(*) AS tp_count FROM `dcyd_user` LIMIT 1   [ RunTime:0.000000s ]
NOTIC: [8] Undefined variable: map D:\phpstudy\WWW\dcyd\Manage\Lib\Action\UserAction.class.php 第 276 行.
SQL: SELECT `id`,`nickname`,`img_url`,`img_time`,`img_status`,`status` FROM `dcyd_user` ORDER BY img_status DESC,img_time DESC LIMIT 0,36   [ RunTime:0.001000s ]
ERR: 1054:Unknown column 'nickname' in 'field list'
 [ SQL语句 ] : SELECT `id`,`nickname`,`img_url`,`img_time`,`img_status`,`status` FROM `dcyd_user` ORDER BY img_status DESC,img_time DESC LIMIT 0,36  
NOTIC: [2] Invalid argument supplied for foreach() D:\phpstudy\WWW\dcyd\Manage\Lib\Action\UserAction.class.php 第 277 行.
INFO: [ view_parse ] --START--
INFO: ParseTemplate Behavior ::run [ RunTime:0.034002s ]
INFO: [ view_parse ] --END-- [ RunTime:0.034002s ]
INFO: [ view_filter ] --START--
INFO: ContentReplace Behavior ::run [ RunTime:0.001000s ]
INFO: TokenBuild Behavior ::run [ RunTime:0.001000s ]
INFO: WriteHtmlCache Behavior ::run [ RunTime:0.002000s ]
INFO: ShowRuntime Behavior ::run [ RunTime:0.002000s ]
INFO: [ view_filter ] --END-- [ RunTime:0.007000s ]
INFO: [ view_end ] --START--
INFO: ShowPageTrace Behavior ::run [ RunTime:0.002000s ]
INFO: [ view_end ] --END-- [ RunTime:0.003000s ]

[ 2016-12-27T12:03:19+08:00 ] 127.0.0.1 /Manerger/index.php/User/mesage
INFO: [ route_check ] --START--
INFO: CheckRoute Behavior ::run [ RunTime:0.001000s ]
INFO: [ route_check ] --END-- [ RunTime:0.002000s ]
INFO: [ app_begin ] --START--
INFO: ReadHtmlCache Behavior ::run [ RunTime:0.002000s ]
INFO: [ app_begin ] --END-- [ RunTime:0.003000s ]
NOTIC: [8] Undefined index: expire D:\phpstudy\WWW\dcyd\ThinkPHP\Common\functions.php 第 549 行.
INFO: [ view_parse ] --START--
INFO: ParseTemplate Behavior ::run [ RunTime:0.018001s ]
INFO: [ view_parse ] --END-- [ RunTime:0.018001s ]
INFO: [ view_filter ] --START--
INFO: ContentReplace Behavior ::run [ RunTime:0.001001s ]
INFO: TokenBuild Behavior ::run [ RunTime:0.001000s ]
INFO: WriteHtmlCache Behavior ::run [ RunTime:0.002000s ]
INFO: ShowRuntime Behavior ::run [ RunTime:0.002000s ]
INFO: [ view_filter ] --END-- [ RunTime:0.008001s ]
INFO: [ view_end ] --START--
INFO: ShowPageTrace Behavior ::run [ RunTime:0.002000s ]
INFO: [ view_end ] --END-- [ RunTime:0.002000s ]

[ 2016-12-27T12:03:19+08:00 ] 127.0.0.1 /Manerger/index.php?m=User&a=messlist&is_admin=2
INFO: [ app_begin ] --START--
INFO: ReadHtmlCache Behavior ::run [ RunTime:0.002000s ]
INFO: [ app_begin ] --END-- [ RunTime:0.004000s ]
NOTIC: [8] Undefined index: expire D:\phpstudy\WWW\dcyd\ThinkPHP\Common\functions.php 第 549 行.
NOTIC: 建议使用I方法替代_get
NOTIC: [8] Undefined index: accept_id D:\phpstudy\WWW\dcyd\Manage\Lib\Action\UserAction.class.php 第 208 行.
NOTIC: [8] Undefined index: content D:\phpstudy\WWW\dcyd\Manage\Lib\Action\UserAction.class.php 第 209 行.
NOTIC: [8] Undefined index: send_id D:\phpstudy\WWW\dcyd\Manage\Lib\Action\UserAction.class.php 第 210 行.
SQL: SHOW COLUMNS FROM `dcyd_message` [ RunTime:0.007001s ]
SQL: SELECT `id`,`send_id`,`accept_id`,`send_time`,`content` FROM `dcyd_message` LIMIT 0,20   [ RunTime:0.000000s ]
SQL: SELECT COUNT(*) AS tp_count FROM `dcyd_message` LIMIT 1   [ RunTime:0.001000s ]
NOTIC: [2] Invalid argument supplied for foreach() D:\phpstudy\WWW\dcyd\Manage\Lib\Action\UserAction.class.php 第 219 行.

[ 2016-12-27T12:03:31+08:00 ] 127.0.0.1 /Manerger/index.php/Reply/one
INFO: [ route_check ] --START--
INFO: CheckRoute Behavior ::run [ RunTime:0.001000s ]
INFO: [ route_check ] --END-- [ RunTime:0.002000s ]
INFO: [ app_begin ] --START--
INFO: ReadHtmlCache Behavior ::run [ RunTime:0.002001s ]
INFO: [ app_begin ] --END-- [ RunTime:0.002001s ]
NOTIC: [8] Undefined index: expire D:\phpstudy\WWW\dcyd\ThinkPHP\Common\functions.php 第 549 行.
INFO: [ view_parse ] --START--
INFO: ParseTemplate Behavior ::run [ RunTime:0.021001s ]
INFO: [ view_parse ] --END-- [ RunTime:0.022001s ]
INFO: [ view_filter ] --START--
INFO: ContentReplace Behavior ::run [ RunTime:0.001000s ]
INFO: TokenBuild Behavior ::run [ RunTime:0.001000s ]
INFO: WriteHtmlCache Behavior ::run [ RunTime:0.000000s ]
INFO: ShowRuntime Behavior ::run [ RunTime:0.002000s ]
INFO: [ view_filter ] --END-- [ RunTime:0.008001s ]
INFO: [ view_end ] --START--
INFO: ShowPageTrace Behavior ::run [ RunTime:0.001000s ]
INFO: [ view_end ] --END-- [ RunTime:0.003000s ]

[ 2016-12-27T12:03:31+08:00 ] 127.0.0.1 /Manerger/index.php?m=Reply&a=onelist
INFO: [ app_begin ] --START--
INFO: ReadHtmlCache Behavior ::run [ RunTime:0.003001s ]
INFO: [ app_begin ] --END-- [ RunTime:0.003001s ]
NOTIC: [8] Undefined index: expire D:\phpstudy\WWW\dcyd\ThinkPHP\Common\functions.php 第 549 行.
NOTIC: [8] Undefined index: id D:\phpstudy\WWW\dcyd\Manage\Lib\Action\ReplyAction.class.php 第 11 行.
NOTIC: [8] Undefined index: name D:\phpstudy\WWW\dcyd\Manage\Lib\Action\ReplyAction.class.php 第 12 行.
NOTIC: [8] Undefined index: phone D:\phpstudy\WWW\dcyd\Manage\Lib\Action\ReplyAction.class.php 第 13 行.
NOTIC: [8] Undefined index: ques D:\phpstudy\WWW\dcyd\Manage\Lib\Action\ReplyAction.class.php 第 14 行.
NOTIC: [8] Undefined index: desc D:\phpstudy\WWW\dcyd\Manage\Lib\Action\ReplyAction.class.php 第 15 行.
NOTIC: [8] Undefined index: status D:\phpstudy\WWW\dcyd\Manage\Lib\Action\ReplyAction.class.php 第 16 行.
SQL: SHOW COLUMNS FROM `dcyd_lyk` [ RunTime:0.008000s ]
NOTIC: [8] Undefined variable: map D:\phpstudy\WWW\dcyd\Manage\Lib\Action\ReplyAction.class.php 第 19 行.
SQL: SELECT `id`,`name`,`phone`,`ques`,`desc`,`status` FROM `dcyd_lyk` LIMIT 0,20   [ RunTime:0.001000s ]
NOTIC: [8] Undefined variable: map D:\phpstudy\WWW\dcyd\Manage\Lib\Action\ReplyAction.class.php 第 20 行.
SQL: SELECT COUNT(*) AS tp_count FROM `dcyd_lyk` LIMIT 1   [ RunTime:0.000000s ]

[ 2016-12-27T12:03:45+08:00 ] 127.0.0.1 /Manerger/index.php/Reply/one
INFO: [ route_check ] --START--
INFO: CheckRoute Behavior ::run [ RunTime:0.002000s ]
INFO: [ route_check ] --END-- [ RunTime:0.002000s ]
INFO: [ app_begin ] --START--
INFO: ReadHtmlCache Behavior ::run [ RunTime:0.002000s ]
INFO: [ app_begin ] --END-- [ RunTime:0.002000s ]
NOTIC: [8] Undefined index: expire D:\phpstudy\WWW\dcyd\ThinkPHP\Common\functions.php 第 549 行.
INFO: [ view_parse ] --START--
INFO: ParseTemplate Behavior ::run [ RunTime:0.025001s ]
INFO: [ view_parse ] --END-- [ RunTime:0.025001s ]
INFO: [ view_filter ] --START--
INFO: ContentReplace Behavior ::run [ RunTime:0.002000s ]
INFO: TokenBuild Behavior ::run [ RunTime:0.003000s ]
INFO: WriteHtmlCache Behavior ::run [ RunTime:0.001000s ]
INFO: ShowRuntime Behavior ::run [ RunTime:0.002000s ]
INFO: [ view_filter ] --END-- [ RunTime:0.011001s ]
INFO: [ view_end ] --START--
INFO: ShowPageTrace Behavior ::run [ RunTime:0.001000s ]
INFO: [ view_end ] --END-- [ RunTime:0.002000s ]

[ 2016-12-27T12:03:46+08:00 ] 127.0.0.1 /Manerger/index.php?m=Reply&a=onelist
INFO: [ app_begin ] --START--
INFO: ReadHtmlCache Behavior ::run [ RunTime:0.001000s ]
INFO: [ app_begin ] --END-- [ RunTime:0.002000s ]
NOTIC: [8] Undefined index: expire D:\phpstudy\WWW\dcyd\ThinkPHP\Common\functions.php 第 549 行.
NOTIC: [8] Undefined index: id D:\phpstudy\WWW\dcyd\Manage\Lib\Action\ReplyAction.class.php 第 11 行.
NOTIC: [8] Undefined index: name D:\phpstudy\WWW\dcyd\Manage\Lib\Action\ReplyAction.class.php 第 12 行.
NOTIC: [8] Undefined index: phone D:\phpstudy\WWW\dcyd\Manage\Lib\Action\ReplyAction.class.php 第 13 行.
NOTIC: [8] Undefined index: ques D:\phpstudy\WWW\dcyd\Manage\Lib\Action\ReplyAction.class.php 第 14 行.
NOTIC: [8] Undefined index: desc D:\phpstudy\WWW\dcyd\Manage\Lib\Action\ReplyAction.class.php 第 15 行.
NOTIC: [8] Undefined index: status D:\phpstudy\WWW\dcyd\Manage\Lib\Action\ReplyAction.class.php 第 16 行.
SQL: SHOW COLUMNS FROM `dcyd_lyk` [ RunTime:0.004000s ]
NOTIC: [8] Undefined variable: map D:\phpstudy\WWW\dcyd\Manage\Lib\Action\ReplyAction.class.php 第 19 行.
SQL: SELECT `id`,`name`,`phone`,`ques`,`desc`,`status` FROM `dcyd_lyk` LIMIT 0,20   [ RunTime:0.001000s ]
NOTIC: [8] Undefined variable: map D:\phpstudy\WWW\dcyd\Manage\Lib\Action\ReplyAction.class.php 第 20 行.
SQL: SELECT COUNT(*) AS tp_count FROM `dcyd_lyk` LIMIT 1   [ RunTime:0.001001s ]

[ 2016-12-27T12:07:48+08:00 ] 127.0.0.1 /Manerger/index.php/Reply/one
INFO: [ route_check ] --START--
INFO: CheckRoute Behavior ::run [ RunTime:0.002000s ]
INFO: [ route_check ] --END-- [ RunTime:0.003000s ]
INFO: [ app_begin ] --START--
INFO: ReadHtmlCache Behavior ::run [ RunTime:0.003001s ]
INFO: [ app_begin ] --END-- [ RunTime:0.003001s ]
NOTIC: [8] Undefined index: expire D:\phpstudy\WWW\dcyd\ThinkPHP\Common\functions.php 第 549 行.
INFO: [ view_parse ] --START--
INFO: ParseTemplate Behavior ::run [ RunTime:0.019001s ]
INFO: [ view_parse ] --END-- [ RunTime:0.021001s ]
INFO: [ view_filter ] --START--
INFO: ContentReplace Behavior ::run [ RunTime:0.002000s ]
INFO: TokenBuild Behavior ::run [ RunTime:0.001000s ]
INFO: WriteHtmlCache Behavior ::run [ RunTime:0.001000s ]
INFO: ShowRuntime Behavior ::run [ RunTime:0.003001s ]
INFO: [ view_filter ] --END-- [ RunTime:0.009001s ]
INFO: [ view_end ] --START--
INFO: ShowPageTrace Behavior ::run [ RunTime:0.002000s ]
INFO: [ view_end ] --END-- [ RunTime:0.003000s ]

[ 2016-12-27T12:07:48+08:00 ] 127.0.0.1 /Manerger/index.php?m=Reply&a=onelist
INFO: [ app_begin ] --START--
INFO: ReadHtmlCache Behavior ::run [ RunTime:0.003000s ]
INFO: [ app_begin ] --END-- [ RunTime:0.003000s ]
NOTIC: [8] Undefined index: expire D:\phpstudy\WWW\dcyd\ThinkPHP\Common\functions.php 第 549 行.
NOTIC: [8] Undefined index: id D:\phpstudy\WWW\dcyd\Manage\Lib\Action\ReplyAction.class.php 第 11 行.
NOTIC: [8] Undefined index: name D:\phpstudy\WWW\dcyd\Manage\Lib\Action\ReplyAction.class.php 第 12 行.
NOTIC: [8] Undefined index: phone D:\phpstudy\WWW\dcyd\Manage\Lib\Action\ReplyAction.class.php 第 13 行.
NOTIC: [8] Undefined index: ques D:\phpstudy\WWW\dcyd\Manage\Lib\Action\ReplyAction.class.php 第 14 行.
NOTIC: [8] Undefined index: desc D:\phpstudy\WWW\dcyd\Manage\Lib\Action\ReplyAction.class.php 第 15 行.
NOTIC: [8] Undefined index: status D:\phpstudy\WWW\dcyd\Manage\Lib\Action\ReplyAction.class.php 第 16 行.
SQL: SHOW COLUMNS FROM `dcyd_lyk` [ RunTime:0.005001s ]
NOTIC: [8] Undefined variable: map D:\phpstudy\WWW\dcyd\Manage\Lib\Action\ReplyAction.class.php 第 19 行.
SQL: SELECT `id`,`name`,`phone`,`ques`,`desc`,`status` FROM `dcyd_lyk` LIMIT 0,20   [ RunTime:0.000000s ]
NOTIC: [8] Undefined variable: map D:\phpstudy\WWW\dcyd\Manage\Lib\Action\ReplyAction.class.php 第 20 行.
SQL: SELECT COUNT(*) AS tp_count FROM `dcyd_lyk` LIMIT 1   [ RunTime:0.000000s ]

[ 2016-12-27T12:10:31+08:00 ] 127.0.0.1 /Manerger/index.php/Yuejt/one
INFO: [ route_check ] --START--
INFO: CheckRoute Behavior ::run [ RunTime:0.002000s ]
INFO: [ route_check ] --END-- [ RunTime:0.003000s ]
INFO: [ app_begin ] --START--
INFO: ReadHtmlCache Behavior ::run [ RunTime:0.001000s ]
INFO: [ app_begin ] --END-- [ RunTime:0.003000s ]
NOTIC: [8] Undefined index: expire D:\phpstudy\WWW\dcyd\ThinkPHP\Common\functions.php 第 549 行.
INFO: [ view_parse ] --START--
INFO: ParseTemplate Behavior ::run [ RunTime:0.019002s ]
INFO: [ view_parse ] --END-- [ RunTime:0.019002s ]
INFO: [ view_filter ] --START--
INFO: ContentReplace Behavior ::run [ RunTime:0.001000s ]
INFO: TokenBuild Behavior ::run [ RunTime:0.001000s ]
INFO: WriteHtmlCache Behavior ::run [ RunTime:0.001000s ]
INFO: ShowRuntime Behavior ::run [ RunTime:0.002000s ]
INFO: [ view_filter ] --END-- [ RunTime:0.008000s ]
INFO: [ view_end ] --START--
INFO: ShowPageTrace Behavior ::run [ RunTime:0.001000s ]
INFO: [ view_end ] --END-- [ RunTime:0.002000s ]

[ 2016-12-27T12:10:32+08:00 ] 127.0.0.1 /Manerger/index.php?m=Yuejt&a=onelist
INFO: [ app_begin ] --START--
INFO: ReadHtmlCache Behavior ::run [ RunTime:0.002000s ]
INFO: [ app_begin ] --END-- [ RunTime:0.002000s ]
NOTIC: [8] Undefined index: expire D:\phpstudy\WWW\dcyd\ThinkPHP\Common\functions.php 第 549 行.
NOTIC: [8] Undefined index: id D:\phpstudy\WWW\dcyd\Manage\Lib\Action\YuejtAction.class.php 第 11 行.
NOTIC: [8] Undefined index: name D:\phpstudy\WWW\dcyd\Manage\Lib\Action\YuejtAction.class.php 第 12 行.
NOTIC: [8] Undefined index: phone D:\phpstudy\WWW\dcyd\Manage\Lib\Action\YuejtAction.class.php 第 13 行.
NOTIC: [8] Undefined index: city D:\phpstudy\WWW\dcyd\Manage\Lib\Action\YuejtAction.class.php 第 14 行.
NOTIC: [8] Undefined index: desc D:\phpstudy\WWW\dcyd\Manage\Lib\Action\YuejtAction.class.php 第 15 行.
NOTIC: [8] Undefined index: status D:\phpstudy\WWW\dcyd\Manage\Lib\Action\YuejtAction.class.php 第 16 行.
SQL: SHOW COLUMNS FROM `dcyd_yjt` [ RunTime:0.005000s ]
NOTIC: [8] Undefined variable: map D:\phpstudy\WWW\dcyd\Manage\Lib\Action\YuejtAction.class.php 第 19 行.
SQL: SELECT `id`,`name`,`phone`,`city`,`desc`,`status` FROM `dcyd_yjt` LIMIT 0,20   [ RunTime:0.000000s ]
NOTIC: [8] Undefined variable: map D:\phpstudy\WWW\dcyd\Manage\Lib\Action\YuejtAction.class.php 第 20 行.
SQL: SELECT COUNT(*) AS tp_count FROM `dcyd_yjt` LIMIT 1   [ RunTime:0.001000s ]

[ 2016-12-27T12:10:37+08:00 ] 127.0.0.1 /Manerger/index.php/Reply/one
INFO: [ route_check ] --START--
INFO: CheckRoute Behavior ::run [ RunTime:0.002000s ]
INFO: [ route_check ] --END-- [ RunTime:0.003000s ]
INFO: [ app_begin ] --START--
INFO: ReadHtmlCache Behavior ::run [ RunTime:0.002000s ]
INFO: [ app_begin ] --END-- [ RunTime:0.002000s ]
NOTIC: [8] Undefined index: expire D:\phpstudy\WWW\dcyd\ThinkPHP\Common\functions.php 第 549 行.
INFO: [ view_parse ] --START--
INFO: ParseTemplate Behavior ::run [ RunTime:0.020002s ]
INFO: [ view_parse ] --END-- [ RunTime:0.021002s ]
INFO: [ view_filter ] --START--
INFO: ContentReplace Behavior ::run [ RunTime:0.001000s ]
INFO: TokenBuild Behavior ::run [ RunTime:0.002000s ]
INFO: WriteHtmlCache Behavior ::run [ RunTime:0.001000s ]
INFO: ShowRuntime Behavior ::run [ RunTime:0.003000s ]
INFO: [ view_filter ] --END-- [ RunTime:0.012000s ]
INFO: [ view_end ] --START--
INFO: ShowPageTrace Behavior ::run [ RunTime:0.001001s ]
INFO: [ view_end ] --END-- [ RunTime:0.003001s ]

[ 2016-12-27T12:10:37+08:00 ] 127.0.0.1 /Manerger/index.php?m=Reply&a=onelist
INFO: [ app_begin ] --START--
INFO: ReadHtmlCache Behavior ::run [ RunTime:0.002000s ]
INFO: [ app_begin ] --END-- [ RunTime:0.002000s ]
NOTIC: [8] Undefined index: expire D:\phpstudy\WWW\dcyd\ThinkPHP\Common\functions.php 第 549 行.
NOTIC: [8] Undefined index: id D:\phpstudy\WWW\dcyd\Manage\Lib\Action\ReplyAction.class.php 第 11 行.
NOTIC: [8] Undefined index: name D:\phpstudy\WWW\dcyd\Manage\Lib\Action\ReplyAction.class.php 第 12 行.
NOTIC: [8] Undefined index: phone D:\phpstudy\WWW\dcyd\Manage\Lib\Action\ReplyAction.class.php 第 13 行.
NOTIC: [8] Undefined index: ques D:\phpstudy\WWW\dcyd\Manage\Lib\Action\ReplyAction.class.php 第 14 行.
NOTIC: [8] Undefined index: desc D:\phpstudy\WWW\dcyd\Manage\Lib\Action\ReplyAction.class.php 第 15 行.
NOTIC: [8] Undefined index: status D:\phpstudy\WWW\dcyd\Manage\Lib\Action\ReplyAction.class.php 第 16 行.
SQL: SHOW COLUMNS FROM `dcyd_lyk` [ RunTime:0.004001s ]
NOTIC: [8] Undefined variable: map D:\phpstudy\WWW\dcyd\Manage\Lib\Action\ReplyAction.class.php 第 19 行.
SQL: SELECT `id`,`name`,`phone`,`ques`,`desc`,`status` FROM `dcyd_lyk` LIMIT 0,20   [ RunTime:0.001000s ]
NOTIC: [8] Undefined variable: map D:\phpstudy\WWW\dcyd\Manage\Lib\Action\ReplyAction.class.php 第 20 行.
SQL: SELECT COUNT(*) AS tp_count FROM `dcyd_lyk` LIMIT 1   [ RunTime:0.000000s ]
NOTIC: [8] Undefined index: time D:\phpstudy\WWW\dcyd\Manage\Lib\Action\ReplyAction.class.php 第 22 行.
NOTIC: [8] Undefined index: time D:\phpstudy\WWW\dcyd\Manage\Lib\Action\ReplyAction.class.php 第 22 行.
NOTIC: [8] Undefined index: time D:\phpstudy\WWW\dcyd\Manage\Lib\Action\ReplyAction.class.php 第 22 行.
NOTIC: [8] Undefined index: time D:\phpstudy\WWW\dcyd\Manage\Lib\Action\ReplyAction.class.php 第 22 行.
NOTIC: [8] Undefined index: time D:\phpstudy\WWW\dcyd\Manage\Lib\Action\ReplyAction.class.php 第 22 行.
NOTIC: [8] Undefined index: time D:\phpstudy\WWW\dcyd\Manage\Lib\Action\ReplyAction.class.php 第 22 行.
NOTIC: [8] Undefined index: time D:\phpstudy\WWW\dcyd\Manage\Lib\Action\ReplyAction.class.php 第 22 行.
NOTIC: [8] Undefined index: time D:\phpstudy\WWW\dcyd\Manage\Lib\Action\ReplyAction.class.php 第 22 行.
NOTIC: [8] Undefined index: time D:\phpstudy\WWW\dcyd\Manage\Lib\Action\ReplyAction.class.php 第 22 行.
NOTIC: [8] Undefined index: time D:\phpstudy\WWW\dcyd\Manage\Lib\Action\ReplyAction.class.php 第 22 行.
NOTIC: [8] Undefined index: time D:\phpstudy\WWW\dcyd\Manage\Lib\Action\ReplyAction.class.php 第 22 行.

[ 2016-12-27T13:03:05+08:00 ] 127.0.0.1 /Manerger/index.php/Reply/one
INFO: [ route_check ] --START--
INFO: CheckRoute Behavior ::run [ RunTime:0.001000s ]
INFO: [ route_check ] --END-- [ RunTime:0.002000s ]
INFO: [ app_begin ] --START--
INFO: ReadHtmlCache Behavior ::run [ RunTime:0.002000s ]
INFO: [ app_begin ] --END-- [ RunTime:0.003000s ]
NOTIC: [8] Undefined index: expire D:\phpstudy\WWW\dcyd\ThinkPHP\Common\functions.php 第 549 行.
INFO: [ view_parse ] --START--
INFO: ParseTemplate Behavior ::run [ RunTime:0.017001s ]
INFO: [ view_parse ] --END-- [ RunTime:0.017001s ]
INFO: [ view_filter ] --START--
INFO: ContentReplace Behavior ::run [ RunTime:0.001001s ]
INFO: TokenBuild Behavior ::run [ RunTime:0.002000s ]
INFO: WriteHtmlCache Behavior ::run [ RunTime:0.001000s ]
INFO: ShowRuntime Behavior ::run [ RunTime:0.001000s ]
INFO: [ view_filter ] --END-- [ RunTime:0.008001s ]
INFO: [ view_end ] --START--
INFO: ShowPageTrace Behavior ::run [ RunTime:0.001000s ]
INFO: [ view_end ] --END-- [ RunTime:0.002000s ]

[ 2016-12-27T13:03:06+08:00 ] 127.0.0.1 /Manerger/index.php?m=Reply&a=onelist
INFO: [ app_begin ] --START--
INFO: ReadHtmlCache Behavior ::run [ RunTime:0.003001s ]
INFO: [ app_begin ] --END-- [ RunTime:0.004001s ]
NOTIC: [8] Undefined index: expire D:\phpstudy\WWW\dcyd\ThinkPHP\Common\functions.php 第 549 行.
NOTIC: [8] Undefined index: id D:\phpstudy\WWW\dcyd\Manage\Lib\Action\ReplyAction.class.php 第 11 行.
NOTIC: [8] Undefined index: name D:\phpstudy\WWW\dcyd\Manage\Lib\Action\ReplyAction.class.php 第 12 行.
NOTIC: [8] Undefined index: phone D:\phpstudy\WWW\dcyd\Manage\Lib\Action\ReplyAction.class.php 第 13 行.
NOTIC: [8] Undefined index: ques D:\phpstudy\WWW\dcyd\Manage\Lib\Action\ReplyAction.class.php 第 14 行.
NOTIC: [8] Undefined index: desc D:\phpstudy\WWW\dcyd\Manage\Lib\Action\ReplyAction.class.php 第 15 行.
NOTIC: [8] Undefined index: status D:\phpstudy\WWW\dcyd\Manage\Lib\Action\ReplyAction.class.php 第 16 行.
SQL: SHOW COLUMNS FROM `dcyd_lyk` [ RunTime:0.005000s ]
NOTIC: [8] Undefined variable: map D:\phpstudy\WWW\dcyd\Manage\Lib\Action\ReplyAction.class.php 第 19 行.
SQL: SELECT `id`,`name`,`phone`,`ques`,`desc`,`status` FROM `dcyd_lyk` LIMIT 0,20   [ RunTime:0.001000s ]
NOTIC: [8] Undefined variable: map D:\phpstudy\WWW\dcyd\Manage\Lib\Action\ReplyAction.class.php 第 20 行.
SQL: SELECT COUNT(*) AS tp_count FROM `dcyd_lyk` LIMIT 1   [ RunTime:0.000000s ]
NOTIC: [8] Undefined index: time D:\phpstudy\WWW\dcyd\Manage\Lib\Action\ReplyAction.class.php 第 22 行.
NOTIC: [8] Undefined index: time D:\phpstudy\WWW\dcyd\Manage\Lib\Action\ReplyAction.class.php 第 22 行.
NOTIC: [8] Undefined index: time D:\phpstudy\WWW\dcyd\Manage\Lib\Action\ReplyAction.class.php 第 22 行.
NOTIC: [8] Undefined index: time D:\phpstudy\WWW\dcyd\Manage\Lib\Action\ReplyAction.class.php 第 22 行.
NOTIC: [8] Undefined index: time D:\phpstudy\WWW\dcyd\Manage\Lib\Action\ReplyAction.class.php 第 22 行.
NOTIC: [8] Undefined index: time D:\phpstudy\WWW\dcyd\Manage\Lib\Action\ReplyAction.class.php 第 22 行.
NOTIC: [8] Undefined index: time D:\phpstudy\WWW\dcyd\Manage\Lib\Action\ReplyAction.class.php 第 22 行.
NOTIC: [8] Undefined index: time D:\phpstudy\WWW\dcyd\Manage\Lib\Action\ReplyAction.class.php 第 22 行.
NOTIC: [8] Undefined index: time D:\phpstudy\WWW\dcyd\Manage\Lib\Action\ReplyAction.class.php 第 22 行.
NOTIC: [8] Undefined index: time D:\phpstudy\WWW\dcyd\Manage\Lib\Action\ReplyAction.class.php 第 22 行.
NOTIC: [8] Undefined index: time D:\phpstudy\WWW\dcyd\Manage\Lib\Action\ReplyAction.class.php 第 22 行.
NOTIC: [8] Undefined index: time D:\phpstudy\WWW\dcyd\Manage\Lib\Action\ReplyAction.class.php 第 22 行.
NOTIC: [8] Undefined index: time D:\phpstudy\WWW\dcyd\Manage\Lib\Action\ReplyAction.class.php 第 22 行.
NOTIC: [8] Undefined index: time D:\phpstudy\WWW\dcyd\Manage\Lib\Action\ReplyAction.class.php 第 22 行.
NOTIC: [8] Undefined index: time D:\phpstudy\WWW\dcyd\Manage\Lib\Action\ReplyAction.class.php 第 22 行.
NOTIC: [8] Undefined index: time D:\phpstudy\WWW\dcyd\Manage\Lib\Action\ReplyAction.class.php 第 22 行.
NOTIC: [8] Undefined index: time D:\phpstudy\WWW\dcyd\Manage\Lib\Action\ReplyAction.class.php 第 22 行.

[ 2016-12-27T15:18:42+08:00 ] 127.0.0.1 /Manerger/index.php/Reply/one
INFO: [ route_check ] --START--
INFO: CheckRoute Behavior ::run [ RunTime:0.003000s ]
INFO: [ route_check ] --END-- [ RunTime:0.003000s ]
INFO: [ app_begin ] --START--
INFO: ReadHtmlCache Behavior ::run [ RunTime:0.002000s ]
INFO: [ app_begin ] --END-- [ RunTime:0.002000s ]
NOTIC: [8] Undefined index: expire D:\phpstudy\WWW\dcyd\ThinkPHP\Common\functions.php 第 549 行.
INFO: [ view_parse ] --START--
INFO: ParseTemplate Behavior ::run [ RunTime:0.022001s ]
INFO: [ view_parse ] --END-- [ RunTime:0.022001s ]
INFO: [ view_filter ] --START--
INFO: ContentReplace Behavior ::run [ RunTime:0.001000s ]
INFO: TokenBuild Behavior ::run [ RunTime:0.001000s ]
INFO: WriteHtmlCache Behavior ::run [ RunTime:0.001000s ]
INFO: ShowRuntime Behavior ::run [ RunTime:0.002000s ]
INFO: [ view_filter ] --END-- [ RunTime:0.007000s ]
INFO: [ view_end ] --START--
INFO: ShowPageTrace Behavior ::run [ RunTime:0.001000s ]
INFO: [ view_end ] --END-- [ RunTime:0.002001s ]

[ 2016-12-27T15:18:42+08:00 ] 127.0.0.1 /Manerger/index.php?m=Reply&a=onelist
INFO: [ app_begin ] --START--
INFO: ReadHtmlCache Behavior ::run [ RunTime:0.002000s ]
INFO: [ app_begin ] --END-- [ RunTime:0.003000s ]
NOTIC: [8] Undefined index: expire D:\phpstudy\WWW\dcyd\ThinkPHP\Common\functions.php 第 549 行.
NOTIC: [8] Undefined index: id D:\phpstudy\WWW\dcyd\Manage\Lib\Action\ReplyAction.class.php 第 11 行.
NOTIC: [8] Undefined index: name D:\phpstudy\WWW\dcyd\Manage\Lib\Action\ReplyAction.class.php 第 12 行.
NOTIC: [8] Undefined index: phone D:\phpstudy\WWW\dcyd\Manage\Lib\Action\ReplyAction.class.php 第 13 行.
NOTIC: [8] Undefined index: ques D:\phpstudy\WWW\dcyd\Manage\Lib\Action\ReplyAction.class.php 第 14 行.
NOTIC: [8] Undefined index: desc D:\phpstudy\WWW\dcyd\Manage\Lib\Action\ReplyAction.class.php 第 15 行.
NOTIC: [8] Undefined index: status D:\phpstudy\WWW\dcyd\Manage\Lib\Action\ReplyAction.class.php 第 16 行.
SQL: SHOW COLUMNS FROM `dcyd_lyk` [ RunTime:0.007000s ]
NOTIC: [8] Undefined variable: map D:\phpstudy\WWW\dcyd\Manage\Lib\Action\ReplyAction.class.php 第 19 行.
SQL: SELECT `id`,`name`,`phone`,`ques`,`desc`,`status` FROM `dcyd_lyk` LIMIT 0,20   [ RunTime:0.001000s ]
NOTIC: [8] Undefined variable: map D:\phpstudy\WWW\dcyd\Manage\Lib\Action\ReplyAction.class.php 第 20 行.
SQL: SELECT COUNT(*) AS tp_count FROM `dcyd_lyk` LIMIT 1   [ RunTime:0.001000s ]
NOTIC: [8] Undefined index: time D:\phpstudy\WWW\dcyd\Manage\Lib\Action\ReplyAction.class.php 第 22 行.
NOTIC: [8] Undefined index: time D:\phpstudy\WWW\dcyd\Manage\Lib\Action\ReplyAction.class.php 第 22 行.
NOTIC: [8] Undefined index: time D:\phpstudy\WWW\dcyd\Manage\Lib\Action\ReplyAction.class.php 第 22 行.
NOTIC: [8] Undefined index: time D:\phpstudy\WWW\dcyd\Manage\Lib\Action\ReplyAction.class.php 第 22 行.
NOTIC: [8] Undefined index: time D:\phpstudy\WWW\dcyd\Manage\Lib\Action\ReplyAction.class.php 第 22 行.
NOTIC: [8] Undefined index: time D:\phpstudy\WWW\dcyd\Manage\Lib\Action\ReplyAction.class.php 第 22 行.
NOTIC: [8] Undefined index: time D:\phpstudy\WWW\dcyd\Manage\Lib\Action\ReplyAction.class.php 第 22 行.
NOTIC: [8] Undefined index: time D:\phpstudy\WWW\dcyd\Manage\Lib\Action\ReplyAction.class.php 第 22 行.
NOTIC: [8] Undefined index: time D:\phpstudy\WWW\dcyd\Manage\Lib\Action\ReplyAction.class.php 第 22 行.
NOTIC: [8] Undefined index: time D:\phpstudy\WWW\dcyd\Manage\Lib\Action\ReplyAction.class.php 第 22 行.
NOTIC: [8] Undefined index: time D:\phpstudy\WWW\dcyd\Manage\Lib\Action\ReplyAction.class.php 第 22 行.
NOTIC: [8] Undefined index: time D:\phpstudy\WWW\dcyd\Manage\Lib\Action\ReplyAction.class.php 第 22 行.
NOTIC: [8] Undefined index: time D:\phpstudy\WWW\dcyd\Manage\Lib\Action\ReplyAction.class.php 第 22 行.
NOTIC: [8] Undefined index: time D:\phpstudy\WWW\dcyd\Manage\Lib\Action\ReplyAction.class.php 第 22 行.
NOTIC: [8] Undefined index: time D:\phpstudy\WWW\dcyd\Manage\Lib\Action\ReplyAction.class.php 第 22 行.
NOTIC: [8] Undefined index: time D:\phpstudy\WWW\dcyd\Manage\Lib\Action\ReplyAction.class.php 第 22 行.
NOTIC: [8] Undefined index: time D:\phpstudy\WWW\dcyd\Manage\Lib\Action\ReplyAction.class.php 第 22 行.

[ 2016-12-27T15:18:50+08:00 ] 127.0.0.1 /Manerger/index.php?m=Reply&a=look
INFO: [ app_begin ] --START--
INFO: ReadHtmlCache Behavior ::run [ RunTime:0.002000s ]
INFO: [ app_begin ] --END-- [ RunTime:0.004000s ]
NOTIC: [8] Undefined index: expire D:\phpstudy\WWW\dcyd\ThinkPHP\Common\functions.php 第 549 行.
NOTIC: 建议使用I方法替代_post
SQL: SHOW COLUMNS FROM `dcyd_lyk` [ RunTime:0.005000s ]
SQL: SELECT `desc` FROM `dcyd_lyk` WHERE ( id=31 ) LIMIT 1   [ RunTime:0.000000s ]

[ 2016-12-27T15:23:45+08:00 ] 127.0.0.1 /Manerger/index.php/Reply/one
INFO: [ route_check ] --START--
INFO: CheckRoute Behavior ::run [ RunTime:0.001000s ]
INFO: [ route_check ] --END-- [ RunTime:0.002000s ]
INFO: [ app_begin ] --START--
INFO: ReadHtmlCache Behavior ::run [ RunTime:0.002000s ]
INFO: [ app_begin ] --END-- [ RunTime:0.003000s ]
NOTIC: [8] Undefined index: expire D:\phpstudy\WWW\dcyd\ThinkPHP\Common\functions.php 第 549 行.
INFO: [ view_parse ] --START--
INFO: ParseTemplate Behavior ::run [ RunTime:0.021001s ]
INFO: [ view_parse ] --END-- [ RunTime:0.021001s ]
INFO: [ view_filter ] --START--
INFO: ContentReplace Behavior ::run [ RunTime:0.002000s ]
INFO: TokenBuild Behavior ::run [ RunTime:0.002000s ]
INFO: WriteHtmlCache Behavior ::run [ RunTime:0.001000s ]
INFO: ShowRuntime Behavior ::run [ RunTime:0.003000s ]
INFO: [ view_filter ] --END-- [ RunTime:0.010000s ]
INFO: [ view_end ] --START--
INFO: ShowPageTrace Behavior ::run [ RunTime:0.001001s ]
INFO: [ view_end ] --END-- [ RunTime:0.003001s ]

[ 2016-12-27T15:23:46+08:00 ] 127.0.0.1 /Manerger/index.php?m=Reply&a=onelist
INFO: [ app_begin ] --START--
INFO: ReadHtmlCache Behavior ::run [ RunTime:0.002000s ]
INFO: [ app_begin ] --END-- [ RunTime:0.002000s ]
NOTIC: [8] Undefined index: expire D:\phpstudy\WWW\dcyd\ThinkPHP\Common\functions.php 第 549 行.
NOTIC: [8] Undefined index: id D:\phpstudy\WWW\dcyd\Manage\Lib\Action\ReplyAction.class.php 第 11 行.
NOTIC: [8] Undefined index: name D:\phpstudy\WWW\dcyd\Manage\Lib\Action\ReplyAction.class.php 第 12 行.
NOTIC: [8] Undefined index: phone D:\phpstudy\WWW\dcyd\Manage\Lib\Action\ReplyAction.class.php 第 13 行.
NOTIC: [8] Undefined index: ques D:\phpstudy\WWW\dcyd\Manage\Lib\Action\ReplyAction.class.php 第 14 行.
NOTIC: [8] Undefined index: desc D:\phpstudy\WWW\dcyd\Manage\Lib\Action\ReplyAction.class.php 第 15 行.
NOTIC: [8] Undefined index: status D:\phpstudy\WWW\dcyd\Manage\Lib\Action\ReplyAction.class.php 第 16 行.
SQL: SHOW COLUMNS FROM `dcyd_lyk` [ RunTime:0.004000s ]
NOTIC: [8] Undefined variable: map D:\phpstudy\WWW\dcyd\Manage\Lib\Action\ReplyAction.class.php 第 19 行.
SQL: SELECT `id`,`name`,`phone`,`ques`,`desc`,`status` FROM `dcyd_lyk` LIMIT 0,20   [ RunTime:0.001000s ]
NOTIC: [8] Undefined variable: map D:\phpstudy\WWW\dcyd\Manage\Lib\Action\ReplyAction.class.php 第 20 行.
SQL: SELECT COUNT(*) AS tp_count FROM `dcyd_lyk` LIMIT 1   [ RunTime:0.002000s ]
NOTIC: [8] Undefined index: time D:\phpstudy\WWW\dcyd\Manage\Lib\Action\ReplyAction.class.php 第 22 行.
NOTIC: [8] Undefined index: time D:\phpstudy\WWW\dcyd\Manage\Lib\Action\ReplyAction.class.php 第 22 行.
NOTIC: [8] Undefined index: time D:\phpstudy\WWW\dcyd\Manage\Lib\Action\ReplyAction.class.php 第 22 行.
NOTIC: [8] Undefined index: time D:\phpstudy\WWW\dcyd\Manage\Lib\Action\ReplyAction.class.php 第 22 行.
NOTIC: [8] Undefined index: time D:\phpstudy\WWW\dcyd\Manage\Lib\Action\ReplyAction.class.php 第 22 行.
NOTIC: [8] Undefined index: time D:\phpstudy\WWW\dcyd\Manage\Lib\Action\ReplyAction.class.php 第 22 行.
NOTIC: [8] Undefined index: time D:\phpstudy\WWW\dcyd\Manage\Lib\Action\ReplyAction.class.php 第 22 行.
NOTIC: [8] Undefined index: time D:\phpstudy\WWW\dcyd\Manage\Lib\Action\ReplyAction.class.php 第 22 行.
NOTIC: [8] Undefined index: time D:\phpstudy\WWW\dcyd\Manage\Lib\Action\ReplyAction.class.php 第 22 行.
NOTIC: [8] Undefined index: time D:\phpstudy\WWW\dcyd\Manage\Lib\Action\ReplyAction.class.php 第 22 行.
NOTIC: [8] Undefined index: time D:\phpstudy\WWW\dcyd\Manage\Lib\Action\ReplyAction.class.php 第 22 行.
NOTIC: [8] Undefined index: time D:\phpstudy\WWW\dcyd\Manage\Lib\Action\ReplyAction.class.php 第 22 行.
NOTIC: [8] Undefined index: time D:\phpstudy\WWW\dcyd\Manage\Lib\Action\ReplyAction.class.php 第 22 行.
NOTIC: [8] Undefined index: time D:\phpstudy\WWW\dcyd\Manage\Lib\Action\ReplyAction.class.php 第 22 行.
NOTIC: [8] Undefined index: time D:\phpstudy\WWW\dcyd\Manage\Lib\Action\ReplyAction.class.php 第 22 行.
NOTIC: [8] Undefined index: time D:\phpstudy\WWW\dcyd\Manage\Lib\Action\ReplyAction.class.php 第 22 行.
NOTIC: [8] Undefined index: time D:\phpstudy\WWW\dcyd\Manage\Lib\Action\ReplyAction.class.php 第 22 行.
NOTIC: [8] Undefined index: time D:\phpstudy\WWW\dcyd\Manage\Lib\Action\ReplyAction.class.php 第 22 行.

[ 2016-12-27T15:48:44+08:00 ] 127.0.0.1 /Manerger/index.php/Reply/one
INFO: [ route_check ] --START--
INFO: CheckRoute Behavior ::run [ RunTime:0.002000s ]
INFO: [ route_check ] --END-- [ RunTime:0.002000s ]
INFO: [ app_begin ] --START--
INFO: ReadHtmlCache Behavior ::run [ RunTime:0.002001s ]
INFO: [ app_begin ] --END-- [ RunTime:0.002001s ]
NOTIC: [8] Undefined index: expire D:\phpstudy\WWW\dcyd\ThinkPHP\Common\functions.php 第 549 行.
INFO: [ view_parse ] --START--
INFO: ParseTemplate Behavior ::run [ RunTime:0.021001s ]
INFO: [ view_parse ] --END-- [ RunTime:0.022001s ]
INFO: [ view_filter ] --START--
INFO: ContentReplace Behavior ::run [ RunTime:0.001000s ]
INFO: TokenBuild Behavior ::run [ RunTime:0.002000s ]
INFO: WriteHtmlCache Behavior ::run [ RunTime:0.001000s ]
INFO: ShowRuntime Behavior ::run [ RunTime:0.003001s ]
INFO: [ view_filter ] --END-- [ RunTime:0.008001s ]
INFO: [ view_end ] --START--
INFO: ShowPageTrace Behavior ::run [ RunTime:0.002000s ]
INFO: [ view_end ] --END-- [ RunTime:0.004000s ]

[ 2016-12-27T15:48:45+08:00 ] 127.0.0.1 /Manerger/index.php?m=Reply&a=onelist
INFO: [ app_begin ] --START--
INFO: ReadHtmlCache Behavior ::run [ RunTime:0.003000s ]
INFO: [ app_begin ] --END-- [ RunTime:0.003000s ]
NOTIC: [8] Undefined index: expire D:\phpstudy\WWW\dcyd\ThinkPHP\Common\functions.php 第 549 行.
NOTIC: [8] Undefined index: id D:\phpstudy\WWW\dcyd\Manage\Lib\Action\ReplyAction.class.php 第 11 行.
NOTIC: [8] Undefined index: name D:\phpstudy\WWW\dcyd\Manage\Lib\Action\ReplyAction.class.php 第 12 行.
NOTIC: [8] Undefined index: phone D:\phpstudy\WWW\dcyd\Manage\Lib\Action\ReplyAction.class.php 第 13 行.
NOTIC: [8] Undefined index: ques D:\phpstudy\WWW\dcyd\Manage\Lib\Action\ReplyAction.class.php 第 14 行.
NOTIC: [8] Undefined index: desc D:\phpstudy\WWW\dcyd\Manage\Lib\Action\ReplyAction.class.php 第 15 行.
NOTIC: [8] Undefined index: status D:\phpstudy\WWW\dcyd\Manage\Lib\Action\ReplyAction.class.php 第 16 行.
SQL: SHOW COLUMNS FROM `dcyd_lyk` [ RunTime:0.004000s ]
NOTIC: [8] Undefined variable: map D:\phpstudy\WWW\dcyd\Manage\Lib\Action\ReplyAction.class.php 第 19 行.
SQL: SELECT `id`,`name`,`phone`,`ques`,`desc`,`status` FROM `dcyd_lyk` LIMIT 0,20   [ RunTime:0.000000s ]
NOTIC: [8] Undefined variable: map D:\phpstudy\WWW\dcyd\Manage\Lib\Action\ReplyAction.class.php 第 20 行.
SQL: SELECT COUNT(*) AS tp_count FROM `dcyd_lyk` LIMIT 1   [ RunTime:0.001000s ]
NOTIC: [8] Undefined index: time D:\phpstudy\WWW\dcyd\Manage\Lib\Action\ReplyAction.class.php 第 22 行.
NOTIC: [8] Undefined index: time D:\phpstudy\WWW\dcyd\Manage\Lib\Action\ReplyAction.class.php 第 22 行.

[ 2016-12-27T16:04:48+08:00 ] 127.0.0.1 /Manerger/index.php/Reply/one
INFO: [ route_check ] --START--
INFO: CheckRoute Behavior ::run [ RunTime:0.002000s ]
INFO: [ route_check ] --END-- [ RunTime:0.003000s ]
INFO: [ app_begin ] --START--
INFO: ReadHtmlCache Behavior ::run [ RunTime:0.002001s ]
INFO: [ app_begin ] --END-- [ RunTime:0.003001s ]
NOTIC: [8] Undefined index: expire D:\phpstudy\WWW\dcyd\ThinkPHP\Common\functions.php 第 549 行.
INFO: [ view_parse ] --START--
INFO: ParseTemplate Behavior ::run [ RunTime:0.025001s ]
INFO: [ view_parse ] --END-- [ RunTime:0.026001s ]
INFO: [ view_filter ] --START--
INFO: ContentReplace Behavior ::run [ RunTime:0.002001s ]
INFO: TokenBuild Behavior ::run [ RunTime:0.003000s ]
INFO: WriteHtmlCache Behavior ::run [ RunTime:0.002000s ]
INFO: ShowRuntime Behavior ::run [ RunTime:0.003000s ]
INFO: [ view_filter ] --END-- [ RunTime:0.010001s ]
INFO: [ view_end ] --START--
INFO: ShowPageTrace Behavior ::run [ RunTime:0.002000s ]
INFO: [ view_end ] --END-- [ RunTime:0.004000s ]

[ 2016-12-27T16:04:48+08:00 ] 127.0.0.1 /Manerger/index.php?m=Reply&a=onelist
INFO: [ app_begin ] --START--
INFO: ReadHtmlCache Behavior ::run [ RunTime:0.002000s ]
INFO: [ app_begin ] --END-- [ RunTime:0.004001s ]
NOTIC: [8] Undefined index: expire D:\phpstudy\WWW\dcyd\ThinkPHP\Common\functions.php 第 549 行.
NOTIC: [8] Undefined index: id D:\phpstudy\WWW\dcyd\Manage\Lib\Action\ReplyAction.class.php 第 11 行.
NOTIC: [8] Undefined index: name D:\phpstudy\WWW\dcyd\Manage\Lib\Action\ReplyAction.class.php 第 12 行.
NOTIC: [8] Undefined index: phone D:\phpstudy\WWW\dcyd\Manage\Lib\Action\ReplyAction.class.php 第 13 行.
NOTIC: [8] Undefined index: ques D:\phpstudy\WWW\dcyd\Manage\Lib\Action\ReplyAction.class.php 第 14 行.
NOTIC: [8] Undefined index: desc D:\phpstudy\WWW\dcyd\Manage\Lib\Action\ReplyAction.class.php 第 15 行.
NOTIC: [8] Undefined index: status D:\phpstudy\WWW\dcyd\Manage\Lib\Action\ReplyAction.class.php 第 16 行.
SQL: SHOW COLUMNS FROM `dcyd_lyk` [ RunTime:0.005000s ]
NOTIC: [8] Undefined variable: map D:\phpstudy\WWW\dcyd\Manage\Lib\Action\ReplyAction.class.php 第 19 行.
SQL: SELECT `id`,`name`,`phone`,`ques`,`desc`,`status` FROM `dcyd_lyk` LIMIT 0,20   [ RunTime:0.001000s ]
NOTIC: [8] Undefined variable: map D:\phpstudy\WWW\dcyd\Manage\Lib\Action\ReplyAction.class.php 第 20 行.
SQL: SELECT COUNT(*) AS tp_count FROM `dcyd_lyk` LIMIT 1   [ RunTime:0.000000s ]
NOTIC: [8] Undefined index: time D:\phpstudy\WWW\dcyd\Manage\Lib\Action\ReplyAction.class.php 第 22 行.
NOTIC: [8] Undefined index: time D:\phpstudy\WWW\dcyd\Manage\Lib\Action\ReplyAction.class.php 第 22 行.

[ 2016-12-27T16:15:52+08:00 ] 127.0.0.1 /Manerger/index.php/Reply/one
INFO: [ route_check ] --START--
INFO: CheckRoute Behavior ::run [ RunTime:0.002000s ]
INFO: [ route_check ] --END-- [ RunTime:0.002000s ]
INFO: [ app_begin ] --START--
INFO: ReadHtmlCache Behavior ::run [ RunTime:0.003000s ]
INFO: [ app_begin ] --END-- [ RunTime:0.004000s ]
NOTIC: [8] Undefined index: expire D:\phpstudy\WWW\dcyd\ThinkPHP\Common\functions.php 第 549 行.
INFO: [ view_parse ] --START--
INFO: ParseTemplate Behavior ::run [ RunTime:0.020001s ]
INFO: [ view_parse ] --END-- [ RunTime:0.021001s ]
INFO: [ view_filter ] --START--
INFO: ContentReplace Behavior ::run [ RunTime:0.002000s ]
INFO: TokenBuild Behavior ::run [ RunTime:0.002000s ]
INFO: WriteHtmlCache Behavior ::run [ RunTime:0.001000s ]
INFO: ShowRuntime Behavior ::run [ RunTime:0.002000s ]
INFO: [ view_filter ] --END-- [ RunTime:0.009000s ]
INFO: [ view_end ] --START--
INFO: ShowPageTrace Behavior ::run [ RunTime:0.002001s ]
INFO: [ view_end ] --END-- [ RunTime:0.002001s ]

[ 2016-12-27T16:15:52+08:00 ] 127.0.0.1 /Manerger/index.php?m=Reply&a=onelist
INFO: [ app_begin ] --START--
INFO: ReadHtmlCache Behavior ::run [ RunTime:0.001001s ]
INFO: [ app_begin ] --END-- [ RunTime:0.003001s ]
NOTIC: [8] Undefined index: expire D:\phpstudy\WWW\dcyd\ThinkPHP\Common\functions.php 第 549 行.
NOTIC: [8] Undefined index: id D:\phpstudy\WWW\dcyd\Manage\Lib\Action\ReplyAction.class.php 第 11 行.
NOTIC: [8] Undefined index: name D:\phpstudy\WWW\dcyd\Manage\Lib\Action\ReplyAction.class.php 第 12 行.
NOTIC: [8] Undefined index: phone D:\phpstudy\WWW\dcyd\Manage\Lib\Action\ReplyAction.class.php 第 13 行.
NOTIC: [8] Undefined index: ques D:\phpstudy\WWW\dcyd\Manage\Lib\Action\ReplyAction.class.php 第 14 行.
NOTIC: [8] Undefined index: desc D:\phpstudy\WWW\dcyd\Manage\Lib\Action\ReplyAction.class.php 第 15 行.
NOTIC: [8] Undefined index: status D:\phpstudy\WWW\dcyd\Manage\Lib\Action\ReplyAction.class.php 第 16 行.
SQL: SHOW COLUMNS FROM `dcyd_lyk` [ RunTime:0.007000s ]
NOTIC: [8] Undefined variable: map D:\phpstudy\WWW\dcyd\Manage\Lib\Action\ReplyAction.class.php 第 19 行.
SQL: SELECT `id`,`name`,`phone`,`ques`,`desc`,`status`,`time` FROM `dcyd_lyk` LIMIT 0,20   [ RunTime:0.001001s ]
NOTIC: [8] Undefined variable: map D:\phpstudy\WWW\dcyd\Manage\Lib\Action\ReplyAction.class.php 第 20 行.
SQL: SELECT COUNT(*) AS tp_count FROM `dcyd_lyk` LIMIT 1   [ RunTime:0.000000s ]

[ 2016-12-27T16:38:32+08:00 ] 127.0.0.1 /Manerger/index.php/Reply/one
INFO: [ route_check ] --START--
INFO: CheckRoute Behavior ::run [ RunTime:0.001000s ]
INFO: [ route_check ] --END-- [ RunTime:0.002000s ]
INFO: [ app_begin ] --START--
INFO: ReadHtmlCache Behavior ::run [ RunTime:0.001001s ]
INFO: [ app_begin ] --END-- [ RunTime:0.002001s ]
NOTIC: [8] Undefined index: expire D:\phpstudy\WWW\dcyd\ThinkPHP\Common\functions.php 第 549 行.
INFO: [ view_parse ] --START--
INFO: ParseTemplate Behavior ::run [ RunTime:0.021001s ]
INFO: [ view_parse ] --END-- [ RunTime:0.021001s ]
INFO: [ view_filter ] --START--
INFO: ContentReplace Behavior ::run [ RunTime:0.002000s ]
INFO: TokenBuild Behavior ::run [ RunTime:0.002000s ]
INFO: WriteHtmlCache Behavior ::run [ RunTime:0.002001s ]
INFO: ShowRuntime Behavior ::run [ RunTime:0.003000s ]
INFO: [ view_filter ] --END-- [ RunTime:0.011001s ]
INFO: [ view_end ] --START--
INFO: ShowPageTrace Behavior ::run [ RunTime:0.002000s ]
INFO: [ view_end ] --END-- [ RunTime:0.002000s ]

[ 2016-12-27T16:38:32+08:00 ] 127.0.0.1 /Manerger/index.php?m=Reply&a=onelist
INFO: [ app_begin ] --START--
INFO: ReadHtmlCache Behavior ::run [ RunTime:0.002000s ]
INFO: [ app_begin ] --END-- [ RunTime:0.002000s ]
NOTIC: [8] Undefined index: expire D:\phpstudy\WWW\dcyd\ThinkPHP\Common\functions.php 第 549 行.
NOTIC: [8] Undefined index: id D:\phpstudy\WWW\dcyd\Manage\Lib\Action\ReplyAction.class.php 第 11 行.
NOTIC: [8] Undefined index: name D:\phpstudy\WWW\dcyd\Manage\Lib\Action\ReplyAction.class.php 第 12 行.
NOTIC: [8] Undefined index: phone D:\phpstudy\WWW\dcyd\Manage\Lib\Action\ReplyAction.class.php 第 13 行.
NOTIC: [8] Undefined index: ques D:\phpstudy\WWW\dcyd\Manage\Lib\Action\ReplyAction.class.php 第 14 行.
NOTIC: [8] Undefined index: desc D:\phpstudy\WWW\dcyd\Manage\Lib\Action\ReplyAction.class.php 第 15 行.
NOTIC: [8] Undefined index: status D:\phpstudy\WWW\dcyd\Manage\Lib\Action\ReplyAction.class.php 第 16 行.
SQL: SHOW COLUMNS FROM `dcyd_lyk` [ RunTime:0.008001s ]
NOTIC: [8] Undefined variable: map D:\phpstudy\WWW\dcyd\Manage\Lib\Action\ReplyAction.class.php 第 19 行.
SQL: SELECT `id`,`name`,`phone`,`ques`,`desc`,`status`,`time` FROM `dcyd_lyk` LIMIT 0,20   [ RunTime:0.001000s ]
NOTIC: [8] Undefined variable: map D:\phpstudy\WWW\dcyd\Manage\Lib\Action\ReplyAction.class.php 第 20 行.
SQL: SELECT COUNT(*) AS tp_count FROM `dcyd_lyk` LIMIT 1   [ RunTime:0.001000s ]

