[ 2016-12-14T10:40:44+08:00 ] 127.0.0.1 /manerger/
INFO: [ app_begin ] --START--
INFO: ReadHtmlCache Behavior ::run [ RunTime:0.002000s ]
INFO: [ app_begin ] --END-- [ RunTime:0.002000s ]
NOTIC: [8] Undefined index: expire D:\phpstudy\WWW\dcyd\ThinkPHP\Common\functions.php 第 549 行.
NOTIC: [8] Undefined index: admin D:\phpstudy\WWW\dcyd\Manage\Lib\Action\IndexAction.class.php 第 5 行.
INFO: [ view_parse ] --START--
NOTIC: [8] Undefined index: admin D:\phpstudy\WWW\dcyd\Manage\Runtime\Cache\6eb21b90e50e413ebd495101e2f3fb87.php 第 27 行.
INFO: ParseTemplate Behavior ::run [ RunTime:0.046003s ]
INFO: [ view_parse ] --END-- [ RunTime:0.047003s ]
INFO: [ view_filter ] --START--
INFO: ContentReplace Behavior ::run [ RunTime:0.002000s ]
INFO: TokenBuild Behavior ::run [ RunTime:0.002000s ]
INFO: WriteHtmlCache Behavior ::run [ RunTime:0.001000s ]
INFO: ShowRuntime Behavior ::run [ RunTime:0.002000s ]
INFO: [ view_filter ] --END-- [ RunTime:0.008000s ]
INFO: [ view_end ] --START--
INFO: ShowPageTrace Behavior ::run [ RunTime:0.002000s ]
INFO: [ view_end ] --END-- [ RunTime:0.002000s ]

[ 2016-12-14T10:40:44+08:00 ] 127.0.0.1 /Manerger/index.php/Public/login.html
INFO: [ route_check ] --START--
INFO: CheckRoute Behavior ::run [ RunTime:0.001000s ]
INFO: [ route_check ] --END-- [ RunTime:0.003001s ]
INFO: [ app_begin ] --START--
INFO: ReadHtmlCache Behavior ::run [ RunTime:0.002000s ]
INFO: [ app_begin ] --END-- [ RunTime:0.003000s ]
NOTIC: [8] Undefined index: expire D:\phpstudy\WWW\dcyd\ThinkPHP\Common\functions.php 第 549 行.
INFO: [ view_parse ] --START--
INFO: ParseTemplate Behavior ::run [ RunTime:0.019001s ]
INFO: [ view_parse ] --END-- [ RunTime:0.020001s ]
INFO: [ view_filter ] --START--
INFO: ContentReplace Behavior ::run [ RunTime:0.001000s ]
INFO: TokenBuild Behavior ::run [ RunTime:0.001000s ]
INFO: WriteHtmlCache Behavior ::run [ RunTime:0.001000s ]
INFO: ShowRuntime Behavior ::run [ RunTime:0.002000s ]
INFO: [ view_filter ] --END-- [ RunTime:0.008001s ]
INFO: [ view_end ] --START--
INFO: ShowPageTrace Behavior ::run [ RunTime:0.002000s ]
INFO: [ view_end ] --END-- [ RunTime:0.002000s ]

[ 2016-12-14T10:50:41+08:00 ] 127.0.0.1 /Manerger/index.php/Public/checklogin
INFO: [ route_check ] --START--
INFO: CheckRoute Behavior ::run [ RunTime:0.002000s ]
INFO: [ route_check ] --END-- [ RunTime:0.002000s ]
INFO: [ app_begin ] --START--
INFO: ReadHtmlCache Behavior ::run [ RunTime:0.002000s ]
INFO: [ app_begin ] --END-- [ RunTime:0.004000s ]
NOTIC: [8] Undefined index: expire D:\phpstudy\WWW\dcyd\ThinkPHP\Common\functions.php 第 549 行.
SQL: SHOW COLUMNS FROM `dcyd_admin` [ RunTime:0.010001s ]
NOTIC: 建议使用I方法替代_post
NOTIC: 建议使用I方法替代_post
SQL: SELECT `id`,`rid`,`username` FROM `dcyd_admin` WHERE ( `username` = 'admin' ) AND ( `password` = '8b88e6b7e854b04cb74e' ) LIMIT 1   [ RunTime:0.002000s ]
SQL: SHOW COLUMNS FROM `dcyd_role` [ RunTime:0.005001s ]
SQL: SELECT `powers` FROM `dcyd_role` WHERE ( id=1 ) LIMIT 1   [ RunTime:0.001000s ]
SQL: SHOW COLUMNS FROM `dcyd_node` [ RunTime:0.007000s ]
SQL: SELECT `name` FROM `dcyd_node` WHERE ( pid>0 )  [ RunTime:0.001000s ]
SQL: UPDATE `dcyd_admin` SET `last_time`=1481683841,`last_ip`=127 WHERE ( id=1 ) [ RunTime:0.002000s ]
NOTIC: [8] Undefined variable: var D:\phpstudy\WWW\dcyd\ThinkPHP\Common\functions.php 第 247 行.
NOTIC: [2] array_reverse() expects parameter 1 to be array, null given D:\phpstudy\WWW\dcyd\ThinkPHP\Common\functions.php 第 247 行.
NOTIC: [2] http_build_query() [<a href='function.http-build-query'>function.http-build-query</a>]: Parameter 1 expected to be Array or Object.  Incorrect value given D:\phpstudy\WWW\dcyd\ThinkPHP\Common\functions.php 第 247 行.

[ 2016-12-14T10:50:41+08:00 ] 127.0.0.1 /Manerger/index.php?
INFO: [ app_begin ] --START--
INFO: ReadHtmlCache Behavior ::run [ RunTime:0.001000s ]
INFO: [ app_begin ] --END-- [ RunTime:0.003000s ]
NOTIC: [8] Undefined index: expire D:\phpstudy\WWW\dcyd\ThinkPHP\Common\functions.php 第 549 行.
INFO: [ view_parse ] --START--
INFO: ParseTemplate Behavior ::run [ RunTime:0.032002s ]
INFO: [ view_parse ] --END-- [ RunTime:0.033002s ]
INFO: [ view_filter ] --START--
INFO: ContentReplace Behavior ::run [ RunTime:0.001000s ]
INFO: TokenBuild Behavior ::run [ RunTime:0.002000s ]
INFO: WriteHtmlCache Behavior ::run [ RunTime:0.001000s ]
INFO: ShowRuntime Behavior ::run [ RunTime:0.002000s ]
INFO: [ view_filter ] --END-- [ RunTime:0.008000s ]
INFO: [ view_end ] --START--
INFO: ShowPageTrace Behavior ::run [ RunTime:0.002000s ]
INFO: [ view_end ] --END-- [ RunTime:0.002000s ]

[ 2016-12-14T10:50:44+08:00 ] 127.0.0.1 /Manerger/index.php/Question/cwzd
INFO: [ route_check ] --START--
INFO: CheckRoute Behavior ::run [ RunTime:0.003000s ]
INFO: [ route_check ] --END-- [ RunTime:0.004000s ]
INFO: [ app_begin ] --START--
INFO: ReadHtmlCache Behavior ::run [ RunTime:0.002001s ]
INFO: [ app_begin ] --END-- [ RunTime:0.003001s ]
NOTIC: [8] Undefined index: expire D:\phpstudy\WWW\dcyd\ThinkPHP\Common\functions.php 第 549 行.
NOTIC: [2048] Declaration of QuestionAction::show() should be compatible with that of Action::show() D:\phpstudy\WWW\dcyd\Manage\Lib\Action\QuestionAction.class.php 第 209 行.
INFO: [ view_parse ] --START--
INFO: ParseTemplate Behavior ::run [ RunTime:0.022001s ]
INFO: [ view_parse ] --END-- [ RunTime:0.023001s ]
INFO: [ view_filter ] --START--
INFO: ContentReplace Behavior ::run [ RunTime:0.002001s ]
INFO: TokenBuild Behavior ::run [ RunTime:0.001000s ]
INFO: WriteHtmlCache Behavior ::run [ RunTime:0.000000s ]
INFO: ShowRuntime Behavior ::run [ RunTime:0.003000s ]
INFO: [ view_filter ] --END-- [ RunTime:0.011001s ]
INFO: [ view_end ] --START--
INFO: ShowPageTrace Behavior ::run [ RunTime:0.001000s ]
INFO: [ view_end ] --END-- [ RunTime:0.002000s ]

[ 2016-12-14T10:50:44+08:00 ] 127.0.0.1 /Manerger/index.php?m=Question&a=cwzdlist
INFO: [ app_begin ] --START--
INFO: ReadHtmlCache Behavior ::run [ RunTime:0.002000s ]
INFO: [ app_begin ] --END-- [ RunTime:0.004000s ]
NOTIC: [8] Undefined index: expire D:\phpstudy\WWW\dcyd\ThinkPHP\Common\functions.php 第 549 行.
NOTIC: [2048] Declaration of QuestionAction::show() should be compatible with that of Action::show() D:\phpstudy\WWW\dcyd\Manage\Lib\Action\QuestionAction.class.php 第 209 行.
NOTIC: [8] Undefined index: id D:\phpstudy\WWW\dcyd\Manage\Lib\Action\QuestionAction.class.php 第 10 行.
NOTIC: [8] Undefined index: name D:\phpstudy\WWW\dcyd\Manage\Lib\Action\QuestionAction.class.php 第 11 行.
NOTIC: [8] Undefined index: phone D:\phpstudy\WWW\dcyd\Manage\Lib\Action\QuestionAction.class.php 第 12 行.
NOTIC: [8] Undefined index: status D:\phpstudy\WWW\dcyd\Manage\Lib\Action\QuestionAction.class.php 第 13 行.
NOTIC: [8] Undefined index: time D:\phpstudy\WWW\dcyd\Manage\Lib\Action\QuestionAction.class.php 第 19 行.
SQL: SHOW COLUMNS FROM `dcyd_cwzd` [ RunTime:0.010001s ]
NOTIC: [8] Undefined variable: map D:\phpstudy\WWW\dcyd\Manage\Lib\Action\QuestionAction.class.php 第 22 行.
SQL: SELECT `id`,`name`,`phone`,`time`,`status` FROM `dcyd_cwzd` LIMIT 0,20   [ RunTime:0.000000s ]
NOTIC: [8] Undefined variable: map D:\phpstudy\WWW\dcyd\Manage\Lib\Action\QuestionAction.class.php 第 23 行.
SQL: SELECT COUNT(*) AS tp_count FROM `dcyd_cwzd` LIMIT 1   [ RunTime:0.000000s ]

[ 2016-12-14T14:39:42+08:00 ] 127.0.0.1 /Manerger/index.php/Question/cwzd
INFO: [ route_check ] --START--
INFO: CheckRoute Behavior ::run [ RunTime:0.003000s ]
INFO: [ route_check ] --END-- [ RunTime:0.004000s ]
INFO: [ app_begin ] --START--
INFO: ReadHtmlCache Behavior ::run [ RunTime:0.001000s ]
INFO: [ app_begin ] --END-- [ RunTime:0.003000s ]
NOTIC: [8] Undefined index: expire D:\phpstudy\WWW\dcyd\ThinkPHP\Common\functions.php 第 549 行.
NOTIC: [2048] Declaration of QuestionAction::show() should be compatible with that of Action::show() D:\phpstudy\WWW\dcyd\Manage\Lib\Action\QuestionAction.class.php 第 209 行.
INFO: [ view_parse ] --START--
INFO: ParseTemplate Behavior ::run [ RunTime:0.019001s ]
INFO: [ view_parse ] --END-- [ RunTime:0.019001s ]
INFO: [ view_filter ] --START--
INFO: ContentReplace Behavior ::run [ RunTime:0.001000s ]
INFO: TokenBuild Behavior ::run [ RunTime:0.001000s ]
INFO: WriteHtmlCache Behavior ::run [ RunTime:0.001000s ]
INFO: ShowRuntime Behavior ::run [ RunTime:0.003000s ]
INFO: [ view_filter ] --END-- [ RunTime:0.009000s ]
INFO: [ view_end ] --START--
INFO: ShowPageTrace Behavior ::run [ RunTime:0.002000s ]
INFO: [ view_end ] --END-- [ RunTime:0.004000s ]

[ 2016-12-14T14:39:42+08:00 ] 127.0.0.1 /Manerger/index.php?m=Question&a=cwzdlist
INFO: [ app_begin ] --START--
INFO: ReadHtmlCache Behavior ::run [ RunTime:0.002001s ]
INFO: [ app_begin ] --END-- [ RunTime:0.003001s ]
NOTIC: [8] Undefined index: expire D:\phpstudy\WWW\dcyd\ThinkPHP\Common\functions.php 第 549 行.
NOTIC: [2048] Declaration of QuestionAction::show() should be compatible with that of Action::show() D:\phpstudy\WWW\dcyd\Manage\Lib\Action\QuestionAction.class.php 第 209 行.
NOTIC: [8] Undefined index: id D:\phpstudy\WWW\dcyd\Manage\Lib\Action\QuestionAction.class.php 第 10 行.
NOTIC: [8] Undefined index: name D:\phpstudy\WWW\dcyd\Manage\Lib\Action\QuestionAction.class.php 第 11 行.
NOTIC: [8] Undefined index: phone D:\phpstudy\WWW\dcyd\Manage\Lib\Action\QuestionAction.class.php 第 12 行.
NOTIC: [8] Undefined index: status D:\phpstudy\WWW\dcyd\Manage\Lib\Action\QuestionAction.class.php 第 13 行.
NOTIC: [8] Undefined index: time D:\phpstudy\WWW\dcyd\Manage\Lib\Action\QuestionAction.class.php 第 19 行.
SQL: SHOW COLUMNS FROM `dcyd_cwzd` [ RunTime:0.007000s ]
NOTIC: [8] Undefined variable: map D:\phpstudy\WWW\dcyd\Manage\Lib\Action\QuestionAction.class.php 第 22 行.
SQL: SELECT `id`,`name`,`phone`,`time`,`status` FROM `dcyd_cwzd` LIMIT 0,20   [ RunTime:0.001001s ]
NOTIC: [8] Undefined variable: map D:\phpstudy\WWW\dcyd\Manage\Lib\Action\QuestionAction.class.php 第 23 行.
SQL: SELECT COUNT(*) AS tp_count FROM `dcyd_cwzd` LIMIT 1   [ RunTime:0.001000s ]

[ 2016-12-14T14:39:44+08:00 ] 127.0.0.1 /Manerger/index.php/Question/sht
INFO: [ route_check ] --START--
INFO: CheckRoute Behavior ::run [ RunTime:0.002001s ]
INFO: [ route_check ] --END-- [ RunTime:0.003001s ]
INFO: [ app_begin ] --START--
INFO: ReadHtmlCache Behavior ::run [ RunTime:0.003000s ]
INFO: [ app_begin ] --END-- [ RunTime:0.004000s ]
NOTIC: [8] Undefined index: expire D:\phpstudy\WWW\dcyd\ThinkPHP\Common\functions.php 第 549 行.
NOTIC: [2048] Declaration of QuestionAction::show() should be compatible with that of Action::show() D:\phpstudy\WWW\dcyd\Manage\Lib\Action\QuestionAction.class.php 第 209 行.
INFO: [ view_parse ] --START--
INFO: ParseTemplate Behavior ::run [ RunTime:0.023001s ]
INFO: [ view_parse ] --END-- [ RunTime:0.023001s ]
INFO: [ view_filter ] --START--
INFO: ContentReplace Behavior ::run [ RunTime:0.001000s ]
INFO: TokenBuild Behavior ::run [ RunTime:0.002000s ]
INFO: WriteHtmlCache Behavior ::run [ RunTime:0.001000s ]
INFO: ShowRuntime Behavior ::run [ RunTime:0.003001s ]
INFO: [ view_filter ] --END-- [ RunTime:0.011001s ]
INFO: [ view_end ] --START--
INFO: ShowPageTrace Behavior ::run [ RunTime:0.003000s ]
INFO: [ view_end ] --END-- [ RunTime:0.004000s ]

[ 2016-12-14T14:39:44+08:00 ] 127.0.0.1 /Manerger/index.php?m=Question&a=shtlist
INFO: [ app_begin ] --START--
INFO: ReadHtmlCache Behavior ::run [ RunTime:0.002000s ]
INFO: [ app_begin ] --END-- [ RunTime:0.004000s ]
NOTIC: [8] Undefined index: expire D:\phpstudy\WWW\dcyd\ThinkPHP\Common\functions.php 第 549 行.
NOTIC: [2048] Declaration of QuestionAction::show() should be compatible with that of Action::show() D:\phpstudy\WWW\dcyd\Manage\Lib\Action\QuestionAction.class.php 第 209 行.
NOTIC: [8] Undefined index: id D:\phpstudy\WWW\dcyd\Manage\Lib\Action\QuestionAction.class.php 第 104 行.
NOTIC: [8] Undefined index: name D:\phpstudy\WWW\dcyd\Manage\Lib\Action\QuestionAction.class.php 第 105 行.
NOTIC: [8] Undefined index: phone D:\phpstudy\WWW\dcyd\Manage\Lib\Action\QuestionAction.class.php 第 106 行.
NOTIC: [8] Undefined index: status D:\phpstudy\WWW\dcyd\Manage\Lib\Action\QuestionAction.class.php 第 107 行.
NOTIC: [8] Undefined index: time D:\phpstudy\WWW\dcyd\Manage\Lib\Action\QuestionAction.class.php 第 113 行.
SQL: SHOW COLUMNS FROM `dcyd_sht` [ RunTime:0.008000s ]
NOTIC: [8] Undefined variable: map D:\phpstudy\WWW\dcyd\Manage\Lib\Action\QuestionAction.class.php 第 116 行.
SQL: SELECT `id`,`name`,`phone`,`time`,`status` FROM `dcyd_sht` LIMIT 0,20   [ RunTime:0.000000s ]
NOTIC: [8] Undefined variable: map D:\phpstudy\WWW\dcyd\Manage\Lib\Action\QuestionAction.class.php 第 117 行.
SQL: SELECT COUNT(*) AS tp_count FROM `dcyd_sht` LIMIT 1   [ RunTime:0.001000s ]

[ 2016-12-14T14:39:45+08:00 ] 127.0.0.1 /Manerger/index.php/Question/sbb
INFO: [ route_check ] --START--
INFO: CheckRoute Behavior ::run [ RunTime:0.001000s ]
INFO: [ route_check ] --END-- [ RunTime:0.003000s ]
INFO: [ app_begin ] --START--
INFO: ReadHtmlCache Behavior ::run [ RunTime:0.002000s ]
INFO: [ app_begin ] --END-- [ RunTime:0.002000s ]
NOTIC: [8] Undefined index: expire D:\phpstudy\WWW\dcyd\ThinkPHP\Common\functions.php 第 549 行.
NOTIC: [2048] Declaration of QuestionAction::show() should be compatible with that of Action::show() D:\phpstudy\WWW\dcyd\Manage\Lib\Action\QuestionAction.class.php 第 209 行.
INFO: [ view_parse ] --START--
INFO: ParseTemplate Behavior ::run [ RunTime:0.021002s ]
INFO: [ view_parse ] --END-- [ RunTime:0.023002s ]
INFO: [ view_filter ] --START--
INFO: ContentReplace Behavior ::run [ RunTime:0.003000s ]
INFO: TokenBuild Behavior ::run [ RunTime:0.003000s ]
INFO: WriteHtmlCache Behavior ::run [ RunTime:0.002000s ]
INFO: ShowRuntime Behavior ::run [ RunTime:0.002000s ]
INFO: [ view_filter ] --END-- [ RunTime:0.014000s ]
INFO: [ view_end ] --START--
INFO: ShowPageTrace Behavior ::run [ RunTime:0.002000s ]
INFO: [ view_end ] --END-- [ RunTime:0.003000s ]

[ 2016-12-14T14:39:45+08:00 ] 127.0.0.1 /Manerger/index.php?m=Question&a=sbblist
INFO: [ app_begin ] --START--
INFO: ReadHtmlCache Behavior ::run [ RunTime:0.002000s ]
INFO: [ app_begin ] --END-- [ RunTime:0.002000s ]
NOTIC: [8] Undefined index: expire D:\phpstudy\WWW\dcyd\ThinkPHP\Common\functions.php 第 549 行.
NOTIC: [2048] Declaration of QuestionAction::show() should be compatible with that of Action::show() D:\phpstudy\WWW\dcyd\Manage\Lib\Action\QuestionAction.class.php 第 209 行.
NOTIC: [8] Undefined index: id D:\phpstudy\WWW\dcyd\Manage\Lib\Action\QuestionAction.class.php 第 155 行.
NOTIC: [8] Undefined index: name D:\phpstudy\WWW\dcyd\Manage\Lib\Action\QuestionAction.class.php 第 156 行.
NOTIC: [8] Undefined index: phone D:\phpstudy\WWW\dcyd\Manage\Lib\Action\QuestionAction.class.php 第 157 行.
NOTIC: [8] Undefined index: status D:\phpstudy\WWW\dcyd\Manage\Lib\Action\QuestionAction.class.php 第 158 行.
NOTIC: [8] Undefined index: time D:\phpstudy\WWW\dcyd\Manage\Lib\Action\QuestionAction.class.php 第 164 行.
SQL: SHOW COLUMNS FROM `dcyd_sbb` [ RunTime:0.006000s ]
NOTIC: [8] Undefined variable: map D:\phpstudy\WWW\dcyd\Manage\Lib\Action\QuestionAction.class.php 第 167 行.
SQL: SELECT `id`,`name`,`phone`,`time`,`status` FROM `dcyd_sbb` LIMIT 0,20   [ RunTime:0.001000s ]
NOTIC: [8] Undefined variable: map D:\phpstudy\WWW\dcyd\Manage\Lib\Action\QuestionAction.class.php 第 168 行.
SQL: SELECT COUNT(*) AS tp_count FROM `dcyd_sbb` LIMIT 1   [ RunTime:0.000000s ]

[ 2016-12-14T14:39:46+08:00 ] 127.0.0.1 /Manerger/index.php/Question/mianshi
INFO: [ route_check ] --START--
INFO: CheckRoute Behavior ::run [ RunTime:0.001000s ]
INFO: [ route_check ] --END-- [ RunTime:0.003000s ]
INFO: [ app_begin ] --START--
INFO: ReadHtmlCache Behavior ::run [ RunTime:0.003000s ]
INFO: [ app_begin ] --END-- [ RunTime:0.004000s ]
NOTIC: [8] Undefined index: expire D:\phpstudy\WWW\dcyd\ThinkPHP\Common\functions.php 第 549 行.
NOTIC: [2048] Declaration of QuestionAction::show() should be compatible with that of Action::show() D:\phpstudy\WWW\dcyd\Manage\Lib\Action\QuestionAction.class.php 第 209 行.
INFO: [ view_parse ] --START--
INFO: ParseTemplate Behavior ::run [ RunTime:0.025001s ]
INFO: [ view_parse ] --END-- [ RunTime:0.027002s ]
INFO: [ view_filter ] --START--
INFO: ContentReplace Behavior ::run [ RunTime:0.002000s ]
INFO: TokenBuild Behavior ::run [ RunTime:0.005000s ]
INFO: WriteHtmlCache Behavior ::run [ RunTime:0.001000s ]
INFO: ShowRuntime Behavior ::run [ RunTime:0.003000s ]
INFO: [ view_filter ] --END-- [ RunTime:0.016000s ]
INFO: [ view_end ] --START--
INFO: ShowPageTrace Behavior ::run [ RunTime:0.002000s ]
INFO: [ view_end ] --END-- [ RunTime:0.004000s ]

[ 2016-12-14T14:39:46+08:00 ] 127.0.0.1 /Manerger/index.php?m=Question&a=mianshilist
INFO: [ app_begin ] --START--
INFO: ReadHtmlCache Behavior ::run [ RunTime:0.003000s ]
INFO: [ app_begin ] --END-- [ RunTime:0.003000s ]
NOTIC: [8] Undefined index: expire D:\phpstudy\WWW\dcyd\ThinkPHP\Common\functions.php 第 549 行.
NOTIC: [2048] Declaration of QuestionAction::show() should be compatible with that of Action::show() D:\phpstudy\WWW\dcyd\Manage\Lib\Action\QuestionAction.class.php 第 209 行.
NOTIC: [8] Undefined index: id D:\phpstudy\WWW\dcyd\Manage\Lib\Action\QuestionAction.class.php 第 57 行.
NOTIC: [8] Undefined index: name D:\phpstudy\WWW\dcyd\Manage\Lib\Action\QuestionAction.class.php 第 58 行.
NOTIC: [8] Undefined index: phone D:\phpstudy\WWW\dcyd\Manage\Lib\Action\QuestionAction.class.php 第 59 行.
NOTIC: [8] Undefined index: status D:\phpstudy\WWW\dcyd\Manage\Lib\Action\QuestionAction.class.php 第 60 行.
NOTIC: [8] Undefined index: time D:\phpstudy\WWW\dcyd\Manage\Lib\Action\QuestionAction.class.php 第 66 行.
SQL: SHOW COLUMNS FROM `dcyd_mianshi` [ RunTime:0.007001s ]
NOTIC: [8] Undefined variable: map D:\phpstudy\WWW\dcyd\Manage\Lib\Action\QuestionAction.class.php 第 69 行.
SQL: SELECT `id`,`name`,`phone`,`time`,`status` FROM `dcyd_mianshi` LIMIT 0,20   [ RunTime:0.001000s ]
NOTIC: [8] Undefined variable: map D:\phpstudy\WWW\dcyd\Manage\Lib\Action\QuestionAction.class.php 第 70 行.
SQL: SELECT COUNT(*) AS tp_count FROM `dcyd_mianshi` LIMIT 1   [ RunTime:0.001000s ]

[ 2016-12-14T14:39:48+08:00 ] 127.0.0.1 /Manerger/index.php/Question/cwzd
INFO: [ route_check ] --START--
INFO: CheckRoute Behavior ::run [ RunTime:0.002000s ]
INFO: [ route_check ] --END-- [ RunTime:0.004000s ]
INFO: [ app_begin ] --START--
INFO: ReadHtmlCache Behavior ::run [ RunTime:0.002000s ]
INFO: [ app_begin ] --END-- [ RunTime:0.004001s ]
NOTIC: [8] Undefined index: expire D:\phpstudy\WWW\dcyd\ThinkPHP\Common\functions.php 第 549 行.
NOTIC: [2048] Declaration of QuestionAction::show() should be compatible with that of Action::show() D:\phpstudy\WWW\dcyd\Manage\Lib\Action\QuestionAction.class.php 第 209 行.
INFO: [ view_parse ] --START--
INFO: ParseTemplate Behavior ::run [ RunTime:0.020001s ]
INFO: [ view_parse ] --END-- [ RunTime:0.020001s ]
INFO: [ view_filter ] --START--
INFO: ContentReplace Behavior ::run [ RunTime:0.001000s ]
INFO: TokenBuild Behavior ::run [ RunTime:0.001000s ]
INFO: WriteHtmlCache Behavior ::run [ RunTime:0.000000s ]
INFO: ShowRuntime Behavior ::run [ RunTime:0.003001s ]
INFO: [ view_filter ] --END-- [ RunTime:0.009001s ]
INFO: [ view_end ] --START--
INFO: ShowPageTrace Behavior ::run [ RunTime:0.002000s ]
INFO: [ view_end ] --END-- [ RunTime:0.002000s ]

[ 2016-12-14T14:39:48+08:00 ] 127.0.0.1 /Manerger/index.php?m=Question&a=cwzdlist
INFO: [ app_begin ] --START--
INFO: ReadHtmlCache Behavior ::run [ RunTime:0.002000s ]
INFO: [ app_begin ] --END-- [ RunTime:0.002000s ]
NOTIC: [8] Undefined index: expire D:\phpstudy\WWW\dcyd\ThinkPHP\Common\functions.php 第 549 行.
NOTIC: [2048] Declaration of QuestionAction::show() should be compatible with that of Action::show() D:\phpstudy\WWW\dcyd\Manage\Lib\Action\QuestionAction.class.php 第 209 行.
NOTIC: [8] Undefined index: id D:\phpstudy\WWW\dcyd\Manage\Lib\Action\QuestionAction.class.php 第 10 行.
NOTIC: [8] Undefined index: name D:\phpstudy\WWW\dcyd\Manage\Lib\Action\QuestionAction.class.php 第 11 行.
NOTIC: [8] Undefined index: phone D:\phpstudy\WWW\dcyd\Manage\Lib\Action\QuestionAction.class.php 第 12 行.
NOTIC: [8] Undefined index: status D:\phpstudy\WWW\dcyd\Manage\Lib\Action\QuestionAction.class.php 第 13 行.
NOTIC: [8] Undefined index: time D:\phpstudy\WWW\dcyd\Manage\Lib\Action\QuestionAction.class.php 第 19 行.
SQL: SHOW COLUMNS FROM `dcyd_cwzd` [ RunTime:0.007000s ]
NOTIC: [8] Undefined variable: map D:\phpstudy\WWW\dcyd\Manage\Lib\Action\QuestionAction.class.php 第 22 行.
SQL: SELECT `id`,`name`,`phone`,`time`,`status` FROM `dcyd_cwzd` LIMIT 0,20   [ RunTime:0.001000s ]
NOTIC: [8] Undefined variable: map D:\phpstudy\WWW\dcyd\Manage\Lib\Action\QuestionAction.class.php 第 23 行.
SQL: SELECT COUNT(*) AS tp_count FROM `dcyd_cwzd` LIMIT 1   [ RunTime:0.001000s ]

[ 2016-12-14T14:39:52+08:00 ] 127.0.0.1 /Manerger/index.php/Question/show1
INFO: [ route_check ] --START--
INFO: CheckRoute Behavior ::run [ RunTime:0.001001s ]
INFO: [ route_check ] --END-- [ RunTime:0.003001s ]
INFO: [ app_begin ] --START--
INFO: ReadHtmlCache Behavior ::run [ RunTime:0.002000s ]
INFO: [ app_begin ] --END-- [ RunTime:0.003000s ]
NOTIC: [8] Undefined index: expire D:\phpstudy\WWW\dcyd\ThinkPHP\Common\functions.php 第 549 行.
NOTIC: [2048] Declaration of QuestionAction::show() should be compatible with that of Action::show() D:\phpstudy\WWW\dcyd\Manage\Lib\Action\QuestionAction.class.php 第 209 行.
NOTIC: 建议使用I方法替代_post
SQL: SHOW COLUMNS FROM `dcyd_cwzd` [ RunTime:0.005000s ]
SQL: UPDATE `dcyd_cwzd` SET `status`=1 WHERE ( id=17 ) [ RunTime:0.000000s ]

[ 2016-12-14T14:39:52+08:00 ] 127.0.0.1 /Manerger/index.php?m=Question&a=cwzdlist
INFO: [ app_begin ] --START--
INFO: ReadHtmlCache Behavior ::run [ RunTime:0.002000s ]
INFO: [ app_begin ] --END-- [ RunTime:0.002000s ]
NOTIC: [8] Undefined index: expire D:\phpstudy\WWW\dcyd\ThinkPHP\Common\functions.php 第 549 行.
NOTIC: [2048] Declaration of QuestionAction::show() should be compatible with that of Action::show() D:\phpstudy\WWW\dcyd\Manage\Lib\Action\QuestionAction.class.php 第 209 行.
NOTIC: [8] Undefined index: id D:\phpstudy\WWW\dcyd\Manage\Lib\Action\QuestionAction.class.php 第 10 行.
NOTIC: [8] Undefined index: name D:\phpstudy\WWW\dcyd\Manage\Lib\Action\QuestionAction.class.php 第 11 行.
NOTIC: [8] Undefined index: phone D:\phpstudy\WWW\dcyd\Manage\Lib\Action\QuestionAction.class.php 第 12 行.
NOTIC: [8] Undefined index: status D:\phpstudy\WWW\dcyd\Manage\Lib\Action\QuestionAction.class.php 第 13 行.
NOTIC: [8] Undefined index: time D:\phpstudy\WWW\dcyd\Manage\Lib\Action\QuestionAction.class.php 第 19 行.
SQL: SHOW COLUMNS FROM `dcyd_cwzd` [ RunTime:0.005000s ]
NOTIC: [8] Undefined variable: map D:\phpstudy\WWW\dcyd\Manage\Lib\Action\QuestionAction.class.php 第 22 行.
SQL: SELECT `id`,`name`,`phone`,`time`,`status` FROM `dcyd_cwzd` LIMIT 0,20   [ RunTime:0.000000s ]
NOTIC: [8] Undefined variable: map D:\phpstudy\WWW\dcyd\Manage\Lib\Action\QuestionAction.class.php 第 23 行.
SQL: SELECT COUNT(*) AS tp_count FROM `dcyd_cwzd` LIMIT 1   [ RunTime:0.001000s ]

[ 2016-12-14T19:53:13+08:00 ] 127.0.0.1 /Manerger/index.php/Question/cwzd
INFO: [ route_check ] --START--
INFO: CheckRoute Behavior ::run [ RunTime:0.002000s ]
INFO: [ route_check ] --END-- [ RunTime:0.004000s ]
INFO: [ app_begin ] --START--
INFO: ReadHtmlCache Behavior ::run [ RunTime:0.002000s ]
INFO: [ app_begin ] --END-- [ RunTime:0.004000s ]
NOTIC: [8] Undefined index: expire D:\phpstudy\WWW\dcyd\ThinkPHP\Common\functions.php 第 549 行.
NOTIC: [2048] Declaration of QuestionAction::show() should be compatible with that of Action::show() D:\phpstudy\WWW\dcyd\Manage\Lib\Action\QuestionAction.class.php 第 209 行.
INFO: [ view_parse ] --START--
INFO: ParseTemplate Behavior ::run [ RunTime:0.019002s ]
INFO: [ view_parse ] --END-- [ RunTime:0.020002s ]
INFO: [ view_filter ] --START--
INFO: ContentReplace Behavior ::run [ RunTime:0.003000s ]
INFO: TokenBuild Behavior ::run [ RunTime:0.003000s ]
INFO: WriteHtmlCache Behavior ::run [ RunTime:0.001000s ]
INFO: ShowRuntime Behavior ::run [ RunTime:0.002000s ]
INFO: [ view_filter ] --END-- [ RunTime:0.011000s ]
INFO: [ view_end ] --START--
INFO: ShowPageTrace Behavior ::run [ RunTime:0.002000s ]
INFO: [ view_end ] --END-- [ RunTime:0.002000s ]

[ 2016-12-14T19:53:13+08:00 ] 127.0.0.1 /Manerger/index.php?m=Question&a=cwzdlist
INFO: [ app_begin ] --START--
INFO: ReadHtmlCache Behavior ::run [ RunTime:0.003000s ]
INFO: [ app_begin ] --END-- [ RunTime:0.003000s ]
NOTIC: [8] Undefined index: expire D:\phpstudy\WWW\dcyd\ThinkPHP\Common\functions.php 第 549 行.
NOTIC: [2048] Declaration of QuestionAction::show() should be compatible with that of Action::show() D:\phpstudy\WWW\dcyd\Manage\Lib\Action\QuestionAction.class.php 第 209 行.
NOTIC: [8] Undefined index: id D:\phpstudy\WWW\dcyd\Manage\Lib\Action\QuestionAction.class.php 第 10 行.
NOTIC: [8] Undefined index: name D:\phpstudy\WWW\dcyd\Manage\Lib\Action\QuestionAction.class.php 第 11 行.
NOTIC: [8] Undefined index: phone D:\phpstudy\WWW\dcyd\Manage\Lib\Action\QuestionAction.class.php 第 12 行.
NOTIC: [8] Undefined index: status D:\phpstudy\WWW\dcyd\Manage\Lib\Action\QuestionAction.class.php 第 13 行.
NOTIC: [8] Undefined index: time D:\phpstudy\WWW\dcyd\Manage\Lib\Action\QuestionAction.class.php 第 19 行.
SQL: SHOW COLUMNS FROM `dcyd_cwzd` [ RunTime:0.005000s ]
NOTIC: [8] Undefined variable: map D:\phpstudy\WWW\dcyd\Manage\Lib\Action\QuestionAction.class.php 第 22 行.
SQL: SELECT `id`,`name`,`phone`,`time`,`status` FROM `dcyd_cwzd` LIMIT 0,20   [ RunTime:0.000000s ]
NOTIC: [8] Undefined variable: map D:\phpstudy\WWW\dcyd\Manage\Lib\Action\QuestionAction.class.php 第 23 行.
SQL: SELECT COUNT(*) AS tp_count FROM `dcyd_cwzd` LIMIT 1   [ RunTime:0.000000s ]

[ 2016-12-14T19:53:16+08:00 ] 127.0.0.1 /Manerger/index.php/Question/show1
INFO: [ route_check ] --START--
INFO: CheckRoute Behavior ::run [ RunTime:0.002000s ]
INFO: [ route_check ] --END-- [ RunTime:0.002000s ]
INFO: [ app_begin ] --START--
INFO: ReadHtmlCache Behavior ::run [ RunTime:0.002000s ]
INFO: [ app_begin ] --END-- [ RunTime:0.002000s ]
NOTIC: [8] Undefined index: expire D:\phpstudy\WWW\dcyd\ThinkPHP\Common\functions.php 第 549 行.
NOTIC: [2048] Declaration of QuestionAction::show() should be compatible with that of Action::show() D:\phpstudy\WWW\dcyd\Manage\Lib\Action\QuestionAction.class.php 第 209 行.
NOTIC: 建议使用I方法替代_post
SQL: SHOW COLUMNS FROM `dcyd_cwzd` [ RunTime:0.006001s ]
SQL: UPDATE `dcyd_cwzd` SET `status`=1 WHERE ( id=29 ) [ RunTime:0.001000s ]

[ 2016-12-14T19:53:19+08:00 ] 127.0.0.1 /Manerger/index.php/Question/show
INFO: [ route_check ] --START--
INFO: CheckRoute Behavior ::run [ RunTime:0.002000s ]
INFO: [ route_check ] --END-- [ RunTime:0.002000s ]
INFO: [ app_begin ] --START--
INFO: ReadHtmlCache Behavior ::run [ RunTime:0.002001s ]
INFO: [ app_begin ] --END-- [ RunTime:0.002001s ]
NOTIC: [8] Undefined index: expire D:\phpstudy\WWW\dcyd\ThinkPHP\Common\functions.php 第 549 行.
NOTIC: [2048] Declaration of QuestionAction::show() should be compatible with that of Action::show() D:\phpstudy\WWW\dcyd\Manage\Lib\Action\QuestionAction.class.php 第 209 行.
NOTIC: 建议使用I方法替代_post
SQL: SHOW COLUMNS FROM `dcyd_cwzd` [ RunTime:0.006001s ]
SQL: UPDATE `dcyd_cwzd` SET `status`=2 WHERE ( id=29 ) [ RunTime:0.001000s ]

[ 2016-12-14T19:53:19+08:00 ] 127.0.0.1 /Manerger/index.php?m=Question&a=cwzdlist
INFO: [ app_begin ] --START--
INFO: ReadHtmlCache Behavior ::run [ RunTime:0.003000s ]
INFO: [ app_begin ] --END-- [ RunTime:0.003000s ]
NOTIC: [8] Undefined index: expire D:\phpstudy\WWW\dcyd\ThinkPHP\Common\functions.php 第 549 行.
NOTIC: [2048] Declaration of QuestionAction::show() should be compatible with that of Action::show() D:\phpstudy\WWW\dcyd\Manage\Lib\Action\QuestionAction.class.php 第 209 行.
NOTIC: [8] Undefined index: id D:\phpstudy\WWW\dcyd\Manage\Lib\Action\QuestionAction.class.php 第 10 行.
NOTIC: [8] Undefined index: name D:\phpstudy\WWW\dcyd\Manage\Lib\Action\QuestionAction.class.php 第 11 行.
NOTIC: [8] Undefined index: phone D:\phpstudy\WWW\dcyd\Manage\Lib\Action\QuestionAction.class.php 第 12 行.
NOTIC: [8] Undefined index: status D:\phpstudy\WWW\dcyd\Manage\Lib\Action\QuestionAction.class.php 第 13 行.
NOTIC: [8] Undefined index: time D:\phpstudy\WWW\dcyd\Manage\Lib\Action\QuestionAction.class.php 第 19 行.
SQL: SHOW COLUMNS FROM `dcyd_cwzd` [ RunTime:0.004000s ]
NOTIC: [8] Undefined variable: map D:\phpstudy\WWW\dcyd\Manage\Lib\Action\QuestionAction.class.php 第 22 行.
SQL: SELECT `id`,`name`,`phone`,`time`,`status` FROM `dcyd_cwzd` LIMIT 0,20   [ RunTime:0.001000s ]
NOTIC: [8] Undefined variable: map D:\phpstudy\WWW\dcyd\Manage\Lib\Action\QuestionAction.class.php 第 23 行.
SQL: SELECT COUNT(*) AS tp_count FROM `dcyd_cwzd` LIMIT 1   [ RunTime:0.000000s ]

[ 2016-12-14T19:53:23+08:00 ] 127.0.0.1 /Manerger/index.php/Question/show
INFO: [ route_check ] --START--
INFO: CheckRoute Behavior ::run [ RunTime:0.001001s ]
INFO: [ route_check ] --END-- [ RunTime:0.003001s ]
INFO: [ app_begin ] --START--
INFO: ReadHtmlCache Behavior ::run [ RunTime:0.003000s ]
INFO: [ app_begin ] --END-- [ RunTime:0.003000s ]
NOTIC: [8] Undefined index: expire D:\phpstudy\WWW\dcyd\ThinkPHP\Common\functions.php 第 549 行.
NOTIC: [2048] Declaration of QuestionAction::show() should be compatible with that of Action::show() D:\phpstudy\WWW\dcyd\Manage\Lib\Action\QuestionAction.class.php 第 209 行.
NOTIC: 建议使用I方法替代_post
SQL: SHOW COLUMNS FROM `dcyd_cwzd` [ RunTime:0.005000s ]
SQL: UPDATE `dcyd_cwzd` SET `status`=2 WHERE ( id=30 ) [ RunTime:0.001000s ]

[ 2016-12-14T19:53:23+08:00 ] 127.0.0.1 /Manerger/index.php?m=Question&a=cwzdlist
INFO: [ app_begin ] --START--
INFO: ReadHtmlCache Behavior ::run [ RunTime:0.002000s ]
INFO: [ app_begin ] --END-- [ RunTime:0.003000s ]
NOTIC: [8] Undefined index: expire D:\phpstudy\WWW\dcyd\ThinkPHP\Common\functions.php 第 549 行.
NOTIC: [2048] Declaration of QuestionAction::show() should be compatible with that of Action::show() D:\phpstudy\WWW\dcyd\Manage\Lib\Action\QuestionAction.class.php 第 209 行.
NOTIC: [8] Undefined index: id D:\phpstudy\WWW\dcyd\Manage\Lib\Action\QuestionAction.class.php 第 10 行.
NOTIC: [8] Undefined index: name D:\phpstudy\WWW\dcyd\Manage\Lib\Action\QuestionAction.class.php 第 11 行.
NOTIC: [8] Undefined index: phone D:\phpstudy\WWW\dcyd\Manage\Lib\Action\QuestionAction.class.php 第 12 行.
NOTIC: [8] Undefined index: status D:\phpstudy\WWW\dcyd\Manage\Lib\Action\QuestionAction.class.php 第 13 行.
NOTIC: [8] Undefined index: time D:\phpstudy\WWW\dcyd\Manage\Lib\Action\QuestionAction.class.php 第 19 行.
SQL: SHOW COLUMNS FROM `dcyd_cwzd` [ RunTime:0.006000s ]
NOTIC: [8] Undefined variable: map D:\phpstudy\WWW\dcyd\Manage\Lib\Action\QuestionAction.class.php 第 22 行.
SQL: SELECT `id`,`name`,`phone`,`time`,`status` FROM `dcyd_cwzd` LIMIT 0,20   [ RunTime:0.000000s ]
NOTIC: [8] Undefined variable: map D:\phpstudy\WWW\dcyd\Manage\Lib\Action\QuestionAction.class.php 第 23 行.
SQL: SELECT COUNT(*) AS tp_count FROM `dcyd_cwzd` LIMIT 1   [ RunTime:0.001000s ]

[ 2016-12-14T19:53:24+08:00 ] 127.0.0.1 /Manerger/index.php/Question/show
INFO: [ route_check ] --START--
INFO: CheckRoute Behavior ::run [ RunTime:0.001000s ]
INFO: [ route_check ] --END-- [ RunTime:0.003000s ]
INFO: [ app_begin ] --START--
INFO: ReadHtmlCache Behavior ::run [ RunTime:0.001000s ]
INFO: [ app_begin ] --END-- [ RunTime:0.002000s ]
NOTIC: [8] Undefined index: expire D:\phpstudy\WWW\dcyd\ThinkPHP\Common\functions.php 第 549 行.
NOTIC: [2048] Declaration of QuestionAction::show() should be compatible with that of Action::show() D:\phpstudy\WWW\dcyd\Manage\Lib\Action\QuestionAction.class.php 第 209 行.
NOTIC: 建议使用I方法替代_post
SQL: SHOW COLUMNS FROM `dcyd_cwzd` [ RunTime:0.003000s ]
SQL: UPDATE `dcyd_cwzd` SET `status`=2 WHERE ( id=15 ) [ RunTime:0.000000s ]

[ 2016-12-14T19:53:25+08:00 ] 127.0.0.1 /Manerger/index.php?m=Question&a=cwzdlist
INFO: [ app_begin ] --START--
INFO: ReadHtmlCache Behavior ::run [ RunTime:0.003000s ]
INFO: [ app_begin ] --END-- [ RunTime:0.003000s ]
NOTIC: [8] Undefined index: expire D:\phpstudy\WWW\dcyd\ThinkPHP\Common\functions.php 第 549 行.
NOTIC: [2048] Declaration of QuestionAction::show() should be compatible with that of Action::show() D:\phpstudy\WWW\dcyd\Manage\Lib\Action\QuestionAction.class.php 第 209 行.
NOTIC: [8] Undefined index: id D:\phpstudy\WWW\dcyd\Manage\Lib\Action\QuestionAction.class.php 第 10 行.
NOTIC: [8] Undefined index: name D:\phpstudy\WWW\dcyd\Manage\Lib\Action\QuestionAction.class.php 第 11 行.
NOTIC: [8] Undefined index: phone D:\phpstudy\WWW\dcyd\Manage\Lib\Action\QuestionAction.class.php 第 12 行.
NOTIC: [8] Undefined index: status D:\phpstudy\WWW\dcyd\Manage\Lib\Action\QuestionAction.class.php 第 13 行.
NOTIC: [8] Undefined index: time D:\phpstudy\WWW\dcyd\Manage\Lib\Action\QuestionAction.class.php 第 19 行.
SQL: SHOW COLUMNS FROM `dcyd_cwzd` [ RunTime:0.004000s ]
NOTIC: [8] Undefined variable: map D:\phpstudy\WWW\dcyd\Manage\Lib\Action\QuestionAction.class.php 第 22 行.
SQL: SELECT `id`,`name`,`phone`,`time`,`status` FROM `dcyd_cwzd` LIMIT 0,20   [ RunTime:0.000000s ]
NOTIC: [8] Undefined variable: map D:\phpstudy\WWW\dcyd\Manage\Lib\Action\QuestionAction.class.php 第 23 行.
SQL: SELECT COUNT(*) AS tp_count FROM `dcyd_cwzd` LIMIT 1   [ RunTime:0.000000s ]

[ 2016-12-14T19:53:30+08:00 ] 127.0.0.1 /Manerger/index.php/Question/mianshi
INFO: [ route_check ] --START--
INFO: CheckRoute Behavior ::run [ RunTime:0.002000s ]
INFO: [ route_check ] --END-- [ RunTime:0.004000s ]
INFO: [ app_begin ] --START--
INFO: ReadHtmlCache Behavior ::run [ RunTime:0.002000s ]
INFO: [ app_begin ] --END-- [ RunTime:0.004000s ]
NOTIC: [8] Undefined index: expire D:\phpstudy\WWW\dcyd\ThinkPHP\Common\functions.php 第 549 行.
NOTIC: [2048] Declaration of QuestionAction::show() should be compatible with that of Action::show() D:\phpstudy\WWW\dcyd\Manage\Lib\Action\QuestionAction.class.php 第 209 行.
INFO: [ view_parse ] --START--
INFO: ParseTemplate Behavior ::run [ RunTime:0.026002s ]
INFO: [ view_parse ] --END-- [ RunTime:0.028002s ]
INFO: [ view_filter ] --START--
INFO: ContentReplace Behavior ::run [ RunTime:0.003000s ]
INFO: TokenBuild Behavior ::run [ RunTime:0.002000s ]
INFO: WriteHtmlCache Behavior ::run [ RunTime:0.001000s ]
INFO: ShowRuntime Behavior ::run [ RunTime:0.002001s ]
INFO: [ view_filter ] --END-- [ RunTime:0.012001s ]
INFO: [ view_end ] --START--
INFO: ShowPageTrace Behavior ::run [ RunTime:0.002000s ]
INFO: [ view_end ] --END-- [ RunTime:0.002000s ]

[ 2016-12-14T19:53:30+08:00 ] 127.0.0.1 /Manerger/index.php?m=Question&a=mianshilist
INFO: [ app_begin ] --START--
INFO: ReadHtmlCache Behavior ::run [ RunTime:0.003000s ]
INFO: [ app_begin ] --END-- [ RunTime:0.004000s ]
NOTIC: [8] Undefined index: expire D:\phpstudy\WWW\dcyd\ThinkPHP\Common\functions.php 第 549 行.
NOTIC: [2048] Declaration of QuestionAction::show() should be compatible with that of Action::show() D:\phpstudy\WWW\dcyd\Manage\Lib\Action\QuestionAction.class.php 第 209 行.
NOTIC: [8] Undefined index: id D:\phpstudy\WWW\dcyd\Manage\Lib\Action\QuestionAction.class.php 第 57 行.
NOTIC: [8] Undefined index: name D:\phpstudy\WWW\dcyd\Manage\Lib\Action\QuestionAction.class.php 第 58 行.
NOTIC: [8] Undefined index: phone D:\phpstudy\WWW\dcyd\Manage\Lib\Action\QuestionAction.class.php 第 59 行.
NOTIC: [8] Undefined index: status D:\phpstudy\WWW\dcyd\Manage\Lib\Action\QuestionAction.class.php 第 60 行.
NOTIC: [8] Undefined index: time D:\phpstudy\WWW\dcyd\Manage\Lib\Action\QuestionAction.class.php 第 66 行.
SQL: SHOW COLUMNS FROM `dcyd_mianshi` [ RunTime:0.006001s ]
NOTIC: [8] Undefined variable: map D:\phpstudy\WWW\dcyd\Manage\Lib\Action\QuestionAction.class.php 第 69 行.
SQL: SELECT `id`,`name`,`phone`,`time`,`status` FROM `dcyd_mianshi` LIMIT 0,20   [ RunTime:0.001000s ]
NOTIC: [8] Undefined variable: map D:\phpstudy\WWW\dcyd\Manage\Lib\Action\QuestionAction.class.php 第 70 行.
SQL: SELECT COUNT(*) AS tp_count FROM `dcyd_mianshi` LIMIT 1   [ RunTime:0.000000s ]

