[ 2017-02-26T14:29:36+08:00 ] 127.0.0.1 /manerger/
INFO: [ app_begin ] --START--
INFO: ReadHtmlCache Behavior ::run [ RunTime:0.004000s ]
INFO: [ app_begin ] --END-- [ RunTime:0.006001s ]
NOTIC: [8] Undefined index: expire D:\phpstudy\WWW\dcyd\ThinkPHP\Common\functions.php 第 549 行.
NOTIC: [8] Undefined index: admin D:\phpstudy\WWW\dcyd\Manage\Lib\Action\IndexAction.class.php 第 5 行.
INFO: [ view_parse ] --START--
NOTIC: [8] Undefined index: admin D:\phpstudy\WWW\dcyd\Manage\Runtime\Cache\6eb21b90e50e413ebd495101e2f3fb87.php 第 27 行.
INFO: ParseTemplate Behavior ::run [ RunTime:0.031001s ]
INFO: [ view_parse ] --END-- [ RunTime:0.031001s ]
INFO: [ view_filter ] --START--
INFO: ContentReplace Behavior ::run [ RunTime:0.001000s ]
INFO: TokenBuild Behavior ::run [ RunTime:0.002001s ]
INFO: WriteHtmlCache Behavior ::run [ RunTime:0.001000s ]
INFO: ShowRuntime Behavior ::run [ RunTime:0.002000s ]
INFO: [ view_filter ] --END-- [ RunTime:0.007001s ]
INFO: [ view_end ] --START--
INFO: ShowPageTrace Behavior ::run [ RunTime:0.001000s ]
INFO: [ view_end ] --END-- [ RunTime:0.003000s ]

[ 2017-02-26T14:29:36+08:00 ] 127.0.0.1 /Manerger/index.php/Public/login.html
INFO: [ route_check ] --START--
INFO: CheckRoute Behavior ::run [ RunTime:0.003000s ]
INFO: [ route_check ] --END-- [ RunTime:0.004000s ]
INFO: [ app_begin ] --START--
INFO: ReadHtmlCache Behavior ::run [ RunTime:0.002000s ]
INFO: [ app_begin ] --END-- [ RunTime:0.002000s ]
NOTIC: [8] Undefined index: expire D:\phpstudy\WWW\dcyd\ThinkPHP\Common\functions.php 第 549 行.
INFO: [ view_parse ] --START--
INFO: ParseTemplate Behavior ::run [ RunTime:0.018001s ]
INFO: [ view_parse ] --END-- [ RunTime:0.018001s ]
INFO: [ view_filter ] --START--
INFO: ContentReplace Behavior ::run [ RunTime:0.001000s ]
INFO: TokenBuild Behavior ::run [ RunTime:0.001000s ]
INFO: WriteHtmlCache Behavior ::run [ RunTime:0.001000s ]
INFO: ShowRuntime Behavior ::run [ RunTime:0.002000s ]
INFO: [ view_filter ] --END-- [ RunTime:0.007000s ]
INFO: [ view_end ] --START--
INFO: ShowPageTrace Behavior ::run [ RunTime:0.002000s ]
INFO: [ view_end ] --END-- [ RunTime:0.002000s ]

[ 2017-02-26T14:29:37+08:00 ] 127.0.0.1 /manerger/
INFO: [ app_begin ] --START--
INFO: ReadHtmlCache Behavior ::run [ RunTime:0.001000s ]
INFO: [ app_begin ] --END-- [ RunTime:0.003000s ]
NOTIC: [8] Undefined index: expire D:\phpstudy\WWW\dcyd\ThinkPHP\Common\functions.php 第 549 行.
NOTIC: [8] Undefined index: admin D:\phpstudy\WWW\dcyd\Manage\Lib\Action\IndexAction.class.php 第 5 行.
INFO: [ view_parse ] --START--
NOTIC: [8] Undefined index: admin D:\phpstudy\WWW\dcyd\Manage\Runtime\Cache\6eb21b90e50e413ebd495101e2f3fb87.php 第 27 行.
INFO: ParseTemplate Behavior ::run [ RunTime:0.046003s ]
INFO: [ view_parse ] --END-- [ RunTime:0.049003s ]
INFO: [ view_filter ] --START--
INFO: ContentReplace Behavior ::run [ RunTime:0.002000s ]
INFO: TokenBuild Behavior ::run [ RunTime:0.001000s ]
INFO: WriteHtmlCache Behavior ::run [ RunTime:0.001000s ]
INFO: ShowRuntime Behavior ::run [ RunTime:0.002000s ]
INFO: [ view_filter ] --END-- [ RunTime:0.007000s ]
INFO: [ view_end ] --START--
INFO: ShowPageTrace Behavior ::run [ RunTime:0.002000s ]
INFO: [ view_end ] --END-- [ RunTime:0.002000s ]

[ 2017-02-26T14:29:38+08:00 ] 127.0.0.1 /Manerger/index.php/Public/login.html
INFO: [ route_check ] --START--
INFO: CheckRoute Behavior ::run [ RunTime:0.010001s ]
INFO: [ route_check ] --END-- [ RunTime:0.011001s ]
INFO: [ app_begin ] --START--
INFO: ReadHtmlCache Behavior ::run [ RunTime:0.002000s ]
INFO: [ app_begin ] --END-- [ RunTime:0.002000s ]
NOTIC: [8] Undefined index: expire D:\phpstudy\WWW\dcyd\ThinkPHP\Common\functions.php 第 549 行.
INFO: [ view_parse ] --START--
INFO: ParseTemplate Behavior ::run [ RunTime:0.070004s ]
INFO: [ view_parse ] --END-- [ RunTime:0.072004s ]
INFO: [ view_filter ] --START--
INFO: ContentReplace Behavior ::run [ RunTime:0.004000s ]
INFO: TokenBuild Behavior ::run [ RunTime:0.003000s ]
INFO: WriteHtmlCache Behavior ::run [ RunTime:0.002000s ]
INFO: ShowRuntime Behavior ::run [ RunTime:0.003001s ]
INFO: [ view_filter ] --END-- [ RunTime:0.016001s ]
INFO: [ view_end ] --START--
INFO: ShowPageTrace Behavior ::run [ RunTime:0.002000s ]
INFO: [ view_end ] --END-- [ RunTime:0.004000s ]

[ 2017-02-26T14:29:46+08:00 ] 127.0.0.1 /Manerger/index.php/Public/checklogin
INFO: [ route_check ] --START--
INFO: CheckRoute Behavior ::run [ RunTime:0.003000s ]
INFO: [ route_check ] --END-- [ RunTime:0.005001s ]
INFO: [ app_begin ] --START--
INFO: ReadHtmlCache Behavior ::run [ RunTime:0.002000s ]
INFO: [ app_begin ] --END-- [ RunTime:0.002000s ]
NOTIC: [8] Undefined index: expire D:\phpstudy\WWW\dcyd\ThinkPHP\Common\functions.php 第 549 行.
SQL: SHOW COLUMNS FROM `dcyd_admin` [ RunTime:0.009000s ]
NOTIC: 建议使用I方法替代_post
NOTIC: 建议使用I方法替代_post
SQL: SELECT `id`,`rid`,`username` FROM `dcyd_admin` WHERE ( `username` = 'admin' ) AND ( `password` = '8b88e6b7e854b04cb74e' ) LIMIT 1   [ RunTime:0.000000s ]
SQL: SHOW COLUMNS FROM `dcyd_role` [ RunTime:0.008000s ]
SQL: SELECT `powers` FROM `dcyd_role` WHERE ( id=1 ) LIMIT 1   [ RunTime:0.001000s ]
SQL: SHOW COLUMNS FROM `dcyd_node` [ RunTime:0.008000s ]
SQL: SELECT `name` FROM `dcyd_node` WHERE ( pid>0 )  [ RunTime:0.001000s ]
SQL: UPDATE `dcyd_admin` SET `last_time`=1488090586,`last_ip`=127 WHERE ( id=1 ) [ RunTime:0.002000s ]
NOTIC: [8] Undefined variable: var D:\phpstudy\WWW\dcyd\ThinkPHP\Common\functions.php 第 247 行.
NOTIC: [2] array_reverse() expects parameter 1 to be array, null given D:\phpstudy\WWW\dcyd\ThinkPHP\Common\functions.php 第 247 行.
NOTIC: [2] http_build_query() [<a href='function.http-build-query'>function.http-build-query</a>]: Parameter 1 expected to be Array or Object.  Incorrect value given D:\phpstudy\WWW\dcyd\ThinkPHP\Common\functions.php 第 247 行.

[ 2017-02-26T14:29:47+08:00 ] 127.0.0.1 /Manerger/index.php?
INFO: [ app_begin ] --START--
INFO: ReadHtmlCache Behavior ::run [ RunTime:0.002000s ]
INFO: [ app_begin ] --END-- [ RunTime:0.004000s ]
NOTIC: [8] Undefined index: expire D:\phpstudy\WWW\dcyd\ThinkPHP\Common\functions.php 第 549 行.
INFO: [ view_parse ] --START--
INFO: ParseTemplate Behavior ::run [ RunTime:0.029002s ]
INFO: [ view_parse ] --END-- [ RunTime:0.031002s ]
INFO: [ view_filter ] --START--
INFO: ContentReplace Behavior ::run [ RunTime:0.001000s ]
INFO: TokenBuild Behavior ::run [ RunTime:0.002000s ]
INFO: WriteHtmlCache Behavior ::run [ RunTime:0.002000s ]
INFO: ShowRuntime Behavior ::run [ RunTime:0.002001s ]
INFO: [ view_filter ] --END-- [ RunTime:0.008001s ]
INFO: [ view_end ] --START--
INFO: ShowPageTrace Behavior ::run [ RunTime:0.002000s ]
INFO: [ view_end ] --END-- [ RunTime:0.006000s ]

[ 2017-02-26T14:29:51+08:00 ] 127.0.0.1 /Manerger/index.php/Content/boss
INFO: [ route_check ] --START--
INFO: CheckRoute Behavior ::run [ RunTime:0.002000s ]
INFO: [ route_check ] --END-- [ RunTime:0.003000s ]
INFO: [ app_begin ] --START--
INFO: ReadHtmlCache Behavior ::run [ RunTime:0.002000s ]
INFO: [ app_begin ] --END-- [ RunTime:0.004001s ]
NOTIC: [8] Undefined index: expire D:\phpstudy\WWW\dcyd\ThinkPHP\Common\functions.php 第 549 行.
INFO: [ view_parse ] --START--
INFO: ParseTemplate Behavior ::run [ RunTime:0.025002s ]
INFO: [ view_parse ] --END-- [ RunTime:0.026002s ]
INFO: [ view_filter ] --START--
INFO: ContentReplace Behavior ::run [ RunTime:0.001000s ]
INFO: TokenBuild Behavior ::run [ RunTime:0.002000s ]
INFO: WriteHtmlCache Behavior ::run [ RunTime:0.001000s ]
INFO: ShowRuntime Behavior ::run [ RunTime:0.002000s ]
INFO: [ view_filter ] --END-- [ RunTime:0.006000s ]
INFO: [ view_end ] --START--
INFO: ShowPageTrace Behavior ::run [ RunTime:0.005001s ]
INFO: [ view_end ] --END-- [ RunTime:0.005001s ]

[ 2017-02-26T14:29:51+08:00 ] 127.0.0.1 /Manerger/index.php?m=Content&a=bosslist
INFO: [ app_begin ] --START--
INFO: ReadHtmlCache Behavior ::run [ RunTime:0.003001s ]
INFO: [ app_begin ] --END-- [ RunTime:0.003001s ]
NOTIC: [8] Undefined index: expire D:\phpstudy\WWW\dcyd\ThinkPHP\Common\functions.php 第 549 行.
NOTIC: [8] Undefined index: id D:\phpstudy\WWW\dcyd\Manage\Lib\Action\ContentAction.class.php 第 16 行.
NOTIC: [8] Undefined index: title D:\phpstudy\WWW\dcyd\Manage\Lib\Action\ContentAction.class.php 第 17 行.
NOTIC: [8] Undefined index: content D:\phpstudy\WWW\dcyd\Manage\Lib\Action\ContentAction.class.php 第 18 行.
NOTIC: [8] Undefined index: img D:\phpstudy\WWW\dcyd\Manage\Lib\Action\ContentAction.class.php 第 19 行.
SQL: SHOW COLUMNS FROM `dcyd_boss` [ RunTime:0.011000s ]
NOTIC: [8] Undefined variable: map D:\phpstudy\WWW\dcyd\Manage\Lib\Action\ContentAction.class.php 第 22 行.
SQL: SELECT `id`,`title`,`content`,`img`,`url`,`view` FROM `dcyd_boss` LIMIT 0,20   [ RunTime:0.001000s ]
NOTIC: [8] Undefined variable: map D:\phpstudy\WWW\dcyd\Manage\Lib\Action\ContentAction.class.php 第 23 行.
SQL: SELECT COUNT(*) AS tp_count FROM `dcyd_boss` LIMIT 1   [ RunTime:0.000000s ]

[ 2017-02-26T14:30:14+08:00 ] 127.0.0.1 /Manerger/index.php/Content/upimg
INFO: [ route_check ] --START--
INFO: CheckRoute Behavior ::run [ RunTime:0.003000s ]
INFO: [ route_check ] --END-- [ RunTime:0.004001s ]
INFO: [ app_begin ] --START--
INFO: ReadHtmlCache Behavior ::run [ RunTime:0.002000s ]
INFO: [ app_begin ] --END-- [ RunTime:0.002000s ]
NOTIC: [8] Undefined index: expire D:\phpstudy\WWW\dcyd\ThinkPHP\Common\functions.php 第 549 行.
NOTIC: 建议使用I方法替代_post
SQL: SHOW COLUMNS FROM `dcyd_boss` [ RunTime:0.008000s ]
SQL: SELECT `id`,`img` FROM `dcyd_boss` WHERE ( id=33 ) LIMIT 1   [ RunTime:0.001000s ]

[ 2017-02-26T14:30:22+08:00 ] 127.0.0.1 /Manerger/index.php?m=Content&a=imgsave&id=33
INFO: [ app_begin ] --START--
INFO: ReadHtmlCache Behavior ::run [ RunTime:0.002000s ]
INFO: [ app_begin ] --END-- [ RunTime:0.004000s ]
NOTIC: [8] Undefined index: expire D:\phpstudy\WWW\dcyd\ThinkPHP\Common\functions.php 第 549 行.
SQL: SHOW COLUMNS FROM `dcyd_boss` [ RunTime:0.007001s ]
NOTIC: [2] getimagesize() expects parameter 1 to be string, array given D:\phpstudy\WWW\dcyd\Manage\Lib\Action\ContentAction.class.php 第 47 行.
NOTIC: [8] Use of undefined constant uniqid - assumed 'uniqid' D:\phpstudy\WWW\dcyd\Manage\Lib\Action\ContentAction.class.php 第 58 行.
NOTIC: [8] Use of undefined constant date - assumed 'date' D:\phpstudy\WWW\dcyd\Manage\Lib\Action\ContentAction.class.php 第 61 行.
ERR: SignatureDoesNotMatch: The request signature we calculated does not match the signature you provided. Check your key and signing method. RequestId: 58B275E21A1B347B44DC7068

[ 2017-02-26T14:30:56+08:00 ] 127.0.0.1 /Manerger/index.php?m=Content&a=imgsave&id=33
INFO: [ app_begin ] --START--
INFO: ReadHtmlCache Behavior ::run [ RunTime:0.002000s ]
INFO: [ app_begin ] --END-- [ RunTime:0.003000s ]
NOTIC: [8] Undefined index: expire D:\phpstudy\WWW\dcyd\ThinkPHP\Common\functions.php 第 549 行.
SQL: SHOW COLUMNS FROM `dcyd_boss` [ RunTime:0.014001s ]
NOTIC: [2] getimagesize() expects parameter 1 to be string, array given D:\phpstudy\WWW\dcyd\Manage\Lib\Action\ContentAction.class.php 第 47 行.
NOTIC: [8] Use of undefined constant uniqid - assumed 'uniqid' D:\phpstudy\WWW\dcyd\Manage\Lib\Action\ContentAction.class.php 第 58 行.
NOTIC: [8] Use of undefined constant date - assumed 'date' D:\phpstudy\WWW\dcyd\Manage\Lib\Action\ContentAction.class.php 第 61 行.
ERR: SignatureDoesNotMatch: The request signature we calculated does not match the signature you provided. Check your key and signing method. RequestId: 58B276049523832061E42BE8

[ 2017-02-26T16:26:46+08:00 ] 127.0.0.1 /Manerger/index.php?m=Content&a=imgsave&id=33
INFO: [ app_begin ] --START--
INFO: ReadHtmlCache Behavior ::run [ RunTime:0.002001s ]
INFO: [ app_begin ] --END-- [ RunTime:0.003001s ]
NOTIC: [8] Undefined index: expire D:\phpstudy\WWW\dcyd\ThinkPHP\Common\functions.php 第 549 行.
SQL: SHOW COLUMNS FROM `dcyd_admin` [ RunTime:0.007000s ]
SQL: SELECT `id`,`rid`,`username` FROM `dcyd_admin` WHERE ( `id` = 1 ) LIMIT 1   [ RunTime:0.000000s ]
SQL: SHOW COLUMNS FROM `dcyd_role` [ RunTime:0.007000s ]
SQL: SELECT `powers` FROM `dcyd_role` WHERE ( id=1 ) LIMIT 1   [ RunTime:0.000000s ]
SQL: SHOW COLUMNS FROM `dcyd_node` [ RunTime:0.008001s ]
SQL: SELECT `name` FROM `dcyd_node` WHERE ( pid>0 )  [ RunTime:0.000000s ]
SQL: SHOW COLUMNS FROM `dcyd_boss` [ RunTime:0.008000s ]
NOTIC: [2] getimagesize() expects parameter 1 to be string, array given D:\phpstudy\WWW\dcyd\Manage\Lib\Action\ContentAction.class.php 第 47 行.
NOTIC: [8] Use of undefined constant uniqid - assumed 'uniqid' D:\phpstudy\WWW\dcyd\Manage\Lib\Action\ContentAction.class.php 第 58 行.
NOTIC: [8] Use of undefined constant date - assumed 'date' D:\phpstudy\WWW\dcyd\Manage\Lib\Action\ContentAction.class.php 第 61 行.
ERR: /Public/upload/image/20170226/58b290fa28f78.jpg file does not exist

[ 2017-02-26T16:27:34+08:00 ] 127.0.0.1 /Manerger/index.php?m=Content&a=imgsave&id=33
INFO: [ app_begin ] --START--
INFO: ReadHtmlCache Behavior ::run [ RunTime:0.002000s ]
INFO: [ app_begin ] --END-- [ RunTime:0.003000s ]
NOTIC: [8] Undefined index: expire D:\phpstudy\WWW\dcyd\ThinkPHP\Common\functions.php 第 549 行.
SQL: SHOW COLUMNS FROM `dcyd_boss` [ RunTime:0.008001s ]
NOTIC: [2] getimagesize() expects parameter 1 to be string, array given D:\phpstudy\WWW\dcyd\Manage\Lib\Action\ContentAction.class.php 第 47 行.
NOTIC: [8] Use of undefined constant uniqid - assumed 'uniqid' D:\phpstudy\WWW\dcyd\Manage\Lib\Action\ContentAction.class.php 第 58 行.
NOTIC: [8] Use of undefined constant date - assumed 'date' D:\phpstudy\WWW\dcyd\Manage\Lib\Action\ContentAction.class.php 第 61 行.
ERR: SignatureDoesNotMatch: The request signature we calculated does not match the signature you provided. Check your key and signing method. RequestId: 58B29158959D027D30FE3FC1

[ 2017-02-26T16:42:29+08:00 ] 127.0.0.1 /Manerger/index.php?m=Content&a=imgsave&id=33
INFO: [ app_begin ] --START--
INFO: ReadHtmlCache Behavior ::run [ RunTime:0.002000s ]
INFO: [ app_begin ] --END-- [ RunTime:0.003000s ]
NOTIC: [8] Undefined index: expire D:\phpstudy\WWW\dcyd\ThinkPHP\Common\functions.php 第 549 行.
SQL: SHOW COLUMNS FROM `dcyd_admin` [ RunTime:0.009000s ]
SQL: SELECT `id`,`rid`,`username` FROM `dcyd_admin` WHERE ( `id` = 1 ) LIMIT 1   [ RunTime:0.000000s ]
SQL: SHOW COLUMNS FROM `dcyd_role` [ RunTime:0.007000s ]
SQL: SELECT `powers` FROM `dcyd_role` WHERE ( id=1 ) LIMIT 1   [ RunTime:0.001000s ]
SQL: SHOW COLUMNS FROM `dcyd_node` [ RunTime:0.008001s ]
SQL: SELECT `name` FROM `dcyd_node` WHERE ( pid>0 )  [ RunTime:0.001000s ]
SQL: SHOW COLUMNS FROM `dcyd_boss` [ RunTime:0.010001s ]
NOTIC: [2] getimagesize() expects parameter 1 to be string, array given D:\phpstudy\WWW\dcyd\Manage\Lib\Action\ContentAction.class.php 第 47 行.
NOTIC: [8] Use of undefined constant uniqid - assumed 'uniqid' D:\phpstudy\WWW\dcyd\Manage\Lib\Action\ContentAction.class.php 第 58 行.
NOTIC: [8] Use of undefined constant date - assumed 'date' D:\phpstudy\WWW\dcyd\Manage\Lib\Action\ContentAction.class.php 第 61 行.
ERR: SignatureDoesNotMatch: The request signature we calculated does not match the signature you provided. Check your key and signing method. RequestId: 58B29316D24FC6735302097F

[ 2017-02-26T16:42:34+08:00 ] 127.0.0.1 /Manerger/index.php/Content/boss
INFO: [ route_check ] --START--
INFO: CheckRoute Behavior ::run [ RunTime:0.002000s ]
INFO: [ route_check ] --END-- [ RunTime:0.003000s ]
INFO: [ app_begin ] --START--
INFO: ReadHtmlCache Behavior ::run [ RunTime:0.002000s ]
INFO: [ app_begin ] --END-- [ RunTime:0.003000s ]
NOTIC: [8] Undefined index: expire D:\phpstudy\WWW\dcyd\ThinkPHP\Common\functions.php 第 549 行.
SQL: SHOW COLUMNS FROM `dcyd_admin` [ RunTime:0.007000s ]
SQL: SELECT `id`,`rid`,`username` FROM `dcyd_admin` WHERE ( `id` = 1 ) LIMIT 1   [ RunTime:0.001000s ]
SQL: SHOW COLUMNS FROM `dcyd_role` [ RunTime:0.010000s ]
SQL: SELECT `powers` FROM `dcyd_role` WHERE ( id=1 ) LIMIT 1   [ RunTime:0.001000s ]
SQL: SHOW COLUMNS FROM `dcyd_node` [ RunTime:0.008000s ]
SQL: SELECT `name` FROM `dcyd_node` WHERE ( pid>0 )  [ RunTime:0.001000s ]
INFO: [ view_parse ] --START--
INFO: ParseTemplate Behavior ::run [ RunTime:0.032001s ]
INFO: [ view_parse ] --END-- [ RunTime:0.032001s ]
INFO: [ view_filter ] --START--
INFO: ContentReplace Behavior ::run [ RunTime:0.002001s ]
INFO: TokenBuild Behavior ::run [ RunTime:0.003000s ]
INFO: WriteHtmlCache Behavior ::run [ RunTime:0.002000s ]
INFO: ShowRuntime Behavior ::run [ RunTime:0.003000s ]
INFO: [ view_filter ] --END-- [ RunTime:0.012001s ]
INFO: [ view_end ] --START--
INFO: ShowPageTrace Behavior ::run [ RunTime:0.003000s ]
INFO: [ view_end ] --END-- [ RunTime:0.004000s ]

[ 2017-02-26T16:42:35+08:00 ] 127.0.0.1 /Manerger/index.php?m=Content&a=bosslist
INFO: [ app_begin ] --START--
INFO: ReadHtmlCache Behavior ::run [ RunTime:0.003000s ]
INFO: [ app_begin ] --END-- [ RunTime:0.003000s ]
NOTIC: [8] Undefined index: expire D:\phpstudy\WWW\dcyd\ThinkPHP\Common\functions.php 第 549 行.
NOTIC: [8] Undefined index: id D:\phpstudy\WWW\dcyd\Manage\Lib\Action\ContentAction.class.php 第 16 行.
NOTIC: [8] Undefined index: title D:\phpstudy\WWW\dcyd\Manage\Lib\Action\ContentAction.class.php 第 17 行.
NOTIC: [8] Undefined index: content D:\phpstudy\WWW\dcyd\Manage\Lib\Action\ContentAction.class.php 第 18 行.
NOTIC: [8] Undefined index: img D:\phpstudy\WWW\dcyd\Manage\Lib\Action\ContentAction.class.php 第 19 行.
SQL: SHOW COLUMNS FROM `dcyd_boss` [ RunTime:0.009001s ]
NOTIC: [8] Undefined variable: map D:\phpstudy\WWW\dcyd\Manage\Lib\Action\ContentAction.class.php 第 22 行.
SQL: SELECT `id`,`title`,`content`,`img`,`url`,`view` FROM `dcyd_boss` LIMIT 0,20   [ RunTime:0.001000s ]
NOTIC: [8] Undefined variable: map D:\phpstudy\WWW\dcyd\Manage\Lib\Action\ContentAction.class.php 第 23 行.
SQL: SELECT COUNT(*) AS tp_count FROM `dcyd_boss` LIMIT 1   [ RunTime:0.001000s ]

[ 2017-02-26T16:42:38+08:00 ] 127.0.0.1 /Manerger/index.php/Content/upimg
INFO: [ route_check ] --START--
INFO: CheckRoute Behavior ::run [ RunTime:0.001000s ]
INFO: [ route_check ] --END-- [ RunTime:0.003000s ]
INFO: [ app_begin ] --START--
INFO: ReadHtmlCache Behavior ::run [ RunTime:0.002000s ]
INFO: [ app_begin ] --END-- [ RunTime:0.002000s ]
NOTIC: [8] Undefined index: expire D:\phpstudy\WWW\dcyd\ThinkPHP\Common\functions.php 第 549 行.
NOTIC: 建议使用I方法替代_post
SQL: SHOW COLUMNS FROM `dcyd_boss` [ RunTime:0.007001s ]
SQL: SELECT `id`,`img` FROM `dcyd_boss` WHERE ( id=33 ) LIMIT 1   [ RunTime:0.001000s ]

[ 2017-02-26T16:43:29+08:00 ] 127.0.0.1 /Manerger/index.php?m=Content&a=imgsave&id=33
INFO: [ app_begin ] --START--
INFO: ReadHtmlCache Behavior ::run [ RunTime:0.002000s ]
INFO: [ app_begin ] --END-- [ RunTime:0.004000s ]
NOTIC: [8] Undefined index: expire D:\phpstudy\WWW\dcyd\ThinkPHP\Common\functions.php 第 549 行.
SQL: SHOW COLUMNS FROM `dcyd_boss` [ RunTime:0.010000s ]
NOTIC: [2] getimagesize() expects parameter 1 to be string, array given D:\phpstudy\WWW\dcyd\Manage\Lib\Action\ContentAction.class.php 第 47 行.
NOTIC: [8] Use of undefined constant uniqid - assumed 'uniqid' D:\phpstudy\WWW\dcyd\Manage\Lib\Action\ContentAction.class.php 第 58 行.
NOTIC: [8] Use of undefined constant date - assumed 'date' D:\phpstudy\WWW\dcyd\Manage\Lib\Action\ContentAction.class.php 第 61 行.
ERR: SignatureDoesNotMatch: The request signature we calculated does not match the signature you provided. Check your key and signing method. RequestId: 58B29502B5F58BA5BCFC2B7B

[ 2017-02-26T16:47:23+08:00 ] 127.0.0.1 /Manerger/index.php?m=Content&a=imgsave&id=33
INFO: [ app_begin ] --START--
INFO: ReadHtmlCache Behavior ::run [ RunTime:0.002000s ]
INFO: [ app_begin ] --END-- [ RunTime:0.003000s ]
NOTIC: [8] Undefined index: expire D:\phpstudy\WWW\dcyd\ThinkPHP\Common\functions.php 第 549 行.
SQL: SHOW COLUMNS FROM `dcyd_boss` [ RunTime:0.008000s ]
NOTIC: [2] getimagesize() expects parameter 1 to be string, array given D:\phpstudy\WWW\dcyd\Manage\Lib\Action\ContentAction.class.php 第 47 行.
NOTIC: [8] Use of undefined constant uniqid - assumed 'uniqid' D:\phpstudy\WWW\dcyd\Manage\Lib\Action\ContentAction.class.php 第 58 行.
NOTIC: [8] Use of undefined constant date - assumed 'date' D:\phpstudy\WWW\dcyd\Manage\Lib\Action\ContentAction.class.php 第 61 行.
ERR: SignatureDoesNotMatch: The request signature we calculated does not match the signature you provided. Check your key and signing method. RequestId: 58B295F2462A365F5B00F8B0

[ 2017-02-26T16:52:07+08:00 ] 127.0.0.1 /Manerger/index.php/Public/login.html
INFO: [ route_check ] --START--
INFO: CheckRoute Behavior ::run [ RunTime:0.003001s ]
INFO: [ route_check ] --END-- [ RunTime:0.003001s ]
INFO: [ app_begin ] --START--
INFO: ReadHtmlCache Behavior ::run [ RunTime:0.002000s ]
INFO: [ app_begin ] --END-- [ RunTime:0.003000s ]
NOTIC: [8] Undefined index: expire D:\phpstudy\WWW\dcyd\ThinkPHP\Common\functions.php 第 549 行.
INFO: [ view_parse ] --START--
INFO: ParseTemplate Behavior ::run [ RunTime:0.022001s ]
INFO: [ view_parse ] --END-- [ RunTime:0.022001s ]
INFO: [ view_filter ] --START--
INFO: ContentReplace Behavior ::run [ RunTime:0.001000s ]
INFO: TokenBuild Behavior ::run [ RunTime:0.001000s ]
INFO: WriteHtmlCache Behavior ::run [ RunTime:0.001000s ]
INFO: ShowRuntime Behavior ::run [ RunTime:0.003000s ]
INFO: [ view_filter ] --END-- [ RunTime:0.008000s ]
INFO: [ view_end ] --START--
INFO: ShowPageTrace Behavior ::run [ RunTime:0.002001s ]
INFO: [ view_end ] --END-- [ RunTime:0.003001s ]

[ 2017-02-26T16:52:13+08:00 ] 127.0.0.1 /Manerger/index.php/Public/checklogin
INFO: [ route_check ] --START--
INFO: CheckRoute Behavior ::run [ RunTime:0.003000s ]
INFO: [ route_check ] --END-- [ RunTime:0.005000s ]
INFO: [ app_begin ] --START--
INFO: ReadHtmlCache Behavior ::run [ RunTime:0.002001s ]
INFO: [ app_begin ] --END-- [ RunTime:0.003001s ]
NOTIC: [8] Undefined index: expire D:\phpstudy\WWW\dcyd\ThinkPHP\Common\functions.php 第 549 行.
SQL: SHOW COLUMNS FROM `dcyd_admin` [ RunTime:0.008000s ]
NOTIC: 建议使用I方法替代_post
NOTIC: 建议使用I方法替代_post
SQL: SELECT `id`,`rid`,`username` FROM `dcyd_admin` WHERE ( `username` = 'admin' ) AND ( `password` = '8b88e6b7e854b04cb74e' ) LIMIT 1   [ RunTime:0.000000s ]
SQL: SHOW COLUMNS FROM `dcyd_role` [ RunTime:0.014000s ]
SQL: SELECT `powers` FROM `dcyd_role` WHERE ( id=1 ) LIMIT 1   [ RunTime:0.000000s ]
SQL: SHOW COLUMNS FROM `dcyd_node` [ RunTime:0.009000s ]
SQL: SELECT `name` FROM `dcyd_node` WHERE ( pid>0 )  [ RunTime:0.001000s ]
SQL: UPDATE `dcyd_admin` SET `last_time`=1488099133,`last_ip`=127 WHERE ( id=1 ) [ RunTime:0.001000s ]
NOTIC: [8] Undefined variable: var D:\phpstudy\WWW\dcyd\ThinkPHP\Common\functions.php 第 247 行.
NOTIC: [2] array_reverse() expects parameter 1 to be array, null given D:\phpstudy\WWW\dcyd\ThinkPHP\Common\functions.php 第 247 行.
NOTIC: [2] http_build_query() [<a href='function.http-build-query'>function.http-build-query</a>]: Parameter 1 expected to be Array or Object.  Incorrect value given D:\phpstudy\WWW\dcyd\ThinkPHP\Common\functions.php 第 247 行.

[ 2017-02-26T16:52:13+08:00 ] 127.0.0.1 /Manerger/index.php?
INFO: [ app_begin ] --START--
INFO: ReadHtmlCache Behavior ::run [ RunTime:0.004000s ]
INFO: [ app_begin ] --END-- [ RunTime:0.004000s ]
NOTIC: [8] Undefined index: expire D:\phpstudy\WWW\dcyd\ThinkPHP\Common\functions.php 第 549 行.
INFO: [ view_parse ] --START--
INFO: ParseTemplate Behavior ::run [ RunTime:0.032002s ]
INFO: [ view_parse ] --END-- [ RunTime:0.034002s ]
INFO: [ view_filter ] --START--
INFO: ContentReplace Behavior ::run [ RunTime:0.002001s ]
INFO: TokenBuild Behavior ::run [ RunTime:0.004000s ]
INFO: WriteHtmlCache Behavior ::run [ RunTime:0.001000s ]
INFO: ShowRuntime Behavior ::run [ RunTime:0.002000s ]
INFO: [ view_filter ] --END-- [ RunTime:0.011001s ]
INFO: [ view_end ] --START--
INFO: ShowPageTrace Behavior ::run [ RunTime:0.002000s ]
INFO: [ view_end ] --END-- [ RunTime:0.003000s ]

[ 2017-02-26T16:52:18+08:00 ] 127.0.0.1 /Manerger/index.php/Content/boss
INFO: [ route_check ] --START--
INFO: CheckRoute Behavior ::run [ RunTime:0.002000s ]
INFO: [ route_check ] --END-- [ RunTime:0.002000s ]
INFO: [ app_begin ] --START--
INFO: ReadHtmlCache Behavior ::run [ RunTime:0.002000s ]
INFO: [ app_begin ] --END-- [ RunTime:0.003000s ]
NOTIC: [8] Undefined index: expire D:\phpstudy\WWW\dcyd\ThinkPHP\Common\functions.php 第 549 行.
INFO: [ view_parse ] --START--
INFO: ParseTemplate Behavior ::run [ RunTime:0.028001s ]
INFO: [ view_parse ] --END-- [ RunTime:0.029001s ]
INFO: [ view_filter ] --START--
INFO: ContentReplace Behavior ::run [ RunTime:0.002001s ]
INFO: TokenBuild Behavior ::run [ RunTime:0.001000s ]
INFO: WriteHtmlCache Behavior ::run [ RunTime:0.001000s ]
INFO: ShowRuntime Behavior ::run [ RunTime:0.002000s ]
INFO: [ view_filter ] --END-- [ RunTime:0.008001s ]
INFO: [ view_end ] --START--
INFO: ShowPageTrace Behavior ::run [ RunTime:0.002000s ]
INFO: [ view_end ] --END-- [ RunTime:0.004000s ]

[ 2017-02-26T16:52:19+08:00 ] 127.0.0.1 /Manerger/index.php?m=Content&a=bosslist
INFO: [ app_begin ] --START--
INFO: ReadHtmlCache Behavior ::run [ RunTime:0.003000s ]
INFO: [ app_begin ] --END-- [ RunTime:0.003000s ]
NOTIC: [8] Undefined index: expire D:\phpstudy\WWW\dcyd\ThinkPHP\Common\functions.php 第 549 行.
NOTIC: [8] Undefined index: id D:\phpstudy\WWW\dcyd\Manage\Lib\Action\ContentAction.class.php 第 16 行.
NOTIC: [8] Undefined index: title D:\phpstudy\WWW\dcyd\Manage\Lib\Action\ContentAction.class.php 第 17 行.
NOTIC: [8] Undefined index: content D:\phpstudy\WWW\dcyd\Manage\Lib\Action\ContentAction.class.php 第 18 行.
NOTIC: [8] Undefined index: img D:\phpstudy\WWW\dcyd\Manage\Lib\Action\ContentAction.class.php 第 19 行.
SQL: SHOW COLUMNS FROM `dcyd_boss` [ RunTime:0.017001s ]
NOTIC: [8] Undefined variable: map D:\phpstudy\WWW\dcyd\Manage\Lib\Action\ContentAction.class.php 第 22 行.
SQL: SELECT `id`,`title`,`content`,`img`,`url`,`view` FROM `dcyd_boss` LIMIT 0,20   [ RunTime:0.000000s ]
NOTIC: [8] Undefined variable: map D:\phpstudy\WWW\dcyd\Manage\Lib\Action\ContentAction.class.php 第 23 行.
SQL: SELECT COUNT(*) AS tp_count FROM `dcyd_boss` LIMIT 1   [ RunTime:0.000000s ]

[ 2017-02-26T16:52:42+08:00 ] 127.0.0.1 /Manerger/index.php?m=Content&a=imgsave&id=33
INFO: [ app_begin ] --START--
INFO: ReadHtmlCache Behavior ::run [ RunTime:0.002000s ]
INFO: [ app_begin ] --END-- [ RunTime:0.003000s ]
NOTIC: [8] Undefined index: expire D:\phpstudy\WWW\dcyd\ThinkPHP\Common\functions.php 第 549 行.
SQL: SHOW COLUMNS FROM `dcyd_boss` [ RunTime:0.012000s ]
NOTIC: [2] getimagesize() expects parameter 1 to be string, array given D:\phpstudy\WWW\dcyd\Manage\Lib\Action\ContentAction.class.php 第 47 行.
NOTIC: [8] Use of undefined constant uniqid - assumed 'uniqid' D:\phpstudy\WWW\dcyd\Manage\Lib\Action\ContentAction.class.php 第 58 行.
NOTIC: [8] Use of undefined constant date - assumed 'date' D:\phpstudy\WWW\dcyd\Manage\Lib\Action\ContentAction.class.php 第 61 行.
ERR: SignatureDoesNotMatch: The request signature we calculated does not match the signature you provided. Check your key and signing method. RequestId: 58B296AAB5F58BA5BCFDDF77

[ 2017-02-26T16:52:42+08:00 ] 127.0.0.1 /Manerger/index.php/Content/upimg
INFO: [ route_check ] --START--
INFO: CheckRoute Behavior ::run [ RunTime:0.002000s ]
INFO: [ route_check ] --END-- [ RunTime:0.003000s ]
INFO: [ app_begin ] --START--
INFO: ReadHtmlCache Behavior ::run [ RunTime:0.004000s ]
INFO: [ app_begin ] --END-- [ RunTime:0.005000s ]
NOTIC: [8] Undefined index: expire D:\phpstudy\WWW\dcyd\ThinkPHP\Common\functions.php 第 549 行.
NOTIC: 建议使用I方法替代_post
SQL: SHOW COLUMNS FROM `dcyd_boss` [ RunTime:0.013000s ]
SQL: SELECT `id`,`img` FROM `dcyd_boss` WHERE ( id=33 ) LIMIT 1   [ RunTime:0.000000s ]

[ 2017-02-26T16:52:42+08:00 ] 127.0.0.1 /Manerger/index.php/Content/upimg
INFO: [ route_check ] --START--
INFO: CheckRoute Behavior ::run [ RunTime:0.002000s ]
INFO: [ route_check ] --END-- [ RunTime:0.002000s ]
INFO: [ app_begin ] --START--
INFO: ReadHtmlCache Behavior ::run [ RunTime:0.003000s ]
INFO: [ app_begin ] --END-- [ RunTime:0.004000s ]
NOTIC: [8] Undefined index: expire D:\phpstudy\WWW\dcyd\ThinkPHP\Common\functions.php 第 549 行.
NOTIC: 建议使用I方法替代_post
SQL: SHOW COLUMNS FROM `dcyd_boss` [ RunTime:0.009001s ]
SQL: SELECT `id`,`img` FROM `dcyd_boss` WHERE ( id=33 ) LIMIT 1   [ RunTime:0.000000s ]

[ 2017-02-26T16:54:48+08:00 ] 127.0.0.1 /Manerger/index.php?m=Content&a=imgsave&id=33
INFO: [ app_begin ] --START--
INFO: ReadHtmlCache Behavior ::run [ RunTime:0.002000s ]
INFO: [ app_begin ] --END-- [ RunTime:0.003000s ]
NOTIC: [8] Undefined index: expire D:\phpstudy\WWW\dcyd\ThinkPHP\Common\functions.php 第 549 行.
SQL: SHOW COLUMNS FROM `dcyd_boss` [ RunTime:0.009000s ]
NOTIC: [2] getimagesize() expects parameter 1 to be string, array given D:\phpstudy\WWW\dcyd\Manage\Lib\Action\ContentAction.class.php 第 47 行.
NOTIC: [8] Use of undefined constant uniqid - assumed 'uniqid' D:\phpstudy\WWW\dcyd\Manage\Lib\Action\ContentAction.class.php 第 58 行.
NOTIC: [8] Use of undefined constant date - assumed 'date' D:\phpstudy\WWW\dcyd\Manage\Lib\Action\ContentAction.class.php 第 61 行.
ERR: SignatureDoesNotMatch: The request signature we calculated does not match the signature you provided. Check your key and signing method. RequestId: 58B29759959D027D30046D05

[ 2017-02-26T16:54:52+08:00 ] 127.0.0.1 /Manerger/index.php/Content/upimg
INFO: [ route_check ] --START--
INFO: CheckRoute Behavior ::run [ RunTime:0.001000s ]
INFO: [ route_check ] --END-- [ RunTime:0.003000s ]
INFO: [ app_begin ] --START--
INFO: ReadHtmlCache Behavior ::run [ RunTime:0.004000s ]
INFO: [ app_begin ] --END-- [ RunTime:0.005001s ]
NOTIC: [8] Undefined index: expire D:\phpstudy\WWW\dcyd\ThinkPHP\Common\functions.php 第 549 行.
SQL: SHOW COLUMNS FROM `dcyd_admin` [ RunTime:0.007001s ]
SQL: SELECT `id`,`rid`,`username` FROM `dcyd_admin` WHERE ( `id` = 1 ) LIMIT 1   [ RunTime:0.000000s ]
SQL: SHOW COLUMNS FROM `dcyd_role` [ RunTime:0.009001s ]
SQL: SELECT `powers` FROM `dcyd_role` WHERE ( id=1 ) LIMIT 1   [ RunTime:0.001000s ]
SQL: SHOW COLUMNS FROM `dcyd_node` [ RunTime:0.008000s ]
SQL: SELECT `name` FROM `dcyd_node` WHERE ( pid>0 )  [ RunTime:0.001000s ]
NOTIC: 建议使用I方法替代_post
SQL: SHOW COLUMNS FROM `dcyd_boss` [ RunTime:0.010000s ]
SQL: SELECT `id`,`img` FROM `dcyd_boss` WHERE ( id=33 ) LIMIT 1   [ RunTime:0.001000s ]

[ 2017-02-26T16:56:00+08:00 ] 127.0.0.1 /Manerger/index.php?m=Content&a=imgsave&id=33
INFO: [ app_begin ] --START--
INFO: ReadHtmlCache Behavior ::run [ RunTime:0.001000s ]
INFO: [ app_begin ] --END-- [ RunTime:0.003000s ]
NOTIC: [8] Undefined index: expire D:\phpstudy\WWW\dcyd\ThinkPHP\Common\functions.php 第 549 行.
SQL: SHOW COLUMNS FROM `dcyd_boss` [ RunTime:0.010001s ]
NOTIC: [2] getimagesize() expects parameter 1 to be string, array given D:\phpstudy\WWW\dcyd\Manage\Lib\Action\ContentAction.class.php 第 47 行.
NOTIC: [8] Use of undefined constant uniqid - assumed 'uniqid' D:\phpstudy\WWW\dcyd\Manage\Lib\Action\ContentAction.class.php 第 58 行.
NOTIC: [8] Use of undefined constant date - assumed 'date' D:\phpstudy\WWW\dcyd\Manage\Lib\Action\ContentAction.class.php 第 61 行.

[ 2017-02-26T17:00:15+08:00 ] 127.0.0.1 /Manerger/index.php?m=Content&a=imgsave&id=33
INFO: [ app_begin ] --START--
INFO: ReadHtmlCache Behavior ::run [ RunTime:0.002001s ]
INFO: [ app_begin ] --END-- [ RunTime:0.003001s ]
NOTIC: [8] Undefined index: expire D:\phpstudy\WWW\dcyd\ThinkPHP\Common\functions.php 第 549 行.
SQL: SHOW COLUMNS FROM `dcyd_boss` [ RunTime:0.010000s ]
NOTIC: [2] getimagesize() expects parameter 1 to be string, array given D:\phpstudy\WWW\dcyd\Manage\Lib\Action\ContentAction.class.php 第 47 行.
NOTIC: [8] Use of undefined constant uniqid - assumed 'uniqid' D:\phpstudy\WWW\dcyd\Manage\Lib\Action\ContentAction.class.php 第 58 行.
NOTIC: [8] Use of undefined constant date - assumed 'date' D:\phpstudy\WWW\dcyd\Manage\Lib\Action\ContentAction.class.php 第 61 行.

[ 2017-02-26T17:00:41+08:00 ] 127.0.0.1 /Manerger/index.php?m=Content&a=imgsave&id=33
INFO: [ app_begin ] --START--
INFO: ReadHtmlCache Behavior ::run [ RunTime:0.002000s ]
INFO: [ app_begin ] --END-- [ RunTime:0.003000s ]
NOTIC: [8] Undefined index: expire D:\phpstudy\WWW\dcyd\ThinkPHP\Common\functions.php 第 549 行.
SQL: SHOW COLUMNS FROM `dcyd_boss` [ RunTime:0.010001s ]
NOTIC: [8] Undefined index: img D:\phpstudy\WWW\dcyd\Manage\Lib\Action\ContentAction.class.php 第 46 行.
NOTIC: [2] getimagesize() [<a href='function.getimagesize'>function.getimagesize</a>]: Filename cannot be empty D:\phpstudy\WWW\dcyd\Manage\Lib\Action\ContentAction.class.php 第 47 行.
NOTIC: [8] Use of undefined constant uniqid - assumed 'uniqid' D:\phpstudy\WWW\dcyd\Manage\Lib\Action\ContentAction.class.php 第 58 行.
NOTIC: [8] Use of undefined constant date - assumed 'date' D:\phpstudy\WWW\dcyd\Manage\Lib\Action\ContentAction.class.php 第 61 行.
NOTIC: [8] Undefined variable: data D:\phpstudy\WWW\dcyd\Manage\Lib\Action\ContentAction.class.php 第 93 行.

[ 2017-02-26T17:00:45+08:00 ] 127.0.0.1 /Manerger/index.php?m=Content&a=imgsave&id=33
INFO: [ app_begin ] --START--
INFO: ReadHtmlCache Behavior ::run [ RunTime:0.002001s ]
INFO: [ app_begin ] --END-- [ RunTime:0.002001s ]
NOTIC: [8] Undefined index: expire D:\phpstudy\WWW\dcyd\ThinkPHP\Common\functions.php 第 549 行.
SQL: SHOW COLUMNS FROM `dcyd_boss` [ RunTime:0.012001s ]
NOTIC: [2] getimagesize() expects parameter 1 to be string, array given D:\phpstudy\WWW\dcyd\Manage\Lib\Action\ContentAction.class.php 第 47 行.
NOTIC: [8] Use of undefined constant uniqid - assumed 'uniqid' D:\phpstudy\WWW\dcyd\Manage\Lib\Action\ContentAction.class.php 第 58 行.
NOTIC: [8] Use of undefined constant date - assumed 'date' D:\phpstudy\WWW\dcyd\Manage\Lib\Action\ContentAction.class.php 第 61 行.

[ 2017-02-26T17:00:46+08:00 ] 127.0.0.1 /Manerger/index.php?m=Content&a=imgsave&id=33
INFO: [ app_begin ] --START--
INFO: ReadHtmlCache Behavior ::run [ RunTime:0.004000s ]
INFO: [ app_begin ] --END-- [ RunTime:0.005000s ]
NOTIC: [8] Undefined index: expire D:\phpstudy\WWW\dcyd\ThinkPHP\Common\functions.php 第 549 行.
SQL: SHOW COLUMNS FROM `dcyd_boss` [ RunTime:0.008000s ]
NOTIC: [2] getimagesize() expects parameter 1 to be string, array given D:\phpstudy\WWW\dcyd\Manage\Lib\Action\ContentAction.class.php 第 47 行.
NOTIC: [8] Use of undefined constant uniqid - assumed 'uniqid' D:\phpstudy\WWW\dcyd\Manage\Lib\Action\ContentAction.class.php 第 58 行.
NOTIC: [8] Use of undefined constant date - assumed 'date' D:\phpstudy\WWW\dcyd\Manage\Lib\Action\ContentAction.class.php 第 61 行.

[ 2017-02-26T17:01:30+08:00 ] 127.0.0.1 /Manerger/index.php?m=Content&a=imgsave&id=33
INFO: [ app_begin ] --START--
INFO: ReadHtmlCache Behavior ::run [ RunTime:0.002000s ]
INFO: [ app_begin ] --END-- [ RunTime:0.003000s ]
NOTIC: [8] Undefined index: expire D:\phpstudy\WWW\dcyd\ThinkPHP\Common\functions.php 第 549 行.
SQL: SHOW COLUMNS FROM `dcyd_boss` [ RunTime:0.010000s ]
NOTIC: [2] getimagesize() expects parameter 1 to be string, array given D:\phpstudy\WWW\dcyd\Manage\Lib\Action\ContentAction.class.php 第 47 行.
NOTIC: [8] Use of undefined constant uniqid - assumed 'uniqid' D:\phpstudy\WWW\dcyd\Manage\Lib\Action\ContentAction.class.php 第 58 行.
NOTIC: [8] Use of undefined constant date - assumed 'date' D:\phpstudy\WWW\dcyd\Manage\Lib\Action\ContentAction.class.php 第 61 行.

[ 2017-02-26T17:04:58+08:00 ] 127.0.0.1 /Manerger/index.php/Content/boss
INFO: [ route_check ] --START--
INFO: CheckRoute Behavior ::run [ RunTime:0.002001s ]
INFO: [ route_check ] --END-- [ RunTime:0.003001s ]
INFO: [ app_begin ] --START--
INFO: ReadHtmlCache Behavior ::run [ RunTime:0.003000s ]
INFO: [ app_begin ] --END-- [ RunTime:0.003000s ]
NOTIC: [8] Undefined index: expire D:\phpstudy\WWW\dcyd\ThinkPHP\Common\functions.php 第 549 行.
SQL: SHOW COLUMNS FROM `dcyd_admin` [ RunTime:0.013001s ]
SQL: SELECT `id`,`rid`,`username` FROM `dcyd_admin` WHERE ( `id` = 1 ) LIMIT 1   [ RunTime:0.000000s ]
SQL: SHOW COLUMNS FROM `dcyd_role` [ RunTime:0.007001s ]
SQL: SELECT `powers` FROM `dcyd_role` WHERE ( id=1 ) LIMIT 1   [ RunTime:0.000000s ]
SQL: SHOW COLUMNS FROM `dcyd_node` [ RunTime:0.011001s ]
SQL: SELECT `name` FROM `dcyd_node` WHERE ( pid>0 )  [ RunTime:0.001000s ]
INFO: [ view_parse ] --START--
INFO: ParseTemplate Behavior ::run [ RunTime:0.043003s ]
INFO: [ view_parse ] --END-- [ RunTime:0.043003s ]
INFO: [ view_filter ] --START--
INFO: ContentReplace Behavior ::run [ RunTime:0.002000s ]
INFO: TokenBuild Behavior ::run [ RunTime:0.003000s ]
INFO: WriteHtmlCache Behavior ::run [ RunTime:0.001000s ]
INFO: ShowRuntime Behavior ::run [ RunTime:0.005001s ]
INFO: [ view_filter ] --END-- [ RunTime:0.014001s ]
INFO: [ view_end ] --START--
INFO: ShowPageTrace Behavior ::run [ RunTime:0.004000s ]
INFO: [ view_end ] --END-- [ RunTime:0.005000s ]

[ 2017-02-26T17:04:59+08:00 ] 127.0.0.1 /Manerger/index.php?m=Content&a=bosslist
INFO: [ app_begin ] --START--
INFO: ReadHtmlCache Behavior ::run [ RunTime:0.004000s ]
INFO: [ app_begin ] --END-- [ RunTime:0.006000s ]
NOTIC: [8] Undefined index: expire D:\phpstudy\WWW\dcyd\ThinkPHP\Common\functions.php 第 549 行.
NOTIC: [8] Undefined index: id D:\phpstudy\WWW\dcyd\Manage\Lib\Action\ContentAction.class.php 第 16 行.
NOTIC: [8] Undefined index: title D:\phpstudy\WWW\dcyd\Manage\Lib\Action\ContentAction.class.php 第 17 行.
NOTIC: [8] Undefined index: content D:\phpstudy\WWW\dcyd\Manage\Lib\Action\ContentAction.class.php 第 18 行.
NOTIC: [8] Undefined index: img D:\phpstudy\WWW\dcyd\Manage\Lib\Action\ContentAction.class.php 第 19 行.
SQL: SHOW COLUMNS FROM `dcyd_boss` [ RunTime:0.008000s ]
NOTIC: [8] Undefined variable: map D:\phpstudy\WWW\dcyd\Manage\Lib\Action\ContentAction.class.php 第 22 行.
SQL: SELECT `id`,`title`,`content`,`img`,`url`,`view` FROM `dcyd_boss` LIMIT 0,20   [ RunTime:0.001000s ]
NOTIC: [8] Undefined variable: map D:\phpstudy\WWW\dcyd\Manage\Lib\Action\ContentAction.class.php 第 23 行.
SQL: SELECT COUNT(*) AS tp_count FROM `dcyd_boss` LIMIT 1   [ RunTime:0.000000s ]

[ 2017-02-26T17:05:36+08:00 ] 127.0.0.1 /Manerger/index.php/Content/upimg
INFO: [ route_check ] --START--
INFO: CheckRoute Behavior ::run [ RunTime:0.003000s ]
INFO: [ route_check ] --END-- [ RunTime:0.005000s ]
INFO: [ app_begin ] --START--
INFO: ReadHtmlCache Behavior ::run [ RunTime:0.003000s ]
INFO: [ app_begin ] --END-- [ RunTime:0.005000s ]
NOTIC: [8] Undefined index: expire D:\phpstudy\WWW\dcyd\ThinkPHP\Common\functions.php 第 549 行.
NOTIC: 建议使用I方法替代_post
SQL: SHOW COLUMNS FROM `dcyd_boss` [ RunTime:0.009001s ]
SQL: SELECT `id`,`img` FROM `dcyd_boss` WHERE ( id=33 ) LIMIT 1   [ RunTime:0.002000s ]

[ 2017-02-26T17:06:46+08:00 ] 127.0.0.1 /Manerger/index.php?m=Content&a=imgsave&id=33
INFO: [ app_begin ] --START--
INFO: ReadHtmlCache Behavior ::run [ RunTime:0.003000s ]
INFO: [ app_begin ] --END-- [ RunTime:0.006000s ]
NOTIC: [8] Undefined index: expire D:\phpstudy\WWW\dcyd\ThinkPHP\Common\functions.php 第 549 行.
SQL: SHOW COLUMNS FROM `dcyd_boss` [ RunTime:0.010000s ]
NOTIC: [2] getimagesize() expects parameter 1 to be string, array given D:\phpstudy\WWW\dcyd\Manage\Lib\Action\ContentAction.class.php 第 47 行.
NOTIC: [8] Use of undefined constant uniqid - assumed 'uniqid' D:\phpstudy\WWW\dcyd\Manage\Lib\Action\ContentAction.class.php 第 58 行.
NOTIC: [8] Use of undefined constant date - assumed 'date' D:\phpstudy\WWW\dcyd\Manage\Lib\Action\ContentAction.class.php 第 61 行.

[ 2017-02-26T17:06:50+08:00 ] 127.0.0.1 /Manerger/index.php/Content/upimg
INFO: [ route_check ] --START--
INFO: CheckRoute Behavior ::run [ RunTime:0.002001s ]
INFO: [ route_check ] --END-- [ RunTime:0.003001s ]
INFO: [ app_begin ] --START--
INFO: ReadHtmlCache Behavior ::run [ RunTime:0.002000s ]
INFO: [ app_begin ] --END-- [ RunTime:0.003000s ]
NOTIC: [8] Undefined index: expire D:\phpstudy\WWW\dcyd\ThinkPHP\Common\functions.php 第 549 行.
NOTIC: 建议使用I方法替代_post
SQL: SHOW COLUMNS FROM `dcyd_boss` [ RunTime:0.009001s ]
SQL: SELECT `id`,`img` FROM `dcyd_boss` WHERE ( id=33 ) LIMIT 1   [ RunTime:0.001000s ]

[ 2017-02-26T17:07:22+08:00 ] 127.0.0.1 /Manerger/index.php?m=Content&a=imgsave&id=33
INFO: [ app_begin ] --START--
INFO: ReadHtmlCache Behavior ::run [ RunTime:0.005000s ]
INFO: [ app_begin ] --END-- [ RunTime:0.006000s ]
NOTIC: [8] Undefined index: expire D:\phpstudy\WWW\dcyd\ThinkPHP\Common\functions.php 第 549 行.
SQL: SHOW COLUMNS FROM `dcyd_boss` [ RunTime:0.009000s ]
NOTIC: [2] getimagesize() expects parameter 1 to be string, array given D:\phpstudy\WWW\dcyd\Manage\Lib\Action\ContentAction.class.php 第 47 行.
NOTIC: [8] Use of undefined constant uniqid - assumed 'uniqid' D:\phpstudy\WWW\dcyd\Manage\Lib\Action\ContentAction.class.php 第 58 行.
NOTIC: [8] Use of undefined constant date - assumed 'date' D:\phpstudy\WWW\dcyd\Manage\Lib\Action\ContentAction.class.php 第 61 行.

[ 2017-02-26T17:09:52+08:00 ] 127.0.0.1 /Manerger/index.php/Content/boss
INFO: [ route_check ] --START--
INFO: CheckRoute Behavior ::run [ RunTime:0.002000s ]
INFO: [ route_check ] --END-- [ RunTime:0.003000s ]
INFO: [ app_begin ] --START--
INFO: ReadHtmlCache Behavior ::run [ RunTime:0.002001s ]
INFO: [ app_begin ] --END-- [ RunTime:0.002001s ]
NOTIC: [8] Undefined index: expire D:\phpstudy\WWW\dcyd\ThinkPHP\Common\functions.php 第 549 行.
INFO: [ view_parse ] --START--
INFO: ParseTemplate Behavior ::run [ RunTime:0.029002s ]
INFO: [ view_parse ] --END-- [ RunTime:0.030002s ]
INFO: [ view_filter ] --START--
INFO: ContentReplace Behavior ::run [ RunTime:0.001000s ]
INFO: TokenBuild Behavior ::run [ RunTime:0.001000s ]
INFO: WriteHtmlCache Behavior ::run [ RunTime:0.001000s ]
INFO: ShowRuntime Behavior ::run [ RunTime:0.003000s ]
INFO: [ view_filter ] --END-- [ RunTime:0.009000s ]
INFO: [ view_end ] --START--
INFO: ShowPageTrace Behavior ::run [ RunTime:0.005001s ]
INFO: [ view_end ] --END-- [ RunTime:0.013001s ]

[ 2017-02-26T17:09:53+08:00 ] 127.0.0.1 /Manerger/index.php?m=Content&a=bosslist
INFO: [ app_begin ] --START--
INFO: ReadHtmlCache Behavior ::run [ RunTime:0.003000s ]
INFO: [ app_begin ] --END-- [ RunTime:0.003000s ]
NOTIC: [8] Undefined index: expire D:\phpstudy\WWW\dcyd\ThinkPHP\Common\functions.php 第 549 行.
NOTIC: [8] Undefined index: id D:\phpstudy\WWW\dcyd\Manage\Lib\Action\ContentAction.class.php 第 16 行.
NOTIC: [8] Undefined index: title D:\phpstudy\WWW\dcyd\Manage\Lib\Action\ContentAction.class.php 第 17 行.
NOTIC: [8] Undefined index: content D:\phpstudy\WWW\dcyd\Manage\Lib\Action\ContentAction.class.php 第 18 行.
NOTIC: [8] Undefined index: img D:\phpstudy\WWW\dcyd\Manage\Lib\Action\ContentAction.class.php 第 19 行.
SQL: SHOW COLUMNS FROM `dcyd_boss` [ RunTime:0.009000s ]
NOTIC: [8] Undefined variable: map D:\phpstudy\WWW\dcyd\Manage\Lib\Action\ContentAction.class.php 第 22 行.
SQL: SELECT `id`,`title`,`content`,`img`,`url`,`view` FROM `dcyd_boss` LIMIT 0,20   [ RunTime:0.000000s ]
NOTIC: [8] Undefined variable: map D:\phpstudy\WWW\dcyd\Manage\Lib\Action\ContentAction.class.php 第 23 行.
SQL: SELECT COUNT(*) AS tp_count FROM `dcyd_boss` LIMIT 1   [ RunTime:0.000000s ]

[ 2017-02-26T17:09:55+08:00 ] 127.0.0.1 /Manerger/index.php/Content/upimg
INFO: [ route_check ] --START--
INFO: CheckRoute Behavior ::run [ RunTime:0.002000s ]
INFO: [ route_check ] --END-- [ RunTime:0.004000s ]
INFO: [ app_begin ] --START--
INFO: ReadHtmlCache Behavior ::run [ RunTime:0.002000s ]
INFO: [ app_begin ] --END-- [ RunTime:0.004001s ]
NOTIC: [8] Undefined index: expire D:\phpstudy\WWW\dcyd\ThinkPHP\Common\functions.php 第 549 行.
NOTIC: 建议使用I方法替代_post
SQL: SHOW COLUMNS FROM `dcyd_boss` [ RunTime:0.012001s ]
SQL: SELECT `id`,`img` FROM `dcyd_boss` WHERE ( id=33 ) LIMIT 1   [ RunTime:0.001000s ]

[ 2017-02-26T17:10:27+08:00 ] 127.0.0.1 /Manerger/index.php?m=Content&a=imgsave&id=33
INFO: [ app_begin ] --START--
INFO: ReadHtmlCache Behavior ::run [ RunTime:0.002000s ]
INFO: [ app_begin ] --END-- [ RunTime:0.003000s ]
NOTIC: [8] Undefined index: expire D:\phpstudy\WWW\dcyd\ThinkPHP\Common\functions.php 第 549 行.
SQL: SHOW COLUMNS FROM `dcyd_boss` [ RunTime:0.007000s ]
NOTIC: [2] getimagesize() expects parameter 1 to be string, array given D:\phpstudy\WWW\dcyd\Manage\Lib\Action\ContentAction.class.php 第 47 行.
NOTIC: [8] Use of undefined constant uniqid - assumed 'uniqid' D:\phpstudy\WWW\dcyd\Manage\Lib\Action\ContentAction.class.php 第 58 行.
NOTIC: [8] Use of undefined constant date - assumed 'date' D:\phpstudy\WWW\dcyd\Manage\Lib\Action\ContentAction.class.php 第 61 行.

[ 2017-02-26T17:10:42+08:00 ] 127.0.0.1 /Manerger/index.php?
INFO: [ app_begin ] --START--
INFO: ReadHtmlCache Behavior ::run [ RunTime:0.002001s ]
INFO: [ app_begin ] --END-- [ RunTime:0.002001s ]
NOTIC: [8] Undefined index: expire D:\phpstudy\WWW\dcyd\ThinkPHP\Common\functions.php 第 549 行.
INFO: [ view_parse ] --START--
INFO: ParseTemplate Behavior ::run [ RunTime:0.042003s ]
INFO: [ view_parse ] --END-- [ RunTime:0.043003s ]
INFO: [ view_filter ] --START--
INFO: ContentReplace Behavior ::run [ RunTime:0.002000s ]
INFO: TokenBuild Behavior ::run [ RunTime:0.002000s ]
INFO: WriteHtmlCache Behavior ::run [ RunTime:0.001000s ]
INFO: ShowRuntime Behavior ::run [ RunTime:0.002000s ]
INFO: [ view_filter ] --END-- [ RunTime:0.010000s ]
INFO: [ view_end ] --START--
INFO: ShowPageTrace Behavior ::run [ RunTime:0.007001s ]
INFO: [ view_end ] --END-- [ RunTime:0.009001s ]

[ 2017-02-26T17:10:51+08:00 ] 127.0.0.1 /Manerger/index.php/Content/boss
INFO: [ route_check ] --START--
INFO: CheckRoute Behavior ::run [ RunTime:0.002000s ]
INFO: [ route_check ] --END-- [ RunTime:0.003000s ]
INFO: [ app_begin ] --START--
INFO: ReadHtmlCache Behavior ::run [ RunTime:0.003000s ]
INFO: [ app_begin ] --END-- [ RunTime:0.003000s ]
NOTIC: [8] Undefined index: expire D:\phpstudy\WWW\dcyd\ThinkPHP\Common\functions.php 第 549 行.
INFO: [ view_parse ] --START--
INFO: ParseTemplate Behavior ::run [ RunTime:0.027001s ]
INFO: [ view_parse ] --END-- [ RunTime:0.027001s ]
INFO: [ view_filter ] --START--
INFO: ContentReplace Behavior ::run [ RunTime:0.002000s ]
INFO: TokenBuild Behavior ::run [ RunTime:0.002000s ]
INFO: WriteHtmlCache Behavior ::run [ RunTime:0.001000s ]
INFO: ShowRuntime Behavior ::run [ RunTime:0.005000s ]
INFO: [ view_filter ] --END-- [ RunTime:0.013001s ]
INFO: [ view_end ] --START--
INFO: ShowPageTrace Behavior ::run [ RunTime:0.004000s ]
INFO: [ view_end ] --END-- [ RunTime:0.005000s ]

[ 2017-02-26T17:10:51+08:00 ] 127.0.0.1 /Manerger/index.php?m=Content&a=bosslist
INFO: [ app_begin ] --START--
INFO: ReadHtmlCache Behavior ::run [ RunTime:0.002000s ]
INFO: [ app_begin ] --END-- [ RunTime:0.003000s ]
NOTIC: [8] Undefined index: expire D:\phpstudy\WWW\dcyd\ThinkPHP\Common\functions.php 第 549 行.
NOTIC: [8] Undefined index: id D:\phpstudy\WWW\dcyd\Manage\Lib\Action\ContentAction.class.php 第 16 行.
NOTIC: [8] Undefined index: title D:\phpstudy\WWW\dcyd\Manage\Lib\Action\ContentAction.class.php 第 17 行.
NOTIC: [8] Undefined index: content D:\phpstudy\WWW\dcyd\Manage\Lib\Action\ContentAction.class.php 第 18 行.
NOTIC: [8] Undefined index: img D:\phpstudy\WWW\dcyd\Manage\Lib\Action\ContentAction.class.php 第 19 行.
SQL: SHOW COLUMNS FROM `dcyd_boss` [ RunTime:0.009001s ]
NOTIC: [8] Undefined variable: map D:\phpstudy\WWW\dcyd\Manage\Lib\Action\ContentAction.class.php 第 22 行.
SQL: SELECT `id`,`title`,`content`,`img`,`url`,`view` FROM `dcyd_boss` LIMIT 0,20   [ RunTime:0.000000s ]
NOTIC: [8] Undefined variable: map D:\phpstudy\WWW\dcyd\Manage\Lib\Action\ContentAction.class.php 第 23 行.
SQL: SELECT COUNT(*) AS tp_count FROM `dcyd_boss` LIMIT 1   [ RunTime:0.001000s ]

[ 2017-02-26T17:11:02+08:00 ] 127.0.0.1 /Manerger/index.php/Content/upimg
INFO: [ route_check ] --START--
INFO: CheckRoute Behavior ::run [ RunTime:0.002000s ]
INFO: [ route_check ] --END-- [ RunTime:0.004000s ]
INFO: [ app_begin ] --START--
INFO: ReadHtmlCache Behavior ::run [ RunTime:0.003000s ]
INFO: [ app_begin ] --END-- [ RunTime:0.004000s ]
NOTIC: [8] Undefined index: expire D:\phpstudy\WWW\dcyd\ThinkPHP\Common\functions.php 第 549 行.
NOTIC: 建议使用I方法替代_post
SQL: SHOW COLUMNS FROM `dcyd_boss` [ RunTime:0.024001s ]
SQL: SELECT `id`,`img` FROM `dcyd_boss` WHERE ( id=33 ) LIMIT 1   [ RunTime:0.000000s ]

[ 2017-02-26T17:11:05+08:00 ] 127.0.0.1 /Manerger/index.php/Content/upimg
INFO: [ route_check ] --START--
INFO: CheckRoute Behavior ::run [ RunTime:0.003000s ]
INFO: [ route_check ] --END-- [ RunTime:0.005000s ]
INFO: [ app_begin ] --START--
INFO: ReadHtmlCache Behavior ::run [ RunTime:0.003000s ]
INFO: [ app_begin ] --END-- [ RunTime:0.009000s ]
NOTIC: [8] Undefined index: expire D:\phpstudy\WWW\dcyd\ThinkPHP\Common\functions.php 第 549 行.
NOTIC: 建议使用I方法替代_post
SQL: SHOW COLUMNS FROM `dcyd_boss` [ RunTime:0.053003s ]
SQL: SELECT `id`,`img` FROM `dcyd_boss` WHERE ( id=33 ) LIMIT 1   [ RunTime:0.001000s ]

[ 2017-02-26T17:11:24+08:00 ] 127.0.0.1 /Manerger/index.php?m=Content&a=imgsave&id=33
INFO: [ app_begin ] --START--
INFO: ReadHtmlCache Behavior ::run [ RunTime:0.004000s ]
INFO: [ app_begin ] --END-- [ RunTime:0.005000s ]
NOTIC: [8] Undefined index: expire D:\phpstudy\WWW\dcyd\ThinkPHP\Common\functions.php 第 549 行.
SQL: SHOW COLUMNS FROM `dcyd_boss` [ RunTime:0.009001s ]
NOTIC: [2] getimagesize() expects parameter 1 to be string, array given D:\phpstudy\WWW\dcyd\Manage\Lib\Action\ContentAction.class.php 第 47 行.
NOTIC: [8] Use of undefined constant uniqid - assumed 'uniqid' D:\phpstudy\WWW\dcyd\Manage\Lib\Action\ContentAction.class.php 第 58 行.
NOTIC: [8] Use of undefined constant date - assumed 'date' D:\phpstudy\WWW\dcyd\Manage\Lib\Action\ContentAction.class.php 第 61 行.

[ 2017-02-26T17:18:24+08:00 ] 127.0.0.1 /Manerger/index.php/Content/upimg
INFO: [ route_check ] --START--
INFO: CheckRoute Behavior ::run [ RunTime:0.002000s ]
INFO: [ route_check ] --END-- [ RunTime:0.004000s ]
INFO: [ app_begin ] --START--
INFO: ReadHtmlCache Behavior ::run [ RunTime:0.003000s ]
INFO: [ app_begin ] --END-- [ RunTime:0.004000s ]
NOTIC: [8] Undefined index: expire D:\phpstudy\WWW\dcyd\ThinkPHP\Common\functions.php 第 549 行.
SQL: SHOW COLUMNS FROM `dcyd_admin` [ RunTime:0.013001s ]
SQL: SELECT `id`,`rid`,`username` FROM `dcyd_admin` WHERE ( `id` = 1 ) LIMIT 1   [ RunTime:0.001000s ]
SQL: SHOW COLUMNS FROM `dcyd_role` [ RunTime:0.012001s ]
SQL: SELECT `powers` FROM `dcyd_role` WHERE ( id=1 ) LIMIT 1   [ RunTime:0.000000s ]
SQL: SHOW COLUMNS FROM `dcyd_node` [ RunTime:0.008001s ]
SQL: SELECT `name` FROM `dcyd_node` WHERE ( pid>0 )  [ RunTime:0.002000s ]
NOTIC: 建议使用I方法替代_post
SQL: SHOW COLUMNS FROM `dcyd_boss` [ RunTime:0.013001s ]
SQL: SELECT `id`,`img` FROM `dcyd_boss` WHERE ( id=33 ) LIMIT 1   [ RunTime:0.001000s ]

[ 2017-02-26T17:19:21+08:00 ] 127.0.0.1 /Manerger/index.php?m=Content&a=imgsave&id=33
INFO: [ app_begin ] --START--
INFO: ReadHtmlCache Behavior ::run [ RunTime:0.003001s ]
INFO: [ app_begin ] --END-- [ RunTime:0.004001s ]
NOTIC: [8] Undefined index: expire D:\phpstudy\WWW\dcyd\ThinkPHP\Common\functions.php 第 549 行.
SQL: SHOW COLUMNS FROM `dcyd_boss` [ RunTime:0.011000s ]
NOTIC: [2] getimagesize() expects parameter 1 to be string, array given D:\phpstudy\WWW\dcyd\Manage\Lib\Action\ContentAction.class.php 第 47 行.
NOTIC: [8] Use of undefined constant uniqid - assumed 'uniqid' D:\phpstudy\WWW\dcyd\Manage\Lib\Action\ContentAction.class.php 第 58 行.
NOTIC: [8] Use of undefined constant date - assumed 'date' D:\phpstudy\WWW\dcyd\Manage\Lib\Action\ContentAction.class.php 第 61 行.
ERR: SignatureDoesNotMatch: The request signature we calculated does not match the signature you provided. Check your key and signing method. RequestId: 58B29D59BC4D2566740B6D3C

[ 2017-02-26T17:27:46+08:00 ] 127.0.0.1 /Manerger/index.php/Content/boss
INFO: [ route_check ] --START--
INFO: CheckRoute Behavior ::run [ RunTime:0.002000s ]
INFO: [ route_check ] --END-- [ RunTime:0.003000s ]
INFO: [ app_begin ] --START--
INFO: ReadHtmlCache Behavior ::run [ RunTime:0.002000s ]
INFO: [ app_begin ] --END-- [ RunTime:0.002000s ]
NOTIC: [8] Undefined index: expire D:\phpstudy\WWW\dcyd\ThinkPHP\Common\functions.php 第 549 行.
SQL: SHOW COLUMNS FROM `dcyd_admin` [ RunTime:0.007001s ]
SQL: SELECT `id`,`rid`,`username` FROM `dcyd_admin` WHERE ( `id` = 1 ) LIMIT 1   [ RunTime:0.001000s ]
SQL: SHOW COLUMNS FROM `dcyd_role` [ RunTime:0.007001s ]
SQL: SELECT `powers` FROM `dcyd_role` WHERE ( id=1 ) LIMIT 1   [ RunTime:0.001000s ]
SQL: SHOW COLUMNS FROM `dcyd_node` [ RunTime:0.008000s ]
SQL: SELECT `name` FROM `dcyd_node` WHERE ( pid>0 )  [ RunTime:0.000000s ]
INFO: [ view_parse ] --START--
INFO: ParseTemplate Behavior ::run [ RunTime:0.027001s ]
INFO: [ view_parse ] --END-- [ RunTime:0.028001s ]
INFO: [ view_filter ] --START--
INFO: ContentReplace Behavior ::run [ RunTime:0.001000s ]
INFO: TokenBuild Behavior ::run [ RunTime:0.002000s ]
INFO: WriteHtmlCache Behavior ::run [ RunTime:0.002000s ]
INFO: ShowRuntime Behavior ::run [ RunTime:0.003000s ]
INFO: [ view_filter ] --END-- [ RunTime:0.009001s ]
INFO: [ view_end ] --START--
INFO: ShowPageTrace Behavior ::run [ RunTime:0.002000s ]
INFO: [ view_end ] --END-- [ RunTime:0.003000s ]

[ 2017-02-26T17:27:46+08:00 ] 127.0.0.1 /Manerger/index.php?m=Content&a=bosslist
INFO: [ app_begin ] --START--
INFO: ReadHtmlCache Behavior ::run [ RunTime:0.004001s ]
INFO: [ app_begin ] --END-- [ RunTime:0.004001s ]
NOTIC: [8] Undefined index: expire D:\phpstudy\WWW\dcyd\ThinkPHP\Common\functions.php 第 549 行.
NOTIC: [8] Undefined index: id D:\phpstudy\WWW\dcyd\Manage\Lib\Action\ContentAction.class.php 第 16 行.
NOTIC: [8] Undefined index: title D:\phpstudy\WWW\dcyd\Manage\Lib\Action\ContentAction.class.php 第 17 行.
NOTIC: [8] Undefined index: content D:\phpstudy\WWW\dcyd\Manage\Lib\Action\ContentAction.class.php 第 18 行.
NOTIC: [8] Undefined index: img D:\phpstudy\WWW\dcyd\Manage\Lib\Action\ContentAction.class.php 第 19 行.
SQL: SHOW COLUMNS FROM `dcyd_boss` [ RunTime:0.009000s ]
NOTIC: [8] Undefined variable: map D:\phpstudy\WWW\dcyd\Manage\Lib\Action\ContentAction.class.php 第 22 行.
SQL: SELECT `id`,`title`,`content`,`img`,`url`,`view` FROM `dcyd_boss` LIMIT 0,20   [ RunTime:0.002000s ]
NOTIC: [8] Undefined variable: map D:\phpstudy\WWW\dcyd\Manage\Lib\Action\ContentAction.class.php 第 23 行.
SQL: SELECT COUNT(*) AS tp_count FROM `dcyd_boss` LIMIT 1   [ RunTime:0.001000s ]

[ 2017-02-26T17:27:49+08:00 ] 127.0.0.1 /Manerger/index.php/Content/upimg
INFO: [ route_check ] --START--
INFO: CheckRoute Behavior ::run [ RunTime:0.003001s ]
INFO: [ route_check ] --END-- [ RunTime:0.005001s ]
INFO: [ app_begin ] --START--
INFO: ReadHtmlCache Behavior ::run [ RunTime:0.002000s ]
INFO: [ app_begin ] --END-- [ RunTime:0.004000s ]
NOTIC: [8] Undefined index: expire D:\phpstudy\WWW\dcyd\ThinkPHP\Common\functions.php 第 549 行.
NOTIC: 建议使用I方法替代_post
SQL: SHOW COLUMNS FROM `dcyd_boss` [ RunTime:0.018001s ]
SQL: SELECT `id`,`img` FROM `dcyd_boss` WHERE ( id=33 ) LIMIT 1   [ RunTime:0.000000s ]

[ 2017-02-26T17:28:41+08:00 ] 127.0.0.1 /Manerger/index.php?m=Content&a=imgsave&id=33
INFO: [ app_begin ] --START--
INFO: ReadHtmlCache Behavior ::run [ RunTime:0.003000s ]
INFO: [ app_begin ] --END-- [ RunTime:0.004000s ]
NOTIC: [8] Undefined index: expire D:\phpstudy\WWW\dcyd\ThinkPHP\Common\functions.php 第 549 行.
SQL: SHOW COLUMNS FROM `dcyd_boss` [ RunTime:0.012001s ]
NOTIC: [2] getimagesize() expects parameter 1 to be string, array given D:\phpstudy\WWW\dcyd\Manage\Lib\Action\ContentAction.class.php 第 47 行.
NOTIC: [8] Use of undefined constant uniqid - assumed 'uniqid' D:\phpstudy\WWW\dcyd\Manage\Lib\Action\ContentAction.class.php 第 58 行.
NOTIC: [8] Use of undefined constant date - assumed 'date' D:\phpstudy\WWW\dcyd\Manage\Lib\Action\ContentAction.class.php 第 61 行.
ERR: AccessDenied: The bucket you are attempting to access must be addressed using the specified endpoint. Please send all future requests to this endpoint. RequestId: 58B29F9195B3282CC318E3A4

[ 2017-02-26T17:31:20+08:00 ] 127.0.0.1 /Manerger/index.php/Content/boss
INFO: [ route_check ] --START--
INFO: CheckRoute Behavior ::run [ RunTime:0.003000s ]
INFO: [ route_check ] --END-- [ RunTime:0.005000s ]
INFO: [ app_begin ] --START--
INFO: ReadHtmlCache Behavior ::run [ RunTime:0.002000s ]
INFO: [ app_begin ] --END-- [ RunTime:0.003000s ]
NOTIC: [8] Undefined index: expire D:\phpstudy\WWW\dcyd\ThinkPHP\Common\functions.php 第 549 行.
INFO: [ view_parse ] --START--
INFO: ParseTemplate Behavior ::run [ RunTime:0.036002s ]
INFO: [ view_parse ] --END-- [ RunTime:0.037002s ]
INFO: [ view_filter ] --START--
INFO: ContentReplace Behavior ::run [ RunTime:0.003000s ]
INFO: TokenBuild Behavior ::run [ RunTime:0.003001s ]
INFO: WriteHtmlCache Behavior ::run [ RunTime:0.002000s ]
INFO: ShowRuntime Behavior ::run [ RunTime:0.003000s ]
INFO: [ view_filter ] --END-- [ RunTime:0.014001s ]
INFO: [ view_end ] --START--
INFO: ShowPageTrace Behavior ::run [ RunTime:0.004000s ]
INFO: [ view_end ] --END-- [ RunTime:0.005000s ]

[ 2017-02-26T17:31:20+08:00 ] 127.0.0.1 /Manerger/index.php?m=Content&a=bosslist
INFO: [ app_begin ] --START--
INFO: ReadHtmlCache Behavior ::run [ RunTime:0.002000s ]
INFO: [ app_begin ] --END-- [ RunTime:0.003000s ]
NOTIC: [8] Undefined index: expire D:\phpstudy\WWW\dcyd\ThinkPHP\Common\functions.php 第 549 行.
NOTIC: [8] Undefined index: id D:\phpstudy\WWW\dcyd\Manage\Lib\Action\ContentAction.class.php 第 16 行.
NOTIC: [8] Undefined index: title D:\phpstudy\WWW\dcyd\Manage\Lib\Action\ContentAction.class.php 第 17 行.
NOTIC: [8] Undefined index: content D:\phpstudy\WWW\dcyd\Manage\Lib\Action\ContentAction.class.php 第 18 行.
NOTIC: [8] Undefined index: img D:\phpstudy\WWW\dcyd\Manage\Lib\Action\ContentAction.class.php 第 19 行.
SQL: SHOW COLUMNS FROM `dcyd_boss` [ RunTime:0.008000s ]
NOTIC: [8] Undefined variable: map D:\phpstudy\WWW\dcyd\Manage\Lib\Action\ContentAction.class.php 第 22 行.
SQL: SELECT `id`,`title`,`content`,`img`,`url`,`view` FROM `dcyd_boss` LIMIT 0,20   [ RunTime:0.000000s ]
NOTIC: [8] Undefined variable: map D:\phpstudy\WWW\dcyd\Manage\Lib\Action\ContentAction.class.php 第 23 行.
SQL: SELECT COUNT(*) AS tp_count FROM `dcyd_boss` LIMIT 1   [ RunTime:0.000000s ]

[ 2017-02-26T17:31:28+08:00 ] 127.0.0.1 /Manerger/index.php/Content/upimg
INFO: [ route_check ] --START--
INFO: CheckRoute Behavior ::run [ RunTime:0.003000s ]
INFO: [ route_check ] --END-- [ RunTime:0.004000s ]
INFO: [ app_begin ] --START--
INFO: ReadHtmlCache Behavior ::run [ RunTime:0.003000s ]
INFO: [ app_begin ] --END-- [ RunTime:0.003000s ]
NOTIC: [8] Undefined index: expire D:\phpstudy\WWW\dcyd\ThinkPHP\Common\functions.php 第 549 行.
NOTIC: 建议使用I方法替代_post
SQL: SHOW COLUMNS FROM `dcyd_boss` [ RunTime:0.007000s ]
SQL: SELECT `id`,`img` FROM `dcyd_boss` WHERE ( id=33 ) LIMIT 1   [ RunTime:0.000000s ]

[ 2017-02-26T17:32:00+08:00 ] 127.0.0.1 /Manerger/index.php?m=Content&a=imgsave&id=33
INFO: [ app_begin ] --START--
INFO: ReadHtmlCache Behavior ::run [ RunTime:0.002000s ]
INFO: [ app_begin ] --END-- [ RunTime:0.002000s ]
NOTIC: [8] Undefined index: expire D:\phpstudy\WWW\dcyd\ThinkPHP\Common\functions.php 第 549 行.
SQL: SHOW COLUMNS FROM `dcyd_boss` [ RunTime:0.012000s ]
NOTIC: [2] getimagesize() expects parameter 1 to be string, array given D:\phpstudy\WWW\dcyd\Manage\Lib\Action\ContentAction.class.php 第 47 行.
NOTIC: [8] Use of undefined constant uniqid - assumed 'uniqid' D:\phpstudy\WWW\dcyd\Manage\Lib\Action\ContentAction.class.php 第 58 行.
NOTIC: [8] Use of undefined constant date - assumed 'date' D:\phpstudy\WWW\dcyd\Manage\Lib\Action\ContentAction.class.php 第 61 行.
ERR: AccessDenied: The bucket you are attempting to access must be addressed using the specified endpoint. Please send all future requests to this endpoint. RequestId: 58B2A064DD373E916C2D5C28

[ 2017-02-26T17:37:33+08:00 ] 127.0.0.1 /Manerger/index.php?m=Content&a=imgsave&id=33
INFO: [ app_begin ] --START--
INFO: ReadHtmlCache Behavior ::run [ RunTime:0.003000s ]
INFO: [ app_begin ] --END-- [ RunTime:0.003000s ]
NOTIC: [8] Undefined index: expire D:\phpstudy\WWW\dcyd\ThinkPHP\Common\functions.php 第 549 行.
SQL: SHOW COLUMNS FROM `dcyd_boss` [ RunTime:0.009001s ]
NOTIC: [2] getimagesize() expects parameter 1 to be string, array given D:\phpstudy\WWW\dcyd\Manage\Lib\Action\ContentAction.class.php 第 47 行.
NOTIC: [8] Use of undefined constant uniqid - assumed 'uniqid' D:\phpstudy\WWW\dcyd\Manage\Lib\Action\ContentAction.class.php 第 58 行.
NOTIC: [8] Use of undefined constant date - assumed 'date' D:\phpstudy\WWW\dcyd\Manage\Lib\Action\ContentAction.class.php 第 61 行.
ERR: AccessDenied: The bucket you are attempting to access must be addressed using the specified endpoint. Please send all future requests to this endpoint. RequestId: 58B2A1235CC26B8ECA47301B

[ 2017-02-26T17:37:34+08:00 ] 127.0.0.1 /Manerger/index.php?m=Content&a=imgsave&id=33
INFO: [ app_begin ] --START--
INFO: ReadHtmlCache Behavior ::run [ RunTime:0.002001s ]
INFO: [ app_begin ] --END-- [ RunTime:0.003001s ]
NOTIC: [8] Undefined index: expire D:\phpstudy\WWW\dcyd\ThinkPHP\Common\functions.php 第 549 行.
SQL: SHOW COLUMNS FROM `dcyd_admin` [ RunTime:0.008000s ]
SQL: SELECT `id`,`rid`,`username` FROM `dcyd_admin` WHERE ( `id` = 1 ) LIMIT 1   [ RunTime:0.001000s ]
SQL: SHOW COLUMNS FROM `dcyd_role` [ RunTime:0.010000s ]
SQL: SELECT `powers` FROM `dcyd_role` WHERE ( id=1 ) LIMIT 1   [ RunTime:0.000000s ]
SQL: SHOW COLUMNS FROM `dcyd_node` [ RunTime:0.010000s ]
SQL: SELECT `name` FROM `dcyd_node` WHERE ( pid>0 )  [ RunTime:0.001000s ]
SQL: SHOW COLUMNS FROM `dcyd_boss` [ RunTime:0.008001s ]
NOTIC: [2] getimagesize() expects parameter 1 to be string, array given D:\phpstudy\WWW\dcyd\Manage\Lib\Action\ContentAction.class.php 第 47 行.
NOTIC: [8] Use of undefined constant uniqid - assumed 'uniqid' D:\phpstudy\WWW\dcyd\Manage\Lib\Action\ContentAction.class.php 第 58 行.
NOTIC: [8] Use of undefined constant date - assumed 'date' D:\phpstudy\WWW\dcyd\Manage\Lib\Action\ContentAction.class.php 第 61 行.
ERR: AccessDenied: The bucket you are attempting to access must be addressed using the specified endpoint. Please send all future requests to this endpoint. RequestId: 58B2A1C23DD12473B734EB61

[ 2017-02-26T17:39:14+08:00 ] 127.0.0.1 /Manerger/index.php?m=Content&a=imgsave&id=33
INFO: [ app_begin ] --START--
INFO: ReadHtmlCache Behavior ::run [ RunTime:0.002000s ]
INFO: [ app_begin ] --END-- [ RunTime:0.003000s ]
NOTIC: [8] Undefined index: expire D:\phpstudy\WWW\dcyd\ThinkPHP\Common\functions.php 第 549 行.
SQL: SHOW COLUMNS FROM `dcyd_boss` [ RunTime:0.007000s ]
NOTIC: [2] getimagesize() expects parameter 1 to be string, array given D:\phpstudy\WWW\dcyd\Manage\Lib\Action\ContentAction.class.php 第 47 行.
NOTIC: [8] Use of undefined constant uniqid - assumed 'uniqid' D:\phpstudy\WWW\dcyd\Manage\Lib\Action\ContentAction.class.php 第 58 行.
NOTIC: [8] Use of undefined constant date - assumed 'date' D:\phpstudy\WWW\dcyd\Manage\Lib\Action\ContentAction.class.php 第 61 行.
ERR: AccessDenied: The bucket you are attempting to access must be addressed using the specified endpoint. Please send all future requests to this endpoint. RequestId: 58B2A1D22AE0B99B5C42FD56

[ 2017-02-26T17:39:36+08:00 ] 127.0.0.1 /Manerger/index.php?m=Content&a=imgsave&id=33
INFO: [ app_begin ] --START--
INFO: ReadHtmlCache Behavior ::run [ RunTime:0.002000s ]
INFO: [ app_begin ] --END-- [ RunTime:0.003000s ]
NOTIC: [8] Undefined index: expire D:\phpstudy\WWW\dcyd\ThinkPHP\Common\functions.php 第 549 行.
SQL: SHOW COLUMNS FROM `dcyd_boss` [ RunTime:0.008000s ]
NOTIC: [2] getimagesize() expects parameter 1 to be string, array given D:\phpstudy\WWW\dcyd\Manage\Lib\Action\ContentAction.class.php 第 47 行.
NOTIC: [8] Use of undefined constant uniqid - assumed 'uniqid' D:\phpstudy\WWW\dcyd\Manage\Lib\Action\ContentAction.class.php 第 58 行.
NOTIC: [8] Use of undefined constant date - assumed 'date' D:\phpstudy\WWW\dcyd\Manage\Lib\Action\ContentAction.class.php 第 61 行.

[ 2017-02-26T17:50:30+08:00 ] 127.0.0.1 /Manerger/index.php?m=Content&a=imgsave&id=33
INFO: [ app_begin ] --START--
INFO: ReadHtmlCache Behavior ::run [ RunTime:0.002000s ]
INFO: [ app_begin ] --END-- [ RunTime:0.003000s ]
NOTIC: [8] Undefined index: expire D:\phpstudy\WWW\dcyd\ThinkPHP\Common\functions.php 第 549 行.
SQL: SHOW COLUMNS FROM `dcyd_admin` [ RunTime:0.009000s ]
SQL: SELECT `id`,`rid`,`username` FROM `dcyd_admin` WHERE ( `id` = 1 ) LIMIT 1   [ RunTime:0.000000s ]
SQL: SHOW COLUMNS FROM `dcyd_role` [ RunTime:0.009000s ]
SQL: SELECT `powers` FROM `dcyd_role` WHERE ( id=1 ) LIMIT 1   [ RunTime:0.001000s ]
SQL: SHOW COLUMNS FROM `dcyd_node` [ RunTime:0.008000s ]
SQL: SELECT `name` FROM `dcyd_node` WHERE ( pid>0 )  [ RunTime:0.001000s ]
SQL: SHOW COLUMNS FROM `dcyd_boss` [ RunTime:0.008000s ]
NOTIC: [2] getimagesize() expects parameter 1 to be string, array given D:\phpstudy\WWW\dcyd\Manage\Lib\Action\ContentAction.class.php 第 47 行.
NOTIC: [8] Use of undefined constant uniqid - assumed 'uniqid' D:\phpstudy\WWW\dcyd\Manage\Lib\Action\ContentAction.class.php 第 58 行.
NOTIC: [8] Use of undefined constant date - assumed 'date' D:\phpstudy\WWW\dcyd\Manage\Lib\Action\ContentAction.class.php 第 61 行.
ERR: AccessDenied: The bucket you are attempting to access must be addressed using the specified endpoint. Please send all future requests to this endpoint. RequestId: 58B2A4BFE8DFE8381670F668

[ 2017-02-26T20:01:48+08:00 ] 127.0.0.1 /Manerger/index.php/Content/boss
INFO: [ route_check ] --START--
INFO: CheckRoute Behavior ::run [ RunTime:0.001000s ]
INFO: [ route_check ] --END-- [ RunTime:0.003001s ]
INFO: [ app_begin ] --START--
INFO: ReadHtmlCache Behavior ::run [ RunTime:0.003000s ]
INFO: [ app_begin ] --END-- [ RunTime:0.003000s ]
NOTIC: [8] Undefined index: expire D:\phpstudy\WWW\dcyd\ThinkPHP\Common\functions.php 第 549 行.
INFO: [ view_parse ] --START--
INFO: ParseTemplate Behavior ::run [ RunTime:0.028001s ]
INFO: [ view_parse ] --END-- [ RunTime:0.029001s ]
INFO: [ view_filter ] --START--
INFO: ContentReplace Behavior ::run [ RunTime:0.002000s ]
INFO: TokenBuild Behavior ::run [ RunTime:0.002000s ]
INFO: WriteHtmlCache Behavior ::run [ RunTime:0.001001s ]
INFO: ShowRuntime Behavior ::run [ RunTime:0.002000s ]
INFO: [ view_filter ] --END-- [ RunTime:0.009001s ]
INFO: [ view_end ] --START--
INFO: ShowPageTrace Behavior ::run [ RunTime:0.002000s ]
INFO: [ view_end ] --END-- [ RunTime:0.004000s ]

[ 2017-02-26T20:01:49+08:00 ] 127.0.0.1 /Manerger/index.php/Public/login.html
INFO: [ route_check ] --START--
INFO: CheckRoute Behavior ::run [ RunTime:0.003001s ]
INFO: [ route_check ] --END-- [ RunTime:0.006001s ]
INFO: [ app_begin ] --START--
INFO: ReadHtmlCache Behavior ::run [ RunTime:0.003000s ]
INFO: [ app_begin ] --END-- [ RunTime:0.005000s ]
NOTIC: [8] Undefined index: expire D:\phpstudy\WWW\dcyd\ThinkPHP\Common\functions.php 第 549 行.
INFO: [ view_parse ] --START--
INFO: ParseTemplate Behavior ::run [ RunTime:0.018001s ]
INFO: [ view_parse ] --END-- [ RunTime:0.020001s ]
INFO: [ view_filter ] --START--
INFO: ContentReplace Behavior ::run [ RunTime:0.002000s ]
INFO: TokenBuild Behavior ::run [ RunTime:0.002000s ]
INFO: WriteHtmlCache Behavior ::run [ RunTime:0.001000s ]
INFO: ShowRuntime Behavior ::run [ RunTime:0.002000s ]
INFO: [ view_filter ] --END-- [ RunTime:0.008001s ]
INFO: [ view_end ] --START--
INFO: ShowPageTrace Behavior ::run [ RunTime:0.002000s ]
INFO: [ view_end ] --END-- [ RunTime:0.003000s ]

[ 2017-02-26T20:01:49+08:00 ] 127.0.0.1 /Manerger/index.php/Public/login.html
INFO: [ route_check ] --START--
INFO: CheckRoute Behavior ::run [ RunTime:0.003001s ]
INFO: [ route_check ] --END-- [ RunTime:0.005001s ]
INFO: [ app_begin ] --START--
INFO: ReadHtmlCache Behavior ::run [ RunTime:0.002000s ]
INFO: [ app_begin ] --END-- [ RunTime:0.004000s ]
NOTIC: [8] Undefined index: expire D:\phpstudy\WWW\dcyd\ThinkPHP\Common\functions.php 第 549 行.
INFO: [ view_parse ] --START--
INFO: ParseTemplate Behavior ::run [ RunTime:0.022001s ]
INFO: [ view_parse ] --END-- [ RunTime:0.023001s ]
INFO: [ view_filter ] --START--
INFO: ContentReplace Behavior ::run [ RunTime:0.002000s ]
INFO: TokenBuild Behavior ::run [ RunTime:0.003000s ]
INFO: WriteHtmlCache Behavior ::run [ RunTime:0.002001s ]
INFO: ShowRuntime Behavior ::run [ RunTime:0.003000s ]
INFO: [ view_filter ] --END-- [ RunTime:0.013001s ]
INFO: [ view_end ] --START--
INFO: ShowPageTrace Behavior ::run [ RunTime:0.002000s ]
INFO: [ view_end ] --END-- [ RunTime:0.002000s ]

[ 2017-02-26T20:01:55+08:00 ] 127.0.0.1 /Manerger/index.php/Public/checklogin
INFO: [ route_check ] --START--
INFO: CheckRoute Behavior ::run [ RunTime:0.002000s ]
INFO: [ route_check ] --END-- [ RunTime:0.002000s ]
INFO: [ app_begin ] --START--
INFO: ReadHtmlCache Behavior ::run [ RunTime:0.003000s ]
INFO: [ app_begin ] --END-- [ RunTime:0.003000s ]
NOTIC: [8] Undefined index: expire D:\phpstudy\WWW\dcyd\ThinkPHP\Common\functions.php 第 549 行.
SQL: SHOW COLUMNS FROM `dcyd_admin` [ RunTime:0.009001s ]
NOTIC: 建议使用I方法替代_post
NOTIC: 建议使用I方法替代_post
SQL: SELECT `id`,`rid`,`username` FROM `dcyd_admin` WHERE ( `username` = 'admin' ) AND ( `password` = '8b88e6b7e854b04cb74e' ) LIMIT 1   [ RunTime:0.000000s ]
SQL: SHOW COLUMNS FROM `dcyd_role` [ RunTime:0.008000s ]
SQL: SELECT `powers` FROM `dcyd_role` WHERE ( id=1 ) LIMIT 1   [ RunTime:0.001000s ]
SQL: SHOW COLUMNS FROM `dcyd_node` [ RunTime:0.008000s ]
SQL: SELECT `name` FROM `dcyd_node` WHERE ( pid>0 )  [ RunTime:0.001000s ]
SQL: UPDATE `dcyd_admin` SET `last_time`=1488110515,`last_ip`=127 WHERE ( id=1 ) [ RunTime:0.000000s ]
NOTIC: [8] Undefined variable: var D:\phpstudy\WWW\dcyd\ThinkPHP\Common\functions.php 第 247 行.
NOTIC: [2] array_reverse() expects parameter 1 to be array, null given D:\phpstudy\WWW\dcyd\ThinkPHP\Common\functions.php 第 247 行.
NOTIC: [2] http_build_query() [<a href='function.http-build-query'>function.http-build-query</a>]: Parameter 1 expected to be Array or Object.  Incorrect value given D:\phpstudy\WWW\dcyd\ThinkPHP\Common\functions.php 第 247 行.

[ 2017-02-26T20:01:55+08:00 ] 127.0.0.1 /Manerger/index.php?
INFO: [ app_begin ] --START--
INFO: ReadHtmlCache Behavior ::run [ RunTime:0.002000s ]
INFO: [ app_begin ] --END-- [ RunTime:0.003000s ]
NOTIC: [8] Undefined index: expire D:\phpstudy\WWW\dcyd\ThinkPHP\Common\functions.php 第 549 行.
INFO: [ view_parse ] --START--
INFO: ParseTemplate Behavior ::run [ RunTime:0.034002s ]
INFO: [ view_parse ] --END-- [ RunTime:0.034002s ]
INFO: [ view_filter ] --START--
INFO: ContentReplace Behavior ::run [ RunTime:0.002000s ]
INFO: TokenBuild Behavior ::run [ RunTime:0.001000s ]
INFO: WriteHtmlCache Behavior ::run [ RunTime:0.001000s ]
INFO: ShowRuntime Behavior ::run [ RunTime:0.002000s ]
INFO: [ view_filter ] --END-- [ RunTime:0.009001s ]
INFO: [ view_end ] --START--
INFO: ShowPageTrace Behavior ::run [ RunTime:0.004000s ]
INFO: [ view_end ] --END-- [ RunTime:0.009000s ]

[ 2017-02-26T20:02:00+08:00 ] 127.0.0.1 /Manerger/index.php/Content/boss
INFO: [ route_check ] --START--
INFO: CheckRoute Behavior ::run [ RunTime:0.002000s ]
INFO: [ route_check ] --END-- [ RunTime:0.003000s ]
INFO: [ app_begin ] --START--
INFO: ReadHtmlCache Behavior ::run [ RunTime:0.002000s ]
INFO: [ app_begin ] --END-- [ RunTime:0.003000s ]
NOTIC: [8] Undefined index: expire D:\phpstudy\WWW\dcyd\ThinkPHP\Common\functions.php 第 549 行.
INFO: [ view_parse ] --START--
INFO: ParseTemplate Behavior ::run [ RunTime:0.029002s ]
INFO: [ view_parse ] --END-- [ RunTime:0.030002s ]
INFO: [ view_filter ] --START--
INFO: ContentReplace Behavior ::run [ RunTime:0.002000s ]
INFO: TokenBuild Behavior ::run [ RunTime:0.002000s ]
INFO: WriteHtmlCache Behavior ::run [ RunTime:0.001000s ]
INFO: ShowRuntime Behavior ::run [ RunTime:0.003000s ]
INFO: [ view_filter ] --END-- [ RunTime:0.009000s ]
INFO: [ view_end ] --START--
INFO: ShowPageTrace Behavior ::run [ RunTime:0.008000s ]
INFO: [ view_end ] --END-- [ RunTime:0.009000s ]

[ 2017-02-26T20:02:00+08:00 ] 127.0.0.1 /Manerger/index.php?m=Content&a=bosslist
INFO: [ app_begin ] --START--
INFO: ReadHtmlCache Behavior ::run [ RunTime:0.002000s ]
INFO: [ app_begin ] --END-- [ RunTime:0.002000s ]
NOTIC: [8] Undefined index: expire D:\phpstudy\WWW\dcyd\ThinkPHP\Common\functions.php 第 549 行.
NOTIC: [8] Undefined index: id D:\phpstudy\WWW\dcyd\Manage\Lib\Action\ContentAction.class.php 第 16 行.
NOTIC: [8] Undefined index: title D:\phpstudy\WWW\dcyd\Manage\Lib\Action\ContentAction.class.php 第 17 行.
NOTIC: [8] Undefined index: content D:\phpstudy\WWW\dcyd\Manage\Lib\Action\ContentAction.class.php 第 18 行.
NOTIC: [8] Undefined index: img D:\phpstudy\WWW\dcyd\Manage\Lib\Action\ContentAction.class.php 第 19 行.
SQL: SHOW COLUMNS FROM `dcyd_boss` [ RunTime:0.009001s ]
NOTIC: [8] Undefined variable: map D:\phpstudy\WWW\dcyd\Manage\Lib\Action\ContentAction.class.php 第 22 行.
SQL: SELECT `id`,`title`,`content`,`img`,`url`,`view` FROM `dcyd_boss` LIMIT 0,20   [ RunTime:0.000000s ]
NOTIC: [8] Undefined variable: map D:\phpstudy\WWW\dcyd\Manage\Lib\Action\ContentAction.class.php 第 23 行.
SQL: SELECT COUNT(*) AS tp_count FROM `dcyd_boss` LIMIT 1   [ RunTime:0.000000s ]

[ 2017-02-26T20:02:10+08:00 ] 127.0.0.1 /Manerger/index.php/Content/upimg
INFO: [ route_check ] --START--
INFO: CheckRoute Behavior ::run [ RunTime:0.003000s ]
INFO: [ route_check ] --END-- [ RunTime:0.004001s ]
INFO: [ app_begin ] --START--
INFO: ReadHtmlCache Behavior ::run [ RunTime:0.004000s ]
INFO: [ app_begin ] --END-- [ RunTime:0.005000s ]
NOTIC: [8] Undefined index: expire D:\phpstudy\WWW\dcyd\ThinkPHP\Common\functions.php 第 549 行.
NOTIC: 建议使用I方法替代_post
SQL: SHOW COLUMNS FROM `dcyd_boss` [ RunTime:0.025001s ]
SQL: SELECT `id`,`img` FROM `dcyd_boss` WHERE ( id=33 ) LIMIT 1   [ RunTime:0.001001s ]

[ 2017-02-26T20:02:39+08:00 ] 127.0.0.1 /Manerger/index.php?m=Content&a=imgsave&id=33
INFO: [ app_begin ] --START--
INFO: ReadHtmlCache Behavior ::run [ RunTime:0.004000s ]
INFO: [ app_begin ] --END-- [ RunTime:0.004000s ]
NOTIC: [8] Undefined index: expire D:\phpstudy\WWW\dcyd\ThinkPHP\Common\functions.php 第 549 行.
SQL: SHOW COLUMNS FROM `dcyd_boss` [ RunTime:0.013000s ]
NOTIC: [2] getimagesize() expects parameter 1 to be string, array given D:\phpstudy\WWW\dcyd\Manage\Lib\Action\ContentAction.class.php 第 47 行.
NOTIC: [8] Use of undefined constant uniqid - assumed 'uniqid' D:\phpstudy\WWW\dcyd\Manage\Lib\Action\ContentAction.class.php 第 58 行.
NOTIC: [8] Use of undefined constant date - assumed 'date' D:\phpstudy\WWW\dcyd\Manage\Lib\Action\ContentAction.class.php 第 61 行.
NOTIC: [8] Undefined variable: data D:\phpstudy\WWW\dcyd\Manage\Lib\Action\ContentAction.class.php 第 93 行.

[ 2017-02-26T20:08:11+08:00 ] 127.0.0.1 /Manerger/index.php/Content/upimg
INFO: [ route_check ] --START--
INFO: CheckRoute Behavior ::run [ RunTime:0.002000s ]
INFO: [ route_check ] --END-- [ RunTime:0.004001s ]
INFO: [ app_begin ] --START--
INFO: ReadHtmlCache Behavior ::run [ RunTime:0.002000s ]
INFO: [ app_begin ] --END-- [ RunTime:0.004000s ]
NOTIC: [8] Undefined index: expire D:\phpstudy\WWW\dcyd\ThinkPHP\Common\functions.php 第 549 行.
NOTIC: 建议使用I方法替代_post
SQL: SHOW COLUMNS FROM `dcyd_boss` [ RunTime:0.008000s ]
SQL: SELECT `id`,`img` FROM `dcyd_boss` WHERE ( id=33 ) LIMIT 1   [ RunTime:0.000000s ]

[ 2017-02-26T21:16:48+08:00 ] 127.0.0.1 /Manerger/index.php?m=Content&a=imgsave&id=33
INFO: [ app_begin ] --START--
INFO: ReadHtmlCache Behavior ::run [ RunTime:0.002000s ]
INFO: [ app_begin ] --END-- [ RunTime:0.002000s ]
NOTIC: [8] Undefined index: expire D:\phpstudy\WWW\dcyd\ThinkPHP\Common\functions.php 第 549 行.
SQL: SHOW COLUMNS FROM `dcyd_boss` [ RunTime:0.010001s ]
NOTIC: [2] getimagesize() expects parameter 1 to be string, array given D:\phpstudy\WWW\dcyd\Manage\Lib\Action\ContentAction.class.php 第 47 行.
NOTIC: [8] Use of undefined constant uniqid - assumed 'uniqid' D:\phpstudy\WWW\dcyd\Manage\Lib\Action\ContentAction.class.php 第 58 行.
NOTIC: [8] Use of undefined constant date - assumed 'date' D:\phpstudy\WWW\dcyd\Manage\Lib\Action\ContentAction.class.php 第 61 行.

