[ 2017-04-21T09:33:09+08:00 ] 127.0.0.1 /Manerger/index.php/Public/login.html
INFO: [ route_check ] --START--
INFO: CheckRoute Behavior ::run [ RunTime:0.006000s ]
INFO: [ route_check ] --END-- [ RunTime:0.008001s ]
INFO: [ app_begin ] --START--
INFO: ReadHtmlCache Behavior ::run [ RunTime:0.003000s ]
INFO: [ app_begin ] --END-- [ RunTime:0.003000s ]
NOTIC: [8] Undefined index: expire D:\phpstudy\WWW\dcyd\ThinkPHP\Common\functions.php 第 549 行.
INFO: [ view_parse ] --START--
INFO: ParseTemplate Behavior ::run [ RunTime:0.019001s ]
INFO: [ view_parse ] --END-- [ RunTime:0.020002s ]
INFO: [ view_filter ] --START--
INFO: ContentReplace Behavior ::run [ RunTime:0.002000s ]
INFO: TokenBuild Behavior ::run [ RunTime:0.002000s ]
INFO: WriteHtmlCache Behavior ::run [ RunTime:0.001000s ]
INFO: ShowRuntime Behavior ::run [ RunTime:0.002000s ]
INFO: [ view_filter ] --END-- [ RunTime:0.008000s ]
INFO: [ view_end ] --START--
INFO: ShowPageTrace Behavior ::run [ RunTime:0.002000s ]
INFO: [ view_end ] --END-- [ RunTime:0.002000s ]

[ 2017-04-21T09:33:20+08:00 ] 127.0.0.1 /Manerger/index.php/Public/checklogin
INFO: [ route_check ] --START--
INFO: CheckRoute Behavior ::run [ RunTime:0.001000s ]
INFO: [ route_check ] --END-- [ RunTime:0.002000s ]
INFO: [ app_begin ] --START--
INFO: ReadHtmlCache Behavior ::run [ RunTime:0.002001s ]
INFO: [ app_begin ] --END-- [ RunTime:0.002001s ]
NOTIC: [8] Undefined index: expire D:\phpstudy\WWW\dcyd\ThinkPHP\Common\functions.php 第 549 行.
SQL: SHOW COLUMNS FROM `dcyd_admin` [ RunTime:0.006001s ]
NOTIC: 建议使用I方法替代_post
NOTIC: 建议使用I方法替代_post
SQL: SELECT `id`,`rid`,`username` FROM `dcyd_admin` WHERE ( `username` = 'admin' ) AND ( `password` = '8b88e6b7e854b04cb74e' ) LIMIT 1   [ RunTime:0.000000s ]
SQL: SHOW COLUMNS FROM `dcyd_role` [ RunTime:0.005000s ]
SQL: SELECT `powers` FROM `dcyd_role` WHERE ( id=1 ) LIMIT 1   [ RunTime:0.001000s ]
SQL: SHOW COLUMNS FROM `dcyd_node` [ RunTime:0.005000s ]
SQL: SELECT `name` FROM `dcyd_node` WHERE ( pid>0 )  [ RunTime:0.001000s ]
SQL: UPDATE `dcyd_admin` SET `last_time`=1492738400,`last_ip`=127 WHERE ( id=1 ) [ RunTime:0.002000s ]
NOTIC: [8] Undefined variable: var D:\phpstudy\WWW\dcyd\ThinkPHP\Common\functions.php 第 247 行.
NOTIC: [2] array_reverse() expects parameter 1 to be array, null given D:\phpstudy\WWW\dcyd\ThinkPHP\Common\functions.php 第 247 行.
NOTIC: [2] http_build_query() [<a href='function.http-build-query'>function.http-build-query</a>]: Parameter 1 expected to be Array or Object.  Incorrect value given D:\phpstudy\WWW\dcyd\ThinkPHP\Common\functions.php 第 247 行.

[ 2017-04-21T09:33:21+08:00 ] 127.0.0.1 /Manerger/index.php?
INFO: [ app_begin ] --START--
INFO: ReadHtmlCache Behavior ::run [ RunTime:0.003001s ]
INFO: [ app_begin ] --END-- [ RunTime:0.004001s ]
NOTIC: [8] Undefined index: expire D:\phpstudy\WWW\dcyd\ThinkPHP\Common\functions.php 第 549 行.
INFO: [ view_parse ] --START--
INFO: ParseTemplate Behavior ::run [ RunTime:0.036002s ]
INFO: [ view_parse ] --END-- [ RunTime:0.036002s ]
INFO: [ view_filter ] --START--
INFO: ContentReplace Behavior ::run [ RunTime:0.002000s ]
INFO: TokenBuild Behavior ::run [ RunTime:0.002001s ]
INFO: WriteHtmlCache Behavior ::run [ RunTime:0.001000s ]
INFO: ShowRuntime Behavior ::run [ RunTime:0.002000s ]
INFO: [ view_filter ] --END-- [ RunTime:0.008001s ]
INFO: [ view_end ] --START--
INFO: ShowPageTrace Behavior ::run [ RunTime:0.002000s ]
INFO: [ view_end ] --END-- [ RunTime:0.003000s ]

[ 2017-04-21T09:33:30+08:00 ] 127.0.0.1 /Manerger/index.php/User/collection
INFO: [ route_check ] --START--
INFO: CheckRoute Behavior ::run [ RunTime:0.005000s ]
INFO: [ route_check ] --END-- [ RunTime:0.007000s ]
INFO: [ app_begin ] --START--
INFO: ReadHtmlCache Behavior ::run [ RunTime:0.003000s ]
INFO: [ app_begin ] --END-- [ RunTime:0.005000s ]
NOTIC: [8] Undefined index: expire D:\phpstudy\WWW\dcyd\ThinkPHP\Common\functions.php 第 549 行.
NOTIC: [8] Constant THEME_NAME already defined D:\phpstudy\WWW\dcyd\ThinkPHP\Lib\Core\View.class.php 第 223 行.
NOTIC: [8] Constant THEME_PATH already defined D:\phpstudy\WWW\dcyd\ThinkPHP\Lib\Core\View.class.php 第 174 行.
NOTIC: [8] Constant APP_TMPL_PATH already defined D:\phpstudy\WWW\dcyd\ThinkPHP\Lib\Core\View.class.php 第 175 行.
INFO: [ view_parse ] --START--
INFO: ParseTemplate Behavior ::run [ RunTime:0.021001s ]
INFO: [ view_parse ] --END-- [ RunTime:0.021001s ]
INFO: [ view_filter ] --START--
INFO: ContentReplace Behavior ::run [ RunTime:0.001000s ]
INFO: TokenBuild Behavior ::run [ RunTime:0.001000s ]
INFO: WriteHtmlCache Behavior ::run [ RunTime:0.001000s ]
INFO: ShowRuntime Behavior ::run [ RunTime:0.002000s ]
INFO: [ view_filter ] --END-- [ RunTime:0.007000s ]
INFO: [ view_end ] --START--
INFO: ShowPageTrace Behavior ::run [ RunTime:0.001000s ]
INFO: [ view_end ] --END-- [ RunTime:0.002000s ]

[ 2017-04-21T09:33:31+08:00 ] 127.0.0.1 /Manerger/index.php?m=User&a=collectionlist
INFO: [ app_begin ] --START--
INFO: ReadHtmlCache Behavior ::run [ RunTime:0.002000s ]
INFO: [ app_begin ] --END-- [ RunTime:0.002000s ]
NOTIC: [8] Undefined index: expire D:\phpstudy\WWW\dcyd\ThinkPHP\Common\functions.php 第 549 行.
NOTIC: [8] Undefined index: nickname D:\phpstudy\WWW\dcyd\Manage\Lib\Action\UserAction.class.php 第 212 行.
NOTIC: [8] Undefined index: title D:\phpstudy\WWW\dcyd\Manage\Lib\Action\UserAction.class.php 第 213 行.
NOTIC: [8] Undefined index: content D:\phpstudy\WWW\dcyd\Manage\Lib\Action\UserAction.class.php 第 214 行.
SQL: SHOW COLUMNS FROM `dcyd_collection` [ RunTime:0.006000s ]
NOTIC: [8] Undefined variable: map D:\phpstudy\WWW\dcyd\Manage\Lib\Action\UserAction.class.php 第 219 行.
SQL: SELECT a.id,a.uid,a.courseid,a.addtime,b.nickname,c.title FROM dcyd_collection as a LEFT JOIN dcyd_user as b on a.uid=b.id LEFT JOIN dcyd_view as c on a.courseid=c.id LIMIT 0,20   [ RunTime:0.002000s ]
NOTIC: [8] Undefined variable: map D:\phpstudy\WWW\dcyd\Manage\Lib\Action\UserAction.class.php 第 222 行.
SQL: SELECT COUNT(*) AS tp_count FROM dcyd_collection as a LIMIT 1   [ RunTime:0.000000s ]

[ 2017-04-21T09:34:04+08:00 ] 127.0.0.1 /Manerger/index.php/User/collection
INFO: [ route_check ] --START--
INFO: CheckRoute Behavior ::run [ RunTime:0.003000s ]
INFO: [ route_check ] --END-- [ RunTime:0.003000s ]
INFO: [ app_begin ] --START--
INFO: ReadHtmlCache Behavior ::run [ RunTime:0.002000s ]
INFO: [ app_begin ] --END-- [ RunTime:0.004000s ]
NOTIC: [8] Undefined index: expire D:\phpstudy\WWW\dcyd\ThinkPHP\Common\functions.php 第 549 行.
NOTIC: [8] Constant THEME_NAME already defined D:\phpstudy\WWW\dcyd\ThinkPHP\Lib\Core\View.class.php 第 223 行.
NOTIC: [8] Constant THEME_PATH already defined D:\phpstudy\WWW\dcyd\ThinkPHP\Lib\Core\View.class.php 第 174 行.
NOTIC: [8] Constant APP_TMPL_PATH already defined D:\phpstudy\WWW\dcyd\ThinkPHP\Lib\Core\View.class.php 第 175 行.
INFO: [ view_parse ] --START--
INFO: ParseTemplate Behavior ::run [ RunTime:0.025001s ]
INFO: [ view_parse ] --END-- [ RunTime:0.026001s ]
INFO: [ view_filter ] --START--
INFO: ContentReplace Behavior ::run [ RunTime:0.002000s ]
INFO: TokenBuild Behavior ::run [ RunTime:0.003000s ]
INFO: WriteHtmlCache Behavior ::run [ RunTime:0.001000s ]
INFO: ShowRuntime Behavior ::run [ RunTime:0.003000s ]
INFO: [ view_filter ] --END-- [ RunTime:0.012001s ]
INFO: [ view_end ] --START--
INFO: ShowPageTrace Behavior ::run [ RunTime:0.003000s ]
INFO: [ view_end ] --END-- [ RunTime:0.003000s ]

[ 2017-04-21T09:34:05+08:00 ] 127.0.0.1 /Manerger/index.php?m=User&a=collectionlist
INFO: [ app_begin ] --START--
INFO: ReadHtmlCache Behavior ::run [ RunTime:0.003000s ]
INFO: [ app_begin ] --END-- [ RunTime:0.004000s ]
NOTIC: [8] Undefined index: expire D:\phpstudy\WWW\dcyd\ThinkPHP\Common\functions.php 第 549 行.
NOTIC: [8] Undefined index: nickname D:\phpstudy\WWW\dcyd\Manage\Lib\Action\UserAction.class.php 第 212 行.
NOTIC: [8] Undefined index: title D:\phpstudy\WWW\dcyd\Manage\Lib\Action\UserAction.class.php 第 213 行.
NOTIC: [8] Undefined index: content D:\phpstudy\WWW\dcyd\Manage\Lib\Action\UserAction.class.php 第 214 行.
SQL: SHOW COLUMNS FROM `dcyd_collection` [ RunTime:0.004000s ]
NOTIC: [8] Undefined variable: map D:\phpstudy\WWW\dcyd\Manage\Lib\Action\UserAction.class.php 第 219 行.
SQL: SELECT a.id,a.uid,a.courseid,a.addtime,b.nickname,c.title FROM dcyd_collection as a LEFT JOIN dcyd_user as b on a.uid=b.id LEFT JOIN dcyd_view as c on a.courseid=c.id LIMIT 0,20   [ RunTime:0.001000s ]
NOTIC: [8] Undefined variable: map D:\phpstudy\WWW\dcyd\Manage\Lib\Action\UserAction.class.php 第 222 行.
SQL: SELECT COUNT(*) AS tp_count FROM dcyd_collection as a LIMIT 1   [ RunTime:0.000000s ]

[ 2017-04-21T09:34:26+08:00 ] 127.0.0.1 /Manerger/index.php/User/comments
INFO: [ route_check ] --START--
INFO: CheckRoute Behavior ::run [ RunTime:0.003000s ]
INFO: [ route_check ] --END-- [ RunTime:0.004000s ]
INFO: [ app_begin ] --START--
INFO: ReadHtmlCache Behavior ::run [ RunTime:0.003000s ]
INFO: [ app_begin ] --END-- [ RunTime:0.005000s ]
NOTIC: [8] Undefined index: expire D:\phpstudy\WWW\dcyd\ThinkPHP\Common\functions.php 第 549 行.
NOTIC: [8] Constant THEME_NAME already defined D:\phpstudy\WWW\dcyd\ThinkPHP\Lib\Core\View.class.php 第 223 行.
NOTIC: [8] Constant THEME_PATH already defined D:\phpstudy\WWW\dcyd\ThinkPHP\Lib\Core\View.class.php 第 174 行.
NOTIC: [8] Constant APP_TMPL_PATH already defined D:\phpstudy\WWW\dcyd\ThinkPHP\Lib\Core\View.class.php 第 175 行.
INFO: [ view_parse ] --START--
INFO: ParseTemplate Behavior ::run [ RunTime:0.017001s ]
INFO: [ view_parse ] --END-- [ RunTime:0.018001s ]
INFO: [ view_filter ] --START--
INFO: ContentReplace Behavior ::run [ RunTime:0.001000s ]
INFO: TokenBuild Behavior ::run [ RunTime:0.002000s ]
INFO: WriteHtmlCache Behavior ::run [ RunTime:0.001000s ]
INFO: ShowRuntime Behavior ::run [ RunTime:0.002000s ]
INFO: [ view_filter ] --END-- [ RunTime:0.007000s ]
INFO: [ view_end ] --START--
INFO: ShowPageTrace Behavior ::run [ RunTime:0.002000s ]
INFO: [ view_end ] --END-- [ RunTime:0.002000s ]

[ 2017-04-21T09:34:27+08:00 ] 127.0.0.1 /Manerger/index.php?m=User&a=commentslist
INFO: [ app_begin ] --START--
INFO: ReadHtmlCache Behavior ::run [ RunTime:0.002000s ]
INFO: [ app_begin ] --END-- [ RunTime:0.002000s ]
NOTIC: [8] Undefined index: expire D:\phpstudy\WWW\dcyd\ThinkPHP\Common\functions.php 第 549 行.
NOTIC: [8] Undefined index: nickname D:\phpstudy\WWW\dcyd\Manage\Lib\Action\UserAction.class.php 第 149 行.
NOTIC: [8] Undefined index: title D:\phpstudy\WWW\dcyd\Manage\Lib\Action\UserAction.class.php 第 150 行.
NOTIC: [8] Undefined index: content D:\phpstudy\WWW\dcyd\Manage\Lib\Action\UserAction.class.php 第 151 行.
NOTIC: [8] Undefined index: status D:\phpstudy\WWW\dcyd\Manage\Lib\Action\UserAction.class.php 第 152 行.
SQL: SHOW COLUMNS FROM `dcyd_vevaluate` [ RunTime:0.006000s ]
NOTIC: [8] Undefined variable: map D:\phpstudy\WWW\dcyd\Manage\Lib\Action\UserAction.class.php 第 157 行.
SQL: SELECT a.id,a.uid,a.viewid,a.content,a.addtime,a.status,b.nickname,b.Phone,c.title FROM dcyd_vevaluate as a LEFT JOIN dcyd_user as b on a.uid=b.id LEFT JOIN dcyd_view as c on a.viewid=c.id LIMIT 0,20   [ RunTime:0.001000s ]
NOTIC: [8] Undefined variable: map D:\phpstudy\WWW\dcyd\Manage\Lib\Action\UserAction.class.php 第 160 行.
SQL: SELECT COUNT(*) AS tp_count FROM dcyd_vevaluate as a LIMIT 1   [ RunTime:0.001000s ]

[ 2017-04-21T09:34:30+08:00 ] 127.0.0.1 /Manerger/index.php/User/bill
INFO: [ route_check ] --START--
INFO: CheckRoute Behavior ::run [ RunTime:0.001000s ]
INFO: [ route_check ] --END-- [ RunTime:0.003000s ]
INFO: [ app_begin ] --START--
INFO: ReadHtmlCache Behavior ::run [ RunTime:0.002000s ]
INFO: [ app_begin ] --END-- [ RunTime:0.002000s ]
NOTIC: [8] Undefined index: expire D:\phpstudy\WWW\dcyd\ThinkPHP\Common\functions.php 第 549 行.
NOTIC: [8] Constant THEME_NAME already defined D:\phpstudy\WWW\dcyd\ThinkPHP\Lib\Core\View.class.php 第 223 行.
NOTIC: [8] Constant THEME_PATH already defined D:\phpstudy\WWW\dcyd\ThinkPHP\Lib\Core\View.class.php 第 174 行.
NOTIC: [8] Constant APP_TMPL_PATH already defined D:\phpstudy\WWW\dcyd\ThinkPHP\Lib\Core\View.class.php 第 175 行.
INFO: [ view_parse ] --START--
INFO: ParseTemplate Behavior ::run [ RunTime:0.019001s ]
INFO: [ view_parse ] --END-- [ RunTime:0.019001s ]
INFO: [ view_filter ] --START--
INFO: ContentReplace Behavior ::run [ RunTime:0.001000s ]
INFO: TokenBuild Behavior ::run [ RunTime:0.002000s ]
INFO: WriteHtmlCache Behavior ::run [ RunTime:0.001000s ]
INFO: ShowRuntime Behavior ::run [ RunTime:0.002000s ]
INFO: [ view_filter ] --END-- [ RunTime:0.007000s ]
INFO: [ view_end ] --START--
INFO: ShowPageTrace Behavior ::run [ RunTime:0.001000s ]
INFO: [ view_end ] --END-- [ RunTime:0.002000s ]

[ 2017-04-21T09:34:31+08:00 ] 127.0.0.1 /Manerger/index.php?m=User&a=billlist
INFO: [ app_begin ] --START--
INFO: ReadHtmlCache Behavior ::run [ RunTime:0.003000s ]
INFO: [ app_begin ] --END-- [ RunTime:0.005000s ]
NOTIC: [8] Undefined index: expire D:\phpstudy\WWW\dcyd\ThinkPHP\Common\functions.php 第 549 行.
NOTIC: [8] Undefined index: id D:\phpstudy\WWW\dcyd\Manage\Lib\Action\UserAction.class.php 第 50 行.
NOTIC: [8] Undefined index: nickname D:\phpstudy\WWW\dcyd\Manage\Lib\Action\UserAction.class.php 第 51 行.
NOTIC: [8] Undefined index: Phone D:\phpstudy\WWW\dcyd\Manage\Lib\Action\UserAction.class.php 第 52 行.
NOTIC: [8] Undefined index: is_open D:\phpstudy\WWW\dcyd\Manage\Lib\Action\UserAction.class.php 第 53 行.
NOTIC: [8] Undefined index: regstart D:\phpstudy\WWW\dcyd\Manage\Lib\Action\UserAction.class.php 第 62 行.
SQL: SHOW COLUMNS FROM `dcyd_billcompany` [ RunTime:0.008000s ]
NOTIC: [8] Undefined variable: map D:\phpstudy\WWW\dcyd\Manage\Lib\Action\UserAction.class.php 第 67 行.
SQL: SELECT u.id,u.company,u.addtime,u.is_open,c.Phone,c.nickname FROM dcyd_billcompany as u LEFT JOIN dcyd_user as c on c.id = u.uid LIMIT 0,20   [ RunTime:0.001000s ]
NOTIC: [8] Undefined variable: map D:\phpstudy\WWW\dcyd\Manage\Lib\Action\UserAction.class.php 第 69 行.
SQL: SELECT COUNT(*) AS tp_count FROM dcyd_billcompany as u LEFT JOIN dcyd_user as c on c.id = u.uid LIMIT 1   [ RunTime:0.001000s ]

[ 2017-04-21T09:34:34+08:00 ] 127.0.0.1 /Manerger/index.php/User/image
INFO: [ route_check ] --START--
INFO: CheckRoute Behavior ::run [ RunTime:0.002001s ]
INFO: [ route_check ] --END-- [ RunTime:0.004001s ]
INFO: [ app_begin ] --START--
INFO: ReadHtmlCache Behavior ::run [ RunTime:0.003000s ]
INFO: [ app_begin ] --END-- [ RunTime:0.005000s ]
NOTIC: [8] Undefined index: expire D:\phpstudy\WWW\dcyd\ThinkPHP\Common\functions.php 第 549 行.
NOTIC: [8] Constant THEME_NAME already defined D:\phpstudy\WWW\dcyd\ThinkPHP\Lib\Core\View.class.php 第 223 行.
NOTIC: [8] Constant THEME_PATH already defined D:\phpstudy\WWW\dcyd\ThinkPHP\Lib\Core\View.class.php 第 174 行.
NOTIC: [8] Constant APP_TMPL_PATH already defined D:\phpstudy\WWW\dcyd\ThinkPHP\Lib\Core\View.class.php 第 175 行.
INFO: [ view_parse ] --START--
NOTIC: [8] Undefined variable: uid D:\phpstudy\WWW\dcyd\Manage\Runtime\Cache\1e3b01c1dc7e44898fb7dafc4d33e2ad.php 第 35 行.
NOTIC: [8] Undefined variable: nickname D:\phpstudy\WWW\dcyd\Manage\Runtime\Cache\1e3b01c1dc7e44898fb7dafc4d33e2ad.php 第 36 行.
NOTIC: [8] Undefined variable: status D:\phpstudy\WWW\dcyd\Manage\Runtime\Cache\1e3b01c1dc7e44898fb7dafc4d33e2ad.php 第 40 行.
NOTIC: [8] Undefined variable: status D:\phpstudy\WWW\dcyd\Manage\Runtime\Cache\1e3b01c1dc7e44898fb7dafc4d33e2ad.php 第 41 行.
NOTIC: [8] Undefined variable: img_status D:\phpstudy\WWW\dcyd\Manage\Runtime\Cache\1e3b01c1dc7e44898fb7dafc4d33e2ad.php 第 47 行.
NOTIC: [8] Undefined variable: img_status D:\phpstudy\WWW\dcyd\Manage\Runtime\Cache\1e3b01c1dc7e44898fb7dafc4d33e2ad.php 第 48 行.
NOTIC: [8] Undefined variable: img_status D:\phpstudy\WWW\dcyd\Manage\Runtime\Cache\1e3b01c1dc7e44898fb7dafc4d33e2ad.php 第 49 行.
NOTIC: [8] Undefined variable: rows D:\phpstudy\WWW\dcyd\Manage\Runtime\Cache\1e3b01c1dc7e44898fb7dafc4d33e2ad.php 第 83 行.
NOTIC: [8] Undefined variable: page D:\phpstudy\WWW\dcyd\Manage\Runtime\Cache\1e3b01c1dc7e44898fb7dafc4d33e2ad.php 第 98 行.
INFO: ParseTemplate Behavior ::run [ RunTime:0.040002s ]
INFO: [ view_parse ] --END-- [ RunTime:0.040002s ]
INFO: [ view_filter ] --START--
INFO: ContentReplace Behavior ::run [ RunTime:0.001000s ]
INFO: TokenBuild Behavior ::run [ RunTime:0.001000s ]
INFO: WriteHtmlCache Behavior ::run [ RunTime:0.000000s ]
INFO: ShowRuntime Behavior ::run [ RunTime:0.002001s ]
INFO: [ view_filter ] --END-- [ RunTime:0.007001s ]
INFO: [ view_end ] --START--
INFO: ShowPageTrace Behavior ::run [ RunTime:0.002000s ]
INFO: [ view_end ] --END-- [ RunTime:0.002000s ]

[ 2017-04-21T09:34:37+08:00 ] 127.0.0.1 /Manerger/index.php/User/index
INFO: [ route_check ] --START--
INFO: CheckRoute Behavior ::run [ RunTime:0.003000s ]
INFO: [ route_check ] --END-- [ RunTime:0.004000s ]
INFO: [ app_begin ] --START--
INFO: ReadHtmlCache Behavior ::run [ RunTime:0.003000s ]
INFO: [ app_begin ] --END-- [ RunTime:0.004000s ]
NOTIC: [8] Undefined index: expire D:\phpstudy\WWW\dcyd\ThinkPHP\Common\functions.php 第 549 行.
NOTIC: [8] Constant THEME_NAME already defined D:\phpstudy\WWW\dcyd\ThinkPHP\Lib\Core\View.class.php 第 223 行.
NOTIC: [8] Constant THEME_PATH already defined D:\phpstudy\WWW\dcyd\ThinkPHP\Lib\Core\View.class.php 第 174 行.
NOTIC: [8] Constant APP_TMPL_PATH already defined D:\phpstudy\WWW\dcyd\ThinkPHP\Lib\Core\View.class.php 第 175 行.
INFO: [ view_parse ] --START--
INFO: ParseTemplate Behavior ::run [ RunTime:0.024001s ]
INFO: [ view_parse ] --END-- [ RunTime:0.024001s ]
INFO: [ view_filter ] --START--
INFO: ContentReplace Behavior ::run [ RunTime:0.001000s ]
INFO: TokenBuild Behavior ::run [ RunTime:0.001000s ]
INFO: WriteHtmlCache Behavior ::run [ RunTime:0.000000s ]
INFO: ShowRuntime Behavior ::run [ RunTime:0.002001s ]
INFO: [ view_filter ] --END-- [ RunTime:0.007001s ]
INFO: [ view_end ] --START--
INFO: ShowPageTrace Behavior ::run [ RunTime:0.001000s ]
INFO: [ view_end ] --END-- [ RunTime:0.002000s ]

[ 2017-04-21T09:34:38+08:00 ] 127.0.0.1 /Manerger/index.php?m=User&a=userlist
INFO: [ app_begin ] --START--
INFO: ReadHtmlCache Behavior ::run [ RunTime:0.002000s ]
INFO: [ app_begin ] --END-- [ RunTime:0.002000s ]
NOTIC: [8] Undefined index: expire D:\phpstudy\WWW\dcyd\ThinkPHP\Common\functions.php 第 549 行.
NOTIC: [8] Undefined index: id D:\phpstudy\WWW\dcyd\Manage\Lib\Action\UserAction.class.php 第 16 行.
NOTIC: [8] Undefined index: nickname D:\phpstudy\WWW\dcyd\Manage\Lib\Action\UserAction.class.php 第 17 行.
NOTIC: [8] Undefined index: Phone D:\phpstudy\WWW\dcyd\Manage\Lib\Action\UserAction.class.php 第 18 行.
NOTIC: [8] Undefined index: is_vip D:\phpstudy\WWW\dcyd\Manage\Lib\Action\UserAction.class.php 第 19 行.
NOTIC: [8] Undefined index: regstart D:\phpstudy\WWW\dcyd\Manage\Lib\Action\UserAction.class.php 第 28 行.
SQL: SHOW COLUMNS FROM `dcyd_user` [ RunTime:0.004001s ]
NOTIC: [8] Undefined variable: map D:\phpstudy\WWW\dcyd\Manage\Lib\Action\UserAction.class.php 第 32 行.
SQL: SELECT `id`,`nickname`,`Phone`,`ctime`,`is_vip` FROM `dcyd_user` LIMIT 0,20   [ RunTime:0.000000s ]
NOTIC: [8] Undefined variable: map D:\phpstudy\WWW\dcyd\Manage\Lib\Action\UserAction.class.php 第 33 行.
SQL: SELECT COUNT(*) AS tp_count FROM `dcyd_user` LIMIT 1   [ RunTime:0.000000s ]

[ 2017-04-21T10:20:58+08:00 ] 127.0.0.1 /Manerger/index.php/Power/index
INFO: [ route_check ] --START--
INFO: CheckRoute Behavior ::run [ RunTime:0.001000s ]
INFO: [ route_check ] --END-- [ RunTime:0.003000s ]
INFO: [ app_begin ] --START--
INFO: ReadHtmlCache Behavior ::run [ RunTime:0.002000s ]
INFO: [ app_begin ] --END-- [ RunTime:0.002000s ]
NOTIC: [8] Undefined index: expire D:\phpstudy\WWW\dcyd\ThinkPHP\Common\functions.php 第 549 行.
SQL: SHOW COLUMNS FROM `dcyd_admin` [ RunTime:0.005000s ]
SQL: SELECT `id`,`rid`,`username` FROM `dcyd_admin` WHERE ( `id` = 1 ) LIMIT 1   [ RunTime:0.001000s ]
SQL: SHOW COLUMNS FROM `dcyd_role` [ RunTime:0.005001s ]
SQL: SELECT `powers` FROM `dcyd_role` WHERE ( id=1 ) LIMIT 1   [ RunTime:0.001000s ]
SQL: SHOW COLUMNS FROM `dcyd_node` [ RunTime:0.005000s ]
SQL: SELECT `name` FROM `dcyd_node` WHERE ( pid>0 )  [ RunTime:0.001000s ]
NOTIC: [8] Constant THEME_NAME already defined D:\phpstudy\WWW\dcyd\ThinkPHP\Lib\Core\View.class.php 第 223 行.
NOTIC: [8] Constant THEME_PATH already defined D:\phpstudy\WWW\dcyd\ThinkPHP\Lib\Core\View.class.php 第 174 行.
NOTIC: [8] Constant APP_TMPL_PATH already defined D:\phpstudy\WWW\dcyd\ThinkPHP\Lib\Core\View.class.php 第 175 行.
INFO: [ view_parse ] --START--
INFO: ParseTemplate Behavior ::run [ RunTime:0.024001s ]
INFO: [ view_parse ] --END-- [ RunTime:0.024001s ]
INFO: [ view_filter ] --START--
INFO: ContentReplace Behavior ::run [ RunTime:0.001000s ]
INFO: TokenBuild Behavior ::run [ RunTime:0.001000s ]
INFO: WriteHtmlCache Behavior ::run [ RunTime:0.001000s ]
INFO: ShowRuntime Behavior ::run [ RunTime:0.002001s ]
INFO: [ view_filter ] --END-- [ RunTime:0.007001s ]
INFO: [ view_end ] --START--
INFO: ShowPageTrace Behavior ::run [ RunTime:0.001000s ]
INFO: [ view_end ] --END-- [ RunTime:0.003000s ]

[ 2017-04-21T10:20:59+08:00 ] 127.0.0.1 /Manerger/index.php?m=Power&a=powerlist
INFO: [ app_begin ] --START--
INFO: ReadHtmlCache Behavior ::run [ RunTime:0.002000s ]
INFO: [ app_begin ] --END-- [ RunTime:0.003000s ]
NOTIC: [8] Undefined index: expire D:\phpstudy\WWW\dcyd\ThinkPHP\Common\functions.php 第 549 行.
SQL: SHOW COLUMNS FROM `dcyd_node` [ RunTime:0.004000s ]
SQL: SELECT `id`,`pid`,`name`,`title`,`status`,`path`,`ctime` FROM `dcyd_node` WHERE ( `pid` = 0 ) LIMIT 0,20   [ RunTime:0.001000s ]
SQL: SELECT COUNT(*) AS tp_count FROM `dcyd_node` WHERE ( `pid` = 0 ) LIMIT 1   [ RunTime:0.001000s ]
SQL: SELECT COUNT(*) AS tp_count FROM `dcyd_node` WHERE ( `pid` = 10109 ) LIMIT 1   [ RunTime:0.001000s ]
SQL: SELECT COUNT(*) AS tp_count FROM `dcyd_node` WHERE ( `pid` = 10231 ) LIMIT 1   [ RunTime:0.001000s ]
SQL: SELECT COUNT(*) AS tp_count FROM `dcyd_node` WHERE ( `pid` = 10254 ) LIMIT 1   [ RunTime:0.000000s ]
SQL: SELECT COUNT(*) AS tp_count FROM `dcyd_node` WHERE ( `pid` = 10248 ) LIMIT 1   [ RunTime:0.001000s ]
SQL: SELECT COUNT(*) AS tp_count FROM `dcyd_node` WHERE ( `pid` = 10259 ) LIMIT 1   [ RunTime:0.000000s ]
SQL: SELECT COUNT(*) AS tp_count FROM `dcyd_node` WHERE ( `pid` = 10263 ) LIMIT 1   [ RunTime:0.000000s ]
SQL: SELECT COUNT(*) AS tp_count FROM `dcyd_node` WHERE ( `pid` = 10265 ) LIMIT 1   [ RunTime:0.001000s ]
SQL: SELECT COUNT(*) AS tp_count FROM `dcyd_node` WHERE ( `pid` = 10278 ) LIMIT 1   [ RunTime:0.001001s ]
SQL: SELECT COUNT(*) AS tp_count FROM `dcyd_node` WHERE ( `pid` = 10280 ) LIMIT 1   [ RunTime:0.000000s ]
SQL: SELECT COUNT(*) AS tp_count FROM `dcyd_node` WHERE ( `pid` = 10283 ) LIMIT 1   [ RunTime:0.001000s ]
SQL: SELECT COUNT(*) AS tp_count FROM `dcyd_node` WHERE ( `pid` = 10289 ) LIMIT 1   [ RunTime:0.000000s ]
SQL: SELECT COUNT(*) AS tp_count FROM `dcyd_node` WHERE ( `pid` = 10298 ) LIMIT 1   [ RunTime:0.001000s ]
SQL: SELECT COUNT(*) AS tp_count FROM `dcyd_node` WHERE ( `pid` = 10301 ) LIMIT 1   [ RunTime:0.000000s ]

[ 2017-04-21T10:21:02+08:00 ] 127.0.0.1 /Manerger/index.php?m=Power&a=powerlist
INFO: [ app_begin ] --START--
INFO: ReadHtmlCache Behavior ::run [ RunTime:0.002000s ]
INFO: [ app_begin ] --END-- [ RunTime:0.003000s ]
NOTIC: [8] Undefined index: expire D:\phpstudy\WWW\dcyd\ThinkPHP\Common\functions.php 第 549 行.
SQL: SHOW COLUMNS FROM `dcyd_node` [ RunTime:0.004001s ]
SQL: SELECT `id`,`pid`,`name`,`title`,`status`,`path`,`ctime` FROM `dcyd_node` WHERE ( `pid` = 10231 ) LIMIT 0,20   [ RunTime:0.001000s ]
SQL: SELECT COUNT(*) AS tp_count FROM `dcyd_node` WHERE ( `pid` = 10231 ) LIMIT 1   [ RunTime:0.001000s ]
SQL: SELECT COUNT(*) AS tp_count FROM `dcyd_node` WHERE ( `pid` = 10232 ) LIMIT 1   [ RunTime:0.001000s ]
SQL: SELECT COUNT(*) AS tp_count FROM `dcyd_node` WHERE ( `pid` = 10234 ) LIMIT 1   [ RunTime:0.001000s ]
SQL: SELECT COUNT(*) AS tp_count FROM `dcyd_node` WHERE ( `pid` = 10235 ) LIMIT 1   [ RunTime:0.001000s ]
SQL: SELECT COUNT(*) AS tp_count FROM `dcyd_node` WHERE ( `pid` = 10303 ) LIMIT 1   [ RunTime:0.000000s ]
SQL: SELECT COUNT(*) AS tp_count FROM `dcyd_node` WHERE ( `pid` = 10304 ) LIMIT 1   [ RunTime:0.001000s ]

[ 2017-04-21T10:21:36+08:00 ] 127.0.0.1 /Manerger/index.php?m=Power&a=add&pid=10231
INFO: [ app_begin ] --START--
INFO: ReadHtmlCache Behavior ::run [ RunTime:0.002000s ]
INFO: [ app_begin ] --END-- [ RunTime:0.004000s ]
NOTIC: [8] Undefined index: expire D:\phpstudy\WWW\dcyd\ThinkPHP\Common\functions.php 第 549 行.
SQL: SHOW COLUMNS FROM `dcyd_node` [ RunTime:0.005001s ]
NOTIC: 建议使用I方法替代_post
NOTIC: 建议使用I方法替代_post
NOTIC: 建议使用I方法替代_get
NOTIC: 建议使用I方法替代_get
SQL: SELECT `path` FROM `dcyd_node` WHERE ( `id` = 10231 ) LIMIT 1   [ RunTime:0.001000s ]
NOTIC: 建议使用I方法替代_get
SQL: INSERT INTO `dcyd_node` (`title`,`name`,`status`,`ctime`,`pid`,`path`) VALUES ('用户消息','__APP__/User/message',1,1492741295,10231,'0_10231') [ RunTime:0.002000s ]

[ 2017-04-21T10:21:36+08:00 ] 127.0.0.1 /Manerger/index.php?m=Power&a=powerlist
INFO: [ app_begin ] --START--
INFO: ReadHtmlCache Behavior ::run [ RunTime:0.002000s ]
INFO: [ app_begin ] --END-- [ RunTime:0.002000s ]
NOTIC: [8] Undefined index: expire D:\phpstudy\WWW\dcyd\ThinkPHP\Common\functions.php 第 549 行.
SQL: SHOW COLUMNS FROM `dcyd_node` [ RunTime:0.004000s ]
SQL: SELECT `id`,`pid`,`name`,`title`,`status`,`path`,`ctime` FROM `dcyd_node` WHERE ( `pid` = 0 ) LIMIT 0,20   [ RunTime:0.001000s ]
SQL: SELECT COUNT(*) AS tp_count FROM `dcyd_node` WHERE ( `pid` = 0 ) LIMIT 1   [ RunTime:0.001000s ]
SQL: SELECT COUNT(*) AS tp_count FROM `dcyd_node` WHERE ( `pid` = 10109 ) LIMIT 1   [ RunTime:0.000000s ]
SQL: SELECT COUNT(*) AS tp_count FROM `dcyd_node` WHERE ( `pid` = 10231 ) LIMIT 1   [ RunTime:0.001000s ]
SQL: SELECT COUNT(*) AS tp_count FROM `dcyd_node` WHERE ( `pid` = 10254 ) LIMIT 1   [ RunTime:0.000000s ]
SQL: SELECT COUNT(*) AS tp_count FROM `dcyd_node` WHERE ( `pid` = 10248 ) LIMIT 1   [ RunTime:0.001000s ]
SQL: SELECT COUNT(*) AS tp_count FROM `dcyd_node` WHERE ( `pid` = 10259 ) LIMIT 1   [ RunTime:0.000000s ]
SQL: SELECT COUNT(*) AS tp_count FROM `dcyd_node` WHERE ( `pid` = 10263 ) LIMIT 1   [ RunTime:0.001000s ]
SQL: SELECT COUNT(*) AS tp_count FROM `dcyd_node` WHERE ( `pid` = 10265 ) LIMIT 1   [ RunTime:0.000000s ]
SQL: SELECT COUNT(*) AS tp_count FROM `dcyd_node` WHERE ( `pid` = 10278 ) LIMIT 1   [ RunTime:0.001000s ]
SQL: SELECT COUNT(*) AS tp_count FROM `dcyd_node` WHERE ( `pid` = 10280 ) LIMIT 1   [ RunTime:0.001000s ]
SQL: SELECT COUNT(*) AS tp_count FROM `dcyd_node` WHERE ( `pid` = 10283 ) LIMIT 1   [ RunTime:0.001000s ]
SQL: SELECT COUNT(*) AS tp_count FROM `dcyd_node` WHERE ( `pid` = 10289 ) LIMIT 1   [ RunTime:0.001000s ]
SQL: SELECT COUNT(*) AS tp_count FROM `dcyd_node` WHERE ( `pid` = 10298 ) LIMIT 1   [ RunTime:0.000000s ]
SQL: SELECT COUNT(*) AS tp_count FROM `dcyd_node` WHERE ( `pid` = 10301 ) LIMIT 1   [ RunTime:0.001000s ]

[ 2017-04-21T10:21:41+08:00 ] 127.0.0.1 /Manerger/index.php?m=Power&a=powerlist
INFO: [ app_begin ] --START--
INFO: ReadHtmlCache Behavior ::run [ RunTime:0.002001s ]
INFO: [ app_begin ] --END-- [ RunTime:0.003001s ]
NOTIC: [8] Undefined index: expire D:\phpstudy\WWW\dcyd\ThinkPHP\Common\functions.php 第 549 行.
SQL: SHOW COLUMNS FROM `dcyd_node` [ RunTime:0.005001s ]
SQL: SELECT `id`,`pid`,`name`,`title`,`status`,`path`,`ctime` FROM `dcyd_node` WHERE ( `pid` = 10231 ) LIMIT 0,20   [ RunTime:0.001000s ]
SQL: SELECT COUNT(*) AS tp_count FROM `dcyd_node` WHERE ( `pid` = 10231 ) LIMIT 1   [ RunTime:0.001000s ]
SQL: SELECT COUNT(*) AS tp_count FROM `dcyd_node` WHERE ( `pid` = 10232 ) LIMIT 1   [ RunTime:0.001001s ]
SQL: SELECT COUNT(*) AS tp_count FROM `dcyd_node` WHERE ( `pid` = 10234 ) LIMIT 1   [ RunTime:0.000000s ]
SQL: SELECT COUNT(*) AS tp_count FROM `dcyd_node` WHERE ( `pid` = 10235 ) LIMIT 1   [ RunTime:0.000000s ]
SQL: SELECT COUNT(*) AS tp_count FROM `dcyd_node` WHERE ( `pid` = 10303 ) LIMIT 1   [ RunTime:0.001000s ]
SQL: SELECT COUNT(*) AS tp_count FROM `dcyd_node` WHERE ( `pid` = 10304 ) LIMIT 1   [ RunTime:0.001000s ]
SQL: SELECT COUNT(*) AS tp_count FROM `dcyd_node` WHERE ( `pid` = 10305 ) LIMIT 1   [ RunTime:0.000000s ]

[ 2017-04-21T10:33:50+08:00 ] 127.0.0.1 /Manerger/index.php?m=Power&a=powerlist
INFO: [ app_begin ] --START--
INFO: ReadHtmlCache Behavior ::run [ RunTime:0.002000s ]
INFO: [ app_begin ] --END-- [ RunTime:0.004000s ]
NOTIC: [8] Undefined index: expire D:\phpstudy\WWW\dcyd\ThinkPHP\Common\functions.php 第 549 行.
SQL: SHOW COLUMNS FROM `dcyd_admin` [ RunTime:0.004000s ]
SQL: SELECT `id`,`rid`,`username` FROM `dcyd_admin` WHERE ( `id` = 1 ) LIMIT 1   [ RunTime:0.001000s ]
SQL: SHOW COLUMNS FROM `dcyd_role` [ RunTime:0.004001s ]
SQL: SELECT `powers` FROM `dcyd_role` WHERE ( id=1 ) LIMIT 1   [ RunTime:0.001000s ]
SQL: SHOW COLUMNS FROM `dcyd_node` [ RunTime:0.004000s ]
SQL: SELECT `name` FROM `dcyd_node` WHERE ( pid>0 )  [ RunTime:0.001000s ]
SQL: SELECT `id`,`pid`,`name`,`title`,`status`,`path`,`ctime` FROM `dcyd_node` WHERE ( `pid` = 10254 ) LIMIT 0,20   [ RunTime:0.001000s ]
SQL: SELECT COUNT(*) AS tp_count FROM `dcyd_node` WHERE ( `pid` = 10254 ) LIMIT 1   [ RunTime:0.000000s ]
SQL: SELECT COUNT(*) AS tp_count FROM `dcyd_node` WHERE ( `pid` = 10255 ) LIMIT 1   [ RunTime:0.001000s ]
SQL: SELECT COUNT(*) AS tp_count FROM `dcyd_node` WHERE ( `pid` = 10256 ) LIMIT 1   [ RunTime:0.000000s ]
SQL: SELECT COUNT(*) AS tp_count FROM `dcyd_node` WHERE ( `pid` = 10257 ) LIMIT 1   [ RunTime:0.001000s ]
SQL: SELECT COUNT(*) AS tp_count FROM `dcyd_node` WHERE ( `pid` = 10258 ) LIMIT 1   [ RunTime:0.000000s ]

