[ 2017-01-19T18:23:28+08:00 ] 127.0.0.1 /manerger/
INFO: [ app_begin ] --START--
INFO: ReadHtmlCache Behavior ::run [ RunTime:0.002000s ]
INFO: [ app_begin ] --END-- [ RunTime:0.002000s ]
NOTIC: [8] Undefined index: expire D:\phpstudy\WWW\dcyd\ThinkPHP\Common\functions.php ç¬¬ 549 è¡Œ.
NOTIC: [8] Undefined index: admin D:\phpstudy\WWW\dcyd\Manage\Lib\Action\IndexAction.class.php ç¬¬ 5 è¡Œ.
INFO: [ view_parse ] --START--
NOTIC: [8] Undefined index: admin D:\phpstudy\WWW\dcyd\Manage\Runtime\Cache\6eb21b90e50e413ebd495101e2f3fb87.php ç¬¬ 27 è¡Œ.
INFO: ParseTemplate Behavior ::run [ RunTime:0.037002s ]
INFO: [ view_parse ] --END-- [ RunTime:0.037002s ]
INFO: [ view_filter ] --START--
INFO: ContentReplace Behavior ::run [ RunTime:0.002000s ]
INFO: TokenBuild Behavior ::run [ RunTime:0.002000s ]
INFO: WriteHtmlCache Behavior ::run [ RunTime:0.001001s ]
INFO: ShowRuntime Behavior ::run [ RunTime:0.003000s ]
INFO: [ view_filter ] --END-- [ RunTime:0.009001s ]
INFO: [ view_end ] --START--
INFO: ShowPageTrace Behavior ::run [ RunTime:0.002000s ]
INFO: [ view_end ] --END-- [ RunTime:0.002000s ]

[ 2017-01-19T18:23:28+08:00 ] 127.0.0.1 /Manerger/index.php/Public/login.html
INFO: [ route_check ] --START--
INFO: CheckRoute Behavior ::run [ RunTime:0.003000s ]
INFO: [ route_check ] --END-- [ RunTime:0.003000s ]
INFO: [ app_begin ] --START--
INFO: ReadHtmlCache Behavior ::run [ RunTime:0.002000s ]
INFO: [ app_begin ] --END-- [ RunTime:0.002000s ]
NOTIC: [8] Undefined index: expire D:\phpstudy\WWW\dcyd\ThinkPHP\Common\functions.php ç¬¬ 549 è¡Œ.
INFO: [ view_parse ] --START--
INFO: ParseTemplate Behavior ::run [ RunTime:0.024002s ]
INFO: [ view_parse ] --END-- [ RunTime:0.024002s ]
INFO: [ view_filter ] --START--
INFO: ContentReplace Behavior ::run [ RunTime:0.002000s ]
INFO: TokenBuild Behavior ::run [ RunTime:0.003000s ]
INFO: WriteHtmlCache Behavior ::run [ RunTime:0.002000s ]
INFO: ShowRuntime Behavior ::run [ RunTime:0.003001s ]
INFO: [ view_filter ] --END-- [ RunTime:0.015001s ]
INFO: [ view_end ] --START--
INFO: ShowPageTrace Behavior ::run [ RunTime:0.002000s ]
INFO: [ view_end ] --END-- [ RunTime:0.003000s ]

[ 2017-01-19T18:23:36+08:00 ] 127.0.0.1 /Manerger/index.php/Public/checklogin
INFO: [ route_check ] --START--
INFO: CheckRoute Behavior ::run [ RunTime:0.002000s ]
INFO: [ route_check ] --END-- [ RunTime:0.003000s ]
INFO: [ app_begin ] --START--
INFO: ReadHtmlCache Behavior ::run [ RunTime:0.001001s ]
INFO: [ app_begin ] --END-- [ RunTime:0.003001s ]
NOTIC: [8] Undefined index: expire D:\phpstudy\WWW\dcyd\ThinkPHP\Common\functions.php ç¬¬ 549 è¡Œ.
SQL: SHOW COLUMNS FROM `dcyd_admin` [ RunTime:0.006001s ]
NOTIC: å»ºè®®ä½¿ç”¨Iæ–¹æ³•æ›¿ä»£_post
NOTIC: å»ºè®®ä½¿ç”¨Iæ–¹æ³•æ›¿ä»£_post
SQL: SELECT `id`,`rid`,`username` FROM `dcyd_admin` WHERE ( `username` = 'admin' ) AND ( `password` = '8b88e6b7e854b04cb74e' ) LIMIT 1   [ RunTime:0.001000s ]
SQL: SHOW COLUMNS FROM `dcyd_role` [ RunTime:0.007001s ]
SQL: SELECT `powers` FROM `dcyd_role` WHERE ( id=1 ) LIMIT 1   [ RunTime:0.001000s ]
SQL: SHOW COLUMNS FROM `dcyd_node` [ RunTime:0.006000s ]
SQL: SELECT `name` FROM `dcyd_node` WHERE ( pid>0 )  [ RunTime:0.001000s ]
SQL: UPDATE `dcyd_admin` SET `last_time`=1484821415,`last_ip`=127 WHERE ( id=1 ) [ RunTime:0.001000s ]
NOTIC: [8] Undefined variable: var D:\phpstudy\WWW\dcyd\ThinkPHP\Common\functions.php ç¬¬ 247 è¡Œ.
NOTIC: [2] array_reverse() expects parameter 1 to be array, null given D:\phpstudy\WWW\dcyd\ThinkPHP\Common\functions.php ç¬¬ 247 è¡Œ.
NOTIC: [2] http_build_query() [<a href='function.http-build-query'>function.http-build-query</a>]: Parameter 1 expected to be Array or Object.  Incorrect value given D:\phpstudy\WWW\dcyd\ThinkPHP\Common\functions.php ç¬¬ 247 è¡Œ.

[ 2017-01-19T18:23:36+08:00 ] 127.0.0.1 /Manerger/index.php?
INFO: [ app_begin ] --START--
INFO: ReadHtmlCache Behavior ::run [ RunTime:0.003000s ]
INFO: [ app_begin ] --END-- [ RunTime:0.004000s ]
NOTIC: [8] Undefined index: expire D:\phpstudy\WWW\dcyd\ThinkPHP\Common\functions.php ç¬¬ 549 è¡Œ.
INFO: [ view_parse ] --START--
INFO: ParseTemplate Behavior ::run [ RunTime:0.039002s ]
INFO: [ view_parse ] --END-- [ RunTime:0.040002s ]
INFO: [ view_filter ] --START--
INFO: ContentReplace Behavior ::run [ RunTime:0.001000s ]
INFO: TokenBuild Behavior ::run [ RunTime:0.002000s ]
INFO: WriteHtmlCache Behavior ::run [ RunTime:0.001000s ]
INFO: ShowRuntime Behavior ::run [ RunTime:0.003001s ]
INFO: [ view_filter ] --END-- [ RunTime:0.011001s ]
INFO: [ view_end ] --START--
INFO: ShowPageTrace Behavior ::run [ RunTime:0.003000s ]
INFO: [ view_end ] --END-- [ RunTime:0.005000s ]

[ 2017-01-19T18:23:41+08:00 ] 127.0.0.1 /Manerger/index.php/Question/mianshi
INFO: [ route_check ] --START--
INFO: CheckRoute Behavior ::run [ RunTime:0.002000s ]
INFO: [ route_check ] --END-- [ RunTime:0.002000s ]
INFO: [ app_begin ] --START--
INFO: ReadHtmlCache Behavior ::run [ RunTime:0.003000s ]
INFO: [ app_begin ] --END-- [ RunTime:0.004000s ]
NOTIC: [8] Undefined index: expire D:\phpstudy\WWW\dcyd\ThinkPHP\Common\functions.php ç¬¬ 549 è¡Œ.
NOTIC: [2048] Declaration of QuestionAction::show() should be compatible with that of Action::show() D:\phpstudy\WWW\dcyd\Manage\Lib\Action\QuestionAction.class.php ç¬¬ 209 è¡Œ.
INFO: [ view_parse ] --START--
INFO: ParseTemplate Behavior ::run [ RunTime:0.022001s ]
INFO: [ view_parse ] --END-- [ RunTime:0.024001s ]
INFO: [ view_filter ] --START--
INFO: ContentReplace Behavior ::run [ RunTime:0.001000s ]
INFO: TokenBuild Behavior ::run [ RunTime:0.002001s ]
INFO: WriteHtmlCache Behavior ::run [ RunTime:0.001000s ]
INFO: ShowRuntime Behavior ::run [ RunTime:0.003000s ]
INFO: [ view_filter ] --END-- [ RunTime:0.009001s ]
INFO: [ view_end ] --START--
INFO: ShowPageTrace Behavior ::run [ RunTime:0.003000s ]
INFO: [ view_end ] --END-- [ RunTime:0.005000s ]

[ 2017-01-19T18:23:41+08:00 ] 127.0.0.1 /Manerger/index.php?m=Question&a=mianshilist
INFO: [ app_begin ] --START--
INFO: ReadHtmlCache Behavior ::run [ RunTime:0.002000s ]
INFO: [ app_begin ] --END-- [ RunTime:0.004000s ]
NOTIC: [8] Undefined index: expire D:\phpstudy\WWW\dcyd\ThinkPHP\Common\functions.php ç¬¬ 549 è¡Œ.
NOTIC: [2048] Declaration of QuestionAction::show() should be compatible with that of Action::show() D:\phpstudy\WWW\dcyd\Manage\Lib\Action\QuestionAction.class.php ç¬¬ 209 è¡Œ.
NOTIC: [8] Undefined index: id D:\phpstudy\WWW\dcyd\Manage\Lib\Action\QuestionAction.class.php ç¬¬ 57 è¡Œ.
NOTIC: [8] Undefined index: name D:\phpstudy\WWW\dcyd\Manage\Lib\Action\QuestionAction.class.php ç¬¬ 58 è¡Œ.
NOTIC: [8] Undefined index: phone D:\phpstudy\WWW\dcyd\Manage\Lib\Action\QuestionAction.class.php ç¬¬ 59 è¡Œ.
NOTIC: [8] Undefined index: status D:\phpstudy\WWW\dcyd\Manage\Lib\Action\QuestionAction.class.php ç¬¬ 60 è¡Œ.
NOTIC: [8] Undefined index: time D:\phpstudy\WWW\dcyd\Manage\Lib\Action\QuestionAction.class.php ç¬¬ 66 è¡Œ.
SQL: SHOW COLUMNS FROM `dcyd_mianshi` [ RunTime:0.008000s ]
NOTIC: [8] Undefined variable: map D:\phpstudy\WWW\dcyd\Manage\Lib\Action\QuestionAction.class.php ç¬¬ 69 è¡Œ.
SQL: SELECT `id`,`name`,`phone`,`time`,`status` FROM `dcyd_mianshi` LIMIT 0,20   [ RunTime:0.000000s ]
NOTIC: [8] Undefined variable: map D:\phpstudy\WWW\dcyd\Manage\Lib\Action\QuestionAction.class.php ç¬¬ 70 è¡Œ.
SQL: SELECT COUNT(*) AS tp_count FROM `dcyd_mianshi` LIMIT 1   [ RunTime:0.001000s ]

[ 2017-01-19T18:23:44+08:00 ] 127.0.0.1 /Manerger/index.php/Article/index
INFO: [ route_check ] --START--
INFO: CheckRoute Behavior ::run [ RunTime:0.002000s ]
INFO: [ route_check ] --END-- [ RunTime:0.004000s ]
INFO: [ app_begin ] --START--
INFO: ReadHtmlCache Behavior ::run [ RunTime:0.002000s ]
INFO: [ app_begin ] --END-- [ RunTime:0.003000s ]
NOTIC: [8] Undefined index: expire D:\phpstudy\WWW\dcyd\ThinkPHP\Common\functions.php ç¬¬ 549 è¡Œ.
NOTIC: [2048] Declaration of ArticleAction::show() should be compatible with that of Action::show() D:\phpstudy\WWW\dcyd\Manage\Lib\Action\ArticleAction.class.php ç¬¬ 137 è¡Œ.
INFO: [ view_parse ] --START--
INFO: ParseTemplate Behavior ::run [ RunTime:0.037002s ]
INFO: [ view_parse ] --END-- [ RunTime:0.039002s ]
INFO: [ view_filter ] --START--
INFO: ContentReplace Behavior ::run [ RunTime:0.002000s ]
INFO: TokenBuild Behavior ::run [ RunTime:0.002000s ]
INFO: WriteHtmlCache Behavior ::run [ RunTime:0.002001s ]
INFO: ShowRuntime Behavior ::run [ RunTime:0.004000s ]
INFO: [ view_filter ] --END-- [ RunTime:0.013001s ]
INFO: [ view_end ] --START--
INFO: ShowPageTrace Behavior ::run [ RunTime:0.003000s ]
INFO: [ view_end ] --END-- [ RunTime:0.004000s ]

[ 2017-01-19T18:23:44+08:00 ] 127.0.0.1 /Manerger/index.php?m=Article&a=articlelist
INFO: [ app_begin ] --START--
INFO: ReadHtmlCache Behavior ::run [ RunTime:0.003000s ]
INFO: [ app_begin ] --END-- [ RunTime:0.005000s ]
NOTIC: [8] Undefined index: expire D:\phpstudy\WWW\dcyd\ThinkPHP\Common\functions.php ç¬¬ 549 è¡Œ.
NOTIC: [2048] Declaration of ArticleAction::show() should be compatible with that of Action::show() D:\phpstudy\WWW\dcyd\Manage\Lib\Action\ArticleAction.class.php ç¬¬ 137 è¡Œ.
NOTIC: [8] Undefined index: id D:\phpstudy\WWW\dcyd\Manage\Lib\Action\ArticleAction.class.php ç¬¬ 17 è¡Œ.
NOTIC: [8] Undefined index: title D:\phpstudy\WWW\dcyd\Manage\Lib\Action\ArticleAction.class.php ç¬¬ 18 è¡Œ.
NOTIC: [8] Undefined index: content D:\phpstudy\WWW\dcyd\Manage\Lib\Action\ArticleAction.class.php ç¬¬ 19 è¡Œ.
NOTIC: [8] Undefined index: describe D:\phpstudy\WWW\dcyd\Manage\Lib\Action\ArticleAction.class.php ç¬¬ 20 è¡Œ.
NOTIC: [8] Undefined index: keywords D:\phpstudy\WWW\dcyd\Manage\Lib\Action\ArticleAction.class.php ç¬¬ 21 è¡Œ.
NOTIC: [8] Undefined index: auth D:\phpstudy\WWW\dcyd\Manage\Lib\Action\ArticleAction.class.php ç¬¬ 22 è¡Œ.
NOTIC: [8] Undefined index: status D:\phpstudy\WWW\dcyd\Manage\Lib\Action\ArticleAction.class.php ç¬¬ 23 è¡Œ.
NOTIC: [8] Undefined index: lanmu D:\phpstudy\WWW\dcyd\Manage\Lib\Action\ArticleAction.class.php ç¬¬ 24 è¡Œ.
SQL: SHOW COLUMNS FROM `dcyd_article` [ RunTime:0.007000s ]
NOTIC: [8] Undefined variable: map D:\phpstudy\WWW\dcyd\Manage\Lib\Action\ArticleAction.class.php ç¬¬ 27 è¡Œ.
SQL: SELECT `id`,`title`,`keywords`,`lanmu`,`laiyuan`,`content`,`auth`,`describe`,`time`,`status` FROM `dcyd_article` LIMIT 0,20   [ RunTime:0.001000s ]
NOTIC: [8] Undefined variable: map D:\phpstudy\WWW\dcyd\Manage\Lib\Action\ArticleAction.class.php ç¬¬ 28 è¡Œ.
SQL: SELECT COUNT(*) AS tp_count FROM `dcyd_article` LIMIT 1   [ RunTime:0.000000s ]

[ 2017-01-19T18:30:19+08:00 ] 127.0.0.1 /Manerger/index.php?m=Article&a=articleadd
INFO: [ app_begin ] --START--
INFO: ReadHtmlCache Behavior ::run [ RunTime:0.002000s ]
INFO: [ app_begin ] --END-- [ RunTime:0.002000s ]
NOTIC: [8] Undefined index: expire D:\phpstudy\WWW\dcyd\ThinkPHP\Common\functions.php ç¬¬ 549 è¡Œ.
NOTIC: [2048] Declaration of ArticleAction::show() should be compatible with that of Action::show() D:\phpstudy\WWW\dcyd\Manage\Lib\Action\ArticleAction.class.php ç¬¬ 137 è¡Œ.
SQL: SHOW COLUMNS FROM `dcyd_article` [ RunTime:0.004001s ]
NOTIC: å»ºè®®ä½¿ç”¨Iæ–¹æ³•æ›¿ä»£_post
NOTIC: å»ºè®®ä½¿ç”¨Iæ–¹æ³•æ›¿ä»£_post
NOTIC: å»ºè®®ä½¿ç”¨Iæ–¹æ³•æ›¿ä»£_post
NOTIC: å»ºè®®ä½¿ç”¨Iæ–¹æ³•æ›¿ä»£_post
NOTIC: å»ºè®®ä½¿ç”¨Iæ–¹æ³•æ›¿ä»£_post
NOTIC: å»ºè®®ä½¿ç”¨Iæ–¹æ³•æ›¿ä»£_post
NOTIC: å»ºè®®ä½¿ç”¨Iæ–¹æ³•æ›¿ä»£_post
SQL: INSERT INTO `dcyd_article` (`title`,`keywords`,`lanmu`,`laiyuan`,`describe`,`auth`,`content`,`time`) VALUES ('é’\±','é’\±',3,'www.baidu.com','é’\±','æˆ\‘','&lt;p&gt;&lt;img src=&quot;/Public/upload/image/20170119/1484821794999843.jpg&quot; title=&quot;1484821794999843.jpg&quot; alt=&quot;Desert.jpg&quot;/&gt;&lt;/p&gt;&lt;p&gt;å“ˆå“ˆå“ˆå“ˆå“ˆå“ˆ&lt;/p&gt;',1484821819) [ RunTime:0.002000s ]

[ 2017-01-19T18:30:19+08:00 ] 127.0.0.1 /Manerger/index.php?m=Article&a=articlelist
INFO: [ app_begin ] --START--
INFO: ReadHtmlCache Behavior ::run [ RunTime:0.004000s ]
INFO: [ app_begin ] --END-- [ RunTime:0.005000s ]
NOTIC: [8] Undefined index: expire D:\phpstudy\WWW\dcyd\ThinkPHP\Common\functions.php ç¬¬ 549 è¡Œ.
NOTIC: [2048] Declaration of ArticleAction::show() should be compatible with that of Action::show() D:\phpstudy\WWW\dcyd\Manage\Lib\Action\ArticleAction.class.php ç¬¬ 137 è¡Œ.
NOTIC: [8] Undefined index: id D:\phpstudy\WWW\dcyd\Manage\Lib\Action\ArticleAction.class.php ç¬¬ 17 è¡Œ.
NOTIC: [8] Undefined index: title D:\phpstudy\WWW\dcyd\Manage\Lib\Action\ArticleAction.class.php ç¬¬ 18 è¡Œ.
NOTIC: [8] Undefined index: content D:\phpstudy\WWW\dcyd\Manage\Lib\Action\ArticleAction.class.php ç¬¬ 19 è¡Œ.
NOTIC: [8] Undefined index: describe D:\phpstudy\WWW\dcyd\Manage\Lib\Action\ArticleAction.class.php ç¬¬ 20 è¡Œ.
NOTIC: [8] Undefined index: keywords D:\phpstudy\WWW\dcyd\Manage\Lib\Action\ArticleAction.class.php ç¬¬ 21 è¡Œ.
NOTIC: [8] Undefined index: auth D:\phpstudy\WWW\dcyd\Manage\Lib\Action\ArticleAction.class.php ç¬¬ 22 è¡Œ.
NOTIC: [8] Undefined index: status D:\phpstudy\WWW\dcyd\Manage\Lib\Action\ArticleAction.class.php ç¬¬ 23 è¡Œ.
NOTIC: [8] Undefined index: lanmu D:\phpstudy\WWW\dcyd\Manage\Lib\Action\ArticleAction.class.php ç¬¬ 24 è¡Œ.
SQL: SHOW COLUMNS FROM `dcyd_article` [ RunTime:0.005001s ]
NOTIC: [8] Undefined variable: map D:\phpstudy\WWW\dcyd\Manage\Lib\Action\ArticleAction.class.php ç¬¬ 27 è¡Œ.
SQL: SELECT `id`,`title`,`keywords`,`lanmu`,`laiyuan`,`content`,`auth`,`describe`,`time`,`status` FROM `dcyd_article` LIMIT 0,20   [ RunTime:0.001000s ]
NOTIC: [8] Undefined variable: map D:\phpstudy\WWW\dcyd\Manage\Lib\Action\ArticleAction.class.php ç¬¬ 28 è¡Œ.
SQL: SELECT COUNT(*) AS tp_count FROM `dcyd_article` LIMIT 1   [ RunTime:0.000000s ]

