[ 2017-03-16T09:50:43+08:00 ] 127.0.0.1 /manerger/
INFO: [ app_begin ] --START--
INFO: ReadHtmlCache Behavior ::run [ RunTime:0.003000s ]
INFO: [ app_begin ] --END-- [ RunTime:0.003000s ]
NOTIC: [8] Undefined index: expire D:\phpstudy\WWW\dcyd\ThinkPHP\Common\functions.php Á¨¨ 549 Ë°å.
NOTIC: [8] Undefined index: admin D:\phpstudy\WWW\dcyd\Manage\Lib\Action\IndexAction.class.php Á¨¨ 5 Ë°å.
INFO: [ view_parse ] --START--
NOTIC: [8] Undefined index: admin D:\phpstudy\WWW\dcyd\Manage\Runtime\Cache\6eb21b90e50e413ebd495101e2f3fb87.php Á¨¨ 27 Ë°å.
INFO: ParseTemplate Behavior ::run [ RunTime:0.033002s ]
INFO: [ view_parse ] --END-- [ RunTime:0.034002s ]
INFO: [ view_filter ] --START--
INFO: ContentReplace Behavior ::run [ RunTime:0.001000s ]
INFO: TokenBuild Behavior ::run [ RunTime:0.001001s ]
INFO: WriteHtmlCache Behavior ::run [ RunTime:0.001000s ]
INFO: ShowRuntime Behavior ::run [ RunTime:0.002000s ]
INFO: [ view_filter ] --END-- [ RunTime:0.008001s ]
INFO: [ view_end ] --START--
INFO: ShowPageTrace Behavior ::run [ RunTime:0.002000s ]
INFO: [ view_end ] --END-- [ RunTime:0.002000s ]

[ 2017-03-16T09:50:44+08:00 ] 127.0.0.1 /Manerger/index.php/Public/login.html
INFO: [ route_check ] --START--
INFO: CheckRoute Behavior ::run [ RunTime:0.003001s ]
INFO: [ route_check ] --END-- [ RunTime:0.003001s ]
INFO: [ app_begin ] --START--
INFO: ReadHtmlCache Behavior ::run [ RunTime:0.002000s ]
INFO: [ app_begin ] --END-- [ RunTime:0.003000s ]
NOTIC: [8] Undefined index: expire D:\phpstudy\WWW\dcyd\ThinkPHP\Common\functions.php Á¨¨ 549 Ë°å.
INFO: [ view_parse ] --START--
INFO: ParseTemplate Behavior ::run [ RunTime:0.017001s ]
INFO: [ view_parse ] --END-- [ RunTime:0.018001s ]
INFO: [ view_filter ] --START--
INFO: ContentReplace Behavior ::run [ RunTime:0.002000s ]
INFO: TokenBuild Behavior ::run [ RunTime:0.002001s ]
INFO: WriteHtmlCache Behavior ::run [ RunTime:0.001000s ]
INFO: ShowRuntime Behavior ::run [ RunTime:0.002000s ]
INFO: [ view_filter ] --END-- [ RunTime:0.008001s ]
INFO: [ view_end ] --START--
INFO: ShowPageTrace Behavior ::run [ RunTime:0.002000s ]
INFO: [ view_end ] --END-- [ RunTime:0.002000s ]

[ 2017-03-16T09:50:50+08:00 ] 127.0.0.1 /Manerger/index.php/Public/checklogin
INFO: [ route_check ] --START--
INFO: CheckRoute Behavior ::run [ RunTime:0.003000s ]
INFO: [ route_check ] --END-- [ RunTime:0.004000s ]
INFO: [ app_begin ] --START--
INFO: ReadHtmlCache Behavior ::run [ RunTime:0.003000s ]
INFO: [ app_begin ] --END-- [ RunTime:0.003000s ]
NOTIC: [8] Undefined index: expire D:\phpstudy\WWW\dcyd\ThinkPHP\Common\functions.php Á¨¨ 549 Ë°å.
SQL: SHOW COLUMNS FROM `dcyd_admin` [ RunTime:0.007000s ]
NOTIC: Âª∫ËÆÆ‰ΩøÁî®IÊñπÊ≥ïÊõø‰ª£_post
NOTIC: Âª∫ËÆÆ‰ΩøÁî®IÊñπÊ≥ïÊõø‰ª£_post
SQL: SELECT `id`,`rid`,`username` FROM `dcyd_admin` WHERE ( `username` = 'admin' ) AND ( `password` = '8b88e6b7e854b04cb74e' ) LIMIT 1   [ RunTime:0.000000s ]
SQL: SHOW COLUMNS FROM `dcyd_role` [ RunTime:0.006000s ]
SQL: SELECT `powers` FROM `dcyd_role` WHERE ( id=1 ) LIMIT 1   [ RunTime:0.001000s ]
SQL: SHOW COLUMNS FROM `dcyd_node` [ RunTime:0.006001s ]
SQL: SELECT `name` FROM `dcyd_node` WHERE ( pid>0 )  [ RunTime:0.002000s ]
SQL: UPDATE `dcyd_admin` SET `last_time`=1489629050,`last_ip`=127 WHERE ( id=1 ) [ RunTime:0.000000s ]
NOTIC: [8] Undefined variable: var D:\phpstudy\WWW\dcyd\ThinkPHP\Common\functions.php Á¨¨ 247 Ë°å.
NOTIC: [2] array_reverse() expects parameter 1 to be array, null given D:\phpstudy\WWW\dcyd\ThinkPHP\Common\functions.php Á¨¨ 247 Ë°å.
NOTIC: [2] http_build_query() [<a href='function.http-build-query'>function.http-build-query</a>]: Parameter 1 expected to be Array or Object.  Incorrect value given D:\phpstudy\WWW\dcyd\ThinkPHP\Common\functions.php Á¨¨ 247 Ë°å.

[ 2017-03-16T09:50:50+08:00 ] 127.0.0.1 /Manerger/index.php?
INFO: [ app_begin ] --START--
INFO: ReadHtmlCache Behavior ::run [ RunTime:0.003000s ]
INFO: [ app_begin ] --END-- [ RunTime:0.005001s ]
NOTIC: [8] Undefined index: expire D:\phpstudy\WWW\dcyd\ThinkPHP\Common\functions.php Á¨¨ 549 Ë°å.
INFO: [ view_parse ] --START--
INFO: ParseTemplate Behavior ::run [ RunTime:0.030002s ]
INFO: [ view_parse ] --END-- [ RunTime:0.030002s ]
INFO: [ view_filter ] --START--
INFO: ContentReplace Behavior ::run [ RunTime:0.001000s ]
INFO: TokenBuild Behavior ::run [ RunTime:0.001000s ]
INFO: WriteHtmlCache Behavior ::run [ RunTime:0.001000s ]
INFO: ShowRuntime Behavior ::run [ RunTime:0.002000s ]
INFO: [ view_filter ] --END-- [ RunTime:0.008000s ]
INFO: [ view_end ] --START--
INFO: ShowPageTrace Behavior ::run [ RunTime:0.001001s ]
INFO: [ view_end ] --END-- [ RunTime:0.003001s ]

[ 2017-03-16T09:51:01+08:00 ] 127.0.0.1 /Manerger/index.php/Up/viewclass
INFO: [ route_check ] --START--
INFO: CheckRoute Behavior ::run [ RunTime:0.002000s ]
INFO: [ route_check ] --END-- [ RunTime:0.002000s ]
INFO: [ app_begin ] --START--
INFO: ReadHtmlCache Behavior ::run [ RunTime:0.001000s ]
INFO: [ app_begin ] --END-- [ RunTime:0.002000s ]
NOTIC: [8] Undefined index: expire D:\phpstudy\WWW\dcyd\ThinkPHP\Common\functions.php Á¨¨ 549 Ë°å.
SQL: SHOW COLUMNS FROM `dcyd_viewkinds` [ RunTime:0.007000s ]
SQL: SELECT DISTINCT  `id`,`kind` FROM `dcyd_viewkinds`  [ RunTime:0.000000s ]
SQL: SHOW COLUMNS FROM `dcyd_viewclass` [ RunTime:0.007000s ]
SQL: SELECT DISTINCT  `id`,`zname` FROM `dcyd_viewclass`  [ RunTime:0.000000s ]
INFO: [ view_parse ] --START--
INFO: ParseTemplate Behavior ::run [ RunTime:0.043002s ]
INFO: [ view_parse ] --END-- [ RunTime:0.045002s ]
INFO: [ view_filter ] --START--
INFO: ContentReplace Behavior ::run [ RunTime:0.001000s ]
INFO: TokenBuild Behavior ::run [ RunTime:0.002000s ]
INFO: WriteHtmlCache Behavior ::run [ RunTime:0.001000s ]
INFO: ShowRuntime Behavior ::run [ RunTime:0.002001s ]
INFO: [ view_filter ] --END-- [ RunTime:0.008001s ]
INFO: [ view_end ] --START--
INFO: ShowPageTrace Behavior ::run [ RunTime:0.010000s ]
INFO: [ view_end ] --END-- [ RunTime:0.010000s ]

[ 2017-03-16T09:51:02+08:00 ] 127.0.0.1 /Manerger/index.php?m=Up&a=viewclassls
INFO: [ app_begin ] --START--
INFO: ReadHtmlCache Behavior ::run [ RunTime:0.004000s ]
INFO: [ app_begin ] --END-- [ RunTime:0.004000s ]
NOTIC: [8] Undefined index: expire D:\phpstudy\WWW\dcyd\ThinkPHP\Common\functions.php Á¨¨ 549 Ë°å.
NOTIC: [8] Undefined index: fname D:\phpstudy\WWW\dcyd\Manage\Lib\Action\UpAction.class.php Á¨¨ 567 Ë°å.
NOTIC: [8] Undefined index: zname D:\phpstudy\WWW\dcyd\Manage\Lib\Action\UpAction.class.php Á¨¨ 568 Ë°å.
SQL: SHOW COLUMNS FROM `dcyd_viewclass` [ RunTime:0.004001s ]
NOTIC: [8] Undefined variable: map D:\phpstudy\WWW\dcyd\Manage\Lib\Action\UpAction.class.php Á¨¨ 572 Ë°å.
SQL: SELECT `id`,`vid`,`fname`,`zname` FROM `dcyd_viewclass` LIMIT 0,20   [ RunTime:0.000000s ]
NOTIC: [8] Undefined variable: map D:\phpstudy\WWW\dcyd\Manage\Lib\Action\UpAction.class.php Á¨¨ 574 Ë°å.
SQL: SELECT COUNT(*) AS tp_count FROM `dcyd_viewclass` LIMIT 1   [ RunTime:0.001000s ]

[ 2017-03-16T09:51:07+08:00 ] 127.0.0.1 /Manerger/index.php/Up/teacher
INFO: [ route_check ] --START--
INFO: CheckRoute Behavior ::run [ RunTime:0.002000s ]
INFO: [ route_check ] --END-- [ RunTime:0.003000s ]
INFO: [ app_begin ] --START--
INFO: ReadHtmlCache Behavior ::run [ RunTime:0.002000s ]
INFO: [ app_begin ] --END-- [ RunTime:0.004001s ]
NOTIC: [8] Undefined index: expire D:\phpstudy\WWW\dcyd\ThinkPHP\Common\functions.php Á¨¨ 549 Ë°å.
SQL: SHOW COLUMNS FROM `dcyd_viewkinds` [ RunTime:0.004000s ]
SQL: SELECT DISTINCT  `id`,`name` FROM `dcyd_viewkinds`  [ RunTime:0.000000s ]
ERR: 1054:Unknown column 'name' in 'field list'
 [ SQLËØ≠Âè• ] : SELECT DISTINCT  `id`,`name` FROM `dcyd_viewkinds` 
INFO: [ view_parse ] --START--
INFO: ParseTemplate Behavior ::run [ RunTime:0.019002s ]
INFO: [ view_parse ] --END-- [ RunTime:0.020002s ]
INFO: [ view_filter ] --START--
INFO: ContentReplace Behavior ::run [ RunTime:0.001000s ]
INFO: TokenBuild Behavior ::run [ RunTime:0.001000s ]
INFO: WriteHtmlCache Behavior ::run [ RunTime:0.001000s ]
INFO: ShowRuntime Behavior ::run [ RunTime:0.002000s ]
INFO: [ view_filter ] --END-- [ RunTime:0.007000s ]
INFO: [ view_end ] --START--
INFO: ShowPageTrace Behavior ::run [ RunTime:0.001000s ]
INFO: [ view_end ] --END-- [ RunTime:0.003000s ]

[ 2017-03-16T09:51:08+08:00 ] 127.0.0.1 /Manerger/index.php?m=Up&a=teacherls
INFO: [ app_begin ] --START--
INFO: ReadHtmlCache Behavior ::run [ RunTime:0.002000s ]
INFO: [ app_begin ] --END-- [ RunTime:0.002000s ]
NOTIC: [8] Undefined index: expire D:\phpstudy\WWW\dcyd\ThinkPHP\Common\functions.php Á¨¨ 549 Ë°å.
NOTIC: [8] Undefined index: id D:\phpstudy\WWW\dcyd\Manage\Lib\Action\UpAction.class.php Á¨¨ 434 Ë°å.
NOTIC: [8] Undefined index: title D:\phpstudy\WWW\dcyd\Manage\Lib\Action\UpAction.class.php Á¨¨ 435 Ë°å.
NOTIC: [8] Undefined index: name D:\phpstudy\WWW\dcyd\Manage\Lib\Action\UpAction.class.php Á¨¨ 436 Ë°å.
NOTIC: [8] Undefined index: ytime D:\phpstudy\WWW\dcyd\Manage\Lib\Action\UpAction.class.php Á¨¨ 437 Ë°å.
SQL: SHOW COLUMNS FROM `dcyd_teacher` [ RunTime:0.005000s ]
NOTIC: [8] Undefined variable: map D:\phpstudy\WWW\dcyd\Manage\Lib\Action\UpAction.class.php Á¨¨ 440 Ë°å.
SQL: SELECT `id`,`name`,`timg`,`explain` FROM `dcyd_teacher` LIMIT 0,20   [ RunTime:0.000000s ]
NOTIC: [8] Undefined variable: map D:\phpstudy\WWW\dcyd\Manage\Lib\Action\UpAction.class.php Á¨¨ 441 Ë°å.
SQL: SELECT COUNT(*) AS tp_count FROM `dcyd_teacher` LIMIT 1   [ RunTime:0.001000s ]

[ 2017-03-16T09:51:09+08:00 ] 127.0.0.1 /Manerger/index.php/Up/vede
INFO: [ route_check ] --START--
INFO: CheckRoute Behavior ::run [ RunTime:0.003000s ]
INFO: [ route_check ] --END-- [ RunTime:0.005001s ]
INFO: [ app_begin ] --START--
INFO: ReadHtmlCache Behavior ::run [ RunTime:0.002000s ]
INFO: [ app_begin ] --END-- [ RunTime:0.003000s ]
NOTIC: [8] Undefined index: expire D:\phpstudy\WWW\dcyd\ThinkPHP\Common\functions.php Á¨¨ 549 Ë°å.
SQL: SHOW COLUMNS FROM `dcyd_viewkinds` [ RunTime:0.005000s ]
SQL: SHOW COLUMNS FROM `dcyd_teacher` [ RunTime:0.005001s ]
SQL: SELECT DISTINCT  `id`,`kind` FROM `dcyd_viewkinds`  [ RunTime:0.000000s ]
SQL: SELECT DISTINCT  `id`,`name` FROM `dcyd_teacher`  [ RunTime:0.001000s ]
INFO: [ view_parse ] --START--
INFO: ParseTemplate Behavior ::run [ RunTime:0.032002s ]
INFO: [ view_parse ] --END-- [ RunTime:0.033002s ]
INFO: [ view_filter ] --START--
INFO: ContentReplace Behavior ::run [ RunTime:0.001000s ]
INFO: TokenBuild Behavior ::run [ RunTime:0.001000s ]
INFO: WriteHtmlCache Behavior ::run [ RunTime:0.001000s ]
INFO: ShowRuntime Behavior ::run [ RunTime:0.001001s ]
INFO: [ view_filter ] --END-- [ RunTime:0.007001s ]
INFO: [ view_end ] --START--
INFO: ShowPageTrace Behavior ::run [ RunTime:0.002000s ]
INFO: [ view_end ] --END-- [ RunTime:0.004000s ]

[ 2017-03-16T09:51:10+08:00 ] 127.0.0.1 /Manerger/index.php?m=Up&a=vedels
INFO: [ app_begin ] --START--
INFO: ReadHtmlCache Behavior ::run [ RunTime:0.001000s ]
INFO: [ app_begin ] --END-- [ RunTime:0.002000s ]
NOTIC: [8] Undefined index: expire D:\phpstudy\WWW\dcyd\ThinkPHP\Common\functions.php Á¨¨ 549 Ë°å.
NOTIC: [8] Undefined index: id D:\phpstudy\WWW\dcyd\Manage\Lib\Action\UpAction.class.php Á¨¨ 341 Ë°å.
NOTIC: [8] Undefined index: title D:\phpstudy\WWW\dcyd\Manage\Lib\Action\UpAction.class.php Á¨¨ 342 Ë°å.
NOTIC: [8] Undefined index: name D:\phpstudy\WWW\dcyd\Manage\Lib\Action\UpAction.class.php Á¨¨ 343 Ë°å.
NOTIC: [8] Undefined index: ytime D:\phpstudy\WWW\dcyd\Manage\Lib\Action\UpAction.class.php Á¨¨ 344 Ë°å.
SQL: SHOW COLUMNS FROM `dcyd_view` [ RunTime:0.005001s ]
NOTIC: [8] Undefined variable: map D:\phpstudy\WWW\dcyd\Manage\Lib\Action\UpAction.class.php Á¨¨ 347 Ë°å.
SQL: SELECT `id`,`kid`,`kname`,`name`,`url`,`title`,`money`,`introduce`,`chapternum`,`kctitle`,`img` FROM `dcyd_view` LIMIT 0,20   [ RunTime:0.001000s ]
NOTIC: [8] Undefined variable: map D:\phpstudy\WWW\dcyd\Manage\Lib\Action\UpAction.class.php Á¨¨ 348 Ë°å.
SQL: SELECT COUNT(*) AS tp_count FROM `dcyd_view` LIMIT 1   [ RunTime:0.001000s ]

[ 2017-03-16T09:51:27+08:00 ] 127.0.0.1 /Manerger/index.php/Up/vedeedit
INFO: [ route_check ] --START--
INFO: CheckRoute Behavior ::run [ RunTime:0.003001s ]
INFO: [ route_check ] --END-- [ RunTime:0.005001s ]
INFO: [ app_begin ] --START--
INFO: ReadHtmlCache Behavior ::run [ RunTime:0.002000s ]
INFO: [ app_begin ] --END-- [ RunTime:0.003000s ]
NOTIC: [8] Undefined index: expire D:\phpstudy\WWW\dcyd\ThinkPHP\Common\functions.php Á¨¨ 549 Ë°å.
NOTIC: Âª∫ËÆÆ‰ΩøÁî®IÊñπÊ≥ïÊõø‰ª£_post
SQL: SHOW COLUMNS FROM `dcyd_view` [ RunTime:0.005001s ]
SQL: SELECT `id`,`kid`,`kname`,`name`,`url`,`title`,`money`,`introduce`,`chapternum`,`kctitle`,`img` FROM `dcyd_view` WHERE ( id = 1 ) LIMIT 1   [ RunTime:0.001000s ]

[ 2017-03-16T09:51:36+08:00 ] 127.0.0.1 /Manerger/index.php?m=Up&a=vedesave&id=1
INFO: [ app_begin ] --START--
INFO: ReadHtmlCache Behavior ::run [ RunTime:0.002000s ]
INFO: [ app_begin ] --END-- [ RunTime:0.003000s ]
NOTIC: [8] Undefined index: expire D:\phpstudy\WWW\dcyd\ThinkPHP\Common\functions.php Á¨¨ 549 Ë°å.
SQL: SHOW COLUMNS FROM `dcyd_view` [ RunTime:0.004000s ]
NOTIC: Âª∫ËÆÆ‰ΩøÁî®IÊñπÊ≥ïÊõø‰ª£_post
SQL: SHOW COLUMNS FROM `dcyd_viewkinds` [ RunTime:0.005000s ]
SQL: SELECT `kind` FROM `dcyd_viewkinds` WHERE ( id = 1 ) LIMIT 1   [ RunTime:0.001000s ]
NOTIC: Âª∫ËÆÆ‰ΩøÁî®IÊñπÊ≥ïÊõø‰ª£_post
SQL: SHOW COLUMNS FROM `dcyd_teacher` [ RunTime:0.004000s ]
SQL: SELECT `name` FROM `dcyd_teacher` WHERE ( id = ÂàòÂõΩ‰∏ú ) LIMIT 1   [ RunTime:0.001000s ]
ERR: 1054:Unknown column 'ÂàòÂõΩ‰∏ú' in 'where clause'
 [ SQLËØ≠Âè• ] : SELECT `name` FROM `dcyd_teacher` WHERE ( id = ÂàòÂõΩ‰∏ú ) LIMIT 1  
NOTIC: Âª∫ËÆÆ‰ΩøÁî®IÊñπÊ≥ïÊõø‰ª£_post
NOTIC: Âª∫ËÆÆ‰ΩøÁî®IÊñπÊ≥ïÊõø‰ª£_post
NOTIC: Âª∫ËÆÆ‰ΩøÁî®IÊñπÊ≥ïÊõø‰ª£_post
NOTIC: Âª∫ËÆÆ‰ΩøÁî®IÊñπÊ≥ïÊõø‰ª£_post
NOTIC: Âª∫ËÆÆ‰ΩøÁî®IÊñπÊ≥ïÊõø‰ª£_post
NOTIC: [2] getimagesize() expects parameter 1 to be string, array given D:\phpstudy\WWW\dcyd\Manage\Lib\Action\UpAction.class.php Á¨¨ 385 Ë°å.
NOTIC: [8] Use of undefined constant uniqid - assumed 'uniqid' D:\phpstudy\WWW\dcyd\Manage\Lib\Action\UpAction.class.php Á¨¨ 394 Ë°å.
NOTIC: [8] Use of undefined constant date - assumed 'date' D:\phpstudy\WWW\dcyd\Manage\Lib\Action\UpAction.class.php Á¨¨ 397 Ë°å.
SQL: UPDATE `dcyd_view` SET `kname`='Á≥ªÂàóÊ†áÈ¢ò',`name`=null,`title`='‰ΩèÂà´Â¢\Ö11ÊîæÂà∞Áö\Ñ',`money`='1112345',`introduce`='‰ΩõÊå°ÊùÄ‰ΩõÊòØÁöÑÂèëÈÄÅÂà∞ÂèëÈÄÅÂà∞111',`chapternum`=1,`kctitle`='Â§ßÂà´Â¢Ö‰π∞Ëµ∑Êù•',`kid`=1 WHERE ( id = 1 ) [ RunTime:0.001000s ]

[ 2017-03-16T09:51:37+08:00 ] 127.0.0.1 /Manerger/index.php?m=Up&a=vedels
INFO: [ app_begin ] --START--
INFO: ReadHtmlCache Behavior ::run [ RunTime:0.002000s ]
INFO: [ app_begin ] --END-- [ RunTime:0.002000s ]
NOTIC: [8] Undefined index: expire D:\phpstudy\WWW\dcyd\ThinkPHP\Common\functions.php Á¨¨ 549 Ë°å.
NOTIC: [8] Undefined index: id D:\phpstudy\WWW\dcyd\Manage\Lib\Action\UpAction.class.php Á¨¨ 341 Ë°å.
NOTIC: [8] Undefined index: title D:\phpstudy\WWW\dcyd\Manage\Lib\Action\UpAction.class.php Á¨¨ 342 Ë°å.
NOTIC: [8] Undefined index: name D:\phpstudy\WWW\dcyd\Manage\Lib\Action\UpAction.class.php Á¨¨ 343 Ë°å.
NOTIC: [8] Undefined index: ytime D:\phpstudy\WWW\dcyd\Manage\Lib\Action\UpAction.class.php Á¨¨ 344 Ë°å.
SQL: SHOW COLUMNS FROM `dcyd_view` [ RunTime:0.006001s ]
NOTIC: [8] Undefined variable: map D:\phpstudy\WWW\dcyd\Manage\Lib\Action\UpAction.class.php Á¨¨ 347 Ë°å.
SQL: SELECT `id`,`kid`,`kname`,`name`,`url`,`title`,`money`,`introduce`,`chapternum`,`kctitle`,`img` FROM `dcyd_view` LIMIT 0,20   [ RunTime:0.000000s ]
NOTIC: [8] Undefined variable: map D:\phpstudy\WWW\dcyd\Manage\Lib\Action\UpAction.class.php Á¨¨ 348 Ë°å.
SQL: SELECT COUNT(*) AS tp_count FROM `dcyd_view` LIMIT 1   [ RunTime:0.001000s ]

[ 2017-03-16T09:51:40+08:00 ] 127.0.0.1 /Manerger/index.php/Up/vedeedit
INFO: [ route_check ] --START--
INFO: CheckRoute Behavior ::run [ RunTime:0.003000s ]
INFO: [ route_check ] --END-- [ RunTime:0.004000s ]
INFO: [ app_begin ] --START--
INFO: ReadHtmlCache Behavior ::run [ RunTime:0.003000s ]
INFO: [ app_begin ] --END-- [ RunTime:0.003000s ]
NOTIC: [8] Undefined index: expire D:\phpstudy\WWW\dcyd\ThinkPHP\Common\functions.php Á¨¨ 549 Ë°å.
NOTIC: Âª∫ËÆÆ‰ΩøÁî®IÊñπÊ≥ïÊõø‰ª£_post
SQL: SHOW COLUMNS FROM `dcyd_view` [ RunTime:0.004001s ]
SQL: SELECT `id`,`kid`,`kname`,`name`,`url`,`title`,`money`,`introduce`,`chapternum`,`kctitle`,`img` FROM `dcyd_view` WHERE ( id = 1 ) LIMIT 1   [ RunTime:0.001000s ]

[ 2017-03-16T09:51:47+08:00 ] 127.0.0.1 /Manerger/index.php?m=Up&a=vedesave&id=1
INFO: [ app_begin ] --START--
INFO: ReadHtmlCache Behavior ::run [ RunTime:0.002000s ]
INFO: [ app_begin ] --END-- [ RunTime:0.003000s ]
NOTIC: [8] Undefined index: expire D:\phpstudy\WWW\dcyd\ThinkPHP\Common\functions.php Á¨¨ 549 Ë°å.
SQL: SHOW COLUMNS FROM `dcyd_view` [ RunTime:0.005000s ]
NOTIC: Âª∫ËÆÆ‰ΩøÁî®IÊñπÊ≥ïÊõø‰ª£_post
SQL: SHOW COLUMNS FROM `dcyd_viewkinds` [ RunTime:0.004000s ]
SQL: SELECT `kind` FROM `dcyd_viewkinds` WHERE ( id = Á≥ªÂàóÊ†áÈ¢ò ) LIMIT 1   [ RunTime:0.000000s ]
ERR: 1054:Unknown column 'Á≥ªÂàóÊ†áÈ¢ò' in 'where clause'
 [ SQLËØ≠Âè• ] : SELECT `kind` FROM `dcyd_viewkinds` WHERE ( id = Á≥ªÂàóÊ†áÈ¢ò ) LIMIT 1  
NOTIC: Âª∫ËÆÆ‰ΩøÁî®IÊñπÊ≥ïÊõø‰ª£_post
SQL: SHOW COLUMNS FROM `dcyd_teacher` [ RunTime:0.004000s ]
SQL: SELECT `name` FROM `dcyd_teacher` WHERE ( id = 5 ) LIMIT 1   [ RunTime:0.001000s ]
NOTIC: Âª∫ËÆÆ‰ΩøÁî®IÊñπÊ≥ïÊõø‰ª£_post
NOTIC: Âª∫ËÆÆ‰ΩøÁî®IÊñπÊ≥ïÊõø‰ª£_post
NOTIC: Âª∫ËÆÆ‰ΩøÁî®IÊñπÊ≥ïÊõø‰ª£_post
NOTIC: Âª∫ËÆÆ‰ΩøÁî®IÊñπÊ≥ïÊõø‰ª£_post
NOTIC: Âª∫ËÆÆ‰ΩøÁî®IÊñπÊ≥ïÊõø‰ª£_post
NOTIC: [2] getimagesize() expects parameter 1 to be string, array given D:\phpstudy\WWW\dcyd\Manage\Lib\Action\UpAction.class.php Á¨¨ 385 Ë°å.
NOTIC: [8] Use of undefined constant uniqid - assumed 'uniqid' D:\phpstudy\WWW\dcyd\Manage\Lib\Action\UpAction.class.php Á¨¨ 394 Ë°å.
NOTIC: [8] Use of undefined constant date - assumed 'date' D:\phpstudy\WWW\dcyd\Manage\Lib\Action\UpAction.class.php Á¨¨ 397 Ë°å.
SQL: UPDATE `dcyd_view` SET `kname`=null,`name`='ÂàòÂõΩ‰∏\ú',`title`='‰ΩèÂà´Â¢\Ö11ÊîæÂà∞Áö\Ñ',`money`='1112345',`introduce`='‰ΩõÊå°ÊùÄ‰ΩõÊòØÁöÑÂèëÈÄÅÂà∞ÂèëÈÄÅÂà∞111',`chapternum`=1,`kctitle`='Â§ßÂà´Â¢Ö‰π∞Ëµ∑Êù•',`kid`=0 WHERE ( id = 1 ) [ RunTime:0.001000s ]

[ 2017-03-16T09:51:48+08:00 ] 127.0.0.1 /Manerger/index.php?m=Up&a=vedels
INFO: [ app_begin ] --START--
INFO: ReadHtmlCache Behavior ::run [ RunTime:0.002000s ]
INFO: [ app_begin ] --END-- [ RunTime:0.003000s ]
NOTIC: [8] Undefined index: expire D:\phpstudy\WWW\dcyd\ThinkPHP\Common\functions.php Á¨¨ 549 Ë°å.
NOTIC: [8] Undefined index: id D:\phpstudy\WWW\dcyd\Manage\Lib\Action\UpAction.class.php Á¨¨ 341 Ë°å.
NOTIC: [8] Undefined index: title D:\phpstudy\WWW\dcyd\Manage\Lib\Action\UpAction.class.php Á¨¨ 342 Ë°å.
NOTIC: [8] Undefined index: name D:\phpstudy\WWW\dcyd\Manage\Lib\Action\UpAction.class.php Á¨¨ 343 Ë°å.
NOTIC: [8] Undefined index: ytime D:\phpstudy\WWW\dcyd\Manage\Lib\Action\UpAction.class.php Á¨¨ 344 Ë°å.
SQL: SHOW COLUMNS FROM `dcyd_view` [ RunTime:0.004000s ]
NOTIC: [8] Undefined variable: map D:\phpstudy\WWW\dcyd\Manage\Lib\Action\UpAction.class.php Á¨¨ 347 Ë°å.
SQL: SELECT `id`,`kid`,`kname`,`name`,`url`,`title`,`money`,`introduce`,`chapternum`,`kctitle`,`img` FROM `dcyd_view` LIMIT 0,20   [ RunTime:0.000000s ]
NOTIC: [8] Undefined variable: map D:\phpstudy\WWW\dcyd\Manage\Lib\Action\UpAction.class.php Á¨¨ 348 Ë°å.
SQL: SELECT COUNT(*) AS tp_count FROM `dcyd_view` LIMIT 1   [ RunTime:0.001000s ]

[ 2017-03-16T09:51:51+08:00 ] 127.0.0.1 /Manerger/index.php/Up/vedeedit
INFO: [ route_check ] --START--
INFO: CheckRoute Behavior ::run [ RunTime:0.003000s ]
INFO: [ route_check ] --END-- [ RunTime:0.004000s ]
INFO: [ app_begin ] --START--
INFO: ReadHtmlCache Behavior ::run [ RunTime:0.003000s ]
INFO: [ app_begin ] --END-- [ RunTime:0.003000s ]
NOTIC: [8] Undefined index: expire D:\phpstudy\WWW\dcyd\ThinkPHP\Common\functions.php Á¨¨ 549 Ë°å.
NOTIC: Âª∫ËÆÆ‰ΩøÁî®IÊñπÊ≥ïÊõø‰ª£_post
SQL: SHOW COLUMNS FROM `dcyd_view` [ RunTime:0.004001s ]
SQL: SELECT `id`,`kid`,`kname`,`name`,`url`,`title`,`money`,`introduce`,`chapternum`,`kctitle`,`img` FROM `dcyd_view` WHERE ( id = 1 ) LIMIT 1   [ RunTime:0.001000s ]

[ 2017-03-16T09:51:58+08:00 ] 127.0.0.1 /Manerger/index.php?m=Up&a=vedesave&id=1
INFO: [ app_begin ] --START--
INFO: ReadHtmlCache Behavior ::run [ RunTime:0.004000s ]
INFO: [ app_begin ] --END-- [ RunTime:0.005000s ]
NOTIC: [8] Undefined index: expire D:\phpstudy\WWW\dcyd\ThinkPHP\Common\functions.php Á¨¨ 549 Ë°å.
SQL: SHOW COLUMNS FROM `dcyd_view` [ RunTime:0.004001s ]
NOTIC: Âª∫ËÆÆ‰ΩøÁî®IÊñπÊ≥ïÊõø‰ª£_post
SQL: SHOW COLUMNS FROM `dcyd_viewkinds` [ RunTime:0.004000s ]
SQL: SELECT `kind` FROM `dcyd_viewkinds` WHERE ( id = 1 ) LIMIT 1   [ RunTime:0.001000s ]
NOTIC: Âª∫ËÆÆ‰ΩøÁî®IÊñπÊ≥ïÊõø‰ª£_post
SQL: SHOW COLUMNS FROM `dcyd_teacher` [ RunTime:0.004001s ]
SQL: SELECT `name` FROM `dcyd_teacher` WHERE ( id = 5 ) LIMIT 1   [ RunTime:0.000000s ]
NOTIC: Âª∫ËÆÆ‰ΩøÁî®IÊñπÊ≥ïÊõø‰ª£_post
NOTIC: Âª∫ËÆÆ‰ΩøÁî®IÊñπÊ≥ïÊõø‰ª£_post
NOTIC: Âª∫ËÆÆ‰ΩøÁî®IÊñπÊ≥ïÊõø‰ª£_post
NOTIC: Âª∫ËÆÆ‰ΩøÁî®IÊñπÊ≥ïÊõø‰ª£_post
NOTIC: Âª∫ËÆÆ‰ΩøÁî®IÊñπÊ≥ïÊõø‰ª£_post
NOTIC: [2] getimagesize() expects parameter 1 to be string, array given D:\phpstudy\WWW\dcyd\Manage\Lib\Action\UpAction.class.php Á¨¨ 385 Ë°å.
NOTIC: [8] Use of undefined constant uniqid - assumed 'uniqid' D:\phpstudy\WWW\dcyd\Manage\Lib\Action\UpAction.class.php Á¨¨ 394 Ë°å.
NOTIC: [8] Use of undefined constant date - assumed 'date' D:\phpstudy\WWW\dcyd\Manage\Lib\Action\UpAction.class.php Á¨¨ 397 Ë°å.
SQL: UPDATE `dcyd_view` SET `kname`='Á≥ªÂàóÊ†áÈ¢ò',`name`='ÂàòÂõΩ‰∏\ú',`title`='‰ΩèÂà´Â¢\Ö11ÊîæÂà∞Áö\Ñ',`money`='1112345',`introduce`='‰ΩõÊå°ÊùÄ‰ΩõÊòØÁöÑÂèëÈÄÅÂà∞ÂèëÈÄÅÂà∞111',`chapternum`=1,`kctitle`='Â§ßÂà´Â¢Ö‰π∞Ëµ∑Êù•',`kid`=1 WHERE ( id = 1 ) [ RunTime:0.000000s ]

[ 2017-03-16T09:51:58+08:00 ] 127.0.0.1 /Manerger/index.php?m=Up&a=vedels
INFO: [ app_begin ] --START--
INFO: ReadHtmlCache Behavior ::run [ RunTime:0.002000s ]
INFO: [ app_begin ] --END-- [ RunTime:0.003001s ]
NOTIC: [8] Undefined index: expire D:\phpstudy\WWW\dcyd\ThinkPHP\Common\functions.php Á¨¨ 549 Ë°å.
NOTIC: [8] Undefined index: id D:\phpstudy\WWW\dcyd\Manage\Lib\Action\UpAction.class.php Á¨¨ 341 Ë°å.
NOTIC: [8] Undefined index: title D:\phpstudy\WWW\dcyd\Manage\Lib\Action\UpAction.class.php Á¨¨ 342 Ë°å.
NOTIC: [8] Undefined index: name D:\phpstudy\WWW\dcyd\Manage\Lib\Action\UpAction.class.php Á¨¨ 343 Ë°å.
NOTIC: [8] Undefined index: ytime D:\phpstudy\WWW\dcyd\Manage\Lib\Action\UpAction.class.php Á¨¨ 344 Ë°å.
SQL: SHOW COLUMNS FROM `dcyd_view` [ RunTime:0.004000s ]
NOTIC: [8] Undefined variable: map D:\phpstudy\WWW\dcyd\Manage\Lib\Action\UpAction.class.php Á¨¨ 347 Ë°å.
SQL: SELECT `id`,`kid`,`kname`,`name`,`url`,`title`,`money`,`introduce`,`chapternum`,`kctitle`,`img` FROM `dcyd_view` LIMIT 0,20   [ RunTime:0.000000s ]
NOTIC: [8] Undefined variable: map D:\phpstudy\WWW\dcyd\Manage\Lib\Action\UpAction.class.php Á¨¨ 348 Ë°å.
SQL: SELECT COUNT(*) AS tp_count FROM `dcyd_view` LIMIT 1   [ RunTime:0.000000s ]

[ 2017-03-16T09:54:08+08:00 ] 127.0.0.1 /Manerger/index.php/Up/vede
INFO: [ route_check ] --START--
INFO: CheckRoute Behavior ::run [ RunTime:0.003000s ]
INFO: [ route_check ] --END-- [ RunTime:0.004000s ]
INFO: [ app_begin ] --START--
INFO: ReadHtmlCache Behavior ::run [ RunTime:0.003000s ]
INFO: [ app_begin ] --END-- [ RunTime:0.003000s ]
NOTIC: [8] Undefined index: expire D:\phpstudy\WWW\dcyd\ThinkPHP\Common\functions.php Á¨¨ 549 Ë°å.
SQL: SHOW COLUMNS FROM `dcyd_viewkinds` [ RunTime:0.004000s ]
SQL: SHOW COLUMNS FROM `dcyd_teacher` [ RunTime:0.004001s ]
SQL: SELECT DISTINCT  `id`,`kind` FROM `dcyd_viewkinds`  [ RunTime:0.000000s ]
SQL: SELECT DISTINCT  `id`,`name` FROM `dcyd_teacher`  [ RunTime:0.001000s ]
INFO: [ view_parse ] --START--
INFO: ParseTemplate Behavior ::run [ RunTime:0.032002s ]
INFO: [ view_parse ] --END-- [ RunTime:0.032002s ]
INFO: [ view_filter ] --START--
INFO: ContentReplace Behavior ::run [ RunTime:0.003000s ]
INFO: TokenBuild Behavior ::run [ RunTime:0.005001s ]
INFO: WriteHtmlCache Behavior ::run [ RunTime:0.001000s ]
INFO: ShowRuntime Behavior ::run [ RunTime:0.003000s ]
INFO: [ view_filter ] --END-- [ RunTime:0.013001s ]
INFO: [ view_end ] --START--
INFO: ShowPageTrace Behavior ::run [ RunTime:0.001000s ]
INFO: [ view_end ] --END-- [ RunTime:0.003000s ]

[ 2017-03-16T09:54:09+08:00 ] 127.0.0.1 /Manerger/index.php?m=Up&a=vedels
INFO: [ app_begin ] --START--
INFO: ReadHtmlCache Behavior ::run [ RunTime:0.003000s ]
INFO: [ app_begin ] --END-- [ RunTime:0.003000s ]
NOTIC: [8] Undefined index: expire D:\phpstudy\WWW\dcyd\ThinkPHP\Common\functions.php Á¨¨ 549 Ë°å.
NOTIC: [8] Undefined index: id D:\phpstudy\WWW\dcyd\Manage\Lib\Action\UpAction.class.php Á¨¨ 341 Ë°å.
NOTIC: [8] Undefined index: title D:\phpstudy\WWW\dcyd\Manage\Lib\Action\UpAction.class.php Á¨¨ 342 Ë°å.
NOTIC: [8] Undefined index: name D:\phpstudy\WWW\dcyd\Manage\Lib\Action\UpAction.class.php Á¨¨ 343 Ë°å.
NOTIC: [8] Undefined index: ytime D:\phpstudy\WWW\dcyd\Manage\Lib\Action\UpAction.class.php Á¨¨ 344 Ë°å.
SQL: SHOW COLUMNS FROM `dcyd_view` [ RunTime:0.006001s ]
NOTIC: [8] Undefined variable: map D:\phpstudy\WWW\dcyd\Manage\Lib\Action\UpAction.class.php Á¨¨ 347 Ë°å.
SQL: SELECT `id`,`kid`,`kname`,`name`,`url`,`title`,`money`,`introduce`,`chapternum`,`kctitle`,`img` FROM `dcyd_view` LIMIT 0,20   [ RunTime:0.001000s ]
NOTIC: [8] Undefined variable: map D:\phpstudy\WWW\dcyd\Manage\Lib\Action\UpAction.class.php Á¨¨ 348 Ë°å.
SQL: SELECT COUNT(*) AS tp_count FROM `dcyd_view` LIMIT 1   [ RunTime:0.000000s ]

[ 2017-03-16T09:54:20+08:00 ] 127.0.0.1 /Manerger/index.php/Up/kind
INFO: [ route_check ] --START--
INFO: CheckRoute Behavior ::run [ RunTime:0.003000s ]
INFO: [ route_check ] --END-- [ RunTime:0.003000s ]
INFO: [ app_begin ] --START--
INFO: ReadHtmlCache Behavior ::run [ RunTime:0.003000s ]
INFO: [ app_begin ] --END-- [ RunTime:0.005000s ]
NOTIC: [8] Undefined index: expire D:\phpstudy\WWW\dcyd\ThinkPHP\Common\functions.php Á¨¨ 549 Ë°å.
INFO: [ view_parse ] --START--
INFO: ParseTemplate Behavior ::run [ RunTime:0.029001s ]
INFO: [ view_parse ] --END-- [ RunTime:0.030001s ]
INFO: [ view_filter ] --START--
INFO: ContentReplace Behavior ::run [ RunTime:0.001000s ]
INFO: TokenBuild Behavior ::run [ RunTime:0.001001s ]
INFO: WriteHtmlCache Behavior ::run [ RunTime:0.001000s ]
INFO: ShowRuntime Behavior ::run [ RunTime:0.002000s ]
INFO: [ view_filter ] --END-- [ RunTime:0.007001s ]
INFO: [ view_end ] --START--
INFO: ShowPageTrace Behavior ::run [ RunTime:0.002000s ]
INFO: [ view_end ] --END-- [ RunTime:0.002000s ]

[ 2017-03-16T09:54:21+08:00 ] 127.0.0.1 /Manerger/index.php?m=Up&a=kindls
INFO: [ app_begin ] --START--
INFO: ReadHtmlCache Behavior ::run [ RunTime:0.002000s ]
INFO: [ app_begin ] --END-- [ RunTime:0.003000s ]
NOTIC: [8] Undefined index: expire D:\phpstudy\WWW\dcyd\ThinkPHP\Common\functions.php Á¨¨ 549 Ë°å.
NOTIC: [8] Undefined index: id D:\phpstudy\WWW\dcyd\Manage\Lib\Action\UpAction.class.php Á¨¨ 228 Ë°å.
NOTIC: [8] Undefined index: title D:\phpstudy\WWW\dcyd\Manage\Lib\Action\UpAction.class.php Á¨¨ 229 Ë°å.
NOTIC: [8] Undefined index: name D:\phpstudy\WWW\dcyd\Manage\Lib\Action\UpAction.class.php Á¨¨ 230 Ë°å.
NOTIC: [8] Undefined index: ytime D:\phpstudy\WWW\dcyd\Manage\Lib\Action\UpAction.class.php Á¨¨ 231 Ë°å.
SQL: SHOW COLUMNS FROM `dcyd_viewkinds` [ RunTime:0.004000s ]
NOTIC: [8] Undefined variable: map D:\phpstudy\WWW\dcyd\Manage\Lib\Action\UpAction.class.php Á¨¨ 234 Ë°å.
SQL: SELECT `id`,`kind` FROM `dcyd_viewkinds` LIMIT 0,20   [ RunTime:0.000000s ]
NOTIC: [8] Undefined variable: map D:\phpstudy\WWW\dcyd\Manage\Lib\Action\UpAction.class.php Á¨¨ 235 Ë°å.
SQL: SELECT COUNT(*) AS tp_count FROM `dcyd_viewkinds` LIMIT 1   [ RunTime:0.001000s ]

[ 2017-03-16T09:54:24+08:00 ] 127.0.0.1 /Manerger/index.php/Up/kindedit
INFO: [ route_check ] --START--
INFO: CheckRoute Behavior ::run [ RunTime:0.003000s ]
INFO: [ route_check ] --END-- [ RunTime:0.003000s ]
INFO: [ app_begin ] --START--
INFO: ReadHtmlCache Behavior ::run [ RunTime:0.003000s ]
INFO: [ app_begin ] --END-- [ RunTime:0.003000s ]
NOTIC: [8] Undefined index: expire D:\phpstudy\WWW\dcyd\ThinkPHP\Common\functions.php Á¨¨ 549 Ë°å.
NOTIC: Âª∫ËÆÆ‰ΩøÁî®IÊñπÊ≥ïÊõø‰ª£_post
SQL: SHOW COLUMNS FROM `dcyd_viewkinds` [ RunTime:0.005001s ]
SQL: SELECT `id`,`kind` FROM `dcyd_viewkinds` WHERE ( id = 1 ) LIMIT 1   [ RunTime:0.000000s ]

[ 2017-03-16T09:54:31+08:00 ] 127.0.0.1 /Manerger/index.php?m=Up&a=kindsave&id=1
INFO: [ app_begin ] --START--
INFO: ReadHtmlCache Behavior ::run [ RunTime:0.003000s ]
INFO: [ app_begin ] --END-- [ RunTime:0.005000s ]
NOTIC: [8] Undefined index: expire D:\phpstudy\WWW\dcyd\ThinkPHP\Common\functions.php Á¨¨ 549 Ë°å.
SQL: SHOW COLUMNS FROM `dcyd_viewkinds` [ RunTime:0.004000s ]
NOTIC: Âª∫ËÆÆ‰ΩøÁî®IÊñπÊ≥ïÊõø‰ª£_post
NOTIC: [8] Undefined index: kimg D:\phpstudy\WWW\dcyd\Manage\Lib\Action\UpAction.class.php Á¨¨ 280 Ë°å.
NOTIC: [2] getimagesize() [<a href='function.getimagesize'>function.getimagesize</a>]: Filename cannot be empty D:\phpstudy\WWW\dcyd\Manage\Lib\Action\UpAction.class.php Á¨¨ 281 Ë°å.
NOTIC: [8] Use of undefined constant uniqid - assumed 'uniqid' D:\phpstudy\WWW\dcyd\Manage\Lib\Action\UpAction.class.php Á¨¨ 290 Ë°å.
NOTIC: [8] Use of undefined constant date - assumed 'date' D:\phpstudy\WWW\dcyd\Manage\Lib\Action\UpAction.class.php Á¨¨ 293 Ë°å.
SQL: UPDATE `dcyd_viewkinds` SET `kind`='Á≥ªÂàó‰∏ìÈ¢ò' WHERE ( id = 1 ) [ RunTime:0.001000s ]

[ 2017-03-16T09:54:31+08:00 ] 127.0.0.1 /Manerger/index.php?m=Up&a=kindls
INFO: [ app_begin ] --START--
INFO: ReadHtmlCache Behavior ::run [ RunTime:0.002000s ]
INFO: [ app_begin ] --END-- [ RunTime:0.002000s ]
NOTIC: [8] Undefined index: expire D:\phpstudy\WWW\dcyd\ThinkPHP\Common\functions.php Á¨¨ 549 Ë°å.
NOTIC: [8] Undefined index: id D:\phpstudy\WWW\dcyd\Manage\Lib\Action\UpAction.class.php Á¨¨ 228 Ë°å.
NOTIC: [8] Undefined index: title D:\phpstudy\WWW\dcyd\Manage\Lib\Action\UpAction.class.php Á¨¨ 229 Ë°å.
NOTIC: [8] Undefined index: name D:\phpstudy\WWW\dcyd\Manage\Lib\Action\UpAction.class.php Á¨¨ 230 Ë°å.
NOTIC: [8] Undefined index: ytime D:\phpstudy\WWW\dcyd\Manage\Lib\Action\UpAction.class.php Á¨¨ 231 Ë°å.
SQL: SHOW COLUMNS FROM `dcyd_viewkinds` [ RunTime:0.004001s ]
NOTIC: [8] Undefined variable: map D:\phpstudy\WWW\dcyd\Manage\Lib\Action\UpAction.class.php Á¨¨ 234 Ë°å.
SQL: SELECT `id`,`kind` FROM `dcyd_viewkinds` LIMIT 0,20   [ RunTime:0.000000s ]
NOTIC: [8] Undefined variable: map D:\phpstudy\WWW\dcyd\Manage\Lib\Action\UpAction.class.php Á¨¨ 235 Ë°å.
SQL: SELECT COUNT(*) AS tp_count FROM `dcyd_viewkinds` LIMIT 1   [ RunTime:0.000000s ]

[ 2017-03-16T09:54:34+08:00 ] 127.0.0.1 /Manerger/index.php/Up/vede
INFO: [ route_check ] --START--
INFO: CheckRoute Behavior ::run [ RunTime:0.003000s ]
INFO: [ route_check ] --END-- [ RunTime:0.005001s ]
INFO: [ app_begin ] --START--
INFO: ReadHtmlCache Behavior ::run [ RunTime:0.002000s ]
INFO: [ app_begin ] --END-- [ RunTime:0.004000s ]
NOTIC: [8] Undefined index: expire D:\phpstudy\WWW\dcyd\ThinkPHP\Common\functions.php Á¨¨ 549 Ë°å.
SQL: SHOW COLUMNS FROM `dcyd_viewkinds` [ RunTime:0.004001s ]
SQL: SHOW COLUMNS FROM `dcyd_teacher` [ RunTime:0.004000s ]
SQL: SELECT DISTINCT  `id`,`kind` FROM `dcyd_viewkinds`  [ RunTime:0.001000s ]
SQL: SELECT DISTINCT  `id`,`name` FROM `dcyd_teacher`  [ RunTime:0.001000s ]
INFO: [ view_parse ] --START--
INFO: ParseTemplate Behavior ::run [ RunTime:0.031001s ]
INFO: [ view_parse ] --END-- [ RunTime:0.032001s ]
INFO: [ view_filter ] --START--
INFO: ContentReplace Behavior ::run [ RunTime:0.001001s ]
INFO: TokenBuild Behavior ::run [ RunTime:0.001000s ]
INFO: WriteHtmlCache Behavior ::run [ RunTime:0.001000s ]
INFO: ShowRuntime Behavior ::run [ RunTime:0.002000s ]
INFO: [ view_filter ] --END-- [ RunTime:0.007001s ]
INFO: [ view_end ] --START--
INFO: ShowPageTrace Behavior ::run [ RunTime:0.002000s ]
INFO: [ view_end ] --END-- [ RunTime:0.003000s ]

[ 2017-03-16T09:54:35+08:00 ] 127.0.0.1 /Manerger/index.php?m=Up&a=vedels
INFO: [ app_begin ] --START--
INFO: ReadHtmlCache Behavior ::run [ RunTime:0.003000s ]
INFO: [ app_begin ] --END-- [ RunTime:0.004000s ]
NOTIC: [8] Undefined index: expire D:\phpstudy\WWW\dcyd\ThinkPHP\Common\functions.php Á¨¨ 549 Ë°å.
NOTIC: [8] Undefined index: id D:\phpstudy\WWW\dcyd\Manage\Lib\Action\UpAction.class.php Á¨¨ 341 Ë°å.
NOTIC: [8] Undefined index: title D:\phpstudy\WWW\dcyd\Manage\Lib\Action\UpAction.class.php Á¨¨ 342 Ë°å.
NOTIC: [8] Undefined index: name D:\phpstudy\WWW\dcyd\Manage\Lib\Action\UpAction.class.php Á¨¨ 343 Ë°å.
NOTIC: [8] Undefined index: ytime D:\phpstudy\WWW\dcyd\Manage\Lib\Action\UpAction.class.php Á¨¨ 344 Ë°å.
SQL: SHOW COLUMNS FROM `dcyd_view` [ RunTime:0.004000s ]
NOTIC: [8] Undefined variable: map D:\phpstudy\WWW\dcyd\Manage\Lib\Action\UpAction.class.php Á¨¨ 347 Ë°å.
SQL: SELECT `id`,`kid`,`kname`,`name`,`url`,`title`,`money`,`introduce`,`chapternum`,`kctitle`,`img` FROM `dcyd_view` LIMIT 0,20   [ RunTime:0.001000s ]
NOTIC: [8] Undefined variable: map D:\phpstudy\WWW\dcyd\Manage\Lib\Action\UpAction.class.php Á¨¨ 348 Ë°å.
SQL: SELECT COUNT(*) AS tp_count FROM `dcyd_view` LIMIT 1   [ RunTime:0.001000s ]

[ 2017-03-16T09:54:40+08:00 ] 127.0.0.1 /Manerger/index.php/Up/vedeedit
INFO: [ route_check ] --START--
INFO: CheckRoute Behavior ::run [ RunTime:0.002000s ]
INFO: [ route_check ] --END-- [ RunTime:0.003000s ]
INFO: [ app_begin ] --START--
INFO: ReadHtmlCache Behavior ::run [ RunTime:0.003000s ]
INFO: [ app_begin ] --END-- [ RunTime:0.004000s ]
NOTIC: [8] Undefined index: expire D:\phpstudy\WWW\dcyd\ThinkPHP\Common\functions.php Á¨¨ 549 Ë°å.
NOTIC: Âª∫ËÆÆ‰ΩøÁî®IÊñπÊ≥ïÊõø‰ª£_post
SQL: SHOW COLUMNS FROM `dcyd_view` [ RunTime:0.004000s ]
SQL: SELECT `id`,`kid`,`kname`,`name`,`url`,`title`,`money`,`introduce`,`chapternum`,`kctitle`,`img` FROM `dcyd_view` WHERE ( id = 1 ) LIMIT 1   [ RunTime:0.001001s ]

[ 2017-03-16T09:54:47+08:00 ] 127.0.0.1 /Manerger/index.php?m=Up&a=vedesave&id=1
INFO: [ app_begin ] --START--
INFO: ReadHtmlCache Behavior ::run [ RunTime:0.003000s ]
INFO: [ app_begin ] --END-- [ RunTime:0.004000s ]
NOTIC: [8] Undefined index: expire D:\phpstudy\WWW\dcyd\ThinkPHP\Common\functions.php Á¨¨ 549 Ë°å.
SQL: SHOW COLUMNS FROM `dcyd_view` [ RunTime:0.005001s ]
NOTIC: Âª∫ËÆÆ‰ΩøÁî®IÊñπÊ≥ïÊõø‰ª£_post
SQL: SHOW COLUMNS FROM `dcyd_viewkinds` [ RunTime:0.004000s ]
SQL: SELECT `kind` FROM `dcyd_viewkinds` WHERE ( id = 1 ) LIMIT 1   [ RunTime:0.000000s ]
NOTIC: Âª∫ËÆÆ‰ΩøÁî®IÊñπÊ≥ïÊõø‰ª£_post
SQL: SHOW COLUMNS FROM `dcyd_teacher` [ RunTime:0.004000s ]
SQL: SELECT `name` FROM `dcyd_teacher` WHERE ( id = 5 ) LIMIT 1   [ RunTime:0.001000s ]
NOTIC: Âª∫ËÆÆ‰ΩøÁî®IÊñπÊ≥ïÊõø‰ª£_post
NOTIC: Âª∫ËÆÆ‰ΩøÁî®IÊñπÊ≥ïÊõø‰ª£_post
NOTIC: Âª∫ËÆÆ‰ΩøÁî®IÊñπÊ≥ïÊõø‰ª£_post
NOTIC: Âª∫ËÆÆ‰ΩøÁî®IÊñπÊ≥ïÊõø‰ª£_post
NOTIC: Âª∫ËÆÆ‰ΩøÁî®IÊñπÊ≥ïÊõø‰ª£_post
NOTIC: [2] getimagesize() expects parameter 1 to be string, array given D:\phpstudy\WWW\dcyd\Manage\Lib\Action\UpAction.class.php Á¨¨ 385 Ë°å.
NOTIC: [8] Use of undefined constant uniqid - assumed 'uniqid' D:\phpstudy\WWW\dcyd\Manage\Lib\Action\UpAction.class.php Á¨¨ 394 Ë°å.
NOTIC: [8] Use of undefined constant date - assumed 'date' D:\phpstudy\WWW\dcyd\Manage\Lib\Action\UpAction.class.php Á¨¨ 397 Ë°å.
SQL: UPDATE `dcyd_view` SET `kname`='Á≥ªÂàó‰∏ìÈ¢ò',`name`='ÂàòÂõΩ‰∏\ú',`title`='‰ΩèÂà´Â¢\Ö11ÊîæÂà∞Áö\Ñ',`money`='1112345',`introduce`='‰ΩõÊå°ÊùÄ‰ΩõÊòØÁöÑÂèëÈÄÅÂà∞ÂèëÈÄÅÂà∞111',`chapternum`=1,`kctitle`='Â§ßÂà´Â¢Ö‰π∞Ëµ∑Êù•',`kid`=1 WHERE ( id = 1 ) [ RunTime:0.000000s ]

[ 2017-03-16T09:54:48+08:00 ] 127.0.0.1 /Manerger/index.php?m=Up&a=vedels
INFO: [ app_begin ] --START--
INFO: ReadHtmlCache Behavior ::run [ RunTime:0.001000s ]
INFO: [ app_begin ] --END-- [ RunTime:0.003001s ]
NOTIC: [8] Undefined index: expire D:\phpstudy\WWW\dcyd\ThinkPHP\Common\functions.php Á¨¨ 549 Ë°å.
NOTIC: [8] Undefined index: id D:\phpstudy\WWW\dcyd\Manage\Lib\Action\UpAction.class.php Á¨¨ 341 Ë°å.
NOTIC: [8] Undefined index: title D:\phpstudy\WWW\dcyd\Manage\Lib\Action\UpAction.class.php Á¨¨ 342 Ë°å.
NOTIC: [8] Undefined index: name D:\phpstudy\WWW\dcyd\Manage\Lib\Action\UpAction.class.php Á¨¨ 343 Ë°å.
NOTIC: [8] Undefined index: ytime D:\phpstudy\WWW\dcyd\Manage\Lib\Action\UpAction.class.php Á¨¨ 344 Ë°å.
SQL: SHOW COLUMNS FROM `dcyd_view` [ RunTime:0.006000s ]
NOTIC: [8] Undefined variable: map D:\phpstudy\WWW\dcyd\Manage\Lib\Action\UpAction.class.php Á¨¨ 347 Ë°å.
SQL: SELECT `id`,`kid`,`kname`,`name`,`url`,`title`,`money`,`introduce`,`chapternum`,`kctitle`,`img` FROM `dcyd_view` LIMIT 0,20   [ RunTime:0.001000s ]
NOTIC: [8] Undefined variable: map D:\phpstudy\WWW\dcyd\Manage\Lib\Action\UpAction.class.php Á¨¨ 348 Ë°å.
SQL: SELECT COUNT(*) AS tp_count FROM `dcyd_view` LIMIT 1   [ RunTime:0.001000s ]

[ 2017-03-16T13:50:47+08:00 ] 127.0.0.1 /Manerger/index.php/Up/viewclass
INFO: [ route_check ] --START--
INFO: CheckRoute Behavior ::run [ RunTime:0.002000s ]
INFO: [ route_check ] --END-- [ RunTime:0.004001s ]
INFO: [ app_begin ] --START--
INFO: ReadHtmlCache Behavior ::run [ RunTime:0.003000s ]
INFO: [ app_begin ] --END-- [ RunTime:0.003000s ]
NOTIC: [8] Undefined index: expire D:\phpstudy\WWW\dcyd\ThinkPHP\Common\functions.php Á¨¨ 549 Ë°å.
SQL: SHOW COLUMNS FROM `dcyd_viewkinds` [ RunTime:0.005000s ]
SQL: SELECT DISTINCT  `id`,`kind` FROM `dcyd_viewkinds`  [ RunTime:0.001000s ]
SQL: SHOW COLUMNS FROM `dcyd_viewclass` [ RunTime:0.004000s ]
SQL: SELECT DISTINCT  `id`,`zname` FROM `dcyd_viewclass`  [ RunTime:0.000000s ]
INFO: [ view_parse ] --START--
INFO: ParseTemplate Behavior ::run [ RunTime:0.037002s ]
INFO: [ view_parse ] --END-- [ RunTime:0.037002s ]
INFO: [ view_filter ] --START--
INFO: ContentReplace Behavior ::run [ RunTime:0.001000s ]
INFO: TokenBuild Behavior ::run [ RunTime:0.001001s ]
INFO: WriteHtmlCache Behavior ::run [ RunTime:0.001000s ]
INFO: ShowRuntime Behavior ::run [ RunTime:0.002000s ]
INFO: [ view_filter ] --END-- [ RunTime:0.008001s ]
INFO: [ view_end ] --START--
INFO: ShowPageTrace Behavior ::run [ RunTime:0.002000s ]
INFO: [ view_end ] --END-- [ RunTime:0.002000s ]

[ 2017-03-16T13:50:48+08:00 ] 127.0.0.1 /Manerger/index.php?m=Up&a=viewclassls
INFO: [ app_begin ] --START--
INFO: ReadHtmlCache Behavior ::run [ RunTime:0.004000s ]
INFO: [ app_begin ] --END-- [ RunTime:0.005000s ]
NOTIC: [8] Undefined index: expire D:\phpstudy\WWW\dcyd\ThinkPHP\Common\functions.php Á¨¨ 549 Ë°å.
NOTIC: [8] Undefined index: fname D:\phpstudy\WWW\dcyd\Manage\Lib\Action\UpAction.class.php Á¨¨ 567 Ë°å.
NOTIC: [8] Undefined index: zname D:\phpstudy\WWW\dcyd\Manage\Lib\Action\UpAction.class.php Á¨¨ 568 Ë°å.
SQL: SHOW COLUMNS FROM `dcyd_viewclass` [ RunTime:0.007000s ]
NOTIC: [8] Undefined variable: map D:\phpstudy\WWW\dcyd\Manage\Lib\Action\UpAction.class.php Á¨¨ 570 Ë°å.
SQL: SELECT `id`,`vid`,`fname`,`zname` FROM `dcyd_viewclass` LIMIT 0,20   [ RunTime:0.001000s ]
NOTIC: [8] Undefined variable: map D:\phpstudy\WWW\dcyd\Manage\Lib\Action\UpAction.class.php Á¨¨ 571 Ë°å.
SQL: SELECT COUNT(*) AS tp_count FROM `dcyd_viewclass` LIMIT 1   [ RunTime:0.001000s ]

[ 2017-03-16T13:50:54+08:00 ] 127.0.0.1 /Manerger/index.php/Xxdk/index
INFO: [ route_check ] --START--
INFO: CheckRoute Behavior ::run [ RunTime:0.002000s ]
INFO: [ route_check ] --END-- [ RunTime:0.004000s ]
INFO: [ app_begin ] --START--
INFO: ReadHtmlCache Behavior ::run [ RunTime:0.002000s ]
INFO: [ app_begin ] --END-- [ RunTime:0.004000s ]
NOTIC: [8] Undefined index: expire D:\phpstudy\WWW\dcyd\ThinkPHP\Common\functions.php Á¨¨ 549 Ë°å.
NOTIC: [2048] Declaration of XxdkAction::show() should be compatible with that of Action::show() D:\phpstudy\WWW\dcyd\Manage\Lib\Action\XxdkAction.class.php Á¨¨ 184 Ë°å.
INFO: [ view_parse ] --START--
INFO: ParseTemplate Behavior ::run [ RunTime:0.022001s ]
INFO: [ view_parse ] --END-- [ RunTime:0.023001s ]
INFO: [ view_filter ] --START--
INFO: ContentReplace Behavior ::run [ RunTime:0.001000s ]
INFO: TokenBuild Behavior ::run [ RunTime:0.002001s ]
INFO: WriteHtmlCache Behavior ::run [ RunTime:0.002000s ]
INFO: ShowRuntime Behavior ::run [ RunTime:0.002000s ]
INFO: [ view_filter ] --END-- [ RunTime:0.009001s ]
INFO: [ view_end ] --START--
INFO: ShowPageTrace Behavior ::run [ RunTime:0.002000s ]
INFO: [ view_end ] --END-- [ RunTime:0.003000s ]

[ 2017-03-16T13:50:55+08:00 ] 127.0.0.1 /Manerger/index.php?m=Xxdk&a=xxdklist
INFO: [ app_begin ] --START--
INFO: ReadHtmlCache Behavior ::run [ RunTime:0.002000s ]
INFO: [ app_begin ] --END-- [ RunTime:0.004000s ]
NOTIC: [8] Undefined index: expire D:\phpstudy\WWW\dcyd\ThinkPHP\Common\functions.php Á¨¨ 549 Ë°å.
NOTIC: [2048] Declaration of XxdkAction::show() should be compatible with that of Action::show() D:\phpstudy\WWW\dcyd\Manage\Lib\Action\XxdkAction.class.php Á¨¨ 184 Ë°å.
NOTIC: [8] Undefined index: id D:\phpstudy\WWW\dcyd\Manage\Lib\Action\XxdkAction.class.php Á¨¨ 17 Ë°å.
NOTIC: [8] Undefined index: title D:\phpstudy\WWW\dcyd\Manage\Lib\Action\XxdkAction.class.php Á¨¨ 18 Ë°å.
NOTIC: [8] Undefined index: content D:\phpstudy\WWW\dcyd\Manage\Lib\Action\XxdkAction.class.php Á¨¨ 19 Ë°å.
NOTIC: [8] Undefined index: describe D:\phpstudy\WWW\dcyd\Manage\Lib\Action\XxdkAction.class.php Á¨¨ 20 Ë°å.
NOTIC: [8] Undefined index: keywords D:\phpstudy\WWW\dcyd\Manage\Lib\Action\XxdkAction.class.php Á¨¨ 21 Ë°å.
NOTIC: [8] Undefined index: auth D:\phpstudy\WWW\dcyd\Manage\Lib\Action\XxdkAction.class.php Á¨¨ 22 Ë°å.
NOTIC: [8] Undefined index: status D:\phpstudy\WWW\dcyd\Manage\Lib\Action\XxdkAction.class.php Á¨¨ 23 Ë°å.
NOTIC: [8] Undefined index: lanmu D:\phpstudy\WWW\dcyd\Manage\Lib\Action\XxdkAction.class.php Á¨¨ 24 Ë°å.
SQL: SHOW COLUMNS FROM `dcyd_xxkc` [ RunTime:0.004000s ]
NOTIC: [8] Undefined variable: map D:\phpstudy\WWW\dcyd\Manage\Lib\Action\XxdkAction.class.php Á¨¨ 27 Ë°å.
SQL: SELECT `id`,`title`,`keywords`,`laiyuan`,`content`,`auth`,`describe`,`time`,`status`,`img` FROM `dcyd_xxkc` LIMIT 0,20   [ RunTime:0.001000s ]
NOTIC: [8] Undefined variable: map D:\phpstudy\WWW\dcyd\Manage\Lib\Action\XxdkAction.class.php Á¨¨ 28 Ë°å.
SQL: SELECT COUNT(*) AS tp_count FROM `dcyd_xxkc` LIMIT 1   [ RunTime:0.000000s ]

