[ 2017-04-17T11:06:54+08:00 ] 127.0.0.1 /Manerger/
INFO: [ app_begin ] --START--
INFO: ReadHtmlCache Behavior ::run [ RunTime:0.003000s ]
INFO: [ app_begin ] --END-- [ RunTime:0.005000s ]
NOTIC: [8] Undefined index: expire D:\phpstudy\WWW\dcyd\ThinkPHP\Common\functions.php Á¨¨ 549 Ë°å.
NOTIC: [8] Undefined index: admin D:\phpstudy\WWW\dcyd\Manage\Lib\Action\IndexAction.class.php Á¨¨ 5 Ë°å.
INFO: [ view_parse ] --START--
NOTIC: [8] Undefined index: admin D:\phpstudy\WWW\dcyd\Manage\Runtime\Cache\6eb21b90e50e413ebd495101e2f3fb87.php Á¨¨ 27 Ë°å.
INFO: ParseTemplate Behavior ::run [ RunTime:0.033002s ]
INFO: [ view_parse ] --END-- [ RunTime:0.033002s ]
INFO: [ view_filter ] --START--
INFO: ContentReplace Behavior ::run [ RunTime:0.002000s ]
INFO: TokenBuild Behavior ::run [ RunTime:0.001000s ]
INFO: WriteHtmlCache Behavior ::run [ RunTime:0.001000s ]
INFO: ShowRuntime Behavior ::run [ RunTime:0.002000s ]
INFO: [ view_filter ] --END-- [ RunTime:0.007001s ]
INFO: [ view_end ] --START--
INFO: ShowPageTrace Behavior ::run [ RunTime:0.001000s ]
INFO: [ view_end ] --END-- [ RunTime:0.002000s ]

[ 2017-04-17T11:06:55+08:00 ] 127.0.0.1 /Manerger/index.php/Public/login.html
INFO: [ route_check ] --START--
INFO: CheckRoute Behavior ::run [ RunTime:0.002000s ]
INFO: [ route_check ] --END-- [ RunTime:0.004001s ]
INFO: [ app_begin ] --START--
INFO: ReadHtmlCache Behavior ::run [ RunTime:0.002000s ]
INFO: [ app_begin ] --END-- [ RunTime:0.003000s ]
NOTIC: [8] Undefined index: expire D:\phpstudy\WWW\dcyd\ThinkPHP\Common\functions.php Á¨¨ 549 Ë°å.
INFO: [ view_parse ] --START--
INFO: ParseTemplate Behavior ::run [ RunTime:0.020001s ]
INFO: [ view_parse ] --END-- [ RunTime:0.022001s ]
INFO: [ view_filter ] --START--
INFO: ContentReplace Behavior ::run [ RunTime:0.001000s ]
INFO: TokenBuild Behavior ::run [ RunTime:0.002000s ]
INFO: WriteHtmlCache Behavior ::run [ RunTime:0.001000s ]
INFO: ShowRuntime Behavior ::run [ RunTime:0.002000s ]
INFO: [ view_filter ] --END-- [ RunTime:0.008000s ]
INFO: [ view_end ] --START--
INFO: ShowPageTrace Behavior ::run [ RunTime:0.001000s ]
INFO: [ view_end ] --END-- [ RunTime:0.003001s ]

[ 2017-04-17T11:07:21+08:00 ] 127.0.0.1 /Manerger/index.php/Public/checklogin
INFO: [ route_check ] --START--
INFO: CheckRoute Behavior ::run [ RunTime:0.002000s ]
INFO: [ route_check ] --END-- [ RunTime:0.003000s ]
INFO: [ app_begin ] --START--
INFO: ReadHtmlCache Behavior ::run [ RunTime:0.002000s ]
INFO: [ app_begin ] --END-- [ RunTime:0.003000s ]
NOTIC: [8] Undefined index: expire D:\phpstudy\WWW\dcyd\ThinkPHP\Common\functions.php Á¨¨ 549 Ë°å.
SQL: SHOW COLUMNS FROM `dcyd_admin` [ RunTime:0.010001s ]
NOTIC: Âª∫ËÆÆ‰ΩøÁî®IÊñπÊ≥ïÊõø‰ª£_post
NOTIC: Âª∫ËÆÆ‰ΩøÁî®IÊñπÊ≥ïÊõø‰ª£_post
SQL: SELECT `id`,`rid`,`username` FROM `dcyd_admin` WHERE ( `username` = 'admin' ) AND ( `password` = '8b88e6b7e854b04cb74e' ) LIMIT 1   [ RunTime:0.000000s ]
SQL: SHOW COLUMNS FROM `dcyd_role` [ RunTime:0.009001s ]
SQL: SELECT `powers` FROM `dcyd_role` WHERE ( id=1 ) LIMIT 1   [ RunTime:0.001000s ]
SQL: SHOW COLUMNS FROM `dcyd_node` [ RunTime:0.009001s ]
SQL: SELECT `name` FROM `dcyd_node` WHERE ( pid>0 )  [ RunTime:0.001000s ]
SQL: UPDATE `dcyd_admin` SET `last_time`=1492398441,`last_ip`=127 WHERE ( id=1 ) [ RunTime:0.000000s ]
NOTIC: [8] Undefined variable: var D:\phpstudy\WWW\dcyd\ThinkPHP\Common\functions.php Á¨¨ 247 Ë°å.
NOTIC: [2] array_reverse() expects parameter 1 to be array, null given D:\phpstudy\WWW\dcyd\ThinkPHP\Common\functions.php Á¨¨ 247 Ë°å.
NOTIC: [2] http_build_query() [<a href='function.http-build-query'>function.http-build-query</a>]: Parameter 1 expected to be Array or Object.  Incorrect value given D:\phpstudy\WWW\dcyd\ThinkPHP\Common\functions.php Á¨¨ 247 Ë°å.

[ 2017-04-17T11:07:22+08:00 ] 127.0.0.1 /Manerger/index.php?
INFO: [ app_begin ] --START--
INFO: ReadHtmlCache Behavior ::run [ RunTime:0.003000s ]
INFO: [ app_begin ] --END-- [ RunTime:0.005000s ]
NOTIC: [8] Undefined index: expire D:\phpstudy\WWW\dcyd\ThinkPHP\Common\functions.php Á¨¨ 549 Ë°å.
INFO: [ view_parse ] --START--
INFO: ParseTemplate Behavior ::run [ RunTime:0.031002s ]
INFO: [ view_parse ] --END-- [ RunTime:0.032002s ]
INFO: [ view_filter ] --START--
INFO: ContentReplace Behavior ::run [ RunTime:0.001000s ]
INFO: TokenBuild Behavior ::run [ RunTime:0.002000s ]
INFO: WriteHtmlCache Behavior ::run [ RunTime:0.001000s ]
INFO: ShowRuntime Behavior ::run [ RunTime:0.003001s ]
INFO: [ view_filter ] --END-- [ RunTime:0.008001s ]
INFO: [ view_end ] --START--
INFO: ShowPageTrace Behavior ::run [ RunTime:0.001000s ]
INFO: [ view_end ] --END-- [ RunTime:0.005000s ]

[ 2017-04-17T11:07:27+08:00 ] 127.0.0.1 /Manerger/index.php/Xxdk/index
INFO: [ route_check ] --START--
INFO: CheckRoute Behavior ::run [ RunTime:0.001000s ]
INFO: [ route_check ] --END-- [ RunTime:0.003000s ]
INFO: [ app_begin ] --START--
INFO: ReadHtmlCache Behavior ::run [ RunTime:0.002001s ]
INFO: [ app_begin ] --END-- [ RunTime:0.002001s ]
NOTIC: [8] Undefined index: expire D:\phpstudy\WWW\dcyd\ThinkPHP\Common\functions.php Á¨¨ 549 Ë°å.
INFO: [ view_parse ] --START--
INFO: ParseTemplate Behavior ::run [ RunTime:0.031002s ]
INFO: [ view_parse ] --END-- [ RunTime:0.031002s ]
INFO: [ view_filter ] --START--
INFO: ContentReplace Behavior ::run [ RunTime:0.001000s ]
INFO: TokenBuild Behavior ::run [ RunTime:0.002000s ]
INFO: WriteHtmlCache Behavior ::run [ RunTime:0.001000s ]
INFO: ShowRuntime Behavior ::run [ RunTime:0.003001s ]
INFO: [ view_filter ] --END-- [ RunTime:0.008001s ]
INFO: [ view_end ] --START--
INFO: ShowPageTrace Behavior ::run [ RunTime:0.006000s ]
INFO: [ view_end ] --END-- [ RunTime:0.008000s ]

[ 2017-04-17T11:07:27+08:00 ] 127.0.0.1 /Manerger/index.php?m=Xxdk&a=xxdklist
INFO: [ app_begin ] --START--
INFO: ReadHtmlCache Behavior ::run [ RunTime:0.003000s ]
INFO: [ app_begin ] --END-- [ RunTime:0.003000s ]
NOTIC: [8] Undefined index: expire D:\phpstudy\WWW\dcyd\ThinkPHP\Common\functions.php Á¨¨ 549 Ë°å.
NOTIC: [8] Undefined index: id D:\phpstudy\WWW\dcyd\Manage\Lib\Action\XxdkAction.class.php Á¨¨ 17 Ë°å.
NOTIC: [8] Undefined index: tname D:\phpstudy\WWW\dcyd\Manage\Lib\Action\XxdkAction.class.php Á¨¨ 18 Ë°å.
NOTIC: [8] Undefined index: cost D:\phpstudy\WWW\dcyd\Manage\Lib\Action\XxdkAction.class.php Á¨¨ 19 Ë°å.
NOTIC: [8] Undefined index: days D:\phpstudy\WWW\dcyd\Manage\Lib\Action\XxdkAction.class.php Á¨¨ 20 Ë°å.
NOTIC: [8] Undefined index: img D:\phpstudy\WWW\dcyd\Manage\Lib\Action\XxdkAction.class.php Á¨¨ 21 Ë°å.
SQL: SHOW COLUMNS FROM `dcyd_open_course_type` [ RunTime:0.007000s ]
NOTIC: [8] Undefined variable: map D:\phpstudy\WWW\dcyd\Manage\Lib\Action\XxdkAction.class.php Á¨¨ 24 Ë°å.
SQL: SELECT `id`,`tname`,`cost`,`days`,`img` FROM `dcyd_open_course_type` LIMIT 0,20   [ RunTime:0.000000s ]
NOTIC: [8] Undefined variable: map D:\phpstudy\WWW\dcyd\Manage\Lib\Action\XxdkAction.class.php Á¨¨ 25 Ë°å.
SQL: SELECT COUNT(*) AS tp_count FROM `dcyd_open_course_type` LIMIT 1   [ RunTime:0.001000s ]

[ 2017-04-17T11:07:36+08:00 ] 127.0.0.1 /Manerger/index.php/Kecheng/arrange
INFO: [ route_check ] --START--
INFO: CheckRoute Behavior ::run [ RunTime:0.002000s ]
INFO: [ route_check ] --END-- [ RunTime:0.003000s ]
INFO: [ app_begin ] --START--
INFO: ReadHtmlCache Behavior ::run [ RunTime:0.002001s ]
INFO: [ app_begin ] --END-- [ RunTime:0.003001s ]
NOTIC: [8] Undefined index: expire D:\phpstudy\WWW\dcyd\ThinkPHP\Common\functions.php Á¨¨ 549 Ë°å.
SQL: SHOW COLUMNS FROM `dcyd_teacher` [ RunTime:0.008000s ]
SQL: SELECT `id`,`name` FROM `dcyd_teacher`  [ RunTime:0.001001s ]
SQL: SHOW COLUMNS FROM `dcyd_open_course_type` [ RunTime:0.007000s ]
SQL: SELECT `id`,`tname`,`cost`,`days` FROM `dcyd_open_course_type`  [ RunTime:0.000000s ]
INFO: [ view_parse ] --START--
INFO: ParseTemplate Behavior ::run [ RunTime:0.048003s ]
INFO: [ view_parse ] --END-- [ RunTime:0.049003s ]
INFO: [ view_filter ] --START--
INFO: ContentReplace Behavior ::run [ RunTime:0.001000s ]
INFO: TokenBuild Behavior ::run [ RunTime:0.002000s ]
INFO: WriteHtmlCache Behavior ::run [ RunTime:0.001000s ]
INFO: ShowRuntime Behavior ::run [ RunTime:0.002001s ]
INFO: [ view_filter ] --END-- [ RunTime:0.008001s ]
INFO: [ view_end ] --START--
INFO: ShowPageTrace Behavior ::run [ RunTime:0.003000s ]
INFO: [ view_end ] --END-- [ RunTime:0.013000s ]

[ 2017-04-17T11:07:37+08:00 ] 127.0.0.1 /Manerger/index.php?m=Kecheng&a=arrangelist
INFO: [ app_begin ] --START--
INFO: ReadHtmlCache Behavior ::run [ RunTime:0.001001s ]
INFO: [ app_begin ] --END-- [ RunTime:0.002001s ]
NOTIC: [8] Undefined index: expire D:\phpstudy\WWW\dcyd\ThinkPHP\Common\functions.php Á¨¨ 549 Ë°å.
NOTIC: [8] Undefined index: id D:\phpstudy\WWW\dcyd\Manage\Lib\Action\KechengAction.class.php Á¨¨ 8 Ë°å.
NOTIC: [8] Undefined index: tid D:\phpstudy\WWW\dcyd\Manage\Lib\Action\KechengAction.class.php Á¨¨ 9 Ë°å.
NOTIC: [8] Undefined index: address D:\phpstudy\WWW\dcyd\Manage\Lib\Action\KechengAction.class.php Á¨¨ 10 Ë°å.
NOTIC: [8] Undefined index: time D:\phpstudy\WWW\dcyd\Manage\Lib\Action\KechengAction.class.php Á¨¨ 11 Ë°å.
NOTIC: [8] Undefined index: price D:\phpstudy\WWW\dcyd\Manage\Lib\Action\KechengAction.class.php Á¨¨ 12 Ë°å.
SQL: SHOW COLUMNS FROM `dcyd_open_course` [ RunTime:0.007000s ]
NOTIC: [8] Undefined variable: map D:\phpstudy\WWW\dcyd\Manage\Lib\Action\KechengAction.class.php Á¨¨ 17 Ë°å.
SQL: SELECT a.id,a.address,a.startday,a.endday,a.type,a.teacherid,b.tname,b.cost,b.days,t.name FROM dcyd_open_course as a LEFT JOIN dcyd_open_course_type as b on a.type=b.id LEFT JOIN dcyd_teacher as t on a.teacherid=t.id LIMIT 0,20   [ RunTime:0.001000s ]
NOTIC: [8] Undefined variable: map D:\phpstudy\WWW\dcyd\Manage\Lib\Action\KechengAction.class.php Á¨¨ 20 Ë°å.
SQL: SELECT COUNT(*) AS tp_count FROM dcyd_open_course as a LEFT JOIN dcyd_open_course_type as b on a.type=b.id LEFT JOIN dcyd_teacher as t on a.teacherid=t.id LIMIT 1   [ RunTime:0.001000s ]
NOTIC: [8] A non well formed numeric value encountered D:\phpstudy\WWW\dcyd\Manage\Lib\Action\KechengAction.class.php Á¨¨ 22 Ë°å.
NOTIC: [8] A non well formed numeric value encountered D:\phpstudy\WWW\dcyd\Manage\Lib\Action\KechengAction.class.php Á¨¨ 23 Ë°å.
NOTIC: [8] A non well formed numeric value encountered D:\phpstudy\WWW\dcyd\Manage\Lib\Action\KechengAction.class.php Á¨¨ 22 Ë°å.
NOTIC: [8] A non well formed numeric value encountered D:\phpstudy\WWW\dcyd\Manage\Lib\Action\KechengAction.class.php Á¨¨ 23 Ë°å.

[ 2017-04-17T11:07:42+08:00 ] 127.0.0.1 /Manerger/index.php/Xxdk/index
INFO: [ route_check ] --START--
INFO: CheckRoute Behavior ::run [ RunTime:0.003000s ]
INFO: [ route_check ] --END-- [ RunTime:0.004000s ]
INFO: [ app_begin ] --START--
INFO: ReadHtmlCache Behavior ::run [ RunTime:0.002000s ]
INFO: [ app_begin ] --END-- [ RunTime:0.004000s ]
NOTIC: [8] Undefined index: expire D:\phpstudy\WWW\dcyd\ThinkPHP\Common\functions.php Á¨¨ 549 Ë°å.
INFO: [ view_parse ] --START--
INFO: ParseTemplate Behavior ::run [ RunTime:0.022002s ]
INFO: [ view_parse ] --END-- [ RunTime:0.023002s ]
INFO: [ view_filter ] --START--
INFO: ContentReplace Behavior ::run [ RunTime:0.002000s ]
INFO: TokenBuild Behavior ::run [ RunTime:0.002000s ]
INFO: WriteHtmlCache Behavior ::run [ RunTime:0.001000s ]
INFO: ShowRuntime Behavior ::run [ RunTime:0.003000s ]
INFO: [ view_filter ] --END-- [ RunTime:0.008000s ]
INFO: [ view_end ] --START--
INFO: ShowPageTrace Behavior ::run [ RunTime:0.002000s ]
INFO: [ view_end ] --END-- [ RunTime:0.004000s ]

[ 2017-04-17T11:07:42+08:00 ] 127.0.0.1 /Manerger/index.php?m=Xxdk&a=xxdklist
INFO: [ app_begin ] --START--
INFO: ReadHtmlCache Behavior ::run [ RunTime:0.004000s ]
INFO: [ app_begin ] --END-- [ RunTime:0.004000s ]
NOTIC: [8] Undefined index: expire D:\phpstudy\WWW\dcyd\ThinkPHP\Common\functions.php Á¨¨ 549 Ë°å.
NOTIC: [8] Undefined index: id D:\phpstudy\WWW\dcyd\Manage\Lib\Action\XxdkAction.class.php Á¨¨ 17 Ë°å.
NOTIC: [8] Undefined index: tname D:\phpstudy\WWW\dcyd\Manage\Lib\Action\XxdkAction.class.php Á¨¨ 18 Ë°å.
NOTIC: [8] Undefined index: cost D:\phpstudy\WWW\dcyd\Manage\Lib\Action\XxdkAction.class.php Á¨¨ 19 Ë°å.
NOTIC: [8] Undefined index: days D:\phpstudy\WWW\dcyd\Manage\Lib\Action\XxdkAction.class.php Á¨¨ 20 Ë°å.
NOTIC: [8] Undefined index: img D:\phpstudy\WWW\dcyd\Manage\Lib\Action\XxdkAction.class.php Á¨¨ 21 Ë°å.
SQL: SHOW COLUMNS FROM `dcyd_open_course_type` [ RunTime:0.007000s ]
NOTIC: [8] Undefined variable: map D:\phpstudy\WWW\dcyd\Manage\Lib\Action\XxdkAction.class.php Á¨¨ 24 Ë°å.
SQL: SELECT `id`,`tname`,`cost`,`days`,`img` FROM `dcyd_open_course_type` LIMIT 0,20   [ RunTime:0.001000s ]
NOTIC: [8] Undefined variable: map D:\phpstudy\WWW\dcyd\Manage\Lib\Action\XxdkAction.class.php Á¨¨ 25 Ë°å.
SQL: SELECT COUNT(*) AS tp_count FROM `dcyd_open_course_type` LIMIT 1   [ RunTime:0.000000s ]

[ 2017-04-17T11:07:51+08:00 ] 127.0.0.1 /Manerger/index.php/Popularize/index
INFO: [ route_check ] --START--
INFO: CheckRoute Behavior ::run [ RunTime:0.003001s ]
INFO: [ route_check ] --END-- [ RunTime:0.004001s ]
INFO: [ app_begin ] --START--
INFO: ReadHtmlCache Behavior ::run [ RunTime:0.002000s ]
INFO: [ app_begin ] --END-- [ RunTime:0.003000s ]
NOTIC: [8] Undefined index: expire D:\phpstudy\WWW\dcyd\ThinkPHP\Common\functions.php Á¨¨ 549 Ë°å.
NOTIC: [2048] Declaration of PopularizeAction::show() should be compatible with that of Action::show() D:\phpstudy\WWW\dcyd\Manage\Lib\Action\PopularizeAction.class.php Á¨¨ 121 Ë°å.
INFO: [ view_parse ] --START--
INFO: ParseTemplate Behavior ::run [ RunTime:0.022001s ]
INFO: [ view_parse ] --END-- [ RunTime:0.024001s ]
INFO: [ view_filter ] --START--
INFO: ContentReplace Behavior ::run [ RunTime:0.001000s ]
INFO: TokenBuild Behavior ::run [ RunTime:0.002000s ]
INFO: WriteHtmlCache Behavior ::run [ RunTime:0.001000s ]
INFO: ShowRuntime Behavior ::run [ RunTime:0.001000s ]
INFO: [ view_filter ] --END-- [ RunTime:0.009001s ]
INFO: [ view_end ] --START--
INFO: ShowPageTrace Behavior ::run [ RunTime:0.002000s ]
INFO: [ view_end ] --END-- [ RunTime:0.002000s ]

[ 2017-04-17T11:07:52+08:00 ] 127.0.0.1 /Manerger/index.php?m=Popularize&a=freelist
INFO: [ app_begin ] --START--
INFO: ReadHtmlCache Behavior ::run [ RunTime:0.002000s ]
INFO: [ app_begin ] --END-- [ RunTime:0.002000s ]
NOTIC: [8] Undefined index: expire D:\phpstudy\WWW\dcyd\ThinkPHP\Common\functions.php Á¨¨ 549 Ë°å.
NOTIC: [2048] Declaration of PopularizeAction::show() should be compatible with that of Action::show() D:\phpstudy\WWW\dcyd\Manage\Lib\Action\PopularizeAction.class.php Á¨¨ 121 Ë°å.
NOTIC: [8] Undefined index: id D:\phpstudy\WWW\dcyd\Manage\Lib\Action\PopularizeAction.class.php Á¨¨ 12 Ë°å.
NOTIC: [8] Undefined index: namefree D:\phpstudy\WWW\dcyd\Manage\Lib\Action\PopularizeAction.class.php Á¨¨ 13 Ë°å.
NOTIC: [8] Undefined index: phonefree D:\phpstudy\WWW\dcyd\Manage\Lib\Action\PopularizeAction.class.php Á¨¨ 14 Ë°å.
SQL: SHOW COLUMNS FROM `dcyd_popufree` [ RunTime:0.008001s ]
NOTIC: [8] Undefined variable: map D:\phpstudy\WWW\dcyd\Manage\Lib\Action\PopularizeAction.class.php Á¨¨ 17 Ë°å.
SQL: SELECT `id`,`phonefree`,`namefree`,`sexfree`,`time`,`status` FROM `dcyd_popufree` LIMIT 0,20   [ RunTime:0.000000s ]
NOTIC: [8] Undefined variable: map D:\phpstudy\WWW\dcyd\Manage\Lib\Action\PopularizeAction.class.php Á¨¨ 18 Ë°å.
SQL: SELECT COUNT(*) AS tp_count FROM `dcyd_popufree` LIMIT 1   [ RunTime:0.001001s ]

[ 2017-04-17T11:07:55+08:00 ] 127.0.0.1 /Manerger/index.php/Popularize/question
INFO: [ route_check ] --START--
INFO: CheckRoute Behavior ::run [ RunTime:0.002000s ]
INFO: [ route_check ] --END-- [ RunTime:0.003000s ]
INFO: [ app_begin ] --START--
INFO: ReadHtmlCache Behavior ::run [ RunTime:0.003001s ]
INFO: [ app_begin ] --END-- [ RunTime:0.003001s ]
NOTIC: [8] Undefined index: expire D:\phpstudy\WWW\dcyd\ThinkPHP\Common\functions.php Á¨¨ 549 Ë°å.
NOTIC: [2048] Declaration of PopularizeAction::show() should be compatible with that of Action::show() D:\phpstudy\WWW\dcyd\Manage\Lib\Action\PopularizeAction.class.php Á¨¨ 121 Ë°å.
NOTIC: [8] Constant THEME_NAME already defined D:\phpstudy\WWW\dcyd\ThinkPHP\Lib\Core\View.class.php Á¨¨ 223 Ë°å.
NOTIC: [8] Constant THEME_PATH already defined D:\phpstudy\WWW\dcyd\ThinkPHP\Lib\Core\View.class.php Á¨¨ 174 Ë°å.
NOTIC: [8] Constant APP_TMPL_PATH already defined D:\phpstudy\WWW\dcyd\ThinkPHP\Lib\Core\View.class.php Á¨¨ 175 Ë°å.
INFO: [ view_parse ] --START--
INFO: ParseTemplate Behavior ::run [ RunTime:0.021001s ]
INFO: [ view_parse ] --END-- [ RunTime:0.022001s ]
INFO: [ view_filter ] --START--
INFO: ContentReplace Behavior ::run [ RunTime:0.001000s ]
INFO: TokenBuild Behavior ::run [ RunTime:0.001000s ]
INFO: WriteHtmlCache Behavior ::run [ RunTime:0.000000s ]
INFO: ShowRuntime Behavior ::run [ RunTime:0.002000s ]
INFO: [ view_filter ] --END-- [ RunTime:0.007000s ]
INFO: [ view_end ] --START--
INFO: ShowPageTrace Behavior ::run [ RunTime:0.002000s ]
INFO: [ view_end ] --END-- [ RunTime:0.002000s ]

[ 2017-04-17T11:07:56+08:00 ] 127.0.0.1 /Manerger/index.php?m=Popularize&a=questionlist
INFO: [ app_begin ] --START--
INFO: ReadHtmlCache Behavior ::run [ RunTime:0.002000s ]
INFO: [ app_begin ] --END-- [ RunTime:0.002000s ]
NOTIC: [8] Undefined index: expire D:\phpstudy\WWW\dcyd\ThinkPHP\Common\functions.php Á¨¨ 549 Ë°å.
NOTIC: [2048] Declaration of PopularizeAction::show() should be compatible with that of Action::show() D:\phpstudy\WWW\dcyd\Manage\Lib\Action\PopularizeAction.class.php Á¨¨ 121 Ë°å.
NOTIC: [8] Undefined index: id D:\phpstudy\WWW\dcyd\Manage\Lib\Action\PopularizeAction.class.php Á¨¨ 52 Ë°å.
NOTIC: [8] Undefined index: name D:\phpstudy\WWW\dcyd\Manage\Lib\Action\PopularizeAction.class.php Á¨¨ 53 Ë°å.
NOTIC: [8] Undefined index: phone D:\phpstudy\WWW\dcyd\Manage\Lib\Action\PopularizeAction.class.php Á¨¨ 54 Ë°å.
SQL: SHOW COLUMNS FROM `dcyd_popuques` [ RunTime:0.010001s ]
NOTIC: [8] Undefined variable: map D:\phpstudy\WWW\dcyd\Manage\Lib\Action\PopularizeAction.class.php Á¨¨ 57 Ë°å.
SQL: SELECT `id`,`phone`,`name`,`sex`,`time`,`status` FROM `dcyd_popuques` LIMIT 0,20   [ RunTime:0.001000s ]
NOTIC: [8] Undefined variable: map D:\phpstudy\WWW\dcyd\Manage\Lib\Action\PopularizeAction.class.php Á¨¨ 58 Ë°å.
SQL: SELECT COUNT(*) AS tp_count FROM `dcyd_popuques` LIMIT 1   [ RunTime:0.000000s ]

[ 2017-04-17T11:07:59+08:00 ] 127.0.0.1 /Manerger/index.php/Article/index
INFO: [ route_check ] --START--
INFO: CheckRoute Behavior ::run [ RunTime:0.002000s ]
INFO: [ route_check ] --END-- [ RunTime:0.003000s ]
INFO: [ app_begin ] --START--
INFO: ReadHtmlCache Behavior ::run [ RunTime:0.002000s ]
INFO: [ app_begin ] --END-- [ RunTime:0.003000s ]
NOTIC: [8] Undefined index: expire D:\phpstudy\WWW\dcyd\ThinkPHP\Common\functions.php Á¨¨ 549 Ë°å.
NOTIC: [2048] Declaration of ArticleAction::show() should be compatible with that of Action::show() D:\phpstudy\WWW\dcyd\Manage\Lib\Action\ArticleAction.class.php Á¨¨ 136 Ë°å.
INFO: [ view_parse ] --START--
INFO: ParseTemplate Behavior ::run [ RunTime:0.024001s ]
INFO: [ view_parse ] --END-- [ RunTime:0.024001s ]
INFO: [ view_filter ] --START--
INFO: ContentReplace Behavior ::run [ RunTime:0.001000s ]
INFO: TokenBuild Behavior ::run [ RunTime:0.002000s ]
INFO: WriteHtmlCache Behavior ::run [ RunTime:0.000000s ]
INFO: ShowRuntime Behavior ::run [ RunTime:0.002000s ]
INFO: [ view_filter ] --END-- [ RunTime:0.007000s ]
INFO: [ view_end ] --START--
INFO: ShowPageTrace Behavior ::run [ RunTime:0.004000s ]
INFO: [ view_end ] --END-- [ RunTime:0.004000s ]

[ 2017-04-17T11:08:00+08:00 ] 127.0.0.1 /Manerger/index.php?m=Article&a=articlelist
INFO: [ app_begin ] --START--
INFO: ReadHtmlCache Behavior ::run [ RunTime:0.003000s ]
INFO: [ app_begin ] --END-- [ RunTime:0.004000s ]
NOTIC: [8] Undefined index: expire D:\phpstudy\WWW\dcyd\ThinkPHP\Common\functions.php Á¨¨ 549 Ë°å.
NOTIC: [2048] Declaration of ArticleAction::show() should be compatible with that of Action::show() D:\phpstudy\WWW\dcyd\Manage\Lib\Action\ArticleAction.class.php Á¨¨ 136 Ë°å.
NOTIC: [8] Undefined index: id D:\phpstudy\WWW\dcyd\Manage\Lib\Action\ArticleAction.class.php Á¨¨ 16 Ë°å.
NOTIC: [8] Undefined index: title D:\phpstudy\WWW\dcyd\Manage\Lib\Action\ArticleAction.class.php Á¨¨ 17 Ë°å.
NOTIC: [8] Undefined index: content D:\phpstudy\WWW\dcyd\Manage\Lib\Action\ArticleAction.class.php Á¨¨ 18 Ë°å.
NOTIC: [8] Undefined index: describe D:\phpstudy\WWW\dcyd\Manage\Lib\Action\ArticleAction.class.php Á¨¨ 19 Ë°å.
NOTIC: [8] Undefined index: keywords D:\phpstudy\WWW\dcyd\Manage\Lib\Action\ArticleAction.class.php Á¨¨ 20 Ë°å.
NOTIC: [8] Undefined index: auth D:\phpstudy\WWW\dcyd\Manage\Lib\Action\ArticleAction.class.php Á¨¨ 21 Ë°å.
NOTIC: [8] Undefined index: status D:\phpstudy\WWW\dcyd\Manage\Lib\Action\ArticleAction.class.php Á¨¨ 22 Ë°å.
NOTIC: [8] Undefined index: lanmu D:\phpstudy\WWW\dcyd\Manage\Lib\Action\ArticleAction.class.php Á¨¨ 23 Ë°å.
SQL: SHOW COLUMNS FROM `dcyd_article` [ RunTime:0.007000s ]
NOTIC: [8] Undefined variable: map D:\phpstudy\WWW\dcyd\Manage\Lib\Action\ArticleAction.class.php Á¨¨ 26 Ë°å.
SQL: SELECT `id`,`title`,`keywords`,`lanmu`,`laiyuan`,`content`,`auth`,`describe`,`time`,`status` FROM `dcyd_article` LIMIT 0,20   [ RunTime:0.001000s ]
NOTIC: [8] Undefined variable: map D:\phpstudy\WWW\dcyd\Manage\Lib\Action\ArticleAction.class.php Á¨¨ 27 Ë°å.
SQL: SELECT COUNT(*) AS tp_count FROM `dcyd_article` LIMIT 1   [ RunTime:0.000000s ]

[ 2017-04-17T11:08:08+08:00 ] 127.0.0.1 /Manerger/index.php/Xxdk/index
INFO: [ route_check ] --START--
INFO: CheckRoute Behavior ::run [ RunTime:0.003000s ]
INFO: [ route_check ] --END-- [ RunTime:0.004000s ]
INFO: [ app_begin ] --START--
INFO: ReadHtmlCache Behavior ::run [ RunTime:0.003000s ]
INFO: [ app_begin ] --END-- [ RunTime:0.005000s ]
NOTIC: [8] Undefined index: expire D:\phpstudy\WWW\dcyd\ThinkPHP\Common\functions.php Á¨¨ 549 Ë°å.
INFO: [ view_parse ] --START--
INFO: ParseTemplate Behavior ::run [ RunTime:0.020002s ]
INFO: [ view_parse ] --END-- [ RunTime:0.020002s ]
INFO: [ view_filter ] --START--
INFO: ContentReplace Behavior ::run [ RunTime:0.002000s ]
INFO: TokenBuild Behavior ::run [ RunTime:0.002000s ]
INFO: WriteHtmlCache Behavior ::run [ RunTime:0.001000s ]
INFO: ShowRuntime Behavior ::run [ RunTime:0.002000s ]
INFO: [ view_filter ] --END-- [ RunTime:0.007000s ]
INFO: [ view_end ] --START--
INFO: ShowPageTrace Behavior ::run [ RunTime:0.001000s ]
INFO: [ view_end ] --END-- [ RunTime:0.002000s ]

[ 2017-04-17T11:08:09+08:00 ] 127.0.0.1 /Manerger/index.php?m=Xxdk&a=xxdklist
INFO: [ app_begin ] --START--
INFO: ReadHtmlCache Behavior ::run [ RunTime:0.002000s ]
INFO: [ app_begin ] --END-- [ RunTime:0.002000s ]
NOTIC: [8] Undefined index: expire D:\phpstudy\WWW\dcyd\ThinkPHP\Common\functions.php Á¨¨ 549 Ë°å.
NOTIC: [8] Undefined index: id D:\phpstudy\WWW\dcyd\Manage\Lib\Action\XxdkAction.class.php Á¨¨ 17 Ë°å.
NOTIC: [8] Undefined index: tname D:\phpstudy\WWW\dcyd\Manage\Lib\Action\XxdkAction.class.php Á¨¨ 18 Ë°å.
NOTIC: [8] Undefined index: cost D:\phpstudy\WWW\dcyd\Manage\Lib\Action\XxdkAction.class.php Á¨¨ 19 Ë°å.
NOTIC: [8] Undefined index: days D:\phpstudy\WWW\dcyd\Manage\Lib\Action\XxdkAction.class.php Á¨¨ 20 Ë°å.
NOTIC: [8] Undefined index: img D:\phpstudy\WWW\dcyd\Manage\Lib\Action\XxdkAction.class.php Á¨¨ 21 Ë°å.
SQL: SHOW COLUMNS FROM `dcyd_open_course_type` [ RunTime:0.007000s ]
NOTIC: [8] Undefined variable: map D:\phpstudy\WWW\dcyd\Manage\Lib\Action\XxdkAction.class.php Á¨¨ 24 Ë°å.
SQL: SELECT `id`,`tname`,`cost`,`days`,`img` FROM `dcyd_open_course_type` LIMIT 0,20   [ RunTime:0.001000s ]
NOTIC: [8] Undefined variable: map D:\phpstudy\WWW\dcyd\Manage\Lib\Action\XxdkAction.class.php Á¨¨ 25 Ë°å.
SQL: SELECT COUNT(*) AS tp_count FROM `dcyd_open_course_type` LIMIT 1   [ RunTime:0.001000s ]

[ 2017-04-17T11:45:26+08:00 ] 127.0.0.1 /Manerger/index.php/Xxdk/xxdkedit
INFO: [ route_check ] --START--
INFO: CheckRoute Behavior ::run [ RunTime:0.001001s ]
INFO: [ route_check ] --END-- [ RunTime:0.003001s ]
INFO: [ app_begin ] --START--
INFO: ReadHtmlCache Behavior ::run [ RunTime:0.002000s ]
INFO: [ app_begin ] --END-- [ RunTime:0.002000s ]
NOTIC: [8] Undefined index: expire D:\phpstudy\WWW\dcyd\ThinkPHP\Common\functions.php Á¨¨ 549 Ë°å.
NOTIC: Âª∫ËÆÆ‰ΩøÁî®IÊñπÊ≥ïÊõø‰ª£_post
SQL: SHOW COLUMNS FROM `dcyd_open_course_type` [ RunTime:0.008000s ]
SQL: SELECT `id`,`tname`,`cost`,`days`,`img` FROM `dcyd_open_course_type` WHERE ( id=1 ) LIMIT 1   [ RunTime:0.001000s ]
NOTIC: [8] Undefined index: content D:\phpstudy\WWW\dcyd\Manage\Lib\Action\XxdkAction.class.php Á¨¨ 87 Ë°å.

[ 2017-04-17T11:45:30+08:00 ] 127.0.0.1 /Manerger/index.php/Xxdk/xxdkedit
INFO: [ route_check ] --START--
INFO: CheckRoute Behavior ::run [ RunTime:0.004001s ]
INFO: [ route_check ] --END-- [ RunTime:0.005001s ]
INFO: [ app_begin ] --START--
INFO: ReadHtmlCache Behavior ::run [ RunTime:0.002000s ]
INFO: [ app_begin ] --END-- [ RunTime:0.002000s ]
NOTIC: [8] Undefined index: expire D:\phpstudy\WWW\dcyd\ThinkPHP\Common\functions.php Á¨¨ 549 Ë°å.
NOTIC: Âª∫ËÆÆ‰ΩøÁî®IÊñπÊ≥ïÊõø‰ª£_post
SQL: SHOW COLUMNS FROM `dcyd_open_course_type` [ RunTime:0.008000s ]
SQL: SELECT `id`,`tname`,`cost`,`days`,`img` FROM `dcyd_open_course_type` WHERE ( id=1 ) LIMIT 1   [ RunTime:0.000000s ]
NOTIC: [8] Undefined index: content D:\phpstudy\WWW\dcyd\Manage\Lib\Action\XxdkAction.class.php Á¨¨ 87 Ë°å.

[ 2017-04-17T11:45:31+08:00 ] 127.0.0.1 /Manerger/index.php/Xxdk/xxdkedit
INFO: [ route_check ] --START--
INFO: CheckRoute Behavior ::run [ RunTime:0.003000s ]
INFO: [ route_check ] --END-- [ RunTime:0.003000s ]
INFO: [ app_begin ] --START--
INFO: ReadHtmlCache Behavior ::run [ RunTime:0.003001s ]
INFO: [ app_begin ] --END-- [ RunTime:0.003001s ]
NOTIC: [8] Undefined index: expire D:\phpstudy\WWW\dcyd\ThinkPHP\Common\functions.php Á¨¨ 549 Ë°å.
NOTIC: Âª∫ËÆÆ‰ΩøÁî®IÊñπÊ≥ïÊõø‰ª£_post
SQL: SHOW COLUMNS FROM `dcyd_open_course_type` [ RunTime:0.007000s ]
SQL: SELECT `id`,`tname`,`cost`,`days`,`img` FROM `dcyd_open_course_type` WHERE ( id=1 ) LIMIT 1   [ RunTime:0.001001s ]
NOTIC: [8] Undefined index: content D:\phpstudy\WWW\dcyd\Manage\Lib\Action\XxdkAction.class.php Á¨¨ 87 Ë°å.

[ 2017-04-17T11:45:31+08:00 ] 127.0.0.1 /Manerger/index.php/Xxdk/xxdkedit
INFO: [ route_check ] --START--
INFO: CheckRoute Behavior ::run [ RunTime:0.004000s ]
INFO: [ route_check ] --END-- [ RunTime:0.006000s ]
INFO: [ app_begin ] --START--
INFO: ReadHtmlCache Behavior ::run [ RunTime:0.003000s ]
INFO: [ app_begin ] --END-- [ RunTime:0.005001s ]
NOTIC: [8] Undefined index: expire D:\phpstudy\WWW\dcyd\ThinkPHP\Common\functions.php Á¨¨ 549 Ë°å.
NOTIC: Âª∫ËÆÆ‰ΩøÁî®IÊñπÊ≥ïÊõø‰ª£_post
SQL: SHOW COLUMNS FROM `dcyd_open_course_type` [ RunTime:0.007001s ]
SQL: SELECT `id`,`tname`,`cost`,`days`,`img` FROM `dcyd_open_course_type` WHERE ( id=1 ) LIMIT 1   [ RunTime:0.000000s ]
NOTIC: [8] Undefined index: content D:\phpstudy\WWW\dcyd\Manage\Lib\Action\XxdkAction.class.php Á¨¨ 87 Ë°å.

[ 2017-04-17T11:45:32+08:00 ] 127.0.0.1 /Manerger/index.php/Xxdk/xxdkedit
INFO: [ route_check ] --START--
INFO: CheckRoute Behavior ::run [ RunTime:0.003000s ]
INFO: [ route_check ] --END-- [ RunTime:0.004000s ]
INFO: [ app_begin ] --START--
INFO: ReadHtmlCache Behavior ::run [ RunTime:0.001000s ]
INFO: [ app_begin ] --END-- [ RunTime:0.003000s ]
NOTIC: [8] Undefined index: expire D:\phpstudy\WWW\dcyd\ThinkPHP\Common\functions.php Á¨¨ 549 Ë°å.
NOTIC: Âª∫ËÆÆ‰ΩøÁî®IÊñπÊ≥ïÊõø‰ª£_post
SQL: SHOW COLUMNS FROM `dcyd_open_course_type` [ RunTime:0.013000s ]
SQL: SELECT `id`,`tname`,`cost`,`days`,`img` FROM `dcyd_open_course_type` WHERE ( id=1 ) LIMIT 1   [ RunTime:0.001000s ]
NOTIC: [8] Undefined index: content D:\phpstudy\WWW\dcyd\Manage\Lib\Action\XxdkAction.class.php Á¨¨ 87 Ë°å.

[ 2017-04-17T11:45:33+08:00 ] 127.0.0.1 /Manerger/index.php/Xxdk/xxdkedit
INFO: [ route_check ] --START--
INFO: CheckRoute Behavior ::run [ RunTime:0.003000s ]
INFO: [ route_check ] --END-- [ RunTime:0.004000s ]
INFO: [ app_begin ] --START--
INFO: ReadHtmlCache Behavior ::run [ RunTime:0.003000s ]
INFO: [ app_begin ] --END-- [ RunTime:0.004000s ]
NOTIC: [8] Undefined index: expire D:\phpstudy\WWW\dcyd\ThinkPHP\Common\functions.php Á¨¨ 549 Ë°å.
NOTIC: Âª∫ËÆÆ‰ΩøÁî®IÊñπÊ≥ïÊõø‰ª£_post
SQL: SHOW COLUMNS FROM `dcyd_open_course_type` [ RunTime:0.009001s ]
SQL: SELECT `id`,`tname`,`cost`,`days`,`img` FROM `dcyd_open_course_type` WHERE ( id=1 ) LIMIT 1   [ RunTime:0.001000s ]
NOTIC: [8] Undefined index: content D:\phpstudy\WWW\dcyd\Manage\Lib\Action\XxdkAction.class.php Á¨¨ 87 Ë°å.

[ 2017-04-17T11:45:37+08:00 ] 127.0.0.1 /Manerger/index.php/Xxdk/xxdkedit
INFO: [ route_check ] --START--
INFO: CheckRoute Behavior ::run [ RunTime:0.002000s ]
INFO: [ route_check ] --END-- [ RunTime:0.004000s ]
INFO: [ app_begin ] --START--
INFO: ReadHtmlCache Behavior ::run [ RunTime:0.003000s ]
INFO: [ app_begin ] --END-- [ RunTime:0.003000s ]
NOTIC: [8] Undefined index: expire D:\phpstudy\WWW\dcyd\ThinkPHP\Common\functions.php Á¨¨ 549 Ë°å.
NOTIC: Âª∫ËÆÆ‰ΩøÁî®IÊñπÊ≥ïÊõø‰ª£_post
SQL: SHOW COLUMNS FROM `dcyd_open_course_type` [ RunTime:0.007000s ]
SQL: SELECT `id`,`tname`,`cost`,`days`,`img` FROM `dcyd_open_course_type` WHERE ( id=1 ) LIMIT 1   [ RunTime:0.001000s ]
NOTIC: [8] Undefined index: content D:\phpstudy\WWW\dcyd\Manage\Lib\Action\XxdkAction.class.php Á¨¨ 87 Ë°å.

[ 2017-04-17T11:45:42+08:00 ] 127.0.0.1 /Manerger/index.php/Xxdk/xxdkedit
INFO: [ route_check ] --START--
INFO: CheckRoute Behavior ::run [ RunTime:0.002000s ]
INFO: [ route_check ] --END-- [ RunTime:0.003000s ]
INFO: [ app_begin ] --START--
INFO: ReadHtmlCache Behavior ::run [ RunTime:0.002000s ]
INFO: [ app_begin ] --END-- [ RunTime:0.004001s ]
NOTIC: [8] Undefined index: expire D:\phpstudy\WWW\dcyd\ThinkPHP\Common\functions.php Á¨¨ 549 Ë°å.
NOTIC: Âª∫ËÆÆ‰ΩøÁî®IÊñπÊ≥ïÊõø‰ª£_post
SQL: SHOW COLUMNS FROM `dcyd_open_course_type` [ RunTime:0.007001s ]
SQL: SELECT `id`,`tname`,`cost`,`days`,`img` FROM `dcyd_open_course_type` WHERE ( id=1 ) LIMIT 1   [ RunTime:0.000000s ]
NOTIC: [8] Undefined index: content D:\phpstudy\WWW\dcyd\Manage\Lib\Action\XxdkAction.class.php Á¨¨ 87 Ë°å.

[ 2017-04-17T11:45:58+08:00 ] 127.0.0.1 /Manerger/index.php/Xxdk/xxdkedit
INFO: [ route_check ] --START--
INFO: CheckRoute Behavior ::run [ RunTime:0.003000s ]
INFO: [ route_check ] --END-- [ RunTime:0.004000s ]
INFO: [ app_begin ] --START--
INFO: ReadHtmlCache Behavior ::run [ RunTime:0.003000s ]
INFO: [ app_begin ] --END-- [ RunTime:0.004000s ]
NOTIC: [8] Undefined index: expire D:\phpstudy\WWW\dcyd\ThinkPHP\Common\functions.php Á¨¨ 549 Ë°å.
NOTIC: Âª∫ËÆÆ‰ΩøÁî®IÊñπÊ≥ïÊõø‰ª£_post
SQL: SHOW COLUMNS FROM `dcyd_open_course_type` [ RunTime:0.007000s ]
SQL: SELECT `id`,`tname`,`cost`,`days`,`img` FROM `dcyd_open_course_type` WHERE ( id=1 ) LIMIT 1   [ RunTime:0.001001s ]
NOTIC: [8] Undefined index: content D:\phpstudy\WWW\dcyd\Manage\Lib\Action\XxdkAction.class.php Á¨¨ 87 Ë°å.

[ 2017-04-17T11:47:43+08:00 ] 127.0.0.1 /Manerger/index.php/Xxdk/index
INFO: [ route_check ] --START--
INFO: CheckRoute Behavior ::run [ RunTime:0.002000s ]
INFO: [ route_check ] --END-- [ RunTime:0.002000s ]
INFO: [ app_begin ] --START--
INFO: ReadHtmlCache Behavior ::run [ RunTime:0.003000s ]
INFO: [ app_begin ] --END-- [ RunTime:0.003000s ]
NOTIC: [8] Undefined index: expire D:\phpstudy\WWW\dcyd\ThinkPHP\Common\functions.php Á¨¨ 549 Ë°å.
INFO: [ view_parse ] --START--
INFO: ParseTemplate Behavior ::run [ RunTime:0.032002s ]
INFO: [ view_parse ] --END-- [ RunTime:0.033002s ]
INFO: [ view_filter ] --START--
INFO: ContentReplace Behavior ::run [ RunTime:0.003000s ]
INFO: TokenBuild Behavior ::run [ RunTime:0.002000s ]
INFO: WriteHtmlCache Behavior ::run [ RunTime:0.001001s ]
INFO: ShowRuntime Behavior ::run [ RunTime:0.004000s ]
INFO: [ view_filter ] --END-- [ RunTime:0.012001s ]
INFO: [ view_end ] --START--
INFO: ShowPageTrace Behavior ::run [ RunTime:0.003000s ]
INFO: [ view_end ] --END-- [ RunTime:0.005000s ]

[ 2017-04-17T11:47:43+08:00 ] 127.0.0.1 /Manerger/index.php?m=Xxdk&a=xxdklist
INFO: [ app_begin ] --START--
INFO: ReadHtmlCache Behavior ::run [ RunTime:0.002000s ]
INFO: [ app_begin ] --END-- [ RunTime:0.003000s ]
NOTIC: [8] Undefined index: expire D:\phpstudy\WWW\dcyd\ThinkPHP\Common\functions.php Á¨¨ 549 Ë°å.
NOTIC: [8] Undefined index: id D:\phpstudy\WWW\dcyd\Manage\Lib\Action\XxdkAction.class.php Á¨¨ 17 Ë°å.
NOTIC: [8] Undefined index: tname D:\phpstudy\WWW\dcyd\Manage\Lib\Action\XxdkAction.class.php Á¨¨ 18 Ë°å.
NOTIC: [8] Undefined index: cost D:\phpstudy\WWW\dcyd\Manage\Lib\Action\XxdkAction.class.php Á¨¨ 19 Ë°å.
NOTIC: [8] Undefined index: days D:\phpstudy\WWW\dcyd\Manage\Lib\Action\XxdkAction.class.php Á¨¨ 20 Ë°å.
NOTIC: [8] Undefined index: img D:\phpstudy\WWW\dcyd\Manage\Lib\Action\XxdkAction.class.php Á¨¨ 21 Ë°å.
SQL: SHOW COLUMNS FROM `dcyd_open_course_type` [ RunTime:0.012000s ]
NOTIC: [8] Undefined variable: map D:\phpstudy\WWW\dcyd\Manage\Lib\Action\XxdkAction.class.php Á¨¨ 24 Ë°å.
SQL: SELECT `id`,`tname`,`cost`,`days`,`img` FROM `dcyd_open_course_type` LIMIT 0,20   [ RunTime:0.001000s ]
NOTIC: [8] Undefined variable: map D:\phpstudy\WWW\dcyd\Manage\Lib\Action\XxdkAction.class.php Á¨¨ 25 Ë°å.
SQL: SELECT COUNT(*) AS tp_count FROM `dcyd_open_course_type` LIMIT 1   [ RunTime:0.002000s ]

[ 2017-04-17T11:47:46+08:00 ] 127.0.0.1 /Manerger/index.php/Xxdk/xxdkedit
INFO: [ route_check ] --START--
INFO: CheckRoute Behavior ::run [ RunTime:0.002001s ]
INFO: [ route_check ] --END-- [ RunTime:0.004001s ]
INFO: [ app_begin ] --START--
INFO: ReadHtmlCache Behavior ::run [ RunTime:0.003000s ]
INFO: [ app_begin ] --END-- [ RunTime:0.004000s ]
NOTIC: [8] Undefined index: expire D:\phpstudy\WWW\dcyd\ThinkPHP\Common\functions.php Á¨¨ 549 Ë°å.
NOTIC: Âª∫ËÆÆ‰ΩøÁî®IÊñπÊ≥ïÊõø‰ª£_post
SQL: SHOW COLUMNS FROM `dcyd_open_course_type` [ RunTime:0.008001s ]
SQL: SELECT `id`,`tname`,`cost`,`days`,`img` FROM `dcyd_open_course_type` WHERE ( id=1 ) LIMIT 1   [ RunTime:0.001000s ]
NOTIC: [8] Undefined index: content D:\phpstudy\WWW\dcyd\Manage\Lib\Action\XxdkAction.class.php Á¨¨ 87 Ë°å.

[ 2017-04-17T11:49:58+08:00 ] 127.0.0.1 /Manerger/index.php?m=Xxdk&a=xxdksave&id=1
INFO: [ app_begin ] --START--
INFO: ReadHtmlCache Behavior ::run [ RunTime:0.002000s ]
INFO: [ app_begin ] --END-- [ RunTime:0.003000s ]
NOTIC: [8] Undefined index: expire D:\phpstudy\WWW\dcyd\ThinkPHP\Common\functions.php Á¨¨ 549 Ë°å.
SQL: SHOW COLUMNS FROM `dcyd_open_course_type` [ RunTime:0.007001s ]
NOTIC: Âª∫ËÆÆ‰ΩøÁî®IÊñπÊ≥ïÊõø‰ª£_post
NOTIC: Âª∫ËÆÆ‰ΩøÁî®IÊñπÊ≥ïÊõø‰ª£_post
NOTIC: Âª∫ËÆÆ‰ΩøÁî®IÊñπÊ≥ïÊõø‰ª£_post
NOTIC: [2] getimagesize() expects parameter 1 to be string, array given D:\phpstudy\WWW\dcyd\Manage\Lib\Action\XxdkAction.class.php Á¨¨ 99 Ë°å.
NOTIC: [8] Use of undefined constant uniqid - assumed 'uniqid' D:\phpstudy\WWW\dcyd\Manage\Lib\Action\XxdkAction.class.php Á¨¨ 108 Ë°å.
NOTIC: [8] Use of undefined constant date - assumed 'date' D:\phpstudy\WWW\dcyd\Manage\Lib\Action\XxdkAction.class.php Á¨¨ 111 Ë°å.
SQL: UPDATE `dcyd_open_course_type` SET `tname`='ËÄÅÊùøË¥¢Âä°ÈÄ\ö',`cost`='998.00',`days`=3,`img`='/Public/upload/image/20170417/58f43b668cad3.jpg' WHERE ( id = 1 ) [ RunTime:0.000000s ]

[ 2017-04-17T11:49:59+08:00 ] 127.0.0.1 /Manerger/index.php?m=Xxdk&a=xxdklist
INFO: [ app_begin ] --START--
INFO: ReadHtmlCache Behavior ::run [ RunTime:0.003001s ]
INFO: [ app_begin ] --END-- [ RunTime:0.004001s ]
NOTIC: [8] Undefined index: expire D:\phpstudy\WWW\dcyd\ThinkPHP\Common\functions.php Á¨¨ 549 Ë°å.
NOTIC: [8] Undefined index: id D:\phpstudy\WWW\dcyd\Manage\Lib\Action\XxdkAction.class.php Á¨¨ 17 Ë°å.
NOTIC: [8] Undefined index: tname D:\phpstudy\WWW\dcyd\Manage\Lib\Action\XxdkAction.class.php Á¨¨ 18 Ë°å.
NOTIC: [8] Undefined index: cost D:\phpstudy\WWW\dcyd\Manage\Lib\Action\XxdkAction.class.php Á¨¨ 19 Ë°å.
NOTIC: [8] Undefined index: days D:\phpstudy\WWW\dcyd\Manage\Lib\Action\XxdkAction.class.php Á¨¨ 20 Ë°å.
NOTIC: [8] Undefined index: img D:\phpstudy\WWW\dcyd\Manage\Lib\Action\XxdkAction.class.php Á¨¨ 21 Ë°å.
SQL: SHOW COLUMNS FROM `dcyd_open_course_type` [ RunTime:0.008000s ]
NOTIC: [8] Undefined variable: map D:\phpstudy\WWW\dcyd\Manage\Lib\Action\XxdkAction.class.php Á¨¨ 24 Ë°å.
SQL: SELECT `id`,`tname`,`cost`,`days`,`img` FROM `dcyd_open_course_type` LIMIT 0,20   [ RunTime:0.001000s ]
NOTIC: [8] Undefined variable: map D:\phpstudy\WWW\dcyd\Manage\Lib\Action\XxdkAction.class.php Á¨¨ 25 Ë°å.
SQL: SELECT COUNT(*) AS tp_count FROM `dcyd_open_course_type` LIMIT 1   [ RunTime:0.000000s ]

[ 2017-04-17T11:50:02+08:00 ] 127.0.0.1 /Manerger/index.php/Xxdk/xxdkedit
INFO: [ route_check ] --START--
INFO: CheckRoute Behavior ::run [ RunTime:0.002000s ]
INFO: [ route_check ] --END-- [ RunTime:0.004000s ]
INFO: [ app_begin ] --START--
INFO: ReadHtmlCache Behavior ::run [ RunTime:0.003000s ]
INFO: [ app_begin ] --END-- [ RunTime:0.003000s ]
NOTIC: [8] Undefined index: expire D:\phpstudy\WWW\dcyd\ThinkPHP\Common\functions.php Á¨¨ 549 Ë°å.
NOTIC: Âª∫ËÆÆ‰ΩøÁî®IÊñπÊ≥ïÊõø‰ª£_post
SQL: SHOW COLUMNS FROM `dcyd_open_course_type` [ RunTime:0.007001s ]
SQL: SELECT `id`,`tname`,`cost`,`days`,`img` FROM `dcyd_open_course_type` WHERE ( id=2 ) LIMIT 1   [ RunTime:0.000000s ]
NOTIC: [8] Undefined index: content D:\phpstudy\WWW\dcyd\Manage\Lib\Action\XxdkAction.class.php Á¨¨ 87 Ë°å.

[ 2017-04-17T11:50:09+08:00 ] 127.0.0.1 /Manerger/index.php?m=Xxdk&a=xxdksave&id=2
INFO: [ app_begin ] --START--
INFO: ReadHtmlCache Behavior ::run [ RunTime:0.003000s ]
INFO: [ app_begin ] --END-- [ RunTime:0.004000s ]
NOTIC: [8] Undefined index: expire D:\phpstudy\WWW\dcyd\ThinkPHP\Common\functions.php Á¨¨ 549 Ë°å.
SQL: SHOW COLUMNS FROM `dcyd_open_course_type` [ RunTime:0.007000s ]
NOTIC: Âª∫ËÆÆ‰ΩøÁî®IÊñπÊ≥ïÊõø‰ª£_post
NOTIC: Âª∫ËÆÆ‰ΩøÁî®IÊñπÊ≥ïÊõø‰ª£_post
NOTIC: Âª∫ËÆÆ‰ΩøÁî®IÊñπÊ≥ïÊõø‰ª£_post
NOTIC: [2] getimagesize() expects parameter 1 to be string, array given D:\phpstudy\WWW\dcyd\Manage\Lib\Action\XxdkAction.class.php Á¨¨ 99 Ë°å.
NOTIC: [8] Use of undefined constant uniqid - assumed 'uniqid' D:\phpstudy\WWW\dcyd\Manage\Lib\Action\XxdkAction.class.php Á¨¨ 108 Ë°å.
NOTIC: [8] Use of undefined constant date - assumed 'date' D:\phpstudy\WWW\dcyd\Manage\Lib\Action\XxdkAction.class.php Á¨¨ 111 Ë°å.
SQL: UPDATE `dcyd_open_course_type` SET `tname`='Ë¥¢Âä°ÈÄ\ö',`cost`='1800.00',`days`=3,`img`='/Public/upload/image/20170417/58f43b713cbf5.jpg' WHERE ( id = 2 ) [ RunTime:0.000000s ]

[ 2017-04-17T11:50:10+08:00 ] 127.0.0.1 /Manerger/index.php?m=Xxdk&a=xxdklist
INFO: [ app_begin ] --START--
INFO: ReadHtmlCache Behavior ::run [ RunTime:0.002000s ]
INFO: [ app_begin ] --END-- [ RunTime:0.003000s ]
NOTIC: [8] Undefined index: expire D:\phpstudy\WWW\dcyd\ThinkPHP\Common\functions.php Á¨¨ 549 Ë°å.
NOTIC: [8] Undefined index: id D:\phpstudy\WWW\dcyd\Manage\Lib\Action\XxdkAction.class.php Á¨¨ 17 Ë°å.
NOTIC: [8] Undefined index: tname D:\phpstudy\WWW\dcyd\Manage\Lib\Action\XxdkAction.class.php Á¨¨ 18 Ë°å.
NOTIC: [8] Undefined index: cost D:\phpstudy\WWW\dcyd\Manage\Lib\Action\XxdkAction.class.php Á¨¨ 19 Ë°å.
NOTIC: [8] Undefined index: days D:\phpstudy\WWW\dcyd\Manage\Lib\Action\XxdkAction.class.php Á¨¨ 20 Ë°å.
NOTIC: [8] Undefined index: img D:\phpstudy\WWW\dcyd\Manage\Lib\Action\XxdkAction.class.php Á¨¨ 21 Ë°å.
SQL: SHOW COLUMNS FROM `dcyd_open_course_type` [ RunTime:0.010001s ]
NOTIC: [8] Undefined variable: map D:\phpstudy\WWW\dcyd\Manage\Lib\Action\XxdkAction.class.php Á¨¨ 24 Ë°å.
SQL: SELECT `id`,`tname`,`cost`,`days`,`img` FROM `dcyd_open_course_type` LIMIT 0,20   [ RunTime:0.001000s ]
NOTIC: [8] Undefined variable: map D:\phpstudy\WWW\dcyd\Manage\Lib\Action\XxdkAction.class.php Á¨¨ 25 Ë°å.
SQL: SELECT COUNT(*) AS tp_count FROM `dcyd_open_course_type` LIMIT 1   [ RunTime:0.000000s ]

[ 2017-04-17T11:50:12+08:00 ] 127.0.0.1 /Manerger/index.php/Xxdk/xxdkedit
INFO: [ route_check ] --START--
INFO: CheckRoute Behavior ::run [ RunTime:0.002000s ]
INFO: [ route_check ] --END-- [ RunTime:0.003000s ]
INFO: [ app_begin ] --START--
INFO: ReadHtmlCache Behavior ::run [ RunTime:0.002000s ]
INFO: [ app_begin ] --END-- [ RunTime:0.002000s ]
NOTIC: [8] Undefined index: expire D:\phpstudy\WWW\dcyd\ThinkPHP\Common\functions.php Á¨¨ 549 Ë°å.
NOTIC: Âª∫ËÆÆ‰ΩøÁî®IÊñπÊ≥ïÊõø‰ª£_post
SQL: SHOW COLUMNS FROM `dcyd_open_course_type` [ RunTime:0.007000s ]
SQL: SELECT `id`,`tname`,`cost`,`days`,`img` FROM `dcyd_open_course_type` WHERE ( id=3 ) LIMIT 1   [ RunTime:0.000000s ]
NOTIC: [8] Undefined index: content D:\phpstudy\WWW\dcyd\Manage\Lib\Action\XxdkAction.class.php Á¨¨ 87 Ë°å.

[ 2017-04-17T11:50:18+08:00 ] 127.0.0.1 /Manerger/index.php?m=Xxdk&a=xxdksave&id=3
INFO: [ app_begin ] --START--
INFO: ReadHtmlCache Behavior ::run [ RunTime:0.003000s ]
INFO: [ app_begin ] --END-- [ RunTime:0.005000s ]
NOTIC: [8] Undefined index: expire D:\phpstudy\WWW\dcyd\ThinkPHP\Common\functions.php Á¨¨ 549 Ë°å.
SQL: SHOW COLUMNS FROM `dcyd_open_course_type` [ RunTime:0.008000s ]
NOTIC: Âª∫ËÆÆ‰ΩøÁî®IÊñπÊ≥ïÊõø‰ª£_post
NOTIC: Âª∫ËÆÆ‰ΩøÁî®IÊñπÊ≥ïÊõø‰ª£_post
NOTIC: Âª∫ËÆÆ‰ΩøÁî®IÊñπÊ≥ïÊõø‰ª£_post
NOTIC: [2] getimagesize() expects parameter 1 to be string, array given D:\phpstudy\WWW\dcyd\Manage\Lib\Action\XxdkAction.class.php Á¨¨ 99 Ë°å.
NOTIC: [8] Use of undefined constant uniqid - assumed 'uniqid' D:\phpstudy\WWW\dcyd\Manage\Lib\Action\XxdkAction.class.php Á¨¨ 108 Ë°å.
NOTIC: [8] Use of undefined constant date - assumed 'date' D:\phpstudy\WWW\dcyd\Manage\Lib\Action\XxdkAction.class.php Á¨¨ 111 Ë°å.
SQL: UPDATE `dcyd_open_course_type` SET `tname`='ÁÆ°ÁêÜÂ±ÇË¥¢Âä°ÊÄùÁª¥',`cost`='9800.00',`days`=3,`img`='/Public/upload/image/20170417/58f43b79c8840.jpg' WHERE ( id = 3 ) [ RunTime:0.000000s ]

[ 2017-04-17T11:50:19+08:00 ] 127.0.0.1 /Manerger/index.php?m=Xxdk&a=xxdklist
INFO: [ app_begin ] --START--
INFO: ReadHtmlCache Behavior ::run [ RunTime:0.003000s ]
INFO: [ app_begin ] --END-- [ RunTime:0.004000s ]
NOTIC: [8] Undefined index: expire D:\phpstudy\WWW\dcyd\ThinkPHP\Common\functions.php Á¨¨ 549 Ë°å.
NOTIC: [8] Undefined index: id D:\phpstudy\WWW\dcyd\Manage\Lib\Action\XxdkAction.class.php Á¨¨ 17 Ë°å.
NOTIC: [8] Undefined index: tname D:\phpstudy\WWW\dcyd\Manage\Lib\Action\XxdkAction.class.php Á¨¨ 18 Ë°å.
NOTIC: [8] Undefined index: cost D:\phpstudy\WWW\dcyd\Manage\Lib\Action\XxdkAction.class.php Á¨¨ 19 Ë°å.
NOTIC: [8] Undefined index: days D:\phpstudy\WWW\dcyd\Manage\Lib\Action\XxdkAction.class.php Á¨¨ 20 Ë°å.
NOTIC: [8] Undefined index: img D:\phpstudy\WWW\dcyd\Manage\Lib\Action\XxdkAction.class.php Á¨¨ 21 Ë°å.
SQL: SHOW COLUMNS FROM `dcyd_open_course_type` [ RunTime:0.008001s ]
NOTIC: [8] Undefined variable: map D:\phpstudy\WWW\dcyd\Manage\Lib\Action\XxdkAction.class.php Á¨¨ 24 Ë°å.
SQL: SELECT `id`,`tname`,`cost`,`days`,`img` FROM `dcyd_open_course_type` LIMIT 0,20   [ RunTime:0.001000s ]
NOTIC: [8] Undefined variable: map D:\phpstudy\WWW\dcyd\Manage\Lib\Action\XxdkAction.class.php Á¨¨ 25 Ë°å.
SQL: SELECT COUNT(*) AS tp_count FROM `dcyd_open_course_type` LIMIT 1   [ RunTime:0.001000s ]

[ 2017-04-17T11:50:22+08:00 ] 127.0.0.1 /Manerger/index.php/Xxdk/xxdkedit
INFO: [ route_check ] --START--
INFO: CheckRoute Behavior ::run [ RunTime:0.002000s ]
INFO: [ route_check ] --END-- [ RunTime:0.003000s ]
INFO: [ app_begin ] --START--
INFO: ReadHtmlCache Behavior ::run [ RunTime:0.002000s ]
INFO: [ app_begin ] --END-- [ RunTime:0.002000s ]
NOTIC: [8] Undefined index: expire D:\phpstudy\WWW\dcyd\ThinkPHP\Common\functions.php Á¨¨ 549 Ë°å.
NOTIC: Âª∫ËÆÆ‰ΩøÁî®IÊñπÊ≥ïÊõø‰ª£_post
SQL: SHOW COLUMNS FROM `dcyd_open_course_type` [ RunTime:0.007001s ]
SQL: SELECT `id`,`tname`,`cost`,`days`,`img` FROM `dcyd_open_course_type` WHERE ( id=4 ) LIMIT 1   [ RunTime:0.001000s ]
NOTIC: [8] Undefined index: content D:\phpstudy\WWW\dcyd\Manage\Lib\Action\XxdkAction.class.php Á¨¨ 87 Ë°å.

[ 2017-04-17T11:50:26+08:00 ] 127.0.0.1 /Manerger/index.php?m=Xxdk&a=xxdksave&id=4
INFO: [ app_begin ] --START--
INFO: ReadHtmlCache Behavior ::run [ RunTime:0.003001s ]
INFO: [ app_begin ] --END-- [ RunTime:0.004001s ]
NOTIC: [8] Undefined index: expire D:\phpstudy\WWW\dcyd\ThinkPHP\Common\functions.php Á¨¨ 549 Ë°å.
SQL: SHOW COLUMNS FROM `dcyd_open_course_type` [ RunTime:0.007000s ]
NOTIC: Âª∫ËÆÆ‰ΩøÁî®IÊñπÊ≥ïÊõø‰ª£_post
NOTIC: Âª∫ËÆÆ‰ΩøÁî®IÊñπÊ≥ïÊõø‰ª£_post
NOTIC: Âª∫ËÆÆ‰ΩøÁî®IÊñπÊ≥ïÊõø‰ª£_post
NOTIC: [2] getimagesize() expects parameter 1 to be string, array given D:\phpstudy\WWW\dcyd\Manage\Lib\Action\XxdkAction.class.php Á¨¨ 99 Ë°å.
NOTIC: [8] Use of undefined constant uniqid - assumed 'uniqid' D:\phpstudy\WWW\dcyd\Manage\Lib\Action\XxdkAction.class.php Á¨¨ 108 Ë°å.
NOTIC: [8] Use of undefined constant date - assumed 'date' D:\phpstudy\WWW\dcyd\Manage\Lib\Action\XxdkAction.class.php Á¨¨ 111 Ë°å.
SQL: UPDATE `dcyd_open_course_type` SET `tname`='Ë¥¢Âä°Á≥ªÁªü',`cost`='15800.00',`days`=3,`img`='/Public/upload/image/20170417/58f43b82aa5dc.jpg' WHERE ( id = 4 ) [ RunTime:0.001000s ]

[ 2017-04-17T11:50:27+08:00 ] 127.0.0.1 /Manerger/index.php?m=Xxdk&a=xxdklist
INFO: [ app_begin ] --START--
INFO: ReadHtmlCache Behavior ::run [ RunTime:0.002000s ]
INFO: [ app_begin ] --END-- [ RunTime:0.002000s ]
NOTIC: [8] Undefined index: expire D:\phpstudy\WWW\dcyd\ThinkPHP\Common\functions.php Á¨¨ 549 Ë°å.
NOTIC: [8] Undefined index: id D:\phpstudy\WWW\dcyd\Manage\Lib\Action\XxdkAction.class.php Á¨¨ 17 Ë°å.
NOTIC: [8] Undefined index: tname D:\phpstudy\WWW\dcyd\Manage\Lib\Action\XxdkAction.class.php Á¨¨ 18 Ë°å.
NOTIC: [8] Undefined index: cost D:\phpstudy\WWW\dcyd\Manage\Lib\Action\XxdkAction.class.php Á¨¨ 19 Ë°å.
NOTIC: [8] Undefined index: days D:\phpstudy\WWW\dcyd\Manage\Lib\Action\XxdkAction.class.php Á¨¨ 20 Ë°å.
NOTIC: [8] Undefined index: img D:\phpstudy\WWW\dcyd\Manage\Lib\Action\XxdkAction.class.php Á¨¨ 21 Ë°å.
SQL: SHOW COLUMNS FROM `dcyd_open_course_type` [ RunTime:0.009000s ]
NOTIC: [8] Undefined variable: map D:\phpstudy\WWW\dcyd\Manage\Lib\Action\XxdkAction.class.php Á¨¨ 24 Ë°å.
SQL: SELECT `id`,`tname`,`cost`,`days`,`img` FROM `dcyd_open_course_type` LIMIT 0,20   [ RunTime:0.000000s ]
NOTIC: [8] Undefined variable: map D:\phpstudy\WWW\dcyd\Manage\Lib\Action\XxdkAction.class.php Á¨¨ 25 Ë°å.
SQL: SELECT COUNT(*) AS tp_count FROM `dcyd_open_course_type` LIMIT 1   [ RunTime:0.001001s ]

[ 2017-04-17T11:50:30+08:00 ] 127.0.0.1 /Manerger/index.php/Xxdk/xxdkedit
INFO: [ route_check ] --START--
INFO: CheckRoute Behavior ::run [ RunTime:0.002001s ]
INFO: [ route_check ] --END-- [ RunTime:0.004001s ]
INFO: [ app_begin ] --START--
INFO: ReadHtmlCache Behavior ::run [ RunTime:0.003000s ]
INFO: [ app_begin ] --END-- [ RunTime:0.004000s ]
NOTIC: [8] Undefined index: expire D:\phpstudy\WWW\dcyd\ThinkPHP\Common\functions.php Á¨¨ 549 Ë°å.
NOTIC: Âª∫ËÆÆ‰ΩøÁî®IÊñπÊ≥ïÊõø‰ª£_post
SQL: SHOW COLUMNS FROM `dcyd_open_course_type` [ RunTime:0.012001s ]
SQL: SELECT `id`,`tname`,`cost`,`days`,`img` FROM `dcyd_open_course_type` WHERE ( id=5 ) LIMIT 1   [ RunTime:0.001000s ]
NOTIC: [8] Undefined index: content D:\phpstudy\WWW\dcyd\Manage\Lib\Action\XxdkAction.class.php Á¨¨ 87 Ë°å.

[ 2017-04-17T11:50:35+08:00 ] 127.0.0.1 /Manerger/index.php?m=Xxdk&a=xxdksave&id=5
INFO: [ app_begin ] --START--
INFO: ReadHtmlCache Behavior ::run [ RunTime:0.002000s ]
INFO: [ app_begin ] --END-- [ RunTime:0.002000s ]
NOTIC: [8] Undefined index: expire D:\phpstudy\WWW\dcyd\ThinkPHP\Common\functions.php Á¨¨ 549 Ë°å.
SQL: SHOW COLUMNS FROM `dcyd_open_course_type` [ RunTime:0.007000s ]
NOTIC: Âª∫ËÆÆ‰ΩøÁî®IÊñπÊ≥ïÊõø‰ª£_post
NOTIC: Âª∫ËÆÆ‰ΩøÁî®IÊñπÊ≥ïÊõø‰ª£_post
NOTIC: Âª∫ËÆÆ‰ΩøÁî®IÊñπÊ≥ïÊõø‰ª£_post
NOTIC: [2] getimagesize() expects parameter 1 to be string, array given D:\phpstudy\WWW\dcyd\Manage\Lib\Action\XxdkAction.class.php Á¨¨ 99 Ë°å.
NOTIC: [8] Use of undefined constant uniqid - assumed 'uniqid' D:\phpstudy\WWW\dcyd\Manage\Lib\Action\XxdkAction.class.php Á¨¨ 108 Ë°å.
NOTIC: [8] Use of undefined constant date - assumed 'date' D:\phpstudy\WWW\dcyd\Manage\Lib\Action\XxdkAction.class.php Á¨¨ 111 Ë°å.
SQL: UPDATE `dcyd_open_course_type` SET `tname`='Á®éÂä°Á®ΩÊü•‰∏éÂ∫îÂØπÁ≠ñÁï\•',`cost`='998.00',`days`=3,`img`='/Public/upload/image/20170417/58f43b8b0dfd2.jpg' WHERE ( id = 5 ) [ RunTime:0.001000s ]

[ 2017-04-17T11:50:36+08:00 ] 127.0.0.1 /Manerger/index.php?m=Xxdk&a=xxdklist
INFO: [ app_begin ] --START--
INFO: ReadHtmlCache Behavior ::run [ RunTime:0.001000s ]
INFO: [ app_begin ] --END-- [ RunTime:0.003000s ]
NOTIC: [8] Undefined index: expire D:\phpstudy\WWW\dcyd\ThinkPHP\Common\functions.php Á¨¨ 549 Ë°å.
NOTIC: [8] Undefined index: id D:\phpstudy\WWW\dcyd\Manage\Lib\Action\XxdkAction.class.php Á¨¨ 17 Ë°å.
NOTIC: [8] Undefined index: tname D:\phpstudy\WWW\dcyd\Manage\Lib\Action\XxdkAction.class.php Á¨¨ 18 Ë°å.
NOTIC: [8] Undefined index: cost D:\phpstudy\WWW\dcyd\Manage\Lib\Action\XxdkAction.class.php Á¨¨ 19 Ë°å.
NOTIC: [8] Undefined index: days D:\phpstudy\WWW\dcyd\Manage\Lib\Action\XxdkAction.class.php Á¨¨ 20 Ë°å.
NOTIC: [8] Undefined index: img D:\phpstudy\WWW\dcyd\Manage\Lib\Action\XxdkAction.class.php Á¨¨ 21 Ë°å.
SQL: SHOW COLUMNS FROM `dcyd_open_course_type` [ RunTime:0.010001s ]
NOTIC: [8] Undefined variable: map D:\phpstudy\WWW\dcyd\Manage\Lib\Action\XxdkAction.class.php Á¨¨ 24 Ë°å.
SQL: SELECT `id`,`tname`,`cost`,`days`,`img` FROM `dcyd_open_course_type` LIMIT 0,20   [ RunTime:0.001000s ]
NOTIC: [8] Undefined variable: map D:\phpstudy\WWW\dcyd\Manage\Lib\Action\XxdkAction.class.php Á¨¨ 25 Ë°å.
SQL: SELECT COUNT(*) AS tp_count FROM `dcyd_open_course_type` LIMIT 1   [ RunTime:0.000000s ]

[ 2017-04-17T14:52:38+08:00 ] 127.0.0.1 /Manerger/index.php/Xxdk/index
INFO: [ route_check ] --START--
INFO: CheckRoute Behavior ::run [ RunTime:0.002001s ]
INFO: [ route_check ] --END-- [ RunTime:0.003001s ]
INFO: [ app_begin ] --START--
INFO: ReadHtmlCache Behavior ::run [ RunTime:0.001000s ]
INFO: [ app_begin ] --END-- [ RunTime:0.003000s ]
NOTIC: [8] Undefined index: expire D:\phpstudy\WWW\dcyd\ThinkPHP\Common\functions.php Á¨¨ 549 Ë°å.
INFO: [ view_parse ] --START--
INFO: ParseTemplate Behavior ::run [ RunTime:0.023002s ]
INFO: [ view_parse ] --END-- [ RunTime:0.023002s ]
INFO: [ view_filter ] --START--
INFO: ContentReplace Behavior ::run [ RunTime:0.001000s ]
INFO: TokenBuild Behavior ::run [ RunTime:0.001000s ]
INFO: WriteHtmlCache Behavior ::run [ RunTime:0.001000s ]
INFO: ShowRuntime Behavior ::run [ RunTime:0.002000s ]
INFO: [ view_filter ] --END-- [ RunTime:0.007000s ]
INFO: [ view_end ] --START--
INFO: ShowPageTrace Behavior ::run [ RunTime:0.002000s ]
INFO: [ view_end ] --END-- [ RunTime:0.003000s ]

[ 2017-04-17T14:52:39+08:00 ] 127.0.0.1 /Manerger/index.php?m=Xxdk&a=xxdklist
INFO: [ app_begin ] --START--
INFO: ReadHtmlCache Behavior ::run [ RunTime:0.002000s ]
INFO: [ app_begin ] --END-- [ RunTime:0.002000s ]
NOTIC: [8] Undefined index: expire D:\phpstudy\WWW\dcyd\ThinkPHP\Common\functions.php Á¨¨ 549 Ë°å.
NOTIC: [8] Undefined index: id D:\phpstudy\WWW\dcyd\Manage\Lib\Action\XxdkAction.class.php Á¨¨ 17 Ë°å.
NOTIC: [8] Undefined index: tname D:\phpstudy\WWW\dcyd\Manage\Lib\Action\XxdkAction.class.php Á¨¨ 18 Ë°å.
NOTIC: [8] Undefined index: cost D:\phpstudy\WWW\dcyd\Manage\Lib\Action\XxdkAction.class.php Á¨¨ 19 Ë°å.
NOTIC: [8] Undefined index: days D:\phpstudy\WWW\dcyd\Manage\Lib\Action\XxdkAction.class.php Á¨¨ 20 Ë°å.
NOTIC: [8] Undefined index: img D:\phpstudy\WWW\dcyd\Manage\Lib\Action\XxdkAction.class.php Á¨¨ 21 Ë°å.
SQL: SHOW COLUMNS FROM `dcyd_open_course_type` [ RunTime:0.008001s ]
NOTIC: [8] Undefined variable: map D:\phpstudy\WWW\dcyd\Manage\Lib\Action\XxdkAction.class.php Á¨¨ 24 Ë°å.
SQL: SELECT `id`,`tname`,`cost`,`days`,`img` FROM `dcyd_open_course_type` LIMIT 0,20   [ RunTime:0.001000s ]
NOTIC: [8] Undefined variable: map D:\phpstudy\WWW\dcyd\Manage\Lib\Action\XxdkAction.class.php Á¨¨ 25 Ë°å.
SQL: SELECT COUNT(*) AS tp_count FROM `dcyd_open_course_type` LIMIT 1   [ RunTime:0.001000s ]

[ 2017-04-17T14:53:11+08:00 ] 127.0.0.1 /Manerger/index.php/Kecheng/arrange
INFO: [ route_check ] --START--
INFO: CheckRoute Behavior ::run [ RunTime:0.002000s ]
INFO: [ route_check ] --END-- [ RunTime:0.002000s ]
INFO: [ app_begin ] --START--
INFO: ReadHtmlCache Behavior ::run [ RunTime:0.002000s ]
INFO: [ app_begin ] --END-- [ RunTime:0.003000s ]
NOTIC: [8] Undefined index: expire D:\phpstudy\WWW\dcyd\ThinkPHP\Common\functions.php Á¨¨ 549 Ë°å.
SQL: SHOW COLUMNS FROM `dcyd_teacher` [ RunTime:0.008001s ]
SQL: SELECT `id`,`name` FROM `dcyd_teacher`  [ RunTime:0.001000s ]
SQL: SHOW COLUMNS FROM `dcyd_open_course_type` [ RunTime:0.007000s ]
SQL: SELECT `id`,`tname`,`cost`,`days` FROM `dcyd_open_course_type`  [ RunTime:0.000000s ]
INFO: [ view_parse ] --START--
INFO: ParseTemplate Behavior ::run [ RunTime:0.047002s ]
INFO: [ view_parse ] --END-- [ RunTime:0.047002s ]
INFO: [ view_filter ] --START--
INFO: ContentReplace Behavior ::run [ RunTime:0.002000s ]
INFO: TokenBuild Behavior ::run [ RunTime:0.002001s ]
INFO: WriteHtmlCache Behavior ::run [ RunTime:0.001000s ]
INFO: ShowRuntime Behavior ::run [ RunTime:0.002000s ]
INFO: [ view_filter ] --END-- [ RunTime:0.008001s ]
INFO: [ view_end ] --START--
INFO: ShowPageTrace Behavior ::run [ RunTime:0.004000s ]
INFO: [ view_end ] --END-- [ RunTime:0.004000s ]

[ 2017-04-17T14:53:12+08:00 ] 127.0.0.1 /Manerger/index.php?m=Kecheng&a=arrangelist
INFO: [ app_begin ] --START--
INFO: ReadHtmlCache Behavior ::run [ RunTime:0.002000s ]
INFO: [ app_begin ] --END-- [ RunTime:0.002000s ]
NOTIC: [8] Undefined index: expire D:\phpstudy\WWW\dcyd\ThinkPHP\Common\functions.php Á¨¨ 549 Ë°å.
NOTIC: [8] Undefined index: id D:\phpstudy\WWW\dcyd\Manage\Lib\Action\KechengAction.class.php Á¨¨ 8 Ë°å.
NOTIC: [8] Undefined index: tid D:\phpstudy\WWW\dcyd\Manage\Lib\Action\KechengAction.class.php Á¨¨ 9 Ë°å.
NOTIC: [8] Undefined index: address D:\phpstudy\WWW\dcyd\Manage\Lib\Action\KechengAction.class.php Á¨¨ 10 Ë°å.
NOTIC: [8] Undefined index: time D:\phpstudy\WWW\dcyd\Manage\Lib\Action\KechengAction.class.php Á¨¨ 11 Ë°å.
NOTIC: [8] Undefined index: price D:\phpstudy\WWW\dcyd\Manage\Lib\Action\KechengAction.class.php Á¨¨ 12 Ë°å.
SQL: SHOW COLUMNS FROM `dcyd_open_course` [ RunTime:0.008000s ]
NOTIC: [8] Undefined variable: map D:\phpstudy\WWW\dcyd\Manage\Lib\Action\KechengAction.class.php Á¨¨ 17 Ë°å.
SQL: SELECT a.id,a.address,a.startday,a.endday,a.type,a.teacherid,b.tname,b.cost,b.days,t.name FROM dcyd_open_course as a LEFT JOIN dcyd_open_course_type as b on a.type=b.id LEFT JOIN dcyd_teacher as t on a.teacherid=t.id LIMIT 0,20   [ RunTime:0.001001s ]
NOTIC: [8] Undefined variable: map D:\phpstudy\WWW\dcyd\Manage\Lib\Action\KechengAction.class.php Á¨¨ 20 Ë°å.
SQL: SELECT COUNT(*) AS tp_count FROM dcyd_open_course as a LEFT JOIN dcyd_open_course_type as b on a.type=b.id LEFT JOIN dcyd_teacher as t on a.teacherid=t.id LIMIT 1   [ RunTime:0.001000s ]
NOTIC: [8] A non well formed numeric value encountered D:\phpstudy\WWW\dcyd\Manage\Lib\Action\KechengAction.class.php Á¨¨ 22 Ë°å.
NOTIC: [8] A non well formed numeric value encountered D:\phpstudy\WWW\dcyd\Manage\Lib\Action\KechengAction.class.php Á¨¨ 23 Ë°å.
NOTIC: [8] A non well formed numeric value encountered D:\phpstudy\WWW\dcyd\Manage\Lib\Action\KechengAction.class.php Á¨¨ 22 Ë°å.
NOTIC: [8] A non well formed numeric value encountered D:\phpstudy\WWW\dcyd\Manage\Lib\Action\KechengAction.class.php Á¨¨ 23 Ë°å.

[ 2017-04-17T14:53:13+08:00 ] 127.0.0.1 /Manerger/index.php/Vip/vip
INFO: [ route_check ] --START--
INFO: CheckRoute Behavior ::run [ RunTime:0.003000s ]
INFO: [ route_check ] --END-- [ RunTime:0.005000s ]
INFO: [ app_begin ] --START--
INFO: ReadHtmlCache Behavior ::run [ RunTime:0.002000s ]
INFO: [ app_begin ] --END-- [ RunTime:0.003000s ]
NOTIC: [8] Undefined index: expire D:\phpstudy\WWW\dcyd\ThinkPHP\Common\functions.php Á¨¨ 549 Ë°å.
INFO: [ view_parse ] --START--
INFO: ParseTemplate Behavior ::run [ RunTime:0.030002s ]
INFO: [ view_parse ] --END-- [ RunTime:0.030002s ]
INFO: [ view_filter ] --START--
INFO: ContentReplace Behavior ::run [ RunTime:0.002000s ]
INFO: TokenBuild Behavior ::run [ RunTime:0.002000s ]
INFO: WriteHtmlCache Behavior ::run [ RunTime:0.002001s ]
INFO: ShowRuntime Behavior ::run [ RunTime:0.003000s ]
INFO: [ view_filter ] --END-- [ RunTime:0.009001s ]
INFO: [ view_end ] --START--
INFO: ShowPageTrace Behavior ::run [ RunTime:0.003000s ]
INFO: [ view_end ] --END-- [ RunTime:0.005000s ]

[ 2017-04-17T14:53:14+08:00 ] 127.0.0.1 /Manerger/index.php?m=Vip&a=viplist
INFO: [ app_begin ] --START--
INFO: ReadHtmlCache Behavior ::run [ RunTime:0.003000s ]
INFO: [ app_begin ] --END-- [ RunTime:0.003000s ]
NOTIC: [8] Undefined index: expire D:\phpstudy\WWW\dcyd\ThinkPHP\Common\functions.php Á¨¨ 549 Ë°å.
SQL: SHOW COLUMNS FROM `dcyd_vip` [ RunTime:0.010001s ]
SQL: SELECT `id`,`price`,`znum`,`snum` FROM `dcyd_vip` LIMIT 0,20   [ RunTime:0.001000s ]
SQL: SELECT COUNT(*) AS tp_count FROM `dcyd_vip` LIMIT 1   [ RunTime:0.000000s ]

[ 2017-04-17T14:53:15+08:00 ] 127.0.0.1 /Manerger/index.php/Xxdk/index
INFO: [ route_check ] --START--
INFO: CheckRoute Behavior ::run [ RunTime:0.002001s ]
INFO: [ route_check ] --END-- [ RunTime:0.004001s ]
INFO: [ app_begin ] --START--
INFO: ReadHtmlCache Behavior ::run [ RunTime:0.002000s ]
INFO: [ app_begin ] --END-- [ RunTime:0.003000s ]
NOTIC: [8] Undefined index: expire D:\phpstudy\WWW\dcyd\ThinkPHP\Common\functions.php Á¨¨ 549 Ë°å.
INFO: [ view_parse ] --START--
INFO: ParseTemplate Behavior ::run [ RunTime:0.022002s ]
INFO: [ view_parse ] --END-- [ RunTime:0.023002s ]
INFO: [ view_filter ] --START--
INFO: ContentReplace Behavior ::run [ RunTime:0.002000s ]
INFO: TokenBuild Behavior ::run [ RunTime:0.002000s ]
INFO: WriteHtmlCache Behavior ::run [ RunTime:0.001000s ]
INFO: ShowRuntime Behavior ::run [ RunTime:0.002000s ]
INFO: [ view_filter ] --END-- [ RunTime:0.008000s ]
INFO: [ view_end ] --START--
INFO: ShowPageTrace Behavior ::run [ RunTime:0.001000s ]
INFO: [ view_end ] --END-- [ RunTime:0.011001s ]

[ 2017-04-17T14:53:16+08:00 ] 127.0.0.1 /Manerger/index.php?m=Xxdk&a=xxdklist
INFO: [ app_begin ] --START--
INFO: ReadHtmlCache Behavior ::run [ RunTime:0.003000s ]
INFO: [ app_begin ] --END-- [ RunTime:0.004000s ]
NOTIC: [8] Undefined index: expire D:\phpstudy\WWW\dcyd\ThinkPHP\Common\functions.php Á¨¨ 549 Ë°å.
NOTIC: [8] Undefined index: id D:\phpstudy\WWW\dcyd\Manage\Lib\Action\XxdkAction.class.php Á¨¨ 17 Ë°å.
NOTIC: [8] Undefined index: tname D:\phpstudy\WWW\dcyd\Manage\Lib\Action\XxdkAction.class.php Á¨¨ 18 Ë°å.
NOTIC: [8] Undefined index: cost D:\phpstudy\WWW\dcyd\Manage\Lib\Action\XxdkAction.class.php Á¨¨ 19 Ë°å.
NOTIC: [8] Undefined index: days D:\phpstudy\WWW\dcyd\Manage\Lib\Action\XxdkAction.class.php Á¨¨ 20 Ë°å.
NOTIC: [8] Undefined index: img D:\phpstudy\WWW\dcyd\Manage\Lib\Action\XxdkAction.class.php Á¨¨ 21 Ë°å.
SQL: SHOW COLUMNS FROM `dcyd_open_course_type` [ RunTime:0.007000s ]
NOTIC: [8] Undefined variable: map D:\phpstudy\WWW\dcyd\Manage\Lib\Action\XxdkAction.class.php Á¨¨ 24 Ë°å.
SQL: SELECT `id`,`tname`,`cost`,`days`,`img` FROM `dcyd_open_course_type` LIMIT 0,20   [ RunTime:0.000000s ]
NOTIC: [8] Undefined variable: map D:\phpstudy\WWW\dcyd\Manage\Lib\Action\XxdkAction.class.php Á¨¨ 25 Ë°å.
SQL: SELECT COUNT(*) AS tp_count FROM `dcyd_open_course_type` LIMIT 1   [ RunTime:0.000000s ]

[ 2017-04-17T14:53:23+08:00 ] 127.0.0.1 /Manerger/index.php/Up/vede
INFO: [ route_check ] --START--
INFO: CheckRoute Behavior ::run [ RunTime:0.002001s ]
INFO: [ route_check ] --END-- [ RunTime:0.003001s ]
INFO: [ app_begin ] --START--
INFO: ReadHtmlCache Behavior ::run [ RunTime:0.003000s ]
INFO: [ app_begin ] --END-- [ RunTime:0.004000s ]
NOTIC: [8] Undefined index: expire D:\phpstudy\WWW\dcyd\ThinkPHP\Common\functions.php Á¨¨ 549 Ë°å.
SQL: SHOW COLUMNS FROM `dcyd_viewkinds` [ RunTime:0.009001s ]
SQL: SHOW COLUMNS FROM `dcyd_teacher` [ RunTime:0.008000s ]
SQL: SHOW COLUMNS FROM `dcyd_viewclass` [ RunTime:0.007000s ]
SQL: SELECT DISTINCT  `id`,`kind` FROM `dcyd_viewkinds`  [ RunTime:0.001000s ]
SQL: SELECT DISTINCT  `id`,`name` FROM `dcyd_teacher`  [ RunTime:0.000000s ]
SQL: SELECT DISTINCT  `id`,`zname` FROM `dcyd_viewclass`  [ RunTime:0.001000s ]
INFO: [ view_parse ] --START--
INFO: ParseTemplate Behavior ::run [ RunTime:0.041003s ]
INFO: [ view_parse ] --END-- [ RunTime:0.042003s ]
INFO: [ view_filter ] --START--
INFO: ContentReplace Behavior ::run [ RunTime:0.001000s ]
INFO: TokenBuild Behavior ::run [ RunTime:0.001000s ]
INFO: WriteHtmlCache Behavior ::run [ RunTime:0.003000s ]
INFO: ShowRuntime Behavior ::run [ RunTime:0.002001s ]
INFO: [ view_filter ] --END-- [ RunTime:0.017001s ]
INFO: [ view_end ] --START--
INFO: ShowPageTrace Behavior ::run [ RunTime:0.003000s ]
INFO: [ view_end ] --END-- [ RunTime:0.004000s ]

[ 2017-04-17T14:53:25+08:00 ] 127.0.0.1 /Manerger/index.php?m=Up&a=vedels
INFO: [ app_begin ] --START--
INFO: ReadHtmlCache Behavior ::run [ RunTime:0.003000s ]
INFO: [ app_begin ] --END-- [ RunTime:0.005000s ]
NOTIC: [8] Undefined index: expire D:\phpstudy\WWW\dcyd\ThinkPHP\Common\functions.php Á¨¨ 549 Ë°å.
NOTIC: [8] Undefined index: id D:\phpstudy\WWW\dcyd\Manage\Lib\Action\UpAction.class.php Á¨¨ 347 Ë°å.
NOTIC: [8] Undefined index: title D:\phpstudy\WWW\dcyd\Manage\Lib\Action\UpAction.class.php Á¨¨ 348 Ë°å.
NOTIC: [8] Undefined index: name D:\phpstudy\WWW\dcyd\Manage\Lib\Action\UpAction.class.php Á¨¨ 349 Ë°å.
NOTIC: [8] Undefined index: ytime D:\phpstudy\WWW\dcyd\Manage\Lib\Action\UpAction.class.php Á¨¨ 350 Ë°å.
SQL: SHOW COLUMNS FROM `dcyd_view` [ RunTime:0.007000s ]
NOTIC: [8] Undefined variable: map D:\phpstudy\WWW\dcyd\Manage\Lib\Action\UpAction.class.php Á¨¨ 353 Ë°å.
SQL: SELECT `id`,`kid`,`zid`,`kname`,`zname`,`name`,`url`,`title`,`money`,`introduce`,`chapternum`,`kctitle`,`img` FROM `dcyd_view` LIMIT 0,20   [ RunTime:0.001000s ]
NOTIC: [8] Undefined variable: map D:\phpstudy\WWW\dcyd\Manage\Lib\Action\UpAction.class.php Á¨¨ 354 Ë°å.
SQL: SELECT COUNT(*) AS tp_count FROM `dcyd_view` LIMIT 1   [ RunTime:0.000000s ]

[ 2017-04-17T14:53:55+08:00 ] 127.0.0.1 /Manerger/index.php/Up/teacher
INFO: [ route_check ] --START--
INFO: CheckRoute Behavior ::run [ RunTime:0.003000s ]
INFO: [ route_check ] --END-- [ RunTime:0.003000s ]
INFO: [ app_begin ] --START--
INFO: ReadHtmlCache Behavior ::run [ RunTime:0.003000s ]
INFO: [ app_begin ] --END-- [ RunTime:0.004000s ]
NOTIC: [8] Undefined index: expire D:\phpstudy\WWW\dcyd\ThinkPHP\Common\functions.php Á¨¨ 549 Ë°å.
SQL: SHOW COLUMNS FROM `dcyd_viewkinds` [ RunTime:0.008000s ]
SQL: SELECT DISTINCT  `id`,`name` FROM `dcyd_viewkinds`  [ RunTime:0.001001s ]
ERR: 1054:Unknown column 'name' in 'field list'
 [ SQLËØ≠Âè• ] : SELECT DISTINCT  `id`,`name` FROM `dcyd_viewkinds` 
INFO: [ view_parse ] --START--
INFO: ParseTemplate Behavior ::run [ RunTime:0.025001s ]
INFO: [ view_parse ] --END-- [ RunTime:0.025001s ]
INFO: [ view_filter ] --START--
INFO: ContentReplace Behavior ::run [ RunTime:0.002000s ]
INFO: TokenBuild Behavior ::run [ RunTime:0.002000s ]
INFO: WriteHtmlCache Behavior ::run [ RunTime:0.001000s ]
INFO: ShowRuntime Behavior ::run [ RunTime:0.002001s ]
INFO: [ view_filter ] --END-- [ RunTime:0.008001s ]
INFO: [ view_end ] --START--
INFO: ShowPageTrace Behavior ::run [ RunTime:0.002000s ]
INFO: [ view_end ] --END-- [ RunTime:0.004000s ]

[ 2017-04-17T14:53:56+08:00 ] 127.0.0.1 /Manerger/index.php?m=Up&a=teacherls
INFO: [ app_begin ] --START--
INFO: ReadHtmlCache Behavior ::run [ RunTime:0.002000s ]
INFO: [ app_begin ] --END-- [ RunTime:0.003000s ]
NOTIC: [8] Undefined index: expire D:\phpstudy\WWW\dcyd\ThinkPHP\Common\functions.php Á¨¨ 549 Ë°å.
NOTIC: [8] Undefined index: id D:\phpstudy\WWW\dcyd\Manage\Lib\Action\UpAction.class.php Á¨¨ 447 Ë°å.
NOTIC: [8] Undefined index: title D:\phpstudy\WWW\dcyd\Manage\Lib\Action\UpAction.class.php Á¨¨ 448 Ë°å.
NOTIC: [8] Undefined index: name D:\phpstudy\WWW\dcyd\Manage\Lib\Action\UpAction.class.php Á¨¨ 449 Ë°å.
NOTIC: [8] Undefined index: ytime D:\phpstudy\WWW\dcyd\Manage\Lib\Action\UpAction.class.php Á¨¨ 450 Ë°å.
SQL: SHOW COLUMNS FROM `dcyd_teacher` [ RunTime:0.007001s ]
NOTIC: [8] Undefined variable: map D:\phpstudy\WWW\dcyd\Manage\Lib\Action\UpAction.class.php Á¨¨ 453 Ë°å.
SQL: SELECT `id`,`name`,`timg`,`explain`,`traders`,`limg` FROM `dcyd_teacher` LIMIT 0,20   [ RunTime:0.001000s ]
NOTIC: [8] Undefined variable: map D:\phpstudy\WWW\dcyd\Manage\Lib\Action\UpAction.class.php Á¨¨ 454 Ë°å.
SQL: SELECT COUNT(*) AS tp_count FROM `dcyd_teacher` LIMIT 1   [ RunTime:0.000000s ]

[ 2017-04-17T14:54:00+08:00 ] 127.0.0.1 /Manerger/index.php/Up/viewclass
INFO: [ route_check ] --START--
INFO: CheckRoute Behavior ::run [ RunTime:0.003000s ]
INFO: [ route_check ] --END-- [ RunTime:0.004000s ]
INFO: [ app_begin ] --START--
INFO: ReadHtmlCache Behavior ::run [ RunTime:0.001000s ]
INFO: [ app_begin ] --END-- [ RunTime:0.003000s ]
NOTIC: [8] Undefined index: expire D:\phpstudy\WWW\dcyd\ThinkPHP\Common\functions.php Á¨¨ 549 Ë°å.
SQL: SHOW COLUMNS FROM `dcyd_viewkinds` [ RunTime:0.008001s ]
SQL: SELECT DISTINCT  `id`,`kind` FROM `dcyd_viewkinds`  [ RunTime:0.001000s ]
SQL: SHOW COLUMNS FROM `dcyd_viewclass` [ RunTime:0.008000s ]
SQL: SELECT DISTINCT  `id`,`zname` FROM `dcyd_viewclass`  [ RunTime:0.000000s ]
INFO: [ view_parse ] --START--
INFO: ParseTemplate Behavior ::run [ RunTime:0.039002s ]
INFO: [ view_parse ] --END-- [ RunTime:0.041002s ]
INFO: [ view_filter ] --START--
INFO: ContentReplace Behavior ::run [ RunTime:0.001000s ]
INFO: TokenBuild Behavior ::run [ RunTime:0.002000s ]
INFO: WriteHtmlCache Behavior ::run [ RunTime:0.001000s ]
INFO: ShowRuntime Behavior ::run [ RunTime:0.002001s ]
INFO: [ view_filter ] --END-- [ RunTime:0.009001s ]
INFO: [ view_end ] --START--
INFO: ShowPageTrace Behavior ::run [ RunTime:0.002000s ]
INFO: [ view_end ] --END-- [ RunTime:0.003000s ]

[ 2017-04-17T14:54:01+08:00 ] 127.0.0.1 /Manerger/index.php?m=Up&a=viewclassls
INFO: [ app_begin ] --START--
INFO: ReadHtmlCache Behavior ::run [ RunTime:0.001000s ]
INFO: [ app_begin ] --END-- [ RunTime:0.003000s ]
NOTIC: [8] Undefined index: expire D:\phpstudy\WWW\dcyd\ThinkPHP\Common\functions.php Á¨¨ 549 Ë°å.
NOTIC: [8] Undefined index: fname D:\phpstudy\WWW\dcyd\Manage\Lib\Action\UpAction.class.php Á¨¨ 589 Ë°å.
NOTIC: [8] Undefined index: zname D:\phpstudy\WWW\dcyd\Manage\Lib\Action\UpAction.class.php Á¨¨ 590 Ë°å.
SQL: SHOW COLUMNS FROM `dcyd_viewclass` [ RunTime:0.008001s ]
NOTIC: [8] Undefined variable: map D:\phpstudy\WWW\dcyd\Manage\Lib\Action\UpAction.class.php Á¨¨ 592 Ë°å.
SQL: SELECT `id`,`vid`,`fname`,`zname` FROM `dcyd_viewclass` LIMIT 0,20   [ RunTime:0.000000s ]
NOTIC: [8] Undefined variable: map D:\phpstudy\WWW\dcyd\Manage\Lib\Action\UpAction.class.php Á¨¨ 593 Ë°å.
SQL: SELECT COUNT(*) AS tp_count FROM `dcyd_viewclass` LIMIT 1   [ RunTime:0.001000s ]

[ 2017-04-17T14:54:07+08:00 ] 127.0.0.1 /Manerger/index.php/Up/detail
INFO: [ route_check ] --START--
INFO: CheckRoute Behavior ::run [ RunTime:0.001000s ]
INFO: [ route_check ] --END-- [ RunTime:0.003000s ]
INFO: [ app_begin ] --START--
INFO: ReadHtmlCache Behavior ::run [ RunTime:0.002000s ]
INFO: [ app_begin ] --END-- [ RunTime:0.002000s ]
NOTIC: [8] Undefined index: expire D:\phpstudy\WWW\dcyd\ThinkPHP\Common\functions.php Á¨¨ 549 Ë°å.
INFO: [ view_parse ] --START--
INFO: ParseTemplate Behavior ::run [ RunTime:0.026002s ]
INFO: [ view_parse ] --END-- [ RunTime:0.027002s ]
INFO: [ view_filter ] --START--
INFO: ContentReplace Behavior ::run [ RunTime:0.002000s ]
INFO: TokenBuild Behavior ::run [ RunTime:0.002000s ]
INFO: WriteHtmlCache Behavior ::run [ RunTime:0.001000s ]
INFO: ShowRuntime Behavior ::run [ RunTime:0.002000s ]
INFO: [ view_filter ] --END-- [ RunTime:0.009000s ]
INFO: [ view_end ] --START--
INFO: ShowPageTrace Behavior ::run [ RunTime:0.001000s ]
INFO: [ view_end ] --END-- [ RunTime:0.003000s ]

[ 2017-04-17T14:54:07+08:00 ] 127.0.0.1 /Manerger/index.php?m=Up&a=details
INFO: [ app_begin ] --START--
INFO: ReadHtmlCache Behavior ::run [ RunTime:0.003000s ]
INFO: [ app_begin ] --END-- [ RunTime:0.004000s ]
NOTIC: [8] Undefined index: expire D:\phpstudy\WWW\dcyd\ThinkPHP\Common\functions.php Á¨¨ 549 Ë°å.
NOTIC: [8] Undefined index: id D:\phpstudy\WWW\dcyd\Manage\Lib\Action\UpAction.class.php Á¨¨ 135 Ë°å.
NOTIC: [8] Undefined index: title D:\phpstudy\WWW\dcyd\Manage\Lib\Action\UpAction.class.php Á¨¨ 136 Ë°å.
NOTIC: [8] Undefined index: name D:\phpstudy\WWW\dcyd\Manage\Lib\Action\UpAction.class.php Á¨¨ 137 Ë°å.
NOTIC: [8] Undefined index: ytime D:\phpstudy\WWW\dcyd\Manage\Lib\Action\UpAction.class.php Á¨¨ 138 Ë°å.
SQL: SHOW COLUMNS FROM `dcyd_video` [ RunTime:0.011001s ]
NOTIC: [8] Undefined variable: map D:\phpstudy\WWW\dcyd\Manage\Lib\Action\UpAction.class.php Á¨¨ 141 Ë°å.
SQL: SELECT `id`,`url`,`title`,`name`,`money`,`introduce`,`explain`,`comment`,`chapter`,`img`,`ytime`,`chapternum`,`teacherimg`,`kind` FROM `dcyd_video` LIMIT 0,20   [ RunTime:0.002001s ]
NOTIC: [8] Undefined variable: map D:\phpstudy\WWW\dcyd\Manage\Lib\Action\UpAction.class.php Á¨¨ 142 Ë°å.
SQL: SELECT COUNT(*) AS tp_count FROM `dcyd_video` LIMIT 1   [ RunTime:0.000000s ]

[ 2017-04-17T14:54:11+08:00 ] 127.0.0.1 /Manerger/index.php/Up/kind
INFO: [ route_check ] --START--
INFO: CheckRoute Behavior ::run [ RunTime:0.002000s ]
INFO: [ route_check ] --END-- [ RunTime:0.004000s ]
INFO: [ app_begin ] --START--
INFO: ReadHtmlCache Behavior ::run [ RunTime:0.003000s ]
INFO: [ app_begin ] --END-- [ RunTime:0.004000s ]
NOTIC: [8] Undefined index: expire D:\phpstudy\WWW\dcyd\ThinkPHP\Common\functions.php Á¨¨ 549 Ë°å.
INFO: [ view_parse ] --START--
INFO: ParseTemplate Behavior ::run [ RunTime:0.023001s ]
INFO: [ view_parse ] --END-- [ RunTime:0.024001s ]
INFO: [ view_filter ] --START--
INFO: ContentReplace Behavior ::run [ RunTime:0.002000s ]
INFO: TokenBuild Behavior ::run [ RunTime:0.002000s ]
INFO: WriteHtmlCache Behavior ::run [ RunTime:0.001000s ]
INFO: ShowRuntime Behavior ::run [ RunTime:0.003001s ]
INFO: [ view_filter ] --END-- [ RunTime:0.008001s ]
INFO: [ view_end ] --START--
INFO: ShowPageTrace Behavior ::run [ RunTime:0.002000s ]
INFO: [ view_end ] --END-- [ RunTime:0.002000s ]

[ 2017-04-17T14:54:12+08:00 ] 127.0.0.1 /Manerger/index.php?m=Up&a=kindls
INFO: [ app_begin ] --START--
INFO: ReadHtmlCache Behavior ::run [ RunTime:0.003000s ]
INFO: [ app_begin ] --END-- [ RunTime:0.003000s ]
NOTIC: [8] Undefined index: expire D:\phpstudy\WWW\dcyd\ThinkPHP\Common\functions.php Á¨¨ 549 Ë°å.
NOTIC: [8] Undefined index: id D:\phpstudy\WWW\dcyd\Manage\Lib\Action\UpAction.class.php Á¨¨ 228 Ë°å.
NOTIC: [8] Undefined index: title D:\phpstudy\WWW\dcyd\Manage\Lib\Action\UpAction.class.php Á¨¨ 229 Ë°å.
NOTIC: [8] Undefined index: name D:\phpstudy\WWW\dcyd\Manage\Lib\Action\UpAction.class.php Á¨¨ 230 Ë°å.
NOTIC: [8] Undefined index: ytime D:\phpstudy\WWW\dcyd\Manage\Lib\Action\UpAction.class.php Á¨¨ 231 Ë°å.
SQL: SHOW COLUMNS FROM `dcyd_viewkinds` [ RunTime:0.007001s ]
NOTIC: [8] Undefined variable: map D:\phpstudy\WWW\dcyd\Manage\Lib\Action\UpAction.class.php Á¨¨ 234 Ë°å.
SQL: SELECT `id`,`kind` FROM `dcyd_viewkinds` LIMIT 0,20   [ RunTime:0.001000s ]
NOTIC: [8] Undefined variable: map D:\phpstudy\WWW\dcyd\Manage\Lib\Action\UpAction.class.php Á¨¨ 235 Ë°å.
SQL: SELECT COUNT(*) AS tp_count FROM `dcyd_viewkinds` LIMIT 1   [ RunTime:0.000000s ]

[ 2017-04-17T14:54:15+08:00 ] 127.0.0.1 /Manerger/index.php/Up/vede
INFO: [ route_check ] --START--
INFO: CheckRoute Behavior ::run [ RunTime:0.003000s ]
INFO: [ route_check ] --END-- [ RunTime:0.004000s ]
INFO: [ app_begin ] --START--
INFO: ReadHtmlCache Behavior ::run [ RunTime:0.003000s ]
INFO: [ app_begin ] --END-- [ RunTime:0.003000s ]
NOTIC: [8] Undefined index: expire D:\phpstudy\WWW\dcyd\ThinkPHP\Common\functions.php Á¨¨ 549 Ë°å.
SQL: SHOW COLUMNS FROM `dcyd_viewkinds` [ RunTime:0.007000s ]
SQL: SHOW COLUMNS FROM `dcyd_teacher` [ RunTime:0.007001s ]
SQL: SHOW COLUMNS FROM `dcyd_viewclass` [ RunTime:0.008000s ]
SQL: SELECT DISTINCT  `id`,`kind` FROM `dcyd_viewkinds`  [ RunTime:0.000000s ]
SQL: SELECT DISTINCT  `id`,`name` FROM `dcyd_teacher`  [ RunTime:0.000000s ]
SQL: SELECT DISTINCT  `id`,`zname` FROM `dcyd_viewclass`  [ RunTime:0.000000s ]
INFO: [ view_parse ] --START--
INFO: ParseTemplate Behavior ::run [ RunTime:0.038002s ]
INFO: [ view_parse ] --END-- [ RunTime:0.040002s ]
INFO: [ view_filter ] --START--
INFO: ContentReplace Behavior ::run [ RunTime:0.001000s ]
INFO: TokenBuild Behavior ::run [ RunTime:0.002001s ]
INFO: WriteHtmlCache Behavior ::run [ RunTime:0.002000s ]
INFO: ShowRuntime Behavior ::run [ RunTime:0.002000s ]
INFO: [ view_filter ] --END-- [ RunTime:0.008001s ]
INFO: [ view_end ] --START--
INFO: ShowPageTrace Behavior ::run [ RunTime:0.002000s ]
INFO: [ view_end ] --END-- [ RunTime:0.003000s ]

[ 2017-04-17T14:54:16+08:00 ] 127.0.0.1 /Manerger/index.php?m=Up&a=vedels
INFO: [ app_begin ] --START--
INFO: ReadHtmlCache Behavior ::run [ RunTime:0.003000s ]
INFO: [ app_begin ] --END-- [ RunTime:0.004001s ]
NOTIC: [8] Undefined index: expire D:\phpstudy\WWW\dcyd\ThinkPHP\Common\functions.php Á¨¨ 549 Ë°å.
NOTIC: [8] Undefined index: id D:\phpstudy\WWW\dcyd\Manage\Lib\Action\UpAction.class.php Á¨¨ 347 Ë°å.
NOTIC: [8] Undefined index: title D:\phpstudy\WWW\dcyd\Manage\Lib\Action\UpAction.class.php Á¨¨ 348 Ë°å.
NOTIC: [8] Undefined index: name D:\phpstudy\WWW\dcyd\Manage\Lib\Action\UpAction.class.php Á¨¨ 349 Ë°å.
NOTIC: [8] Undefined index: ytime D:\phpstudy\WWW\dcyd\Manage\Lib\Action\UpAction.class.php Á¨¨ 350 Ë°å.
SQL: SHOW COLUMNS FROM `dcyd_view` [ RunTime:0.007001s ]
NOTIC: [8] Undefined variable: map D:\phpstudy\WWW\dcyd\Manage\Lib\Action\UpAction.class.php Á¨¨ 353 Ë°å.
SQL: SELECT `id`,`kid`,`zid`,`kname`,`zname`,`name`,`url`,`title`,`money`,`introduce`,`chapternum`,`kctitle`,`img` FROM `dcyd_view` LIMIT 0,20   [ RunTime:0.001000s ]
NOTIC: [8] Undefined variable: map D:\phpstudy\WWW\dcyd\Manage\Lib\Action\UpAction.class.php Á¨¨ 354 Ë°å.
SQL: SELECT COUNT(*) AS tp_count FROM `dcyd_view` LIMIT 1   [ RunTime:0.000000s ]

[ 2017-04-17T14:55:30+08:00 ] 127.0.0.1 /Manerger/index.php/Up/vedeedit
INFO: [ route_check ] --START--
INFO: CheckRoute Behavior ::run [ RunTime:0.003000s ]
INFO: [ route_check ] --END-- [ RunTime:0.004001s ]
INFO: [ app_begin ] --START--
INFO: ReadHtmlCache Behavior ::run [ RunTime:0.003000s ]
INFO: [ app_begin ] --END-- [ RunTime:0.004000s ]
NOTIC: [8] Undefined index: expire D:\phpstudy\WWW\dcyd\ThinkPHP\Common\functions.php Á¨¨ 549 Ë°å.
NOTIC: Âª∫ËÆÆ‰ΩøÁî®IÊñπÊ≥ïÊõø‰ª£_post
SQL: SHOW COLUMNS FROM `dcyd_view` [ RunTime:0.007001s ]
SQL: SELECT `id`,`kid`,`kname`,`zname`,`name`,`url`,`title`,`money`,`introduce`,`chapternum`,`kctitle`,`img` FROM `dcyd_view` WHERE ( id = 1 ) LIMIT 1   [ RunTime:0.000000s ]

[ 2017-04-17T14:56:22+08:00 ] 127.0.0.1 /Manerger/index.php?m=Up&a=vedesave&id=1
INFO: [ app_begin ] --START--
INFO: ReadHtmlCache Behavior ::run [ RunTime:0.002000s ]
INFO: [ app_begin ] --END-- [ RunTime:0.003000s ]
NOTIC: [8] Undefined index: expire D:\phpstudy\WWW\dcyd\ThinkPHP\Common\functions.php Á¨¨ 549 Ë°å.
SQL: SHOW COLUMNS FROM `dcyd_view` [ RunTime:0.008000s ]
NOTIC: Âª∫ËÆÆ‰ΩøÁî®IÊñπÊ≥ïÊõø‰ª£_post
SQL: SHOW COLUMNS FROM `dcyd_viewkinds` [ RunTime:0.008000s ]
SQL: SELECT `kind` FROM `dcyd_viewkinds` WHERE ( id = Á≥ªÂàó‰∏ìÈ¢ò ) LIMIT 1   [ RunTime:0.000000s ]
ERR: 1054:Unknown column 'Á≥ªÂàó‰∏ìÈ¢ò' in 'where clause'
 [ SQLËØ≠Âè• ] : SELECT `kind` FROM `dcyd_viewkinds` WHERE ( id = Á≥ªÂàó‰∏ìÈ¢ò ) LIMIT 1  
NOTIC: Âª∫ËÆÆ‰ΩøÁî®IÊñπÊ≥ïÊõø‰ª£_post
SQL: SHOW COLUMNS FROM `dcyd_viewclass` [ RunTime:0.008000s ]
NOTIC: Âª∫ËÆÆ‰ΩøÁî®IÊñπÊ≥ïÊõø‰ª£_post
SQL: SELECT `zname` FROM `dcyd_viewclass` WHERE ( id = ÂêÉÂñùÂ´ñËµå ) LIMIT 1   [ RunTime:0.000000s ]
ERR: 1054:Unknown column 'ÂêÉÂñùÂ´ñËµå' in 'where clause'
 [ SQLËØ≠Âè• ] : SELECT `zname` FROM `dcyd_viewclass` WHERE ( id = ÂêÉÂñùÂ´ñËµå ) LIMIT 1  
SQL: SHOW COLUMNS FROM `dcyd_teacher` [ RunTime:0.008000s ]
SQL: SELECT `name` FROM `dcyd_teacher` WHERE ( id = ÂàòÂõΩ‰∏ú1 ) LIMIT 1   [ RunTime:0.001000s ]
ERR: 1054:Unknown column 'ÂàòÂõΩ‰∏ú1' in 'where clause'
 [ SQLËØ≠Âè• ] : SELECT `name` FROM `dcyd_teacher` WHERE ( id = ÂàòÂõΩ‰∏ú1 ) LIMIT 1  
NOTIC: Âª∫ËÆÆ‰ΩøÁî®IÊñπÊ≥ïÊõø‰ª£_post
NOTIC: Âª∫ËÆÆ‰ΩøÁî®IÊñπÊ≥ïÊõø‰ª£_post
NOTIC: Âª∫ËÆÆ‰ΩøÁî®IÊñπÊ≥ïÊõø‰ª£_post
NOTIC: Âª∫ËÆÆ‰ΩøÁî®IÊñπÊ≥ïÊõø‰ª£_post
NOTIC: Âª∫ËÆÆ‰ΩøÁî®IÊñπÊ≥ïÊõø‰ª£_post
NOTIC: [2] getimagesize() expects parameter 1 to be string, array given D:\phpstudy\WWW\dcyd\Manage\Lib\Action\UpAction.class.php Á¨¨ 398 Ë°å.
NOTIC: [8] Use of undefined constant uniqid - assumed 'uniqid' D:\phpstudy\WWW\dcyd\Manage\Lib\Action\UpAction.class.php Á¨¨ 407 Ë°å.
NOTIC: [8] Use of undefined constant date - assumed 'date' D:\phpstudy\WWW\dcyd\Manage\Lib\Action\UpAction.class.php Á¨¨ 410 Ë°å.
SQL: UPDATE `dcyd_view` SET `kname`=null,`zname`=null,`name`=null,`kctitle`='111111',`money`='1112345',`title`='‰ΩèÂà´Â¢\Ö11ÊîæÂà∞Áö\Ñ',`introduce`='‰ΩõÊå°ÊùÄ‰ΩõÊòØÁöÑÂèëÈÄÅÂà∞ÂèëÈÄÅÂà∞111',`chapternum`=1,`kid`=0,`zid`=0,`img`='/Public/upload/image/20170417/58f467161d0c2.jpg' WHERE ( id = 1 ) [ RunTime:0.000000s ]

[ 2017-04-17T14:56:23+08:00 ] 127.0.0.1 /Manerger/index.php?m=Up&a=vedels
INFO: [ app_begin ] --START--
INFO: ReadHtmlCache Behavior ::run [ RunTime:0.003000s ]
INFO: [ app_begin ] --END-- [ RunTime:0.003000s ]
NOTIC: [8] Undefined index: expire D:\phpstudy\WWW\dcyd\ThinkPHP\Common\functions.php Á¨¨ 549 Ë°å.
NOTIC: [8] Undefined index: id D:\phpstudy\WWW\dcyd\Manage\Lib\Action\UpAction.class.php Á¨¨ 347 Ë°å.
NOTIC: [8] Undefined index: title D:\phpstudy\WWW\dcyd\Manage\Lib\Action\UpAction.class.php Á¨¨ 348 Ë°å.
NOTIC: [8] Undefined index: name D:\phpstudy\WWW\dcyd\Manage\Lib\Action\UpAction.class.php Á¨¨ 349 Ë°å.
NOTIC: [8] Undefined index: ytime D:\phpstudy\WWW\dcyd\Manage\Lib\Action\UpAction.class.php Á¨¨ 350 Ë°å.
SQL: SHOW COLUMNS FROM `dcyd_view` [ RunTime:0.010001s ]
NOTIC: [8] Undefined variable: map D:\phpstudy\WWW\dcyd\Manage\Lib\Action\UpAction.class.php Á¨¨ 353 Ë°å.
SQL: SELECT `id`,`kid`,`zid`,`kname`,`zname`,`name`,`url`,`title`,`money`,`introduce`,`chapternum`,`kctitle`,`img` FROM `dcyd_view` LIMIT 0,20   [ RunTime:0.001000s ]
NOTIC: [8] Undefined variable: map D:\phpstudy\WWW\dcyd\Manage\Lib\Action\UpAction.class.php Á¨¨ 354 Ë°å.
SQL: SELECT COUNT(*) AS tp_count FROM `dcyd_view` LIMIT 1   [ RunTime:0.000000s ]

[ 2017-04-17T14:56:28+08:00 ] 127.0.0.1 /Manerger/index.php/Up/vedeedit
INFO: [ route_check ] --START--
INFO: CheckRoute Behavior ::run [ RunTime:0.002000s ]
INFO: [ route_check ] --END-- [ RunTime:0.004001s ]
INFO: [ app_begin ] --START--
INFO: ReadHtmlCache Behavior ::run [ RunTime:0.003000s ]
INFO: [ app_begin ] --END-- [ RunTime:0.003000s ]
NOTIC: [8] Undefined index: expire D:\phpstudy\WWW\dcyd\ThinkPHP\Common\functions.php Á¨¨ 549 Ë°å.
NOTIC: Âª∫ËÆÆ‰ΩøÁî®IÊñπÊ≥ïÊõø‰ª£_post
SQL: SHOW COLUMNS FROM `dcyd_view` [ RunTime:0.006000s ]
SQL: SELECT `id`,`kid`,`kname`,`zname`,`name`,`url`,`title`,`money`,`introduce`,`chapternum`,`kctitle`,`img` FROM `dcyd_view` WHERE ( id = 1 ) LIMIT 1   [ RunTime:0.001000s ]

[ 2017-04-17T14:56:43+08:00 ] 127.0.0.1 /Manerger/index.php?m=Up&a=vedesave&id=1
INFO: [ app_begin ] --START--
INFO: ReadHtmlCache Behavior ::run [ RunTime:0.001000s ]
INFO: [ app_begin ] --END-- [ RunTime:0.003000s ]
NOTIC: [8] Undefined index: expire D:\phpstudy\WWW\dcyd\ThinkPHP\Common\functions.php Á¨¨ 549 Ë°å.
SQL: SHOW COLUMNS FROM `dcyd_view` [ RunTime:0.008001s ]
NOTIC: Âª∫ËÆÆ‰ΩøÁî®IÊñπÊ≥ïÊõø‰ª£_post
SQL: SHOW COLUMNS FROM `dcyd_viewkinds` [ RunTime:0.007000s ]
SQL: SELECT `kind` FROM `dcyd_viewkinds` WHERE ( id = 1 ) LIMIT 1   [ RunTime:0.000000s ]
NOTIC: Âª∫ËÆÆ‰ΩøÁî®IÊñπÊ≥ïÊõø‰ª£_post
SQL: SHOW COLUMNS FROM `dcyd_viewclass` [ RunTime:0.008000s ]
NOTIC: Âª∫ËÆÆ‰ΩøÁî®IÊñπÊ≥ïÊõø‰ª£_post
SQL: SELECT `zname` FROM `dcyd_viewclass` WHERE ( id = 1 ) LIMIT 1   [ RunTime:0.001000s ]
SQL: SHOW COLUMNS FROM `dcyd_teacher` [ RunTime:0.007000s ]
SQL: SELECT `name` FROM `dcyd_teacher` WHERE ( id = 5 ) LIMIT 1   [ RunTime:0.001000s ]
NOTIC: Âª∫ËÆÆ‰ΩøÁî®IÊñπÊ≥ïÊõø‰ª£_post
NOTIC: Âª∫ËÆÆ‰ΩøÁî®IÊñπÊ≥ïÊõø‰ª£_post
NOTIC: Âª∫ËÆÆ‰ΩøÁî®IÊñπÊ≥ïÊõø‰ª£_post
NOTIC: Âª∫ËÆÆ‰ΩøÁî®IÊñπÊ≥ïÊõø‰ª£_post
NOTIC: Âª∫ËÆÆ‰ΩøÁî®IÊñπÊ≥ïÊõø‰ª£_post
NOTIC: [2] getimagesize() expects parameter 1 to be string, array given D:\phpstudy\WWW\dcyd\Manage\Lib\Action\UpAction.class.php Á¨¨ 398 Ë°å.
NOTIC: [8] Use of undefined constant uniqid - assumed 'uniqid' D:\phpstudy\WWW\dcyd\Manage\Lib\Action\UpAction.class.php Á¨¨ 407 Ë°å.
NOTIC: [8] Use of undefined constant date - assumed 'date' D:\phpstudy\WWW\dcyd\Manage\Lib\Action\UpAction.class.php Á¨¨ 410 Ë°å.
SQL: UPDATE `dcyd_view` SET `kname`='Á≥ªÂàó‰∏ìÈ¢ò',`zname`='ÂùëËíôÊãêÈ™ó',`name`='ÂàòÂõΩ‰∏\ú',`kctitle`='111111',`money`='1112345',`title`='‰ΩèÂà´Â¢\Ö11ÊîæÂà∞Áö\Ñ',`introduce`='‰ΩõÊå°ÊùÄ‰ΩõÊòØÁöÑÂèëÈÄÅÂà∞ÂèëÈÄÅÂà∞111',`chapternum`=1,`kid`=1,`zid`=1 WHERE ( id = 1 ) [ RunTime:0.001000s ]

[ 2017-04-17T14:56:44+08:00 ] 127.0.0.1 /Manerger/index.php?m=Up&a=vedels
INFO: [ app_begin ] --START--
INFO: ReadHtmlCache Behavior ::run [ RunTime:0.003000s ]
INFO: [ app_begin ] --END-- [ RunTime:0.003000s ]
NOTIC: [8] Undefined index: expire D:\phpstudy\WWW\dcyd\ThinkPHP\Common\functions.php Á¨¨ 549 Ë°å.
NOTIC: [8] Undefined index: id D:\phpstudy\WWW\dcyd\Manage\Lib\Action\UpAction.class.php Á¨¨ 347 Ë°å.
NOTIC: [8] Undefined index: title D:\phpstudy\WWW\dcyd\Manage\Lib\Action\UpAction.class.php Á¨¨ 348 Ë°å.
NOTIC: [8] Undefined index: name D:\phpstudy\WWW\dcyd\Manage\Lib\Action\UpAction.class.php Á¨¨ 349 Ë°å.
NOTIC: [8] Undefined index: ytime D:\phpstudy\WWW\dcyd\Manage\Lib\Action\UpAction.class.php Á¨¨ 350 Ë°å.
SQL: SHOW COLUMNS FROM `dcyd_view` [ RunTime:0.011001s ]
NOTIC: [8] Undefined variable: map D:\phpstudy\WWW\dcyd\Manage\Lib\Action\UpAction.class.php Á¨¨ 353 Ë°å.
SQL: SELECT `id`,`kid`,`zid`,`kname`,`zname`,`name`,`url`,`title`,`money`,`introduce`,`chapternum`,`kctitle`,`img` FROM `dcyd_view` LIMIT 0,20   [ RunTime:0.001000s ]
NOTIC: [8] Undefined variable: map D:\phpstudy\WWW\dcyd\Manage\Lib\Action\UpAction.class.php Á¨¨ 354 Ë°å.
SQL: SELECT COUNT(*) AS tp_count FROM `dcyd_view` LIMIT 1   [ RunTime:0.000000s ]

[ 2017-04-17T14:56:48+08:00 ] 127.0.0.1 /Manerger/index.php/Up/vedeedit
INFO: [ route_check ] --START--
INFO: CheckRoute Behavior ::run [ RunTime:0.002000s ]
INFO: [ route_check ] --END-- [ RunTime:0.003000s ]
INFO: [ app_begin ] --START--
INFO: ReadHtmlCache Behavior ::run [ RunTime:0.003001s ]
INFO: [ app_begin ] --END-- [ RunTime:0.003001s ]
NOTIC: [8] Undefined index: expire D:\phpstudy\WWW\dcyd\ThinkPHP\Common\functions.php Á¨¨ 549 Ë°å.
NOTIC: Âª∫ËÆÆ‰ΩøÁî®IÊñπÊ≥ïÊõø‰ª£_post
SQL: SHOW COLUMNS FROM `dcyd_view` [ RunTime:0.007001s ]
SQL: SELECT `id`,`kid`,`kname`,`zname`,`name`,`url`,`title`,`money`,`introduce`,`chapternum`,`kctitle`,`img` FROM `dcyd_view` WHERE ( id = 2 ) LIMIT 1   [ RunTime:0.001000s ]

[ 2017-04-17T14:57:02+08:00 ] 127.0.0.1 /Manerger/index.php?m=Up&a=vedesave&id=2
INFO: [ app_begin ] --START--
INFO: ReadHtmlCache Behavior ::run [ RunTime:0.002000s ]
INFO: [ app_begin ] --END-- [ RunTime:0.004000s ]
NOTIC: [8] Undefined index: expire D:\phpstudy\WWW\dcyd\ThinkPHP\Common\functions.php Á¨¨ 549 Ë°å.
SQL: SHOW COLUMNS FROM `dcyd_view` [ RunTime:0.008001s ]
NOTIC: Âª∫ËÆÆ‰ΩøÁî®IÊñπÊ≥ïÊõø‰ª£_post
SQL: SHOW COLUMNS FROM `dcyd_viewkinds` [ RunTime:0.009000s ]
SQL: SELECT `kind` FROM `dcyd_viewkinds` WHERE ( id = 1 ) LIMIT 1   [ RunTime:0.001000s ]
NOTIC: Âª∫ËÆÆ‰ΩøÁî®IÊñπÊ≥ïÊõø‰ª£_post
SQL: SHOW COLUMNS FROM `dcyd_viewclass` [ RunTime:0.008000s ]
NOTIC: Âª∫ËÆÆ‰ΩøÁî®IÊñπÊ≥ïÊõø‰ª£_post
SQL: SELECT `zname` FROM `dcyd_viewclass` WHERE ( id = 3 ) LIMIT 1   [ RunTime:0.001000s ]
SQL: SHOW COLUMNS FROM `dcyd_teacher` [ RunTime:0.008000s ]
SQL: SELECT `name` FROM `dcyd_teacher` WHERE ( id = 6 ) LIMIT 1   [ RunTime:0.000000s ]
NOTIC: Âª∫ËÆÆ‰ΩøÁî®IÊñπÊ≥ïÊõø‰ª£_post
NOTIC: Âª∫ËÆÆ‰ΩøÁî®IÊñπÊ≥ïÊõø‰ª£_post
NOTIC: Âª∫ËÆÆ‰ΩøÁî®IÊñπÊ≥ïÊõø‰ª£_post
NOTIC: Âª∫ËÆÆ‰ΩøÁî®IÊñπÊ≥ïÊõø‰ª£_post
NOTIC: Âª∫ËÆÆ‰ΩøÁî®IÊñπÊ≥ïÊõø‰ª£_post
NOTIC: [2] getimagesize() expects parameter 1 to be string, array given D:\phpstudy\WWW\dcyd\Manage\Lib\Action\UpAction.class.php Á¨¨ 398 Ë°å.
NOTIC: [8] Use of undefined constant uniqid - assumed 'uniqid' D:\phpstudy\WWW\dcyd\Manage\Lib\Action\UpAction.class.php Á¨¨ 407 Ë°å.
NOTIC: [8] Use of undefined constant date - assumed 'date' D:\phpstudy\WWW\dcyd\Manage\Lib\Action\UpAction.class.php Á¨¨ 410 Ë°å.
SQL: UPDATE `dcyd_view` SET `kname`='Á≥ªÂàó‰∏ìÈ¢ò',`zname`='ÊàêÊú¨ÁÆ°Êéß',`name`='ÂêïÂÆöÊù\∞',`kctitle`='222222',`money`='222',`title`='‰ΩèÂà´Â¢\Ö222Âï•ÈÉΩÂ∞èÂêÉÂ∞èÂêÉ',`introduce`='Ê≥ïÂõΩÈòü‰∏™Âú∞ÊñπÂÆ\ò',`chapternum`=1,`kid`=1,`zid`=3,`img`='/Public/upload/image/20170417/58f4673eaaf8b.jpg' WHERE ( id = 2 ) [ RunTime:0.001000s ]

[ 2017-04-17T14:57:03+08:00 ] 127.0.0.1 /Manerger/index.php?m=Up&a=vedels
INFO: [ app_begin ] --START--
INFO: ReadHtmlCache Behavior ::run [ RunTime:0.003001s ]
INFO: [ app_begin ] --END-- [ RunTime:0.004001s ]
NOTIC: [8] Undefined index: expire D:\phpstudy\WWW\dcyd\ThinkPHP\Common\functions.php Á¨¨ 549 Ë°å.
NOTIC: [8] Undefined index: id D:\phpstudy\WWW\dcyd\Manage\Lib\Action\UpAction.class.php Á¨¨ 347 Ë°å.
NOTIC: [8] Undefined index: title D:\phpstudy\WWW\dcyd\Manage\Lib\Action\UpAction.class.php Á¨¨ 348 Ë°å.
NOTIC: [8] Undefined index: name D:\phpstudy\WWW\dcyd\Manage\Lib\Action\UpAction.class.php Á¨¨ 349 Ë°å.
NOTIC: [8] Undefined index: ytime D:\phpstudy\WWW\dcyd\Manage\Lib\Action\UpAction.class.php Á¨¨ 350 Ë°å.
SQL: SHOW COLUMNS FROM `dcyd_view` [ RunTime:0.008000s ]
NOTIC: [8] Undefined variable: map D:\phpstudy\WWW\dcyd\Manage\Lib\Action\UpAction.class.php Á¨¨ 353 Ë°å.
SQL: SELECT `id`,`kid`,`zid`,`kname`,`zname`,`name`,`url`,`title`,`money`,`introduce`,`chapternum`,`kctitle`,`img` FROM `dcyd_view` LIMIT 0,20   [ RunTime:0.001000s ]
NOTIC: [8] Undefined variable: map D:\phpstudy\WWW\dcyd\Manage\Lib\Action\UpAction.class.php Á¨¨ 354 Ë°å.
SQL: SELECT COUNT(*) AS tp_count FROM `dcyd_view` LIMIT 1   [ RunTime:0.000000s ]

