[ 2017-03-20T18:01:08+08:00 ] 127.0.0.1 /manerger/
INFO: [ app_begin ] --START--
INFO: ReadHtmlCache Behavior ::run [ RunTime:0.002000s ]
INFO: [ app_begin ] --END-- [ RunTime:0.004000s ]
NOTIC: [8] Undefined index: expire D:\phpstudy\WWW\dcyd\ThinkPHP\Common\functions.php Á¨¨ 549 Ë°å.
NOTIC: [8] Undefined index: admin D:\phpstudy\WWW\dcyd\Manage\Lib\Action\IndexAction.class.php Á¨¨ 5 Ë°å.
INFO: [ view_parse ] --START--
NOTIC: [8] Undefined index: admin D:\phpstudy\WWW\dcyd\Manage\Runtime\Cache\6eb21b90e50e413ebd495101e2f3fb87.php Á¨¨ 27 Ë°å.
INFO: ParseTemplate Behavior ::run [ RunTime:0.038002s ]
INFO: [ view_parse ] --END-- [ RunTime:0.039002s ]
INFO: [ view_filter ] --START--
INFO: ContentReplace Behavior ::run [ RunTime:0.002000s ]
INFO: TokenBuild Behavior ::run [ RunTime:0.002000s ]
INFO: WriteHtmlCache Behavior ::run [ RunTime:0.001000s ]
INFO: ShowRuntime Behavior ::run [ RunTime:0.002001s ]
INFO: [ view_filter ] --END-- [ RunTime:0.009001s ]
INFO: [ view_end ] --START--
INFO: ShowPageTrace Behavior ::run [ RunTime:0.001000s ]
INFO: [ view_end ] --END-- [ RunTime:0.004000s ]

[ 2017-03-20T18:01:09+08:00 ] 127.0.0.1 /Manerger/index.php/Public/login.html
INFO: [ route_check ] --START--
INFO: CheckRoute Behavior ::run [ RunTime:0.002000s ]
INFO: [ route_check ] --END-- [ RunTime:0.004000s ]
INFO: [ app_begin ] --START--
INFO: ReadHtmlCache Behavior ::run [ RunTime:0.002000s ]
INFO: [ app_begin ] --END-- [ RunTime:0.002000s ]
NOTIC: [8] Undefined index: expire D:\phpstudy\WWW\dcyd\ThinkPHP\Common\functions.php Á¨¨ 549 Ë°å.
INFO: [ view_parse ] --START--
INFO: ParseTemplate Behavior ::run [ RunTime:0.021001s ]
INFO: [ view_parse ] --END-- [ RunTime:0.021001s ]
INFO: [ view_filter ] --START--
INFO: ContentReplace Behavior ::run [ RunTime:0.001000s ]
INFO: TokenBuild Behavior ::run [ RunTime:0.001000s ]
INFO: WriteHtmlCache Behavior ::run [ RunTime:0.001000s ]
INFO: ShowRuntime Behavior ::run [ RunTime:0.002000s ]
INFO: [ view_filter ] --END-- [ RunTime:0.007000s ]
INFO: [ view_end ] --START--
INFO: ShowPageTrace Behavior ::run [ RunTime:0.002000s ]
INFO: [ view_end ] --END-- [ RunTime:0.002000s ]

[ 2017-03-20T18:01:17+08:00 ] 127.0.0.1 /Manerger/index.php/Public/checklogin
INFO: [ route_check ] --START--
INFO: CheckRoute Behavior ::run [ RunTime:0.003000s ]
INFO: [ route_check ] --END-- [ RunTime:0.003000s ]
INFO: [ app_begin ] --START--
INFO: ReadHtmlCache Behavior ::run [ RunTime:0.003000s ]
INFO: [ app_begin ] --END-- [ RunTime:0.004000s ]
NOTIC: [8] Undefined index: expire D:\phpstudy\WWW\dcyd\ThinkPHP\Common\functions.php Á¨¨ 549 Ë°å.
SQL: SHOW COLUMNS FROM `dcyd_admin` [ RunTime:0.010001s ]
NOTIC: Âª∫ËÆÆ‰ΩøÁî®IÊñπÊ≥ïÊõø‰ª£_post
NOTIC: Âª∫ËÆÆ‰ΩøÁî®IÊñπÊ≥ïÊõø‰ª£_post
SQL: SELECT `id`,`rid`,`username` FROM `dcyd_admin` WHERE ( `username` = 'admin' ) AND ( `password` = '8b88e6b7e854b04cb74e' ) LIMIT 1   [ RunTime:0.000000s ]
SQL: SHOW COLUMNS FROM `dcyd_role` [ RunTime:0.008001s ]
SQL: SELECT `powers` FROM `dcyd_role` WHERE ( id=1 ) LIMIT 1   [ RunTime:0.001000s ]
SQL: SHOW COLUMNS FROM `dcyd_node` [ RunTime:0.009001s ]
SQL: SELECT `name` FROM `dcyd_node` WHERE ( pid>0 )  [ RunTime:0.001000s ]
SQL: UPDATE `dcyd_admin` SET `last_time`=1490004077,`last_ip`=127 WHERE ( id=1 ) [ RunTime:0.001000s ]
NOTIC: [8] Undefined variable: var D:\phpstudy\WWW\dcyd\ThinkPHP\Common\functions.php Á¨¨ 247 Ë°å.
NOTIC: [2] array_reverse() expects parameter 1 to be array, null given D:\phpstudy\WWW\dcyd\ThinkPHP\Common\functions.php Á¨¨ 247 Ë°å.
NOTIC: [2] http_build_query() [<a href='function.http-build-query'>function.http-build-query</a>]: Parameter 1 expected to be Array or Object.  Incorrect value given D:\phpstudy\WWW\dcyd\ThinkPHP\Common\functions.php Á¨¨ 247 Ë°å.

[ 2017-03-20T18:01:18+08:00 ] 127.0.0.1 /Manerger/index.php?
INFO: [ app_begin ] --START--
INFO: ReadHtmlCache Behavior ::run [ RunTime:0.002000s ]
INFO: [ app_begin ] --END-- [ RunTime:0.002000s ]
NOTIC: [8] Undefined index: expire D:\phpstudy\WWW\dcyd\ThinkPHP\Common\functions.php Á¨¨ 549 Ë°å.
INFO: [ view_parse ] --START--
INFO: ParseTemplate Behavior ::run [ RunTime:0.042002s ]
INFO: [ view_parse ] --END-- [ RunTime:0.044002s ]
INFO: [ view_filter ] --START--
INFO: ContentReplace Behavior ::run [ RunTime:0.001000s ]
INFO: TokenBuild Behavior ::run [ RunTime:0.001000s ]
INFO: WriteHtmlCache Behavior ::run [ RunTime:0.001000s ]
INFO: ShowRuntime Behavior ::run [ RunTime:0.002001s ]
INFO: [ view_filter ] --END-- [ RunTime:0.007001s ]
INFO: [ view_end ] --START--
INFO: ShowPageTrace Behavior ::run [ RunTime:0.001000s ]
INFO: [ view_end ] --END-- [ RunTime:0.003000s ]

[ 2017-03-20T18:01:22+08:00 ] 127.0.0.1 /Manerger/index.php/Up/vede
INFO: [ route_check ] --START--
INFO: CheckRoute Behavior ::run [ RunTime:0.003000s ]
INFO: [ route_check ] --END-- [ RunTime:0.004001s ]
INFO: [ app_begin ] --START--
INFO: ReadHtmlCache Behavior ::run [ RunTime:0.002000s ]
INFO: [ app_begin ] --END-- [ RunTime:0.003000s ]
NOTIC: [8] Undefined index: expire D:\phpstudy\WWW\dcyd\ThinkPHP\Common\functions.php Á¨¨ 549 Ë°å.
SQL: SHOW COLUMNS FROM `dcyd_viewkinds` [ RunTime:0.007000s ]
SQL: SHOW COLUMNS FROM `dcyd_teacher` [ RunTime:0.007000s ]
SQL: SHOW COLUMNS FROM `dcyd_viewclass` [ RunTime:0.009001s ]
SQL: SELECT DISTINCT  `id`,`kind` FROM `dcyd_viewkinds`  [ RunTime:0.000000s ]
SQL: SELECT DISTINCT  `id`,`name` FROM `dcyd_teacher`  [ RunTime:0.001000s ]
SQL: SELECT DISTINCT  `id`,`zname` FROM `dcyd_viewclass`  [ RunTime:0.001000s ]
INFO: [ view_parse ] --START--
INFO: ParseTemplate Behavior ::run [ RunTime:0.041003s ]
INFO: [ view_parse ] --END-- [ RunTime:0.042003s ]
INFO: [ view_filter ] --START--
INFO: ContentReplace Behavior ::run [ RunTime:0.002000s ]
INFO: TokenBuild Behavior ::run [ RunTime:0.002000s ]
INFO: WriteHtmlCache Behavior ::run [ RunTime:0.001000s ]
INFO: ShowRuntime Behavior ::run [ RunTime:0.002000s ]
INFO: [ view_filter ] --END-- [ RunTime:0.009000s ]
INFO: [ view_end ] --START--
INFO: ShowPageTrace Behavior ::run [ RunTime:0.019001s ]
INFO: [ view_end ] --END-- [ RunTime:0.028002s ]

[ 2017-03-20T18:01:23+08:00 ] 127.0.0.1 /Manerger/index.php?m=Up&a=vedels
INFO: [ app_begin ] --START--
INFO: ReadHtmlCache Behavior ::run [ RunTime:0.005000s ]
INFO: [ app_begin ] --END-- [ RunTime:0.006000s ]
NOTIC: [8] Undefined index: expire D:\phpstudy\WWW\dcyd\ThinkPHP\Common\functions.php Á¨¨ 549 Ë°å.
NOTIC: [8] Undefined index: id D:\phpstudy\WWW\dcyd\Manage\Lib\Action\UpAction.class.php Á¨¨ 347 Ë°å.
NOTIC: [8] Undefined index: title D:\phpstudy\WWW\dcyd\Manage\Lib\Action\UpAction.class.php Á¨¨ 348 Ë°å.
NOTIC: [8] Undefined index: name D:\phpstudy\WWW\dcyd\Manage\Lib\Action\UpAction.class.php Á¨¨ 349 Ë°å.
NOTIC: [8] Undefined index: ytime D:\phpstudy\WWW\dcyd\Manage\Lib\Action\UpAction.class.php Á¨¨ 350 Ë°å.
SQL: SHOW COLUMNS FROM `dcyd_view` [ RunTime:0.011001s ]
NOTIC: [8] Undefined variable: map D:\phpstudy\WWW\dcyd\Manage\Lib\Action\UpAction.class.php Á¨¨ 353 Ë°å.
SQL: SELECT `id`,`kid`,`zid`,`kname`,`zname`,`name`,`url`,`title`,`money`,`introduce`,`chapternum`,`kctitle`,`img` FROM `dcyd_view` LIMIT 0,20   [ RunTime:0.001000s ]
NOTIC: [8] Undefined variable: map D:\phpstudy\WWW\dcyd\Manage\Lib\Action\UpAction.class.php Á¨¨ 354 Ë°å.
SQL: SELECT COUNT(*) AS tp_count FROM `dcyd_view` LIMIT 1   [ RunTime:0.000000s ]

[ 2017-03-20T18:01:29+08:00 ] 127.0.0.1 /Manerger/index.php/Up/vedeedit
INFO: [ route_check ] --START--
INFO: CheckRoute Behavior ::run [ RunTime:0.002000s ]
INFO: [ route_check ] --END-- [ RunTime:0.003000s ]
INFO: [ app_begin ] --START--
INFO: ReadHtmlCache Behavior ::run [ RunTime:0.002000s ]
INFO: [ app_begin ] --END-- [ RunTime:0.004001s ]
NOTIC: [8] Undefined index: expire D:\phpstudy\WWW\dcyd\ThinkPHP\Common\functions.php Á¨¨ 549 Ë°å.
NOTIC: Âª∫ËÆÆ‰ΩøÁî®IÊñπÊ≥ïÊõø‰ª£_post
SQL: SHOW COLUMNS FROM `dcyd_view` [ RunTime:0.011000s ]
SQL: SELECT `id`,`kid`,`kname`,`zname`,`name`,`url`,`title`,`money`,`introduce`,`chapternum`,`kctitle`,`img` FROM `dcyd_view` WHERE ( id = 2 ) LIMIT 1   [ RunTime:0.001000s ]

[ 2017-03-20T18:01:34+08:00 ] 127.0.0.1 /Manerger/index.php?m=Up&a=vedesave&id=2
INFO: [ app_begin ] --START--
INFO: ReadHtmlCache Behavior ::run [ RunTime:0.002000s ]
INFO: [ app_begin ] --END-- [ RunTime:0.003000s ]
NOTIC: [8] Undefined index: expire D:\phpstudy\WWW\dcyd\ThinkPHP\Common\functions.php Á¨¨ 549 Ë°å.
SQL: SHOW COLUMNS FROM `dcyd_view` [ RunTime:0.008001s ]
NOTIC: Âª∫ËÆÆ‰ΩøÁî®IÊñπÊ≥ïÊõø‰ª£_post
SQL: SHOW COLUMNS FROM `dcyd_viewkinds` [ RunTime:0.008000s ]
SQL: SELECT `kind` FROM `dcyd_viewkinds` WHERE ( id = Á≥ªÂàó‰∏ìÈ¢ò ) LIMIT 1   [ RunTime:0.001001s ]
ERR: 1054:Unknown column 'Á≥ªÂàó‰∏ìÈ¢ò' in 'where clause'
 [ SQLËØ≠Âè• ] : SELECT `kind` FROM `dcyd_viewkinds` WHERE ( id = Á≥ªÂàó‰∏ìÈ¢ò ) LIMIT 1  
NOTIC: Âª∫ËÆÆ‰ΩøÁî®IÊñπÊ≥ïÊõø‰ª£_post
SQL: SHOW COLUMNS FROM `dcyd_viewclass` [ RunTime:0.008000s ]
NOTIC: Âª∫ËÆÆ‰ΩøÁî®IÊñπÊ≥ïÊõø‰ª£_post
SQL: SELECT `zname` FROM `dcyd_viewclass` WHERE ( id = ÂùëËíôÊãêÈ™ó ) LIMIT 1   [ RunTime:0.001000s ]
ERR: 1054:Unknown column 'ÂùëËíôÊãêÈ™ó' in 'where clause'
 [ SQLËØ≠Âè• ] : SELECT `zname` FROM `dcyd_viewclass` WHERE ( id = ÂùëËíôÊãêÈ™ó ) LIMIT 1  
SQL: SHOW COLUMNS FROM `dcyd_teacher` [ RunTime:0.008000s ]
SQL: SELECT `name` FROM `dcyd_teacher` WHERE ( id = ÂêïÂÆöÊù∞ ) LIMIT 1   [ RunTime:0.001000s ]
ERR: 1054:Unknown column 'ÂêïÂÆöÊù∞' in 'where clause'
 [ SQLËØ≠Âè• ] : SELECT `name` FROM `dcyd_teacher` WHERE ( id = ÂêïÂÆöÊù∞ ) LIMIT 1  
NOTIC: Âª∫ËÆÆ‰ΩøÁî®IÊñπÊ≥ïÊõø‰ª£_post
NOTIC: Âª∫ËÆÆ‰ΩøÁî®IÊñπÊ≥ïÊõø‰ª£_post
NOTIC: Âª∫ËÆÆ‰ΩøÁî®IÊñπÊ≥ïÊõø‰ª£_post
NOTIC: Âª∫ËÆÆ‰ΩøÁî®IÊñπÊ≥ïÊõø‰ª£_post
NOTIC: Âª∫ËÆÆ‰ΩøÁî®IÊñπÊ≥ïÊõø‰ª£_post
NOTIC: [2] getimagesize() expects parameter 1 to be string, array given D:\phpstudy\WWW\dcyd\Manage\Lib\Action\UpAction.class.php Á¨¨ 402 Ë°å.
NOTIC: [8] Use of undefined constant uniqid - assumed 'uniqid' D:\phpstudy\WWW\dcyd\Manage\Lib\Action\UpAction.class.php Á¨¨ 411 Ë°å.
NOTIC: [8] Use of undefined constant date - assumed 'date' D:\phpstudy\WWW\dcyd\Manage\Lib\Action\UpAction.class.php Á¨¨ 414 Ë°å.
SQL: UPDATE `dcyd_view` SET `kname`=null,`zname`=null,`name`=null,`kctitle`='Â§ßÂà´Â¢Ö‰π∞Ëµ∑Êù•',`money`='222',`title`='‰ΩèÂà´Â¢\Ö222Âï•ÈÉΩÂ∞èÂêÉÂ∞èÂêÉ',`introduce`='Ê≥ïÂõΩÈòü‰∏™Âú∞ÊñπÂÆ\ò',`chapternum`=2,`kid`=0,`zid`=0 WHERE ( id = 2 ) [ RunTime:0.001000s ]

[ 2017-03-20T18:01:35+08:00 ] 127.0.0.1 /Manerger/index.php?m=Up&a=vedels
INFO: [ app_begin ] --START--
INFO: ReadHtmlCache Behavior ::run [ RunTime:0.001000s ]
INFO: [ app_begin ] --END-- [ RunTime:0.003000s ]
NOTIC: [8] Undefined index: expire D:\phpstudy\WWW\dcyd\ThinkPHP\Common\functions.php Á¨¨ 549 Ë°å.
NOTIC: [8] Undefined index: id D:\phpstudy\WWW\dcyd\Manage\Lib\Action\UpAction.class.php Á¨¨ 347 Ë°å.
NOTIC: [8] Undefined index: title D:\phpstudy\WWW\dcyd\Manage\Lib\Action\UpAction.class.php Á¨¨ 348 Ë°å.
NOTIC: [8] Undefined index: name D:\phpstudy\WWW\dcyd\Manage\Lib\Action\UpAction.class.php Á¨¨ 349 Ë°å.
NOTIC: [8] Undefined index: ytime D:\phpstudy\WWW\dcyd\Manage\Lib\Action\UpAction.class.php Á¨¨ 350 Ë°å.
SQL: SHOW COLUMNS FROM `dcyd_view` [ RunTime:0.009001s ]
NOTIC: [8] Undefined variable: map D:\phpstudy\WWW\dcyd\Manage\Lib\Action\UpAction.class.php Á¨¨ 353 Ë°å.
SQL: SELECT `id`,`kid`,`zid`,`kname`,`zname`,`name`,`url`,`title`,`money`,`introduce`,`chapternum`,`kctitle`,`img` FROM `dcyd_view` LIMIT 0,20   [ RunTime:0.001000s ]
NOTIC: [8] Undefined variable: map D:\phpstudy\WWW\dcyd\Manage\Lib\Action\UpAction.class.php Á¨¨ 354 Ë°å.
SQL: SELECT COUNT(*) AS tp_count FROM `dcyd_view` LIMIT 1   [ RunTime:0.001000s ]

[ 2017-03-20T18:01:38+08:00 ] 127.0.0.1 /Manerger/index.php/Up/vedeedit
INFO: [ route_check ] --START--
INFO: CheckRoute Behavior ::run [ RunTime:0.003000s ]
INFO: [ route_check ] --END-- [ RunTime:0.003000s ]
INFO: [ app_begin ] --START--
INFO: ReadHtmlCache Behavior ::run [ RunTime:0.003000s ]
INFO: [ app_begin ] --END-- [ RunTime:0.003000s ]
NOTIC: [8] Undefined index: expire D:\phpstudy\WWW\dcyd\ThinkPHP\Common\functions.php Á¨¨ 549 Ë°å.
NOTIC: Âª∫ËÆÆ‰ΩøÁî®IÊñπÊ≥ïÊõø‰ª£_post
SQL: SHOW COLUMNS FROM `dcyd_view` [ RunTime:0.008000s ]
SQL: SELECT `id`,`kid`,`kname`,`zname`,`name`,`url`,`title`,`money`,`introduce`,`chapternum`,`kctitle`,`img` FROM `dcyd_view` WHERE ( id = 2 ) LIMIT 1   [ RunTime:0.001000s ]

[ 2017-03-20T18:01:50+08:00 ] 127.0.0.1 /Manerger/index.php?m=Up&a=vedesave&id=2
INFO: [ app_begin ] --START--
INFO: ReadHtmlCache Behavior ::run [ RunTime:0.003000s ]
INFO: [ app_begin ] --END-- [ RunTime:0.003000s ]
NOTIC: [8] Undefined index: expire D:\phpstudy\WWW\dcyd\ThinkPHP\Common\functions.php Á¨¨ 549 Ë°å.
SQL: SHOW COLUMNS FROM `dcyd_view` [ RunTime:0.008000s ]
NOTIC: Âª∫ËÆÆ‰ΩøÁî®IÊñπÊ≥ïÊõø‰ª£_post
SQL: SHOW COLUMNS FROM `dcyd_viewkinds` [ RunTime:0.008000s ]
SQL: SELECT `kind` FROM `dcyd_viewkinds` WHERE ( id = 1 ) LIMIT 1   [ RunTime:0.000000s ]
NOTIC: Âª∫ËÆÆ‰ΩøÁî®IÊñπÊ≥ïÊõø‰ª£_post
SQL: SHOW COLUMNS FROM `dcyd_viewclass` [ RunTime:0.008000s ]
NOTIC: Âª∫ËÆÆ‰ΩøÁî®IÊñπÊ≥ïÊõø‰ª£_post
SQL: SELECT `zname` FROM `dcyd_viewclass` WHERE ( id = 3 ) LIMIT 1   [ RunTime:0.001000s ]
SQL: SHOW COLUMNS FROM `dcyd_teacher` [ RunTime:0.008001s ]
SQL: SELECT `name` FROM `dcyd_teacher` WHERE ( id = 5 ) LIMIT 1   [ RunTime:0.000000s ]
NOTIC: Âª∫ËÆÆ‰ΩøÁî®IÊñπÊ≥ïÊõø‰ª£_post
NOTIC: Âª∫ËÆÆ‰ΩøÁî®IÊñπÊ≥ïÊõø‰ª£_post
NOTIC: Âª∫ËÆÆ‰ΩøÁî®IÊñπÊ≥ïÊõø‰ª£_post
NOTIC: Âª∫ËÆÆ‰ΩøÁî®IÊñπÊ≥ïÊõø‰ª£_post
NOTIC: Âª∫ËÆÆ‰ΩøÁî®IÊñπÊ≥ïÊõø‰ª£_post
NOTIC: [2] getimagesize() expects parameter 1 to be string, array given D:\phpstudy\WWW\dcyd\Manage\Lib\Action\UpAction.class.php Á¨¨ 402 Ë°å.
NOTIC: [8] Use of undefined constant uniqid - assumed 'uniqid' D:\phpstudy\WWW\dcyd\Manage\Lib\Action\UpAction.class.php Á¨¨ 411 Ë°å.
NOTIC: [8] Use of undefined constant date - assumed 'date' D:\phpstudy\WWW\dcyd\Manage\Lib\Action\UpAction.class.php Á¨¨ 414 Ë°å.
SQL: UPDATE `dcyd_view` SET `kname`='Á≥ªÂàó‰∏ìÈ¢ò',`zname`='ÊàêÊú¨ÁÆ°Êéß',`name`='ÂàòÂõΩ‰∏\ú',`kctitle`='Â§ßÂà´Â¢Ö‰π∞Ëµ∑Êù•',`money`='222',`title`='‰ΩèÂà´Â¢\Ö222Âï•ÈÉΩÂ∞èÂêÉÂ∞èÂêÉ',`introduce`='Ê≥ïÂõΩÈòü‰∏™Âú∞ÊñπÂÆ\ò',`chapternum`=2,`kid`=1,`zid`=3 WHERE ( id = 2 ) [ RunTime:0.000000s ]

[ 2017-03-20T18:01:51+08:00 ] 127.0.0.1 /Manerger/index.php?m=Up&a=vedels
INFO: [ app_begin ] --START--
INFO: ReadHtmlCache Behavior ::run [ RunTime:0.002000s ]
INFO: [ app_begin ] --END-- [ RunTime:0.002000s ]
NOTIC: [8] Undefined index: expire D:\phpstudy\WWW\dcyd\ThinkPHP\Common\functions.php Á¨¨ 549 Ë°å.
NOTIC: [8] Undefined index: id D:\phpstudy\WWW\dcyd\Manage\Lib\Action\UpAction.class.php Á¨¨ 347 Ë°å.
NOTIC: [8] Undefined index: title D:\phpstudy\WWW\dcyd\Manage\Lib\Action\UpAction.class.php Á¨¨ 348 Ë°å.
NOTIC: [8] Undefined index: name D:\phpstudy\WWW\dcyd\Manage\Lib\Action\UpAction.class.php Á¨¨ 349 Ë°å.
NOTIC: [8] Undefined index: ytime D:\phpstudy\WWW\dcyd\Manage\Lib\Action\UpAction.class.php Á¨¨ 350 Ë°å.
SQL: SHOW COLUMNS FROM `dcyd_view` [ RunTime:0.010001s ]
NOTIC: [8] Undefined variable: map D:\phpstudy\WWW\dcyd\Manage\Lib\Action\UpAction.class.php Á¨¨ 353 Ë°å.
SQL: SELECT `id`,`kid`,`zid`,`kname`,`zname`,`name`,`url`,`title`,`money`,`introduce`,`chapternum`,`kctitle`,`img` FROM `dcyd_view` LIMIT 0,20   [ RunTime:0.001000s ]
NOTIC: [8] Undefined variable: map D:\phpstudy\WWW\dcyd\Manage\Lib\Action\UpAction.class.php Á¨¨ 354 Ë°å.
SQL: SELECT COUNT(*) AS tp_count FROM `dcyd_view` LIMIT 1   [ RunTime:0.000000s ]

[ 2017-03-20T18:02:42+08:00 ] 127.0.0.1 /Manerger/index.php/Up/teacher
INFO: [ route_check ] --START--
INFO: CheckRoute Behavior ::run [ RunTime:0.002000s ]
INFO: [ route_check ] --END-- [ RunTime:0.003000s ]
INFO: [ app_begin ] --START--
INFO: ReadHtmlCache Behavior ::run [ RunTime:0.003001s ]
INFO: [ app_begin ] --END-- [ RunTime:0.003001s ]
NOTIC: [8] Undefined index: expire D:\phpstudy\WWW\dcyd\ThinkPHP\Common\functions.php Á¨¨ 549 Ë°å.
SQL: SHOW COLUMNS FROM `dcyd_viewkinds` [ RunTime:0.008000s ]
SQL: SELECT DISTINCT  `id`,`name` FROM `dcyd_viewkinds`  [ RunTime:0.001000s ]
ERR: 1054:Unknown column 'name' in 'field list'
 [ SQLËØ≠Âè• ] : SELECT DISTINCT  `id`,`name` FROM `dcyd_viewkinds` 
INFO: [ view_parse ] --START--
INFO: ParseTemplate Behavior ::run [ RunTime:0.022001s ]
INFO: [ view_parse ] --END-- [ RunTime:0.023001s ]
INFO: [ view_filter ] --START--
INFO: ContentReplace Behavior ::run [ RunTime:0.001000s ]
INFO: TokenBuild Behavior ::run [ RunTime:0.001000s ]
INFO: WriteHtmlCache Behavior ::run [ RunTime:0.001000s ]
INFO: ShowRuntime Behavior ::run [ RunTime:0.003001s ]
INFO: [ view_filter ] --END-- [ RunTime:0.009001s ]
INFO: [ view_end ] --START--
INFO: ShowPageTrace Behavior ::run [ RunTime:0.002000s ]
INFO: [ view_end ] --END-- [ RunTime:0.002000s ]

[ 2017-03-20T18:02:43+08:00 ] 127.0.0.1 /Manerger/index.php?m=Up&a=teacherls
INFO: [ app_begin ] --START--
INFO: ReadHtmlCache Behavior ::run [ RunTime:0.004000s ]
INFO: [ app_begin ] --END-- [ RunTime:0.004000s ]
NOTIC: [8] Undefined index: expire D:\phpstudy\WWW\dcyd\ThinkPHP\Common\functions.php Á¨¨ 549 Ë°å.
NOTIC: [8] Undefined index: id D:\phpstudy\WWW\dcyd\Manage\Lib\Action\UpAction.class.php Á¨¨ 451 Ë°å.
NOTIC: [8] Undefined index: title D:\phpstudy\WWW\dcyd\Manage\Lib\Action\UpAction.class.php Á¨¨ 452 Ë°å.
NOTIC: [8] Undefined index: name D:\phpstudy\WWW\dcyd\Manage\Lib\Action\UpAction.class.php Á¨¨ 453 Ë°å.
NOTIC: [8] Undefined index: ytime D:\phpstudy\WWW\dcyd\Manage\Lib\Action\UpAction.class.php Á¨¨ 454 Ë°å.
SQL: SHOW COLUMNS FROM `dcyd_teacher` [ RunTime:0.007001s ]
NOTIC: [8] Undefined variable: map D:\phpstudy\WWW\dcyd\Manage\Lib\Action\UpAction.class.php Á¨¨ 457 Ë°å.
SQL: SELECT `id`,`name`,`timg`,`explain` FROM `dcyd_teacher` LIMIT 0,20   [ RunTime:0.001000s ]
NOTIC: [8] Undefined variable: map D:\phpstudy\WWW\dcyd\Manage\Lib\Action\UpAction.class.php Á¨¨ 458 Ë°å.
SQL: SELECT COUNT(*) AS tp_count FROM `dcyd_teacher` LIMIT 1   [ RunTime:0.000000s ]

[ 2017-03-20T18:02:46+08:00 ] 127.0.0.1 /Manerger/index.php/Up/vede
INFO: [ route_check ] --START--
INFO: CheckRoute Behavior ::run [ RunTime:0.003000s ]
INFO: [ route_check ] --END-- [ RunTime:0.004000s ]
INFO: [ app_begin ] --START--
INFO: ReadHtmlCache Behavior ::run [ RunTime:0.002000s ]
INFO: [ app_begin ] --END-- [ RunTime:0.002000s ]
NOTIC: [8] Undefined index: expire D:\phpstudy\WWW\dcyd\ThinkPHP\Common\functions.php Á¨¨ 549 Ë°å.
SQL: SHOW COLUMNS FROM `dcyd_viewkinds` [ RunTime:0.008000s ]
SQL: SHOW COLUMNS FROM `dcyd_teacher` [ RunTime:0.008001s ]
SQL: SHOW COLUMNS FROM `dcyd_viewclass` [ RunTime:0.009000s ]
SQL: SELECT DISTINCT  `id`,`kind` FROM `dcyd_viewkinds`  [ RunTime:0.001000s ]
SQL: SELECT DISTINCT  `id`,`name` FROM `dcyd_teacher`  [ RunTime:0.000000s ]
SQL: SELECT DISTINCT  `id`,`zname` FROM `dcyd_viewclass`  [ RunTime:0.000000s ]
INFO: [ view_parse ] --START--
INFO: ParseTemplate Behavior ::run [ RunTime:0.041002s ]
INFO: [ view_parse ] --END-- [ RunTime:0.042002s ]
INFO: [ view_filter ] --START--
INFO: ContentReplace Behavior ::run [ RunTime:0.001000s ]
INFO: TokenBuild Behavior ::run [ RunTime:0.001000s ]
INFO: WriteHtmlCache Behavior ::run [ RunTime:0.002000s ]
INFO: ShowRuntime Behavior ::run [ RunTime:0.003000s ]
INFO: [ view_filter ] --END-- [ RunTime:0.009001s ]
INFO: [ view_end ] --START--
INFO: ShowPageTrace Behavior ::run [ RunTime:0.003000s ]
INFO: [ view_end ] --END-- [ RunTime:0.003000s ]

[ 2017-03-20T18:02:47+08:00 ] 127.0.0.1 /Manerger/index.php?m=Up&a=vedels
INFO: [ app_begin ] --START--
INFO: ReadHtmlCache Behavior ::run [ RunTime:0.003001s ]
INFO: [ app_begin ] --END-- [ RunTime:0.005001s ]
NOTIC: [8] Undefined index: expire D:\phpstudy\WWW\dcyd\ThinkPHP\Common\functions.php Á¨¨ 549 Ë°å.
NOTIC: [8] Undefined index: id D:\phpstudy\WWW\dcyd\Manage\Lib\Action\UpAction.class.php Á¨¨ 347 Ë°å.
NOTIC: [8] Undefined index: title D:\phpstudy\WWW\dcyd\Manage\Lib\Action\UpAction.class.php Á¨¨ 348 Ë°å.
NOTIC: [8] Undefined index: name D:\phpstudy\WWW\dcyd\Manage\Lib\Action\UpAction.class.php Á¨¨ 349 Ë°å.
NOTIC: [8] Undefined index: ytime D:\phpstudy\WWW\dcyd\Manage\Lib\Action\UpAction.class.php Á¨¨ 350 Ë°å.
SQL: SHOW COLUMNS FROM `dcyd_view` [ RunTime:0.008001s ]
NOTIC: [8] Undefined variable: map D:\phpstudy\WWW\dcyd\Manage\Lib\Action\UpAction.class.php Á¨¨ 353 Ë°å.
SQL: SELECT `id`,`kid`,`zid`,`kname`,`zname`,`name`,`url`,`title`,`money`,`introduce`,`chapternum`,`kctitle`,`img` FROM `dcyd_view` LIMIT 0,20   [ RunTime:0.000000s ]
NOTIC: [8] Undefined variable: map D:\phpstudy\WWW\dcyd\Manage\Lib\Action\UpAction.class.php Á¨¨ 354 Ë°å.
SQL: SELECT COUNT(*) AS tp_count FROM `dcyd_view` LIMIT 1   [ RunTime:0.000000s ]

