[ 2017-05-08T11:45:08+08:00 ] 127.0.0.1 /Manerger/index.php?
INFO: [ app_begin ] --START--
INFO: ReadHtmlCache Behavior ::run [ RunTime:0.002000s ]
INFO: [ app_begin ] --END-- [ RunTime:0.004000s ]
NOTIC: [8] Undefined index: expire D:\phpstudy\WWW\dcyd\ThinkPHP\Common\functions.php Á¨¨ 549 Ë°å.
NOTIC: [8] Undefined index: admin D:\phpstudy\WWW\dcyd\Manage\Lib\Action\IndexAction.class.php Á¨¨ 5 Ë°å.
INFO: [ view_parse ] --START--
NOTIC: [8] Undefined index: admin D:\phpstudy\WWW\dcyd\Manage\Runtime\Cache\6eb21b90e50e413ebd495101e2f3fb87.php Á¨¨ 27 Ë°å.
INFO: ParseTemplate Behavior ::run [ RunTime:0.042002s ]
INFO: [ view_parse ] --END-- [ RunTime:0.043003s ]
INFO: [ view_filter ] --START--
INFO: ContentReplace Behavior ::run [ RunTime:0.002000s ]
INFO: TokenBuild Behavior ::run [ RunTime:0.001000s ]
INFO: WriteHtmlCache Behavior ::run [ RunTime:0.001000s ]
INFO: ShowRuntime Behavior ::run [ RunTime:0.003000s ]
INFO: [ view_filter ] --END-- [ RunTime:0.009000s ]
INFO: [ view_end ] --START--
INFO: ShowPageTrace Behavior ::run [ RunTime:0.003000s ]
INFO: [ view_end ] --END-- [ RunTime:0.003000s ]

[ 2017-05-08T11:45:08+08:00 ] 127.0.0.1 /Manerger/index.php/Public/login.html
INFO: [ route_check ] --START--
INFO: CheckRoute Behavior ::run [ RunTime:0.002000s ]
INFO: [ route_check ] --END-- [ RunTime:0.003000s ]
INFO: [ app_begin ] --START--
INFO: ReadHtmlCache Behavior ::run [ RunTime:0.002000s ]
INFO: [ app_begin ] --END-- [ RunTime:0.003000s ]
NOTIC: [8] Undefined index: expire D:\phpstudy\WWW\dcyd\ThinkPHP\Common\functions.php Á¨¨ 549 Ë°å.
INFO: [ view_parse ] --START--
INFO: ParseTemplate Behavior ::run [ RunTime:0.021002s ]
INFO: [ view_parse ] --END-- [ RunTime:0.022002s ]
INFO: [ view_filter ] --START--
INFO: ContentReplace Behavior ::run [ RunTime:0.003000s ]
INFO: TokenBuild Behavior ::run [ RunTime:0.002000s ]
INFO: WriteHtmlCache Behavior ::run [ RunTime:0.001000s ]
INFO: ShowRuntime Behavior ::run [ RunTime:0.002000s ]
INFO: [ view_filter ] --END-- [ RunTime:0.010000s ]
INFO: [ view_end ] --START--
INFO: ShowPageTrace Behavior ::run [ RunTime:0.002000s ]
INFO: [ view_end ] --END-- [ RunTime:0.003000s ]

[ 2017-05-08T11:45:13+08:00 ] 127.0.0.1 /Manerger/index.php/Public/checklogin
INFO: [ route_check ] --START--
INFO: CheckRoute Behavior ::run [ RunTime:0.002000s ]
INFO: [ route_check ] --END-- [ RunTime:0.004000s ]
INFO: [ app_begin ] --START--
INFO: ReadHtmlCache Behavior ::run [ RunTime:0.003000s ]
INFO: [ app_begin ] --END-- [ RunTime:0.003000s ]
NOTIC: [8] Undefined index: expire D:\phpstudy\WWW\dcyd\ThinkPHP\Common\functions.php Á¨¨ 549 Ë°å.
SQL: SHOW COLUMNS FROM `dcyd_admin` [ RunTime:0.009001s ]
NOTIC: Âª∫ËÆÆ‰ΩøÁî®IÊñπÊ≥ïÊõø‰ª£_post
NOTIC: Âª∫ËÆÆ‰ΩøÁî®IÊñπÊ≥ïÊõø‰ª£_post
SQL: SELECT `id`,`rid`,`username` FROM `dcyd_admin` WHERE ( `username` = 'admin' ) AND ( `password` = '8b88e6b7e854b04cb74e' ) LIMIT 1   [ RunTime:0.001000s ]
SQL: SHOW COLUMNS FROM `dcyd_role` [ RunTime:0.009001s ]
SQL: SELECT `powers` FROM `dcyd_role` WHERE ( id=1 ) LIMIT 1   [ RunTime:0.001000s ]
SQL: SHOW COLUMNS FROM `dcyd_node` [ RunTime:0.009001s ]
SQL: SELECT `name` FROM `dcyd_node` WHERE ( pid>0 )  [ RunTime:0.001000s ]
SQL: UPDATE `dcyd_admin` SET `last_time`=1494215113,`last_ip`=127 WHERE ( id=1 ) [ RunTime:0.001000s ]
NOTIC: [8] Undefined variable: var D:\phpstudy\WWW\dcyd\ThinkPHP\Common\functions.php Á¨¨ 247 Ë°å.
NOTIC: [2] array_reverse() expects parameter 1 to be array, null given D:\phpstudy\WWW\dcyd\ThinkPHP\Common\functions.php Á¨¨ 247 Ë°å.
NOTIC: [2] http_build_query() [<a href='function.http-build-query'>function.http-build-query</a>]: Parameter 1 expected to be Array or Object.  Incorrect value given D:\phpstudy\WWW\dcyd\ThinkPHP\Common\functions.php Á¨¨ 247 Ë°å.

[ 2017-05-08T11:45:13+08:00 ] 127.0.0.1 /Manerger/index.php?
INFO: [ app_begin ] --START--
INFO: ReadHtmlCache Behavior ::run [ RunTime:0.003001s ]
INFO: [ app_begin ] --END-- [ RunTime:0.003001s ]
NOTIC: [8] Undefined index: expire D:\phpstudy\WWW\dcyd\ThinkPHP\Common\functions.php Á¨¨ 549 Ë°å.
INFO: [ view_parse ] --START--
INFO: ParseTemplate Behavior ::run [ RunTime:0.036002s ]
INFO: [ view_parse ] --END-- [ RunTime:0.037002s ]
INFO: [ view_filter ] --START--
INFO: ContentReplace Behavior ::run [ RunTime:0.001000s ]
INFO: TokenBuild Behavior ::run [ RunTime:0.002001s ]
INFO: WriteHtmlCache Behavior ::run [ RunTime:0.001000s ]
INFO: ShowRuntime Behavior ::run [ RunTime:0.002000s ]
INFO: [ view_filter ] --END-- [ RunTime:0.010001s ]
INFO: [ view_end ] --START--
INFO: ShowPageTrace Behavior ::run [ RunTime:0.003000s ]
INFO: [ view_end ] --END-- [ RunTime:0.004000s ]

[ 2017-05-08T11:45:21+08:00 ] 127.0.0.1 /Manerger/index.php/Up/vede
INFO: [ route_check ] --START--
INFO: CheckRoute Behavior ::run [ RunTime:0.001000s ]
INFO: [ route_check ] --END-- [ RunTime:0.003000s ]
INFO: [ app_begin ] --START--
INFO: ReadHtmlCache Behavior ::run [ RunTime:0.001000s ]
INFO: [ app_begin ] --END-- [ RunTime:0.003000s ]
NOTIC: [8] Undefined index: expire D:\phpstudy\WWW\dcyd\ThinkPHP\Common\functions.php Á¨¨ 549 Ë°å.
SQL: SHOW COLUMNS FROM `dcyd_viewkinds` [ RunTime:0.007000s ]
SQL: SHOW COLUMNS FROM `dcyd_teacher` [ RunTime:0.008000s ]
SQL: SHOW COLUMNS FROM `dcyd_viewclass` [ RunTime:0.010001s ]
SQL: SELECT DISTINCT  `id`,`kind` FROM `dcyd_viewkinds`  [ RunTime:0.000000s ]
SQL: SELECT DISTINCT  `id`,`name` FROM `dcyd_teacher`  [ RunTime:0.000000s ]
SQL: SELECT DISTINCT  `id`,`zname` FROM `dcyd_viewclass`  [ RunTime:0.000000s ]
INFO: [ view_parse ] --START--
INFO: ParseTemplate Behavior ::run [ RunTime:0.045002s ]
INFO: [ view_parse ] --END-- [ RunTime:0.046002s ]
INFO: [ view_filter ] --START--
INFO: ContentReplace Behavior ::run [ RunTime:0.001000s ]
INFO: TokenBuild Behavior ::run [ RunTime:0.002000s ]
INFO: WriteHtmlCache Behavior ::run [ RunTime:0.001001s ]
INFO: ShowRuntime Behavior ::run [ RunTime:0.003000s ]
INFO: [ view_filter ] --END-- [ RunTime:0.009001s ]
INFO: [ view_end ] --START--
INFO: ShowPageTrace Behavior ::run [ RunTime:0.012001s ]
INFO: [ view_end ] --END-- [ RunTime:0.016001s ]

[ 2017-05-08T11:45:21+08:00 ] 127.0.0.1 /Manerger/index.php?m=Up&a=vedels
INFO: [ app_begin ] --START--
INFO: ReadHtmlCache Behavior ::run [ RunTime:0.002000s ]
INFO: [ app_begin ] --END-- [ RunTime:0.003000s ]
NOTIC: [8] Undefined index: expire D:\phpstudy\WWW\dcyd\ThinkPHP\Common\functions.php Á¨¨ 549 Ë°å.
NOTIC: [8] Undefined index: id D:\phpstudy\WWW\dcyd\Manage\Lib\Action\UpAction.class.php Á¨¨ 347 Ë°å.
NOTIC: [8] Undefined index: title D:\phpstudy\WWW\dcyd\Manage\Lib\Action\UpAction.class.php Á¨¨ 348 Ë°å.
NOTIC: [8] Undefined index: money D:\phpstudy\WWW\dcyd\Manage\Lib\Action\UpAction.class.php Á¨¨ 349 Ë°å.
NOTIC: [8] Undefined index: kctitle D:\phpstudy\WWW\dcyd\Manage\Lib\Action\UpAction.class.php Á¨¨ 350 Ë°å.
SQL: SHOW COLUMNS FROM `dcyd_view` [ RunTime:0.009001s ]
NOTIC: [8] Undefined variable: map D:\phpstudy\WWW\dcyd\Manage\Lib\Action\UpAction.class.php Á¨¨ 356 Ë°å.
SQL: SELECT a.id,a.kid,a.zid,b.kind,c.zname,a.name,a.url,a.title,a.money,a.introduce,a.chapternum,a.isrecommend,a.kctitle,a.collnum,a.img FROM dcyd_view as a LEFT JOIN dcyd_viewkinds as b on b.id = a.kid LEFT JOIN dcyd_viewclass as c on c.id = a.zid LIMIT 0,20   [ RunTime:0.001000s ]
NOTIC: [8] Undefined variable: map D:\phpstudy\WWW\dcyd\Manage\Lib\Action\UpAction.class.php Á¨¨ 359 Ë°å.
SQL: SELECT COUNT(*) AS tp_count FROM dcyd_view as a LEFT JOIN dcyd_viewkinds as b on b.id = a.kid LEFT JOIN dcyd_viewclass as c on c.id = a.zid LIMIT 1   [ RunTime:0.000000s ]

[ 2017-05-08T11:45:28+08:00 ] 127.0.0.1 /Manerger/index.php/Up/vedeedit
INFO: [ route_check ] --START--
INFO: CheckRoute Behavior ::run [ RunTime:0.002000s ]
INFO: [ route_check ] --END-- [ RunTime:0.003000s ]
INFO: [ app_begin ] --START--
INFO: ReadHtmlCache Behavior ::run [ RunTime:0.001000s ]
INFO: [ app_begin ] --END-- [ RunTime:0.003000s ]
NOTIC: [8] Undefined index: expire D:\phpstudy\WWW\dcyd\ThinkPHP\Common\functions.php Á¨¨ 549 Ë°å.
NOTIC: Âª∫ËÆÆ‰ΩøÁî®IÊñπÊ≥ïÊõø‰ª£_post
SQL: SHOW COLUMNS FROM `dcyd_view` [ RunTime:0.007001s ]
SQL: SELECT a.id,a.kid,a.zid,b.kind,c.zname,a.name,a.url,a.title,a.money,a.introduce,a.chapternum,a.isrecommend,a.kctitle,a.collnum,a.img FROM dcyd_view as a LEFT JOIN dcyd_viewkinds as b on b.id = a.kid LEFT JOIN dcyd_viewclass as c on c.id = a.zid WHERE ( a.id = 4 ) LIMIT 1   [ RunTime:0.001000s ]

[ 2017-05-08T11:45:42+08:00 ] 127.0.0.1 /Manerger/index.php?m=Up&a=vedesave&id=4
INFO: [ app_begin ] --START--
INFO: ReadHtmlCache Behavior ::run [ RunTime:0.002000s ]
INFO: [ app_begin ] --END-- [ RunTime:0.003000s ]
NOTIC: [8] Undefined index: expire D:\phpstudy\WWW\dcyd\ThinkPHP\Common\functions.php Á¨¨ 549 Ë°å.
SQL: SHOW COLUMNS FROM `dcyd_view` [ RunTime:0.008000s ]
NOTIC: Âª∫ËÆÆ‰ΩøÁî®IÊñπÊ≥ïÊõø‰ª£_post
SQL: SHOW COLUMNS FROM `dcyd_viewkinds` [ RunTime:0.008000s ]
SQL: SELECT `kind` FROM `dcyd_viewkinds` WHERE ( id =  ) LIMIT 1   [ RunTime:0.001000s ]
ERR: 1064:You have an error in your SQL syntax; check the manual that corresponds to your MySQL server version for the right syntax to use near ') LIMIT 1' at line 1
 [ SQLËØ≠Âè• ] : SELECT `kind` FROM `dcyd_viewkinds` WHERE ( id =  ) LIMIT 1  
NOTIC: Âª∫ËÆÆ‰ΩøÁî®IÊñπÊ≥ïÊõø‰ª£_post
SQL: SHOW COLUMNS FROM `dcyd_viewclass` [ RunTime:0.007000s ]
NOTIC: Âª∫ËÆÆ‰ΩøÁî®IÊñπÊ≥ïÊõø‰ª£_post
SQL: SELECT `zname` FROM `dcyd_viewclass` WHERE ( id = 2 ) LIMIT 1   [ RunTime:0.001000s ]
SQL: SHOW COLUMNS FROM `dcyd_teacher` [ RunTime:0.008000s ]
SQL: SELECT `name` FROM `dcyd_teacher` WHERE ( id = 111 ) LIMIT 1   [ RunTime:0.000000s ]
NOTIC: Âª∫ËÆÆ‰ΩøÁî®IÊñπÊ≥ïÊõø‰ª£_post
NOTIC: Âª∫ËÆÆ‰ΩøÁî®IÊñπÊ≥ïÊõø‰ª£_post
NOTIC: Âª∫ËÆÆ‰ΩøÁî®IÊñπÊ≥ïÊõø‰ª£_post
NOTIC: Âª∫ËÆÆ‰ΩøÁî®IÊñπÊ≥ïÊõø‰ª£_post
NOTIC: Âª∫ËÆÆ‰ΩøÁî®IÊñπÊ≥ïÊõø‰ª£_post
NOTIC: [2] getimagesize() expects parameter 1 to be string, array given D:\phpstudy\WWW\dcyd\Manage\Lib\Action\UpAction.class.php Á¨¨ 421 Ë°å.
NOTIC: [8] Use of undefined constant uniqid - assumed 'uniqid' D:\phpstudy\WWW\dcyd\Manage\Lib\Action\UpAction.class.php Á¨¨ 430 Ë°å.
NOTIC: [8] Use of undefined constant date - assumed 'date' D:\phpstudy\WWW\dcyd\Manage\Lib\Action\UpAction.class.php Á¨¨ 433 Ë°å.
SQL: UPDATE `dcyd_view` SET `name`=null,`kctitle`='444444',`money`='222',`title`='ÂºÄË∑ëËΩ¶11sadÂ≠¶‰π†Âû\ã',`introduce`='ÈÉΩÊòØÂèë‰∏™ÈÉΩÊòØ‰∏™Ê¢µËíÇÂÜàÊ¢µËíÇÂÜàÁöÑ',`chapternum`=1,`kid`=null,`zid`=2 WHERE ( id = 4 ) [ RunTime:0.001000s ]

[ 2017-05-08T11:45:42+08:00 ] 127.0.0.1 /Manerger/index.php?m=Up&a=vedels
INFO: [ app_begin ] --START--
INFO: ReadHtmlCache Behavior ::run [ RunTime:0.002000s ]
INFO: [ app_begin ] --END-- [ RunTime:0.003000s ]
NOTIC: [8] Undefined index: expire D:\phpstudy\WWW\dcyd\ThinkPHP\Common\functions.php Á¨¨ 549 Ë°å.
NOTIC: [8] Undefined index: id D:\phpstudy\WWW\dcyd\Manage\Lib\Action\UpAction.class.php Á¨¨ 347 Ë°å.
NOTIC: [8] Undefined index: title D:\phpstudy\WWW\dcyd\Manage\Lib\Action\UpAction.class.php Á¨¨ 348 Ë°å.
NOTIC: [8] Undefined index: money D:\phpstudy\WWW\dcyd\Manage\Lib\Action\UpAction.class.php Á¨¨ 349 Ë°å.
NOTIC: [8] Undefined index: kctitle D:\phpstudy\WWW\dcyd\Manage\Lib\Action\UpAction.class.php Á¨¨ 350 Ë°å.
SQL: SHOW COLUMNS FROM `dcyd_view` [ RunTime:0.010001s ]
NOTIC: [8] Undefined variable: map D:\phpstudy\WWW\dcyd\Manage\Lib\Action\UpAction.class.php Á¨¨ 356 Ë°å.
SQL: SELECT a.id,a.kid,a.zid,b.kind,c.zname,a.name,a.url,a.title,a.money,a.introduce,a.chapternum,a.isrecommend,a.kctitle,a.collnum,a.img FROM dcyd_view as a LEFT JOIN dcyd_viewkinds as b on b.id = a.kid LEFT JOIN dcyd_viewclass as c on c.id = a.zid LIMIT 0,20   [ RunTime:0.000000s ]
NOTIC: [8] Undefined variable: map D:\phpstudy\WWW\dcyd\Manage\Lib\Action\UpAction.class.php Á¨¨ 359 Ë°å.
SQL: SELECT COUNT(*) AS tp_count FROM dcyd_view as a LEFT JOIN dcyd_viewkinds as b on b.id = a.kid LEFT JOIN dcyd_viewclass as c on c.id = a.zid LIMIT 1   [ RunTime:0.001000s ]

[ 2017-05-08T11:48:54+08:00 ] 127.0.0.1 /Manerger/index.php/Up/vede
INFO: [ route_check ] --START--
INFO: CheckRoute Behavior ::run [ RunTime:0.002001s ]
INFO: [ route_check ] --END-- [ RunTime:0.003001s ]
INFO: [ app_begin ] --START--
INFO: ReadHtmlCache Behavior ::run [ RunTime:0.002000s ]
INFO: [ app_begin ] --END-- [ RunTime:0.003000s ]
NOTIC: [8] Undefined index: expire D:\phpstudy\WWW\dcyd\ThinkPHP\Common\functions.php Á¨¨ 549 Ë°å.
SQL: SHOW COLUMNS FROM `dcyd_viewkinds` [ RunTime:0.009000s ]
SQL: SHOW COLUMNS FROM `dcyd_teacher` [ RunTime:0.009000s ]
SQL: SHOW COLUMNS FROM `dcyd_viewclass` [ RunTime:0.007001s ]
SQL: SELECT DISTINCT  `id`,`kind` FROM `dcyd_viewkinds`  [ RunTime:0.000000s ]
SQL: SELECT DISTINCT  `id`,`name` FROM `dcyd_teacher`  [ RunTime:0.000000s ]
SQL: SELECT DISTINCT  `id`,`zname` FROM `dcyd_viewclass`  [ RunTime:0.001000s ]
INFO: [ view_parse ] --START--
INFO: ParseTemplate Behavior ::run [ RunTime:0.044003s ]
INFO: [ view_parse ] --END-- [ RunTime:0.045003s ]
INFO: [ view_filter ] --START--
INFO: ContentReplace Behavior ::run [ RunTime:0.001000s ]
INFO: TokenBuild Behavior ::run [ RunTime:0.002000s ]
INFO: WriteHtmlCache Behavior ::run [ RunTime:0.001000s ]
INFO: ShowRuntime Behavior ::run [ RunTime:0.004001s ]
INFO: [ view_filter ] --END-- [ RunTime:0.010001s ]
INFO: [ view_end ] --START--
INFO: ShowPageTrace Behavior ::run [ RunTime:0.002000s ]
INFO: [ view_end ] --END-- [ RunTime:0.003000s ]

[ 2017-05-08T11:48:54+08:00 ] 127.0.0.1 /Manerger/index.php?m=Up&a=vedels
INFO: [ app_begin ] --START--
INFO: ReadHtmlCache Behavior ::run [ RunTime:0.004001s ]
INFO: [ app_begin ] --END-- [ RunTime:0.007001s ]
NOTIC: [8] Undefined index: expire D:\phpstudy\WWW\dcyd\ThinkPHP\Common\functions.php Á¨¨ 549 Ë°å.
NOTIC: [8] Undefined index: id D:\phpstudy\WWW\dcyd\Manage\Lib\Action\UpAction.class.php Á¨¨ 347 Ë°å.
NOTIC: [8] Undefined index: title D:\phpstudy\WWW\dcyd\Manage\Lib\Action\UpAction.class.php Á¨¨ 348 Ë°å.
NOTIC: [8] Undefined index: money D:\phpstudy\WWW\dcyd\Manage\Lib\Action\UpAction.class.php Á¨¨ 349 Ë°å.
NOTIC: [8] Undefined index: kctitle D:\phpstudy\WWW\dcyd\Manage\Lib\Action\UpAction.class.php Á¨¨ 350 Ë°å.
SQL: SHOW COLUMNS FROM `dcyd_view` [ RunTime:0.009001s ]
NOTIC: [8] Undefined variable: map D:\phpstudy\WWW\dcyd\Manage\Lib\Action\UpAction.class.php Á¨¨ 356 Ë°å.
SQL: SELECT a.id,b.kind,a.name,a.title,a.money,a.introduce,a.chapternum,a.isrecommend,a.kctitle,a.collnum,a.img FROM dcyd_view as a LEFT JOIN dcyd_viewkinds as b on b.id = a.kid LEFT JOIN dcyd_viewclass as c on c.id = a.zid LIMIT 0,20   [ RunTime:0.000000s ]
NOTIC: [8] Undefined variable: map D:\phpstudy\WWW\dcyd\Manage\Lib\Action\UpAction.class.php Á¨¨ 359 Ë°å.
SQL: SELECT COUNT(*) AS tp_count FROM dcyd_view as a LEFT JOIN dcyd_viewkinds as b on b.id = a.kid LEFT JOIN dcyd_viewclass as c on c.id = a.zid LIMIT 1   [ RunTime:0.001000s ]

[ 2017-05-08T11:51:33+08:00 ] 127.0.0.1 /Manerger/index.php/Up/vedeedit
INFO: [ route_check ] --START--
INFO: CheckRoute Behavior ::run [ RunTime:0.002000s ]
INFO: [ route_check ] --END-- [ RunTime:0.003001s ]
INFO: [ app_begin ] --START--
INFO: ReadHtmlCache Behavior ::run [ RunTime:0.002000s ]
INFO: [ app_begin ] --END-- [ RunTime:0.003000s ]
NOTIC: [8] Undefined index: expire D:\phpstudy\WWW\dcyd\ThinkPHP\Common\functions.php Á¨¨ 549 Ë°å.
NOTIC: Âª∫ËÆÆ‰ΩøÁî®IÊñπÊ≥ïÊõø‰ª£_post
SQL: SHOW COLUMNS FROM `dcyd_view` [ RunTime:0.008000s ]
SQL: SELECT a.id,a.kid,a.zid,b.kind,c.zname,a.name,a.url,a.title,a.money,a.introduce,a.chapternum,a.isrecommend,a.kctitle,a.collnum,a.img FROM dcyd_view as a LEFT JOIN dcyd_viewkinds as b on b.id = a.kid LEFT JOIN dcyd_viewclass as c on c.id = a.zid WHERE ( a.id = 5 ) LIMIT 1   [ RunTime:0.000000s ]

[ 2017-05-08T11:51:39+08:00 ] 127.0.0.1 /Manerger/index.php?m=Up&a=vedesave&id=5
INFO: [ app_begin ] --START--
INFO: ReadHtmlCache Behavior ::run [ RunTime:0.002001s ]
INFO: [ app_begin ] --END-- [ RunTime:0.003001s ]
NOTIC: [8] Undefined index: expire D:\phpstudy\WWW\dcyd\ThinkPHP\Common\functions.php Á¨¨ 549 Ë°å.
SQL: SHOW COLUMNS FROM `dcyd_view` [ RunTime:0.008000s ]
NOTIC: Âª∫ËÆÆ‰ΩøÁî®IÊñπÊ≥ïÊõø‰ª£_post
NOTIC: Âª∫ËÆÆ‰ΩøÁî®IÊñπÊ≥ïÊõø‰ª£_post
SQL: SHOW COLUMNS FROM `dcyd_viewclass` [ RunTime:0.009001s ]
NOTIC: Âª∫ËÆÆ‰ΩøÁî®IÊñπÊ≥ïÊõø‰ª£_post
SQL: SELECT `zname` FROM `dcyd_viewclass` WHERE ( id = 1 ) LIMIT 1   [ RunTime:0.001000s ]
SQL: SHOW COLUMNS FROM `dcyd_teacher` [ RunTime:0.008000s ]
SQL: SELECT `name` FROM `dcyd_teacher` WHERE ( id = 222 ) LIMIT 1   [ RunTime:0.001001s ]
NOTIC: Âª∫ËÆÆ‰ΩøÁî®IÊñπÊ≥ïÊõø‰ª£_post
NOTIC: Âª∫ËÆÆ‰ΩøÁî®IÊñπÊ≥ïÊõø‰ª£_post
NOTIC: Âª∫ËÆÆ‰ΩøÁî®IÊñπÊ≥ïÊõø‰ª£_post
NOTIC: Âª∫ËÆÆ‰ΩøÁî®IÊñπÊ≥ïÊõø‰ª£_post
NOTIC: Âª∫ËÆÆ‰ΩøÁî®IÊñπÊ≥ïÊõø‰ª£_post
NOTIC: [2] getimagesize() expects parameter 1 to be string, array given D:\phpstudy\WWW\dcyd\Manage\Lib\Action\UpAction.class.php Á¨¨ 421 Ë°å.
NOTIC: [8] Use of undefined constant uniqid - assumed 'uniqid' D:\phpstudy\WWW\dcyd\Manage\Lib\Action\UpAction.class.php Á¨¨ 430 Ë°å.
NOTIC: [8] Use of undefined constant date - assumed 'date' D:\phpstudy\WWW\dcyd\Manage\Lib\Action\UpAction.class.php Á¨¨ 433 Ë°å.
SQL: UPDATE `dcyd_view` SET `name`=null,`kctitle`='555555',`money`='222',`title`='ÂºÄË∑ëËΩ¶11sadÂ≠¶‰π†Âû\ã',`introduce`='ÈÉΩÊòØÂèë‰∏™ÈÉΩÊòØ‰∏™Ê¢µËíÇÂÜàÊ¢µËíÇÂÜàÁöÑ',`chapternum`=3,`zid`=1 WHERE ( id = 5 ) [ RunTime:0.001000s ]

[ 2017-05-08T11:51:39+08:00 ] 127.0.0.1 /Manerger/index.php?m=Up&a=vedels
INFO: [ app_begin ] --START--
INFO: ReadHtmlCache Behavior ::run [ RunTime:0.002000s ]
INFO: [ app_begin ] --END-- [ RunTime:0.003000s ]
NOTIC: [8] Undefined index: expire D:\phpstudy\WWW\dcyd\ThinkPHP\Common\functions.php Á¨¨ 549 Ë°å.
NOTIC: [8] Undefined index: id D:\phpstudy\WWW\dcyd\Manage\Lib\Action\UpAction.class.php Á¨¨ 347 Ë°å.
NOTIC: [8] Undefined index: title D:\phpstudy\WWW\dcyd\Manage\Lib\Action\UpAction.class.php Á¨¨ 348 Ë°å.
NOTIC: [8] Undefined index: money D:\phpstudy\WWW\dcyd\Manage\Lib\Action\UpAction.class.php Á¨¨ 349 Ë°å.
NOTIC: [8] Undefined index: kctitle D:\phpstudy\WWW\dcyd\Manage\Lib\Action\UpAction.class.php Á¨¨ 350 Ë°å.
SQL: SHOW COLUMNS FROM `dcyd_view` [ RunTime:0.008001s ]
NOTIC: [8] Undefined variable: map D:\phpstudy\WWW\dcyd\Manage\Lib\Action\UpAction.class.php Á¨¨ 356 Ë°å.
SQL: SELECT a.id,b.kind,a.name,a.title,a.money,a.introduce,a.chapternum,a.isrecommend,a.kctitle,a.collnum,a.img FROM dcyd_view as a LEFT JOIN dcyd_viewkinds as b on b.id = a.kid LEFT JOIN dcyd_viewclass as c on c.id = a.zid LIMIT 0,20   [ RunTime:0.001000s ]
NOTIC: [8] Undefined variable: map D:\phpstudy\WWW\dcyd\Manage\Lib\Action\UpAction.class.php Á¨¨ 359 Ë°å.
SQL: SELECT COUNT(*) AS tp_count FROM dcyd_view as a LEFT JOIN dcyd_viewkinds as b on b.id = a.kid LEFT JOIN dcyd_viewclass as c on c.id = a.zid LIMIT 1   [ RunTime:0.000000s ]

[ 2017-05-08T11:54:08+08:00 ] 127.0.0.1 /Manerger/index.php/Up/vede
INFO: [ route_check ] --START--
INFO: CheckRoute Behavior ::run [ RunTime:0.003000s ]
INFO: [ route_check ] --END-- [ RunTime:0.005000s ]
INFO: [ app_begin ] --START--
INFO: ReadHtmlCache Behavior ::run [ RunTime:0.005001s ]
INFO: [ app_begin ] --END-- [ RunTime:0.005001s ]
NOTIC: [8] Undefined index: expire D:\phpstudy\WWW\dcyd\ThinkPHP\Common\functions.php Á¨¨ 549 Ë°å.
SQL: SHOW COLUMNS FROM `dcyd_viewkinds` [ RunTime:0.008000s ]
SQL: SHOW COLUMNS FROM `dcyd_teacher` [ RunTime:0.008001s ]
SQL: SHOW COLUMNS FROM `dcyd_viewclass` [ RunTime:0.009001s ]
SQL: SELECT DISTINCT  `id`,`kind` FROM `dcyd_viewkinds`  [ RunTime:0.000000s ]
SQL: SELECT DISTINCT  `id`,`name` FROM `dcyd_teacher`  [ RunTime:0.000000s ]
SQL: SELECT DISTINCT  `id`,`zname` FROM `dcyd_viewclass`  [ RunTime:0.001000s ]
INFO: [ view_parse ] --START--
INFO: ParseTemplate Behavior ::run [ RunTime:0.046003s ]
INFO: [ view_parse ] --END-- [ RunTime:0.046003s ]
INFO: [ view_filter ] --START--
INFO: ContentReplace Behavior ::run [ RunTime:0.002000s ]
INFO: TokenBuild Behavior ::run [ RunTime:0.002000s ]
INFO: WriteHtmlCache Behavior ::run [ RunTime:0.001000s ]
INFO: ShowRuntime Behavior ::run [ RunTime:0.003001s ]
INFO: [ view_filter ] --END-- [ RunTime:0.011001s ]
INFO: [ view_end ] --START--
INFO: ShowPageTrace Behavior ::run [ RunTime:0.003000s ]
INFO: [ view_end ] --END-- [ RunTime:0.004000s ]

[ 2017-05-08T11:54:09+08:00 ] 127.0.0.1 /Manerger/index.php?m=Up&a=vedels
INFO: [ app_begin ] --START--
INFO: ReadHtmlCache Behavior ::run [ RunTime:0.002000s ]
INFO: [ app_begin ] --END-- [ RunTime:0.003000s ]
NOTIC: [8] Undefined index: expire D:\phpstudy\WWW\dcyd\ThinkPHP\Common\functions.php Á¨¨ 549 Ë°å.
NOTIC: [8] Undefined index: id D:\phpstudy\WWW\dcyd\Manage\Lib\Action\UpAction.class.php Á¨¨ 347 Ë°å.
NOTIC: [8] Undefined index: title D:\phpstudy\WWW\dcyd\Manage\Lib\Action\UpAction.class.php Á¨¨ 348 Ë°å.
NOTIC: [8] Undefined index: money D:\phpstudy\WWW\dcyd\Manage\Lib\Action\UpAction.class.php Á¨¨ 349 Ë°å.
NOTIC: [8] Undefined index: kctitle D:\phpstudy\WWW\dcyd\Manage\Lib\Action\UpAction.class.php Á¨¨ 350 Ë°å.
SQL: SHOW COLUMNS FROM `dcyd_view` [ RunTime:0.007000s ]
NOTIC: [8] Undefined variable: map D:\phpstudy\WWW\dcyd\Manage\Lib\Action\UpAction.class.php Á¨¨ 356 Ë°å.
SQL: SELECT a.id,b.kind,a.name,a.title,a.money,a.introduce,a.chapternum,a.isrecommend,a.kctitle,a.collnum,a.img FROM dcyd_view as a LEFT JOIN dcyd_viewkinds as b on b.id = a.kid LEFT JOIN dcyd_viewclass as c on c.id = a.zid LIMIT 0,20   [ RunTime:0.001000s ]
NOTIC: [8] Undefined variable: map D:\phpstudy\WWW\dcyd\Manage\Lib\Action\UpAction.class.php Á¨¨ 359 Ë°å.
SQL: SELECT COUNT(*) AS tp_count FROM dcyd_view as a LEFT JOIN dcyd_viewkinds as b on b.id = a.kid LEFT JOIN dcyd_viewclass as c on c.id = a.zid LIMIT 1   [ RunTime:0.000000s ]

[ 2017-05-08T11:54:11+08:00 ] 127.0.0.1 /Manerger/index.php/Up/vedeedit
INFO: [ route_check ] --START--
INFO: CheckRoute Behavior ::run [ RunTime:0.002000s ]
INFO: [ route_check ] --END-- [ RunTime:0.003000s ]
INFO: [ app_begin ] --START--
INFO: ReadHtmlCache Behavior ::run [ RunTime:0.004000s ]
INFO: [ app_begin ] --END-- [ RunTime:0.004000s ]
NOTIC: [8] Undefined index: expire D:\phpstudy\WWW\dcyd\ThinkPHP\Common\functions.php Á¨¨ 549 Ë°å.
NOTIC: Âª∫ËÆÆ‰ΩøÁî®IÊñπÊ≥ïÊõø‰ª£_post
SQL: SHOW COLUMNS FROM `dcyd_view` [ RunTime:0.009001s ]
SQL: SELECT a.id,a.kid,a.zid,b.kind,c.zname,a.name,a.url,a.title,a.money,a.introduce,a.chapternum,a.isrecommend,a.kctitle,a.collnum,a.img FROM dcyd_view as a LEFT JOIN dcyd_viewkinds as b on b.id = a.kid LEFT JOIN dcyd_viewclass as c on c.id = a.zid WHERE ( a.id = 8 ) LIMIT 1   [ RunTime:0.001000s ]

[ 2017-05-08T11:54:21+08:00 ] 127.0.0.1 /Manerger/index.php?m=Up&a=vedesave&id=8
INFO: [ app_begin ] --START--
INFO: ReadHtmlCache Behavior ::run [ RunTime:0.002000s ]
INFO: [ app_begin ] --END-- [ RunTime:0.003000s ]
NOTIC: [8] Undefined index: expire D:\phpstudy\WWW\dcyd\ThinkPHP\Common\functions.php Á¨¨ 549 Ë°å.
SQL: SHOW COLUMNS FROM `dcyd_view` [ RunTime:0.008000s ]
NOTIC: Âª∫ËÆÆ‰ΩøÁî®IÊñπÊ≥ïÊõø‰ª£_post
NOTIC: Âª∫ËÆÆ‰ΩøÁî®IÊñπÊ≥ïÊõø‰ª£_post
NOTIC: Âª∫ËÆÆ‰ΩøÁî®IÊñπÊ≥ïÊõø‰ª£_post
NOTIC: Âª∫ËÆÆ‰ΩøÁî®IÊñπÊ≥ïÊõø‰ª£_post
NOTIC: Âª∫ËÆÆ‰ΩøÁî®IÊñπÊ≥ïÊõø‰ª£_post
NOTIC: Âª∫ËÆÆ‰ΩøÁî®IÊñπÊ≥ïÊõø‰ª£_post
NOTIC: Âª∫ËÆÆ‰ΩøÁî®IÊñπÊ≥ïÊõø‰ª£_post
NOTIC: Âª∫ËÆÆ‰ΩøÁî®IÊñπÊ≥ïÊõø‰ª£_post
NOTIC: [2] getimagesize() expects parameter 1 to be string, array given D:\phpstudy\WWW\dcyd\Manage\Lib\Action\UpAction.class.php Á¨¨ 422 Ë°å.
NOTIC: [8] Use of undefined constant uniqid - assumed 'uniqid' D:\phpstudy\WWW\dcyd\Manage\Lib\Action\UpAction.class.php Á¨¨ 431 Ë°å.
NOTIC: [8] Use of undefined constant date - assumed 'date' D:\phpstudy\WWW\dcyd\Manage\Lib\Action\UpAction.class.php Á¨¨ 434 Ë°å.
SQL: UPDATE `dcyd_view` SET `name`='5',`kctitle`='888888',`money`='222',`title`='ÂºÄË∑ëËΩ¶11sadÂ≠¶‰π†Âû\ã',`introduce`='ÈÉΩÊòØÂèë‰∏™ÈÉΩÊòØ‰∏™Ê¢µËíÇÂÜàÊ¢µËíÇÂÜàÁöÑ',`chapternum`=5 WHERE ( id = 8 ) [ RunTime:0.001000s ]

[ 2017-05-08T11:54:21+08:00 ] 127.0.0.1 /Manerger/index.php?m=Up&a=vedels
INFO: [ app_begin ] --START--
INFO: ReadHtmlCache Behavior ::run [ RunTime:0.002000s ]
INFO: [ app_begin ] --END-- [ RunTime:0.003000s ]
NOTIC: [8] Undefined index: expire D:\phpstudy\WWW\dcyd\ThinkPHP\Common\functions.php Á¨¨ 549 Ë°å.
NOTIC: [8] Undefined index: id D:\phpstudy\WWW\dcyd\Manage\Lib\Action\UpAction.class.php Á¨¨ 347 Ë°å.
NOTIC: [8] Undefined index: title D:\phpstudy\WWW\dcyd\Manage\Lib\Action\UpAction.class.php Á¨¨ 348 Ë°å.
NOTIC: [8] Undefined index: money D:\phpstudy\WWW\dcyd\Manage\Lib\Action\UpAction.class.php Á¨¨ 349 Ë°å.
NOTIC: [8] Undefined index: kctitle D:\phpstudy\WWW\dcyd\Manage\Lib\Action\UpAction.class.php Á¨¨ 350 Ë°å.
SQL: SHOW COLUMNS FROM `dcyd_view` [ RunTime:0.009000s ]
NOTIC: [8] Undefined variable: map D:\phpstudy\WWW\dcyd\Manage\Lib\Action\UpAction.class.php Á¨¨ 356 Ë°å.
SQL: SELECT a.id,b.kind,a.name,a.title,a.money,a.introduce,a.chapternum,a.isrecommend,a.kctitle,a.collnum,a.img FROM dcyd_view as a LEFT JOIN dcyd_viewkinds as b on b.id = a.kid LEFT JOIN dcyd_viewclass as c on c.id = a.zid LIMIT 0,20   [ RunTime:0.000000s ]
NOTIC: [8] Undefined variable: map D:\phpstudy\WWW\dcyd\Manage\Lib\Action\UpAction.class.php Á¨¨ 359 Ë°å.
SQL: SELECT COUNT(*) AS tp_count FROM dcyd_view as a LEFT JOIN dcyd_viewkinds as b on b.id = a.kid LEFT JOIN dcyd_viewclass as c on c.id = a.zid LIMIT 1   [ RunTime:0.000000s ]

[ 2017-05-08T11:55:49+08:00 ] 127.0.0.1 /Manerger/index.php/Up/vede
INFO: [ route_check ] --START--
INFO: CheckRoute Behavior ::run [ RunTime:0.002000s ]
INFO: [ route_check ] --END-- [ RunTime:0.004000s ]
INFO: [ app_begin ] --START--
INFO: ReadHtmlCache Behavior ::run [ RunTime:0.003000s ]
INFO: [ app_begin ] --END-- [ RunTime:0.005000s ]
NOTIC: [8] Undefined index: expire D:\phpstudy\WWW\dcyd\ThinkPHP\Common\functions.php Á¨¨ 549 Ë°å.
SQL: SHOW COLUMNS FROM `dcyd_viewkinds` [ RunTime:0.009000s ]
SQL: SHOW COLUMNS FROM `dcyd_teacher` [ RunTime:0.007001s ]
SQL: SHOW COLUMNS FROM `dcyd_viewclass` [ RunTime:0.008001s ]
SQL: SELECT DISTINCT  `id`,`kind` FROM `dcyd_viewkinds`  [ RunTime:0.001000s ]
SQL: SELECT DISTINCT  `id`,`name` FROM `dcyd_teacher`  [ RunTime:0.000000s ]
SQL: SELECT DISTINCT  `id`,`zname` FROM `dcyd_viewclass`  [ RunTime:0.001000s ]
INFO: [ view_parse ] --START--
INFO: ParseTemplate Behavior ::run [ RunTime:0.046003s ]
INFO: [ view_parse ] --END-- [ RunTime:0.048003s ]
INFO: [ view_filter ] --START--
INFO: ContentReplace Behavior ::run [ RunTime:0.001000s ]
INFO: TokenBuild Behavior ::run [ RunTime:0.001000s ]
INFO: WriteHtmlCache Behavior ::run [ RunTime:0.001000s ]
INFO: ShowRuntime Behavior ::run [ RunTime:0.003001s ]
INFO: [ view_filter ] --END-- [ RunTime:0.009001s ]
INFO: [ view_end ] --START--
INFO: ShowPageTrace Behavior ::run [ RunTime:0.002000s ]
INFO: [ view_end ] --END-- [ RunTime:0.004000s ]

[ 2017-05-08T11:55:49+08:00 ] 127.0.0.1 /Manerger/index.php?m=Up&a=vedels
INFO: [ app_begin ] --START--
INFO: ReadHtmlCache Behavior ::run [ RunTime:0.002000s ]
INFO: [ app_begin ] --END-- [ RunTime:0.002000s ]
NOTIC: [8] Undefined index: expire D:\phpstudy\WWW\dcyd\ThinkPHP\Common\functions.php Á¨¨ 549 Ë°å.
NOTIC: [8] Undefined index: id D:\phpstudy\WWW\dcyd\Manage\Lib\Action\UpAction.class.php Á¨¨ 347 Ë°å.
NOTIC: [8] Undefined index: title D:\phpstudy\WWW\dcyd\Manage\Lib\Action\UpAction.class.php Á¨¨ 348 Ë°å.
NOTIC: [8] Undefined index: money D:\phpstudy\WWW\dcyd\Manage\Lib\Action\UpAction.class.php Á¨¨ 349 Ë°å.
NOTIC: [8] Undefined index: kctitle D:\phpstudy\WWW\dcyd\Manage\Lib\Action\UpAction.class.php Á¨¨ 350 Ë°å.
SQL: SHOW COLUMNS FROM `dcyd_view` [ RunTime:0.008001s ]
NOTIC: [8] Undefined variable: map D:\phpstudy\WWW\dcyd\Manage\Lib\Action\UpAction.class.php Á¨¨ 356 Ë°å.
SQL: SELECT a.id,a.kid,a.zid,b.kind,c.zname,a.name,a.url,a.title,a.money,a.introduce,a.chapternum,a.isrecommend,a.kctitle,a.collnum,a.img FROM dcyd_view as a LEFT JOIN dcyd_viewkinds as b on b.id = a.kid LEFT JOIN dcyd_viewclass as c on c.id = a.zid LIMIT 0,20   [ RunTime:0.001000s ]
NOTIC: [8] Undefined variable: map D:\phpstudy\WWW\dcyd\Manage\Lib\Action\UpAction.class.php Á¨¨ 359 Ë°å.
SQL: SELECT COUNT(*) AS tp_count FROM dcyd_view as a LEFT JOIN dcyd_viewkinds as b on b.id = a.kid LEFT JOIN dcyd_viewclass as c on c.id = a.zid LIMIT 1   [ RunTime:0.001000s ]

[ 2017-05-08T11:55:52+08:00 ] 127.0.0.1 /Manerger/index.php/Up/vedeedit
INFO: [ route_check ] --START--
INFO: CheckRoute Behavior ::run [ RunTime:0.003001s ]
INFO: [ route_check ] --END-- [ RunTime:0.003001s ]
INFO: [ app_begin ] --START--
INFO: ReadHtmlCache Behavior ::run [ RunTime:0.003000s ]
INFO: [ app_begin ] --END-- [ RunTime:0.005000s ]
NOTIC: [8] Undefined index: expire D:\phpstudy\WWW\dcyd\ThinkPHP\Common\functions.php Á¨¨ 549 Ë°å.
NOTIC: Âª∫ËÆÆ‰ΩøÁî®IÊñπÊ≥ïÊõø‰ª£_post
SQL: SHOW COLUMNS FROM `dcyd_view` [ RunTime:0.008001s ]
SQL: SELECT a.id,a.kid,a.zid,b.kind,c.zname,a.name,a.url,a.title,a.money,a.introduce,a.chapternum,a.isrecommend,a.kctitle,a.collnum,a.img FROM dcyd_view as a LEFT JOIN dcyd_viewkinds as b on b.id = a.kid LEFT JOIN dcyd_viewclass as c on c.id = a.zid WHERE ( a.id = 4 ) LIMIT 1   [ RunTime:0.001000s ]

[ 2017-05-08T11:55:58+08:00 ] 127.0.0.1 /Manerger/index.php?m=Up&a=vedesave&id=4
INFO: [ app_begin ] --START--
INFO: ReadHtmlCache Behavior ::run [ RunTime:0.002000s ]
INFO: [ app_begin ] --END-- [ RunTime:0.003000s ]
NOTIC: [8] Undefined index: expire D:\phpstudy\WWW\dcyd\ThinkPHP\Common\functions.php Á¨¨ 549 Ë°å.
SQL: SHOW COLUMNS FROM `dcyd_view` [ RunTime:0.008000s ]
NOTIC: Âª∫ËÆÆ‰ΩøÁî®IÊñπÊ≥ïÊõø‰ª£_post
SQL: SHOW COLUMNS FROM `dcyd_viewkinds` [ RunTime:0.008001s ]
SQL: SELECT `kind` FROM `dcyd_viewkinds` WHERE ( id =  ) LIMIT 1   [ RunTime:0.001000s ]
ERR: 1064:You have an error in your SQL syntax; check the manual that corresponds to your MySQL server version for the right syntax to use near ') LIMIT 1' at line 1
 [ SQLËØ≠Âè• ] : SELECT `kind` FROM `dcyd_viewkinds` WHERE ( id =  ) LIMIT 1  
NOTIC: Âª∫ËÆÆ‰ΩøÁî®IÊñπÊ≥ïÊõø‰ª£_post
SQL: SHOW COLUMNS FROM `dcyd_viewclass` [ RunTime:0.008001s ]
NOTIC: Âª∫ËÆÆ‰ΩøÁî®IÊñπÊ≥ïÊõø‰ª£_post
SQL: SELECT `zname` FROM `dcyd_viewclass` WHERE ( id = ÂêÉÂñùÂ´ñËµå ) LIMIT 1   [ RunTime:0.000000s ]
ERR: 1054:Unknown column 'ÂêÉÂñùÂ´ñËµå' in 'where clause'
 [ SQLËØ≠Âè• ] : SELECT `zname` FROM `dcyd_viewclass` WHERE ( id = ÂêÉÂñùÂ´ñËµå ) LIMIT 1  
SQL: SHOW COLUMNS FROM `dcyd_teacher` [ RunTime:0.008001s ]
SQL: SELECT `name` FROM `dcyd_teacher` WHERE ( id = 5 ) LIMIT 1   [ RunTime:0.001000s ]
NOTIC: Âª∫ËÆÆ‰ΩøÁî®IÊñπÊ≥ïÊõø‰ª£_post
NOTIC: Âª∫ËÆÆ‰ΩøÁî®IÊñπÊ≥ïÊõø‰ª£_post
NOTIC: Âª∫ËÆÆ‰ΩøÁî®IÊñπÊ≥ïÊõø‰ª£_post
NOTIC: Âª∫ËÆÆ‰ΩøÁî®IÊñπÊ≥ïÊõø‰ª£_post
NOTIC: Âª∫ËÆÆ‰ΩøÁî®IÊñπÊ≥ïÊõø‰ª£_post
NOTIC: [2] getimagesize() expects parameter 1 to be string, array given D:\phpstudy\WWW\dcyd\Manage\Lib\Action\UpAction.class.php Á¨¨ 421 Ë°å.
NOTIC: [8] Use of undefined constant uniqid - assumed 'uniqid' D:\phpstudy\WWW\dcyd\Manage\Lib\Action\UpAction.class.php Á¨¨ 430 Ë°å.
NOTIC: [8] Use of undefined constant date - assumed 'date' D:\phpstudy\WWW\dcyd\Manage\Lib\Action\UpAction.class.php Á¨¨ 433 Ë°å.
SQL: UPDATE `dcyd_view` SET `name`='ÂàòÂõΩ‰∏\ú',`kctitle`='444444',`money`='222',`title`='ÂºÄË∑ëËΩ¶11sadÂ≠¶‰π†Âû\ã',`introduce`='ÈÉΩÊòØÂèë‰∏™ÈÉΩÊòØ‰∏™Ê¢µËíÇÂÜàÊ¢µËíÇÂÜàÁöÑ',`chapternum`=1,`kid`=null,`zid`=0 WHERE ( id = 4 ) [ RunTime:0.001000s ]

[ 2017-05-08T11:55:58+08:00 ] 127.0.0.1 /Manerger/index.php?m=Up&a=vedels
INFO: [ app_begin ] --START--
INFO: ReadHtmlCache Behavior ::run [ RunTime:0.002000s ]
INFO: [ app_begin ] --END-- [ RunTime:0.003001s ]
NOTIC: [8] Undefined index: expire D:\phpstudy\WWW\dcyd\ThinkPHP\Common\functions.php Á¨¨ 549 Ë°å.
NOTIC: [8] Undefined index: id D:\phpstudy\WWW\dcyd\Manage\Lib\Action\UpAction.class.php Á¨¨ 347 Ë°å.
NOTIC: [8] Undefined index: title D:\phpstudy\WWW\dcyd\Manage\Lib\Action\UpAction.class.php Á¨¨ 348 Ë°å.
NOTIC: [8] Undefined index: money D:\phpstudy\WWW\dcyd\Manage\Lib\Action\UpAction.class.php Á¨¨ 349 Ë°å.
NOTIC: [8] Undefined index: kctitle D:\phpstudy\WWW\dcyd\Manage\Lib\Action\UpAction.class.php Á¨¨ 350 Ë°å.
SQL: SHOW COLUMNS FROM `dcyd_view` [ RunTime:0.008000s ]
NOTIC: [8] Undefined variable: map D:\phpstudy\WWW\dcyd\Manage\Lib\Action\UpAction.class.php Á¨¨ 356 Ë°å.
SQL: SELECT a.id,a.kid,a.zid,b.kind,c.zname,a.name,a.url,a.title,a.money,a.introduce,a.chapternum,a.isrecommend,a.kctitle,a.collnum,a.img FROM dcyd_view as a LEFT JOIN dcyd_viewkinds as b on b.id = a.kid LEFT JOIN dcyd_viewclass as c on c.id = a.zid LIMIT 0,20   [ RunTime:0.001000s ]
NOTIC: [8] Undefined variable: map D:\phpstudy\WWW\dcyd\Manage\Lib\Action\UpAction.class.php Á¨¨ 359 Ë°å.
SQL: SELECT COUNT(*) AS tp_count FROM dcyd_view as a LEFT JOIN dcyd_viewkinds as b on b.id = a.kid LEFT JOIN dcyd_viewclass as c on c.id = a.zid LIMIT 1   [ RunTime:0.000000s ]

[ 2017-05-08T11:56:01+08:00 ] 127.0.0.1 /Manerger/index.php/Up/vedeedit
INFO: [ route_check ] --START--
INFO: CheckRoute Behavior ::run [ RunTime:0.002000s ]
INFO: [ route_check ] --END-- [ RunTime:0.003001s ]
INFO: [ app_begin ] --START--
INFO: ReadHtmlCache Behavior ::run [ RunTime:0.003000s ]
INFO: [ app_begin ] --END-- [ RunTime:0.003000s ]
NOTIC: [8] Undefined index: expire D:\phpstudy\WWW\dcyd\ThinkPHP\Common\functions.php Á¨¨ 549 Ë°å.
NOTIC: Âª∫ËÆÆ‰ΩøÁî®IÊñπÊ≥ïÊõø‰ª£_post
SQL: SHOW COLUMNS FROM `dcyd_view` [ RunTime:0.008000s ]
SQL: SELECT a.id,a.kid,a.zid,b.kind,c.zname,a.name,a.url,a.title,a.money,a.introduce,a.chapternum,a.isrecommend,a.kctitle,a.collnum,a.img FROM dcyd_view as a LEFT JOIN dcyd_viewkinds as b on b.id = a.kid LEFT JOIN dcyd_viewclass as c on c.id = a.zid WHERE ( a.id = 4 ) LIMIT 1   [ RunTime:0.000000s ]

[ 2017-05-08T11:56:08+08:00 ] 127.0.0.1 /Manerger/index.php?m=Up&a=vedesave&id=4
INFO: [ app_begin ] --START--
INFO: ReadHtmlCache Behavior ::run [ RunTime:0.003000s ]
INFO: [ app_begin ] --END-- [ RunTime:0.003000s ]
NOTIC: [8] Undefined index: expire D:\phpstudy\WWW\dcyd\ThinkPHP\Common\functions.php Á¨¨ 549 Ë°å.
SQL: SHOW COLUMNS FROM `dcyd_view` [ RunTime:0.008000s ]
NOTIC: Âª∫ËÆÆ‰ΩøÁî®IÊñπÊ≥ïÊõø‰ª£_post
SQL: SHOW COLUMNS FROM `dcyd_viewkinds` [ RunTime:0.008000s ]
SQL: SELECT `kind` FROM `dcyd_viewkinds` WHERE ( id =  ) LIMIT 1   [ RunTime:0.000000s ]
ERR: 1064:You have an error in your SQL syntax; check the manual that corresponds to your MySQL server version for the right syntax to use near ') LIMIT 1' at line 1
 [ SQLËØ≠Âè• ] : SELECT `kind` FROM `dcyd_viewkinds` WHERE ( id =  ) LIMIT 1  
NOTIC: Âª∫ËÆÆ‰ΩøÁî®IÊñπÊ≥ïÊõø‰ª£_post
SQL: SHOW COLUMNS FROM `dcyd_viewclass` [ RunTime:0.007000s ]
NOTIC: Âª∫ËÆÆ‰ΩøÁî®IÊñπÊ≥ïÊõø‰ª£_post
SQL: SELECT `zname` FROM `dcyd_viewclass` WHERE ( id = 1 ) LIMIT 1   [ RunTime:0.001000s ]
SQL: SHOW COLUMNS FROM `dcyd_teacher` [ RunTime:0.008001s ]
SQL: SELECT `name` FROM `dcyd_teacher` WHERE ( id = 5 ) LIMIT 1   [ RunTime:0.001000s ]
NOTIC: Âª∫ËÆÆ‰ΩøÁî®IÊñπÊ≥ïÊõø‰ª£_post
NOTIC: Âª∫ËÆÆ‰ΩøÁî®IÊñπÊ≥ïÊõø‰ª£_post
NOTIC: Âª∫ËÆÆ‰ΩøÁî®IÊñπÊ≥ïÊõø‰ª£_post
NOTIC: Âª∫ËÆÆ‰ΩøÁî®IÊñπÊ≥ïÊõø‰ª£_post
NOTIC: Âª∫ËÆÆ‰ΩøÁî®IÊñπÊ≥ïÊõø‰ª£_post
NOTIC: [2] getimagesize() expects parameter 1 to be string, array given D:\phpstudy\WWW\dcyd\Manage\Lib\Action\UpAction.class.php Á¨¨ 421 Ë°å.
NOTIC: [8] Use of undefined constant uniqid - assumed 'uniqid' D:\phpstudy\WWW\dcyd\Manage\Lib\Action\UpAction.class.php Á¨¨ 430 Ë°å.
NOTIC: [8] Use of undefined constant date - assumed 'date' D:\phpstudy\WWW\dcyd\Manage\Lib\Action\UpAction.class.php Á¨¨ 433 Ë°å.
SQL: UPDATE `dcyd_view` SET `name`='ÂàòÂõΩ‰∏\ú',`kctitle`='444444',`money`='222',`title`='ÂºÄË∑ëËΩ¶11sadÂ≠¶‰π†Âû\ã',`introduce`='ÈÉΩÊòØÂèë‰∏™ÈÉΩÊòØ‰∏™Ê¢µËíÇÂÜàÊ¢µËíÇÂÜàÁöÑ',`chapternum`=1,`kid`=null,`zid`=1 WHERE ( id = 4 ) [ RunTime:0.000000s ]

[ 2017-05-08T11:56:09+08:00 ] 127.0.0.1 /Manerger/index.php?m=Up&a=vedels
INFO: [ app_begin ] --START--
INFO: ReadHtmlCache Behavior ::run [ RunTime:0.003000s ]
INFO: [ app_begin ] --END-- [ RunTime:0.004000s ]
NOTIC: [8] Undefined index: expire D:\phpstudy\WWW\dcyd\ThinkPHP\Common\functions.php Á¨¨ 549 Ë°å.
NOTIC: [8] Undefined index: id D:\phpstudy\WWW\dcyd\Manage\Lib\Action\UpAction.class.php Á¨¨ 347 Ë°å.
NOTIC: [8] Undefined index: title D:\phpstudy\WWW\dcyd\Manage\Lib\Action\UpAction.class.php Á¨¨ 348 Ë°å.
NOTIC: [8] Undefined index: money D:\phpstudy\WWW\dcyd\Manage\Lib\Action\UpAction.class.php Á¨¨ 349 Ë°å.
NOTIC: [8] Undefined index: kctitle D:\phpstudy\WWW\dcyd\Manage\Lib\Action\UpAction.class.php Á¨¨ 350 Ë°å.
SQL: SHOW COLUMNS FROM `dcyd_view` [ RunTime:0.011001s ]
NOTIC: [8] Undefined variable: map D:\phpstudy\WWW\dcyd\Manage\Lib\Action\UpAction.class.php Á¨¨ 356 Ë°å.
SQL: SELECT a.id,a.kid,a.zid,b.kind,c.zname,a.name,a.url,a.title,a.money,a.introduce,a.chapternum,a.isrecommend,a.kctitle,a.collnum,a.img FROM dcyd_view as a LEFT JOIN dcyd_viewkinds as b on b.id = a.kid LEFT JOIN dcyd_viewclass as c on c.id = a.zid LIMIT 0,20   [ RunTime:0.001001s ]
NOTIC: [8] Undefined variable: map D:\phpstudy\WWW\dcyd\Manage\Lib\Action\UpAction.class.php Á¨¨ 359 Ë°å.
SQL: SELECT COUNT(*) AS tp_count FROM dcyd_view as a LEFT JOIN dcyd_viewkinds as b on b.id = a.kid LEFT JOIN dcyd_viewclass as c on c.id = a.zid LIMIT 1   [ RunTime:0.001000s ]

[ 2017-05-08T11:56:17+08:00 ] 127.0.0.1 /Manerger/index.php/Up/vedeedit
INFO: [ route_check ] --START--
INFO: CheckRoute Behavior ::run [ RunTime:0.002000s ]
INFO: [ route_check ] --END-- [ RunTime:0.002000s ]
INFO: [ app_begin ] --START--
INFO: ReadHtmlCache Behavior ::run [ RunTime:0.002000s ]
INFO: [ app_begin ] --END-- [ RunTime:0.003000s ]
NOTIC: [8] Undefined index: expire D:\phpstudy\WWW\dcyd\ThinkPHP\Common\functions.php Á¨¨ 549 Ë°å.
NOTIC: Âª∫ËÆÆ‰ΩøÁî®IÊñπÊ≥ïÊõø‰ª£_post
SQL: SHOW COLUMNS FROM `dcyd_view` [ RunTime:0.008001s ]
SQL: SELECT a.id,a.kid,a.zid,b.kind,c.zname,a.name,a.url,a.title,a.money,a.introduce,a.chapternum,a.isrecommend,a.kctitle,a.collnum,a.img FROM dcyd_view as a LEFT JOIN dcyd_viewkinds as b on b.id = a.kid LEFT JOIN dcyd_viewclass as c on c.id = a.zid WHERE ( a.id = 5 ) LIMIT 1   [ RunTime:0.001000s ]

[ 2017-05-08T11:56:30+08:00 ] 127.0.0.1 /Manerger/index.php?m=Up&a=vedesave&id=5
INFO: [ app_begin ] --START--
INFO: ReadHtmlCache Behavior ::run [ RunTime:0.002000s ]
INFO: [ app_begin ] --END-- [ RunTime:0.004000s ]
NOTIC: [8] Undefined index: expire D:\phpstudy\WWW\dcyd\ThinkPHP\Common\functions.php Á¨¨ 549 Ë°å.
SQL: SHOW COLUMNS FROM `dcyd_view` [ RunTime:0.008001s ]
NOTIC: Âª∫ËÆÆ‰ΩøÁî®IÊñπÊ≥ïÊõø‰ª£_post
SQL: SHOW COLUMNS FROM `dcyd_viewkinds` [ RunTime:0.008000s ]
SQL: SELECT `kind` FROM `dcyd_viewkinds` WHERE ( id =  ) LIMIT 1   [ RunTime:0.000000s ]
ERR: 1064:You have an error in your SQL syntax; check the manual that corresponds to your MySQL server version for the right syntax to use near ') LIMIT 1' at line 1
 [ SQLËØ≠Âè• ] : SELECT `kind` FROM `dcyd_viewkinds` WHERE ( id =  ) LIMIT 1  
NOTIC: Âª∫ËÆÆ‰ΩøÁî®IÊñπÊ≥ïÊõø‰ª£_post
SQL: SHOW COLUMNS FROM `dcyd_viewclass` [ RunTime:0.008000s ]
NOTIC: Âª∫ËÆÆ‰ΩøÁî®IÊñπÊ≥ïÊõø‰ª£_post
SQL: SELECT `zname` FROM `dcyd_viewclass` WHERE ( id = 1 ) LIMIT 1   [ RunTime:0.000000s ]
SQL: SHOW COLUMNS FROM `dcyd_teacher` [ RunTime:0.007000s ]
SQL: SELECT `name` FROM `dcyd_teacher` WHERE ( id = 7 ) LIMIT 1   [ RunTime:0.001000s ]
NOTIC: Âª∫ËÆÆ‰ΩøÁî®IÊñπÊ≥ïÊõø‰ª£_post
NOTIC: Âª∫ËÆÆ‰ΩøÁî®IÊñπÊ≥ïÊõø‰ª£_post
NOTIC: Âª∫ËÆÆ‰ΩøÁî®IÊñπÊ≥ïÊõø‰ª£_post
NOTIC: Âª∫ËÆÆ‰ΩøÁî®IÊñπÊ≥ïÊõø‰ª£_post
NOTIC: Âª∫ËÆÆ‰ΩøÁî®IÊñπÊ≥ïÊõø‰ª£_post
NOTIC: [2] getimagesize() expects parameter 1 to be string, array given D:\phpstudy\WWW\dcyd\Manage\Lib\Action\UpAction.class.php Á¨¨ 421 Ë°å.
NOTIC: [8] Use of undefined constant uniqid - assumed 'uniqid' D:\phpstudy\WWW\dcyd\Manage\Lib\Action\UpAction.class.php Á¨¨ 430 Ë°å.
NOTIC: [8] Use of undefined constant date - assumed 'date' D:\phpstudy\WWW\dcyd\Manage\Lib\Action\UpAction.class.php Á¨¨ 433 Ë°å.
SQL: UPDATE `dcyd_view` SET `name`='Âº†‰∏â',`kctitle`='555555',`money`='222',`title`='ÂºÄË∑ëËΩ¶11sadÂ≠¶‰π†Âû\ã',`introduce`='ÈÉΩÊòØÂèë‰∏™ÈÉΩÊòØ‰∏™Ê¢µËíÇÂÜàÊ¢µËíÇÂÜàÁöÑ',`chapternum`=3,`kid`=null,`zid`=1 WHERE ( id = 5 ) [ RunTime:0.001000s ]

[ 2017-05-08T11:56:30+08:00 ] 127.0.0.1 /Manerger/index.php?m=Up&a=vedels
INFO: [ app_begin ] --START--
INFO: ReadHtmlCache Behavior ::run [ RunTime:0.003001s ]
INFO: [ app_begin ] --END-- [ RunTime:0.004001s ]
NOTIC: [8] Undefined index: expire D:\phpstudy\WWW\dcyd\ThinkPHP\Common\functions.php Á¨¨ 549 Ë°å.
NOTIC: [8] Undefined index: id D:\phpstudy\WWW\dcyd\Manage\Lib\Action\UpAction.class.php Á¨¨ 347 Ë°å.
NOTIC: [8] Undefined index: title D:\phpstudy\WWW\dcyd\Manage\Lib\Action\UpAction.class.php Á¨¨ 348 Ë°å.
NOTIC: [8] Undefined index: money D:\phpstudy\WWW\dcyd\Manage\Lib\Action\UpAction.class.php Á¨¨ 349 Ë°å.
NOTIC: [8] Undefined index: kctitle D:\phpstudy\WWW\dcyd\Manage\Lib\Action\UpAction.class.php Á¨¨ 350 Ë°å.
SQL: SHOW COLUMNS FROM `dcyd_view` [ RunTime:0.008000s ]
NOTIC: [8] Undefined variable: map D:\phpstudy\WWW\dcyd\Manage\Lib\Action\UpAction.class.php Á¨¨ 356 Ë°å.
SQL: SELECT a.id,a.kid,a.zid,b.kind,c.zname,a.name,a.url,a.title,a.money,a.introduce,a.chapternum,a.isrecommend,a.kctitle,a.collnum,a.img FROM dcyd_view as a LEFT JOIN dcyd_viewkinds as b on b.id = a.kid LEFT JOIN dcyd_viewclass as c on c.id = a.zid LIMIT 0,20   [ RunTime:0.001000s ]
NOTIC: [8] Undefined variable: map D:\phpstudy\WWW\dcyd\Manage\Lib\Action\UpAction.class.php Á¨¨ 359 Ë°å.
SQL: SELECT COUNT(*) AS tp_count FROM dcyd_view as a LEFT JOIN dcyd_viewkinds as b on b.id = a.kid LEFT JOIN dcyd_viewclass as c on c.id = a.zid LIMIT 1   [ RunTime:0.000000s ]

[ 2017-05-08T11:57:16+08:00 ] 127.0.0.1 /Manerger/index.php/Up/vede
INFO: [ route_check ] --START--
INFO: CheckRoute Behavior ::run [ RunTime:0.002000s ]
INFO: [ route_check ] --END-- [ RunTime:0.002000s ]
INFO: [ app_begin ] --START--
INFO: ReadHtmlCache Behavior ::run [ RunTime:0.003001s ]
INFO: [ app_begin ] --END-- [ RunTime:0.004001s ]
NOTIC: [8] Undefined index: expire D:\phpstudy\WWW\dcyd\ThinkPHP\Common\functions.php Á¨¨ 549 Ë°å.
SQL: SHOW COLUMNS FROM `dcyd_viewkinds` [ RunTime:0.009000s ]
SQL: SHOW COLUMNS FROM `dcyd_teacher` [ RunTime:0.012000s ]
SQL: SHOW COLUMNS FROM `dcyd_viewclass` [ RunTime:0.011001s ]
SQL: SELECT DISTINCT  `id`,`kind` FROM `dcyd_viewkinds`  [ RunTime:0.001000s ]
SQL: SELECT DISTINCT  `id`,`name` FROM `dcyd_teacher`  [ RunTime:0.001000s ]
SQL: SELECT DISTINCT  `id`,`zname` FROM `dcyd_viewclass`  [ RunTime:0.000000s ]
INFO: [ view_parse ] --START--
INFO: ParseTemplate Behavior ::run [ RunTime:0.056003s ]
INFO: [ view_parse ] --END-- [ RunTime:0.056003s ]
INFO: [ view_filter ] --START--
INFO: ContentReplace Behavior ::run [ RunTime:0.002000s ]
INFO: TokenBuild Behavior ::run [ RunTime:0.002000s ]
INFO: WriteHtmlCache Behavior ::run [ RunTime:0.001001s ]
INFO: ShowRuntime Behavior ::run [ RunTime:0.006000s ]
INFO: [ view_filter ] --END-- [ RunTime:0.014001s ]
INFO: [ view_end ] --START--
INFO: ShowPageTrace Behavior ::run [ RunTime:0.003000s ]
INFO: [ view_end ] --END-- [ RunTime:0.004000s ]

[ 2017-05-08T11:57:17+08:00 ] 127.0.0.1 /Manerger/index.php?m=Up&a=vedels
INFO: [ app_begin ] --START--
INFO: ReadHtmlCache Behavior ::run [ RunTime:0.002000s ]
INFO: [ app_begin ] --END-- [ RunTime:0.003000s ]
NOTIC: [8] Undefined index: expire D:\phpstudy\WWW\dcyd\ThinkPHP\Common\functions.php Á¨¨ 549 Ë°å.
NOTIC: [8] Undefined index: id D:\phpstudy\WWW\dcyd\Manage\Lib\Action\UpAction.class.php Á¨¨ 347 Ë°å.
NOTIC: [8] Undefined index: title D:\phpstudy\WWW\dcyd\Manage\Lib\Action\UpAction.class.php Á¨¨ 348 Ë°å.
NOTIC: [8] Undefined index: money D:\phpstudy\WWW\dcyd\Manage\Lib\Action\UpAction.class.php Á¨¨ 349 Ë°å.
NOTIC: [8] Undefined index: kctitle D:\phpstudy\WWW\dcyd\Manage\Lib\Action\UpAction.class.php Á¨¨ 350 Ë°å.
SQL: SHOW COLUMNS FROM `dcyd_view` [ RunTime:0.008000s ]
NOTIC: [8] Undefined variable: map D:\phpstudy\WWW\dcyd\Manage\Lib\Action\UpAction.class.php Á¨¨ 356 Ë°å.
SQL: SELECT a.id,a.kid,a.zid,b.kind,c.zname,a.name,a.url,a.title,a.money,a.introduce,a.chapternum,a.isrecommend,a.kctitle,a.collnum,a.img FROM dcyd_view as a LEFT JOIN dcyd_viewkinds as b on b.id = a.kid LEFT JOIN dcyd_viewclass as c on c.id = a.zid LIMIT 0,20   [ RunTime:0.001000s ]
NOTIC: [8] Undefined variable: map D:\phpstudy\WWW\dcyd\Manage\Lib\Action\UpAction.class.php Á¨¨ 359 Ë°å.
SQL: SELECT COUNT(*) AS tp_count FROM dcyd_view as a LEFT JOIN dcyd_viewkinds as b on b.id = a.kid LEFT JOIN dcyd_viewclass as c on c.id = a.zid LIMIT 1   [ RunTime:0.000000s ]

[ 2017-05-08T11:57:20+08:00 ] 127.0.0.1 /Manerger/index.php/Up/vedeedit
INFO: [ route_check ] --START--
INFO: CheckRoute Behavior ::run [ RunTime:0.002000s ]
INFO: [ route_check ] --END-- [ RunTime:0.003000s ]
INFO: [ app_begin ] --START--
INFO: ReadHtmlCache Behavior ::run [ RunTime:0.003001s ]
INFO: [ app_begin ] --END-- [ RunTime:0.004001s ]
NOTIC: [8] Undefined index: expire D:\phpstudy\WWW\dcyd\ThinkPHP\Common\functions.php Á¨¨ 549 Ë°å.
NOTIC: Âª∫ËÆÆ‰ΩøÁî®IÊñπÊ≥ïÊõø‰ª£_post
SQL: SHOW COLUMNS FROM `dcyd_view` [ RunTime:0.009000s ]
SQL: SELECT a.id,a.kid,a.zid,b.kind,c.zname,a.name,a.url,a.title,a.money,a.introduce,a.chapternum,a.isrecommend,a.kctitle,a.collnum,a.img FROM dcyd_view as a LEFT JOIN dcyd_viewkinds as b on b.id = a.kid LEFT JOIN dcyd_viewclass as c on c.id = a.zid WHERE ( a.id = 5 ) LIMIT 1   [ RunTime:0.001000s ]

[ 2017-05-08T11:57:28+08:00 ] 127.0.0.1 /Manerger/index.php?m=Up&a=vedesave&id=5
INFO: [ app_begin ] --START--
INFO: ReadHtmlCache Behavior ::run [ RunTime:0.003000s ]
INFO: [ app_begin ] --END-- [ RunTime:0.003000s ]
NOTIC: [8] Undefined index: expire D:\phpstudy\WWW\dcyd\ThinkPHP\Common\functions.php Á¨¨ 549 Ë°å.
SQL: SHOW COLUMNS FROM `dcyd_view` [ RunTime:0.007000s ]
NOTIC: Âª∫ËÆÆ‰ΩøÁî®IÊñπÊ≥ïÊõø‰ª£_post
SQL: SHOW COLUMNS FROM `dcyd_viewkinds` [ RunTime:0.008001s ]
SQL: SELECT `kind` FROM `dcyd_viewkinds` WHERE ( id =  ) LIMIT 1   [ RunTime:0.001000s ]
ERR: 1064:You have an error in your SQL syntax; check the manual that corresponds to your MySQL server version for the right syntax to use near ') LIMIT 1' at line 1
 [ SQLËØ≠Âè• ] : SELECT `kind` FROM `dcyd_viewkinds` WHERE ( id =  ) LIMIT 1  
NOTIC: Âª∫ËÆÆ‰ΩøÁî®IÊñπÊ≥ïÊõø‰ª£_post
SQL: SHOW COLUMNS FROM `dcyd_viewclass` [ RunTime:0.008001s ]
NOTIC: Âª∫ËÆÆ‰ΩøÁî®IÊñπÊ≥ïÊõø‰ª£_post
SQL: SELECT `zname` FROM `dcyd_viewclass` WHERE ( id = 2 ) LIMIT 1   [ RunTime:0.000000s ]
SQL: SHOW COLUMNS FROM `dcyd_teacher` [ RunTime:0.008001s ]
SQL: SELECT `name` FROM `dcyd_teacher` WHERE ( id = 8 ) LIMIT 1   [ RunTime:0.001000s ]
NOTIC: Âª∫ËÆÆ‰ΩøÁî®IÊñπÊ≥ïÊõø‰ª£_post
NOTIC: Âª∫ËÆÆ‰ΩøÁî®IÊñπÊ≥ïÊõø‰ª£_post
NOTIC: Âª∫ËÆÆ‰ΩøÁî®IÊñπÊ≥ïÊõø‰ª£_post
NOTIC: Âª∫ËÆÆ‰ΩøÁî®IÊñπÊ≥ïÊõø‰ª£_post
NOTIC: Âª∫ËÆÆ‰ΩøÁî®IÊñπÊ≥ïÊõø‰ª£_post
NOTIC: [2] getimagesize() expects parameter 1 to be string, array given D:\phpstudy\WWW\dcyd\Manage\Lib\Action\UpAction.class.php Á¨¨ 421 Ë°å.
NOTIC: [8] Use of undefined constant uniqid - assumed 'uniqid' D:\phpstudy\WWW\dcyd\Manage\Lib\Action\UpAction.class.php Á¨¨ 430 Ë°å.
NOTIC: [8] Use of undefined constant date - assumed 'date' D:\phpstudy\WWW\dcyd\Manage\Lib\Action\UpAction.class.php Á¨¨ 433 Ë°å.
SQL: UPDATE `dcyd_view` SET `name`='Áé©ÂÑø',`kctitle`='555555',`money`='222',`title`='ÂºÄË∑ëËΩ¶11sadÂ≠¶‰π†Âû\ã',`introduce`='ÈÉΩÊòØÂèë‰∏™ÈÉΩÊòØ‰∏™Ê¢µËíÇÂÜàÊ¢µËíÇÂÜàÁöÑ',`chapternum`=3,`kid`=null,`zid`=2 WHERE ( id = 5 ) [ RunTime:0.001000s ]

[ 2017-05-08T11:57:28+08:00 ] 127.0.0.1 /Manerger/index.php?m=Up&a=vedels
INFO: [ app_begin ] --START--
INFO: ReadHtmlCache Behavior ::run [ RunTime:0.002001s ]
INFO: [ app_begin ] --END-- [ RunTime:0.004001s ]
NOTIC: [8] Undefined index: expire D:\phpstudy\WWW\dcyd\ThinkPHP\Common\functions.php Á¨¨ 549 Ë°å.
NOTIC: [8] Undefined index: id D:\phpstudy\WWW\dcyd\Manage\Lib\Action\UpAction.class.php Á¨¨ 347 Ë°å.
NOTIC: [8] Undefined index: title D:\phpstudy\WWW\dcyd\Manage\Lib\Action\UpAction.class.php Á¨¨ 348 Ë°å.
NOTIC: [8] Undefined index: money D:\phpstudy\WWW\dcyd\Manage\Lib\Action\UpAction.class.php Á¨¨ 349 Ë°å.
NOTIC: [8] Undefined index: kctitle D:\phpstudy\WWW\dcyd\Manage\Lib\Action\UpAction.class.php Á¨¨ 350 Ë°å.
SQL: SHOW COLUMNS FROM `dcyd_view` [ RunTime:0.010000s ]
NOTIC: [8] Undefined variable: map D:\phpstudy\WWW\dcyd\Manage\Lib\Action\UpAction.class.php Á¨¨ 356 Ë°å.
SQL: SELECT a.id,a.kid,a.zid,b.kind,c.zname,a.name,a.url,a.title,a.money,a.introduce,a.chapternum,a.isrecommend,a.kctitle,a.collnum,a.img FROM dcyd_view as a LEFT JOIN dcyd_viewkinds as b on b.id = a.kid LEFT JOIN dcyd_viewclass as c on c.id = a.zid LIMIT 0,20   [ RunTime:0.001000s ]
NOTIC: [8] Undefined variable: map D:\phpstudy\WWW\dcyd\Manage\Lib\Action\UpAction.class.php Á¨¨ 359 Ë°å.
SQL: SELECT COUNT(*) AS tp_count FROM dcyd_view as a LEFT JOIN dcyd_viewkinds as b on b.id = a.kid LEFT JOIN dcyd_viewclass as c on c.id = a.zid LIMIT 1   [ RunTime:0.000000s ]

[ 2017-05-08T11:57:31+08:00 ] 127.0.0.1 /Manerger/index.php/Up/vedeedit
INFO: [ route_check ] --START--
INFO: CheckRoute Behavior ::run [ RunTime:0.002000s ]
INFO: [ route_check ] --END-- [ RunTime:0.002000s ]
INFO: [ app_begin ] --START--
INFO: ReadHtmlCache Behavior ::run [ RunTime:0.002000s ]
INFO: [ app_begin ] --END-- [ RunTime:0.003000s ]
NOTIC: [8] Undefined index: expire D:\phpstudy\WWW\dcyd\ThinkPHP\Common\functions.php Á¨¨ 549 Ë°å.
NOTIC: Âª∫ËÆÆ‰ΩøÁî®IÊñπÊ≥ïÊõø‰ª£_post
SQL: SHOW COLUMNS FROM `dcyd_view` [ RunTime:0.008001s ]
SQL: SELECT a.id,a.kid,a.zid,b.kind,c.zname,a.name,a.url,a.title,a.money,a.introduce,a.chapternum,a.isrecommend,a.kctitle,a.collnum,a.img FROM dcyd_view as a LEFT JOIN dcyd_viewkinds as b on b.id = a.kid LEFT JOIN dcyd_viewclass as c on c.id = a.zid WHERE ( a.id = 7 ) LIMIT 1   [ RunTime:0.000000s ]

[ 2017-05-08T11:57:34+08:00 ] 127.0.0.1 /Manerger/index.php?m=Up&a=vedesave&id=7
INFO: [ app_begin ] --START--
INFO: ReadHtmlCache Behavior ::run [ RunTime:0.001000s ]
INFO: [ app_begin ] --END-- [ RunTime:0.003000s ]
NOTIC: [8] Undefined index: expire D:\phpstudy\WWW\dcyd\ThinkPHP\Common\functions.php Á¨¨ 549 Ë°å.
SQL: SHOW COLUMNS FROM `dcyd_view` [ RunTime:0.008000s ]
NOTIC: Âª∫ËÆÆ‰ΩøÁî®IÊñπÊ≥ïÊõø‰ª£_post
SQL: SHOW COLUMNS FROM `dcyd_viewkinds` [ RunTime:0.008001s ]
SQL: SELECT `kind` FROM `dcyd_viewkinds` WHERE ( id =  ) LIMIT 1   [ RunTime:0.001000s ]
ERR: 1064:You have an error in your SQL syntax; check the manual that corresponds to your MySQL server version for the right syntax to use near ') LIMIT 1' at line 1
 [ SQLËØ≠Âè• ] : SELECT `kind` FROM `dcyd_viewkinds` WHERE ( id =  ) LIMIT 1  
NOTIC: Âª∫ËÆÆ‰ΩøÁî®IÊñπÊ≥ïÊõø‰ª£_post
SQL: SHOW COLUMNS FROM `dcyd_viewclass` [ RunTime:0.008001s ]
NOTIC: Âª∫ËÆÆ‰ΩøÁî®IÊñπÊ≥ïÊõø‰ª£_post
SQL: SELECT `zname` FROM `dcyd_viewclass` WHERE ( id = ÂêÉÂñùÂ´ñËµå ) LIMIT 1   [ RunTime:0.000000s ]
ERR: 1054:Unknown column 'ÂêÉÂñùÂ´ñËµå' in 'where clause'
 [ SQLËØ≠Âè• ] : SELECT `zname` FROM `dcyd_viewclass` WHERE ( id = ÂêÉÂñùÂ´ñËµå ) LIMIT 1  
SQL: SHOW COLUMNS FROM `dcyd_teacher` [ RunTime:0.008001s ]
SQL: SELECT `name` FROM `dcyd_teacher` WHERE ( id = ÂêïÂÆöÊù∞ ) LIMIT 1   [ RunTime:0.000000s ]
ERR: 1054:Unknown column 'ÂêïÂÆöÊù∞' in 'where clause'
 [ SQLËØ≠Âè• ] : SELECT `name` FROM `dcyd_teacher` WHERE ( id = ÂêïÂÆöÊù∞ ) LIMIT 1  
NOTIC: Âª∫ËÆÆ‰ΩøÁî®IÊñπÊ≥ïÊõø‰ª£_post
NOTIC: Âª∫ËÆÆ‰ΩøÁî®IÊñπÊ≥ïÊõø‰ª£_post
NOTIC: Âª∫ËÆÆ‰ΩøÁî®IÊñπÊ≥ïÊõø‰ª£_post
NOTIC: Âª∫ËÆÆ‰ΩøÁî®IÊñπÊ≥ïÊõø‰ª£_post
NOTIC: Âª∫ËÆÆ‰ΩøÁî®IÊñπÊ≥ïÊõø‰ª£_post
NOTIC: [2] getimagesize() expects parameter 1 to be string, array given D:\phpstudy\WWW\dcyd\Manage\Lib\Action\UpAction.class.php Á¨¨ 421 Ë°å.
NOTIC: [8] Use of undefined constant uniqid - assumed 'uniqid' D:\phpstudy\WWW\dcyd\Manage\Lib\Action\UpAction.class.php Á¨¨ 430 Ë°å.
NOTIC: [8] Use of undefined constant date - assumed 'date' D:\phpstudy\WWW\dcyd\Manage\Lib\Action\UpAction.class.php Á¨¨ 433 Ë°å.
SQL: UPDATE `dcyd_view` SET `name`=null,`kctitle`='777777',`money`='222',`title`='ÂºÄË∑ëËΩ¶11sadÂ≠¶‰π†Âû\ã',`introduce`='ÈÉΩÊòØÂèë‰∏™ÈÉΩÊòØ‰∏™Ê¢µËíÇÂÜàÊ¢µËíÇÂÜàÁöÑ',`chapternum`=4,`kid`=null,`zid`=0 WHERE ( id = 7 ) [ RunTime:0.001000s ]

[ 2017-05-08T11:57:34+08:00 ] 127.0.0.1 /Manerger/index.php?m=Up&a=vedels
INFO: [ app_begin ] --START--
INFO: ReadHtmlCache Behavior ::run [ RunTime:0.002000s ]
INFO: [ app_begin ] --END-- [ RunTime:0.003000s ]
NOTIC: [8] Undefined index: expire D:\phpstudy\WWW\dcyd\ThinkPHP\Common\functions.php Á¨¨ 549 Ë°å.
NOTIC: [8] Undefined index: id D:\phpstudy\WWW\dcyd\Manage\Lib\Action\UpAction.class.php Á¨¨ 347 Ë°å.
NOTIC: [8] Undefined index: title D:\phpstudy\WWW\dcyd\Manage\Lib\Action\UpAction.class.php Á¨¨ 348 Ë°å.
NOTIC: [8] Undefined index: money D:\phpstudy\WWW\dcyd\Manage\Lib\Action\UpAction.class.php Á¨¨ 349 Ë°å.
NOTIC: [8] Undefined index: kctitle D:\phpstudy\WWW\dcyd\Manage\Lib\Action\UpAction.class.php Á¨¨ 350 Ë°å.
SQL: SHOW COLUMNS FROM `dcyd_view` [ RunTime:0.007000s ]
NOTIC: [8] Undefined variable: map D:\phpstudy\WWW\dcyd\Manage\Lib\Action\UpAction.class.php Á¨¨ 356 Ë°å.
SQL: SELECT a.id,a.kid,a.zid,b.kind,c.zname,a.name,a.url,a.title,a.money,a.introduce,a.chapternum,a.isrecommend,a.kctitle,a.collnum,a.img FROM dcyd_view as a LEFT JOIN dcyd_viewkinds as b on b.id = a.kid LEFT JOIN dcyd_viewclass as c on c.id = a.zid LIMIT 0,20   [ RunTime:0.000000s ]
NOTIC: [8] Undefined variable: map D:\phpstudy\WWW\dcyd\Manage\Lib\Action\UpAction.class.php Á¨¨ 359 Ë°å.
SQL: SELECT COUNT(*) AS tp_count FROM dcyd_view as a LEFT JOIN dcyd_viewkinds as b on b.id = a.kid LEFT JOIN dcyd_viewclass as c on c.id = a.zid LIMIT 1   [ RunTime:0.001000s ]

[ 2017-05-08T11:57:37+08:00 ] 127.0.0.1 /Manerger/index.php/Up/vedeedit
INFO: [ route_check ] --START--
INFO: CheckRoute Behavior ::run [ RunTime:0.004000s ]
INFO: [ route_check ] --END-- [ RunTime:0.004000s ]
INFO: [ app_begin ] --START--
INFO: ReadHtmlCache Behavior ::run [ RunTime:0.003000s ]
INFO: [ app_begin ] --END-- [ RunTime:0.004000s ]
NOTIC: [8] Undefined index: expire D:\phpstudy\WWW\dcyd\ThinkPHP\Common\functions.php Á¨¨ 549 Ë°å.
NOTIC: Âª∫ËÆÆ‰ΩøÁî®IÊñπÊ≥ïÊõø‰ª£_post
SQL: SHOW COLUMNS FROM `dcyd_view` [ RunTime:0.007001s ]
SQL: SELECT a.id,a.kid,a.zid,b.kind,c.zname,a.name,a.url,a.title,a.money,a.introduce,a.chapternum,a.isrecommend,a.kctitle,a.collnum,a.img FROM dcyd_view as a LEFT JOIN dcyd_viewkinds as b on b.id = a.kid LEFT JOIN dcyd_viewclass as c on c.id = a.zid WHERE ( a.id = 7 ) LIMIT 1   [ RunTime:0.001000s ]

[ 2017-05-08T11:57:46+08:00 ] 127.0.0.1 /Manerger/index.php?m=Up&a=vedesave&id=7
INFO: [ app_begin ] --START--
INFO: ReadHtmlCache Behavior ::run [ RunTime:0.003000s ]
INFO: [ app_begin ] --END-- [ RunTime:0.003000s ]
NOTIC: [8] Undefined index: expire D:\phpstudy\WWW\dcyd\ThinkPHP\Common\functions.php Á¨¨ 549 Ë°å.
SQL: SHOW COLUMNS FROM `dcyd_view` [ RunTime:0.008000s ]
NOTIC: Âª∫ËÆÆ‰ΩøÁî®IÊñπÊ≥ïÊõø‰ª£_post
SQL: SHOW COLUMNS FROM `dcyd_viewkinds` [ RunTime:0.008000s ]
SQL: SELECT `kind` FROM `dcyd_viewkinds` WHERE ( id =  ) LIMIT 1   [ RunTime:0.001000s ]
ERR: 1064:You have an error in your SQL syntax; check the manual that corresponds to your MySQL server version for the right syntax to use near ') LIMIT 1' at line 1
 [ SQLËØ≠Âè• ] : SELECT `kind` FROM `dcyd_viewkinds` WHERE ( id =  ) LIMIT 1  
NOTIC: Âª∫ËÆÆ‰ΩøÁî®IÊñπÊ≥ïÊõø‰ª£_post
SQL: SHOW COLUMNS FROM `dcyd_viewclass` [ RunTime:0.007000s ]
NOTIC: Âª∫ËÆÆ‰ΩøÁî®IÊñπÊ≥ïÊõø‰ª£_post
SQL: SELECT `zname` FROM `dcyd_viewclass` WHERE ( id = 4 ) LIMIT 1   [ RunTime:0.000000s ]
SQL: SHOW COLUMNS FROM `dcyd_teacher` [ RunTime:0.009001s ]
SQL: SELECT `name` FROM `dcyd_teacher` WHERE ( id = 6 ) LIMIT 1   [ RunTime:0.001000s ]
NOTIC: Âª∫ËÆÆ‰ΩøÁî®IÊñπÊ≥ïÊõø‰ª£_post
NOTIC: Âª∫ËÆÆ‰ΩøÁî®IÊñπÊ≥ïÊõø‰ª£_post
NOTIC: Âª∫ËÆÆ‰ΩøÁî®IÊñπÊ≥ïÊõø‰ª£_post
NOTIC: Âª∫ËÆÆ‰ΩøÁî®IÊñπÊ≥ïÊõø‰ª£_post
NOTIC: Âª∫ËÆÆ‰ΩøÁî®IÊñπÊ≥ïÊõø‰ª£_post
NOTIC: [2] getimagesize() expects parameter 1 to be string, array given D:\phpstudy\WWW\dcyd\Manage\Lib\Action\UpAction.class.php Á¨¨ 421 Ë°å.
NOTIC: [8] Use of undefined constant uniqid - assumed 'uniqid' D:\phpstudy\WWW\dcyd\Manage\Lib\Action\UpAction.class.php Á¨¨ 430 Ë°å.
NOTIC: [8] Use of undefined constant date - assumed 'date' D:\phpstudy\WWW\dcyd\Manage\Lib\Action\UpAction.class.php Á¨¨ 433 Ë°å.
SQL: UPDATE `dcyd_view` SET `name`='ÂêïÂÆöÊù\∞',`kctitle`='777777',`money`='222',`title`='ÂºÄË∑ëËΩ¶11sadÂ≠¶‰π†Âû\ã',`introduce`='ÈÉΩÊòØÂèë‰∏™ÈÉΩÊòØ‰∏™Ê¢µËíÇÂÜàÊ¢µËíÇÂÜàÁöÑ',`chapternum`=4,`kid`=null,`zid`=4 WHERE ( id = 7 ) [ RunTime:0.000000s ]

[ 2017-05-08T11:57:46+08:00 ] 127.0.0.1 /Manerger/index.php?m=Up&a=vedels
INFO: [ app_begin ] --START--
INFO: ReadHtmlCache Behavior ::run [ RunTime:0.002000s ]
INFO: [ app_begin ] --END-- [ RunTime:0.003000s ]
NOTIC: [8] Undefined index: expire D:\phpstudy\WWW\dcyd\ThinkPHP\Common\functions.php Á¨¨ 549 Ë°å.
NOTIC: [8] Undefined index: id D:\phpstudy\WWW\dcyd\Manage\Lib\Action\UpAction.class.php Á¨¨ 347 Ë°å.
NOTIC: [8] Undefined index: title D:\phpstudy\WWW\dcyd\Manage\Lib\Action\UpAction.class.php Á¨¨ 348 Ë°å.
NOTIC: [8] Undefined index: money D:\phpstudy\WWW\dcyd\Manage\Lib\Action\UpAction.class.php Á¨¨ 349 Ë°å.
NOTIC: [8] Undefined index: kctitle D:\phpstudy\WWW\dcyd\Manage\Lib\Action\UpAction.class.php Á¨¨ 350 Ë°å.
SQL: SHOW COLUMNS FROM `dcyd_view` [ RunTime:0.007000s ]
NOTIC: [8] Undefined variable: map D:\phpstudy\WWW\dcyd\Manage\Lib\Action\UpAction.class.php Á¨¨ 356 Ë°å.
SQL: SELECT a.id,a.kid,a.zid,b.kind,c.zname,a.name,a.url,a.title,a.money,a.introduce,a.chapternum,a.isrecommend,a.kctitle,a.collnum,a.img FROM dcyd_view as a LEFT JOIN dcyd_viewkinds as b on b.id = a.kid LEFT JOIN dcyd_viewclass as c on c.id = a.zid LIMIT 0,20   [ RunTime:0.001001s ]
NOTIC: [8] Undefined variable: map D:\phpstudy\WWW\dcyd\Manage\Lib\Action\UpAction.class.php Á¨¨ 359 Ë°å.
SQL: SELECT COUNT(*) AS tp_count FROM dcyd_view as a LEFT JOIN dcyd_viewkinds as b on b.id = a.kid LEFT JOIN dcyd_viewclass as c on c.id = a.zid LIMIT 1   [ RunTime:0.000000s ]

