[ 2017-01-09T13:42:38+08:00 ] 127.0.0.1 /manerger/
INFO: [ app_begin ] --START--
INFO: ReadHtmlCache Behavior ::run [ RunTime:0.002000s ]
INFO: [ app_begin ] --END-- [ RunTime:0.002000s ]
NOTIC: [8] Undefined index: expire D:\phpstudy\WWW\dcyd\ThinkPHP\Common\functions.php 第 549 行.
NOTIC: [8] Undefined index: admin D:\phpstudy\WWW\dcyd\Manage\Lib\Action\IndexAction.class.php 第 5 行.
INFO: [ view_parse ] --START--
NOTIC: [8] Undefined index: admin D:\phpstudy\WWW\dcyd\Manage\Runtime\Cache\6eb21b90e50e413ebd495101e2f3fb87.php 第 27 行.
INFO: ParseTemplate Behavior ::run [ RunTime:0.041003s ]
INFO: [ view_parse ] --END-- [ RunTime:0.041003s ]
INFO: [ view_filter ] --START--
INFO: ContentReplace Behavior ::run [ RunTime:0.001000s ]
INFO: TokenBuild Behavior ::run [ RunTime:0.001000s ]
INFO: WriteHtmlCache Behavior ::run [ RunTime:0.000000s ]
INFO: ShowRuntime Behavior ::run [ RunTime:0.003000s ]
INFO: [ view_filter ] --END-- [ RunTime:0.008000s ]
INFO: [ view_end ] --START--
INFO: ShowPageTrace Behavior ::run [ RunTime:0.002000s ]
INFO: [ view_end ] --END-- [ RunTime:0.002000s ]

[ 2017-01-09T13:42:39+08:00 ] 127.0.0.1 /Manerger/index.php/Public/login.html
INFO: [ route_check ] --START--
INFO: CheckRoute Behavior ::run [ RunTime:0.002000s ]
INFO: [ route_check ] --END-- [ RunTime:0.002000s ]
INFO: [ app_begin ] --START--
INFO: ReadHtmlCache Behavior ::run [ RunTime:0.001000s ]
INFO: [ app_begin ] --END-- [ RunTime:0.003000s ]
NOTIC: [8] Undefined index: expire D:\phpstudy\WWW\dcyd\ThinkPHP\Common\functions.php 第 549 行.
INFO: [ view_parse ] --START--
INFO: ParseTemplate Behavior ::run [ RunTime:0.017001s ]
INFO: [ view_parse ] --END-- [ RunTime:0.018001s ]
INFO: [ view_filter ] --START--
INFO: ContentReplace Behavior ::run [ RunTime:0.001000s ]
INFO: TokenBuild Behavior ::run [ RunTime:0.002000s ]
INFO: WriteHtmlCache Behavior ::run [ RunTime:0.001000s ]
INFO: ShowRuntime Behavior ::run [ RunTime:0.002000s ]
INFO: [ view_filter ] --END-- [ RunTime:0.009000s ]
INFO: [ view_end ] --START--
INFO: ShowPageTrace Behavior ::run [ RunTime:0.001000s ]
INFO: [ view_end ] --END-- [ RunTime:0.002001s ]

[ 2017-01-09T13:42:47+08:00 ] 127.0.0.1 /Manerger/index.php/Public/checklogin
INFO: [ route_check ] --START--
INFO: CheckRoute Behavior ::run [ RunTime:0.001000s ]
INFO: [ route_check ] --END-- [ RunTime:0.003000s ]
INFO: [ app_begin ] --START--
INFO: ReadHtmlCache Behavior ::run [ RunTime:0.002000s ]
INFO: [ app_begin ] --END-- [ RunTime:0.002000s ]
NOTIC: [8] Undefined index: expire D:\phpstudy\WWW\dcyd\ThinkPHP\Common\functions.php 第 549 行.
SQL: SHOW COLUMNS FROM `dcyd_admin` [ RunTime:0.005001s ]
NOTIC: 建议使用I方法替代_post
NOTIC: 建议使用I方法替代_post
SQL: SELECT `id`,`rid`,`username` FROM `dcyd_admin` WHERE ( `username` = 'admin' ) AND ( `password` = '8b88e6b7e854b04cb74e' ) LIMIT 1   [ RunTime:0.001000s ]
SQL: SHOW COLUMNS FROM `dcyd_role` [ RunTime:0.006001s ]
SQL: SELECT `powers` FROM `dcyd_role` WHERE ( id=1 ) LIMIT 1   [ RunTime:0.001000s ]
SQL: SHOW COLUMNS FROM `dcyd_node` [ RunTime:0.005000s ]
SQL: SELECT `name` FROM `dcyd_node` WHERE ( pid>0 )  [ RunTime:0.001000s ]
SQL: UPDATE `dcyd_admin` SET `last_time`=1483940567,`last_ip`=127 WHERE ( id=1 ) [ RunTime:0.001000s ]
NOTIC: [8] Undefined variable: var D:\phpstudy\WWW\dcyd\ThinkPHP\Common\functions.php 第 247 行.
NOTIC: [2] array_reverse() expects parameter 1 to be array, null given D:\phpstudy\WWW\dcyd\ThinkPHP\Common\functions.php 第 247 行.
NOTIC: [2] http_build_query() [<a href='function.http-build-query'>function.http-build-query</a>]: Parameter 1 expected to be Array or Object.  Incorrect value given D:\phpstudy\WWW\dcyd\ThinkPHP\Common\functions.php 第 247 行.

[ 2017-01-09T13:42:47+08:00 ] 127.0.0.1 /Manerger/index.php?
INFO: [ app_begin ] --START--
INFO: ReadHtmlCache Behavior ::run [ RunTime:0.002000s ]
INFO: [ app_begin ] --END-- [ RunTime:0.002000s ]
NOTIC: [8] Undefined index: expire D:\phpstudy\WWW\dcyd\ThinkPHP\Common\functions.php 第 549 行.
INFO: [ view_parse ] --START--
INFO: ParseTemplate Behavior ::run [ RunTime:0.035002s ]
INFO: [ view_parse ] --END-- [ RunTime:0.035002s ]
INFO: [ view_filter ] --START--
INFO: ContentReplace Behavior ::run [ RunTime:0.002000s ]
INFO: TokenBuild Behavior ::run [ RunTime:0.002000s ]
INFO: WriteHtmlCache Behavior ::run [ RunTime:0.002000s ]
INFO: ShowRuntime Behavior ::run [ RunTime:0.003000s ]
INFO: [ view_filter ] --END-- [ RunTime:0.010000s ]
INFO: [ view_end ] --START--
INFO: ShowPageTrace Behavior ::run [ RunTime:0.003000s ]
INFO: [ view_end ] --END-- [ RunTime:0.005001s ]

[ 2017-01-09T13:42:51+08:00 ] 127.0.0.1 /Manerger/index.php/Article/index
INFO: [ route_check ] --START--
INFO: CheckRoute Behavior ::run [ RunTime:0.001000s ]
INFO: [ route_check ] --END-- [ RunTime:0.003000s ]
INFO: [ app_begin ] --START--
INFO: ReadHtmlCache Behavior ::run [ RunTime:0.002001s ]
INFO: [ app_begin ] --END-- [ RunTime:0.003001s ]
NOTIC: [8] Undefined index: expire D:\phpstudy\WWW\dcyd\ThinkPHP\Common\functions.php 第 549 行.
NOTIC: [2048] Declaration of ArticleAction::show() should be compatible with that of Action::show() D:\phpstudy\WWW\dcyd\Manage\Lib\Action\ArticleAction.class.php 第 137 行.
INFO: [ view_parse ] --START--
INFO: ParseTemplate Behavior ::run [ RunTime:0.031002s ]
INFO: [ view_parse ] --END-- [ RunTime:0.031002s ]
INFO: [ view_filter ] --START--
INFO: ContentReplace Behavior ::run [ RunTime:0.001000s ]
INFO: TokenBuild Behavior ::run [ RunTime:0.001000s ]
INFO: WriteHtmlCache Behavior ::run [ RunTime:0.001000s ]
INFO: ShowRuntime Behavior ::run [ RunTime:0.002000s ]
INFO: [ view_filter ] --END-- [ RunTime:0.007000s ]
INFO: [ view_end ] --START--
INFO: ShowPageTrace Behavior ::run [ RunTime:0.003001s ]
INFO: [ view_end ] --END-- [ RunTime:0.005001s ]

[ 2017-01-09T13:42:51+08:00 ] 127.0.0.1 /Manerger/index.php?m=Article&a=articlelist
INFO: [ app_begin ] --START--
INFO: ReadHtmlCache Behavior ::run [ RunTime:0.002000s ]
INFO: [ app_begin ] --END-- [ RunTime:0.003000s ]
NOTIC: [8] Undefined index: expire D:\phpstudy\WWW\dcyd\ThinkPHP\Common\functions.php 第 549 行.
NOTIC: [2048] Declaration of ArticleAction::show() should be compatible with that of Action::show() D:\phpstudy\WWW\dcyd\Manage\Lib\Action\ArticleAction.class.php 第 137 行.
NOTIC: [8] Undefined index: id D:\phpstudy\WWW\dcyd\Manage\Lib\Action\ArticleAction.class.php 第 17 行.
NOTIC: [8] Undefined index: title D:\phpstudy\WWW\dcyd\Manage\Lib\Action\ArticleAction.class.php 第 18 行.
NOTIC: [8] Undefined index: content D:\phpstudy\WWW\dcyd\Manage\Lib\Action\ArticleAction.class.php 第 19 行.
NOTIC: [8] Undefined index: describe D:\phpstudy\WWW\dcyd\Manage\Lib\Action\ArticleAction.class.php 第 20 行.
NOTIC: [8] Undefined index: keywords D:\phpstudy\WWW\dcyd\Manage\Lib\Action\ArticleAction.class.php 第 21 行.
NOTIC: [8] Undefined index: auth D:\phpstudy\WWW\dcyd\Manage\Lib\Action\ArticleAction.class.php 第 22 行.
NOTIC: [8] Undefined index: status D:\phpstudy\WWW\dcyd\Manage\Lib\Action\ArticleAction.class.php 第 23 行.
NOTIC: [8] Undefined index: lanmu D:\phpstudy\WWW\dcyd\Manage\Lib\Action\ArticleAction.class.php 第 24 行.
SQL: SHOW COLUMNS FROM `dcyd_article` [ RunTime:0.005001s ]
NOTIC: [8] Undefined variable: map D:\phpstudy\WWW\dcyd\Manage\Lib\Action\ArticleAction.class.php 第 27 行.
SQL: SELECT `id`,`title`,`keywords`,`lanmu`,`laiyuan`,`content`,`auth`,`describe`,`time`,`status` FROM `dcyd_article` LIMIT 0,20   [ RunTime:0.001000s ]
NOTIC: [8] Undefined variable: map D:\phpstudy\WWW\dcyd\Manage\Lib\Action\ArticleAction.class.php 第 28 行.
SQL: SELECT COUNT(*) AS tp_count FROM `dcyd_article` LIMIT 1   [ RunTime:0.000000s ]
NOTIC: [2] date() expects parameter 2 to be long, string given D:\phpstudy\WWW\dcyd\Manage\Lib\Action\ArticleAction.class.php 第 31 行.

[ 2017-01-09T13:48:29+08:00 ] 127.0.0.1 /Manerger/index.php/Role/index
INFO: [ route_check ] --START--
INFO: CheckRoute Behavior ::run [ RunTime:0.003000s ]
INFO: [ route_check ] --END-- [ RunTime:0.004001s ]
INFO: [ app_begin ] --START--
INFO: ReadHtmlCache Behavior ::run [ RunTime:0.002000s ]
INFO: [ app_begin ] --END-- [ RunTime:0.004000s ]
NOTIC: [8] Undefined index: expire D:\phpstudy\WWW\dcyd\ThinkPHP\Common\functions.php 第 549 行.
NOTIC: [8] Constant THEME_NAME already defined D:\phpstudy\WWW\dcyd\ThinkPHP\Lib\Core\View.class.php 第 223 行.
NOTIC: [8] Constant THEME_PATH already defined D:\phpstudy\WWW\dcyd\ThinkPHP\Lib\Core\View.class.php 第 174 行.
NOTIC: [8] Constant APP_TMPL_PATH already defined D:\phpstudy\WWW\dcyd\ThinkPHP\Lib\Core\View.class.php 第 175 行.
INFO: [ view_parse ] --START--
INFO: ParseTemplate Behavior ::run [ RunTime:0.033001s ]
INFO: [ view_parse ] --END-- [ RunTime:0.033001s ]
INFO: [ view_filter ] --START--
INFO: ContentReplace Behavior ::run [ RunTime:0.002000s ]
INFO: TokenBuild Behavior ::run [ RunTime:0.002000s ]
INFO: WriteHtmlCache Behavior ::run [ RunTime:0.000000s ]
INFO: ShowRuntime Behavior ::run [ RunTime:0.002000s ]
INFO: [ view_filter ] --END-- [ RunTime:0.008000s ]
INFO: [ view_end ] --START--
INFO: ShowPageTrace Behavior ::run [ RunTime:0.001000s ]
INFO: [ view_end ] --END-- [ RunTime:0.003000s ]

[ 2017-01-09T13:48:30+08:00 ] 127.0.0.1 /Manerger/index.php?m=Power&a=powertree
INFO: [ app_begin ] --START--
INFO: ReadHtmlCache Behavior ::run [ RunTime:0.002000s ]
INFO: [ app_begin ] --END-- [ RunTime:0.004000s ]
NOTIC: [8] Undefined index: expire D:\phpstudy\WWW\dcyd\ThinkPHP\Common\functions.php 第 549 行.
SQL: SHOW COLUMNS FROM `dcyd_node` [ RunTime:0.005000s ]
SQL: SELECT `id`,title as text,`pid` FROM `dcyd_node` WHERE ( pid=0 )  [ RunTime:0.000000s ]
SQL: SELECT `id`,title as text,`pid` FROM `dcyd_node` WHERE ( pid=10109 )  [ RunTime:0.001000s ]
SQL: SELECT `id`,title as text,`pid` FROM `dcyd_node` WHERE ( pid=10110 )  [ RunTime:0.000000s ]
SQL: SELECT `id`,title as text,`pid` FROM `dcyd_node` WHERE ( pid=10111 )  [ RunTime:0.001000s ]
SQL: SELECT `id`,title as text,`pid` FROM `dcyd_node` WHERE ( pid=10230 )  [ RunTime:0.001000s ]
SQL: SELECT `id`,title as text,`pid` FROM `dcyd_node` WHERE ( pid=10231 )  [ RunTime:0.000000s ]
SQL: SELECT `id`,title as text,`pid` FROM `dcyd_node` WHERE ( pid=10232 )  [ RunTime:0.000000s ]
SQL: SELECT `id`,title as text,`pid` FROM `dcyd_node` WHERE ( pid=10234 )  [ RunTime:0.001000s ]
SQL: SELECT `id`,title as text,`pid` FROM `dcyd_node` WHERE ( pid=10235 )  [ RunTime:0.000000s ]
SQL: SELECT `id`,title as text,`pid` FROM `dcyd_node` WHERE ( pid=10254 )  [ RunTime:0.001000s ]
SQL: SELECT `id`,title as text,`pid` FROM `dcyd_node` WHERE ( pid=10255 )  [ RunTime:0.000000s ]
SQL: SELECT `id`,title as text,`pid` FROM `dcyd_node` WHERE ( pid=10256 )  [ RunTime:0.000000s ]
SQL: SELECT `id`,title as text,`pid` FROM `dcyd_node` WHERE ( pid=10257 )  [ RunTime:0.000000s ]
SQL: SELECT `id`,title as text,`pid` FROM `dcyd_node` WHERE ( pid=10258 )  [ RunTime:0.000000s ]
SQL: SELECT `id`,title as text,`pid` FROM `dcyd_node` WHERE ( pid=10248 )  [ RunTime:0.001000s ]
SQL: SELECT `id`,title as text,`pid` FROM `dcyd_node` WHERE ( pid=10249 )  [ RunTime:0.000000s ]
SQL: SELECT `id`,title as text,`pid` FROM `dcyd_node` WHERE ( pid=10250 )  [ RunTime:0.001000s ]
SQL: SELECT `id`,title as text,`pid` FROM `dcyd_node` WHERE ( pid=10251 )  [ RunTime:0.001000s ]
SQL: SELECT `id`,title as text,`pid` FROM `dcyd_node` WHERE ( pid=10259 )  [ RunTime:0.001000s ]
SQL: SELECT `id`,title as text,`pid` FROM `dcyd_node` WHERE ( pid=10260 )  [ RunTime:0.001000s ]
SQL: SELECT `id`,title as text,`pid` FROM `dcyd_node` WHERE ( pid=10263 )  [ RunTime:0.001000s ]
SQL: SELECT `id`,title as text,`pid` FROM `dcyd_node` WHERE ( pid=10264 )  [ RunTime:0.000000s ]
SQL: SELECT `id`,title as text,`pid` FROM `dcyd_node` WHERE ( pid=10265 )  [ RunTime:0.001000s ]
SQL: SELECT `id`,title as text,`pid` FROM `dcyd_node` WHERE ( pid=10266 )  [ RunTime:0.001000s ]
SQL: SELECT `id`,title as text,`pid` FROM `dcyd_node` WHERE ( pid=10267 )  [ RunTime:0.001000s ]
SQL: SELECT `id`,title as text,`pid` FROM `dcyd_node` WHERE ( pid=10268 )  [ RunTime:0.001000s ]
SQL: SELECT `id`,title as text,`pid` FROM `dcyd_node` WHERE ( pid=10269 )  [ RunTime:0.000000s ]
SQL: SELECT `id`,title as text,`pid` FROM `dcyd_node` WHERE ( pid=10270 )  [ RunTime:0.001000s ]
SQL: SELECT `id`,title as text,`pid` FROM `dcyd_node` WHERE ( pid=10271 )  [ RunTime:0.001000s ]
SQL: SELECT `id`,title as text,`pid` FROM `dcyd_node` WHERE ( pid=10272 )  [ RunTime:0.000000s ]
SQL: SELECT `id`,title as text,`pid` FROM `dcyd_node` WHERE ( pid=10273 )  [ RunTime:0.001000s ]
SQL: SELECT `id`,title as text,`pid` FROM `dcyd_node` WHERE ( pid=10274 )  [ RunTime:0.000000s ]
SQL: SELECT `id`,title as text,`pid` FROM `dcyd_node` WHERE ( pid=10275 )  [ RunTime:0.001000s ]
SQL: SELECT `id`,title as text,`pid` FROM `dcyd_node` WHERE ( pid=10276 )  [ RunTime:0.000000s ]
SQL: SELECT `id`,title as text,`pid` FROM `dcyd_node` WHERE ( pid=10277 )  [ RunTime:0.001000s ]
SQL: SELECT `id`,title as text,`pid` FROM `dcyd_node` WHERE ( pid=10278 )  [ RunTime:0.001001s ]
SQL: SELECT `id`,title as text,`pid` FROM `dcyd_node` WHERE ( pid=10279 )  [ RunTime:0.000000s ]

[ 2017-01-09T13:48:31+08:00 ] 127.0.0.1 /Manerger/index.php/Power/index
INFO: [ route_check ] --START--
INFO: CheckRoute Behavior ::run [ RunTime:0.007001s ]
INFO: [ route_check ] --END-- [ RunTime:0.008001s ]
INFO: [ app_begin ] --START--
INFO: ReadHtmlCache Behavior ::run [ RunTime:0.007001s ]
INFO: [ app_begin ] --END-- [ RunTime:0.012001s ]
NOTIC: [8] Undefined index: expire D:\phpstudy\WWW\dcyd\ThinkPHP\Common\functions.php 第 549 行.
NOTIC: [8] Constant THEME_NAME already defined D:\phpstudy\WWW\dcyd\ThinkPHP\Lib\Core\View.class.php 第 223 行.
NOTIC: [8] Constant THEME_PATH already defined D:\phpstudy\WWW\dcyd\ThinkPHP\Lib\Core\View.class.php 第 174 行.
NOTIC: [8] Constant APP_TMPL_PATH already defined D:\phpstudy\WWW\dcyd\ThinkPHP\Lib\Core\View.class.php 第 175 行.
INFO: [ view_parse ] --START--
INFO: ParseTemplate Behavior ::run [ RunTime:0.038002s ]
INFO: [ view_parse ] --END-- [ RunTime:0.039002s ]
INFO: [ view_filter ] --START--
INFO: ContentReplace Behavior ::run [ RunTime:0.001000s ]
INFO: TokenBuild Behavior ::run [ RunTime:0.001000s ]
INFO: WriteHtmlCache Behavior ::run [ RunTime:0.001000s ]
INFO: ShowRuntime Behavior ::run [ RunTime:0.004000s ]
INFO: [ view_filter ] --END-- [ RunTime:0.011001s ]
INFO: [ view_end ] --START--
INFO: ShowPageTrace Behavior ::run [ RunTime:0.002000s ]
INFO: [ view_end ] --END-- [ RunTime:0.003000s ]

[ 2017-01-09T13:48:31+08:00 ] 127.0.0.1 /Manerger/index.php?m=Role&a=rolelist
INFO: [ app_begin ] --START--
INFO: ReadHtmlCache Behavior ::run [ RunTime:0.003000s ]
INFO: [ app_begin ] --END-- [ RunTime:0.004000s ]
NOTIC: [8] Undefined index: expire D:\phpstudy\WWW\dcyd\ThinkPHP\Common\functions.php 第 549 行.
SQL: SHOW COLUMNS FROM `dcyd_role` [ RunTime:0.007000s ]
NOTIC: [8] Undefined variable: map D:\phpstudy\WWW\dcyd\Manage\Lib\Action\RoleAction.class.php 第 20 行.
SQL: SELECT `id`,`name`,`powername`,`power`,`description`,`ctime` FROM `dcyd_role` LIMIT 0,20   [ RunTime:0.001000s ]
NOTIC: [8] Undefined variable: map D:\phpstudy\WWW\dcyd\Manage\Lib\Action\RoleAction.class.php 第 22 行.
SQL: SELECT COUNT(*) AS tp_count FROM `dcyd_role` LIMIT 1   [ RunTime:0.001000s ]

[ 2017-01-09T13:48:32+08:00 ] 127.0.0.1 /Manerger/index.php?m=Power&a=powerlist
INFO: [ app_begin ] --START--
INFO: ReadHtmlCache Behavior ::run [ RunTime:0.002000s ]
INFO: [ app_begin ] --END-- [ RunTime:0.004000s ]
NOTIC: [8] Undefined index: expire D:\phpstudy\WWW\dcyd\ThinkPHP\Common\functions.php 第 549 行.
SQL: SHOW COLUMNS FROM `dcyd_node` [ RunTime:0.004000s ]
SQL: SELECT `id`,`pid`,`name`,`title`,`status`,`path`,`ctime` FROM `dcyd_node` WHERE ( `pid` = 0 ) LIMIT 0,20   [ RunTime:0.000000s ]
SQL: SELECT COUNT(*) AS tp_count FROM `dcyd_node` WHERE ( `pid` = 0 ) LIMIT 1   [ RunTime:0.000000s ]
SQL: SELECT COUNT(*) AS tp_count FROM `dcyd_node` WHERE ( `pid` = 10109 ) LIMIT 1   [ RunTime:0.001000s ]
SQL: SELECT COUNT(*) AS tp_count FROM `dcyd_node` WHERE ( `pid` = 10231 ) LIMIT 1   [ RunTime:0.000000s ]
SQL: SELECT COUNT(*) AS tp_count FROM `dcyd_node` WHERE ( `pid` = 10254 ) LIMIT 1   [ RunTime:0.000000s ]
SQL: SELECT COUNT(*) AS tp_count FROM `dcyd_node` WHERE ( `pid` = 10248 ) LIMIT 1   [ RunTime:0.001000s ]
SQL: SELECT COUNT(*) AS tp_count FROM `dcyd_node` WHERE ( `pid` = 10259 ) LIMIT 1   [ RunTime:0.001000s ]
SQL: SELECT COUNT(*) AS tp_count FROM `dcyd_node` WHERE ( `pid` = 10263 ) LIMIT 1   [ RunTime:0.000000s ]
SQL: SELECT COUNT(*) AS tp_count FROM `dcyd_node` WHERE ( `pid` = 10265 ) LIMIT 1   [ RunTime:0.000000s ]
SQL: SELECT COUNT(*) AS tp_count FROM `dcyd_node` WHERE ( `pid` = 10278 ) LIMIT 1   [ RunTime:0.000000s ]

[ 2017-01-09T13:48:35+08:00 ] 127.0.0.1 /Manerger/index.php?m=Power&a=powerlist
INFO: [ app_begin ] --START--
INFO: ReadHtmlCache Behavior ::run [ RunTime:0.002000s ]
INFO: [ app_begin ] --END-- [ RunTime:0.004000s ]
NOTIC: [8] Undefined index: expire D:\phpstudy\WWW\dcyd\ThinkPHP\Common\functions.php 第 549 行.
SQL: SHOW COLUMNS FROM `dcyd_node` [ RunTime:0.005000s ]
SQL: SELECT `id`,`pid`,`name`,`title`,`status`,`path`,`ctime` FROM `dcyd_node` WHERE ( `pid` = 10278 ) LIMIT 0,20   [ RunTime:0.001000s ]
SQL: SELECT COUNT(*) AS tp_count FROM `dcyd_node` WHERE ( `pid` = 10278 ) LIMIT 1   [ RunTime:0.001000s ]
SQL: SELECT COUNT(*) AS tp_count FROM `dcyd_node` WHERE ( `pid` = 10279 ) LIMIT 1   [ RunTime:0.000000s ]

[ 2017-01-09T13:57:34+08:00 ] 127.0.0.1 /Manerger/index.php/Article/index
INFO: [ route_check ] --START--
INFO: CheckRoute Behavior ::run [ RunTime:0.002000s ]
INFO: [ route_check ] --END-- [ RunTime:0.002000s ]
INFO: [ app_begin ] --START--
INFO: ReadHtmlCache Behavior ::run [ RunTime:0.002001s ]
INFO: [ app_begin ] --END-- [ RunTime:0.002001s ]
NOTIC: [8] Undefined index: expire D:\phpstudy\WWW\dcyd\ThinkPHP\Common\functions.php 第 549 行.
NOTIC: [2048] Declaration of ArticleAction::show() should be compatible with that of Action::show() D:\phpstudy\WWW\dcyd\Manage\Lib\Action\ArticleAction.class.php 第 137 行.
INFO: [ view_parse ] --START--
INFO: ParseTemplate Behavior ::run [ RunTime:0.024001s ]
INFO: [ view_parse ] --END-- [ RunTime:0.026001s ]
INFO: [ view_filter ] --START--
INFO: ContentReplace Behavior ::run [ RunTime:0.001001s ]
INFO: TokenBuild Behavior ::run [ RunTime:0.002000s ]
INFO: WriteHtmlCache Behavior ::run [ RunTime:0.001000s ]
INFO: ShowRuntime Behavior ::run [ RunTime:0.003000s ]
INFO: [ view_filter ] --END-- [ RunTime:0.010001s ]
INFO: [ view_end ] --START--
INFO: ShowPageTrace Behavior ::run [ RunTime:0.003000s ]
INFO: [ view_end ] --END-- [ RunTime:0.003000s ]

[ 2017-01-09T13:57:35+08:00 ] 127.0.0.1 /Manerger/index.php?m=Article&a=articlelist
INFO: [ app_begin ] --START--
INFO: ReadHtmlCache Behavior ::run [ RunTime:0.003000s ]
INFO: [ app_begin ] --END-- [ RunTime:0.003000s ]
NOTIC: [8] Undefined index: expire D:\phpstudy\WWW\dcyd\ThinkPHP\Common\functions.php 第 549 行.
NOTIC: [2048] Declaration of ArticleAction::show() should be compatible with that of Action::show() D:\phpstudy\WWW\dcyd\Manage\Lib\Action\ArticleAction.class.php 第 137 行.
NOTIC: [8] Undefined index: id D:\phpstudy\WWW\dcyd\Manage\Lib\Action\ArticleAction.class.php 第 17 行.
NOTIC: [8] Undefined index: title D:\phpstudy\WWW\dcyd\Manage\Lib\Action\ArticleAction.class.php 第 18 行.
NOTIC: [8] Undefined index: content D:\phpstudy\WWW\dcyd\Manage\Lib\Action\ArticleAction.class.php 第 19 行.
NOTIC: [8] Undefined index: describe D:\phpstudy\WWW\dcyd\Manage\Lib\Action\ArticleAction.class.php 第 20 行.
NOTIC: [8] Undefined index: keywords D:\phpstudy\WWW\dcyd\Manage\Lib\Action\ArticleAction.class.php 第 21 行.
NOTIC: [8] Undefined index: auth D:\phpstudy\WWW\dcyd\Manage\Lib\Action\ArticleAction.class.php 第 22 行.
NOTIC: [8] Undefined index: status D:\phpstudy\WWW\dcyd\Manage\Lib\Action\ArticleAction.class.php 第 23 行.
NOTIC: [8] Undefined index: lanmu D:\phpstudy\WWW\dcyd\Manage\Lib\Action\ArticleAction.class.php 第 24 行.
SQL: SHOW COLUMNS FROM `dcyd_article` [ RunTime:0.006000s ]
NOTIC: [8] Undefined variable: map D:\phpstudy\WWW\dcyd\Manage\Lib\Action\ArticleAction.class.php 第 27 行.
SQL: SELECT `id`,`title`,`keywords`,`lanmu`,`laiyuan`,`content`,`auth`,`describe`,`time`,`status` FROM `dcyd_article` LIMIT 0,20   [ RunTime:0.000000s ]
NOTIC: [8] Undefined variable: map D:\phpstudy\WWW\dcyd\Manage\Lib\Action\ArticleAction.class.php 第 28 行.
SQL: SELECT COUNT(*) AS tp_count FROM `dcyd_article` LIMIT 1   [ RunTime:0.001000s ]
NOTIC: [2] date() expects parameter 2 to be long, string given D:\phpstudy\WWW\dcyd\Manage\Lib\Action\ArticleAction.class.php 第 31 行.

[ 2017-01-09T13:57:43+08:00 ] 127.0.0.1 /Manerger/index.php/Article/index
INFO: [ route_check ] --START--
INFO: CheckRoute Behavior ::run [ RunTime:0.002000s ]
INFO: [ route_check ] --END-- [ RunTime:0.003000s ]
INFO: [ app_begin ] --START--
INFO: ReadHtmlCache Behavior ::run [ RunTime:0.002000s ]
INFO: [ app_begin ] --END-- [ RunTime:0.003000s ]
NOTIC: [8] Undefined index: expire D:\phpstudy\WWW\dcyd\ThinkPHP\Common\functions.php 第 549 行.
NOTIC: [2048] Declaration of ArticleAction::show() should be compatible with that of Action::show() D:\phpstudy\WWW\dcyd\Manage\Lib\Action\ArticleAction.class.php 第 137 行.
INFO: [ view_parse ] --START--
INFO: ParseTemplate Behavior ::run [ RunTime:0.026002s ]
INFO: [ view_parse ] --END-- [ RunTime:0.028002s ]
INFO: [ view_filter ] --START--
INFO: ContentReplace Behavior ::run [ RunTime:0.002000s ]
INFO: TokenBuild Behavior ::run [ RunTime:0.002000s ]
INFO: WriteHtmlCache Behavior ::run [ RunTime:0.001000s ]
INFO: ShowRuntime Behavior ::run [ RunTime:0.002000s ]
INFO: [ view_filter ] --END-- [ RunTime:0.008000s ]
INFO: [ view_end ] --START--
INFO: ShowPageTrace Behavior ::run [ RunTime:0.003001s ]
INFO: [ view_end ] --END-- [ RunTime:0.005001s ]

[ 2017-01-09T13:57:44+08:00 ] 127.0.0.1 /Manerger/index.php?m=Article&a=articlelist
INFO: [ app_begin ] --START--
INFO: ReadHtmlCache Behavior ::run [ RunTime:0.003000s ]
INFO: [ app_begin ] --END-- [ RunTime:0.003000s ]
NOTIC: [8] Undefined index: expire D:\phpstudy\WWW\dcyd\ThinkPHP\Common\functions.php 第 549 行.
NOTIC: [2048] Declaration of ArticleAction::show() should be compatible with that of Action::show() D:\phpstudy\WWW\dcyd\Manage\Lib\Action\ArticleAction.class.php 第 137 行.
NOTIC: [8] Undefined index: id D:\phpstudy\WWW\dcyd\Manage\Lib\Action\ArticleAction.class.php 第 17 行.
NOTIC: [8] Undefined index: title D:\phpstudy\WWW\dcyd\Manage\Lib\Action\ArticleAction.class.php 第 18 行.
NOTIC: [8] Undefined index: content D:\phpstudy\WWW\dcyd\Manage\Lib\Action\ArticleAction.class.php 第 19 行.
NOTIC: [8] Undefined index: describe D:\phpstudy\WWW\dcyd\Manage\Lib\Action\ArticleAction.class.php 第 20 行.
NOTIC: [8] Undefined index: keywords D:\phpstudy\WWW\dcyd\Manage\Lib\Action\ArticleAction.class.php 第 21 行.
NOTIC: [8] Undefined index: auth D:\phpstudy\WWW\dcyd\Manage\Lib\Action\ArticleAction.class.php 第 22 行.
NOTIC: [8] Undefined index: status D:\phpstudy\WWW\dcyd\Manage\Lib\Action\ArticleAction.class.php 第 23 行.
NOTIC: [8] Undefined index: lanmu D:\phpstudy\WWW\dcyd\Manage\Lib\Action\ArticleAction.class.php 第 24 行.
SQL: SHOW COLUMNS FROM `dcyd_article` [ RunTime:0.006001s ]
NOTIC: [8] Undefined variable: map D:\phpstudy\WWW\dcyd\Manage\Lib\Action\ArticleAction.class.php 第 27 行.
SQL: SELECT `id`,`title`,`keywords`,`lanmu`,`laiyuan`,`content`,`auth`,`describe`,`time`,`status` FROM `dcyd_article` LIMIT 0,20   [ RunTime:0.001000s ]
NOTIC: [8] Undefined variable: map D:\phpstudy\WWW\dcyd\Manage\Lib\Action\ArticleAction.class.php 第 28 行.
SQL: SELECT COUNT(*) AS tp_count FROM `dcyd_article` LIMIT 1   [ RunTime:0.000000s ]
NOTIC: [2] date() expects parameter 2 to be long, string given D:\phpstudy\WWW\dcyd\Manage\Lib\Action\ArticleAction.class.php 第 31 行.

[ 2017-01-09T13:58:27+08:00 ] 127.0.0.1 /Manerger/index.php/Article/index
INFO: [ route_check ] --START--
INFO: CheckRoute Behavior ::run [ RunTime:0.002000s ]
INFO: [ route_check ] --END-- [ RunTime:0.004000s ]
INFO: [ app_begin ] --START--
INFO: ReadHtmlCache Behavior ::run [ RunTime:0.002000s ]
INFO: [ app_begin ] --END-- [ RunTime:0.003000s ]
NOTIC: [8] Undefined index: expire D:\phpstudy\WWW\dcyd\ThinkPHP\Common\functions.php 第 549 行.
NOTIC: [2048] Declaration of ArticleAction::show() should be compatible with that of Action::show() D:\phpstudy\WWW\dcyd\Manage\Lib\Action\ArticleAction.class.php 第 137 行.
INFO: [ view_parse ] --START--
INFO: ParseTemplate Behavior ::run [ RunTime:0.028001s ]
INFO: [ view_parse ] --END-- [ RunTime:0.028001s ]
INFO: [ view_filter ] --START--
INFO: ContentReplace Behavior ::run [ RunTime:0.001000s ]
INFO: TokenBuild Behavior ::run [ RunTime:0.002000s ]
INFO: WriteHtmlCache Behavior ::run [ RunTime:0.002000s ]
INFO: ShowRuntime Behavior ::run [ RunTime:0.004000s ]
INFO: [ view_filter ] --END-- [ RunTime:0.011000s ]
INFO: [ view_end ] --START--
INFO: ShowPageTrace Behavior ::run [ RunTime:0.004001s ]
INFO: [ view_end ] --END-- [ RunTime:0.005001s ]

[ 2017-01-09T13:58:27+08:00 ] 127.0.0.1 /Manerger/index.php?m=Article&a=articlelist
INFO: [ app_begin ] --START--
INFO: ReadHtmlCache Behavior ::run [ RunTime:0.004001s ]
INFO: [ app_begin ] --END-- [ RunTime:0.004001s ]
NOTIC: [8] Undefined index: expire D:\phpstudy\WWW\dcyd\ThinkPHP\Common\functions.php 第 549 行.
NOTIC: [2048] Declaration of ArticleAction::show() should be compatible with that of Action::show() D:\phpstudy\WWW\dcyd\Manage\Lib\Action\ArticleAction.class.php 第 137 行.
NOTIC: [8] Undefined index: id D:\phpstudy\WWW\dcyd\Manage\Lib\Action\ArticleAction.class.php 第 17 行.
NOTIC: [8] Undefined index: title D:\phpstudy\WWW\dcyd\Manage\Lib\Action\ArticleAction.class.php 第 18 行.
NOTIC: [8] Undefined index: content D:\phpstudy\WWW\dcyd\Manage\Lib\Action\ArticleAction.class.php 第 19 行.
NOTIC: [8] Undefined index: describe D:\phpstudy\WWW\dcyd\Manage\Lib\Action\ArticleAction.class.php 第 20 行.
NOTIC: [8] Undefined index: keywords D:\phpstudy\WWW\dcyd\Manage\Lib\Action\ArticleAction.class.php 第 21 行.
NOTIC: [8] Undefined index: auth D:\phpstudy\WWW\dcyd\Manage\Lib\Action\ArticleAction.class.php 第 22 行.
NOTIC: [8] Undefined index: status D:\phpstudy\WWW\dcyd\Manage\Lib\Action\ArticleAction.class.php 第 23 行.
NOTIC: [8] Undefined index: lanmu D:\phpstudy\WWW\dcyd\Manage\Lib\Action\ArticleAction.class.php 第 24 行.
SQL: SHOW COLUMNS FROM `dcyd_article` [ RunTime:0.005001s ]
NOTIC: [8] Undefined variable: map D:\phpstudy\WWW\dcyd\Manage\Lib\Action\ArticleAction.class.php 第 27 行.
SQL: SELECT `id`,`title`,`keywords`,`lanmu`,`laiyuan`,`content`,`auth`,`describe`,`time`,`status` FROM `dcyd_article` LIMIT 0,20   [ RunTime:0.000000s ]
NOTIC: [8] Undefined variable: map D:\phpstudy\WWW\dcyd\Manage\Lib\Action\ArticleAction.class.php 第 28 行.
SQL: SELECT COUNT(*) AS tp_count FROM `dcyd_article` LIMIT 1   [ RunTime:0.000000s ]
NOTIC: [2] date() expects parameter 2 to be long, string given D:\phpstudy\WWW\dcyd\Manage\Lib\Action\ArticleAction.class.php 第 31 行.

[ 2017-01-09T13:58:52+08:00 ] 127.0.0.1 /Manerger/index.php/Article/index
INFO: [ route_check ] --START--
INFO: CheckRoute Behavior ::run [ RunTime:0.001000s ]
INFO: [ route_check ] --END-- [ RunTime:0.003000s ]
INFO: [ app_begin ] --START--
INFO: ReadHtmlCache Behavior ::run [ RunTime:0.002000s ]
INFO: [ app_begin ] --END-- [ RunTime:0.002000s ]
NOTIC: [8] Undefined index: expire D:\phpstudy\WWW\dcyd\ThinkPHP\Common\functions.php 第 549 行.
NOTIC: [2048] Declaration of ArticleAction::show() should be compatible with that of Action::show() D:\phpstudy\WWW\dcyd\Manage\Lib\Action\ArticleAction.class.php 第 137 行.
INFO: [ view_parse ] --START--
INFO: ParseTemplate Behavior ::run [ RunTime:0.029001s ]
INFO: [ view_parse ] --END-- [ RunTime:0.030001s ]
INFO: [ view_filter ] --START--
INFO: ContentReplace Behavior ::run [ RunTime:0.002000s ]
INFO: TokenBuild Behavior ::run [ RunTime:0.001001s ]
INFO: WriteHtmlCache Behavior ::run [ RunTime:0.001000s ]
INFO: ShowRuntime Behavior ::run [ RunTime:0.002000s ]
INFO: [ view_filter ] --END-- [ RunTime:0.009001s ]
INFO: [ view_end ] --START--
INFO: ShowPageTrace Behavior ::run [ RunTime:0.003000s ]
INFO: [ view_end ] --END-- [ RunTime:0.004000s ]

[ 2017-01-09T13:58:53+08:00 ] 127.0.0.1 /Manerger/index.php?m=Article&a=articlelist
INFO: [ app_begin ] --START--
INFO: ReadHtmlCache Behavior ::run [ RunTime:0.002000s ]
INFO: [ app_begin ] --END-- [ RunTime:0.003000s ]
NOTIC: [8] Undefined index: expire D:\phpstudy\WWW\dcyd\ThinkPHP\Common\functions.php 第 549 行.
NOTIC: [2048] Declaration of ArticleAction::show() should be compatible with that of Action::show() D:\phpstudy\WWW\dcyd\Manage\Lib\Action\ArticleAction.class.php 第 137 行.
NOTIC: [8] Undefined index: id D:\phpstudy\WWW\dcyd\Manage\Lib\Action\ArticleAction.class.php 第 17 行.
NOTIC: [8] Undefined index: title D:\phpstudy\WWW\dcyd\Manage\Lib\Action\ArticleAction.class.php 第 18 行.
NOTIC: [8] Undefined index: content D:\phpstudy\WWW\dcyd\Manage\Lib\Action\ArticleAction.class.php 第 19 行.
NOTIC: [8] Undefined index: describe D:\phpstudy\WWW\dcyd\Manage\Lib\Action\ArticleAction.class.php 第 20 行.
NOTIC: [8] Undefined index: keywords D:\phpstudy\WWW\dcyd\Manage\Lib\Action\ArticleAction.class.php 第 21 行.
NOTIC: [8] Undefined index: auth D:\phpstudy\WWW\dcyd\Manage\Lib\Action\ArticleAction.class.php 第 22 行.
NOTIC: [8] Undefined index: status D:\phpstudy\WWW\dcyd\Manage\Lib\Action\ArticleAction.class.php 第 23 行.
NOTIC: [8] Undefined index: lanmu D:\phpstudy\WWW\dcyd\Manage\Lib\Action\ArticleAction.class.php 第 24 行.
SQL: SHOW COLUMNS FROM `dcyd_article` [ RunTime:0.007000s ]
NOTIC: [8] Undefined variable: map D:\phpstudy\WWW\dcyd\Manage\Lib\Action\ArticleAction.class.php 第 27 行.
SQL: SELECT `id`,`title`,`keywords`,`lanmu`,`laiyuan`,`content`,`auth`,`describe`,`time`,`status` FROM `dcyd_article` LIMIT 0,20   [ RunTime:0.001000s ]
NOTIC: [8] Undefined variable: map D:\phpstudy\WWW\dcyd\Manage\Lib\Action\ArticleAction.class.php 第 28 行.
SQL: SELECT COUNT(*) AS tp_count FROM `dcyd_article` LIMIT 1   [ RunTime:0.000000s ]
NOTIC: [2] date() expects parameter 2 to be long, string given D:\phpstudy\WWW\dcyd\Manage\Lib\Action\ArticleAction.class.php 第 31 行.

