[ 2017-02-25T18:19:04+08:00 ] 127.0.0.1 /manerger/
INFO: [ app_begin ] --START--
INFO: ReadHtmlCache Behavior ::run [ RunTime:0.002000s ]
INFO: [ app_begin ] --END-- [ RunTime:0.003001s ]
NOTIC: [8] Undefined index: expire D:\phpstudy\WWW\dcyd\ThinkPHP\Common\functions.php 第 549 行.
NOTIC: [8] Undefined index: admin D:\phpstudy\WWW\dcyd\Manage\Lib\Action\IndexAction.class.php 第 5 行.
INFO: [ view_parse ] --START--
NOTIC: [8] Undefined index: admin D:\phpstudy\WWW\dcyd\Manage\Runtime\Cache\6eb21b90e50e413ebd495101e2f3fb87.php 第 27 行.
INFO: ParseTemplate Behavior ::run [ RunTime:0.045003s ]
INFO: [ view_parse ] --END-- [ RunTime:0.047003s ]
INFO: [ view_filter ] --START--
INFO: ContentReplace Behavior ::run [ RunTime:0.002000s ]
INFO: TokenBuild Behavior ::run [ RunTime:0.002000s ]
INFO: WriteHtmlCache Behavior ::run [ RunTime:0.001000s ]
INFO: ShowRuntime Behavior ::run [ RunTime:0.003000s ]
INFO: [ view_filter ] --END-- [ RunTime:0.009001s ]
INFO: [ view_end ] --START--
INFO: ShowPageTrace Behavior ::run [ RunTime:0.002000s ]
INFO: [ view_end ] --END-- [ RunTime:0.002000s ]

[ 2017-02-25T18:19:04+08:00 ] 127.0.0.1 /Manerger/index.php/Public/login.html
INFO: [ route_check ] --START--
INFO: CheckRoute Behavior ::run [ RunTime:0.001000s ]
INFO: [ route_check ] --END-- [ RunTime:0.003000s ]
INFO: [ app_begin ] --START--
INFO: ReadHtmlCache Behavior ::run [ RunTime:0.002000s ]
INFO: [ app_begin ] --END-- [ RunTime:0.002000s ]
NOTIC: [8] Undefined index: expire D:\phpstudy\WWW\dcyd\ThinkPHP\Common\functions.php 第 549 行.
INFO: [ view_parse ] --START--
INFO: ParseTemplate Behavior ::run [ RunTime:0.019001s ]
INFO: [ view_parse ] --END-- [ RunTime:0.020001s ]
INFO: [ view_filter ] --START--
INFO: ContentReplace Behavior ::run [ RunTime:0.001000s ]
INFO: TokenBuild Behavior ::run [ RunTime:0.001000s ]
INFO: WriteHtmlCache Behavior ::run [ RunTime:0.001000s ]
INFO: ShowRuntime Behavior ::run [ RunTime:0.002000s ]
INFO: [ view_filter ] --END-- [ RunTime:0.008000s ]
INFO: [ view_end ] --START--
INFO: ShowPageTrace Behavior ::run [ RunTime:0.002001s ]
INFO: [ view_end ] --END-- [ RunTime:0.003001s ]

[ 2017-02-25T18:19:10+08:00 ] 127.0.0.1 /Manerger/index.php/Public/checklogin
INFO: [ route_check ] --START--
INFO: CheckRoute Behavior ::run [ RunTime:0.002000s ]
INFO: [ route_check ] --END-- [ RunTime:0.003000s ]
INFO: [ app_begin ] --START--
INFO: ReadHtmlCache Behavior ::run [ RunTime:0.002000s ]
INFO: [ app_begin ] --END-- [ RunTime:0.002000s ]
NOTIC: [8] Undefined index: expire D:\phpstudy\WWW\dcyd\ThinkPHP\Common\functions.php 第 549 行.
SQL: SHOW COLUMNS FROM `dcyd_admin` [ RunTime:0.008001s ]
NOTIC: 建议使用I方法替代_post
NOTIC: 建议使用I方法替代_post
SQL: SELECT `id`,`rid`,`username` FROM `dcyd_admin` WHERE ( `username` = 'admin' ) AND ( `password` = '8b88e6b7e854b04cb74e' ) LIMIT 1   [ RunTime:0.000000s ]
SQL: SHOW COLUMNS FROM `dcyd_role` [ RunTime:0.010001s ]
SQL: SELECT `powers` FROM `dcyd_role` WHERE ( id=1 ) LIMIT 1   [ RunTime:0.002000s ]
SQL: SHOW COLUMNS FROM `dcyd_node` [ RunTime:0.008001s ]
SQL: SELECT `name` FROM `dcyd_node` WHERE ( pid>0 )  [ RunTime:0.001000s ]
SQL: UPDATE `dcyd_admin` SET `last_time`=1488017950,`last_ip`=127 WHERE ( id=1 ) [ RunTime:0.001000s ]
NOTIC: [8] Undefined variable: var D:\phpstudy\WWW\dcyd\ThinkPHP\Common\functions.php 第 247 行.
NOTIC: [2] array_reverse() expects parameter 1 to be array, null given D:\phpstudy\WWW\dcyd\ThinkPHP\Common\functions.php 第 247 行.
NOTIC: [2] http_build_query() [<a href='function.http-build-query'>function.http-build-query</a>]: Parameter 1 expected to be Array or Object.  Incorrect value given D:\phpstudy\WWW\dcyd\ThinkPHP\Common\functions.php 第 247 行.

[ 2017-02-25T18:19:11+08:00 ] 127.0.0.1 /Manerger/index.php?
INFO: [ app_begin ] --START--
INFO: ReadHtmlCache Behavior ::run [ RunTime:0.001000s ]
INFO: [ app_begin ] --END-- [ RunTime:0.002000s ]
NOTIC: [8] Undefined index: expire D:\phpstudy\WWW\dcyd\ThinkPHP\Common\functions.php 第 549 行.
INFO: [ view_parse ] --START--
INFO: ParseTemplate Behavior ::run [ RunTime:0.035002s ]
INFO: [ view_parse ] --END-- [ RunTime:0.036002s ]
INFO: [ view_filter ] --START--
INFO: ContentReplace Behavior ::run [ RunTime:0.001000s ]
INFO: TokenBuild Behavior ::run [ RunTime:0.001000s ]
INFO: WriteHtmlCache Behavior ::run [ RunTime:0.001000s ]
INFO: ShowRuntime Behavior ::run [ RunTime:0.002000s ]
INFO: [ view_filter ] --END-- [ RunTime:0.008001s ]
INFO: [ view_end ] --START--
INFO: ShowPageTrace Behavior ::run [ RunTime:0.002000s ]
INFO: [ view_end ] --END-- [ RunTime:0.004000s ]

[ 2017-02-25T18:19:15+08:00 ] 127.0.0.1 /Manerger/index.php/Content/boss
INFO: [ route_check ] --START--
INFO: CheckRoute Behavior ::run [ RunTime:0.002001s ]
INFO: [ route_check ] --END-- [ RunTime:0.002001s ]
INFO: [ app_begin ] --START--
INFO: ReadHtmlCache Behavior ::run [ RunTime:0.002000s ]
INFO: [ app_begin ] --END-- [ RunTime:0.003000s ]
NOTIC: [8] Undefined index: expire D:\phpstudy\WWW\dcyd\ThinkPHP\Common\functions.php 第 549 行.
INFO: [ view_parse ] --START--
INFO: ParseTemplate Behavior ::run [ RunTime:0.030002s ]
INFO: [ view_parse ] --END-- [ RunTime:0.030002s ]
INFO: [ view_filter ] --START--
INFO: ContentReplace Behavior ::run [ RunTime:0.002000s ]
INFO: TokenBuild Behavior ::run [ RunTime:0.002000s ]
INFO: WriteHtmlCache Behavior ::run [ RunTime:0.001001s ]
INFO: ShowRuntime Behavior ::run [ RunTime:0.002000s ]
INFO: [ view_filter ] --END-- [ RunTime:0.008001s ]
INFO: [ view_end ] --START--
INFO: ShowPageTrace Behavior ::run [ RunTime:0.002000s ]
INFO: [ view_end ] --END-- [ RunTime:0.003000s ]

[ 2017-02-25T18:19:16+08:00 ] 127.0.0.1 /Manerger/index.php?m=Content&a=bosslist
INFO: [ app_begin ] --START--
INFO: ReadHtmlCache Behavior ::run [ RunTime:0.002000s ]
INFO: [ app_begin ] --END-- [ RunTime:0.003000s ]
NOTIC: [8] Undefined index: expire D:\phpstudy\WWW\dcyd\ThinkPHP\Common\functions.php 第 549 行.
NOTIC: [8] Undefined index: id D:\phpstudy\WWW\dcyd\Manage\Lib\Action\ContentAction.class.php 第 16 行.
NOTIC: [8] Undefined index: title D:\phpstudy\WWW\dcyd\Manage\Lib\Action\ContentAction.class.php 第 17 行.
NOTIC: [8] Undefined index: content D:\phpstudy\WWW\dcyd\Manage\Lib\Action\ContentAction.class.php 第 18 行.
NOTIC: [8] Undefined index: img D:\phpstudy\WWW\dcyd\Manage\Lib\Action\ContentAction.class.php 第 19 行.
SQL: SHOW COLUMNS FROM `dcyd_boss` [ RunTime:0.011000s ]
NOTIC: [8] Undefined variable: map D:\phpstudy\WWW\dcyd\Manage\Lib\Action\ContentAction.class.php 第 22 行.
SQL: SELECT `id`,`title`,`content`,`img`,`url`,`view` FROM `dcyd_boss` LIMIT 0,20   [ RunTime:0.002000s ]
NOTIC: [8] Undefined variable: map D:\phpstudy\WWW\dcyd\Manage\Lib\Action\ContentAction.class.php 第 23 行.
SQL: SELECT COUNT(*) AS tp_count FROM `dcyd_boss` LIMIT 1   [ RunTime:0.001000s ]

[ 2017-02-25T18:19:38+08:00 ] 127.0.0.1 /Manerger/index.php/Content/upimg
INFO: [ route_check ] --START--
INFO: CheckRoute Behavior ::run [ RunTime:0.002001s ]
INFO: [ route_check ] --END-- [ RunTime:0.002001s ]
INFO: [ app_begin ] --START--
INFO: ReadHtmlCache Behavior ::run [ RunTime:0.002000s ]
INFO: [ app_begin ] --END-- [ RunTime:0.003000s ]
NOTIC: [8] Undefined index: expire D:\phpstudy\WWW\dcyd\ThinkPHP\Common\functions.php 第 549 行.
NOTIC: 建议使用I方法替代_post
SQL: SHOW COLUMNS FROM `dcyd_boss` [ RunTime:0.009000s ]
SQL: SELECT `id`,`img` FROM `dcyd_boss` WHERE ( id=33 ) LIMIT 1   [ RunTime:0.000000s ]

[ 2017-02-25T18:23:40+08:00 ] 127.0.0.1 /Manerger/index.php?m=Content&a=imgsave&id=33
INFO: [ app_begin ] --START--
INFO: ReadHtmlCache Behavior ::run [ RunTime:0.002000s ]
INFO: [ app_begin ] --END-- [ RunTime:0.003000s ]
NOTIC: [8] Undefined index: expire D:\phpstudy\WWW\dcyd\ThinkPHP\Common\functions.php 第 549 行.
SQL: SHOW COLUMNS FROM `dcyd_boss` [ RunTime:0.009001s ]
NOTIC: [2] getimagesize() expects parameter 1 to be string, array given D:\phpstudy\WWW\dcyd\Manage\Lib\Action\ContentAction.class.php 第 47 行.
NOTIC: [8] Use of undefined constant uniqid - assumed 'uniqid' D:\phpstudy\WWW\dcyd\Manage\Lib\Action\ContentAction.class.php 第 58 行.
NOTIC: [8] Use of undefined constant date - assumed 'date' D:\phpstudy\WWW\dcyd\Manage\Lib\Action\ContentAction.class.php 第 61 行.
NOTIC: [2] mkdir() [<a href='function.mkdir'>function.mkdir</a>]: No such file or directory D:\phpstudy\WWW\dcyd\ThinkPHP\Extend\Library\ORG\Net\UploadFile.class.php 第 167 行.
NOTIC: [8] Undefined variable: data D:\phpstudy\WWW\dcyd\Manage\Lib\Action\ContentAction.class.php 第 95 行.

[ 2017-02-25T18:23:51+08:00 ] 127.0.0.1 /Manerger/index.php/Content/boss
INFO: [ route_check ] --START--
INFO: CheckRoute Behavior ::run [ RunTime:0.001000s ]
INFO: [ route_check ] --END-- [ RunTime:0.003000s ]
INFO: [ app_begin ] --START--
INFO: ReadHtmlCache Behavior ::run [ RunTime:0.002000s ]
INFO: [ app_begin ] --END-- [ RunTime:0.003000s ]
NOTIC: [8] Undefined index: expire D:\phpstudy\WWW\dcyd\ThinkPHP\Common\functions.php 第 549 行.
INFO: [ view_parse ] --START--
INFO: ParseTemplate Behavior ::run [ RunTime:0.030001s ]
INFO: [ view_parse ] --END-- [ RunTime:0.031001s ]
INFO: [ view_filter ] --START--
INFO: ContentReplace Behavior ::run [ RunTime:0.002000s ]
INFO: TokenBuild Behavior ::run [ RunTime:0.002000s ]
INFO: WriteHtmlCache Behavior ::run [ RunTime:0.001000s ]
INFO: ShowRuntime Behavior ::run [ RunTime:0.002000s ]
INFO: [ view_filter ] --END-- [ RunTime:0.009000s ]
INFO: [ view_end ] --START--
INFO: ShowPageTrace Behavior ::run [ RunTime:0.003000s ]
INFO: [ view_end ] --END-- [ RunTime:0.004000s ]

[ 2017-02-25T18:23:51+08:00 ] 127.0.0.1 /Manerger/index.php?m=Content&a=bosslist
INFO: [ app_begin ] --START--
INFO: ReadHtmlCache Behavior ::run [ RunTime:0.004000s ]
INFO: [ app_begin ] --END-- [ RunTime:0.005000s ]
NOTIC: [8] Undefined index: expire D:\phpstudy\WWW\dcyd\ThinkPHP\Common\functions.php 第 549 行.
NOTIC: [8] Undefined index: id D:\phpstudy\WWW\dcyd\Manage\Lib\Action\ContentAction.class.php 第 16 行.
NOTIC: [8] Undefined index: title D:\phpstudy\WWW\dcyd\Manage\Lib\Action\ContentAction.class.php 第 17 行.
NOTIC: [8] Undefined index: content D:\phpstudy\WWW\dcyd\Manage\Lib\Action\ContentAction.class.php 第 18 行.
NOTIC: [8] Undefined index: img D:\phpstudy\WWW\dcyd\Manage\Lib\Action\ContentAction.class.php 第 19 行.
SQL: SHOW COLUMNS FROM `dcyd_boss` [ RunTime:0.010001s ]
NOTIC: [8] Undefined variable: map D:\phpstudy\WWW\dcyd\Manage\Lib\Action\ContentAction.class.php 第 22 行.
SQL: SELECT `id`,`title`,`content`,`img`,`url`,`view` FROM `dcyd_boss` LIMIT 0,20   [ RunTime:0.001000s ]
NOTIC: [8] Undefined variable: map D:\phpstudy\WWW\dcyd\Manage\Lib\Action\ContentAction.class.php 第 23 行.
SQL: SELECT COUNT(*) AS tp_count FROM `dcyd_boss` LIMIT 1   [ RunTime:0.001000s ]

[ 2017-02-25T18:23:53+08:00 ] 127.0.0.1 /Manerger/index.php/Content/upimg
INFO: [ route_check ] --START--
INFO: CheckRoute Behavior ::run [ RunTime:0.002000s ]
INFO: [ route_check ] --END-- [ RunTime:0.003000s ]
INFO: [ app_begin ] --START--
INFO: ReadHtmlCache Behavior ::run [ RunTime:0.002000s ]
INFO: [ app_begin ] --END-- [ RunTime:0.003000s ]
NOTIC: [8] Undefined index: expire D:\phpstudy\WWW\dcyd\ThinkPHP\Common\functions.php 第 549 行.
NOTIC: 建议使用I方法替代_post
SQL: SHOW COLUMNS FROM `dcyd_boss` [ RunTime:0.007001s ]
SQL: SELECT `id`,`img` FROM `dcyd_boss` WHERE ( id=33 ) LIMIT 1   [ RunTime:0.000000s ]

[ 2017-02-25T18:24:32+08:00 ] 127.0.0.1 /Manerger/index.php?m=Content&a=imgsave&id=33
INFO: [ app_begin ] --START--
INFO: ReadHtmlCache Behavior ::run [ RunTime:0.002000s ]
INFO: [ app_begin ] --END-- [ RunTime:0.004000s ]
NOTIC: [8] Undefined index: expire D:\phpstudy\WWW\dcyd\ThinkPHP\Common\functions.php 第 549 行.
SQL: SHOW COLUMNS FROM `dcyd_boss` [ RunTime:0.008001s ]
NOTIC: [2] getimagesize() expects parameter 1 to be string, array given D:\phpstudy\WWW\dcyd\Manage\Lib\Action\ContentAction.class.php 第 47 行.
NOTIC: [8] Use of undefined constant uniqid - assumed 'uniqid' D:\phpstudy\WWW\dcyd\Manage\Lib\Action\ContentAction.class.php 第 58 行.
NOTIC: [8] Use of undefined constant date - assumed 'date' D:\phpstudy\WWW\dcyd\Manage\Lib\Action\ContentAction.class.php 第 61 行.
NOTIC: [2] mkdir() [<a href='function.mkdir'>function.mkdir</a>]: No such file or directory D:\phpstudy\WWW\dcyd\ThinkPHP\Extend\Library\ORG\Net\UploadFile.class.php 第 167 行.
NOTIC: [8] Undefined variable: data D:\phpstudy\WWW\dcyd\Manage\Lib\Action\ContentAction.class.php 第 95 行.

[ 2017-02-25T18:24:41+08:00 ] 127.0.0.1 /Manerger/index.php/Content/upimg
INFO: [ route_check ] --START--
INFO: CheckRoute Behavior ::run [ RunTime:0.002000s ]
INFO: [ route_check ] --END-- [ RunTime:0.002000s ]
INFO: [ app_begin ] --START--
INFO: ReadHtmlCache Behavior ::run [ RunTime:0.002000s ]
INFO: [ app_begin ] --END-- [ RunTime:0.002000s ]
NOTIC: [8] Undefined index: expire D:\phpstudy\WWW\dcyd\ThinkPHP\Common\functions.php 第 549 行.
NOTIC: 建议使用I方法替代_post
SQL: SHOW COLUMNS FROM `dcyd_boss` [ RunTime:0.008000s ]
SQL: SELECT `id`,`img` FROM `dcyd_boss` WHERE ( id=33 ) LIMIT 1   [ RunTime:0.001000s ]

[ 2017-02-25T18:25:10+08:00 ] 127.0.0.1 /Manerger/index.php?m=Content&a=imgsave&id=33
INFO: [ app_begin ] --START--
INFO: ReadHtmlCache Behavior ::run [ RunTime:0.002000s ]
INFO: [ app_begin ] --END-- [ RunTime:0.003000s ]
NOTIC: [8] Undefined index: expire D:\phpstudy\WWW\dcyd\ThinkPHP\Common\functions.php 第 549 行.
SQL: SHOW COLUMNS FROM `dcyd_boss` [ RunTime:0.008001s ]
NOTIC: [2] getimagesize() expects parameter 1 to be string, array given D:\phpstudy\WWW\dcyd\Manage\Lib\Action\ContentAction.class.php 第 47 行.
NOTIC: [8] Use of undefined constant uniqid - assumed 'uniqid' D:\phpstudy\WWW\dcyd\Manage\Lib\Action\ContentAction.class.php 第 58 行.
NOTIC: [8] Use of undefined constant date - assumed 'date' D:\phpstudy\WWW\dcyd\Manage\Lib\Action\ContentAction.class.php 第 61 行.
ERR: SignatureDoesNotMatch: The request signature we calculated does not match the signature you provided. Check your key and signing method. RequestId: 58B15B63D24FC67353E258BD

[ 2017-02-25T18:29:02+08:00 ] 127.0.0.1 /Manerger/index.php/Content/boss
INFO: [ route_check ] --START--
INFO: CheckRoute Behavior ::run [ RunTime:0.001001s ]
INFO: [ route_check ] --END-- [ RunTime:0.003001s ]
INFO: [ app_begin ] --START--
INFO: ReadHtmlCache Behavior ::run [ RunTime:0.002000s ]
INFO: [ app_begin ] --END-- [ RunTime:0.002000s ]
NOTIC: [8] Undefined index: expire D:\phpstudy\WWW\dcyd\ThinkPHP\Common\functions.php 第 549 行.
SQL: SHOW COLUMNS FROM `dcyd_admin` [ RunTime:0.008000s ]
SQL: SELECT `id`,`rid`,`username` FROM `dcyd_admin` WHERE ( `id` = 1 ) LIMIT 1   [ RunTime:0.001000s ]
SQL: SHOW COLUMNS FROM `dcyd_role` [ RunTime:0.010001s ]
SQL: SELECT `powers` FROM `dcyd_role` WHERE ( id=1 ) LIMIT 1   [ RunTime:0.001000s ]
SQL: SHOW COLUMNS FROM `dcyd_node` [ RunTime:0.009000s ]
SQL: SELECT `name` FROM `dcyd_node` WHERE ( pid>0 )  [ RunTime:0.000000s ]
INFO: [ view_parse ] --START--
INFO: ParseTemplate Behavior ::run [ RunTime:0.029001s ]
INFO: [ view_parse ] --END-- [ RunTime:0.029001s ]
INFO: [ view_filter ] --START--
INFO: ContentReplace Behavior ::run [ RunTime:0.002001s ]
INFO: TokenBuild Behavior ::run [ RunTime:0.002000s ]
INFO: WriteHtmlCache Behavior ::run [ RunTime:0.001000s ]
INFO: ShowRuntime Behavior ::run [ RunTime:0.004000s ]
INFO: [ view_filter ] --END-- [ RunTime:0.010001s ]
INFO: [ view_end ] --START--
INFO: ShowPageTrace Behavior ::run [ RunTime:0.003000s ]
INFO: [ view_end ] --END-- [ RunTime:0.004000s ]

[ 2017-02-25T18:29:02+08:00 ] 127.0.0.1 /Manerger/index.php?m=Content&a=bosslist
INFO: [ app_begin ] --START--
INFO: ReadHtmlCache Behavior ::run [ RunTime:0.003000s ]
INFO: [ app_begin ] --END-- [ RunTime:0.004000s ]
NOTIC: [8] Undefined index: expire D:\phpstudy\WWW\dcyd\ThinkPHP\Common\functions.php 第 549 行.
NOTIC: [8] Undefined index: id D:\phpstudy\WWW\dcyd\Manage\Lib\Action\ContentAction.class.php 第 16 行.
NOTIC: [8] Undefined index: title D:\phpstudy\WWW\dcyd\Manage\Lib\Action\ContentAction.class.php 第 17 行.
NOTIC: [8] Undefined index: content D:\phpstudy\WWW\dcyd\Manage\Lib\Action\ContentAction.class.php 第 18 行.
NOTIC: [8] Undefined index: img D:\phpstudy\WWW\dcyd\Manage\Lib\Action\ContentAction.class.php 第 19 行.
SQL: SHOW COLUMNS FROM `dcyd_boss` [ RunTime:0.010001s ]
NOTIC: [8] Undefined variable: map D:\phpstudy\WWW\dcyd\Manage\Lib\Action\ContentAction.class.php 第 22 行.
SQL: SELECT `id`,`title`,`content`,`img`,`url`,`view` FROM `dcyd_boss` LIMIT 0,20   [ RunTime:0.001000s ]
NOTIC: [8] Undefined variable: map D:\phpstudy\WWW\dcyd\Manage\Lib\Action\ContentAction.class.php 第 23 行.
SQL: SELECT COUNT(*) AS tp_count FROM `dcyd_boss` LIMIT 1   [ RunTime:0.001000s ]

[ 2017-02-25T18:29:04+08:00 ] 127.0.0.1 /Manerger/index.php/Content/upimg
INFO: [ route_check ] --START--
INFO: CheckRoute Behavior ::run [ RunTime:0.001000s ]
INFO: [ route_check ] --END-- [ RunTime:0.003000s ]
INFO: [ app_begin ] --START--
INFO: ReadHtmlCache Behavior ::run [ RunTime:0.002000s ]
INFO: [ app_begin ] --END-- [ RunTime:0.003000s ]
NOTIC: [8] Undefined index: expire D:\phpstudy\WWW\dcyd\ThinkPHP\Common\functions.php 第 549 行.
NOTIC: 建议使用I方法替代_post
SQL: SHOW COLUMNS FROM `dcyd_boss` [ RunTime:0.008001s ]
SQL: SELECT `id`,`img` FROM `dcyd_boss` WHERE ( id=33 ) LIMIT 1   [ RunTime:0.001000s ]

[ 2017-02-25T18:42:14+08:00 ] 127.0.0.1 /Manerger/index.php?m=Content&a=imgsave&id=33
INFO: [ app_begin ] --START--
INFO: ReadHtmlCache Behavior ::run [ RunTime:0.002000s ]
INFO: [ app_begin ] --END-- [ RunTime:0.003000s ]
NOTIC: [8] Undefined index: expire D:\phpstudy\WWW\dcyd\ThinkPHP\Common\functions.php 第 549 行.
SQL: SHOW COLUMNS FROM `dcyd_boss` [ RunTime:0.012000s ]
NOTIC: [2] getimagesize() expects parameter 1 to be string, array given D:\phpstudy\WWW\dcyd\Manage\Lib\Action\ContentAction.class.php 第 47 行.
NOTIC: [8] Use of undefined constant uniqid - assumed 'uniqid' D:\phpstudy\WWW\dcyd\Manage\Lib\Action\ContentAction.class.php 第 58 行.
NOTIC: [8] Use of undefined constant date - assumed 'date' D:\phpstudy\WWW\dcyd\Manage\Lib\Action\ContentAction.class.php 第 61 行.
ERR: SignatureDoesNotMatch: The request signature we calculated does not match the signature you provided. Check your key and signing method. RequestId: 58B15CA69523832061E3CAA5

