[ 2017-03-13T10:48:30+08:00 ] 127.0.0.1 /manerger/
INFO: [ app_begin ] --START--
INFO: ReadHtmlCache Behavior ::run [ RunTime:0.001000s ]
INFO: [ app_begin ] --END-- [ RunTime:0.003000s ]
NOTIC: [8] Undefined index: expire D:\phpstudy\WWW\dcyd\ThinkPHP\Common\functions.php Á¨¨ 549 Ë°å.
NOTIC: [8] Undefined index: admin D:\phpstudy\WWW\dcyd\Manage\Lib\Action\IndexAction.class.php Á¨¨ 5 Ë°å.
INFO: [ view_parse ] --START--
NOTIC: [8] Undefined index: admin D:\phpstudy\WWW\dcyd\Manage\Runtime\Cache\6eb21b90e50e413ebd495101e2f3fb87.php Á¨¨ 27 Ë°å.
INFO: ParseTemplate Behavior ::run [ RunTime:0.032002s ]
INFO: [ view_parse ] --END-- [ RunTime:0.033002s ]
INFO: [ view_filter ] --START--
INFO: ContentReplace Behavior ::run [ RunTime:0.002000s ]
INFO: TokenBuild Behavior ::run [ RunTime:0.001000s ]
INFO: WriteHtmlCache Behavior ::run [ RunTime:0.001000s ]
INFO: ShowRuntime Behavior ::run [ RunTime:0.002000s ]
INFO: [ view_filter ] --END-- [ RunTime:0.008000s ]
INFO: [ view_end ] --START--
INFO: ShowPageTrace Behavior ::run [ RunTime:0.002000s ]
INFO: [ view_end ] --END-- [ RunTime:0.002000s ]

[ 2017-03-13T10:48:30+08:00 ] 127.0.0.1 /Manerger/index.php/Public/login.html
INFO: [ route_check ] --START--
INFO: CheckRoute Behavior ::run [ RunTime:0.002001s ]
INFO: [ route_check ] --END-- [ RunTime:0.004001s ]
INFO: [ app_begin ] --START--
INFO: ReadHtmlCache Behavior ::run [ RunTime:0.003000s ]
INFO: [ app_begin ] --END-- [ RunTime:0.004000s ]
NOTIC: [8] Undefined index: expire D:\phpstudy\WWW\dcyd\ThinkPHP\Common\functions.php Á¨¨ 549 Ë°å.
INFO: [ view_parse ] --START--
INFO: ParseTemplate Behavior ::run [ RunTime:0.018001s ]
INFO: [ view_parse ] --END-- [ RunTime:0.019001s ]
INFO: [ view_filter ] --START--
INFO: ContentReplace Behavior ::run [ RunTime:0.001000s ]
INFO: TokenBuild Behavior ::run [ RunTime:0.002000s ]
INFO: WriteHtmlCache Behavior ::run [ RunTime:0.001000s ]
INFO: ShowRuntime Behavior ::run [ RunTime:0.002000s ]
INFO: [ view_filter ] --END-- [ RunTime:0.009000s ]
INFO: [ view_end ] --START--
INFO: ShowPageTrace Behavior ::run [ RunTime:0.001000s ]
INFO: [ view_end ] --END-- [ RunTime:0.002000s ]

[ 2017-03-13T10:48:38+08:00 ] 127.0.0.1 /Manerger/index.php/Public/checklogin
INFO: [ route_check ] --START--
INFO: CheckRoute Behavior ::run [ RunTime:0.002000s ]
INFO: [ route_check ] --END-- [ RunTime:0.003000s ]
INFO: [ app_begin ] --START--
INFO: ReadHtmlCache Behavior ::run [ RunTime:0.002000s ]
INFO: [ app_begin ] --END-- [ RunTime:0.003000s ]
NOTIC: [8] Undefined index: expire D:\phpstudy\WWW\dcyd\ThinkPHP\Common\functions.php Á¨¨ 549 Ë°å.
SQL: SHOW COLUMNS FROM `dcyd_admin` [ RunTime:0.009001s ]
NOTIC: Âª∫ËÆÆ‰ΩøÁî®IÊñπÊ≥ïÊõø‰ª£_post
NOTIC: Âª∫ËÆÆ‰ΩøÁî®IÊñπÊ≥ïÊõø‰ª£_post
SQL: SELECT `id`,`rid`,`username` FROM `dcyd_admin` WHERE ( `username` = 'admin' ) AND ( `password` = '8b88e6b7e854b04cb74e' ) LIMIT 1   [ RunTime:0.000000s ]
SQL: SHOW COLUMNS FROM `dcyd_role` [ RunTime:0.008001s ]
SQL: SELECT `powers` FROM `dcyd_role` WHERE ( id=1 ) LIMIT 1   [ RunTime:0.001000s ]
SQL: SHOW COLUMNS FROM `dcyd_node` [ RunTime:0.009001s ]
SQL: SELECT `name` FROM `dcyd_node` WHERE ( pid>0 )  [ RunTime:0.002000s ]
SQL: UPDATE `dcyd_admin` SET `last_time`=1489373318,`last_ip`=127 WHERE ( id=1 ) [ RunTime:0.002000s ]
NOTIC: [8] Undefined variable: var D:\phpstudy\WWW\dcyd\ThinkPHP\Common\functions.php Á¨¨ 247 Ë°å.
NOTIC: [2] array_reverse() expects parameter 1 to be array, null given D:\phpstudy\WWW\dcyd\ThinkPHP\Common\functions.php Á¨¨ 247 Ë°å.
NOTIC: [2] http_build_query() [<a href='function.http-build-query'>function.http-build-query</a>]: Parameter 1 expected to be Array or Object.  Incorrect value given D:\phpstudy\WWW\dcyd\ThinkPHP\Common\functions.php Á¨¨ 247 Ë°å.

[ 2017-03-13T10:48:38+08:00 ] 127.0.0.1 /Manerger/index.php?
INFO: [ app_begin ] --START--
INFO: ReadHtmlCache Behavior ::run [ RunTime:0.002000s ]
INFO: [ app_begin ] --END-- [ RunTime:0.002000s ]
NOTIC: [8] Undefined index: expire D:\phpstudy\WWW\dcyd\ThinkPHP\Common\functions.php Á¨¨ 549 Ë°å.
INFO: [ view_parse ] --START--
INFO: ParseTemplate Behavior ::run [ RunTime:0.032002s ]
INFO: [ view_parse ] --END-- [ RunTime:0.032002s ]
INFO: [ view_filter ] --START--
INFO: ContentReplace Behavior ::run [ RunTime:0.002000s ]
INFO: TokenBuild Behavior ::run [ RunTime:0.002000s ]
INFO: WriteHtmlCache Behavior ::run [ RunTime:0.001000s ]
INFO: ShowRuntime Behavior ::run [ RunTime:0.001000s ]
INFO: [ view_filter ] --END-- [ RunTime:0.008000s ]
INFO: [ view_end ] --START--
INFO: ShowPageTrace Behavior ::run [ RunTime:0.002000s ]
INFO: [ view_end ] --END-- [ RunTime:0.003000s ]

[ 2017-03-13T10:48:44+08:00 ] 127.0.0.1 /Manerger/index.php/Article/index
INFO: [ route_check ] --START--
INFO: CheckRoute Behavior ::run [ RunTime:0.002000s ]
INFO: [ route_check ] --END-- [ RunTime:0.003000s ]
INFO: [ app_begin ] --START--
INFO: ReadHtmlCache Behavior ::run [ RunTime:0.002000s ]
INFO: [ app_begin ] --END-- [ RunTime:0.003000s ]
NOTIC: [8] Undefined index: expire D:\phpstudy\WWW\dcyd\ThinkPHP\Common\functions.php Á¨¨ 549 Ë°å.
NOTIC: [2048] Declaration of ArticleAction::show() should be compatible with that of Action::show() D:\phpstudy\WWW\dcyd\Manage\Lib\Action\ArticleAction.class.php Á¨¨ 137 Ë°å.
INFO: [ view_parse ] --START--
INFO: ParseTemplate Behavior ::run [ RunTime:0.034001s ]
INFO: [ view_parse ] --END-- [ RunTime:0.035002s ]
INFO: [ view_filter ] --START--
INFO: ContentReplace Behavior ::run [ RunTime:0.002000s ]
INFO: TokenBuild Behavior ::run [ RunTime:0.002000s ]
INFO: WriteHtmlCache Behavior ::run [ RunTime:0.001000s ]
INFO: ShowRuntime Behavior ::run [ RunTime:0.002000s ]
INFO: [ view_filter ] --END-- [ RunTime:0.009000s ]
INFO: [ view_end ] --START--
INFO: ShowPageTrace Behavior ::run [ RunTime:0.002000s ]
INFO: [ view_end ] --END-- [ RunTime:0.003000s ]

[ 2017-03-13T10:48:45+08:00 ] 127.0.0.1 /Manerger/index.php?m=Article&a=articlelist
INFO: [ app_begin ] --START--
INFO: ReadHtmlCache Behavior ::run [ RunTime:0.002000s ]
INFO: [ app_begin ] --END-- [ RunTime:0.002000s ]
NOTIC: [8] Undefined index: expire D:\phpstudy\WWW\dcyd\ThinkPHP\Common\functions.php Á¨¨ 549 Ë°å.
NOTIC: [2048] Declaration of ArticleAction::show() should be compatible with that of Action::show() D:\phpstudy\WWW\dcyd\Manage\Lib\Action\ArticleAction.class.php Á¨¨ 137 Ë°å.
NOTIC: [8] Undefined index: id D:\phpstudy\WWW\dcyd\Manage\Lib\Action\ArticleAction.class.php Á¨¨ 17 Ë°å.
NOTIC: [8] Undefined index: title D:\phpstudy\WWW\dcyd\Manage\Lib\Action\ArticleAction.class.php Á¨¨ 18 Ë°å.
NOTIC: [8] Undefined index: content D:\phpstudy\WWW\dcyd\Manage\Lib\Action\ArticleAction.class.php Á¨¨ 19 Ë°å.
NOTIC: [8] Undefined index: describe D:\phpstudy\WWW\dcyd\Manage\Lib\Action\ArticleAction.class.php Á¨¨ 20 Ë°å.
NOTIC: [8] Undefined index: keywords D:\phpstudy\WWW\dcyd\Manage\Lib\Action\ArticleAction.class.php Á¨¨ 21 Ë°å.
NOTIC: [8] Undefined index: auth D:\phpstudy\WWW\dcyd\Manage\Lib\Action\ArticleAction.class.php Á¨¨ 22 Ë°å.
NOTIC: [8] Undefined index: status D:\phpstudy\WWW\dcyd\Manage\Lib\Action\ArticleAction.class.php Á¨¨ 23 Ë°å.
NOTIC: [8] Undefined index: lanmu D:\phpstudy\WWW\dcyd\Manage\Lib\Action\ArticleAction.class.php Á¨¨ 24 Ë°å.
SQL: SHOW COLUMNS FROM `dcyd_article` [ RunTime:0.009001s ]
NOTIC: [8] Undefined variable: map D:\phpstudy\WWW\dcyd\Manage\Lib\Action\ArticleAction.class.php Á¨¨ 27 Ë°å.
SQL: SELECT `id`,`title`,`keywords`,`lanmu`,`laiyuan`,`content`,`auth`,`describe`,`time`,`status` FROM `dcyd_article` LIMIT 0,20   [ RunTime:0.001000s ]
NOTIC: [8] Undefined variable: map D:\phpstudy\WWW\dcyd\Manage\Lib\Action\ArticleAction.class.php Á¨¨ 28 Ë°å.
SQL: SELECT COUNT(*) AS tp_count FROM `dcyd_article` LIMIT 1   [ RunTime:0.000000s ]

[ 2017-03-13T10:48:50+08:00 ] 127.0.0.1 /Manerger/index.php/Article/articleedit
INFO: [ route_check ] --START--
INFO: CheckRoute Behavior ::run [ RunTime:0.002000s ]
INFO: [ route_check ] --END-- [ RunTime:0.004000s ]
INFO: [ app_begin ] --START--
INFO: ReadHtmlCache Behavior ::run [ RunTime:0.002000s ]
INFO: [ app_begin ] --END-- [ RunTime:0.004000s ]
NOTIC: [8] Undefined index: expire D:\phpstudy\WWW\dcyd\ThinkPHP\Common\functions.php Á¨¨ 549 Ë°å.
NOTIC: [2048] Declaration of ArticleAction::show() should be compatible with that of Action::show() D:\phpstudy\WWW\dcyd\Manage\Lib\Action\ArticleAction.class.php Á¨¨ 137 Ë°å.
NOTIC: Âª∫ËÆÆ‰ΩøÁî®IÊñπÊ≥ïÊõø‰ª£_post
SQL: SHOW COLUMNS FROM `dcyd_article` [ RunTime:0.009001s ]
SQL: SELECT `id`,`title`,`keywords`,`lanmu`,`laiyuan`,`describe`,`auth`,`content` FROM `dcyd_article` WHERE ( id=16 ) LIMIT 1   [ RunTime:0.001000s ]

[ 2017-03-13T10:49:06+08:00 ] 127.0.0.1 /Manerger/index.php/Article/articleedit
INFO: [ route_check ] --START--
INFO: CheckRoute Behavior ::run [ RunTime:0.002000s ]
INFO: [ route_check ] --END-- [ RunTime:0.002000s ]
INFO: [ app_begin ] --START--
INFO: ReadHtmlCache Behavior ::run [ RunTime:0.001000s ]
INFO: [ app_begin ] --END-- [ RunTime:0.002000s ]
NOTIC: [8] Undefined index: expire D:\phpstudy\WWW\dcyd\ThinkPHP\Common\functions.php Á¨¨ 549 Ë°å.
NOTIC: [2048] Declaration of ArticleAction::show() should be compatible with that of Action::show() D:\phpstudy\WWW\dcyd\Manage\Lib\Action\ArticleAction.class.php Á¨¨ 137 Ë°å.
NOTIC: Âª∫ËÆÆ‰ΩøÁî®IÊñπÊ≥ïÊõø‰ª£_post
SQL: SHOW COLUMNS FROM `dcyd_article` [ RunTime:0.008000s ]
SQL: SELECT `id`,`title`,`keywords`,`lanmu`,`laiyuan`,`describe`,`auth`,`content` FROM `dcyd_article` WHERE ( id=10 ) LIMIT 1   [ RunTime:0.000000s ]

[ 2017-03-13T12:11:14+08:00 ] 127.0.0.1 /Manerger/index.php/Article/index
INFO: [ route_check ] --START--
INFO: CheckRoute Behavior ::run [ RunTime:0.002000s ]
INFO: [ route_check ] --END-- [ RunTime:0.002000s ]
INFO: [ app_begin ] --START--
INFO: ReadHtmlCache Behavior ::run [ RunTime:0.002000s ]
INFO: [ app_begin ] --END-- [ RunTime:0.002000s ]
NOTIC: [8] Undefined index: expire D:\phpstudy\WWW\dcyd\ThinkPHP\Common\functions.php Á¨¨ 549 Ë°å.
NOTIC: [2048] Declaration of ArticleAction::show() should be compatible with that of Action::show() D:\phpstudy\WWW\dcyd\Manage\Lib\Action\ArticleAction.class.php Á¨¨ 137 Ë°å.
INFO: [ view_parse ] --START--
INFO: ParseTemplate Behavior ::run [ RunTime:0.025001s ]
INFO: [ view_parse ] --END-- [ RunTime:0.026001s ]
INFO: [ view_filter ] --START--
INFO: ContentReplace Behavior ::run [ RunTime:0.001000s ]
INFO: TokenBuild Behavior ::run [ RunTime:0.002000s ]
INFO: WriteHtmlCache Behavior ::run [ RunTime:0.002001s ]
INFO: ShowRuntime Behavior ::run [ RunTime:0.002000s ]
INFO: [ view_filter ] --END-- [ RunTime:0.009001s ]
INFO: [ view_end ] --START--
INFO: ShowPageTrace Behavior ::run [ RunTime:0.002000s ]
INFO: [ view_end ] --END-- [ RunTime:0.004000s ]

[ 2017-03-13T12:11:15+08:00 ] 127.0.0.1 /Manerger/index.php?m=Article&a=articlelist
INFO: [ app_begin ] --START--
INFO: ReadHtmlCache Behavior ::run [ RunTime:0.002000s ]
INFO: [ app_begin ] --END-- [ RunTime:0.002000s ]
NOTIC: [8] Undefined index: expire D:\phpstudy\WWW\dcyd\ThinkPHP\Common\functions.php Á¨¨ 549 Ë°å.
NOTIC: [2048] Declaration of ArticleAction::show() should be compatible with that of Action::show() D:\phpstudy\WWW\dcyd\Manage\Lib\Action\ArticleAction.class.php Á¨¨ 137 Ë°å.
NOTIC: [8] Undefined index: id D:\phpstudy\WWW\dcyd\Manage\Lib\Action\ArticleAction.class.php Á¨¨ 17 Ë°å.
NOTIC: [8] Undefined index: title D:\phpstudy\WWW\dcyd\Manage\Lib\Action\ArticleAction.class.php Á¨¨ 18 Ë°å.
NOTIC: [8] Undefined index: content D:\phpstudy\WWW\dcyd\Manage\Lib\Action\ArticleAction.class.php Á¨¨ 19 Ë°å.
NOTIC: [8] Undefined index: describe D:\phpstudy\WWW\dcyd\Manage\Lib\Action\ArticleAction.class.php Á¨¨ 20 Ë°å.
NOTIC: [8] Undefined index: keywords D:\phpstudy\WWW\dcyd\Manage\Lib\Action\ArticleAction.class.php Á¨¨ 21 Ë°å.
NOTIC: [8] Undefined index: auth D:\phpstudy\WWW\dcyd\Manage\Lib\Action\ArticleAction.class.php Á¨¨ 22 Ë°å.
NOTIC: [8] Undefined index: status D:\phpstudy\WWW\dcyd\Manage\Lib\Action\ArticleAction.class.php Á¨¨ 23 Ë°å.
NOTIC: [8] Undefined index: lanmu D:\phpstudy\WWW\dcyd\Manage\Lib\Action\ArticleAction.class.php Á¨¨ 24 Ë°å.
SQL: SHOW COLUMNS FROM `dcyd_article` [ RunTime:0.008001s ]
NOTIC: [8] Undefined variable: map D:\phpstudy\WWW\dcyd\Manage\Lib\Action\ArticleAction.class.php Á¨¨ 27 Ë°å.
SQL: SELECT `id`,`title`,`keywords`,`lanmu`,`laiyuan`,`content`,`auth`,`describe`,`time`,`status` FROM `dcyd_article` LIMIT 0,20   [ RunTime:0.001000s ]
NOTIC: [8] Undefined variable: map D:\phpstudy\WWW\dcyd\Manage\Lib\Action\ArticleAction.class.php Á¨¨ 28 Ë°å.
SQL: SELECT COUNT(*) AS tp_count FROM `dcyd_article` LIMIT 1   [ RunTime:0.000000s ]

[ 2017-03-13T13:51:10+08:00 ] 127.0.0.1 /Manerger/index.php?m=Article&a=articlelist
INFO: [ app_begin ] --START--
INFO: ReadHtmlCache Behavior ::run [ RunTime:0.002000s ]
INFO: [ app_begin ] --END-- [ RunTime:0.002000s ]
NOTIC: [8] Undefined index: expire D:\phpstudy\WWW\dcyd\ThinkPHP\Common\functions.php Á¨¨ 549 Ë°å.
NOTIC: [2048] Declaration of ArticleAction::show() should be compatible with that of Action::show() D:\phpstudy\WWW\dcyd\Manage\Lib\Action\ArticleAction.class.php Á¨¨ 137 Ë°å.
NOTIC: [8] Undefined index: id D:\phpstudy\WWW\dcyd\Manage\Lib\Action\ArticleAction.class.php Á¨¨ 17 Ë°å.
NOTIC: [8] Undefined index: title D:\phpstudy\WWW\dcyd\Manage\Lib\Action\ArticleAction.class.php Á¨¨ 18 Ë°å.
NOTIC: [8] Undefined index: content D:\phpstudy\WWW\dcyd\Manage\Lib\Action\ArticleAction.class.php Á¨¨ 19 Ë°å.
NOTIC: [8] Undefined index: describe D:\phpstudy\WWW\dcyd\Manage\Lib\Action\ArticleAction.class.php Á¨¨ 20 Ë°å.
NOTIC: [8] Undefined index: keywords D:\phpstudy\WWW\dcyd\Manage\Lib\Action\ArticleAction.class.php Á¨¨ 21 Ë°å.
NOTIC: [8] Undefined index: auth D:\phpstudy\WWW\dcyd\Manage\Lib\Action\ArticleAction.class.php Á¨¨ 22 Ë°å.
NOTIC: [8] Undefined index: status D:\phpstudy\WWW\dcyd\Manage\Lib\Action\ArticleAction.class.php Á¨¨ 23 Ë°å.
NOTIC: [8] Undefined index: lanmu D:\phpstudy\WWW\dcyd\Manage\Lib\Action\ArticleAction.class.php Á¨¨ 24 Ë°å.
SQL: SHOW COLUMNS FROM `dcyd_article` [ RunTime:0.009000s ]
NOTIC: [8] Undefined variable: map D:\phpstudy\WWW\dcyd\Manage\Lib\Action\ArticleAction.class.php Á¨¨ 27 Ë°å.
SQL: SELECT `id`,`title`,`keywords`,`lanmu`,`laiyuan`,`content`,`auth`,`describe`,`time`,`status` FROM `dcyd_article` LIMIT 20,20   [ RunTime:0.001000s ]
NOTIC: [8] Undefined variable: map D:\phpstudy\WWW\dcyd\Manage\Lib\Action\ArticleAction.class.php Á¨¨ 28 Ë°å.
SQL: SELECT COUNT(*) AS tp_count FROM `dcyd_article` LIMIT 1   [ RunTime:0.000000s ]

[ 2017-03-13T13:51:15+08:00 ] 127.0.0.1 /Manerger/index.php?m=Article&a=articlelist
INFO: [ app_begin ] --START--
INFO: ReadHtmlCache Behavior ::run [ RunTime:0.001000s ]
INFO: [ app_begin ] --END-- [ RunTime:0.003000s ]
NOTIC: [8] Undefined index: expire D:\phpstudy\WWW\dcyd\ThinkPHP\Common\functions.php Á¨¨ 549 Ë°å.
NOTIC: [2048] Declaration of ArticleAction::show() should be compatible with that of Action::show() D:\phpstudy\WWW\dcyd\Manage\Lib\Action\ArticleAction.class.php Á¨¨ 137 Ë°å.
NOTIC: [8] Undefined index: id D:\phpstudy\WWW\dcyd\Manage\Lib\Action\ArticleAction.class.php Á¨¨ 17 Ë°å.
NOTIC: [8] Undefined index: title D:\phpstudy\WWW\dcyd\Manage\Lib\Action\ArticleAction.class.php Á¨¨ 18 Ë°å.
NOTIC: [8] Undefined index: content D:\phpstudy\WWW\dcyd\Manage\Lib\Action\ArticleAction.class.php Á¨¨ 19 Ë°å.
NOTIC: [8] Undefined index: describe D:\phpstudy\WWW\dcyd\Manage\Lib\Action\ArticleAction.class.php Á¨¨ 20 Ë°å.
NOTIC: [8] Undefined index: keywords D:\phpstudy\WWW\dcyd\Manage\Lib\Action\ArticleAction.class.php Á¨¨ 21 Ë°å.
NOTIC: [8] Undefined index: auth D:\phpstudy\WWW\dcyd\Manage\Lib\Action\ArticleAction.class.php Á¨¨ 22 Ë°å.
NOTIC: [8] Undefined index: status D:\phpstudy\WWW\dcyd\Manage\Lib\Action\ArticleAction.class.php Á¨¨ 23 Ë°å.
NOTIC: [8] Undefined index: lanmu D:\phpstudy\WWW\dcyd\Manage\Lib\Action\ArticleAction.class.php Á¨¨ 24 Ë°å.
SQL: SHOW COLUMNS FROM `dcyd_article` [ RunTime:0.007001s ]
NOTIC: [8] Undefined variable: map D:\phpstudy\WWW\dcyd\Manage\Lib\Action\ArticleAction.class.php Á¨¨ 27 Ë°å.
SQL: SELECT `id`,`title`,`keywords`,`lanmu`,`laiyuan`,`content`,`auth`,`describe`,`time`,`status` FROM `dcyd_article` LIMIT 0,20   [ RunTime:0.001000s ]
NOTIC: [8] Undefined variable: map D:\phpstudy\WWW\dcyd\Manage\Lib\Action\ArticleAction.class.php Á¨¨ 28 Ë°å.
SQL: SELECT COUNT(*) AS tp_count FROM `dcyd_article` LIMIT 1   [ RunTime:0.001000s ]

[ 2017-03-13T13:51:20+08:00 ] 127.0.0.1 /Manerger/index.php/Article/show
INFO: [ route_check ] --START--
INFO: CheckRoute Behavior ::run [ RunTime:0.002000s ]
INFO: [ route_check ] --END-- [ RunTime:0.004000s ]
INFO: [ app_begin ] --START--
INFO: ReadHtmlCache Behavior ::run [ RunTime:0.002000s ]
INFO: [ app_begin ] --END-- [ RunTime:0.003000s ]
NOTIC: [8] Undefined index: expire D:\phpstudy\WWW\dcyd\ThinkPHP\Common\functions.php Á¨¨ 549 Ë°å.
NOTIC: [2048] Declaration of ArticleAction::show() should be compatible with that of Action::show() D:\phpstudy\WWW\dcyd\Manage\Lib\Action\ArticleAction.class.php Á¨¨ 137 Ë°å.
NOTIC: Âª∫ËÆÆ‰ΩøÁî®IÊñπÊ≥ïÊõø‰ª£_post
SQL: SHOW COLUMNS FROM `dcyd_article` [ RunTime:0.010000s ]
SQL: UPDATE `dcyd_article` SET `status`=2 WHERE ( id=16 ) [ RunTime:0.000000s ]

[ 2017-03-13T13:51:26+08:00 ] 127.0.0.1 /Manerger/index.php/Article/articleedit
INFO: [ route_check ] --START--
INFO: CheckRoute Behavior ::run [ RunTime:0.003001s ]
INFO: [ route_check ] --END-- [ RunTime:0.003001s ]
INFO: [ app_begin ] --START--
INFO: ReadHtmlCache Behavior ::run [ RunTime:0.002000s ]
INFO: [ app_begin ] --END-- [ RunTime:0.002000s ]
NOTIC: [8] Undefined index: expire D:\phpstudy\WWW\dcyd\ThinkPHP\Common\functions.php Á¨¨ 549 Ë°å.
NOTIC: [2048] Declaration of ArticleAction::show() should be compatible with that of Action::show() D:\phpstudy\WWW\dcyd\Manage\Lib\Action\ArticleAction.class.php Á¨¨ 137 Ë°å.
NOTIC: Âª∫ËÆÆ‰ΩøÁî®IÊñπÊ≥ïÊõø‰ª£_post
SQL: SHOW COLUMNS FROM `dcyd_article` [ RunTime:0.008000s ]
SQL: SELECT `id`,`title`,`keywords`,`lanmu`,`laiyuan`,`describe`,`auth`,`content` FROM `dcyd_article` WHERE ( id=16 ) LIMIT 1   [ RunTime:0.001000s ]

[ 2017-03-13T14:15:05+08:00 ] 127.0.0.1 /Manerger/index.php/Up/vede
INFO: [ route_check ] --START--
INFO: CheckRoute Behavior ::run [ RunTime:0.002001s ]
INFO: [ route_check ] --END-- [ RunTime:0.002001s ]
INFO: [ app_begin ] --START--
INFO: ReadHtmlCache Behavior ::run [ RunTime:0.002000s ]
INFO: [ app_begin ] --END-- [ RunTime:0.002000s ]
NOTIC: [8] Undefined index: expire D:\phpstudy\WWW\dcyd\ThinkPHP\Common\functions.php Á¨¨ 549 Ë°å.
SQL: SHOW COLUMNS FROM `dcyd_viewkinds` [ RunTime:0.008000s ]
SQL: SHOW COLUMNS FROM `dcyd_teacher` [ RunTime:0.007000s ]
SQL: SELECT DISTINCT  `id`,`kind` FROM `dcyd_viewkinds`  [ RunTime:0.000000s ]
SQL: SELECT DISTINCT  `id`,`name` FROM `dcyd_teacher`  [ RunTime:0.000000s ]
INFO: [ view_parse ] --START--
INFO: ParseTemplate Behavior ::run [ RunTime:0.038002s ]
INFO: [ view_parse ] --END-- [ RunTime:0.038002s ]
INFO: [ view_filter ] --START--
INFO: ContentReplace Behavior ::run [ RunTime:0.001000s ]
INFO: TokenBuild Behavior ::run [ RunTime:0.001000s ]
INFO: WriteHtmlCache Behavior ::run [ RunTime:0.001000s ]
INFO: ShowRuntime Behavior ::run [ RunTime:0.002000s ]
INFO: [ view_filter ] --END-- [ RunTime:0.009000s ]
INFO: [ view_end ] --START--
INFO: ShowPageTrace Behavior ::run [ RunTime:0.002000s ]
INFO: [ view_end ] --END-- [ RunTime:0.003000s ]

[ 2017-03-13T14:15:06+08:00 ] 127.0.0.1 /Manerger/index.php?m=Up&a=vedels
INFO: [ app_begin ] --START--
INFO: ReadHtmlCache Behavior ::run [ RunTime:0.003000s ]
INFO: [ app_begin ] --END-- [ RunTime:0.003000s ]
NOTIC: [8] Undefined index: expire D:\phpstudy\WWW\dcyd\ThinkPHP\Common\functions.php Á¨¨ 549 Ë°å.
NOTIC: [8] Undefined index: id D:\phpstudy\WWW\dcyd\Manage\Lib\Action\UpAction.class.php Á¨¨ 341 Ë°å.
NOTIC: [8] Undefined index: title D:\phpstudy\WWW\dcyd\Manage\Lib\Action\UpAction.class.php Á¨¨ 342 Ë°å.
NOTIC: [8] Undefined index: name D:\phpstudy\WWW\dcyd\Manage\Lib\Action\UpAction.class.php Á¨¨ 343 Ë°å.
NOTIC: [8] Undefined index: ytime D:\phpstudy\WWW\dcyd\Manage\Lib\Action\UpAction.class.php Á¨¨ 344 Ë°å.
SQL: SHOW COLUMNS FROM `dcyd_view` [ RunTime:0.008001s ]
NOTIC: [8] Undefined variable: map D:\phpstudy\WWW\dcyd\Manage\Lib\Action\UpAction.class.php Á¨¨ 347 Ë°å.
SQL: SELECT `id`,`kid`,`kname`,`name`,`url`,`title`,`money`,`introduce`,`chapternum`,`kctitle`,`img` FROM `dcyd_view` LIMIT 0,20   [ RunTime:0.001000s ]
NOTIC: [8] Undefined variable: map D:\phpstudy\WWW\dcyd\Manage\Lib\Action\UpAction.class.php Á¨¨ 348 Ë°å.
SQL: SELECT COUNT(*) AS tp_count FROM `dcyd_view` LIMIT 1   [ RunTime:0.001000s ]

[ 2017-03-13T14:15:42+08:00 ] 127.0.0.1 /Manerger/index.php/Up/teacher
INFO: [ route_check ] --START--
INFO: CheckRoute Behavior ::run [ RunTime:0.002000s ]
INFO: [ route_check ] --END-- [ RunTime:0.003001s ]
INFO: [ app_begin ] --START--
INFO: ReadHtmlCache Behavior ::run [ RunTime:0.002000s ]
INFO: [ app_begin ] --END-- [ RunTime:0.003000s ]
NOTIC: [8] Undefined index: expire D:\phpstudy\WWW\dcyd\ThinkPHP\Common\functions.php Á¨¨ 549 Ë°å.
SQL: SHOW COLUMNS FROM `dcyd_viewkinds` [ RunTime:0.008000s ]
SQL: SELECT DISTINCT  `id`,`name` FROM `dcyd_viewkinds`  [ RunTime:0.001000s ]
ERR: 1054:Unknown column 'name' in 'field list'
 [ SQLËØ≠Âè• ] : SELECT DISTINCT  `id`,`name` FROM `dcyd_viewkinds` 
INFO: [ view_parse ] --START--
INFO: ParseTemplate Behavior ::run [ RunTime:0.026001s ]
INFO: [ view_parse ] --END-- [ RunTime:0.026001s ]
INFO: [ view_filter ] --START--
INFO: ContentReplace Behavior ::run [ RunTime:0.002000s ]
INFO: TokenBuild Behavior ::run [ RunTime:0.002001s ]
INFO: WriteHtmlCache Behavior ::run [ RunTime:0.001000s ]
INFO: ShowRuntime Behavior ::run [ RunTime:0.003000s ]
INFO: [ view_filter ] --END-- [ RunTime:0.008001s ]
INFO: [ view_end ] --START--
INFO: ShowPageTrace Behavior ::run [ RunTime:0.012001s ]
INFO: [ view_end ] --END-- [ RunTime:0.013001s ]

[ 2017-03-13T14:15:43+08:00 ] 127.0.0.1 /Manerger/index.php?m=Up&a=teacherls
INFO: [ app_begin ] --START--
INFO: ReadHtmlCache Behavior ::run [ RunTime:0.002000s ]
INFO: [ app_begin ] --END-- [ RunTime:0.003000s ]
NOTIC: [8] Undefined index: expire D:\phpstudy\WWW\dcyd\ThinkPHP\Common\functions.php Á¨¨ 549 Ë°å.
NOTIC: [8] Undefined index: id D:\phpstudy\WWW\dcyd\Manage\Lib\Action\UpAction.class.php Á¨¨ 434 Ë°å.
NOTIC: [8] Undefined index: title D:\phpstudy\WWW\dcyd\Manage\Lib\Action\UpAction.class.php Á¨¨ 435 Ë°å.
NOTIC: [8] Undefined index: name D:\phpstudy\WWW\dcyd\Manage\Lib\Action\UpAction.class.php Á¨¨ 436 Ë°å.
NOTIC: [8] Undefined index: ytime D:\phpstudy\WWW\dcyd\Manage\Lib\Action\UpAction.class.php Á¨¨ 437 Ë°å.
SQL: SHOW COLUMNS FROM `dcyd_teacher` [ RunTime:0.008000s ]
NOTIC: [8] Undefined variable: map D:\phpstudy\WWW\dcyd\Manage\Lib\Action\UpAction.class.php Á¨¨ 440 Ë°å.
SQL: SELECT `id`,`name`,`timg`,`explain` FROM `dcyd_teacher` LIMIT 0,20   [ RunTime:0.000000s ]
NOTIC: [8] Undefined variable: map D:\phpstudy\WWW\dcyd\Manage\Lib\Action\UpAction.class.php Á¨¨ 441 Ë°å.
SQL: SELECT COUNT(*) AS tp_count FROM `dcyd_teacher` LIMIT 1   [ RunTime:0.001000s ]

[ 2017-03-13T14:15:50+08:00 ] 127.0.0.1 /Manerger/index.php/Up/teacheredit
INFO: [ route_check ] --START--
INFO: CheckRoute Behavior ::run [ RunTime:0.003000s ]
INFO: [ route_check ] --END-- [ RunTime:0.004000s ]
INFO: [ app_begin ] --START--
INFO: ReadHtmlCache Behavior ::run [ RunTime:0.003001s ]
INFO: [ app_begin ] --END-- [ RunTime:0.005001s ]
NOTIC: [8] Undefined index: expire D:\phpstudy\WWW\dcyd\ThinkPHP\Common\functions.php Á¨¨ 549 Ë°å.
NOTIC: Âª∫ËÆÆ‰ΩøÁî®IÊñπÊ≥ïÊõø‰ª£_post
SQL: SHOW COLUMNS FROM `dcyd_teacher` [ RunTime:0.009000s ]
SQL: SELECT `name`,`timg`,`explain` FROM `dcyd_teacher` WHERE ( id = 5 ) LIMIT 1   [ RunTime:0.000000s ]

[ 2017-03-13T14:28:39+08:00 ] 127.0.0.1 /Manerger/index.php/Up/teacher
INFO: [ route_check ] --START--
INFO: CheckRoute Behavior ::run [ RunTime:0.003000s ]
INFO: [ route_check ] --END-- [ RunTime:0.004000s ]
INFO: [ app_begin ] --START--
INFO: ReadHtmlCache Behavior ::run [ RunTime:0.003001s ]
INFO: [ app_begin ] --END-- [ RunTime:0.005001s ]
NOTIC: [8] Undefined index: expire D:\phpstudy\WWW\dcyd\ThinkPHP\Common\functions.php Á¨¨ 549 Ë°å.
SQL: SHOW COLUMNS FROM `dcyd_viewkinds` [ RunTime:0.008000s ]
SQL: SELECT DISTINCT  `id`,`name` FROM `dcyd_viewkinds`  [ RunTime:0.001000s ]
ERR: 1054:Unknown column 'name' in 'field list'
 [ SQLËØ≠Âè• ] : SELECT DISTINCT  `id`,`name` FROM `dcyd_viewkinds` 
INFO: [ view_parse ] --START--
INFO: ParseTemplate Behavior ::run [ RunTime:0.022001s ]
INFO: [ view_parse ] --END-- [ RunTime:0.023001s ]
INFO: [ view_filter ] --START--
INFO: ContentReplace Behavior ::run [ RunTime:0.002000s ]
INFO: TokenBuild Behavior ::run [ RunTime:0.002000s ]
INFO: WriteHtmlCache Behavior ::run [ RunTime:0.001000s ]
INFO: ShowRuntime Behavior ::run [ RunTime:0.002001s ]
INFO: [ view_filter ] --END-- [ RunTime:0.009001s ]
INFO: [ view_end ] --START--
INFO: ShowPageTrace Behavior ::run [ RunTime:0.002000s ]
INFO: [ view_end ] --END-- [ RunTime:0.003000s ]

[ 2017-03-13T14:28:40+08:00 ] 127.0.0.1 /Manerger/index.php?m=Up&a=teacherls
INFO: [ app_begin ] --START--
INFO: ReadHtmlCache Behavior ::run [ RunTime:0.003000s ]
INFO: [ app_begin ] --END-- [ RunTime:0.004000s ]
NOTIC: [8] Undefined index: expire D:\phpstudy\WWW\dcyd\ThinkPHP\Common\functions.php Á¨¨ 549 Ë°å.
NOTIC: [8] Undefined index: id D:\phpstudy\WWW\dcyd\Manage\Lib\Action\UpAction.class.php Á¨¨ 434 Ë°å.
NOTIC: [8] Undefined index: title D:\phpstudy\WWW\dcyd\Manage\Lib\Action\UpAction.class.php Á¨¨ 435 Ë°å.
NOTIC: [8] Undefined index: name D:\phpstudy\WWW\dcyd\Manage\Lib\Action\UpAction.class.php Á¨¨ 436 Ë°å.
NOTIC: [8] Undefined index: ytime D:\phpstudy\WWW\dcyd\Manage\Lib\Action\UpAction.class.php Á¨¨ 437 Ë°å.
SQL: SHOW COLUMNS FROM `dcyd_teacher` [ RunTime:0.008001s ]
NOTIC: [8] Undefined variable: map D:\phpstudy\WWW\dcyd\Manage\Lib\Action\UpAction.class.php Á¨¨ 440 Ë°å.
SQL: SELECT `id`,`name`,`timg`,`explain` FROM `dcyd_teacher` LIMIT 0,20   [ RunTime:0.001000s ]
NOTIC: [8] Undefined variable: map D:\phpstudy\WWW\dcyd\Manage\Lib\Action\UpAction.class.php Á¨¨ 441 Ë°å.
SQL: SELECT COUNT(*) AS tp_count FROM `dcyd_teacher` LIMIT 1   [ RunTime:0.000000s ]

[ 2017-03-13T14:29:02+08:00 ] 127.0.0.1 /Manerger/index.php/Up/teacher
INFO: [ route_check ] --START--
INFO: CheckRoute Behavior ::run [ RunTime:0.003000s ]
INFO: [ route_check ] --END-- [ RunTime:0.004000s ]
INFO: [ app_begin ] --START--
INFO: ReadHtmlCache Behavior ::run [ RunTime:0.003000s ]
INFO: [ app_begin ] --END-- [ RunTime:0.005000s ]
NOTIC: [8] Undefined index: expire D:\phpstudy\WWW\dcyd\ThinkPHP\Common\functions.php Á¨¨ 549 Ë°å.
SQL: SHOW COLUMNS FROM `dcyd_viewkinds` [ RunTime:0.008001s ]
SQL: SELECT DISTINCT  `id`,`name` FROM `dcyd_viewkinds`  [ RunTime:0.001000s ]
ERR: 1054:Unknown column 'name' in 'field list'
 [ SQLËØ≠Âè• ] : SELECT DISTINCT  `id`,`name` FROM `dcyd_viewkinds` 
INFO: [ view_parse ] --START--
INFO: ParseTemplate Behavior ::run [ RunTime:0.022002s ]
INFO: [ view_parse ] --END-- [ RunTime:0.024002s ]
INFO: [ view_filter ] --START--
INFO: ContentReplace Behavior ::run [ RunTime:0.002000s ]
INFO: TokenBuild Behavior ::run [ RunTime:0.002000s ]
INFO: WriteHtmlCache Behavior ::run [ RunTime:0.001000s ]
INFO: ShowRuntime Behavior ::run [ RunTime:0.003000s ]
INFO: [ view_filter ] --END-- [ RunTime:0.009000s ]
INFO: [ view_end ] --START--
INFO: ShowPageTrace Behavior ::run [ RunTime:0.002000s ]
INFO: [ view_end ] --END-- [ RunTime:0.003000s ]

[ 2017-03-13T14:29:03+08:00 ] 127.0.0.1 /Manerger/index.php?m=Up&a=teacherls
INFO: [ app_begin ] --START--
INFO: ReadHtmlCache Behavior ::run [ RunTime:0.002000s ]
INFO: [ app_begin ] --END-- [ RunTime:0.002000s ]
NOTIC: [8] Undefined index: expire D:\phpstudy\WWW\dcyd\ThinkPHP\Common\functions.php Á¨¨ 549 Ë°å.
NOTIC: [8] Undefined index: id D:\phpstudy\WWW\dcyd\Manage\Lib\Action\UpAction.class.php Á¨¨ 434 Ë°å.
NOTIC: [8] Undefined index: title D:\phpstudy\WWW\dcyd\Manage\Lib\Action\UpAction.class.php Á¨¨ 435 Ë°å.
NOTIC: [8] Undefined index: name D:\phpstudy\WWW\dcyd\Manage\Lib\Action\UpAction.class.php Á¨¨ 436 Ë°å.
NOTIC: [8] Undefined index: ytime D:\phpstudy\WWW\dcyd\Manage\Lib\Action\UpAction.class.php Á¨¨ 437 Ë°å.
SQL: SHOW COLUMNS FROM `dcyd_teacher` [ RunTime:0.007000s ]
NOTIC: [8] Undefined variable: map D:\phpstudy\WWW\dcyd\Manage\Lib\Action\UpAction.class.php Á¨¨ 440 Ë°å.
SQL: SELECT `id`,`name`,`timg`,`explain` FROM `dcyd_teacher` LIMIT 0,20   [ RunTime:0.000000s ]
NOTIC: [8] Undefined variable: map D:\phpstudy\WWW\dcyd\Manage\Lib\Action\UpAction.class.php Á¨¨ 441 Ë°å.
SQL: SELECT COUNT(*) AS tp_count FROM `dcyd_teacher` LIMIT 1   [ RunTime:0.000000s ]

[ 2017-03-13T14:32:30+08:00 ] 127.0.0.1 /Manerger/index.php?
INFO: [ app_begin ] --START--
INFO: ReadHtmlCache Behavior ::run [ RunTime:0.001000s ]
INFO: [ app_begin ] --END-- [ RunTime:0.003000s ]
NOTIC: [8] Undefined index: expire D:\phpstudy\WWW\dcyd\ThinkPHP\Common\functions.php Á¨¨ 549 Ë°å.
INFO: [ view_parse ] --START--
INFO: ParseTemplate Behavior ::run [ RunTime:0.032002s ]
INFO: [ view_parse ] --END-- [ RunTime:0.033002s ]
INFO: [ view_filter ] --START--
INFO: ContentReplace Behavior ::run [ RunTime:0.002000s ]
INFO: TokenBuild Behavior ::run [ RunTime:0.001000s ]
INFO: WriteHtmlCache Behavior ::run [ RunTime:0.001001s ]
INFO: ShowRuntime Behavior ::run [ RunTime:0.002000s ]
INFO: [ view_filter ] --END-- [ RunTime:0.009001s ]
INFO: [ view_end ] --START--
INFO: ShowPageTrace Behavior ::run [ RunTime:0.002000s ]
INFO: [ view_end ] --END-- [ RunTime:0.002000s ]

[ 2017-03-13T14:32:30+08:00 ] 127.0.0.1 /Manerger/index.php/Public/login.html
INFO: [ route_check ] --START--
INFO: CheckRoute Behavior ::run [ RunTime:0.003000s ]
INFO: [ route_check ] --END-- [ RunTime:0.005000s ]
INFO: [ app_begin ] --START--
INFO: ReadHtmlCache Behavior ::run [ RunTime:0.001000s ]
INFO: [ app_begin ] --END-- [ RunTime:0.003000s ]
NOTIC: [8] Undefined index: expire D:\phpstudy\WWW\dcyd\ThinkPHP\Common\functions.php Á¨¨ 549 Ë°å.
INFO: [ view_parse ] --START--
INFO: ParseTemplate Behavior ::run [ RunTime:0.018001s ]
INFO: [ view_parse ] --END-- [ RunTime:0.020001s ]
INFO: [ view_filter ] --START--
INFO: ContentReplace Behavior ::run [ RunTime:0.001000s ]
INFO: TokenBuild Behavior ::run [ RunTime:0.002000s ]
INFO: WriteHtmlCache Behavior ::run [ RunTime:0.001000s ]
INFO: ShowRuntime Behavior ::run [ RunTime:0.003000s ]
INFO: [ view_filter ] --END-- [ RunTime:0.009000s ]
INFO: [ view_end ] --START--
INFO: ShowPageTrace Behavior ::run [ RunTime:0.001000s ]
INFO: [ view_end ] --END-- [ RunTime:0.003001s ]

[ 2017-03-13T14:32:37+08:00 ] 127.0.0.1 /Manerger/index.php/Public/checklogin
INFO: [ route_check ] --START--
INFO: CheckRoute Behavior ::run [ RunTime:0.003000s ]
INFO: [ route_check ] --END-- [ RunTime:0.004000s ]
INFO: [ app_begin ] --START--
INFO: ReadHtmlCache Behavior ::run [ RunTime:0.002000s ]
INFO: [ app_begin ] --END-- [ RunTime:0.003000s ]
NOTIC: [8] Undefined index: expire D:\phpstudy\WWW\dcyd\ThinkPHP\Common\functions.php Á¨¨ 549 Ë°å.
SQL: SHOW COLUMNS FROM `dcyd_admin` [ RunTime:0.008000s ]
NOTIC: Âª∫ËÆÆ‰ΩøÁî®IÊñπÊ≥ïÊõø‰ª£_post
NOTIC: Âª∫ËÆÆ‰ΩøÁî®IÊñπÊ≥ïÊõø‰ª£_post
SQL: SELECT `id`,`rid`,`username` FROM `dcyd_admin` WHERE ( `username` = 'admin' ) AND ( `password` = '8b88e6b7e854b04cb74e' ) LIMIT 1   [ RunTime:0.001000s ]
SQL: SHOW COLUMNS FROM `dcyd_role` [ RunTime:0.008000s ]
SQL: SELECT `powers` FROM `dcyd_role` WHERE ( id=1 ) LIMIT 1   [ RunTime:0.000000s ]
SQL: SHOW COLUMNS FROM `dcyd_node` [ RunTime:0.007001s ]
SQL: SELECT `name` FROM `dcyd_node` WHERE ( pid>0 )  [ RunTime:0.001000s ]
SQL: UPDATE `dcyd_admin` SET `last_time`=1489386757,`last_ip`=127 WHERE ( id=1 ) [ RunTime:0.001000s ]
NOTIC: [8] Undefined variable: var D:\phpstudy\WWW\dcyd\ThinkPHP\Common\functions.php Á¨¨ 247 Ë°å.
NOTIC: [2] array_reverse() expects parameter 1 to be array, null given D:\phpstudy\WWW\dcyd\ThinkPHP\Common\functions.php Á¨¨ 247 Ë°å.
NOTIC: [2] http_build_query() [<a href='function.http-build-query'>function.http-build-query</a>]: Parameter 1 expected to be Array or Object.  Incorrect value given D:\phpstudy\WWW\dcyd\ThinkPHP\Common\functions.php Á¨¨ 247 Ë°å.

[ 2017-03-13T14:32:37+08:00 ] 127.0.0.1 /Manerger/index.php?
INFO: [ app_begin ] --START--
INFO: ReadHtmlCache Behavior ::run [ RunTime:0.004000s ]
INFO: [ app_begin ] --END-- [ RunTime:0.004000s ]
NOTIC: [8] Undefined index: expire D:\phpstudy\WWW\dcyd\ThinkPHP\Common\functions.php Á¨¨ 549 Ë°å.
INFO: [ view_parse ] --START--
INFO: ParseTemplate Behavior ::run [ RunTime:0.035002s ]
INFO: [ view_parse ] --END-- [ RunTime:0.035002s ]
INFO: [ view_filter ] --START--
INFO: ContentReplace Behavior ::run [ RunTime:0.002000s ]
INFO: TokenBuild Behavior ::run [ RunTime:0.002000s ]
INFO: WriteHtmlCache Behavior ::run [ RunTime:0.001000s ]
INFO: ShowRuntime Behavior ::run [ RunTime:0.002000s ]
INFO: [ view_filter ] --END-- [ RunTime:0.008000s ]
INFO: [ view_end ] --START--
INFO: ShowPageTrace Behavior ::run [ RunTime:0.005001s ]
INFO: [ view_end ] --END-- [ RunTime:0.007001s ]

[ 2017-03-13T14:32:41+08:00 ] 127.0.0.1 /Manerger/index.php/Xxdk/index
INFO: [ route_check ] --START--
INFO: CheckRoute Behavior ::run [ RunTime:0.003000s ]
INFO: [ route_check ] --END-- [ RunTime:0.005000s ]
INFO: [ app_begin ] --START--
INFO: ReadHtmlCache Behavior ::run [ RunTime:0.002000s ]
INFO: [ app_begin ] --END-- [ RunTime:0.004000s ]
NOTIC: [8] Undefined index: expire D:\phpstudy\WWW\dcyd\ThinkPHP\Common\functions.php Á¨¨ 549 Ë°å.
NOTIC: [2048] Declaration of XxdkAction::show() should be compatible with that of Action::show() D:\phpstudy\WWW\dcyd\Manage\Lib\Action\XxdkAction.class.php Á¨¨ 184 Ë°å.
INFO: [ view_parse ] --START--
INFO: ParseTemplate Behavior ::run [ RunTime:0.024002s ]
INFO: [ view_parse ] --END-- [ RunTime:0.025002s ]
INFO: [ view_filter ] --START--
INFO: ContentReplace Behavior ::run [ RunTime:0.002000s ]
INFO: TokenBuild Behavior ::run [ RunTime:0.001000s ]
INFO: WriteHtmlCache Behavior ::run [ RunTime:0.001000s ]
INFO: ShowRuntime Behavior ::run [ RunTime:0.003000s ]
INFO: [ view_filter ] --END-- [ RunTime:0.008000s ]
INFO: [ view_end ] --START--
INFO: ShowPageTrace Behavior ::run [ RunTime:0.004001s ]
INFO: [ view_end ] --END-- [ RunTime:0.004001s ]

[ 2017-03-13T14:32:42+08:00 ] 127.0.0.1 /Manerger/index.php?m=Xxdk&a=xxdklist
INFO: [ app_begin ] --START--
INFO: ReadHtmlCache Behavior ::run [ RunTime:0.004000s ]
INFO: [ app_begin ] --END-- [ RunTime:0.005001s ]
NOTIC: [8] Undefined index: expire D:\phpstudy\WWW\dcyd\ThinkPHP\Common\functions.php Á¨¨ 549 Ë°å.
NOTIC: [2048] Declaration of XxdkAction::show() should be compatible with that of Action::show() D:\phpstudy\WWW\dcyd\Manage\Lib\Action\XxdkAction.class.php Á¨¨ 184 Ë°å.
NOTIC: [8] Undefined index: id D:\phpstudy\WWW\dcyd\Manage\Lib\Action\XxdkAction.class.php Á¨¨ 17 Ë°å.
NOTIC: [8] Undefined index: title D:\phpstudy\WWW\dcyd\Manage\Lib\Action\XxdkAction.class.php Á¨¨ 18 Ë°å.
NOTIC: [8] Undefined index: content D:\phpstudy\WWW\dcyd\Manage\Lib\Action\XxdkAction.class.php Á¨¨ 19 Ë°å.
NOTIC: [8] Undefined index: describe D:\phpstudy\WWW\dcyd\Manage\Lib\Action\XxdkAction.class.php Á¨¨ 20 Ë°å.
NOTIC: [8] Undefined index: keywords D:\phpstudy\WWW\dcyd\Manage\Lib\Action\XxdkAction.class.php Á¨¨ 21 Ë°å.
NOTIC: [8] Undefined index: auth D:\phpstudy\WWW\dcyd\Manage\Lib\Action\XxdkAction.class.php Á¨¨ 22 Ë°å.
NOTIC: [8] Undefined index: status D:\phpstudy\WWW\dcyd\Manage\Lib\Action\XxdkAction.class.php Á¨¨ 23 Ë°å.
NOTIC: [8] Undefined index: lanmu D:\phpstudy\WWW\dcyd\Manage\Lib\Action\XxdkAction.class.php Á¨¨ 24 Ë°å.
SQL: SHOW COLUMNS FROM `dcyd_xxkc` [ RunTime:0.008000s ]
NOTIC: [8] Undefined variable: map D:\phpstudy\WWW\dcyd\Manage\Lib\Action\XxdkAction.class.php Á¨¨ 27 Ë°å.
SQL: SELECT `id`,`title`,`keywords`,`laiyuan`,`content`,`auth`,`describe`,`time`,`status`,`img` FROM `dcyd_xxkc` LIMIT 0,20   [ RunTime:0.001000s ]
NOTIC: [8] Undefined variable: map D:\phpstudy\WWW\dcyd\Manage\Lib\Action\XxdkAction.class.php Á¨¨ 28 Ë°å.
SQL: SELECT COUNT(*) AS tp_count FROM `dcyd_xxkc` LIMIT 1   [ RunTime:0.000000s ]

[ 2017-03-13T14:32:49+08:00 ] 127.0.0.1 /Manerger/index.php/Up/teacher
INFO: [ route_check ] --START--
INFO: CheckRoute Behavior ::run [ RunTime:0.003000s ]
INFO: [ route_check ] --END-- [ RunTime:0.005000s ]
INFO: [ app_begin ] --START--
INFO: ReadHtmlCache Behavior ::run [ RunTime:0.002001s ]
INFO: [ app_begin ] --END-- [ RunTime:0.002001s ]
NOTIC: [8] Undefined index: expire D:\phpstudy\WWW\dcyd\ThinkPHP\Common\functions.php Á¨¨ 549 Ë°å.
SQL: SHOW COLUMNS FROM `dcyd_viewkinds` [ RunTime:0.007000s ]
SQL: SELECT DISTINCT  `id`,`name` FROM `dcyd_viewkinds`  [ RunTime:0.001000s ]
ERR: 1054:Unknown column 'name' in 'field list'
 [ SQLËØ≠Âè• ] : SELECT DISTINCT  `id`,`name` FROM `dcyd_viewkinds` 
INFO: [ view_parse ] --START--
INFO: ParseTemplate Behavior ::run [ RunTime:0.021002s ]
INFO: [ view_parse ] --END-- [ RunTime:0.022002s ]
INFO: [ view_filter ] --START--
INFO: ContentReplace Behavior ::run [ RunTime:0.001000s ]
INFO: TokenBuild Behavior ::run [ RunTime:0.002000s ]
INFO: WriteHtmlCache Behavior ::run [ RunTime:0.001000s ]
INFO: ShowRuntime Behavior ::run [ RunTime:0.002000s ]
INFO: [ view_filter ] --END-- [ RunTime:0.009000s ]
INFO: [ view_end ] --START--
INFO: ShowPageTrace Behavior ::run [ RunTime:0.002000s ]
INFO: [ view_end ] --END-- [ RunTime:0.003000s ]

[ 2017-03-13T14:32:50+08:00 ] 127.0.0.1 /Manerger/index.php?m=Up&a=teacherls
INFO: [ app_begin ] --START--
INFO: ReadHtmlCache Behavior ::run [ RunTime:0.002000s ]
INFO: [ app_begin ] --END-- [ RunTime:0.003000s ]
NOTIC: [8] Undefined index: expire D:\phpstudy\WWW\dcyd\ThinkPHP\Common\functions.php Á¨¨ 549 Ë°å.
NOTIC: [8] Undefined index: id D:\phpstudy\WWW\dcyd\Manage\Lib\Action\UpAction.class.php Á¨¨ 434 Ë°å.
NOTIC: [8] Undefined index: title D:\phpstudy\WWW\dcyd\Manage\Lib\Action\UpAction.class.php Á¨¨ 435 Ë°å.
NOTIC: [8] Undefined index: name D:\phpstudy\WWW\dcyd\Manage\Lib\Action\UpAction.class.php Á¨¨ 436 Ë°å.
NOTIC: [8] Undefined index: ytime D:\phpstudy\WWW\dcyd\Manage\Lib\Action\UpAction.class.php Á¨¨ 437 Ë°å.
SQL: SHOW COLUMNS FROM `dcyd_teacher` [ RunTime:0.010000s ]
NOTIC: [8] Undefined variable: map D:\phpstudy\WWW\dcyd\Manage\Lib\Action\UpAction.class.php Á¨¨ 440 Ë°å.
SQL: SELECT `id`,`name`,`timg`,`explain` FROM `dcyd_teacher` LIMIT 0,20   [ RunTime:0.001000s ]
NOTIC: [8] Undefined variable: map D:\phpstudy\WWW\dcyd\Manage\Lib\Action\UpAction.class.php Á¨¨ 441 Ë°å.
SQL: SELECT COUNT(*) AS tp_count FROM `dcyd_teacher` LIMIT 1   [ RunTime:0.001000s ]

[ 2017-03-13T14:34:04+08:00 ] 127.0.0.1 /Manerger/index.php/Up/teacher
INFO: [ route_check ] --START--
INFO: CheckRoute Behavior ::run [ RunTime:0.002000s ]
INFO: [ route_check ] --END-- [ RunTime:0.003000s ]
INFO: [ app_begin ] --START--
INFO: ReadHtmlCache Behavior ::run [ RunTime:0.003000s ]
INFO: [ app_begin ] --END-- [ RunTime:0.004000s ]
NOTIC: [8] Undefined index: expire D:\phpstudy\WWW\dcyd\ThinkPHP\Common\functions.php Á¨¨ 549 Ë°å.
SQL: SHOW COLUMNS FROM `dcyd_viewkinds` [ RunTime:0.009001s ]
SQL: SELECT DISTINCT  `id`,`name` FROM `dcyd_viewkinds`  [ RunTime:0.000000s ]
ERR: 1054:Unknown column 'name' in 'field list'
 [ SQLËØ≠Âè• ] : SELECT DISTINCT  `id`,`name` FROM `dcyd_viewkinds` 
INFO: [ view_parse ] --START--
INFO: ParseTemplate Behavior ::run [ RunTime:0.025001s ]
INFO: [ view_parse ] --END-- [ RunTime:0.025001s ]
INFO: [ view_filter ] --START--
INFO: ContentReplace Behavior ::run [ RunTime:0.001001s ]
INFO: TokenBuild Behavior ::run [ RunTime:0.001000s ]
INFO: WriteHtmlCache Behavior ::run [ RunTime:0.001000s ]
INFO: ShowRuntime Behavior ::run [ RunTime:0.002000s ]
INFO: [ view_filter ] --END-- [ RunTime:0.008001s ]
INFO: [ view_end ] --START--
INFO: ShowPageTrace Behavior ::run [ RunTime:0.002000s ]
INFO: [ view_end ] --END-- [ RunTime:0.003000s ]

[ 2017-03-13T14:34:05+08:00 ] 127.0.0.1 /Manerger/index.php?m=Up&a=teacherls
INFO: [ app_begin ] --START--
INFO: ReadHtmlCache Behavior ::run [ RunTime:0.003000s ]
INFO: [ app_begin ] --END-- [ RunTime:0.004000s ]
NOTIC: [8] Undefined index: expire D:\phpstudy\WWW\dcyd\ThinkPHP\Common\functions.php Á¨¨ 549 Ë°å.
NOTIC: [8] Undefined index: id D:\phpstudy\WWW\dcyd\Manage\Lib\Action\UpAction.class.php Á¨¨ 434 Ë°å.
NOTIC: [8] Undefined index: title D:\phpstudy\WWW\dcyd\Manage\Lib\Action\UpAction.class.php Á¨¨ 435 Ë°å.
NOTIC: [8] Undefined index: name D:\phpstudy\WWW\dcyd\Manage\Lib\Action\UpAction.class.php Á¨¨ 436 Ë°å.
NOTIC: [8] Undefined index: ytime D:\phpstudy\WWW\dcyd\Manage\Lib\Action\UpAction.class.php Á¨¨ 437 Ë°å.
SQL: SHOW COLUMNS FROM `dcyd_teacher` [ RunTime:0.009001s ]
NOTIC: [8] Undefined variable: map D:\phpstudy\WWW\dcyd\Manage\Lib\Action\UpAction.class.php Á¨¨ 440 Ë°å.
SQL: SELECT `id`,`name`,`timg`,`explain` FROM `dcyd_teacher` LIMIT 0,20   [ RunTime:0.000000s ]
NOTIC: [8] Undefined variable: map D:\phpstudy\WWW\dcyd\Manage\Lib\Action\UpAction.class.php Á¨¨ 441 Ë°å.
SQL: SELECT COUNT(*) AS tp_count FROM `dcyd_teacher` LIMIT 1   [ RunTime:0.001000s ]

[ 2017-03-13T14:36:43+08:00 ] 127.0.0.1 /Manerger/index.php/Up/teacher
INFO: [ route_check ] --START--
INFO: CheckRoute Behavior ::run [ RunTime:0.002000s ]
INFO: [ route_check ] --END-- [ RunTime:0.003000s ]
INFO: [ app_begin ] --START--
INFO: ReadHtmlCache Behavior ::run [ RunTime:0.001000s ]
INFO: [ app_begin ] --END-- [ RunTime:0.003000s ]
NOTIC: [8] Undefined index: expire D:\phpstudy\WWW\dcyd\ThinkPHP\Common\functions.php Á¨¨ 549 Ë°å.
SQL: SHOW COLUMNS FROM `dcyd_viewkinds` [ RunTime:0.008001s ]
SQL: SELECT DISTINCT  `id`,`name` FROM `dcyd_viewkinds`  [ RunTime:0.000000s ]
ERR: 1054:Unknown column 'name' in 'field list'
 [ SQLËØ≠Âè• ] : SELECT DISTINCT  `id`,`name` FROM `dcyd_viewkinds` 
INFO: [ view_parse ] --START--
INFO: ParseTemplate Behavior ::run [ RunTime:0.023002s ]
INFO: [ view_parse ] --END-- [ RunTime:0.023002s ]
INFO: [ view_filter ] --START--
INFO: ContentReplace Behavior ::run [ RunTime:0.002000s ]
INFO: TokenBuild Behavior ::run [ RunTime:0.001000s ]
INFO: WriteHtmlCache Behavior ::run [ RunTime:0.001000s ]
INFO: ShowRuntime Behavior ::run [ RunTime:0.003000s ]
INFO: [ view_filter ] --END-- [ RunTime:0.009000s ]
INFO: [ view_end ] --START--
INFO: ShowPageTrace Behavior ::run [ RunTime:0.001000s ]
INFO: [ view_end ] --END-- [ RunTime:0.003001s ]

[ 2017-03-13T14:36:44+08:00 ] 127.0.0.1 /Manerger/index.php?m=Up&a=teacherls
INFO: [ app_begin ] --START--
INFO: ReadHtmlCache Behavior ::run [ RunTime:0.002000s ]
INFO: [ app_begin ] --END-- [ RunTime:0.004000s ]
NOTIC: [8] Undefined index: expire D:\phpstudy\WWW\dcyd\ThinkPHP\Common\functions.php Á¨¨ 549 Ë°å.
NOTIC: [8] Undefined index: id D:\phpstudy\WWW\dcyd\Manage\Lib\Action\UpAction.class.php Á¨¨ 434 Ë°å.
NOTIC: [8] Undefined index: title D:\phpstudy\WWW\dcyd\Manage\Lib\Action\UpAction.class.php Á¨¨ 435 Ë°å.
NOTIC: [8] Undefined index: name D:\phpstudy\WWW\dcyd\Manage\Lib\Action\UpAction.class.php Á¨¨ 436 Ë°å.
NOTIC: [8] Undefined index: ytime D:\phpstudy\WWW\dcyd\Manage\Lib\Action\UpAction.class.php Á¨¨ 437 Ë°å.
SQL: SHOW COLUMNS FROM `dcyd_teacher` [ RunTime:0.010000s ]
NOTIC: [8] Undefined variable: map D:\phpstudy\WWW\dcyd\Manage\Lib\Action\UpAction.class.php Á¨¨ 440 Ë°å.
SQL: SELECT `id`,`name`,`timg`,`explain` FROM `dcyd_teacher` LIMIT 0,20   [ RunTime:0.001000s ]
NOTIC: [8] Undefined variable: map D:\phpstudy\WWW\dcyd\Manage\Lib\Action\UpAction.class.php Á¨¨ 441 Ë°å.
SQL: SELECT COUNT(*) AS tp_count FROM `dcyd_teacher` LIMIT 1   [ RunTime:0.000000s ]

[ 2017-03-13T14:37:50+08:00 ] 127.0.0.1 /Manerger/index.php/Up/teacher
INFO: [ route_check ] --START--
INFO: CheckRoute Behavior ::run [ RunTime:0.003000s ]
INFO: [ route_check ] --END-- [ RunTime:0.004000s ]
INFO: [ app_begin ] --START--
INFO: ReadHtmlCache Behavior ::run [ RunTime:0.003000s ]
INFO: [ app_begin ] --END-- [ RunTime:0.005000s ]
NOTIC: [8] Undefined index: expire D:\phpstudy\WWW\dcyd\ThinkPHP\Common\functions.php Á¨¨ 549 Ë°å.
SQL: SHOW COLUMNS FROM `dcyd_viewkinds` [ RunTime:0.009001s ]
SQL: SELECT DISTINCT  `id`,`name` FROM `dcyd_viewkinds`  [ RunTime:0.001000s ]
ERR: 1054:Unknown column 'name' in 'field list'
 [ SQLËØ≠Âè• ] : SELECT DISTINCT  `id`,`name` FROM `dcyd_viewkinds` 
INFO: [ view_parse ] --START--
INFO: ParseTemplate Behavior ::run [ RunTime:0.023002s ]
INFO: [ view_parse ] --END-- [ RunTime:0.024002s ]
INFO: [ view_filter ] --START--
INFO: ContentReplace Behavior ::run [ RunTime:0.002000s ]
INFO: TokenBuild Behavior ::run [ RunTime:0.002000s ]
INFO: WriteHtmlCache Behavior ::run [ RunTime:0.001000s ]
INFO: ShowRuntime Behavior ::run [ RunTime:0.003000s ]
INFO: [ view_filter ] --END-- [ RunTime:0.011000s ]
INFO: [ view_end ] --START--
INFO: ShowPageTrace Behavior ::run [ RunTime:0.002000s ]
INFO: [ view_end ] --END-- [ RunTime:0.004001s ]

[ 2017-03-13T14:37:51+08:00 ] 127.0.0.1 /Manerger/index.php?m=Up&a=teacherls
INFO: [ app_begin ] --START--
INFO: ReadHtmlCache Behavior ::run [ RunTime:0.002000s ]
INFO: [ app_begin ] --END-- [ RunTime:0.003000s ]
NOTIC: [8] Undefined index: expire D:\phpstudy\WWW\dcyd\ThinkPHP\Common\functions.php Á¨¨ 549 Ë°å.
NOTIC: [8] Undefined index: id D:\phpstudy\WWW\dcyd\Manage\Lib\Action\UpAction.class.php Á¨¨ 434 Ë°å.
NOTIC: [8] Undefined index: title D:\phpstudy\WWW\dcyd\Manage\Lib\Action\UpAction.class.php Á¨¨ 435 Ë°å.
NOTIC: [8] Undefined index: name D:\phpstudy\WWW\dcyd\Manage\Lib\Action\UpAction.class.php Á¨¨ 436 Ë°å.
NOTIC: [8] Undefined index: ytime D:\phpstudy\WWW\dcyd\Manage\Lib\Action\UpAction.class.php Á¨¨ 437 Ë°å.
SQL: SHOW COLUMNS FROM `dcyd_teacher` [ RunTime:0.009001s ]
NOTIC: [8] Undefined variable: map D:\phpstudy\WWW\dcyd\Manage\Lib\Action\UpAction.class.php Á¨¨ 440 Ë°å.
SQL: SELECT `id`,`name`,`timg`,`explain` FROM `dcyd_teacher` LIMIT 0,20   [ RunTime:0.001000s ]
NOTIC: [8] Undefined variable: map D:\phpstudy\WWW\dcyd\Manage\Lib\Action\UpAction.class.php Á¨¨ 441 Ë°å.
SQL: SELECT COUNT(*) AS tp_count FROM `dcyd_teacher` LIMIT 1   [ RunTime:0.000000s ]

[ 2017-03-13T14:38:25+08:00 ] 127.0.0.1 /Manerger/index.php?m=Up&a=teacheradd
INFO: [ app_begin ] --START--
INFO: ReadHtmlCache Behavior ::run [ RunTime:0.002000s ]
INFO: [ app_begin ] --END-- [ RunTime:0.004000s ]
NOTIC: [8] Undefined index: expire D:\phpstudy\WWW\dcyd\ThinkPHP\Common\functions.php Á¨¨ 549 Ë°å.
SQL: SHOW COLUMNS FROM `dcyd_teacher` [ RunTime:0.008001s ]
NOTIC: Âª∫ËÆÆ‰ΩøÁî®IÊñπÊ≥ïÊõø‰ª£_post
NOTIC: Âª∫ËÆÆ‰ΩøÁî®IÊñπÊ≥ïÊõø‰ª£_post
NOTIC: [2] getimagesize() expects parameter 1 to be string, array given D:\phpstudy\WWW\dcyd\Manage\Lib\Action\UpAction.class.php Á¨¨ 458 Ë°å.
NOTIC: [8] Use of undefined constant uniqid - assumed 'uniqid' D:\phpstudy\WWW\dcyd\Manage\Lib\Action\UpAction.class.php Á¨¨ 467 Ë°å.
NOTIC: [8] Use of undefined constant date - assumed 'date' D:\phpstudy\WWW\dcyd\Manage\Lib\Action\UpAction.class.php Á¨¨ 470 Ë°å.
SQL: INSERT INTO `dcyd_teacher` (`name`,`explain`,`timg`) VALUES ('Âº†‰∏â','&lt;p&gt;‰∏ìÂÆ∂&lt;/p&gt;&lt;p&gt;‰ºöÂêÉÈ•\≠&lt;/p&gt;&lt;p&gt;‰ºöÂÅöËè\ú&lt;/p&gt;&lt;p&gt;‰ºöÊâìË±ÜË±Ü&lt;/p&gt;','/Public/upload/image/20170313/58c63e613d654.jpg') [ RunTime:0.001000s ]

[ 2017-03-13T14:38:26+08:00 ] 127.0.0.1 /Manerger/index.php?m=Up&a=teacherls
INFO: [ app_begin ] --START--
INFO: ReadHtmlCache Behavior ::run [ RunTime:0.002000s ]
INFO: [ app_begin ] --END-- [ RunTime:0.002000s ]
NOTIC: [8] Undefined index: expire D:\phpstudy\WWW\dcyd\ThinkPHP\Common\functions.php Á¨¨ 549 Ë°å.
NOTIC: [8] Undefined index: id D:\phpstudy\WWW\dcyd\Manage\Lib\Action\UpAction.class.php Á¨¨ 434 Ë°å.
NOTIC: [8] Undefined index: title D:\phpstudy\WWW\dcyd\Manage\Lib\Action\UpAction.class.php Á¨¨ 435 Ë°å.
NOTIC: [8] Undefined index: name D:\phpstudy\WWW\dcyd\Manage\Lib\Action\UpAction.class.php Á¨¨ 436 Ë°å.
NOTIC: [8] Undefined index: ytime D:\phpstudy\WWW\dcyd\Manage\Lib\Action\UpAction.class.php Á¨¨ 437 Ë°å.
SQL: SHOW COLUMNS FROM `dcyd_teacher` [ RunTime:0.008000s ]
NOTIC: [8] Undefined variable: map D:\phpstudy\WWW\dcyd\Manage\Lib\Action\UpAction.class.php Á¨¨ 440 Ë°å.
SQL: SELECT `id`,`name`,`timg`,`explain` FROM `dcyd_teacher` LIMIT 0,20   [ RunTime:0.001000s ]
NOTIC: [8] Undefined variable: map D:\phpstudy\WWW\dcyd\Manage\Lib\Action\UpAction.class.php Á¨¨ 441 Ë°å.
SQL: SELECT COUNT(*) AS tp_count FROM `dcyd_teacher` LIMIT 1   [ RunTime:0.000000s ]

[ 2017-03-13T14:42:45+08:00 ] 127.0.0.1 /Manerger/index.php/Up/teacheredit
INFO: [ route_check ] --START--
INFO: CheckRoute Behavior ::run [ RunTime:0.003000s ]
INFO: [ route_check ] --END-- [ RunTime:0.004000s ]
INFO: [ app_begin ] --START--
INFO: ReadHtmlCache Behavior ::run [ RunTime:0.003000s ]
INFO: [ app_begin ] --END-- [ RunTime:0.004000s ]
NOTIC: [8] Undefined index: expire D:\phpstudy\WWW\dcyd\ThinkPHP\Common\functions.php Á¨¨ 549 Ë°å.
NOTIC: Âª∫ËÆÆ‰ΩøÁî®IÊñπÊ≥ïÊõø‰ª£_post
SQL: SHOW COLUMNS FROM `dcyd_teacher` [ RunTime:0.008001s ]
SQL: SELECT `name`,`timg`,`explain` FROM `dcyd_teacher` WHERE ( id = 7 ) LIMIT 1   [ RunTime:0.001001s ]

[ 2017-03-13T14:44:51+08:00 ] 127.0.0.1 /Manerger/index.php/Up/teacher
INFO: [ route_check ] --START--
INFO: CheckRoute Behavior ::run [ RunTime:0.002000s ]
INFO: [ route_check ] --END-- [ RunTime:0.004000s ]
INFO: [ app_begin ] --START--
INFO: ReadHtmlCache Behavior ::run [ RunTime:0.002000s ]
INFO: [ app_begin ] --END-- [ RunTime:0.003000s ]
NOTIC: [8] Undefined index: expire D:\phpstudy\WWW\dcyd\ThinkPHP\Common\functions.php Á¨¨ 549 Ë°å.
SQL: SHOW COLUMNS FROM `dcyd_viewkinds` [ RunTime:0.008000s ]
SQL: SELECT DISTINCT  `id`,`name` FROM `dcyd_viewkinds`  [ RunTime:0.001000s ]
ERR: 1054:Unknown column 'name' in 'field list'
 [ SQLËØ≠Âè• ] : SELECT DISTINCT  `id`,`name` FROM `dcyd_viewkinds` 
INFO: [ view_parse ] --START--
INFO: ParseTemplate Behavior ::run [ RunTime:0.022001s ]
INFO: [ view_parse ] --END-- [ RunTime:0.023001s ]
INFO: [ view_filter ] --START--
INFO: ContentReplace Behavior ::run [ RunTime:0.002000s ]
INFO: TokenBuild Behavior ::run [ RunTime:0.002000s ]
INFO: WriteHtmlCache Behavior ::run [ RunTime:0.001000s ]
INFO: ShowRuntime Behavior ::run [ RunTime:0.002001s ]
INFO: [ view_filter ] --END-- [ RunTime:0.010001s ]
INFO: [ view_end ] --START--
INFO: ShowPageTrace Behavior ::run [ RunTime:0.002000s ]
INFO: [ view_end ] --END-- [ RunTime:0.003000s ]

[ 2017-03-13T14:44:52+08:00 ] 127.0.0.1 /Manerger/index.php?m=Up&a=teacherls
INFO: [ app_begin ] --START--
INFO: ReadHtmlCache Behavior ::run [ RunTime:0.002000s ]
INFO: [ app_begin ] --END-- [ RunTime:0.003000s ]
NOTIC: [8] Undefined index: expire D:\phpstudy\WWW\dcyd\ThinkPHP\Common\functions.php Á¨¨ 549 Ë°å.
NOTIC: [8] Undefined index: id D:\phpstudy\WWW\dcyd\Manage\Lib\Action\UpAction.class.php Á¨¨ 434 Ë°å.
NOTIC: [8] Undefined index: title D:\phpstudy\WWW\dcyd\Manage\Lib\Action\UpAction.class.php Á¨¨ 435 Ë°å.
NOTIC: [8] Undefined index: name D:\phpstudy\WWW\dcyd\Manage\Lib\Action\UpAction.class.php Á¨¨ 436 Ë°å.
NOTIC: [8] Undefined index: ytime D:\phpstudy\WWW\dcyd\Manage\Lib\Action\UpAction.class.php Á¨¨ 437 Ë°å.
SQL: SHOW COLUMNS FROM `dcyd_teacher` [ RunTime:0.008000s ]
NOTIC: [8] Undefined variable: map D:\phpstudy\WWW\dcyd\Manage\Lib\Action\UpAction.class.php Á¨¨ 440 Ë°å.
SQL: SELECT `id`,`name`,`timg`,`explain` FROM `dcyd_teacher` LIMIT 0,20   [ RunTime:0.001000s ]
NOTIC: [8] Undefined variable: map D:\phpstudy\WWW\dcyd\Manage\Lib\Action\UpAction.class.php Á¨¨ 441 Ë°å.
SQL: SELECT COUNT(*) AS tp_count FROM `dcyd_teacher` LIMIT 1   [ RunTime:0.000000s ]

[ 2017-03-13T14:44:55+08:00 ] 127.0.0.1 /Manerger/index.php/Up/teacheredit
INFO: [ route_check ] --START--
INFO: CheckRoute Behavior ::run [ RunTime:0.003000s ]
INFO: [ route_check ] --END-- [ RunTime:0.003000s ]
INFO: [ app_begin ] --START--
INFO: ReadHtmlCache Behavior ::run [ RunTime:0.003001s ]
INFO: [ app_begin ] --END-- [ RunTime:0.004001s ]
NOTIC: [8] Undefined index: expire D:\phpstudy\WWW\dcyd\ThinkPHP\Common\functions.php Á¨¨ 549 Ë°å.
NOTIC: Âª∫ËÆÆ‰ΩøÁî®IÊñπÊ≥ïÊõø‰ª£_post
SQL: SHOW COLUMNS FROM `dcyd_teacher` [ RunTime:0.010000s ]
SQL: SELECT `name`,`timg`,`explain` FROM `dcyd_teacher` WHERE ( id = 7 ) LIMIT 1   [ RunTime:0.001000s ]

[ 2017-03-13T14:45:06+08:00 ] 127.0.0.1 /Manerger/index.php/Up/teacheredit
INFO: [ route_check ] --START--
INFO: CheckRoute Behavior ::run [ RunTime:0.002000s ]
INFO: [ route_check ] --END-- [ RunTime:0.004000s ]
INFO: [ app_begin ] --START--
INFO: ReadHtmlCache Behavior ::run [ RunTime:0.003001s ]
INFO: [ app_begin ] --END-- [ RunTime:0.003001s ]
NOTIC: [8] Undefined index: expire D:\phpstudy\WWW\dcyd\ThinkPHP\Common\functions.php Á¨¨ 549 Ë°å.
NOTIC: Âª∫ËÆÆ‰ΩøÁî®IÊñπÊ≥ïÊõø‰ª£_post
SQL: SHOW COLUMNS FROM `dcyd_teacher` [ RunTime:0.008001s ]
SQL: SELECT `name`,`timg`,`explain` FROM `dcyd_teacher` WHERE ( id = 7 ) LIMIT 1   [ RunTime:0.000000s ]

[ 2017-03-13T14:45:15+08:00 ] 127.0.0.1 /Manerger/index.php?m=Up&a=teachersave&id=7
INFO: [ app_begin ] --START--
INFO: ReadHtmlCache Behavior ::run [ RunTime:0.003000s ]
INFO: [ app_begin ] --END-- [ RunTime:0.005000s ]
NOTIC: [8] Undefined index: expire D:\phpstudy\WWW\dcyd\ThinkPHP\Common\functions.php Á¨¨ 549 Ë°å.
SQL: SHOW COLUMNS FROM `dcyd_teacher` [ RunTime:0.010001s ]
NOTIC: Âª∫ËÆÆ‰ΩøÁî®IÊñπÊ≥ïÊõø‰ª£_post
NOTIC: [2] getimagesize() expects parameter 1 to be string, array given D:\phpstudy\WWW\dcyd\Manage\Lib\Action\UpAction.class.php Á¨¨ 512 Ë°å.
NOTIC: [8] Use of undefined constant uniqid - assumed 'uniqid' D:\phpstudy\WWW\dcyd\Manage\Lib\Action\UpAction.class.php Á¨¨ 521 Ë°å.
NOTIC: [8] Use of undefined constant date - assumed 'date' D:\phpstudy\WWW\dcyd\Manage\Lib\Action\UpAction.class.php Á¨¨ 524 Ë°å.
NOTIC: Âª∫ËÆÆ‰ΩøÁî®IÊñπÊ≥ïÊõø‰ª£_post
SQL: UPDATE `dcyd_teacher` SET `name`='Âº†‰∏â',`explain`='&lt;p&gt;123&lt;/p&gt;&lt;p&gt;45677&lt;/p&gt;&lt;p&gt;7567657&lt;/p&gt;' WHERE ( id = 7 ) [ RunTime:0.000000s ]

[ 2017-03-13T14:45:15+08:00 ] 127.0.0.1 /Manerger/index.php?m=Up&a=teacherls
INFO: [ app_begin ] --START--
INFO: ReadHtmlCache Behavior ::run [ RunTime:0.001000s ]
INFO: [ app_begin ] --END-- [ RunTime:0.003000s ]
NOTIC: [8] Undefined index: expire D:\phpstudy\WWW\dcyd\ThinkPHP\Common\functions.php Á¨¨ 549 Ë°å.
NOTIC: [8] Undefined index: id D:\phpstudy\WWW\dcyd\Manage\Lib\Action\UpAction.class.php Á¨¨ 434 Ë°å.
NOTIC: [8] Undefined index: title D:\phpstudy\WWW\dcyd\Manage\Lib\Action\UpAction.class.php Á¨¨ 435 Ë°å.
NOTIC: [8] Undefined index: name D:\phpstudy\WWW\dcyd\Manage\Lib\Action\UpAction.class.php Á¨¨ 436 Ë°å.
NOTIC: [8] Undefined index: ytime D:\phpstudy\WWW\dcyd\Manage\Lib\Action\UpAction.class.php Á¨¨ 437 Ë°å.
SQL: SHOW COLUMNS FROM `dcyd_teacher` [ RunTime:0.008000s ]
NOTIC: [8] Undefined variable: map D:\phpstudy\WWW\dcyd\Manage\Lib\Action\UpAction.class.php Á¨¨ 440 Ë°å.
SQL: SELECT `id`,`name`,`timg`,`explain` FROM `dcyd_teacher` LIMIT 0,20   [ RunTime:0.000000s ]
NOTIC: [8] Undefined variable: map D:\phpstudy\WWW\dcyd\Manage\Lib\Action\UpAction.class.php Á¨¨ 441 Ë°å.
SQL: SELECT COUNT(*) AS tp_count FROM `dcyd_teacher` LIMIT 1   [ RunTime:0.001000s ]

[ 2017-03-13T15:03:39+08:00 ] 127.0.0.1 /Manerger/index.php/Article/index
INFO: [ route_check ] --START--
INFO: CheckRoute Behavior ::run [ RunTime:0.002000s ]
INFO: [ route_check ] --END-- [ RunTime:0.003000s ]
INFO: [ app_begin ] --START--
INFO: ReadHtmlCache Behavior ::run [ RunTime:0.002001s ]
INFO: [ app_begin ] --END-- [ RunTime:0.003001s ]
NOTIC: [8] Undefined index: expire D:\phpstudy\WWW\dcyd\ThinkPHP\Common\functions.php Á¨¨ 549 Ë°å.
NOTIC: [2048] Declaration of ArticleAction::show() should be compatible with that of Action::show() D:\phpstudy\WWW\dcyd\Manage\Lib\Action\ArticleAction.class.php Á¨¨ 137 Ë°å.
INFO: [ view_parse ] --START--
INFO: ParseTemplate Behavior ::run [ RunTime:0.026002s ]
INFO: [ view_parse ] --END-- [ RunTime:0.028002s ]
INFO: [ view_filter ] --START--
INFO: ContentReplace Behavior ::run [ RunTime:0.001000s ]
INFO: TokenBuild Behavior ::run [ RunTime:0.002000s ]
INFO: WriteHtmlCache Behavior ::run [ RunTime:0.001000s ]
INFO: ShowRuntime Behavior ::run [ RunTime:0.002000s ]
INFO: [ view_filter ] --END-- [ RunTime:0.010000s ]
INFO: [ view_end ] --START--
INFO: ShowPageTrace Behavior ::run [ RunTime:0.002000s ]
INFO: [ view_end ] --END-- [ RunTime:0.005001s ]

[ 2017-03-13T15:03:39+08:00 ] 127.0.0.1 /Manerger/index.php?m=Article&a=articlelist
INFO: [ app_begin ] --START--
INFO: ReadHtmlCache Behavior ::run [ RunTime:0.002000s ]
INFO: [ app_begin ] --END-- [ RunTime:0.003000s ]
NOTIC: [8] Undefined index: expire D:\phpstudy\WWW\dcyd\ThinkPHP\Common\functions.php Á¨¨ 549 Ë°å.
NOTIC: [2048] Declaration of ArticleAction::show() should be compatible with that of Action::show() D:\phpstudy\WWW\dcyd\Manage\Lib\Action\ArticleAction.class.php Á¨¨ 137 Ë°å.
NOTIC: [8] Undefined index: id D:\phpstudy\WWW\dcyd\Manage\Lib\Action\ArticleAction.class.php Á¨¨ 17 Ë°å.
NOTIC: [8] Undefined index: title D:\phpstudy\WWW\dcyd\Manage\Lib\Action\ArticleAction.class.php Á¨¨ 18 Ë°å.
NOTIC: [8] Undefined index: content D:\phpstudy\WWW\dcyd\Manage\Lib\Action\ArticleAction.class.php Á¨¨ 19 Ë°å.
NOTIC: [8] Undefined index: describe D:\phpstudy\WWW\dcyd\Manage\Lib\Action\ArticleAction.class.php Á¨¨ 20 Ë°å.
NOTIC: [8] Undefined index: keywords D:\phpstudy\WWW\dcyd\Manage\Lib\Action\ArticleAction.class.php Á¨¨ 21 Ë°å.
NOTIC: [8] Undefined index: auth D:\phpstudy\WWW\dcyd\Manage\Lib\Action\ArticleAction.class.php Á¨¨ 22 Ë°å.
NOTIC: [8] Undefined index: status D:\phpstudy\WWW\dcyd\Manage\Lib\Action\ArticleAction.class.php Á¨¨ 23 Ë°å.
NOTIC: [8] Undefined index: lanmu D:\phpstudy\WWW\dcyd\Manage\Lib\Action\ArticleAction.class.php Á¨¨ 24 Ë°å.
SQL: SHOW COLUMNS FROM `dcyd_article` [ RunTime:0.010001s ]
NOTIC: [8] Undefined variable: map D:\phpstudy\WWW\dcyd\Manage\Lib\Action\ArticleAction.class.php Á¨¨ 27 Ë°å.
SQL: SELECT `id`,`title`,`keywords`,`lanmu`,`laiyuan`,`content`,`auth`,`describe`,`time`,`status` FROM `dcyd_article` LIMIT 0,20   [ RunTime:0.001000s ]
NOTIC: [8] Undefined variable: map D:\phpstudy\WWW\dcyd\Manage\Lib\Action\ArticleAction.class.php Á¨¨ 28 Ë°å.
SQL: SELECT COUNT(*) AS tp_count FROM `dcyd_article` LIMIT 1   [ RunTime:0.000000s ]

[ 2017-03-13T15:03:42+08:00 ] 127.0.0.1 /Manerger/index.php/Article/articleedit
INFO: [ route_check ] --START--
INFO: CheckRoute Behavior ::run [ RunTime:0.001000s ]
INFO: [ route_check ] --END-- [ RunTime:0.003000s ]
INFO: [ app_begin ] --START--
INFO: ReadHtmlCache Behavior ::run [ RunTime:0.001000s ]
INFO: [ app_begin ] --END-- [ RunTime:0.003000s ]
NOTIC: [8] Undefined index: expire D:\phpstudy\WWW\dcyd\ThinkPHP\Common\functions.php Á¨¨ 549 Ë°å.
NOTIC: [2048] Declaration of ArticleAction::show() should be compatible with that of Action::show() D:\phpstudy\WWW\dcyd\Manage\Lib\Action\ArticleAction.class.php Á¨¨ 137 Ë°å.
NOTIC: Âª∫ËÆÆ‰ΩøÁî®IÊñπÊ≥ïÊõø‰ª£_post
SQL: SHOW COLUMNS FROM `dcyd_article` [ RunTime:0.007001s ]
SQL: SELECT `id`,`title`,`keywords`,`lanmu`,`laiyuan`,`describe`,`auth`,`content` FROM `dcyd_article` WHERE ( id=2 ) LIMIT 1   [ RunTime:0.001000s ]

[ 2017-03-13T15:03:56+08:00 ] 127.0.0.1 /Manerger/index.php/Up/teacher
INFO: [ route_check ] --START--
INFO: CheckRoute Behavior ::run [ RunTime:0.002000s ]
INFO: [ route_check ] --END-- [ RunTime:0.002000s ]
INFO: [ app_begin ] --START--
INFO: ReadHtmlCache Behavior ::run [ RunTime:0.003000s ]
INFO: [ app_begin ] --END-- [ RunTime:0.003000s ]
NOTIC: [8] Undefined index: expire D:\phpstudy\WWW\dcyd\ThinkPHP\Common\functions.php Á¨¨ 549 Ë°å.
SQL: SHOW COLUMNS FROM `dcyd_viewkinds` [ RunTime:0.010001s ]
SQL: SELECT DISTINCT  `id`,`name` FROM `dcyd_viewkinds`  [ RunTime:0.000000s ]
ERR: 1054:Unknown column 'name' in 'field list'
 [ SQLËØ≠Âè• ] : SELECT DISTINCT  `id`,`name` FROM `dcyd_viewkinds` 
INFO: [ view_parse ] --START--
INFO: ParseTemplate Behavior ::run [ RunTime:0.025002s ]
INFO: [ view_parse ] --END-- [ RunTime:0.026002s ]
INFO: [ view_filter ] --START--
INFO: ContentReplace Behavior ::run [ RunTime:0.002000s ]
INFO: TokenBuild Behavior ::run [ RunTime:0.002000s ]
INFO: WriteHtmlCache Behavior ::run [ RunTime:0.001000s ]
INFO: ShowRuntime Behavior ::run [ RunTime:0.003000s ]
INFO: [ view_filter ] --END-- [ RunTime:0.009000s ]
INFO: [ view_end ] --START--
INFO: ShowPageTrace Behavior ::run [ RunTime:0.003001s ]
INFO: [ view_end ] --END-- [ RunTime:0.003001s ]

[ 2017-03-13T15:03:57+08:00 ] 127.0.0.1 /Manerger/index.php?m=Up&a=teacherls
INFO: [ app_begin ] --START--
INFO: ReadHtmlCache Behavior ::run [ RunTime:0.003001s ]
INFO: [ app_begin ] --END-- [ RunTime:0.004001s ]
NOTIC: [8] Undefined index: expire D:\phpstudy\WWW\dcyd\ThinkPHP\Common\functions.php Á¨¨ 549 Ë°å.
NOTIC: [8] Undefined index: id D:\phpstudy\WWW\dcyd\Manage\Lib\Action\UpAction.class.php Á¨¨ 434 Ë°å.
NOTIC: [8] Undefined index: title D:\phpstudy\WWW\dcyd\Manage\Lib\Action\UpAction.class.php Á¨¨ 435 Ë°å.
NOTIC: [8] Undefined index: name D:\phpstudy\WWW\dcyd\Manage\Lib\Action\UpAction.class.php Á¨¨ 436 Ë°å.
NOTIC: [8] Undefined index: ytime D:\phpstudy\WWW\dcyd\Manage\Lib\Action\UpAction.class.php Á¨¨ 437 Ë°å.
SQL: SHOW COLUMNS FROM `dcyd_teacher` [ RunTime:0.009001s ]
NOTIC: [8] Undefined variable: map D:\phpstudy\WWW\dcyd\Manage\Lib\Action\UpAction.class.php Á¨¨ 440 Ë°å.
SQL: SELECT `id`,`name`,`timg`,`explain` FROM `dcyd_teacher` LIMIT 0,20   [ RunTime:0.000000s ]
NOTIC: [8] Undefined variable: map D:\phpstudy\WWW\dcyd\Manage\Lib\Action\UpAction.class.php Á¨¨ 441 Ë°å.
SQL: SELECT COUNT(*) AS tp_count FROM `dcyd_teacher` LIMIT 1   [ RunTime:0.000000s ]

[ 2017-03-13T15:05:14+08:00 ] 127.0.0.1 /Manerger/index.php/Up/teacheredit
INFO: [ route_check ] --START--
INFO: CheckRoute Behavior ::run [ RunTime:0.003001s ]
INFO: [ route_check ] --END-- [ RunTime:0.004001s ]
INFO: [ app_begin ] --START--
INFO: ReadHtmlCache Behavior ::run [ RunTime:0.002000s ]
INFO: [ app_begin ] --END-- [ RunTime:0.002000s ]
NOTIC: [8] Undefined index: expire D:\phpstudy\WWW\dcyd\ThinkPHP\Common\functions.php Á¨¨ 549 Ë°å.
NOTIC: Âª∫ËÆÆ‰ΩøÁî®IÊñπÊ≥ïÊõø‰ª£_post
SQL: SHOW COLUMNS FROM `dcyd_teacher` [ RunTime:0.007000s ]
SQL: SELECT `name`,`timg`,`explain` FROM `dcyd_teacher` WHERE ( id = 7 ) LIMIT 1   [ RunTime:0.001000s ]

[ 2017-03-13T15:07:23+08:00 ] 127.0.0.1 /Manerger/index.php?m=Up&a=teacheradd
INFO: [ app_begin ] --START--
INFO: ReadHtmlCache Behavior ::run [ RunTime:0.002000s ]
INFO: [ app_begin ] --END-- [ RunTime:0.003000s ]
NOTIC: [8] Undefined index: expire D:\phpstudy\WWW\dcyd\ThinkPHP\Common\functions.php Á¨¨ 549 Ë°å.
SQL: SHOW COLUMNS FROM `dcyd_teacher` [ RunTime:0.010001s ]
NOTIC: Âª∫ËÆÆ‰ΩøÁî®IÊñπÊ≥ïÊõø‰ª£_post
NOTIC: Âª∫ËÆÆ‰ΩøÁî®IÊñπÊ≥ïÊõø‰ª£_post
NOTIC: [2] getimagesize() expects parameter 1 to be string, array given D:\phpstudy\WWW\dcyd\Manage\Lib\Action\UpAction.class.php Á¨¨ 458 Ë°å.
NOTIC: [8] Use of undefined constant uniqid - assumed 'uniqid' D:\phpstudy\WWW\dcyd\Manage\Lib\Action\UpAction.class.php Á¨¨ 467 Ë°å.
NOTIC: [8] Use of undefined constant date - assumed 'date' D:\phpstudy\WWW\dcyd\Manage\Lib\Action\UpAction.class.php Á¨¨ 470 Ë°å.
SQL: INSERT INTO `dcyd_teacher` (`name`,`explain`) VALUES ('Áé©ÂÑø','&lt;p&gt;Áé©ÂÑø Áé©ÂÑø&lt;/p&gt;&lt;p&gt;‰ªªÂ§©Èáé‰ªªÂ§©Èáé‰ªªÂ§©Èá\é&lt;/p&gt;&lt;p&gt;Yui‰ΩìËÇ≤Â±ÄÁ´•È¢úÂ∑®‰π≥Á¶èÁâπÁøºËôéËÆ©‰ªñ&lt;/p&gt;&lt;p&gt;Â§™Èò≥Ëä±Êõ¥Á¨¶ÂêàÊ≥ïËßÑÊøÄÂÖâÁÑäÊé•‰∫¨‰∏úÊñπÁªôÂØπÊñ\π&lt;/p&gt;') [ RunTime:0.000000s ]

[ 2017-03-13T15:07:24+08:00 ] 127.0.0.1 /Manerger/index.php?m=Up&a=teacherls
INFO: [ app_begin ] --START--
INFO: ReadHtmlCache Behavior ::run [ RunTime:0.002000s ]
INFO: [ app_begin ] --END-- [ RunTime:0.002000s ]
NOTIC: [8] Undefined index: expire D:\phpstudy\WWW\dcyd\ThinkPHP\Common\functions.php Á¨¨ 549 Ë°å.
NOTIC: [8] Undefined index: id D:\phpstudy\WWW\dcyd\Manage\Lib\Action\UpAction.class.php Á¨¨ 434 Ë°å.
NOTIC: [8] Undefined index: title D:\phpstudy\WWW\dcyd\Manage\Lib\Action\UpAction.class.php Á¨¨ 435 Ë°å.
NOTIC: [8] Undefined index: name D:\phpstudy\WWW\dcyd\Manage\Lib\Action\UpAction.class.php Á¨¨ 436 Ë°å.
NOTIC: [8] Undefined index: ytime D:\phpstudy\WWW\dcyd\Manage\Lib\Action\UpAction.class.php Á¨¨ 437 Ë°å.
SQL: SHOW COLUMNS FROM `dcyd_teacher` [ RunTime:0.007000s ]
NOTIC: [8] Undefined variable: map D:\phpstudy\WWW\dcyd\Manage\Lib\Action\UpAction.class.php Á¨¨ 440 Ë°å.
SQL: SELECT `id`,`name`,`timg`,`explain` FROM `dcyd_teacher` LIMIT 0,20   [ RunTime:0.000000s ]
NOTIC: [8] Undefined variable: map D:\phpstudy\WWW\dcyd\Manage\Lib\Action\UpAction.class.php Á¨¨ 441 Ë°å.
SQL: SELECT COUNT(*) AS tp_count FROM `dcyd_teacher` LIMIT 1   [ RunTime:0.001000s ]

[ 2017-03-13T15:07:27+08:00 ] 127.0.0.1 /Manerger/index.php/Up/teacheredit
INFO: [ route_check ] --START--
INFO: CheckRoute Behavior ::run [ RunTime:0.002000s ]
INFO: [ route_check ] --END-- [ RunTime:0.002000s ]
INFO: [ app_begin ] --START--
INFO: ReadHtmlCache Behavior ::run [ RunTime:0.002000s ]
INFO: [ app_begin ] --END-- [ RunTime:0.003000s ]
NOTIC: [8] Undefined index: expire D:\phpstudy\WWW\dcyd\ThinkPHP\Common\functions.php Á¨¨ 549 Ë°å.
NOTIC: Âª∫ËÆÆ‰ΩøÁî®IÊñπÊ≥ïÊõø‰ª£_post
SQL: SHOW COLUMNS FROM `dcyd_teacher` [ RunTime:0.008000s ]
SQL: SELECT `id`,`name`,`timg`,`explain` FROM `dcyd_teacher` WHERE ( id = 8 ) LIMIT 1   [ RunTime:0.001000s ]

[ 2017-03-13T15:07:52+08:00 ] 127.0.0.1 /Manerger/index.php/Up/teacheredit
INFO: [ route_check ] --START--
INFO: CheckRoute Behavior ::run [ RunTime:0.001000s ]
INFO: [ route_check ] --END-- [ RunTime:0.002000s ]
INFO: [ app_begin ] --START--
INFO: ReadHtmlCache Behavior ::run [ RunTime:0.002000s ]
INFO: [ app_begin ] --END-- [ RunTime:0.003001s ]
NOTIC: [8] Undefined index: expire D:\phpstudy\WWW\dcyd\ThinkPHP\Common\functions.php Á¨¨ 549 Ë°å.
NOTIC: Âª∫ËÆÆ‰ΩøÁî®IÊñπÊ≥ïÊõø‰ª£_post
SQL: SHOW COLUMNS FROM `dcyd_teacher` [ RunTime:0.008001s ]
SQL: SELECT `id`,`name`,`timg`,`explain` FROM `dcyd_teacher` WHERE ( id = 8 ) LIMIT 1   [ RunTime:0.000000s ]

[ 2017-03-13T15:07:57+08:00 ] 127.0.0.1 /Manerger/index.php?m=Up&a=teachersave&id=8
INFO: [ app_begin ] --START--
INFO: ReadHtmlCache Behavior ::run [ RunTime:0.002000s ]
INFO: [ app_begin ] --END-- [ RunTime:0.003000s ]
NOTIC: [8] Undefined index: expire D:\phpstudy\WWW\dcyd\ThinkPHP\Common\functions.php Á¨¨ 549 Ë°å.
SQL: SHOW COLUMNS FROM `dcyd_teacher` [ RunTime:0.008000s ]
NOTIC: Âª∫ËÆÆ‰ΩøÁî®IÊñπÊ≥ïÊõø‰ª£_post
NOTIC: [2] getimagesize() expects parameter 1 to be string, array given D:\phpstudy\WWW\dcyd\Manage\Lib\Action\UpAction.class.php Á¨¨ 512 Ë°å.
NOTIC: [8] Use of undefined constant uniqid - assumed 'uniqid' D:\phpstudy\WWW\dcyd\Manage\Lib\Action\UpAction.class.php Á¨¨ 521 Ë°å.
NOTIC: [8] Use of undefined constant date - assumed 'date' D:\phpstudy\WWW\dcyd\Manage\Lib\Action\UpAction.class.php Á¨¨ 524 Ë°å.
NOTIC: Âª∫ËÆÆ‰ΩøÁî®IÊñπÊ≥ïÊõø‰ª£_post
SQL: UPDATE `dcyd_teacher` SET `name`='Áé©ÂÑø',`explain`='&lt;p&gt;Áé©ÂÑø Áé©ÂÑø&lt;/p&gt;&lt;p&gt;‰ªªÂ§©Èáé‰ªªÂ§©Èáé‰ªªÂ§©Èá\é&lt;/p&gt;&lt;p&gt;Yui‰ΩìËÇ≤Â±ÄÁ´•È¢úÂ∑®‰π≥Á¶èÁâπÁøºËôéËÆ©‰ªñ&lt;/p&gt;&lt;p&gt;Â§™Èò≥Ëä±Êõ¥Á¨¶ÂêàÊ≥ïËßÑÊøÄÂÖâÁÑäÊé•‰∫¨‰∏úÊñπÁªôÂØπÊñ\π&lt;/p&gt;',`timg`='/Public/upload/image/20170313/58c6454cc99cc.jpg' WHERE ( id = 8 ) [ RunTime:0.001000s ]

[ 2017-03-13T15:07:57+08:00 ] 127.0.0.1 /Manerger/index.php?m=Up&a=teacherls
INFO: [ app_begin ] --START--
INFO: ReadHtmlCache Behavior ::run [ RunTime:0.002000s ]
INFO: [ app_begin ] --END-- [ RunTime:0.003000s ]
NOTIC: [8] Undefined index: expire D:\phpstudy\WWW\dcyd\ThinkPHP\Common\functions.php Á¨¨ 549 Ë°å.
NOTIC: [8] Undefined index: id D:\phpstudy\WWW\dcyd\Manage\Lib\Action\UpAction.class.php Á¨¨ 434 Ë°å.
NOTIC: [8] Undefined index: title D:\phpstudy\WWW\dcyd\Manage\Lib\Action\UpAction.class.php Á¨¨ 435 Ë°å.
NOTIC: [8] Undefined index: name D:\phpstudy\WWW\dcyd\Manage\Lib\Action\UpAction.class.php Á¨¨ 436 Ë°å.
NOTIC: [8] Undefined index: ytime D:\phpstudy\WWW\dcyd\Manage\Lib\Action\UpAction.class.php Á¨¨ 437 Ë°å.
SQL: SHOW COLUMNS FROM `dcyd_teacher` [ RunTime:0.008001s ]
NOTIC: [8] Undefined variable: map D:\phpstudy\WWW\dcyd\Manage\Lib\Action\UpAction.class.php Á¨¨ 440 Ë°å.
SQL: SELECT `id`,`name`,`timg`,`explain` FROM `dcyd_teacher` LIMIT 0,20   [ RunTime:0.001000s ]
NOTIC: [8] Undefined variable: map D:\phpstudy\WWW\dcyd\Manage\Lib\Action\UpAction.class.php Á¨¨ 441 Ë°å.
SQL: SELECT COUNT(*) AS tp_count FROM `dcyd_teacher` LIMIT 1   [ RunTime:0.000000s ]

[ 2017-03-13T16:41:59+08:00 ] 127.0.0.1 /Manerger/index.php/Up/detail
INFO: [ route_check ] --START--
INFO: CheckRoute Behavior ::run [ RunTime:0.002000s ]
INFO: [ route_check ] --END-- [ RunTime:0.003000s ]
INFO: [ app_begin ] --START--
INFO: ReadHtmlCache Behavior ::run [ RunTime:0.003000s ]
INFO: [ app_begin ] --END-- [ RunTime:0.003000s ]
NOTIC: [8] Undefined index: expire D:\phpstudy\WWW\dcyd\ThinkPHP\Common\functions.php Á¨¨ 549 Ë°å.
INFO: [ view_parse ] --START--
INFO: ParseTemplate Behavior ::run [ RunTime:0.040003s ]
INFO: [ view_parse ] --END-- [ RunTime:0.042003s ]
INFO: [ view_filter ] --START--
INFO: ContentReplace Behavior ::run [ RunTime:0.001000s ]
INFO: TokenBuild Behavior ::run [ RunTime:0.003000s ]
INFO: WriteHtmlCache Behavior ::run [ RunTime:0.001000s ]
INFO: ShowRuntime Behavior ::run [ RunTime:0.003000s ]
INFO: [ view_filter ] --END-- [ RunTime:0.012000s ]
INFO: [ view_end ] --START--
INFO: ShowPageTrace Behavior ::run [ RunTime:0.004000s ]
INFO: [ view_end ] --END-- [ RunTime:0.005000s ]

[ 2017-03-13T16:41:59+08:00 ] 127.0.0.1 /Manerger/index.php?m=Up&a=details
INFO: [ app_begin ] --START--
INFO: ReadHtmlCache Behavior ::run [ RunTime:0.002000s ]
INFO: [ app_begin ] --END-- [ RunTime:0.002000s ]
NOTIC: [8] Undefined index: expire D:\phpstudy\WWW\dcyd\ThinkPHP\Common\functions.php Á¨¨ 549 Ë°å.
NOTIC: [8] Undefined index: id D:\phpstudy\WWW\dcyd\Manage\Lib\Action\UpAction.class.php Á¨¨ 135 Ë°å.
NOTIC: [8] Undefined index: title D:\phpstudy\WWW\dcyd\Manage\Lib\Action\UpAction.class.php Á¨¨ 136 Ë°å.
NOTIC: [8] Undefined index: name D:\phpstudy\WWW\dcyd\Manage\Lib\Action\UpAction.class.php Á¨¨ 137 Ë°å.
NOTIC: [8] Undefined index: ytime D:\phpstudy\WWW\dcyd\Manage\Lib\Action\UpAction.class.php Á¨¨ 138 Ë°å.
SQL: SHOW COLUMNS FROM `dcyd_video` [ RunTime:0.009000s ]
NOTIC: [8] Undefined variable: map D:\phpstudy\WWW\dcyd\Manage\Lib\Action\UpAction.class.php Á¨¨ 141 Ë°å.
SQL: SELECT `id`,`url`,`title`,`name`,`money`,`introduce`,`explain`,`comment`,`chapter`,`img`,`ytime`,`chapternum`,`teacherimg`,`kind` FROM `dcyd_video` LIMIT 0,20   [ RunTime:0.001000s ]
NOTIC: [8] Undefined variable: map D:\phpstudy\WWW\dcyd\Manage\Lib\Action\UpAction.class.php Á¨¨ 142 Ë°å.
SQL: SELECT COUNT(*) AS tp_count FROM `dcyd_video` LIMIT 1   [ RunTime:0.000000s ]

[ 2017-03-13T16:42:00+08:00 ] 127.0.0.1 /Manerger/index.php/Up/kind
INFO: [ route_check ] --START--
INFO: CheckRoute Behavior ::run [ RunTime:0.002000s ]
INFO: [ route_check ] --END-- [ RunTime:0.002000s ]
INFO: [ app_begin ] --START--
INFO: ReadHtmlCache Behavior ::run [ RunTime:0.004001s ]
INFO: [ app_begin ] --END-- [ RunTime:0.004001s ]
NOTIC: [8] Undefined index: expire D:\phpstudy\WWW\dcyd\ThinkPHP\Common\functions.php Á¨¨ 549 Ë°å.
INFO: [ view_parse ] --START--
INFO: ParseTemplate Behavior ::run [ RunTime:0.026002s ]
INFO: [ view_parse ] --END-- [ RunTime:0.027002s ]
INFO: [ view_filter ] --START--
INFO: ContentReplace Behavior ::run [ RunTime:0.001000s ]
INFO: TokenBuild Behavior ::run [ RunTime:0.002000s ]
INFO: WriteHtmlCache Behavior ::run [ RunTime:0.001000s ]
INFO: ShowRuntime Behavior ::run [ RunTime:0.003000s ]
INFO: [ view_filter ] --END-- [ RunTime:0.009000s ]
INFO: [ view_end ] --START--
INFO: ShowPageTrace Behavior ::run [ RunTime:0.003001s ]
INFO: [ view_end ] --END-- [ RunTime:0.004001s ]

[ 2017-03-13T16:42:00+08:00 ] 127.0.0.1 /Manerger/index.php?m=Up&a=kindls
INFO: [ app_begin ] --START--
INFO: ReadHtmlCache Behavior ::run [ RunTime:0.003000s ]
INFO: [ app_begin ] --END-- [ RunTime:0.003000s ]
NOTIC: [8] Undefined index: expire D:\phpstudy\WWW\dcyd\ThinkPHP\Common\functions.php Á¨¨ 549 Ë°å.
NOTIC: [8] Undefined index: id D:\phpstudy\WWW\dcyd\Manage\Lib\Action\UpAction.class.php Á¨¨ 228 Ë°å.
NOTIC: [8] Undefined index: title D:\phpstudy\WWW\dcyd\Manage\Lib\Action\UpAction.class.php Á¨¨ 229 Ë°å.
NOTIC: [8] Undefined index: name D:\phpstudy\WWW\dcyd\Manage\Lib\Action\UpAction.class.php Á¨¨ 230 Ë°å.
NOTIC: [8] Undefined index: ytime D:\phpstudy\WWW\dcyd\Manage\Lib\Action\UpAction.class.php Á¨¨ 231 Ë°å.
SQL: SHOW COLUMNS FROM `dcyd_viewkinds` [ RunTime:0.008000s ]
NOTIC: [8] Undefined variable: map D:\phpstudy\WWW\dcyd\Manage\Lib\Action\UpAction.class.php Á¨¨ 234 Ë°å.
SQL: SELECT `id`,`kind` FROM `dcyd_viewkinds` LIMIT 0,20   [ RunTime:0.001000s ]
NOTIC: [8] Undefined variable: map D:\phpstudy\WWW\dcyd\Manage\Lib\Action\UpAction.class.php Á¨¨ 235 Ë°å.
SQL: SELECT COUNT(*) AS tp_count FROM `dcyd_viewkinds` LIMIT 1   [ RunTime:0.001000s ]

[ 2017-03-13T16:42:05+08:00 ] 127.0.0.1 /Manerger/index.php/Up/vede
INFO: [ route_check ] --START--
INFO: CheckRoute Behavior ::run [ RunTime:0.001001s ]
INFO: [ route_check ] --END-- [ RunTime:0.003001s ]
INFO: [ app_begin ] --START--
INFO: ReadHtmlCache Behavior ::run [ RunTime:0.003000s ]
INFO: [ app_begin ] --END-- [ RunTime:0.004000s ]
NOTIC: [8] Undefined index: expire D:\phpstudy\WWW\dcyd\ThinkPHP\Common\functions.php Á¨¨ 549 Ë°å.
SQL: SHOW COLUMNS FROM `dcyd_viewkinds` [ RunTime:0.008000s ]
SQL: SHOW COLUMNS FROM `dcyd_teacher` [ RunTime:0.009001s ]
SQL: SELECT DISTINCT  `id`,`kind` FROM `dcyd_viewkinds`  [ RunTime:0.000000s ]
SQL: SELECT DISTINCT  `id`,`name` FROM `dcyd_teacher`  [ RunTime:0.001000s ]
INFO: [ view_parse ] --START--
INFO: ParseTemplate Behavior ::run [ RunTime:0.038003s ]
INFO: [ view_parse ] --END-- [ RunTime:0.039003s ]
INFO: [ view_filter ] --START--
INFO: ContentReplace Behavior ::run [ RunTime:0.001000s ]
INFO: TokenBuild Behavior ::run [ RunTime:0.002000s ]
INFO: WriteHtmlCache Behavior ::run [ RunTime:0.001000s ]
INFO: ShowRuntime Behavior ::run [ RunTime:0.002000s ]
INFO: [ view_filter ] --END-- [ RunTime:0.009000s ]
INFO: [ view_end ] --START--
INFO: ShowPageTrace Behavior ::run [ RunTime:0.001000s ]
INFO: [ view_end ] --END-- [ RunTime:0.003000s ]

[ 2017-03-13T16:42:05+08:00 ] 127.0.0.1 /Manerger/index.php?m=Up&a=vedels
INFO: [ app_begin ] --START--
INFO: ReadHtmlCache Behavior ::run [ RunTime:0.002000s ]
INFO: [ app_begin ] --END-- [ RunTime:0.003001s ]
NOTIC: [8] Undefined index: expire D:\phpstudy\WWW\dcyd\ThinkPHP\Common\functions.php Á¨¨ 549 Ë°å.
NOTIC: [8] Undefined index: id D:\phpstudy\WWW\dcyd\Manage\Lib\Action\UpAction.class.php Á¨¨ 341 Ë°å.
NOTIC: [8] Undefined index: title D:\phpstudy\WWW\dcyd\Manage\Lib\Action\UpAction.class.php Á¨¨ 342 Ë°å.
NOTIC: [8] Undefined index: name D:\phpstudy\WWW\dcyd\Manage\Lib\Action\UpAction.class.php Á¨¨ 343 Ë°å.
NOTIC: [8] Undefined index: ytime D:\phpstudy\WWW\dcyd\Manage\Lib\Action\UpAction.class.php Á¨¨ 344 Ë°å.
SQL: SHOW COLUMNS FROM `dcyd_view` [ RunTime:0.008000s ]
NOTIC: [8] Undefined variable: map D:\phpstudy\WWW\dcyd\Manage\Lib\Action\UpAction.class.php Á¨¨ 347 Ë°å.
SQL: SELECT `id`,`kid`,`kname`,`name`,`url`,`title`,`money`,`introduce`,`chapternum`,`kctitle`,`img` FROM `dcyd_view` LIMIT 0,20   [ RunTime:0.001000s ]
NOTIC: [8] Undefined variable: map D:\phpstudy\WWW\dcyd\Manage\Lib\Action\UpAction.class.php Á¨¨ 348 Ë°å.
SQL: SELECT COUNT(*) AS tp_count FROM `dcyd_view` LIMIT 1   [ RunTime:0.000000s ]

[ 2017-03-13T16:42:18+08:00 ] 127.0.0.1 /Manerger/index.php/Up/kind
INFO: [ route_check ] --START--
INFO: CheckRoute Behavior ::run [ RunTime:0.002000s ]
INFO: [ route_check ] --END-- [ RunTime:0.002000s ]
INFO: [ app_begin ] --START--
INFO: ReadHtmlCache Behavior ::run [ RunTime:0.002000s ]
INFO: [ app_begin ] --END-- [ RunTime:0.003001s ]
NOTIC: [8] Undefined index: expire D:\phpstudy\WWW\dcyd\ThinkPHP\Common\functions.php Á¨¨ 549 Ë°å.
INFO: [ view_parse ] --START--
INFO: ParseTemplate Behavior ::run [ RunTime:0.023001s ]
INFO: [ view_parse ] --END-- [ RunTime:0.024001s ]
INFO: [ view_filter ] --START--
INFO: ContentReplace Behavior ::run [ RunTime:0.001000s ]
INFO: TokenBuild Behavior ::run [ RunTime:0.001000s ]
INFO: WriteHtmlCache Behavior ::run [ RunTime:0.001000s ]
INFO: ShowRuntime Behavior ::run [ RunTime:0.002000s ]
INFO: [ view_filter ] --END-- [ RunTime:0.009001s ]
INFO: [ view_end ] --START--
INFO: ShowPageTrace Behavior ::run [ RunTime:0.002000s ]
INFO: [ view_end ] --END-- [ RunTime:0.002000s ]

[ 2017-03-13T16:42:18+08:00 ] 127.0.0.1 /Manerger/index.php?m=Up&a=kindls
INFO: [ app_begin ] --START--
INFO: ReadHtmlCache Behavior ::run [ RunTime:0.002000s ]
INFO: [ app_begin ] --END-- [ RunTime:0.003000s ]
NOTIC: [8] Undefined index: expire D:\phpstudy\WWW\dcyd\ThinkPHP\Common\functions.php Á¨¨ 549 Ë°å.
NOTIC: [8] Undefined index: id D:\phpstudy\WWW\dcyd\Manage\Lib\Action\UpAction.class.php Á¨¨ 228 Ë°å.
NOTIC: [8] Undefined index: title D:\phpstudy\WWW\dcyd\Manage\Lib\Action\UpAction.class.php Á¨¨ 229 Ë°å.
NOTIC: [8] Undefined index: name D:\phpstudy\WWW\dcyd\Manage\Lib\Action\UpAction.class.php Á¨¨ 230 Ë°å.
NOTIC: [8] Undefined index: ytime D:\phpstudy\WWW\dcyd\Manage\Lib\Action\UpAction.class.php Á¨¨ 231 Ë°å.
SQL: SHOW COLUMNS FROM `dcyd_viewkinds` [ RunTime:0.008000s ]
NOTIC: [8] Undefined variable: map D:\phpstudy\WWW\dcyd\Manage\Lib\Action\UpAction.class.php Á¨¨ 234 Ë°å.
SQL: SELECT `id`,`kind` FROM `dcyd_viewkinds` LIMIT 0,20   [ RunTime:0.001000s ]
NOTIC: [8] Undefined variable: map D:\phpstudy\WWW\dcyd\Manage\Lib\Action\UpAction.class.php Á¨¨ 235 Ë°å.
SQL: SELECT COUNT(*) AS tp_count FROM `dcyd_viewkinds` LIMIT 1   [ RunTime:0.001000s ]

[ 2017-03-13T16:42:26+08:00 ] 127.0.0.1 /Manerger/index.php/Up/vede
INFO: [ route_check ] --START--
INFO: CheckRoute Behavior ::run [ RunTime:0.002000s ]
INFO: [ route_check ] --END-- [ RunTime:0.002000s ]
INFO: [ app_begin ] --START--
INFO: ReadHtmlCache Behavior ::run [ RunTime:0.002000s ]
INFO: [ app_begin ] --END-- [ RunTime:0.004001s ]
NOTIC: [8] Undefined index: expire D:\phpstudy\WWW\dcyd\ThinkPHP\Common\functions.php Á¨¨ 549 Ë°å.
SQL: SHOW COLUMNS FROM `dcyd_viewkinds` [ RunTime:0.008000s ]
SQL: SHOW COLUMNS FROM `dcyd_teacher` [ RunTime:0.009001s ]
SQL: SELECT DISTINCT  `id`,`kind` FROM `dcyd_viewkinds`  [ RunTime:0.001000s ]
SQL: SELECT DISTINCT  `id`,`name` FROM `dcyd_teacher`  [ RunTime:0.000000s ]
INFO: [ view_parse ] --START--
INFO: ParseTemplate Behavior ::run [ RunTime:0.043003s ]
INFO: [ view_parse ] --END-- [ RunTime:0.043003s ]
INFO: [ view_filter ] --START--
INFO: ContentReplace Behavior ::run [ RunTime:0.001000s ]
INFO: TokenBuild Behavior ::run [ RunTime:0.001000s ]
INFO: WriteHtmlCache Behavior ::run [ RunTime:0.001000s ]
INFO: ShowRuntime Behavior ::run [ RunTime:0.002000s ]
INFO: [ view_filter ] --END-- [ RunTime:0.009000s ]
INFO: [ view_end ] --START--
INFO: ShowPageTrace Behavior ::run [ RunTime:0.001000s ]
INFO: [ view_end ] --END-- [ RunTime:0.003001s ]

[ 2017-03-13T16:42:26+08:00 ] 127.0.0.1 /Manerger/index.php?m=Up&a=vedels
INFO: [ app_begin ] --START--
INFO: ReadHtmlCache Behavior ::run [ RunTime:0.001000s ]
INFO: [ app_begin ] --END-- [ RunTime:0.003000s ]
NOTIC: [8] Undefined index: expire D:\phpstudy\WWW\dcyd\ThinkPHP\Common\functions.php Á¨¨ 549 Ë°å.
NOTIC: [8] Undefined index: id D:\phpstudy\WWW\dcyd\Manage\Lib\Action\UpAction.class.php Á¨¨ 341 Ë°å.
NOTIC: [8] Undefined index: title D:\phpstudy\WWW\dcyd\Manage\Lib\Action\UpAction.class.php Á¨¨ 342 Ë°å.
NOTIC: [8] Undefined index: name D:\phpstudy\WWW\dcyd\Manage\Lib\Action\UpAction.class.php Á¨¨ 343 Ë°å.
NOTIC: [8] Undefined index: ytime D:\phpstudy\WWW\dcyd\Manage\Lib\Action\UpAction.class.php Á¨¨ 344 Ë°å.
SQL: SHOW COLUMNS FROM `dcyd_view` [ RunTime:0.010000s ]
NOTIC: [8] Undefined variable: map D:\phpstudy\WWW\dcyd\Manage\Lib\Action\UpAction.class.php Á¨¨ 347 Ë°å.
SQL: SELECT `id`,`kid`,`kname`,`name`,`url`,`title`,`money`,`introduce`,`chapternum`,`kctitle`,`img` FROM `dcyd_view` LIMIT 0,20   [ RunTime:0.000000s ]
NOTIC: [8] Undefined variable: map D:\phpstudy\WWW\dcyd\Manage\Lib\Action\UpAction.class.php Á¨¨ 348 Ë°å.
SQL: SELECT COUNT(*) AS tp_count FROM `dcyd_view` LIMIT 1   [ RunTime:0.001000s ]

[ 2017-03-13T16:42:40+08:00 ] 127.0.0.1 /Manerger/index.php/Up/vedeedit
INFO: [ route_check ] --START--
INFO: CheckRoute Behavior ::run [ RunTime:0.002000s ]
INFO: [ route_check ] --END-- [ RunTime:0.003000s ]
INFO: [ app_begin ] --START--
INFO: ReadHtmlCache Behavior ::run [ RunTime:0.002000s ]
INFO: [ app_begin ] --END-- [ RunTime:0.002000s ]
NOTIC: [8] Undefined index: expire D:\phpstudy\WWW\dcyd\ThinkPHP\Common\functions.php Á¨¨ 549 Ë°å.
NOTIC: Âª∫ËÆÆ‰ΩøÁî®IÊñπÊ≥ïÊõø‰ª£_post
SQL: SHOW COLUMNS FROM `dcyd_view` [ RunTime:0.008001s ]
SQL: SELECT `id`,`kid`,`kname`,`name`,`url`,`title`,`money`,`introduce`,`chapternum`,`kctitle`,`img` FROM `dcyd_view` WHERE ( id = 1 ) LIMIT 1   [ RunTime:0.001000s ]

[ 2017-03-13T16:49:54+08:00 ] 127.0.0.1 /Manerger/index.php/Up/teacher
INFO: [ route_check ] --START--
INFO: CheckRoute Behavior ::run [ RunTime:0.003000s ]
INFO: [ route_check ] --END-- [ RunTime:0.003000s ]
INFO: [ app_begin ] --START--
INFO: ReadHtmlCache Behavior ::run [ RunTime:0.003000s ]
INFO: [ app_begin ] --END-- [ RunTime:0.003000s ]
NOTIC: [8] Undefined index: expire D:\phpstudy\WWW\dcyd\ThinkPHP\Common\functions.php Á¨¨ 549 Ë°å.
SQL: SHOW COLUMNS FROM `dcyd_viewkinds` [ RunTime:0.009000s ]
SQL: SELECT DISTINCT  `id`,`name` FROM `dcyd_viewkinds`  [ RunTime:0.001000s ]
ERR: 1054:Unknown column 'name' in 'field list'
 [ SQLËØ≠Âè• ] : SELECT DISTINCT  `id`,`name` FROM `dcyd_viewkinds` 
INFO: [ view_parse ] --START--
INFO: ParseTemplate Behavior ::run [ RunTime:0.033002s ]
INFO: [ view_parse ] --END-- [ RunTime:0.035002s ]
INFO: [ view_filter ] --START--
INFO: ContentReplace Behavior ::run [ RunTime:0.002000s ]
INFO: TokenBuild Behavior ::run [ RunTime:0.002000s ]
INFO: WriteHtmlCache Behavior ::run [ RunTime:0.001000s ]
INFO: ShowRuntime Behavior ::run [ RunTime:0.003001s ]
INFO: [ view_filter ] --END-- [ RunTime:0.011001s ]
INFO: [ view_end ] --START--
INFO: ShowPageTrace Behavior ::run [ RunTime:0.003000s ]
INFO: [ view_end ] --END-- [ RunTime:0.005000s ]

[ 2017-03-13T16:49:54+08:00 ] 127.0.0.1 /Manerger/index.php?m=Up&a=teacherls
INFO: [ app_begin ] --START--
INFO: ReadHtmlCache Behavior ::run [ RunTime:0.003001s ]
INFO: [ app_begin ] --END-- [ RunTime:0.004001s ]
NOTIC: [8] Undefined index: expire D:\phpstudy\WWW\dcyd\ThinkPHP\Common\functions.php Á¨¨ 549 Ë°å.
NOTIC: [8] Undefined index: id D:\phpstudy\WWW\dcyd\Manage\Lib\Action\UpAction.class.php Á¨¨ 434 Ë°å.
NOTIC: [8] Undefined index: title D:\phpstudy\WWW\dcyd\Manage\Lib\Action\UpAction.class.php Á¨¨ 435 Ë°å.
NOTIC: [8] Undefined index: name D:\phpstudy\WWW\dcyd\Manage\Lib\Action\UpAction.class.php Á¨¨ 436 Ë°å.
NOTIC: [8] Undefined index: ytime D:\phpstudy\WWW\dcyd\Manage\Lib\Action\UpAction.class.php Á¨¨ 437 Ë°å.
SQL: SHOW COLUMNS FROM `dcyd_teacher` [ RunTime:0.009001s ]
NOTIC: [8] Undefined variable: map D:\phpstudy\WWW\dcyd\Manage\Lib\Action\UpAction.class.php Á¨¨ 440 Ë°å.
SQL: SELECT `id`,`name`,`timg`,`explain` FROM `dcyd_teacher` LIMIT 0,20   [ RunTime:0.001000s ]
NOTIC: [8] Undefined variable: map D:\phpstudy\WWW\dcyd\Manage\Lib\Action\UpAction.class.php Á¨¨ 441 Ë°å.
SQL: SELECT COUNT(*) AS tp_count FROM `dcyd_teacher` LIMIT 1   [ RunTime:0.001000s ]

[ 2017-03-13T16:50:11+08:00 ] 127.0.0.1 /Manerger/index.php?m=Up&a=teacheradd
INFO: [ app_begin ] --START--
INFO: ReadHtmlCache Behavior ::run [ RunTime:0.002000s ]
INFO: [ app_begin ] --END-- [ RunTime:0.003000s ]
NOTIC: [8] Undefined index: expire D:\phpstudy\WWW\dcyd\ThinkPHP\Common\functions.php Á¨¨ 549 Ë°å.
SQL: SHOW COLUMNS FROM `dcyd_teacher` [ RunTime:0.009001s ]
NOTIC: Âª∫ËÆÆ‰ΩøÁî®IÊñπÊ≥ïÊõø‰ª£_post
NOTIC: Âª∫ËÆÆ‰ΩøÁî®IÊñπÊ≥ïÊõø‰ª£_post
NOTIC: [2] getimagesize() expects parameter 1 to be string, array given D:\phpstudy\WWW\dcyd\Manage\Lib\Action\UpAction.class.php Á¨¨ 458 Ë°å.
NOTIC: [8] Use of undefined constant uniqid - assumed 'uniqid' D:\phpstudy\WWW\dcyd\Manage\Lib\Action\UpAction.class.php Á¨¨ 467 Ë°å.
NOTIC: [8] Use of undefined constant date - assumed 'date' D:\phpstudy\WWW\dcyd\Manage\Lib\Action\UpAction.class.php Á¨¨ 470 Ë°å.
SQL: INSERT INTO `dcyd_teacher` (`name`,`explain`,`timg`) VALUES ('qwe ','&lt;p&gt;qweq weqw qwe qw&amp;nbsp;&lt;/p&gt;&lt;p&gt;qwe qwe qw&lt;/p&gt;&lt;p&gt;qweqwe&lt;/p&gt;&lt;p&gt;qweqweqw&lt;/p&gt;&lt;p&gt;eqweqw&lt;/p&gt;&lt;p&gt;eqweqw&lt;/p&gt;&lt;p&gt;eqwe&lt;/p&gt;','/Public/upload/image/20170313/58c65d43af384.jpg') [ RunTime:0.000000s ]

[ 2017-03-13T16:50:11+08:00 ] 127.0.0.1 /Manerger/index.php?m=Up&a=teacherls
INFO: [ app_begin ] --START--
INFO: ReadHtmlCache Behavior ::run [ RunTime:0.005000s ]
INFO: [ app_begin ] --END-- [ RunTime:0.006000s ]
NOTIC: [8] Undefined index: expire D:\phpstudy\WWW\dcyd\ThinkPHP\Common\functions.php Á¨¨ 549 Ë°å.
NOTIC: [8] Undefined index: id D:\phpstudy\WWW\dcyd\Manage\Lib\Action\UpAction.class.php Á¨¨ 434 Ë°å.
NOTIC: [8] Undefined index: title D:\phpstudy\WWW\dcyd\Manage\Lib\Action\UpAction.class.php Á¨¨ 435 Ë°å.
NOTIC: [8] Undefined index: name D:\phpstudy\WWW\dcyd\Manage\Lib\Action\UpAction.class.php Á¨¨ 436 Ë°å.
NOTIC: [8] Undefined index: ytime D:\phpstudy\WWW\dcyd\Manage\Lib\Action\UpAction.class.php Á¨¨ 437 Ë°å.
SQL: SHOW COLUMNS FROM `dcyd_teacher` [ RunTime:0.011000s ]
NOTIC: [8] Undefined variable: map D:\phpstudy\WWW\dcyd\Manage\Lib\Action\UpAction.class.php Á¨¨ 440 Ë°å.
SQL: SELECT `id`,`name`,`timg`,`explain` FROM `dcyd_teacher` LIMIT 0,20   [ RunTime:0.000000s ]
NOTIC: [8] Undefined variable: map D:\phpstudy\WWW\dcyd\Manage\Lib\Action\UpAction.class.php Á¨¨ 441 Ë°å.
SQL: SELECT COUNT(*) AS tp_count FROM `dcyd_teacher` LIMIT 1   [ RunTime:0.001000s ]

