[ 2017-03-04T20:20:02+08:00 ] 127.0.0.1 /manerger/
INFO: [ app_begin ] --START--
INFO: ReadHtmlCache Behavior ::run [ RunTime:0.003001s ]
INFO: [ app_begin ] --END-- [ RunTime:0.003001s ]
NOTIC: [8] Undefined index: expire D:\phpstudy\WWW\dcyd\ThinkPHP\Common\functions.php 第 549 行.
NOTIC: [8] Undefined index: admin D:\phpstudy\WWW\dcyd\Manage\Lib\Action\IndexAction.class.php 第 5 行.
INFO: [ view_parse ] --START--
NOTIC: [8] Undefined index: admin D:\phpstudy\WWW\dcyd\Manage\Runtime\Cache\6eb21b90e50e413ebd495101e2f3fb87.php 第 27 行.
INFO: ParseTemplate Behavior ::run [ RunTime:0.037002s ]
INFO: [ view_parse ] --END-- [ RunTime:0.037002s ]
INFO: [ view_filter ] --START--
INFO: ContentReplace Behavior ::run [ RunTime:0.002000s ]
INFO: TokenBuild Behavior ::run [ RunTime:0.002001s ]
INFO: WriteHtmlCache Behavior ::run [ RunTime:0.001000s ]
INFO: ShowRuntime Behavior ::run [ RunTime:0.002000s ]
INFO: [ view_filter ] --END-- [ RunTime:0.009001s ]
INFO: [ view_end ] --START--
INFO: ShowPageTrace Behavior ::run [ RunTime:0.002000s ]
INFO: [ view_end ] --END-- [ RunTime:0.004000s ]

[ 2017-03-04T20:20:02+08:00 ] 127.0.0.1 /Manerger/index.php/Public/login.html
INFO: [ route_check ] --START--
INFO: CheckRoute Behavior ::run [ RunTime:0.002000s ]
INFO: [ route_check ] --END-- [ RunTime:0.003000s ]
INFO: [ app_begin ] --START--
INFO: ReadHtmlCache Behavior ::run [ RunTime:0.003000s ]
INFO: [ app_begin ] --END-- [ RunTime:0.003000s ]
NOTIC: [8] Undefined index: expire D:\phpstudy\WWW\dcyd\ThinkPHP\Common\functions.php 第 549 行.
INFO: [ view_parse ] --START--
INFO: ParseTemplate Behavior ::run [ RunTime:0.021001s ]
INFO: [ view_parse ] --END-- [ RunTime:0.022001s ]
INFO: [ view_filter ] --START--
INFO: ContentReplace Behavior ::run [ RunTime:0.002000s ]
INFO: TokenBuild Behavior ::run [ RunTime:0.002000s ]
INFO: WriteHtmlCache Behavior ::run [ RunTime:0.001000s ]
INFO: ShowRuntime Behavior ::run [ RunTime:0.002000s ]
INFO: [ view_filter ] --END-- [ RunTime:0.009000s ]
INFO: [ view_end ] --START--
INFO: ShowPageTrace Behavior ::run [ RunTime:0.002000s ]
INFO: [ view_end ] --END-- [ RunTime:0.002000s ]

[ 2017-03-04T20:20:11+08:00 ] 127.0.0.1 /Manerger/index.php/Public/checklogin
INFO: [ route_check ] --START--
INFO: CheckRoute Behavior ::run [ RunTime:0.002000s ]
INFO: [ route_check ] --END-- [ RunTime:0.002000s ]
INFO: [ app_begin ] --START--
INFO: ReadHtmlCache Behavior ::run [ RunTime:0.002000s ]
INFO: [ app_begin ] --END-- [ RunTime:0.003000s ]
NOTIC: [8] Undefined index: expire D:\phpstudy\WWW\dcyd\ThinkPHP\Common\functions.php 第 549 行.
SQL: SHOW COLUMNS FROM `dcyd_admin` [ RunTime:0.006001s ]
NOTIC: 建议使用I方法替代_post
NOTIC: 建议使用I方法替代_post
SQL: SELECT `id`,`rid`,`username` FROM `dcyd_admin` WHERE ( `username` = 'admin' ) AND ( `password` = '8b88e6b7e854b04cb74e' ) LIMIT 1   [ RunTime:0.000000s ]
SQL: SHOW COLUMNS FROM `dcyd_role` [ RunTime:0.005001s ]
SQL: SELECT `powers` FROM `dcyd_role` WHERE ( id=1 ) LIMIT 1   [ RunTime:0.001000s ]
SQL: SHOW COLUMNS FROM `dcyd_node` [ RunTime:0.005000s ]
SQL: SELECT `name` FROM `dcyd_node` WHERE ( pid>0 )  [ RunTime:0.001001s ]
SQL: UPDATE `dcyd_admin` SET `last_time`=1488630011,`last_ip`=127 WHERE ( id=1 ) [ RunTime:0.000000s ]
NOTIC: [8] Undefined variable: var D:\phpstudy\WWW\dcyd\ThinkPHP\Common\functions.php 第 247 行.
NOTIC: [2] array_reverse() expects parameter 1 to be array, null given D:\phpstudy\WWW\dcyd\ThinkPHP\Common\functions.php 第 247 行.
NOTIC: [2] http_build_query() [<a href='function.http-build-query'>function.http-build-query</a>]: Parameter 1 expected to be Array or Object.  Incorrect value given D:\phpstudy\WWW\dcyd\ThinkPHP\Common\functions.php 第 247 行.

[ 2017-03-04T20:20:11+08:00 ] 127.0.0.1 /Manerger/index.php?
INFO: [ app_begin ] --START--
INFO: ReadHtmlCache Behavior ::run [ RunTime:0.002000s ]
INFO: [ app_begin ] --END-- [ RunTime:0.002000s ]
NOTIC: [8] Undefined index: expire D:\phpstudy\WWW\dcyd\ThinkPHP\Common\functions.php 第 549 行.
INFO: [ view_parse ] --START--
INFO: ParseTemplate Behavior ::run [ RunTime:0.037002s ]
INFO: [ view_parse ] --END-- [ RunTime:0.037002s ]
INFO: [ view_filter ] --START--
INFO: ContentReplace Behavior ::run [ RunTime:0.002000s ]
INFO: TokenBuild Behavior ::run [ RunTime:0.002000s ]
INFO: WriteHtmlCache Behavior ::run [ RunTime:0.001000s ]
INFO: ShowRuntime Behavior ::run [ RunTime:0.003000s ]
INFO: [ view_filter ] --END-- [ RunTime:0.011000s ]
INFO: [ view_end ] --START--
INFO: ShowPageTrace Behavior ::run [ RunTime:0.003000s ]
INFO: [ view_end ] --END-- [ RunTime:0.005001s ]

[ 2017-03-04T20:20:15+08:00 ] 127.0.0.1 /Manerger/index.php/Xxdk/index
INFO: [ route_check ] --START--
INFO: CheckRoute Behavior ::run [ RunTime:0.004000s ]
INFO: [ route_check ] --END-- [ RunTime:0.006000s ]
INFO: [ app_begin ] --START--
INFO: ReadHtmlCache Behavior ::run [ RunTime:0.002001s ]
INFO: [ app_begin ] --END-- [ RunTime:0.003001s ]
NOTIC: [8] Undefined index: expire D:\phpstudy\WWW\dcyd\ThinkPHP\Common\functions.php 第 549 行.
NOTIC: [2048] Declaration of XxdkAction::show() should be compatible with that of Action::show() D:\phpstudy\WWW\dcyd\Manage\Lib\Action\XxdkAction.class.php 第 184 行.
INFO: [ view_parse ] --START--
INFO: ParseTemplate Behavior ::run [ RunTime:0.024001s ]
INFO: [ view_parse ] --END-- [ RunTime:0.026002s ]
INFO: [ view_filter ] --START--
INFO: ContentReplace Behavior ::run [ RunTime:0.001000s ]
INFO: TokenBuild Behavior ::run [ RunTime:0.001000s ]
INFO: WriteHtmlCache Behavior ::run [ RunTime:0.001000s ]
INFO: ShowRuntime Behavior ::run [ RunTime:0.002000s ]
INFO: [ view_filter ] --END-- [ RunTime:0.010000s ]
INFO: [ view_end ] --START--
INFO: ShowPageTrace Behavior ::run [ RunTime:0.005001s ]
INFO: [ view_end ] --END-- [ RunTime:0.007001s ]

[ 2017-03-04T20:20:15+08:00 ] 127.0.0.1 /Manerger/index.php?m=Xxdk&a=xxdklist
INFO: [ app_begin ] --START--
INFO: ReadHtmlCache Behavior ::run [ RunTime:0.002000s ]
INFO: [ app_begin ] --END-- [ RunTime:0.003000s ]
NOTIC: [8] Undefined index: expire D:\phpstudy\WWW\dcyd\ThinkPHP\Common\functions.php 第 549 行.
NOTIC: [2048] Declaration of XxdkAction::show() should be compatible with that of Action::show() D:\phpstudy\WWW\dcyd\Manage\Lib\Action\XxdkAction.class.php 第 184 行.
NOTIC: [8] Undefined index: id D:\phpstudy\WWW\dcyd\Manage\Lib\Action\XxdkAction.class.php 第 17 行.
NOTIC: [8] Undefined index: title D:\phpstudy\WWW\dcyd\Manage\Lib\Action\XxdkAction.class.php 第 18 行.
NOTIC: [8] Undefined index: content D:\phpstudy\WWW\dcyd\Manage\Lib\Action\XxdkAction.class.php 第 19 行.
NOTIC: [8] Undefined index: describe D:\phpstudy\WWW\dcyd\Manage\Lib\Action\XxdkAction.class.php 第 20 行.
NOTIC: [8] Undefined index: keywords D:\phpstudy\WWW\dcyd\Manage\Lib\Action\XxdkAction.class.php 第 21 行.
NOTIC: [8] Undefined index: auth D:\phpstudy\WWW\dcyd\Manage\Lib\Action\XxdkAction.class.php 第 22 行.
NOTIC: [8] Undefined index: status D:\phpstudy\WWW\dcyd\Manage\Lib\Action\XxdkAction.class.php 第 23 行.
NOTIC: [8] Undefined index: lanmu D:\phpstudy\WWW\dcyd\Manage\Lib\Action\XxdkAction.class.php 第 24 行.
SQL: SHOW COLUMNS FROM `dcyd_xxkc` [ RunTime:0.004001s ]
NOTIC: [8] Undefined variable: map D:\phpstudy\WWW\dcyd\Manage\Lib\Action\XxdkAction.class.php 第 27 行.
SQL: SELECT `id`,`title`,`keywords`,`laiyuan`,`content`,`auth`,`describe`,`time`,`status`,`img` FROM `dcyd_xxkc` LIMIT 0,20   [ RunTime:0.001000s ]
NOTIC: [8] Undefined variable: map D:\phpstudy\WWW\dcyd\Manage\Lib\Action\XxdkAction.class.php 第 28 行.
SQL: SELECT COUNT(*) AS tp_count FROM `dcyd_xxkc` LIMIT 1   [ RunTime:0.000000s ]

[ 2017-03-04T20:20:19+08:00 ] 127.0.0.1 /Manerger/index.php/Xxdk/xxdkedit
INFO: [ route_check ] --START--
INFO: CheckRoute Behavior ::run [ RunTime:0.002000s ]
INFO: [ route_check ] --END-- [ RunTime:0.003000s ]
INFO: [ app_begin ] --START--
INFO: ReadHtmlCache Behavior ::run [ RunTime:0.002000s ]
INFO: [ app_begin ] --END-- [ RunTime:0.003000s ]
NOTIC: [8] Undefined index: expire D:\phpstudy\WWW\dcyd\ThinkPHP\Common\functions.php 第 549 行.
NOTIC: [2048] Declaration of XxdkAction::show() should be compatible with that of Action::show() D:\phpstudy\WWW\dcyd\Manage\Lib\Action\XxdkAction.class.php 第 184 行.
NOTIC: 建议使用I方法替代_post
SQL: SHOW COLUMNS FROM `dcyd_xxkc` [ RunTime:0.008000s ]
SQL: SELECT `id`,`title`,`keywords`,`laiyuan`,`describe`,`auth`,`content`,`img` FROM `dcyd_xxkc` WHERE ( id=15 ) LIMIT 1   [ RunTime:0.001000s ]

[ 2017-03-04T20:20:36+08:00 ] 127.0.0.1 /Manerger/index.php?m=Xxdk&a=xxdksave&id=15
INFO: [ app_begin ] --START--
INFO: ReadHtmlCache Behavior ::run [ RunTime:0.003000s ]
INFO: [ app_begin ] --END-- [ RunTime:0.004000s ]
NOTIC: [8] Undefined index: expire D:\phpstudy\WWW\dcyd\ThinkPHP\Common\functions.php 第 549 行.
NOTIC: [2048] Declaration of XxdkAction::show() should be compatible with that of Action::show() D:\phpstudy\WWW\dcyd\Manage\Lib\Action\XxdkAction.class.php 第 184 行.
SQL: SHOW COLUMNS FROM `dcyd_xxkc` [ RunTime:0.004000s ]
NOTIC: 建议使用I方法替代_post
NOTIC: 建议使用I方法替代_post
NOTIC: [2] getimagesize() expects parameter 1 to be string, array given D:\phpstudy\WWW\dcyd\Manage\Lib\Action\XxdkAction.class.php 第 117 行.
NOTIC: [8] Use of undefined constant uniqid - assumed 'uniqid' D:\phpstudy\WWW\dcyd\Manage\Lib\Action\XxdkAction.class.php 第 126 行.
NOTIC: [8] Use of undefined constant date - assumed 'date' D:\phpstudy\WWW\dcyd\Manage\Lib\Action\XxdkAction.class.php 第 129 行.
NOTIC: 建议使用I方法替代_post
NOTIC: 建议使用I方法替代_post
NOTIC: 建议使用I方法替代_post
NOTIC: 建议使用I方法替代_post
SQL: UPDATE `dcyd_xxkc` SET `title`='1112345',`keywords`='132ewqe',`laiyuan`='qweqw',`describe`='qweqwe',`auth`='qwewqe',`content`='&lt;p&gt;asdsafdsfdsfdsvgfdbvgfnhbfgnhgbnhgdfmjh,kjh,kjliukljkhgfghjghjgfjghfjgfh&lt;/p&gt;',`img`='/Public/upload/image/20170304/58bab1145997f.JPG' WHERE ( id = 15 ) [ RunTime:0.000000s ]

[ 2017-03-04T20:20:36+08:00 ] 127.0.0.1 /Manerger/index.php?m=Xxdk&a=xxdklist
INFO: [ app_begin ] --START--
INFO: ReadHtmlCache Behavior ::run [ RunTime:0.004000s ]
INFO: [ app_begin ] --END-- [ RunTime:0.005000s ]
NOTIC: [8] Undefined index: expire D:\phpstudy\WWW\dcyd\ThinkPHP\Common\functions.php 第 549 行.
NOTIC: [2048] Declaration of XxdkAction::show() should be compatible with that of Action::show() D:\phpstudy\WWW\dcyd\Manage\Lib\Action\XxdkAction.class.php 第 184 行.
NOTIC: [8] Undefined index: id D:\phpstudy\WWW\dcyd\Manage\Lib\Action\XxdkAction.class.php 第 17 行.
NOTIC: [8] Undefined index: title D:\phpstudy\WWW\dcyd\Manage\Lib\Action\XxdkAction.class.php 第 18 行.
NOTIC: [8] Undefined index: content D:\phpstudy\WWW\dcyd\Manage\Lib\Action\XxdkAction.class.php 第 19 行.
NOTIC: [8] Undefined index: describe D:\phpstudy\WWW\dcyd\Manage\Lib\Action\XxdkAction.class.php 第 20 行.
NOTIC: [8] Undefined index: keywords D:\phpstudy\WWW\dcyd\Manage\Lib\Action\XxdkAction.class.php 第 21 行.
NOTIC: [8] Undefined index: auth D:\phpstudy\WWW\dcyd\Manage\Lib\Action\XxdkAction.class.php 第 22 行.
NOTIC: [8] Undefined index: status D:\phpstudy\WWW\dcyd\Manage\Lib\Action\XxdkAction.class.php 第 23 行.
NOTIC: [8] Undefined index: lanmu D:\phpstudy\WWW\dcyd\Manage\Lib\Action\XxdkAction.class.php 第 24 行.
SQL: SHOW COLUMNS FROM `dcyd_xxkc` [ RunTime:0.005001s ]
NOTIC: [8] Undefined variable: map D:\phpstudy\WWW\dcyd\Manage\Lib\Action\XxdkAction.class.php 第 27 行.
SQL: SELECT `id`,`title`,`keywords`,`laiyuan`,`content`,`auth`,`describe`,`time`,`status`,`img` FROM `dcyd_xxkc` LIMIT 0,20   [ RunTime:0.001000s ]
NOTIC: [8] Undefined variable: map D:\phpstudy\WWW\dcyd\Manage\Lib\Action\XxdkAction.class.php 第 28 行.
SQL: SELECT COUNT(*) AS tp_count FROM `dcyd_xxkc` LIMIT 1   [ RunTime:0.001000s ]

[ 2017-03-04T20:20:38+08:00 ] 127.0.0.1 /Manerger/index.php/Xxdk/xxdkedit
INFO: [ route_check ] --START--
INFO: CheckRoute Behavior ::run [ RunTime:0.002000s ]
INFO: [ route_check ] --END-- [ RunTime:0.002000s ]
INFO: [ app_begin ] --START--
INFO: ReadHtmlCache Behavior ::run [ RunTime:0.003000s ]
INFO: [ app_begin ] --END-- [ RunTime:0.003000s ]
NOTIC: [8] Undefined index: expire D:\phpstudy\WWW\dcyd\ThinkPHP\Common\functions.php 第 549 行.
NOTIC: [2048] Declaration of XxdkAction::show() should be compatible with that of Action::show() D:\phpstudy\WWW\dcyd\Manage\Lib\Action\XxdkAction.class.php 第 184 行.
NOTIC: 建议使用I方法替代_post
SQL: SHOW COLUMNS FROM `dcyd_xxkc` [ RunTime:0.006000s ]
SQL: SELECT `id`,`title`,`keywords`,`laiyuan`,`describe`,`auth`,`content`,`img` FROM `dcyd_xxkc` WHERE ( id=16 ) LIMIT 1   [ RunTime:0.000000s ]

[ 2017-03-04T20:20:43+08:00 ] 127.0.0.1 /Manerger/index.php?m=Xxdk&a=xxdksave&id=16
INFO: [ app_begin ] --START--
INFO: ReadHtmlCache Behavior ::run [ RunTime:0.002000s ]
INFO: [ app_begin ] --END-- [ RunTime:0.004000s ]
NOTIC: [8] Undefined index: expire D:\phpstudy\WWW\dcyd\ThinkPHP\Common\functions.php 第 549 行.
NOTIC: [2048] Declaration of XxdkAction::show() should be compatible with that of Action::show() D:\phpstudy\WWW\dcyd\Manage\Lib\Action\XxdkAction.class.php 第 184 行.
SQL: SHOW COLUMNS FROM `dcyd_xxkc` [ RunTime:0.004001s ]
NOTIC: 建议使用I方法替代_post
NOTIC: 建议使用I方法替代_post
NOTIC: [2] getimagesize() expects parameter 1 to be string, array given D:\phpstudy\WWW\dcyd\Manage\Lib\Action\XxdkAction.class.php 第 117 行.
NOTIC: [8] Use of undefined constant uniqid - assumed 'uniqid' D:\phpstudy\WWW\dcyd\Manage\Lib\Action\XxdkAction.class.php 第 126 行.
NOTIC: [8] Use of undefined constant date - assumed 'date' D:\phpstudy\WWW\dcyd\Manage\Lib\Action\XxdkAction.class.php 第 129 行.
NOTIC: 建议使用I方法替代_post
NOTIC: 建议使用I方法替代_post
NOTIC: 建议使用I方法替代_post
NOTIC: 建议使用I方法替代_post
SQL: UPDATE `dcyd_xxkc` SET `title`='1112345',`keywords`='132ewqe',`laiyuan`='qweqw',`describe`='qweqwe',`auth`='qwewqe',`content`='&lt;p&gt;asdsafdsfdsfdsvgfdbvgfnhbfgnhgbnhgdfmjh,kjh,kjliukljkhgfghjghjgfjghfjgfh&lt;/p&gt;',`img`='/Public/upload/image/20170304/58bab11b404c9.JPG' WHERE ( id = 16 ) [ RunTime:0.000000s ]

[ 2017-03-04T20:20:43+08:00 ] 127.0.0.1 /Manerger/index.php?m=Xxdk&a=xxdklist
INFO: [ app_begin ] --START--
INFO: ReadHtmlCache Behavior ::run [ RunTime:0.002000s ]
INFO: [ app_begin ] --END-- [ RunTime:0.004000s ]
NOTIC: [8] Undefined index: expire D:\phpstudy\WWW\dcyd\ThinkPHP\Common\functions.php 第 549 行.
NOTIC: [2048] Declaration of XxdkAction::show() should be compatible with that of Action::show() D:\phpstudy\WWW\dcyd\Manage\Lib\Action\XxdkAction.class.php 第 184 行.
NOTIC: [8] Undefined index: id D:\phpstudy\WWW\dcyd\Manage\Lib\Action\XxdkAction.class.php 第 17 行.
NOTIC: [8] Undefined index: title D:\phpstudy\WWW\dcyd\Manage\Lib\Action\XxdkAction.class.php 第 18 行.
NOTIC: [8] Undefined index: content D:\phpstudy\WWW\dcyd\Manage\Lib\Action\XxdkAction.class.php 第 19 行.
NOTIC: [8] Undefined index: describe D:\phpstudy\WWW\dcyd\Manage\Lib\Action\XxdkAction.class.php 第 20 行.
NOTIC: [8] Undefined index: keywords D:\phpstudy\WWW\dcyd\Manage\Lib\Action\XxdkAction.class.php 第 21 行.
NOTIC: [8] Undefined index: auth D:\phpstudy\WWW\dcyd\Manage\Lib\Action\XxdkAction.class.php 第 22 行.
NOTIC: [8] Undefined index: status D:\phpstudy\WWW\dcyd\Manage\Lib\Action\XxdkAction.class.php 第 23 行.
NOTIC: [8] Undefined index: lanmu D:\phpstudy\WWW\dcyd\Manage\Lib\Action\XxdkAction.class.php 第 24 行.
SQL: SHOW COLUMNS FROM `dcyd_xxkc` [ RunTime:0.008001s ]
NOTIC: [8] Undefined variable: map D:\phpstudy\WWW\dcyd\Manage\Lib\Action\XxdkAction.class.php 第 27 行.
SQL: SELECT `id`,`title`,`keywords`,`laiyuan`,`content`,`auth`,`describe`,`time`,`status`,`img` FROM `dcyd_xxkc` LIMIT 0,20   [ RunTime:0.001000s ]
NOTIC: [8] Undefined variable: map D:\phpstudy\WWW\dcyd\Manage\Lib\Action\XxdkAction.class.php 第 28 行.
SQL: SELECT COUNT(*) AS tp_count FROM `dcyd_xxkc` LIMIT 1   [ RunTime:0.000000s ]

[ 2017-03-04T20:20:44+08:00 ] 127.0.0.1 /Manerger/index.php/Xxdk/xxdkedit
INFO: [ route_check ] --START--
INFO: CheckRoute Behavior ::run [ RunTime:0.001000s ]
INFO: [ route_check ] --END-- [ RunTime:0.003000s ]
INFO: [ app_begin ] --START--
INFO: ReadHtmlCache Behavior ::run [ RunTime:0.002000s ]
INFO: [ app_begin ] --END-- [ RunTime:0.004000s ]
NOTIC: [8] Undefined index: expire D:\phpstudy\WWW\dcyd\ThinkPHP\Common\functions.php 第 549 行.
NOTIC: [2048] Declaration of XxdkAction::show() should be compatible with that of Action::show() D:\phpstudy\WWW\dcyd\Manage\Lib\Action\XxdkAction.class.php 第 184 行.
NOTIC: 建议使用I方法替代_post
SQL: SHOW COLUMNS FROM `dcyd_xxkc` [ RunTime:0.005001s ]
SQL: SELECT `id`,`title`,`keywords`,`laiyuan`,`describe`,`auth`,`content`,`img` FROM `dcyd_xxkc` WHERE ( id=17 ) LIMIT 1   [ RunTime:0.001000s ]

[ 2017-03-04T20:20:52+08:00 ] 127.0.0.1 /Manerger/index.php?m=Xxdk&a=xxdksave&id=17
INFO: [ app_begin ] --START--
INFO: ReadHtmlCache Behavior ::run [ RunTime:0.002000s ]
INFO: [ app_begin ] --END-- [ RunTime:0.003000s ]
NOTIC: [8] Undefined index: expire D:\phpstudy\WWW\dcyd\ThinkPHP\Common\functions.php 第 549 行.
NOTIC: [2048] Declaration of XxdkAction::show() should be compatible with that of Action::show() D:\phpstudy\WWW\dcyd\Manage\Lib\Action\XxdkAction.class.php 第 184 行.
SQL: SHOW COLUMNS FROM `dcyd_xxkc` [ RunTime:0.005000s ]
NOTIC: 建议使用I方法替代_post
NOTIC: 建议使用I方法替代_post
NOTIC: [2] getimagesize() expects parameter 1 to be string, array given D:\phpstudy\WWW\dcyd\Manage\Lib\Action\XxdkAction.class.php 第 117 行.
NOTIC: [8] Use of undefined constant uniqid - assumed 'uniqid' D:\phpstudy\WWW\dcyd\Manage\Lib\Action\XxdkAction.class.php 第 126 行.
NOTIC: [8] Use of undefined constant date - assumed 'date' D:\phpstudy\WWW\dcyd\Manage\Lib\Action\XxdkAction.class.php 第 129 行.
NOTIC: 建议使用I方法替代_post
NOTIC: 建议使用I方法替代_post
NOTIC: 建议使用I方法替代_post
NOTIC: 建议使用I方法替代_post
SQL: UPDATE `dcyd_xxkc` SET `title`='1112345',`keywords`='132ewqe',`laiyuan`='qweqw',`describe`='qweqwe',`auth`='qwewqe',`content`='&lt;p&gt;asdsafdsfdsfdsvgfdbvgfnhbfgnhgbnhgdfmjh,kjh,kjliukljkhgfghjghjgfjghfjgfh&lt;/p&gt;',`img`='/Public/upload/image/20170304/58bab124b2b07.JPG' WHERE ( id = 17 ) [ RunTime:0.000000s ]

[ 2017-03-04T20:20:52+08:00 ] 127.0.0.1 /Manerger/index.php?m=Xxdk&a=xxdklist
INFO: [ app_begin ] --START--
INFO: ReadHtmlCache Behavior ::run [ RunTime:0.003000s ]
INFO: [ app_begin ] --END-- [ RunTime:0.005000s ]
NOTIC: [8] Undefined index: expire D:\phpstudy\WWW\dcyd\ThinkPHP\Common\functions.php 第 549 行.
NOTIC: [2048] Declaration of XxdkAction::show() should be compatible with that of Action::show() D:\phpstudy\WWW\dcyd\Manage\Lib\Action\XxdkAction.class.php 第 184 行.
NOTIC: [8] Undefined index: id D:\phpstudy\WWW\dcyd\Manage\Lib\Action\XxdkAction.class.php 第 17 行.
NOTIC: [8] Undefined index: title D:\phpstudy\WWW\dcyd\Manage\Lib\Action\XxdkAction.class.php 第 18 行.
NOTIC: [8] Undefined index: content D:\phpstudy\WWW\dcyd\Manage\Lib\Action\XxdkAction.class.php 第 19 行.
NOTIC: [8] Undefined index: describe D:\phpstudy\WWW\dcyd\Manage\Lib\Action\XxdkAction.class.php 第 20 行.
NOTIC: [8] Undefined index: keywords D:\phpstudy\WWW\dcyd\Manage\Lib\Action\XxdkAction.class.php 第 21 行.
NOTIC: [8] Undefined index: auth D:\phpstudy\WWW\dcyd\Manage\Lib\Action\XxdkAction.class.php 第 22 行.
NOTIC: [8] Undefined index: status D:\phpstudy\WWW\dcyd\Manage\Lib\Action\XxdkAction.class.php 第 23 行.
NOTIC: [8] Undefined index: lanmu D:\phpstudy\WWW\dcyd\Manage\Lib\Action\XxdkAction.class.php 第 24 行.
SQL: SHOW COLUMNS FROM `dcyd_xxkc` [ RunTime:0.005001s ]
NOTIC: [8] Undefined variable: map D:\phpstudy\WWW\dcyd\Manage\Lib\Action\XxdkAction.class.php 第 27 行.
SQL: SELECT `id`,`title`,`keywords`,`laiyuan`,`content`,`auth`,`describe`,`time`,`status`,`img` FROM `dcyd_xxkc` LIMIT 0,20   [ RunTime:0.000000s ]
NOTIC: [8] Undefined variable: map D:\phpstudy\WWW\dcyd\Manage\Lib\Action\XxdkAction.class.php 第 28 行.
SQL: SELECT COUNT(*) AS tp_count FROM `dcyd_xxkc` LIMIT 1   [ RunTime:0.000000s ]

[ 2017-03-04T20:20:54+08:00 ] 127.0.0.1 /Manerger/index.php/Xxdk/xxdkedit
INFO: [ route_check ] --START--
INFO: CheckRoute Behavior ::run [ RunTime:0.002000s ]
INFO: [ route_check ] --END-- [ RunTime:0.003000s ]
INFO: [ app_begin ] --START--
INFO: ReadHtmlCache Behavior ::run [ RunTime:0.002000s ]
INFO: [ app_begin ] --END-- [ RunTime:0.003000s ]
NOTIC: [8] Undefined index: expire D:\phpstudy\WWW\dcyd\ThinkPHP\Common\functions.php 第 549 行.
NOTIC: [2048] Declaration of XxdkAction::show() should be compatible with that of Action::show() D:\phpstudy\WWW\dcyd\Manage\Lib\Action\XxdkAction.class.php 第 184 行.
NOTIC: 建议使用I方法替代_post
SQL: SHOW COLUMNS FROM `dcyd_xxkc` [ RunTime:0.005000s ]
SQL: SELECT `id`,`title`,`keywords`,`laiyuan`,`describe`,`auth`,`content`,`img` FROM `dcyd_xxkc` WHERE ( id=16 ) LIMIT 1   [ RunTime:0.001000s ]

[ 2017-03-04T20:21:02+08:00 ] 127.0.0.1 /Manerger/index.php?m=Xxdk&a=xxdksave&id=16
INFO: [ app_begin ] --START--
INFO: ReadHtmlCache Behavior ::run [ RunTime:0.002000s ]
INFO: [ app_begin ] --END-- [ RunTime:0.003000s ]
NOTIC: [8] Undefined index: expire D:\phpstudy\WWW\dcyd\ThinkPHP\Common\functions.php 第 549 行.
NOTIC: [2048] Declaration of XxdkAction::show() should be compatible with that of Action::show() D:\phpstudy\WWW\dcyd\Manage\Lib\Action\XxdkAction.class.php 第 184 行.
SQL: SHOW COLUMNS FROM `dcyd_xxkc` [ RunTime:0.007000s ]
NOTIC: 建议使用I方法替代_post
NOTIC: 建议使用I方法替代_post
NOTIC: [2] getimagesize() expects parameter 1 to be string, array given D:\phpstudy\WWW\dcyd\Manage\Lib\Action\XxdkAction.class.php 第 117 行.
NOTIC: [8] Use of undefined constant uniqid - assumed 'uniqid' D:\phpstudy\WWW\dcyd\Manage\Lib\Action\XxdkAction.class.php 第 126 行.
NOTIC: [8] Use of undefined constant date - assumed 'date' D:\phpstudy\WWW\dcyd\Manage\Lib\Action\XxdkAction.class.php 第 129 行.
NOTIC: 建议使用I方法替代_post
NOTIC: 建议使用I方法替代_post
NOTIC: 建议使用I方法替代_post
NOTIC: 建议使用I方法替代_post
SQL: UPDATE `dcyd_xxkc` SET `title`='1112345',`keywords`='132ewqe',`laiyuan`='qweqw',`describe`='qweqwe',`auth`='qwewqe',`content`='&lt;p&gt;asdsafdsfdsfdsvgfdbvgfnhbfgnhgbnhgdfmjh,kjh,kjliukljkhgfghjghjgfjghfjgfh&lt;/p&gt;',`img`='/Public/upload/image/20170304/58bab12ee2aee.JPG' WHERE ( id = 16 ) [ RunTime:0.000000s ]

[ 2017-03-04T20:21:03+08:00 ] 127.0.0.1 /Manerger/index.php?m=Xxdk&a=xxdklist
INFO: [ app_begin ] --START--
INFO: ReadHtmlCache Behavior ::run [ RunTime:0.002001s ]
INFO: [ app_begin ] --END-- [ RunTime:0.003001s ]
NOTIC: [8] Undefined index: expire D:\phpstudy\WWW\dcyd\ThinkPHP\Common\functions.php 第 549 行.
NOTIC: [2048] Declaration of XxdkAction::show() should be compatible with that of Action::show() D:\phpstudy\WWW\dcyd\Manage\Lib\Action\XxdkAction.class.php 第 184 行.
NOTIC: [8] Undefined index: id D:\phpstudy\WWW\dcyd\Manage\Lib\Action\XxdkAction.class.php 第 17 行.
NOTIC: [8] Undefined index: title D:\phpstudy\WWW\dcyd\Manage\Lib\Action\XxdkAction.class.php 第 18 行.
NOTIC: [8] Undefined index: content D:\phpstudy\WWW\dcyd\Manage\Lib\Action\XxdkAction.class.php 第 19 行.
NOTIC: [8] Undefined index: describe D:\phpstudy\WWW\dcyd\Manage\Lib\Action\XxdkAction.class.php 第 20 行.
NOTIC: [8] Undefined index: keywords D:\phpstudy\WWW\dcyd\Manage\Lib\Action\XxdkAction.class.php 第 21 行.
NOTIC: [8] Undefined index: auth D:\phpstudy\WWW\dcyd\Manage\Lib\Action\XxdkAction.class.php 第 22 行.
NOTIC: [8] Undefined index: status D:\phpstudy\WWW\dcyd\Manage\Lib\Action\XxdkAction.class.php 第 23 行.
NOTIC: [8] Undefined index: lanmu D:\phpstudy\WWW\dcyd\Manage\Lib\Action\XxdkAction.class.php 第 24 行.
SQL: SHOW COLUMNS FROM `dcyd_xxkc` [ RunTime:0.005000s ]
NOTIC: [8] Undefined variable: map D:\phpstudy\WWW\dcyd\Manage\Lib\Action\XxdkAction.class.php 第 27 行.
SQL: SELECT `id`,`title`,`keywords`,`laiyuan`,`content`,`auth`,`describe`,`time`,`status`,`img` FROM `dcyd_xxkc` LIMIT 0,20   [ RunTime:0.001000s ]
NOTIC: [8] Undefined variable: map D:\phpstudy\WWW\dcyd\Manage\Lib\Action\XxdkAction.class.php 第 28 行.
SQL: SELECT COUNT(*) AS tp_count FROM `dcyd_xxkc` LIMIT 1   [ RunTime:0.000000s ]

[ 2017-03-04T20:23:08+08:00 ] 127.0.0.1 /Manerger/index.php/Xxdk/xxdkedit
INFO: [ route_check ] --START--
INFO: CheckRoute Behavior ::run [ RunTime:0.002000s ]
INFO: [ route_check ] --END-- [ RunTime:0.003000s ]
INFO: [ app_begin ] --START--
INFO: ReadHtmlCache Behavior ::run [ RunTime:0.002000s ]
INFO: [ app_begin ] --END-- [ RunTime:0.003000s ]
NOTIC: [8] Undefined index: expire D:\phpstudy\WWW\dcyd\ThinkPHP\Common\functions.php 第 549 行.
NOTIC: [2048] Declaration of XxdkAction::show() should be compatible with that of Action::show() D:\phpstudy\WWW\dcyd\Manage\Lib\Action\XxdkAction.class.php 第 184 行.
NOTIC: 建议使用I方法替代_post
SQL: SHOW COLUMNS FROM `dcyd_xxkc` [ RunTime:0.004000s ]
SQL: SELECT `id`,`title`,`keywords`,`laiyuan`,`describe`,`auth`,`content`,`img` FROM `dcyd_xxkc` WHERE ( id=15 ) LIMIT 1   [ RunTime:0.001000s ]

[ 2017-03-04T20:23:21+08:00 ] 127.0.0.1 /Manerger/index.php?m=Xxdk&a=xxdksave&id=15
INFO: [ app_begin ] --START--
INFO: ReadHtmlCache Behavior ::run [ RunTime:0.001000s ]
INFO: [ app_begin ] --END-- [ RunTime:0.003001s ]
NOTIC: [8] Undefined index: expire D:\phpstudy\WWW\dcyd\ThinkPHP\Common\functions.php 第 549 行.
NOTIC: [2048] Declaration of XxdkAction::show() should be compatible with that of Action::show() D:\phpstudy\WWW\dcyd\Manage\Lib\Action\XxdkAction.class.php 第 184 行.
SQL: SHOW COLUMNS FROM `dcyd_xxkc` [ RunTime:0.004000s ]
NOTIC: 建议使用I方法替代_post
NOTIC: 建议使用I方法替代_post
NOTIC: [2] getimagesize() expects parameter 1 to be string, array given D:\phpstudy\WWW\dcyd\Manage\Lib\Action\XxdkAction.class.php 第 117 行.
NOTIC: [8] Use of undefined constant uniqid - assumed 'uniqid' D:\phpstudy\WWW\dcyd\Manage\Lib\Action\XxdkAction.class.php 第 126 行.
NOTIC: [8] Use of undefined constant date - assumed 'date' D:\phpstudy\WWW\dcyd\Manage\Lib\Action\XxdkAction.class.php 第 129 行.
NOTIC: 建议使用I方法替代_post
NOTIC: 建议使用I方法替代_post
NOTIC: 建议使用I方法替代_post
NOTIC: 建议使用I方法替代_post
SQL: UPDATE `dcyd_xxkc` SET `title`='1112345',`keywords`='132ewqe',`laiyuan`='qweqw',`describe`='qweqwe',`auth`='qwewqe',`content`='&lt;p&gt;asdsafdsfdsfdsvgfdbvgfnhbfgnhgbnhgdfmjh,kjh,kjliukljkhgfghjghjgfjghfjgfh&lt;/p&gt;',`img`='/Public/upload/image/20170304/58bab1b935cf4.png' WHERE ( id = 15 ) [ RunTime:0.000000s ]

[ 2017-03-04T20:23:21+08:00 ] 127.0.0.1 /Manerger/index.php?m=Xxdk&a=xxdklist
INFO: [ app_begin ] --START--
INFO: ReadHtmlCache Behavior ::run [ RunTime:0.003000s ]
INFO: [ app_begin ] --END-- [ RunTime:0.003000s ]
NOTIC: [8] Undefined index: expire D:\phpstudy\WWW\dcyd\ThinkPHP\Common\functions.php 第 549 行.
NOTIC: [2048] Declaration of XxdkAction::show() should be compatible with that of Action::show() D:\phpstudy\WWW\dcyd\Manage\Lib\Action\XxdkAction.class.php 第 184 行.
NOTIC: [8] Undefined index: id D:\phpstudy\WWW\dcyd\Manage\Lib\Action\XxdkAction.class.php 第 17 行.
NOTIC: [8] Undefined index: title D:\phpstudy\WWW\dcyd\Manage\Lib\Action\XxdkAction.class.php 第 18 行.
NOTIC: [8] Undefined index: content D:\phpstudy\WWW\dcyd\Manage\Lib\Action\XxdkAction.class.php 第 19 行.
NOTIC: [8] Undefined index: describe D:\phpstudy\WWW\dcyd\Manage\Lib\Action\XxdkAction.class.php 第 20 行.
NOTIC: [8] Undefined index: keywords D:\phpstudy\WWW\dcyd\Manage\Lib\Action\XxdkAction.class.php 第 21 行.
NOTIC: [8] Undefined index: auth D:\phpstudy\WWW\dcyd\Manage\Lib\Action\XxdkAction.class.php 第 22 行.
NOTIC: [8] Undefined index: status D:\phpstudy\WWW\dcyd\Manage\Lib\Action\XxdkAction.class.php 第 23 行.
NOTIC: [8] Undefined index: lanmu D:\phpstudy\WWW\dcyd\Manage\Lib\Action\XxdkAction.class.php 第 24 行.
SQL: SHOW COLUMNS FROM `dcyd_xxkc` [ RunTime:0.005000s ]
NOTIC: [8] Undefined variable: map D:\phpstudy\WWW\dcyd\Manage\Lib\Action\XxdkAction.class.php 第 27 行.
SQL: SELECT `id`,`title`,`keywords`,`laiyuan`,`content`,`auth`,`describe`,`time`,`status`,`img` FROM `dcyd_xxkc` LIMIT 0,20   [ RunTime:0.001000s ]
NOTIC: [8] Undefined variable: map D:\phpstudy\WWW\dcyd\Manage\Lib\Action\XxdkAction.class.php 第 28 行.
SQL: SELECT COUNT(*) AS tp_count FROM `dcyd_xxkc` LIMIT 1   [ RunTime:0.001000s ]

[ 2017-03-04T20:23:22+08:00 ] 127.0.0.1 /Manerger/index.php/Xxdk/xxdkedit
INFO: [ route_check ] --START--
INFO: CheckRoute Behavior ::run [ RunTime:0.002001s ]
INFO: [ route_check ] --END-- [ RunTime:0.003001s ]
INFO: [ app_begin ] --START--
INFO: ReadHtmlCache Behavior ::run [ RunTime:0.001000s ]
INFO: [ app_begin ] --END-- [ RunTime:0.003000s ]
NOTIC: [8] Undefined index: expire D:\phpstudy\WWW\dcyd\ThinkPHP\Common\functions.php 第 549 行.
NOTIC: [2048] Declaration of XxdkAction::show() should be compatible with that of Action::show() D:\phpstudy\WWW\dcyd\Manage\Lib\Action\XxdkAction.class.php 第 184 行.
NOTIC: 建议使用I方法替代_post
SQL: SHOW COLUMNS FROM `dcyd_xxkc` [ RunTime:0.006001s ]
SQL: SELECT `id`,`title`,`keywords`,`laiyuan`,`describe`,`auth`,`content`,`img` FROM `dcyd_xxkc` WHERE ( id=16 ) LIMIT 1   [ RunTime:0.001000s ]

[ 2017-03-04T20:23:27+08:00 ] 127.0.0.1 /Manerger/index.php?m=Xxdk&a=xxdksave&id=16
INFO: [ app_begin ] --START--
INFO: ReadHtmlCache Behavior ::run [ RunTime:0.002000s ]
INFO: [ app_begin ] --END-- [ RunTime:0.003000s ]
NOTIC: [8] Undefined index: expire D:\phpstudy\WWW\dcyd\ThinkPHP\Common\functions.php 第 549 行.
NOTIC: [2048] Declaration of XxdkAction::show() should be compatible with that of Action::show() D:\phpstudy\WWW\dcyd\Manage\Lib\Action\XxdkAction.class.php 第 184 行.
SQL: SHOW COLUMNS FROM `dcyd_xxkc` [ RunTime:0.004000s ]
NOTIC: 建议使用I方法替代_post
NOTIC: 建议使用I方法替代_post
NOTIC: [2] getimagesize() expects parameter 1 to be string, array given D:\phpstudy\WWW\dcyd\Manage\Lib\Action\XxdkAction.class.php 第 117 行.
NOTIC: [8] Use of undefined constant uniqid - assumed 'uniqid' D:\phpstudy\WWW\dcyd\Manage\Lib\Action\XxdkAction.class.php 第 126 行.
NOTIC: [8] Use of undefined constant date - assumed 'date' D:\phpstudy\WWW\dcyd\Manage\Lib\Action\XxdkAction.class.php 第 129 行.
NOTIC: 建议使用I方法替代_post
NOTIC: 建议使用I方法替代_post
NOTIC: 建议使用I方法替代_post
NOTIC: 建议使用I方法替代_post
SQL: UPDATE `dcyd_xxkc` SET `title`='1112345',`keywords`='132ewqe',`laiyuan`='qweqw',`describe`='qweqwe',`auth`='qwewqe',`content`='&lt;p&gt;asdsafdsfdsfdsvgfdbvgfnhbfgnhgbnhgdfmjh,kjh,kjliukljkhgfghjghjgfjghfjgfh&lt;/p&gt;',`img`='/Public/upload/image/20170304/58bab1bfa76cd.png' WHERE ( id = 16 ) [ RunTime:0.001000s ]

[ 2017-03-04T20:23:27+08:00 ] 127.0.0.1 /Manerger/index.php?m=Xxdk&a=xxdklist
INFO: [ app_begin ] --START--
INFO: ReadHtmlCache Behavior ::run [ RunTime:0.003000s ]
INFO: [ app_begin ] --END-- [ RunTime:0.004000s ]
NOTIC: [8] Undefined index: expire D:\phpstudy\WWW\dcyd\ThinkPHP\Common\functions.php 第 549 行.
NOTIC: [2048] Declaration of XxdkAction::show() should be compatible with that of Action::show() D:\phpstudy\WWW\dcyd\Manage\Lib\Action\XxdkAction.class.php 第 184 行.
NOTIC: [8] Undefined index: id D:\phpstudy\WWW\dcyd\Manage\Lib\Action\XxdkAction.class.php 第 17 行.
NOTIC: [8] Undefined index: title D:\phpstudy\WWW\dcyd\Manage\Lib\Action\XxdkAction.class.php 第 18 行.
NOTIC: [8] Undefined index: content D:\phpstudy\WWW\dcyd\Manage\Lib\Action\XxdkAction.class.php 第 19 行.
NOTIC: [8] Undefined index: describe D:\phpstudy\WWW\dcyd\Manage\Lib\Action\XxdkAction.class.php 第 20 行.
NOTIC: [8] Undefined index: keywords D:\phpstudy\WWW\dcyd\Manage\Lib\Action\XxdkAction.class.php 第 21 行.
NOTIC: [8] Undefined index: auth D:\phpstudy\WWW\dcyd\Manage\Lib\Action\XxdkAction.class.php 第 22 行.
NOTIC: [8] Undefined index: status D:\phpstudy\WWW\dcyd\Manage\Lib\Action\XxdkAction.class.php 第 23 行.
NOTIC: [8] Undefined index: lanmu D:\phpstudy\WWW\dcyd\Manage\Lib\Action\XxdkAction.class.php 第 24 行.
SQL: SHOW COLUMNS FROM `dcyd_xxkc` [ RunTime:0.005000s ]
NOTIC: [8] Undefined variable: map D:\phpstudy\WWW\dcyd\Manage\Lib\Action\XxdkAction.class.php 第 27 行.
SQL: SELECT `id`,`title`,`keywords`,`laiyuan`,`content`,`auth`,`describe`,`time`,`status`,`img` FROM `dcyd_xxkc` LIMIT 0,20   [ RunTime:0.000000s ]
NOTIC: [8] Undefined variable: map D:\phpstudy\WWW\dcyd\Manage\Lib\Action\XxdkAction.class.php 第 28 行.
SQL: SELECT COUNT(*) AS tp_count FROM `dcyd_xxkc` LIMIT 1   [ RunTime:0.001000s ]

[ 2017-03-04T20:23:28+08:00 ] 127.0.0.1 /Manerger/index.php/Xxdk/xxdkedit
INFO: [ route_check ] --START--
INFO: CheckRoute Behavior ::run [ RunTime:0.002000s ]
INFO: [ route_check ] --END-- [ RunTime:0.004000s ]
INFO: [ app_begin ] --START--
INFO: ReadHtmlCache Behavior ::run [ RunTime:0.002000s ]
INFO: [ app_begin ] --END-- [ RunTime:0.003000s ]
NOTIC: [8] Undefined index: expire D:\phpstudy\WWW\dcyd\ThinkPHP\Common\functions.php 第 549 行.
NOTIC: [2048] Declaration of XxdkAction::show() should be compatible with that of Action::show() D:\phpstudy\WWW\dcyd\Manage\Lib\Action\XxdkAction.class.php 第 184 行.
NOTIC: 建议使用I方法替代_post
SQL: SHOW COLUMNS FROM `dcyd_xxkc` [ RunTime:0.005000s ]
SQL: SELECT `id`,`title`,`keywords`,`laiyuan`,`describe`,`auth`,`content`,`img` FROM `dcyd_xxkc` WHERE ( id=17 ) LIMIT 1   [ RunTime:0.001000s ]

[ 2017-03-04T20:23:34+08:00 ] 127.0.0.1 /Manerger/index.php?m=Xxdk&a=xxdksave&id=17
INFO: [ app_begin ] --START--
INFO: ReadHtmlCache Behavior ::run [ RunTime:0.002000s ]
INFO: [ app_begin ] --END-- [ RunTime:0.003000s ]
NOTIC: [8] Undefined index: expire D:\phpstudy\WWW\dcyd\ThinkPHP\Common\functions.php 第 549 行.
NOTIC: [2048] Declaration of XxdkAction::show() should be compatible with that of Action::show() D:\phpstudy\WWW\dcyd\Manage\Lib\Action\XxdkAction.class.php 第 184 行.
SQL: SHOW COLUMNS FROM `dcyd_xxkc` [ RunTime:0.006001s ]
NOTIC: 建议使用I方法替代_post
NOTIC: 建议使用I方法替代_post
NOTIC: [2] getimagesize() expects parameter 1 to be string, array given D:\phpstudy\WWW\dcyd\Manage\Lib\Action\XxdkAction.class.php 第 117 行.
NOTIC: [8] Use of undefined constant uniqid - assumed 'uniqid' D:\phpstudy\WWW\dcyd\Manage\Lib\Action\XxdkAction.class.php 第 126 行.
NOTIC: [8] Use of undefined constant date - assumed 'date' D:\phpstudy\WWW\dcyd\Manage\Lib\Action\XxdkAction.class.php 第 129 行.
NOTIC: 建议使用I方法替代_post
NOTIC: 建议使用I方法替代_post
NOTIC: 建议使用I方法替代_post
NOTIC: 建议使用I方法替代_post
SQL: UPDATE `dcyd_xxkc` SET `title`='1112345',`keywords`='132ewqe',`laiyuan`='qweqw',`describe`='qweqwe',`auth`='qwewqe',`content`='&lt;p&gt;asdsafdsfdsfdsvgfdbvgfnhbfgnhgbnhgdfmjh,kjh,kjliukljkhgfghjghjgfjghfjgfh&lt;/p&gt;',`img`='/Public/upload/image/20170304/58bab1c6530ba.png' WHERE ( id = 17 ) [ RunTime:0.001000s ]

[ 2017-03-04T20:23:34+08:00 ] 127.0.0.1 /Manerger/index.php?m=Xxdk&a=xxdklist
INFO: [ app_begin ] --START--
INFO: ReadHtmlCache Behavior ::run [ RunTime:0.002000s ]
INFO: [ app_begin ] --END-- [ RunTime:0.003000s ]
NOTIC: [8] Undefined index: expire D:\phpstudy\WWW\dcyd\ThinkPHP\Common\functions.php 第 549 行.
NOTIC: [2048] Declaration of XxdkAction::show() should be compatible with that of Action::show() D:\phpstudy\WWW\dcyd\Manage\Lib\Action\XxdkAction.class.php 第 184 行.
NOTIC: [8] Undefined index: id D:\phpstudy\WWW\dcyd\Manage\Lib\Action\XxdkAction.class.php 第 17 行.
NOTIC: [8] Undefined index: title D:\phpstudy\WWW\dcyd\Manage\Lib\Action\XxdkAction.class.php 第 18 行.
NOTIC: [8] Undefined index: content D:\phpstudy\WWW\dcyd\Manage\Lib\Action\XxdkAction.class.php 第 19 行.
NOTIC: [8] Undefined index: describe D:\phpstudy\WWW\dcyd\Manage\Lib\Action\XxdkAction.class.php 第 20 行.
NOTIC: [8] Undefined index: keywords D:\phpstudy\WWW\dcyd\Manage\Lib\Action\XxdkAction.class.php 第 21 行.
NOTIC: [8] Undefined index: auth D:\phpstudy\WWW\dcyd\Manage\Lib\Action\XxdkAction.class.php 第 22 行.
NOTIC: [8] Undefined index: status D:\phpstudy\WWW\dcyd\Manage\Lib\Action\XxdkAction.class.php 第 23 行.
NOTIC: [8] Undefined index: lanmu D:\phpstudy\WWW\dcyd\Manage\Lib\Action\XxdkAction.class.php 第 24 行.
SQL: SHOW COLUMNS FROM `dcyd_xxkc` [ RunTime:0.008001s ]
NOTIC: [8] Undefined variable: map D:\phpstudy\WWW\dcyd\Manage\Lib\Action\XxdkAction.class.php 第 27 行.
SQL: SELECT `id`,`title`,`keywords`,`laiyuan`,`content`,`auth`,`describe`,`time`,`status`,`img` FROM `dcyd_xxkc` LIMIT 0,20   [ RunTime:0.001000s ]
NOTIC: [8] Undefined variable: map D:\phpstudy\WWW\dcyd\Manage\Lib\Action\XxdkAction.class.php 第 28 行.
SQL: SELECT COUNT(*) AS tp_count FROM `dcyd_xxkc` LIMIT 1   [ RunTime:0.000000s ]

